[2025-05-09 14:33:45,756] {processor.py:153} INFO - Started process (PID=61378) to work on /home/pedro/Documentos/airflow/venv/lib/python3.9/site-packages/airflow/example_dags/subdags/subdag.py
[2025-05-09 14:33:45,756] {processor.py:641} INFO - Processing file /home/pedro/Documentos/airflow/venv/lib/python3.9/site-packages/airflow/example_dags/subdags/subdag.py for tasks to queue
[2025-05-09 14:33:45,757] {logging_mixin.py:115} INFO - [2025-05-09 14:33:45,756] {dagbag.py:507} INFO - Filling up the DagBag from /home/pedro/Documentos/airflow/venv/lib/python3.9/site-packages/airflow/example_dags/subdags/subdag.py
[2025-05-09 14:33:45,757] {processor.py:653} WARNING - No viable dags retrieved from /home/pedro/Documentos/airflow/venv/lib/python3.9/site-packages/airflow/example_dags/subdags/subdag.py
[2025-05-09 14:33:45,765] {processor.py:161} INFO - Processing /home/pedro/Documentos/airflow/venv/lib/python3.9/site-packages/airflow/example_dags/subdags/subdag.py took 0.012 seconds
[2025-05-09 14:34:20,639] {processor.py:153} INFO - Started process (PID=62059) to work on /home/pedro/Documentos/airflow/venv/lib/python3.9/site-packages/airflow/example_dags/subdags/subdag.py
[2025-05-09 14:34:20,651] {processor.py:641} INFO - Processing file /home/pedro/Documentos/airflow/venv/lib/python3.9/site-packages/airflow/example_dags/subdags/subdag.py for tasks to queue
[2025-05-09 14:34:20,651] {logging_mixin.py:115} INFO - [2025-05-09 14:34:20,651] {dagbag.py:507} INFO - Filling up the DagBag from /home/pedro/Documentos/airflow/venv/lib/python3.9/site-packages/airflow/example_dags/subdags/subdag.py
[2025-05-09 14:34:20,652] {processor.py:653} WARNING - No viable dags retrieved from /home/pedro/Documentos/airflow/venv/lib/python3.9/site-packages/airflow/example_dags/subdags/subdag.py
[2025-05-09 14:34:20,661] {processor.py:161} INFO - Processing /home/pedro/Documentos/airflow/venv/lib/python3.9/site-packages/airflow/example_dags/subdags/subdag.py took 0.024 seconds
[2025-05-09 14:34:55,375] {processor.py:153} INFO - Started process (PID=62495) to work on /home/pedro/Documentos/airflow/venv/lib/python3.9/site-packages/airflow/example_dags/subdags/subdag.py
[2025-05-09 14:34:55,387] {processor.py:641} INFO - Processing file /home/pedro/Documentos/airflow/venv/lib/python3.9/site-packages/airflow/example_dags/subdags/subdag.py for tasks to queue
[2025-05-09 14:34:55,388] {logging_mixin.py:115} INFO - [2025-05-09 14:34:55,387] {dagbag.py:507} INFO - Filling up the DagBag from /home/pedro/Documentos/airflow/venv/lib/python3.9/site-packages/airflow/example_dags/subdags/subdag.py
[2025-05-09 14:34:55,389] {processor.py:653} WARNING - No viable dags retrieved from /home/pedro/Documentos/airflow/venv/lib/python3.9/site-packages/airflow/example_dags/subdags/subdag.py
[2025-05-09 14:34:55,397] {processor.py:161} INFO - Processing /home/pedro/Documentos/airflow/venv/lib/python3.9/site-packages/airflow/example_dags/subdags/subdag.py took 0.024 seconds
[2025-05-09 14:35:26,397] {processor.py:153} INFO - Started process (PID=62821) to work on /home/pedro/Documentos/airflow/venv/lib/python3.9/site-packages/airflow/example_dags/subdags/subdag.py
[2025-05-09 14:35:26,410] {processor.py:641} INFO - Processing file /home/pedro/Documentos/airflow/venv/lib/python3.9/site-packages/airflow/example_dags/subdags/subdag.py for tasks to queue
[2025-05-09 14:35:26,410] {logging_mixin.py:115} INFO - [2025-05-09 14:35:26,410] {dagbag.py:507} INFO - Filling up the DagBag from /home/pedro/Documentos/airflow/venv/lib/python3.9/site-packages/airflow/example_dags/subdags/subdag.py
[2025-05-09 14:35:26,411] {processor.py:653} WARNING - No viable dags retrieved from /home/pedro/Documentos/airflow/venv/lib/python3.9/site-packages/airflow/example_dags/subdags/subdag.py
[2025-05-09 14:35:26,419] {processor.py:161} INFO - Processing /home/pedro/Documentos/airflow/venv/lib/python3.9/site-packages/airflow/example_dags/subdags/subdag.py took 0.024 seconds
[2025-05-09 14:35:59,398] {processor.py:153} INFO - Started process (PID=63211) to work on /home/pedro/Documentos/airflow/venv/lib/python3.9/site-packages/airflow/example_dags/subdags/subdag.py
[2025-05-09 14:35:59,410] {processor.py:641} INFO - Processing file /home/pedro/Documentos/airflow/venv/lib/python3.9/site-packages/airflow/example_dags/subdags/subdag.py for tasks to queue
[2025-05-09 14:35:59,411] {logging_mixin.py:115} INFO - [2025-05-09 14:35:59,411] {dagbag.py:507} INFO - Filling up the DagBag from /home/pedro/Documentos/airflow/venv/lib/python3.9/site-packages/airflow/example_dags/subdags/subdag.py
[2025-05-09 14:35:59,412] {processor.py:653} WARNING - No viable dags retrieved from /home/pedro/Documentos/airflow/venv/lib/python3.9/site-packages/airflow/example_dags/subdags/subdag.py
[2025-05-09 14:35:59,421] {processor.py:161} INFO - Processing /home/pedro/Documentos/airflow/venv/lib/python3.9/site-packages/airflow/example_dags/subdags/subdag.py took 0.024 seconds
[2025-05-09 14:36:30,799] {processor.py:153} INFO - Started process (PID=63412) to work on /home/pedro/Documentos/airflow/venv/lib/python3.9/site-packages/airflow/example_dags/subdags/subdag.py
[2025-05-09 14:36:30,799] {processor.py:641} INFO - Processing file /home/pedro/Documentos/airflow/venv/lib/python3.9/site-packages/airflow/example_dags/subdags/subdag.py for tasks to queue
[2025-05-09 14:36:30,800] {logging_mixin.py:115} INFO - [2025-05-09 14:36:30,799] {dagbag.py:507} INFO - Filling up the DagBag from /home/pedro/Documentos/airflow/venv/lib/python3.9/site-packages/airflow/example_dags/subdags/subdag.py
[2025-05-09 14:36:30,801] {processor.py:653} WARNING - No viable dags retrieved from /home/pedro/Documentos/airflow/venv/lib/python3.9/site-packages/airflow/example_dags/subdags/subdag.py
[2025-05-09 14:36:30,808] {processor.py:161} INFO - Processing /home/pedro/Documentos/airflow/venv/lib/python3.9/site-packages/airflow/example_dags/subdags/subdag.py took 0.012 seconds
[2025-05-09 14:37:03,331] {processor.py:153} INFO - Started process (PID=63802) to work on /home/pedro/Documentos/airflow/venv/lib/python3.9/site-packages/airflow/example_dags/subdags/subdag.py
[2025-05-09 14:37:03,345] {processor.py:641} INFO - Processing file /home/pedro/Documentos/airflow/venv/lib/python3.9/site-packages/airflow/example_dags/subdags/subdag.py for tasks to queue
[2025-05-09 14:37:03,345] {logging_mixin.py:115} INFO - [2025-05-09 14:37:03,345] {dagbag.py:507} INFO - Filling up the DagBag from /home/pedro/Documentos/airflow/venv/lib/python3.9/site-packages/airflow/example_dags/subdags/subdag.py
[2025-05-09 14:37:03,346] {processor.py:653} WARNING - No viable dags retrieved from /home/pedro/Documentos/airflow/venv/lib/python3.9/site-packages/airflow/example_dags/subdags/subdag.py
[2025-05-09 14:37:03,355] {processor.py:161} INFO - Processing /home/pedro/Documentos/airflow/venv/lib/python3.9/site-packages/airflow/example_dags/subdags/subdag.py took 0.026 seconds
[2025-05-09 14:37:37,448] {processor.py:153} INFO - Started process (PID=64162) to work on /home/pedro/Documentos/airflow/venv/lib/python3.9/site-packages/airflow/example_dags/subdags/subdag.py
[2025-05-09 14:37:37,461] {processor.py:641} INFO - Processing file /home/pedro/Documentos/airflow/venv/lib/python3.9/site-packages/airflow/example_dags/subdags/subdag.py for tasks to queue
[2025-05-09 14:37:37,461] {logging_mixin.py:115} INFO - [2025-05-09 14:37:37,461] {dagbag.py:507} INFO - Filling up the DagBag from /home/pedro/Documentos/airflow/venv/lib/python3.9/site-packages/airflow/example_dags/subdags/subdag.py
[2025-05-09 14:37:37,463] {processor.py:653} WARNING - No viable dags retrieved from /home/pedro/Documentos/airflow/venv/lib/python3.9/site-packages/airflow/example_dags/subdags/subdag.py
[2025-05-09 14:37:37,471] {processor.py:161} INFO - Processing /home/pedro/Documentos/airflow/venv/lib/python3.9/site-packages/airflow/example_dags/subdags/subdag.py took 0.025 seconds
[2025-05-09 14:38:08,293] {processor.py:153} INFO - Started process (PID=64660) to work on /home/pedro/Documentos/airflow/venv/lib/python3.9/site-packages/airflow/example_dags/subdags/subdag.py
[2025-05-09 14:38:08,306] {processor.py:641} INFO - Processing file /home/pedro/Documentos/airflow/venv/lib/python3.9/site-packages/airflow/example_dags/subdags/subdag.py for tasks to queue
[2025-05-09 14:38:08,307] {logging_mixin.py:115} INFO - [2025-05-09 14:38:08,307] {dagbag.py:507} INFO - Filling up the DagBag from /home/pedro/Documentos/airflow/venv/lib/python3.9/site-packages/airflow/example_dags/subdags/subdag.py
[2025-05-09 14:38:08,308] {processor.py:653} WARNING - No viable dags retrieved from /home/pedro/Documentos/airflow/venv/lib/python3.9/site-packages/airflow/example_dags/subdags/subdag.py
[2025-05-09 14:38:08,316] {processor.py:161} INFO - Processing /home/pedro/Documentos/airflow/venv/lib/python3.9/site-packages/airflow/example_dags/subdags/subdag.py took 0.025 seconds
[2025-05-09 14:38:42,620] {processor.py:153} INFO - Started process (PID=65003) to work on /home/pedro/Documentos/airflow/venv/lib/python3.9/site-packages/airflow/example_dags/subdags/subdag.py
[2025-05-09 14:38:42,633] {processor.py:641} INFO - Processing file /home/pedro/Documentos/airflow/venv/lib/python3.9/site-packages/airflow/example_dags/subdags/subdag.py for tasks to queue
[2025-05-09 14:38:42,633] {logging_mixin.py:115} INFO - [2025-05-09 14:38:42,633] {dagbag.py:507} INFO - Filling up the DagBag from /home/pedro/Documentos/airflow/venv/lib/python3.9/site-packages/airflow/example_dags/subdags/subdag.py
[2025-05-09 14:38:42,635] {processor.py:653} WARNING - No viable dags retrieved from /home/pedro/Documentos/airflow/venv/lib/python3.9/site-packages/airflow/example_dags/subdags/subdag.py
[2025-05-09 14:38:42,643] {processor.py:161} INFO - Processing /home/pedro/Documentos/airflow/venv/lib/python3.9/site-packages/airflow/example_dags/subdags/subdag.py took 0.026 seconds
[2025-05-09 14:39:15,380] {processor.py:153} INFO - Started process (PID=65372) to work on /home/pedro/Documentos/airflow/venv/lib/python3.9/site-packages/airflow/example_dags/subdags/subdag.py
[2025-05-09 14:39:15,392] {processor.py:641} INFO - Processing file /home/pedro/Documentos/airflow/venv/lib/python3.9/site-packages/airflow/example_dags/subdags/subdag.py for tasks to queue
[2025-05-09 14:39:15,392] {logging_mixin.py:115} INFO - [2025-05-09 14:39:15,392] {dagbag.py:507} INFO - Filling up the DagBag from /home/pedro/Documentos/airflow/venv/lib/python3.9/site-packages/airflow/example_dags/subdags/subdag.py
[2025-05-09 14:39:15,393] {processor.py:653} WARNING - No viable dags retrieved from /home/pedro/Documentos/airflow/venv/lib/python3.9/site-packages/airflow/example_dags/subdags/subdag.py
[2025-05-09 14:39:15,401] {processor.py:161} INFO - Processing /home/pedro/Documentos/airflow/venv/lib/python3.9/site-packages/airflow/example_dags/subdags/subdag.py took 0.024 seconds
[2025-05-09 14:39:46,413] {processor.py:153} INFO - Started process (PID=65602) to work on /home/pedro/Documentos/airflow/venv/lib/python3.9/site-packages/airflow/example_dags/subdags/subdag.py
[2025-05-09 14:39:46,413] {processor.py:641} INFO - Processing file /home/pedro/Documentos/airflow/venv/lib/python3.9/site-packages/airflow/example_dags/subdags/subdag.py for tasks to queue
[2025-05-09 14:39:46,414] {logging_mixin.py:115} INFO - [2025-05-09 14:39:46,414] {dagbag.py:507} INFO - Filling up the DagBag from /home/pedro/Documentos/airflow/venv/lib/python3.9/site-packages/airflow/example_dags/subdags/subdag.py
[2025-05-09 14:39:46,415] {processor.py:653} WARNING - No viable dags retrieved from /home/pedro/Documentos/airflow/venv/lib/python3.9/site-packages/airflow/example_dags/subdags/subdag.py
[2025-05-09 14:39:46,423] {processor.py:161} INFO - Processing /home/pedro/Documentos/airflow/venv/lib/python3.9/site-packages/airflow/example_dags/subdags/subdag.py took 0.012 seconds
[2025-05-09 14:40:16,682] {processor.py:153} INFO - Started process (PID=65814) to work on /home/pedro/Documentos/airflow/venv/lib/python3.9/site-packages/airflow/example_dags/subdags/subdag.py
[2025-05-09 14:40:16,694] {processor.py:641} INFO - Processing file /home/pedro/Documentos/airflow/venv/lib/python3.9/site-packages/airflow/example_dags/subdags/subdag.py for tasks to queue
[2025-05-09 14:40:16,695] {logging_mixin.py:115} INFO - [2025-05-09 14:40:16,694] {dagbag.py:507} INFO - Filling up the DagBag from /home/pedro/Documentos/airflow/venv/lib/python3.9/site-packages/airflow/example_dags/subdags/subdag.py
[2025-05-09 14:40:16,696] {processor.py:653} WARNING - No viable dags retrieved from /home/pedro/Documentos/airflow/venv/lib/python3.9/site-packages/airflow/example_dags/subdags/subdag.py
[2025-05-09 14:40:16,704] {processor.py:161} INFO - Processing /home/pedro/Documentos/airflow/venv/lib/python3.9/site-packages/airflow/example_dags/subdags/subdag.py took 0.025 seconds
[2025-05-09 14:40:49,601] {processor.py:153} INFO - Started process (PID=66317) to work on /home/pedro/Documentos/airflow/venv/lib/python3.9/site-packages/airflow/example_dags/subdags/subdag.py
[2025-05-09 14:40:49,613] {processor.py:641} INFO - Processing file /home/pedro/Documentos/airflow/venv/lib/python3.9/site-packages/airflow/example_dags/subdags/subdag.py for tasks to queue
[2025-05-09 14:40:49,614] {logging_mixin.py:115} INFO - [2025-05-09 14:40:49,614] {dagbag.py:507} INFO - Filling up the DagBag from /home/pedro/Documentos/airflow/venv/lib/python3.9/site-packages/airflow/example_dags/subdags/subdag.py
[2025-05-09 14:40:49,615] {processor.py:653} WARNING - No viable dags retrieved from /home/pedro/Documentos/airflow/venv/lib/python3.9/site-packages/airflow/example_dags/subdags/subdag.py
[2025-05-09 14:40:49,623] {processor.py:161} INFO - Processing /home/pedro/Documentos/airflow/venv/lib/python3.9/site-packages/airflow/example_dags/subdags/subdag.py took 0.024 seconds
[2025-05-09 14:41:19,896] {processor.py:153} INFO - Started process (PID=66719) to work on /home/pedro/Documentos/airflow/venv/lib/python3.9/site-packages/airflow/example_dags/subdags/subdag.py
[2025-05-09 14:41:19,896] {processor.py:641} INFO - Processing file /home/pedro/Documentos/airflow/venv/lib/python3.9/site-packages/airflow/example_dags/subdags/subdag.py for tasks to queue
[2025-05-09 14:41:19,897] {logging_mixin.py:115} INFO - [2025-05-09 14:41:19,897] {dagbag.py:507} INFO - Filling up the DagBag from /home/pedro/Documentos/airflow/venv/lib/python3.9/site-packages/airflow/example_dags/subdags/subdag.py
[2025-05-09 14:41:19,898] {processor.py:653} WARNING - No viable dags retrieved from /home/pedro/Documentos/airflow/venv/lib/python3.9/site-packages/airflow/example_dags/subdags/subdag.py
[2025-05-09 14:41:19,907] {processor.py:161} INFO - Processing /home/pedro/Documentos/airflow/venv/lib/python3.9/site-packages/airflow/example_dags/subdags/subdag.py took 0.013 seconds
[2025-05-09 14:41:51,427] {processor.py:153} INFO - Started process (PID=66945) to work on /home/pedro/Documentos/airflow/venv/lib/python3.9/site-packages/airflow/example_dags/subdags/subdag.py
[2025-05-09 14:41:51,439] {processor.py:641} INFO - Processing file /home/pedro/Documentos/airflow/venv/lib/python3.9/site-packages/airflow/example_dags/subdags/subdag.py for tasks to queue
[2025-05-09 14:41:51,440] {logging_mixin.py:115} INFO - [2025-05-09 14:41:51,440] {dagbag.py:507} INFO - Filling up the DagBag from /home/pedro/Documentos/airflow/venv/lib/python3.9/site-packages/airflow/example_dags/subdags/subdag.py
[2025-05-09 14:41:51,441] {processor.py:653} WARNING - No viable dags retrieved from /home/pedro/Documentos/airflow/venv/lib/python3.9/site-packages/airflow/example_dags/subdags/subdag.py
[2025-05-09 14:41:51,449] {processor.py:161} INFO - Processing /home/pedro/Documentos/airflow/venv/lib/python3.9/site-packages/airflow/example_dags/subdags/subdag.py took 0.024 seconds
[2025-05-09 14:42:24,084] {processor.py:153} INFO - Started process (PID=67137) to work on /home/pedro/Documentos/airflow/venv/lib/python3.9/site-packages/airflow/example_dags/subdags/subdag.py
[2025-05-09 14:42:24,096] {processor.py:641} INFO - Processing file /home/pedro/Documentos/airflow/venv/lib/python3.9/site-packages/airflow/example_dags/subdags/subdag.py for tasks to queue
[2025-05-09 14:42:24,096] {logging_mixin.py:115} INFO - [2025-05-09 14:42:24,096] {dagbag.py:507} INFO - Filling up the DagBag from /home/pedro/Documentos/airflow/venv/lib/python3.9/site-packages/airflow/example_dags/subdags/subdag.py
[2025-05-09 14:42:24,097] {processor.py:653} WARNING - No viable dags retrieved from /home/pedro/Documentos/airflow/venv/lib/python3.9/site-packages/airflow/example_dags/subdags/subdag.py
[2025-05-09 14:42:24,106] {processor.py:161} INFO - Processing /home/pedro/Documentos/airflow/venv/lib/python3.9/site-packages/airflow/example_dags/subdags/subdag.py took 0.025 seconds
[2025-05-09 14:42:57,638] {processor.py:153} INFO - Started process (PID=67331) to work on /home/pedro/Documentos/airflow/venv/lib/python3.9/site-packages/airflow/example_dags/subdags/subdag.py
[2025-05-09 14:42:57,650] {processor.py:641} INFO - Processing file /home/pedro/Documentos/airflow/venv/lib/python3.9/site-packages/airflow/example_dags/subdags/subdag.py for tasks to queue
[2025-05-09 14:42:57,651] {logging_mixin.py:115} INFO - [2025-05-09 14:42:57,651] {dagbag.py:507} INFO - Filling up the DagBag from /home/pedro/Documentos/airflow/venv/lib/python3.9/site-packages/airflow/example_dags/subdags/subdag.py
[2025-05-09 14:42:57,652] {processor.py:653} WARNING - No viable dags retrieved from /home/pedro/Documentos/airflow/venv/lib/python3.9/site-packages/airflow/example_dags/subdags/subdag.py
[2025-05-09 14:42:57,659] {processor.py:161} INFO - Processing /home/pedro/Documentos/airflow/venv/lib/python3.9/site-packages/airflow/example_dags/subdags/subdag.py took 0.023 seconds
[2025-05-09 14:43:29,620] {processor.py:153} INFO - Started process (PID=67777) to work on /home/pedro/Documentos/airflow/venv/lib/python3.9/site-packages/airflow/example_dags/subdags/subdag.py
[2025-05-09 14:43:29,632] {processor.py:641} INFO - Processing file /home/pedro/Documentos/airflow/venv/lib/python3.9/site-packages/airflow/example_dags/subdags/subdag.py for tasks to queue
[2025-05-09 14:43:29,632] {logging_mixin.py:115} INFO - [2025-05-09 14:43:29,632] {dagbag.py:507} INFO - Filling up the DagBag from /home/pedro/Documentos/airflow/venv/lib/python3.9/site-packages/airflow/example_dags/subdags/subdag.py
[2025-05-09 14:43:29,633] {processor.py:653} WARNING - No viable dags retrieved from /home/pedro/Documentos/airflow/venv/lib/python3.9/site-packages/airflow/example_dags/subdags/subdag.py
[2025-05-09 14:43:29,642] {processor.py:161} INFO - Processing /home/pedro/Documentos/airflow/venv/lib/python3.9/site-packages/airflow/example_dags/subdags/subdag.py took 0.024 seconds
[2025-05-09 14:44:03,268] {processor.py:153} INFO - Started process (PID=68215) to work on /home/pedro/Documentos/airflow/venv/lib/python3.9/site-packages/airflow/example_dags/subdags/subdag.py
[2025-05-09 14:44:03,280] {processor.py:641} INFO - Processing file /home/pedro/Documentos/airflow/venv/lib/python3.9/site-packages/airflow/example_dags/subdags/subdag.py for tasks to queue
[2025-05-09 14:44:03,281] {logging_mixin.py:115} INFO - [2025-05-09 14:44:03,280] {dagbag.py:507} INFO - Filling up the DagBag from /home/pedro/Documentos/airflow/venv/lib/python3.9/site-packages/airflow/example_dags/subdags/subdag.py
[2025-05-09 14:44:03,282] {processor.py:653} WARNING - No viable dags retrieved from /home/pedro/Documentos/airflow/venv/lib/python3.9/site-packages/airflow/example_dags/subdags/subdag.py
[2025-05-09 14:44:03,290] {processor.py:161} INFO - Processing /home/pedro/Documentos/airflow/venv/lib/python3.9/site-packages/airflow/example_dags/subdags/subdag.py took 0.024 seconds
[2025-05-09 14:44:36,087] {processor.py:153} INFO - Started process (PID=68408) to work on /home/pedro/Documentos/airflow/venv/lib/python3.9/site-packages/airflow/example_dags/subdags/subdag.py
[2025-05-09 14:44:36,100] {processor.py:641} INFO - Processing file /home/pedro/Documentos/airflow/venv/lib/python3.9/site-packages/airflow/example_dags/subdags/subdag.py for tasks to queue
[2025-05-09 14:44:36,100] {logging_mixin.py:115} INFO - [2025-05-09 14:44:36,100] {dagbag.py:507} INFO - Filling up the DagBag from /home/pedro/Documentos/airflow/venv/lib/python3.9/site-packages/airflow/example_dags/subdags/subdag.py
[2025-05-09 14:44:36,101] {processor.py:653} WARNING - No viable dags retrieved from /home/pedro/Documentos/airflow/venv/lib/python3.9/site-packages/airflow/example_dags/subdags/subdag.py
[2025-05-09 14:44:36,109] {processor.py:161} INFO - Processing /home/pedro/Documentos/airflow/venv/lib/python3.9/site-packages/airflow/example_dags/subdags/subdag.py took 0.024 seconds
[2025-05-09 14:45:08,619] {processor.py:153} INFO - Started process (PID=68635) to work on /home/pedro/Documentos/airflow/venv/lib/python3.9/site-packages/airflow/example_dags/subdags/subdag.py
[2025-05-09 14:45:08,631] {processor.py:641} INFO - Processing file /home/pedro/Documentos/airflow/venv/lib/python3.9/site-packages/airflow/example_dags/subdags/subdag.py for tasks to queue
[2025-05-09 14:45:08,631] {logging_mixin.py:115} INFO - [2025-05-09 14:45:08,631] {dagbag.py:507} INFO - Filling up the DagBag from /home/pedro/Documentos/airflow/venv/lib/python3.9/site-packages/airflow/example_dags/subdags/subdag.py
[2025-05-09 14:45:08,633] {processor.py:653} WARNING - No viable dags retrieved from /home/pedro/Documentos/airflow/venv/lib/python3.9/site-packages/airflow/example_dags/subdags/subdag.py
[2025-05-09 14:45:08,641] {processor.py:161} INFO - Processing /home/pedro/Documentos/airflow/venv/lib/python3.9/site-packages/airflow/example_dags/subdags/subdag.py took 0.024 seconds
[2025-05-09 14:45:40,884] {processor.py:153} INFO - Started process (PID=68826) to work on /home/pedro/Documentos/airflow/venv/lib/python3.9/site-packages/airflow/example_dags/subdags/subdag.py
[2025-05-09 14:45:40,885] {processor.py:641} INFO - Processing file /home/pedro/Documentos/airflow/venv/lib/python3.9/site-packages/airflow/example_dags/subdags/subdag.py for tasks to queue
[2025-05-09 14:45:40,885] {logging_mixin.py:115} INFO - [2025-05-09 14:45:40,885] {dagbag.py:507} INFO - Filling up the DagBag from /home/pedro/Documentos/airflow/venv/lib/python3.9/site-packages/airflow/example_dags/subdags/subdag.py
[2025-05-09 14:45:40,886] {processor.py:653} WARNING - No viable dags retrieved from /home/pedro/Documentos/airflow/venv/lib/python3.9/site-packages/airflow/example_dags/subdags/subdag.py
[2025-05-09 14:45:40,894] {processor.py:161} INFO - Processing /home/pedro/Documentos/airflow/venv/lib/python3.9/site-packages/airflow/example_dags/subdags/subdag.py took 0.012 seconds
[2025-05-09 14:46:15,898] {processor.py:153} INFO - Started process (PID=69032) to work on /home/pedro/Documentos/airflow/venv/lib/python3.9/site-packages/airflow/example_dags/subdags/subdag.py
[2025-05-09 14:46:15,910] {processor.py:641} INFO - Processing file /home/pedro/Documentos/airflow/venv/lib/python3.9/site-packages/airflow/example_dags/subdags/subdag.py for tasks to queue
[2025-05-09 14:46:15,911] {logging_mixin.py:115} INFO - [2025-05-09 14:46:15,910] {dagbag.py:507} INFO - Filling up the DagBag from /home/pedro/Documentos/airflow/venv/lib/python3.9/site-packages/airflow/example_dags/subdags/subdag.py
[2025-05-09 14:46:15,912] {processor.py:653} WARNING - No viable dags retrieved from /home/pedro/Documentos/airflow/venv/lib/python3.9/site-packages/airflow/example_dags/subdags/subdag.py
[2025-05-09 14:46:15,920] {processor.py:161} INFO - Processing /home/pedro/Documentos/airflow/venv/lib/python3.9/site-packages/airflow/example_dags/subdags/subdag.py took 0.024 seconds
[2025-05-09 14:46:48,917] {processor.py:153} INFO - Started process (PID=69340) to work on /home/pedro/Documentos/airflow/venv/lib/python3.9/site-packages/airflow/example_dags/subdags/subdag.py
[2025-05-09 14:46:48,929] {processor.py:641} INFO - Processing file /home/pedro/Documentos/airflow/venv/lib/python3.9/site-packages/airflow/example_dags/subdags/subdag.py for tasks to queue
[2025-05-09 14:46:48,930] {logging_mixin.py:115} INFO - [2025-05-09 14:46:48,929] {dagbag.py:507} INFO - Filling up the DagBag from /home/pedro/Documentos/airflow/venv/lib/python3.9/site-packages/airflow/example_dags/subdags/subdag.py
[2025-05-09 14:46:48,931] {processor.py:653} WARNING - No viable dags retrieved from /home/pedro/Documentos/airflow/venv/lib/python3.9/site-packages/airflow/example_dags/subdags/subdag.py
[2025-05-09 14:46:48,939] {processor.py:161} INFO - Processing /home/pedro/Documentos/airflow/venv/lib/python3.9/site-packages/airflow/example_dags/subdags/subdag.py took 0.025 seconds
[2025-05-09 14:47:24,604] {processor.py:153} INFO - Started process (PID=69904) to work on /home/pedro/Documentos/airflow/venv/lib/python3.9/site-packages/airflow/example_dags/subdags/subdag.py
[2025-05-09 14:47:24,616] {processor.py:641} INFO - Processing file /home/pedro/Documentos/airflow/venv/lib/python3.9/site-packages/airflow/example_dags/subdags/subdag.py for tasks to queue
[2025-05-09 14:47:24,617] {logging_mixin.py:115} INFO - [2025-05-09 14:47:24,617] {dagbag.py:507} INFO - Filling up the DagBag from /home/pedro/Documentos/airflow/venv/lib/python3.9/site-packages/airflow/example_dags/subdags/subdag.py
[2025-05-09 14:47:24,617] {processor.py:653} WARNING - No viable dags retrieved from /home/pedro/Documentos/airflow/venv/lib/python3.9/site-packages/airflow/example_dags/subdags/subdag.py
[2025-05-09 14:47:24,625] {processor.py:161} INFO - Processing /home/pedro/Documentos/airflow/venv/lib/python3.9/site-packages/airflow/example_dags/subdags/subdag.py took 0.023 seconds
[2025-05-09 14:47:56,136] {processor.py:153} INFO - Started process (PID=70099) to work on /home/pedro/Documentos/airflow/venv/lib/python3.9/site-packages/airflow/example_dags/subdags/subdag.py
[2025-05-09 14:47:56,149] {processor.py:641} INFO - Processing file /home/pedro/Documentos/airflow/venv/lib/python3.9/site-packages/airflow/example_dags/subdags/subdag.py for tasks to queue
[2025-05-09 14:47:56,149] {logging_mixin.py:115} INFO - [2025-05-09 14:47:56,149] {dagbag.py:507} INFO - Filling up the DagBag from /home/pedro/Documentos/airflow/venv/lib/python3.9/site-packages/airflow/example_dags/subdags/subdag.py
[2025-05-09 14:47:56,150] {processor.py:653} WARNING - No viable dags retrieved from /home/pedro/Documentos/airflow/venv/lib/python3.9/site-packages/airflow/example_dags/subdags/subdag.py
[2025-05-09 14:47:56,159] {processor.py:161} INFO - Processing /home/pedro/Documentos/airflow/venv/lib/python3.9/site-packages/airflow/example_dags/subdags/subdag.py took 0.025 seconds
[2025-05-09 14:48:27,664] {processor.py:153} INFO - Started process (PID=70288) to work on /home/pedro/Documentos/airflow/venv/lib/python3.9/site-packages/airflow/example_dags/subdags/subdag.py
[2025-05-09 14:48:27,676] {processor.py:641} INFO - Processing file /home/pedro/Documentos/airflow/venv/lib/python3.9/site-packages/airflow/example_dags/subdags/subdag.py for tasks to queue
[2025-05-09 14:48:27,676] {logging_mixin.py:115} INFO - [2025-05-09 14:48:27,676] {dagbag.py:507} INFO - Filling up the DagBag from /home/pedro/Documentos/airflow/venv/lib/python3.9/site-packages/airflow/example_dags/subdags/subdag.py
[2025-05-09 14:48:27,678] {processor.py:653} WARNING - No viable dags retrieved from /home/pedro/Documentos/airflow/venv/lib/python3.9/site-packages/airflow/example_dags/subdags/subdag.py
[2025-05-09 14:48:27,686] {processor.py:161} INFO - Processing /home/pedro/Documentos/airflow/venv/lib/python3.9/site-packages/airflow/example_dags/subdags/subdag.py took 0.025 seconds
[2025-05-09 14:49:00,105] {processor.py:153} INFO - Started process (PID=70593) to work on /home/pedro/Documentos/airflow/venv/lib/python3.9/site-packages/airflow/example_dags/subdags/subdag.py
[2025-05-09 14:49:00,118] {processor.py:641} INFO - Processing file /home/pedro/Documentos/airflow/venv/lib/python3.9/site-packages/airflow/example_dags/subdags/subdag.py for tasks to queue
[2025-05-09 14:49:00,118] {logging_mixin.py:115} INFO - [2025-05-09 14:49:00,118] {dagbag.py:507} INFO - Filling up the DagBag from /home/pedro/Documentos/airflow/venv/lib/python3.9/site-packages/airflow/example_dags/subdags/subdag.py
[2025-05-09 14:49:00,119] {processor.py:653} WARNING - No viable dags retrieved from /home/pedro/Documentos/airflow/venv/lib/python3.9/site-packages/airflow/example_dags/subdags/subdag.py
[2025-05-09 14:49:00,128] {processor.py:161} INFO - Processing /home/pedro/Documentos/airflow/venv/lib/python3.9/site-packages/airflow/example_dags/subdags/subdag.py took 0.025 seconds
[2025-05-09 14:49:34,360] {processor.py:153} INFO - Started process (PID=70822) to work on /home/pedro/Documentos/airflow/venv/lib/python3.9/site-packages/airflow/example_dags/subdags/subdag.py
[2025-05-09 14:49:34,373] {processor.py:641} INFO - Processing file /home/pedro/Documentos/airflow/venv/lib/python3.9/site-packages/airflow/example_dags/subdags/subdag.py for tasks to queue
[2025-05-09 14:49:34,373] {logging_mixin.py:115} INFO - [2025-05-09 14:49:34,373] {dagbag.py:507} INFO - Filling up the DagBag from /home/pedro/Documentos/airflow/venv/lib/python3.9/site-packages/airflow/example_dags/subdags/subdag.py
[2025-05-09 14:49:34,374] {processor.py:653} WARNING - No viable dags retrieved from /home/pedro/Documentos/airflow/venv/lib/python3.9/site-packages/airflow/example_dags/subdags/subdag.py
[2025-05-09 14:49:34,382] {processor.py:161} INFO - Processing /home/pedro/Documentos/airflow/venv/lib/python3.9/site-packages/airflow/example_dags/subdags/subdag.py took 0.024 seconds
[2025-05-09 14:50:08,014] {processor.py:153} INFO - Started process (PID=71024) to work on /home/pedro/Documentos/airflow/venv/lib/python3.9/site-packages/airflow/example_dags/subdags/subdag.py
[2025-05-09 14:50:08,027] {processor.py:641} INFO - Processing file /home/pedro/Documentos/airflow/venv/lib/python3.9/site-packages/airflow/example_dags/subdags/subdag.py for tasks to queue
[2025-05-09 14:50:08,027] {logging_mixin.py:115} INFO - [2025-05-09 14:50:08,027] {dagbag.py:507} INFO - Filling up the DagBag from /home/pedro/Documentos/airflow/venv/lib/python3.9/site-packages/airflow/example_dags/subdags/subdag.py
[2025-05-09 14:50:08,028] {processor.py:653} WARNING - No viable dags retrieved from /home/pedro/Documentos/airflow/venv/lib/python3.9/site-packages/airflow/example_dags/subdags/subdag.py
[2025-05-09 14:50:08,037] {processor.py:161} INFO - Processing /home/pedro/Documentos/airflow/venv/lib/python3.9/site-packages/airflow/example_dags/subdags/subdag.py took 0.025 seconds
[2025-05-09 14:50:39,995] {processor.py:153} INFO - Started process (PID=71296) to work on /home/pedro/Documentos/airflow/venv/lib/python3.9/site-packages/airflow/example_dags/subdags/subdag.py
[2025-05-09 14:50:40,007] {processor.py:641} INFO - Processing file /home/pedro/Documentos/airflow/venv/lib/python3.9/site-packages/airflow/example_dags/subdags/subdag.py for tasks to queue
[2025-05-09 14:50:40,008] {logging_mixin.py:115} INFO - [2025-05-09 14:50:40,008] {dagbag.py:507} INFO - Filling up the DagBag from /home/pedro/Documentos/airflow/venv/lib/python3.9/site-packages/airflow/example_dags/subdags/subdag.py
[2025-05-09 14:50:40,009] {processor.py:653} WARNING - No viable dags retrieved from /home/pedro/Documentos/airflow/venv/lib/python3.9/site-packages/airflow/example_dags/subdags/subdag.py
[2025-05-09 14:50:40,017] {processor.py:161} INFO - Processing /home/pedro/Documentos/airflow/venv/lib/python3.9/site-packages/airflow/example_dags/subdags/subdag.py took 0.024 seconds
[2025-05-09 14:51:15,035] {processor.py:153} INFO - Started process (PID=71515) to work on /home/pedro/Documentos/airflow/venv/lib/python3.9/site-packages/airflow/example_dags/subdags/subdag.py
[2025-05-09 14:51:15,036] {processor.py:641} INFO - Processing file /home/pedro/Documentos/airflow/venv/lib/python3.9/site-packages/airflow/example_dags/subdags/subdag.py for tasks to queue
[2025-05-09 14:51:15,036] {logging_mixin.py:115} INFO - [2025-05-09 14:51:15,036] {dagbag.py:507} INFO - Filling up the DagBag from /home/pedro/Documentos/airflow/venv/lib/python3.9/site-packages/airflow/example_dags/subdags/subdag.py
[2025-05-09 14:51:15,037] {processor.py:653} WARNING - No viable dags retrieved from /home/pedro/Documentos/airflow/venv/lib/python3.9/site-packages/airflow/example_dags/subdags/subdag.py
[2025-05-09 14:51:15,046] {processor.py:161} INFO - Processing /home/pedro/Documentos/airflow/venv/lib/python3.9/site-packages/airflow/example_dags/subdags/subdag.py took 0.013 seconds
[2025-05-09 14:51:45,885] {processor.py:153} INFO - Started process (PID=71833) to work on /home/pedro/Documentos/airflow/venv/lib/python3.9/site-packages/airflow/example_dags/subdags/subdag.py
[2025-05-09 14:51:45,898] {processor.py:641} INFO - Processing file /home/pedro/Documentos/airflow/venv/lib/python3.9/site-packages/airflow/example_dags/subdags/subdag.py for tasks to queue
[2025-05-09 14:51:45,898] {logging_mixin.py:115} INFO - [2025-05-09 14:51:45,898] {dagbag.py:507} INFO - Filling up the DagBag from /home/pedro/Documentos/airflow/venv/lib/python3.9/site-packages/airflow/example_dags/subdags/subdag.py
[2025-05-09 14:51:45,899] {processor.py:653} WARNING - No viable dags retrieved from /home/pedro/Documentos/airflow/venv/lib/python3.9/site-packages/airflow/example_dags/subdags/subdag.py
[2025-05-09 14:51:45,907] {processor.py:161} INFO - Processing /home/pedro/Documentos/airflow/venv/lib/python3.9/site-packages/airflow/example_dags/subdags/subdag.py took 0.024 seconds
[2025-05-09 14:52:19,529] {processor.py:153} INFO - Started process (PID=72357) to work on /home/pedro/Documentos/airflow/venv/lib/python3.9/site-packages/airflow/example_dags/subdags/subdag.py
[2025-05-09 14:52:19,542] {processor.py:641} INFO - Processing file /home/pedro/Documentos/airflow/venv/lib/python3.9/site-packages/airflow/example_dags/subdags/subdag.py for tasks to queue
[2025-05-09 14:52:19,542] {logging_mixin.py:115} INFO - [2025-05-09 14:52:19,542] {dagbag.py:507} INFO - Filling up the DagBag from /home/pedro/Documentos/airflow/venv/lib/python3.9/site-packages/airflow/example_dags/subdags/subdag.py
[2025-05-09 14:52:19,543] {processor.py:653} WARNING - No viable dags retrieved from /home/pedro/Documentos/airflow/venv/lib/python3.9/site-packages/airflow/example_dags/subdags/subdag.py
[2025-05-09 14:52:19,552] {processor.py:161} INFO - Processing /home/pedro/Documentos/airflow/venv/lib/python3.9/site-packages/airflow/example_dags/subdags/subdag.py took 0.025 seconds
[2025-05-09 14:52:51,512] {processor.py:153} INFO - Started process (PID=72550) to work on /home/pedro/Documentos/airflow/venv/lib/python3.9/site-packages/airflow/example_dags/subdags/subdag.py
[2025-05-09 14:52:51,524] {processor.py:641} INFO - Processing file /home/pedro/Documentos/airflow/venv/lib/python3.9/site-packages/airflow/example_dags/subdags/subdag.py for tasks to queue
[2025-05-09 14:52:51,524] {logging_mixin.py:115} INFO - [2025-05-09 14:52:51,524] {dagbag.py:507} INFO - Filling up the DagBag from /home/pedro/Documentos/airflow/venv/lib/python3.9/site-packages/airflow/example_dags/subdags/subdag.py
[2025-05-09 14:52:51,526] {processor.py:653} WARNING - No viable dags retrieved from /home/pedro/Documentos/airflow/venv/lib/python3.9/site-packages/airflow/example_dags/subdags/subdag.py
[2025-05-09 14:52:51,534] {processor.py:161} INFO - Processing /home/pedro/Documentos/airflow/venv/lib/python3.9/site-packages/airflow/example_dags/subdags/subdag.py took 0.024 seconds
[2025-05-09 14:53:22,368] {processor.py:153} INFO - Started process (PID=72842) to work on /home/pedro/Documentos/airflow/venv/lib/python3.9/site-packages/airflow/example_dags/subdags/subdag.py
[2025-05-09 14:53:22,380] {processor.py:641} INFO - Processing file /home/pedro/Documentos/airflow/venv/lib/python3.9/site-packages/airflow/example_dags/subdags/subdag.py for tasks to queue
[2025-05-09 14:53:22,381] {logging_mixin.py:115} INFO - [2025-05-09 14:53:22,381] {dagbag.py:507} INFO - Filling up the DagBag from /home/pedro/Documentos/airflow/venv/lib/python3.9/site-packages/airflow/example_dags/subdags/subdag.py
[2025-05-09 14:53:22,382] {processor.py:653} WARNING - No viable dags retrieved from /home/pedro/Documentos/airflow/venv/lib/python3.9/site-packages/airflow/example_dags/subdags/subdag.py
[2025-05-09 14:53:22,390] {processor.py:161} INFO - Processing /home/pedro/Documentos/airflow/venv/lib/python3.9/site-packages/airflow/example_dags/subdags/subdag.py took 0.025 seconds
[2025-05-09 14:53:53,157] {processor.py:153} INFO - Started process (PID=74051) to work on /home/pedro/Documentos/airflow/venv/lib/python3.9/site-packages/airflow/example_dags/subdags/subdag.py
[2025-05-09 14:53:53,158] {processor.py:641} INFO - Processing file /home/pedro/Documentos/airflow/venv/lib/python3.9/site-packages/airflow/example_dags/subdags/subdag.py for tasks to queue
[2025-05-09 14:53:53,158] {logging_mixin.py:115} INFO - [2025-05-09 14:53:53,158] {dagbag.py:507} INFO - Filling up the DagBag from /home/pedro/Documentos/airflow/venv/lib/python3.9/site-packages/airflow/example_dags/subdags/subdag.py
[2025-05-09 14:53:53,159] {processor.py:653} WARNING - No viable dags retrieved from /home/pedro/Documentos/airflow/venv/lib/python3.9/site-packages/airflow/example_dags/subdags/subdag.py
[2025-05-09 14:53:53,168] {processor.py:161} INFO - Processing /home/pedro/Documentos/airflow/venv/lib/python3.9/site-packages/airflow/example_dags/subdags/subdag.py took 0.013 seconds
[2025-05-09 14:54:23,961] {processor.py:153} INFO - Started process (PID=74325) to work on /home/pedro/Documentos/airflow/venv/lib/python3.9/site-packages/airflow/example_dags/subdags/subdag.py
[2025-05-09 14:54:23,974] {processor.py:641} INFO - Processing file /home/pedro/Documentos/airflow/venv/lib/python3.9/site-packages/airflow/example_dags/subdags/subdag.py for tasks to queue
[2025-05-09 14:54:23,975] {logging_mixin.py:115} INFO - [2025-05-09 14:54:23,975] {dagbag.py:507} INFO - Filling up the DagBag from /home/pedro/Documentos/airflow/venv/lib/python3.9/site-packages/airflow/example_dags/subdags/subdag.py
[2025-05-09 14:54:23,976] {processor.py:653} WARNING - No viable dags retrieved from /home/pedro/Documentos/airflow/venv/lib/python3.9/site-packages/airflow/example_dags/subdags/subdag.py
[2025-05-09 14:54:23,984] {processor.py:161} INFO - Processing /home/pedro/Documentos/airflow/venv/lib/python3.9/site-packages/airflow/example_dags/subdags/subdag.py took 0.025 seconds
[2025-05-09 14:54:55,964] {processor.py:153} INFO - Started process (PID=74523) to work on /home/pedro/Documentos/airflow/venv/lib/python3.9/site-packages/airflow/example_dags/subdags/subdag.py
[2025-05-09 14:54:55,976] {processor.py:641} INFO - Processing file /home/pedro/Documentos/airflow/venv/lib/python3.9/site-packages/airflow/example_dags/subdags/subdag.py for tasks to queue
[2025-05-09 14:54:55,977] {logging_mixin.py:115} INFO - [2025-05-09 14:54:55,977] {dagbag.py:507} INFO - Filling up the DagBag from /home/pedro/Documentos/airflow/venv/lib/python3.9/site-packages/airflow/example_dags/subdags/subdag.py
[2025-05-09 14:54:55,978] {processor.py:653} WARNING - No viable dags retrieved from /home/pedro/Documentos/airflow/venv/lib/python3.9/site-packages/airflow/example_dags/subdags/subdag.py
[2025-05-09 14:54:55,986] {processor.py:161} INFO - Processing /home/pedro/Documentos/airflow/venv/lib/python3.9/site-packages/airflow/example_dags/subdags/subdag.py took 0.024 seconds
[2025-05-09 14:55:29,206] {processor.py:153} INFO - Started process (PID=74723) to work on /home/pedro/Documentos/airflow/venv/lib/python3.9/site-packages/airflow/example_dags/subdags/subdag.py
[2025-05-09 14:55:29,219] {processor.py:641} INFO - Processing file /home/pedro/Documentos/airflow/venv/lib/python3.9/site-packages/airflow/example_dags/subdags/subdag.py for tasks to queue
[2025-05-09 14:55:29,220] {logging_mixin.py:115} INFO - [2025-05-09 14:55:29,220] {dagbag.py:507} INFO - Filling up the DagBag from /home/pedro/Documentos/airflow/venv/lib/python3.9/site-packages/airflow/example_dags/subdags/subdag.py
[2025-05-09 14:55:29,221] {processor.py:653} WARNING - No viable dags retrieved from /home/pedro/Documentos/airflow/venv/lib/python3.9/site-packages/airflow/example_dags/subdags/subdag.py
[2025-05-09 14:55:29,229] {processor.py:161} INFO - Processing /home/pedro/Documentos/airflow/venv/lib/python3.9/site-packages/airflow/example_dags/subdags/subdag.py took 0.026 seconds
