[2025-05-09 14:33:44,621] {processor.py:153} INFO - Started process (PID=61362) to work on /home/pedro/Documentos/airflow/venv/lib/python3.9/site-packages/airflow/example_dags/plugins/workday.py
[2025-05-09 14:33:44,621] {processor.py:641} INFO - Processing file /home/pedro/Documentos/airflow/venv/lib/python3.9/site-packages/airflow/example_dags/plugins/workday.py for tasks to queue
[2025-05-09 14:33:44,622] {logging_mixin.py:115} INFO - [2025-05-09 14:33:44,622] {dagbag.py:507} INFO - Filling up the DagBag from /home/pedro/Documentos/airflow/venv/lib/python3.9/site-packages/airflow/example_dags/plugins/workday.py
[2025-05-09 14:33:44,623] {processor.py:653} WARNING - No viable dags retrieved from /home/pedro/Documentos/airflow/venv/lib/python3.9/site-packages/airflow/example_dags/plugins/workday.py
[2025-05-09 14:33:44,633] {processor.py:161} INFO - Processing /home/pedro/Documentos/airflow/venv/lib/python3.9/site-packages/airflow/example_dags/plugins/workday.py took 0.015 seconds
[2025-05-09 14:34:19,492] {processor.py:153} INFO - Started process (PID=62049) to work on /home/pedro/Documentos/airflow/venv/lib/python3.9/site-packages/airflow/example_dags/plugins/workday.py
[2025-05-09 14:34:19,504] {processor.py:641} INFO - Processing file /home/pedro/Documentos/airflow/venv/lib/python3.9/site-packages/airflow/example_dags/plugins/workday.py for tasks to queue
[2025-05-09 14:34:19,505] {logging_mixin.py:115} INFO - [2025-05-09 14:34:19,505] {dagbag.py:507} INFO - Filling up the DagBag from /home/pedro/Documentos/airflow/venv/lib/python3.9/site-packages/airflow/example_dags/plugins/workday.py
[2025-05-09 14:34:19,506] {processor.py:653} WARNING - No viable dags retrieved from /home/pedro/Documentos/airflow/venv/lib/python3.9/site-packages/airflow/example_dags/plugins/workday.py
[2025-05-09 14:34:19,514] {processor.py:161} INFO - Processing /home/pedro/Documentos/airflow/venv/lib/python3.9/site-packages/airflow/example_dags/plugins/workday.py took 0.024 seconds
[2025-05-09 14:34:54,244] {processor.py:153} INFO - Started process (PID=62486) to work on /home/pedro/Documentos/airflow/venv/lib/python3.9/site-packages/airflow/example_dags/plugins/workday.py
[2025-05-09 14:34:54,257] {processor.py:641} INFO - Processing file /home/pedro/Documentos/airflow/venv/lib/python3.9/site-packages/airflow/example_dags/plugins/workday.py for tasks to queue
[2025-05-09 14:34:54,257] {logging_mixin.py:115} INFO - [2025-05-09 14:34:54,257] {dagbag.py:507} INFO - Filling up the DagBag from /home/pedro/Documentos/airflow/venv/lib/python3.9/site-packages/airflow/example_dags/plugins/workday.py
[2025-05-09 14:34:54,258] {processor.py:653} WARNING - No viable dags retrieved from /home/pedro/Documentos/airflow/venv/lib/python3.9/site-packages/airflow/example_dags/plugins/workday.py
[2025-05-09 14:34:54,266] {processor.py:161} INFO - Processing /home/pedro/Documentos/airflow/venv/lib/python3.9/site-packages/airflow/example_dags/plugins/workday.py took 0.024 seconds
[2025-05-09 14:35:25,764] {processor.py:153} INFO - Started process (PID=62820) to work on /home/pedro/Documentos/airflow/venv/lib/python3.9/site-packages/airflow/example_dags/plugins/workday.py
[2025-05-09 14:35:25,776] {processor.py:641} INFO - Processing file /home/pedro/Documentos/airflow/venv/lib/python3.9/site-packages/airflow/example_dags/plugins/workday.py for tasks to queue
[2025-05-09 14:35:25,777] {logging_mixin.py:115} INFO - [2025-05-09 14:35:25,776] {dagbag.py:507} INFO - Filling up the DagBag from /home/pedro/Documentos/airflow/venv/lib/python3.9/site-packages/airflow/example_dags/plugins/workday.py
[2025-05-09 14:35:25,778] {processor.py:653} WARNING - No viable dags retrieved from /home/pedro/Documentos/airflow/venv/lib/python3.9/site-packages/airflow/example_dags/plugins/workday.py
[2025-05-09 14:35:25,786] {processor.py:161} INFO - Processing /home/pedro/Documentos/airflow/venv/lib/python3.9/site-packages/airflow/example_dags/plugins/workday.py took 0.024 seconds
[2025-05-09 14:35:58,375] {processor.py:153} INFO - Started process (PID=63210) to work on /home/pedro/Documentos/airflow/venv/lib/python3.9/site-packages/airflow/example_dags/plugins/workday.py
[2025-05-09 14:35:58,389] {processor.py:641} INFO - Processing file /home/pedro/Documentos/airflow/venv/lib/python3.9/site-packages/airflow/example_dags/plugins/workday.py for tasks to queue
[2025-05-09 14:35:58,390] {logging_mixin.py:115} INFO - [2025-05-09 14:35:58,389] {dagbag.py:507} INFO - Filling up the DagBag from /home/pedro/Documentos/airflow/venv/lib/python3.9/site-packages/airflow/example_dags/plugins/workday.py
[2025-05-09 14:35:58,391] {processor.py:653} WARNING - No viable dags retrieved from /home/pedro/Documentos/airflow/venv/lib/python3.9/site-packages/airflow/example_dags/plugins/workday.py
[2025-05-09 14:35:58,399] {processor.py:161} INFO - Processing /home/pedro/Documentos/airflow/venv/lib/python3.9/site-packages/airflow/example_dags/plugins/workday.py took 0.025 seconds
[2025-05-09 14:36:29,666] {processor.py:153} INFO - Started process (PID=63403) to work on /home/pedro/Documentos/airflow/venv/lib/python3.9/site-packages/airflow/example_dags/plugins/workday.py
[2025-05-09 14:36:29,679] {processor.py:641} INFO - Processing file /home/pedro/Documentos/airflow/venv/lib/python3.9/site-packages/airflow/example_dags/plugins/workday.py for tasks to queue
[2025-05-09 14:36:29,679] {logging_mixin.py:115} INFO - [2025-05-09 14:36:29,679] {dagbag.py:507} INFO - Filling up the DagBag from /home/pedro/Documentos/airflow/venv/lib/python3.9/site-packages/airflow/example_dags/plugins/workday.py
[2025-05-09 14:36:29,680] {processor.py:653} WARNING - No viable dags retrieved from /home/pedro/Documentos/airflow/venv/lib/python3.9/site-packages/airflow/example_dags/plugins/workday.py
[2025-05-09 14:36:29,690] {processor.py:161} INFO - Processing /home/pedro/Documentos/airflow/venv/lib/python3.9/site-packages/airflow/example_dags/plugins/workday.py took 0.026 seconds
[2025-05-09 14:37:02,204] {processor.py:153} INFO - Started process (PID=63794) to work on /home/pedro/Documentos/airflow/venv/lib/python3.9/site-packages/airflow/example_dags/plugins/workday.py
[2025-05-09 14:37:02,217] {processor.py:641} INFO - Processing file /home/pedro/Documentos/airflow/venv/lib/python3.9/site-packages/airflow/example_dags/plugins/workday.py for tasks to queue
[2025-05-09 14:37:02,217] {logging_mixin.py:115} INFO - [2025-05-09 14:37:02,217] {dagbag.py:507} INFO - Filling up the DagBag from /home/pedro/Documentos/airflow/venv/lib/python3.9/site-packages/airflow/example_dags/plugins/workday.py
[2025-05-09 14:37:02,219] {processor.py:653} WARNING - No viable dags retrieved from /home/pedro/Documentos/airflow/venv/lib/python3.9/site-packages/airflow/example_dags/plugins/workday.py
[2025-05-09 14:37:02,227] {processor.py:161} INFO - Processing /home/pedro/Documentos/airflow/venv/lib/python3.9/site-packages/airflow/example_dags/plugins/workday.py took 0.025 seconds
[2025-05-09 14:37:36,197] {processor.py:153} INFO - Started process (PID=64152) to work on /home/pedro/Documentos/airflow/venv/lib/python3.9/site-packages/airflow/example_dags/plugins/workday.py
[2025-05-09 14:37:36,308] {processor.py:641} INFO - Processing file /home/pedro/Documentos/airflow/venv/lib/python3.9/site-packages/airflow/example_dags/plugins/workday.py for tasks to queue
[2025-05-09 14:37:36,308] {logging_mixin.py:115} INFO - [2025-05-09 14:37:36,308] {dagbag.py:507} INFO - Filling up the DagBag from /home/pedro/Documentos/airflow/venv/lib/python3.9/site-packages/airflow/example_dags/plugins/workday.py
[2025-05-09 14:37:36,310] {processor.py:653} WARNING - No viable dags retrieved from /home/pedro/Documentos/airflow/venv/lib/python3.9/site-packages/airflow/example_dags/plugins/workday.py
[2025-05-09 14:37:36,319] {processor.py:161} INFO - Processing /home/pedro/Documentos/airflow/venv/lib/python3.9/site-packages/airflow/example_dags/plugins/workday.py took 0.123 seconds
[2025-05-09 14:38:06,710] {processor.py:153} INFO - Started process (PID=64649) to work on /home/pedro/Documentos/airflow/venv/lib/python3.9/site-packages/airflow/example_dags/plugins/workday.py
[2025-05-09 14:38:06,710] {processor.py:641} INFO - Processing file /home/pedro/Documentos/airflow/venv/lib/python3.9/site-packages/airflow/example_dags/plugins/workday.py for tasks to queue
[2025-05-09 14:38:06,711] {logging_mixin.py:115} INFO - [2025-05-09 14:38:06,711] {dagbag.py:507} INFO - Filling up the DagBag from /home/pedro/Documentos/airflow/venv/lib/python3.9/site-packages/airflow/example_dags/plugins/workday.py
[2025-05-09 14:38:06,712] {processor.py:653} WARNING - No viable dags retrieved from /home/pedro/Documentos/airflow/venv/lib/python3.9/site-packages/airflow/example_dags/plugins/workday.py
[2025-05-09 14:38:06,720] {processor.py:161} INFO - Processing /home/pedro/Documentos/airflow/venv/lib/python3.9/site-packages/airflow/example_dags/plugins/workday.py took 0.012 seconds
[2025-05-09 14:38:37,006] {processor.py:153} INFO - Started process (PID=64967) to work on /home/pedro/Documentos/airflow/venv/lib/python3.9/site-packages/airflow/example_dags/plugins/workday.py
[2025-05-09 14:38:37,007] {processor.py:641} INFO - Processing file /home/pedro/Documentos/airflow/venv/lib/python3.9/site-packages/airflow/example_dags/plugins/workday.py for tasks to queue
[2025-05-09 14:38:37,007] {logging_mixin.py:115} INFO - [2025-05-09 14:38:37,007] {dagbag.py:507} INFO - Filling up the DagBag from /home/pedro/Documentos/airflow/venv/lib/python3.9/site-packages/airflow/example_dags/plugins/workday.py
[2025-05-09 14:38:37,008] {processor.py:653} WARNING - No viable dags retrieved from /home/pedro/Documentos/airflow/venv/lib/python3.9/site-packages/airflow/example_dags/plugins/workday.py
[2025-05-09 14:38:37,017] {processor.py:161} INFO - Processing /home/pedro/Documentos/airflow/venv/lib/python3.9/site-packages/airflow/example_dags/plugins/workday.py took 0.013 seconds
[2025-05-09 14:39:08,336] {processor.py:153} INFO - Started process (PID=65281) to work on /home/pedro/Documentos/airflow/venv/lib/python3.9/site-packages/airflow/example_dags/plugins/workday.py
[2025-05-09 14:39:08,349] {processor.py:641} INFO - Processing file /home/pedro/Documentos/airflow/venv/lib/python3.9/site-packages/airflow/example_dags/plugins/workday.py for tasks to queue
[2025-05-09 14:39:08,349] {logging_mixin.py:115} INFO - [2025-05-09 14:39:08,349] {dagbag.py:507} INFO - Filling up the DagBag from /home/pedro/Documentos/airflow/venv/lib/python3.9/site-packages/airflow/example_dags/plugins/workday.py
[2025-05-09 14:39:08,350] {processor.py:653} WARNING - No viable dags retrieved from /home/pedro/Documentos/airflow/venv/lib/python3.9/site-packages/airflow/example_dags/plugins/workday.py
[2025-05-09 14:39:08,359] {processor.py:161} INFO - Processing /home/pedro/Documentos/airflow/venv/lib/python3.9/site-packages/airflow/example_dags/plugins/workday.py took 0.025 seconds
[2025-05-09 14:39:38,682] {processor.py:153} INFO - Started process (PID=65552) to work on /home/pedro/Documentos/airflow/venv/lib/python3.9/site-packages/airflow/example_dags/plugins/workday.py
[2025-05-09 14:39:38,695] {processor.py:641} INFO - Processing file /home/pedro/Documentos/airflow/venv/lib/python3.9/site-packages/airflow/example_dags/plugins/workday.py for tasks to queue
[2025-05-09 14:39:38,695] {logging_mixin.py:115} INFO - [2025-05-09 14:39:38,695] {dagbag.py:507} INFO - Filling up the DagBag from /home/pedro/Documentos/airflow/venv/lib/python3.9/site-packages/airflow/example_dags/plugins/workday.py
[2025-05-09 14:39:38,697] {processor.py:653} WARNING - No viable dags retrieved from /home/pedro/Documentos/airflow/venv/lib/python3.9/site-packages/airflow/example_dags/plugins/workday.py
[2025-05-09 14:39:38,705] {processor.py:161} INFO - Processing /home/pedro/Documentos/airflow/venv/lib/python3.9/site-packages/airflow/example_dags/plugins/workday.py took 0.025 seconds
[2025-05-09 14:40:10,800] {processor.py:153} INFO - Started process (PID=65751) to work on /home/pedro/Documentos/airflow/venv/lib/python3.9/site-packages/airflow/example_dags/plugins/workday.py
[2025-05-09 14:40:10,813] {processor.py:641} INFO - Processing file /home/pedro/Documentos/airflow/venv/lib/python3.9/site-packages/airflow/example_dags/plugins/workday.py for tasks to queue
[2025-05-09 14:40:10,813] {logging_mixin.py:115} INFO - [2025-05-09 14:40:10,813] {dagbag.py:507} INFO - Filling up the DagBag from /home/pedro/Documentos/airflow/venv/lib/python3.9/site-packages/airflow/example_dags/plugins/workday.py
[2025-05-09 14:40:10,815] {processor.py:653} WARNING - No viable dags retrieved from /home/pedro/Documentos/airflow/venv/lib/python3.9/site-packages/airflow/example_dags/plugins/workday.py
[2025-05-09 14:40:10,823] {processor.py:161} INFO - Processing /home/pedro/Documentos/airflow/venv/lib/python3.9/site-packages/airflow/example_dags/plugins/workday.py took 0.025 seconds
[2025-05-09 14:40:41,657] {processor.py:153} INFO - Started process (PID=65985) to work on /home/pedro/Documentos/airflow/venv/lib/python3.9/site-packages/airflow/example_dags/plugins/workday.py
[2025-05-09 14:40:41,669] {processor.py:641} INFO - Processing file /home/pedro/Documentos/airflow/venv/lib/python3.9/site-packages/airflow/example_dags/plugins/workday.py for tasks to queue
[2025-05-09 14:40:41,669] {logging_mixin.py:115} INFO - [2025-05-09 14:40:41,669] {dagbag.py:507} INFO - Filling up the DagBag from /home/pedro/Documentos/airflow/venv/lib/python3.9/site-packages/airflow/example_dags/plugins/workday.py
[2025-05-09 14:40:41,671] {processor.py:653} WARNING - No viable dags retrieved from /home/pedro/Documentos/airflow/venv/lib/python3.9/site-packages/airflow/example_dags/plugins/workday.py
[2025-05-09 14:40:41,679] {processor.py:161} INFO - Processing /home/pedro/Documentos/airflow/venv/lib/python3.9/site-packages/airflow/example_dags/plugins/workday.py took 0.025 seconds
[2025-05-09 14:41:15,977] {processor.py:153} INFO - Started process (PID=66570) to work on /home/pedro/Documentos/airflow/venv/lib/python3.9/site-packages/airflow/example_dags/plugins/workday.py
[2025-05-09 14:41:15,989] {processor.py:641} INFO - Processing file /home/pedro/Documentos/airflow/venv/lib/python3.9/site-packages/airflow/example_dags/plugins/workday.py for tasks to queue
[2025-05-09 14:41:15,990] {logging_mixin.py:115} INFO - [2025-05-09 14:41:15,990] {dagbag.py:507} INFO - Filling up the DagBag from /home/pedro/Documentos/airflow/venv/lib/python3.9/site-packages/airflow/example_dags/plugins/workday.py
[2025-05-09 14:41:15,991] {processor.py:653} WARNING - No viable dags retrieved from /home/pedro/Documentos/airflow/venv/lib/python3.9/site-packages/airflow/example_dags/plugins/workday.py
[2025-05-09 14:41:15,999] {processor.py:161} INFO - Processing /home/pedro/Documentos/airflow/venv/lib/python3.9/site-packages/airflow/example_dags/plugins/workday.py took 0.024 seconds
[2025-05-09 14:41:50,293] {processor.py:153} INFO - Started process (PID=66934) to work on /home/pedro/Documentos/airflow/venv/lib/python3.9/site-packages/airflow/example_dags/plugins/workday.py
[2025-05-09 14:41:50,306] {processor.py:641} INFO - Processing file /home/pedro/Documentos/airflow/venv/lib/python3.9/site-packages/airflow/example_dags/plugins/workday.py for tasks to queue
[2025-05-09 14:41:50,306] {logging_mixin.py:115} INFO - [2025-05-09 14:41:50,306] {dagbag.py:507} INFO - Filling up the DagBag from /home/pedro/Documentos/airflow/venv/lib/python3.9/site-packages/airflow/example_dags/plugins/workday.py
[2025-05-09 14:41:50,307] {processor.py:653} WARNING - No viable dags retrieved from /home/pedro/Documentos/airflow/venv/lib/python3.9/site-packages/airflow/example_dags/plugins/workday.py
[2025-05-09 14:41:50,315] {processor.py:161} INFO - Processing /home/pedro/Documentos/airflow/venv/lib/python3.9/site-packages/airflow/example_dags/plugins/workday.py took 0.024 seconds
[2025-05-09 14:42:22,951] {processor.py:153} INFO - Started process (PID=67128) to work on /home/pedro/Documentos/airflow/venv/lib/python3.9/site-packages/airflow/example_dags/plugins/workday.py
[2025-05-09 14:42:22,963] {processor.py:641} INFO - Processing file /home/pedro/Documentos/airflow/venv/lib/python3.9/site-packages/airflow/example_dags/plugins/workday.py for tasks to queue
[2025-05-09 14:42:22,964] {logging_mixin.py:115} INFO - [2025-05-09 14:42:22,964] {dagbag.py:507} INFO - Filling up the DagBag from /home/pedro/Documentos/airflow/venv/lib/python3.9/site-packages/airflow/example_dags/plugins/workday.py
[2025-05-09 14:42:22,965] {processor.py:653} WARNING - No viable dags retrieved from /home/pedro/Documentos/airflow/venv/lib/python3.9/site-packages/airflow/example_dags/plugins/workday.py
[2025-05-09 14:42:22,974] {processor.py:161} INFO - Processing /home/pedro/Documentos/airflow/venv/lib/python3.9/site-packages/airflow/example_dags/plugins/workday.py took 0.025 seconds
[2025-05-09 14:42:56,506] {processor.py:153} INFO - Started process (PID=67328) to work on /home/pedro/Documentos/airflow/venv/lib/python3.9/site-packages/airflow/example_dags/plugins/workday.py
[2025-05-09 14:42:56,518] {processor.py:641} INFO - Processing file /home/pedro/Documentos/airflow/venv/lib/python3.9/site-packages/airflow/example_dags/plugins/workday.py for tasks to queue
[2025-05-09 14:42:56,519] {logging_mixin.py:115} INFO - [2025-05-09 14:42:56,519] {dagbag.py:507} INFO - Filling up the DagBag from /home/pedro/Documentos/airflow/venv/lib/python3.9/site-packages/airflow/example_dags/plugins/workday.py
[2025-05-09 14:42:56,520] {processor.py:653} WARNING - No viable dags retrieved from /home/pedro/Documentos/airflow/venv/lib/python3.9/site-packages/airflow/example_dags/plugins/workday.py
[2025-05-09 14:42:56,529] {processor.py:161} INFO - Processing /home/pedro/Documentos/airflow/venv/lib/python3.9/site-packages/airflow/example_dags/plugins/workday.py took 0.025 seconds
[2025-05-09 14:43:28,486] {processor.py:153} INFO - Started process (PID=67772) to work on /home/pedro/Documentos/airflow/venv/lib/python3.9/site-packages/airflow/example_dags/plugins/workday.py
[2025-05-09 14:43:28,499] {processor.py:641} INFO - Processing file /home/pedro/Documentos/airflow/venv/lib/python3.9/site-packages/airflow/example_dags/plugins/workday.py for tasks to queue
[2025-05-09 14:43:28,499] {logging_mixin.py:115} INFO - [2025-05-09 14:43:28,499] {dagbag.py:507} INFO - Filling up the DagBag from /home/pedro/Documentos/airflow/venv/lib/python3.9/site-packages/airflow/example_dags/plugins/workday.py
[2025-05-09 14:43:28,501] {processor.py:653} WARNING - No viable dags retrieved from /home/pedro/Documentos/airflow/venv/lib/python3.9/site-packages/airflow/example_dags/plugins/workday.py
[2025-05-09 14:43:28,509] {processor.py:161} INFO - Processing /home/pedro/Documentos/airflow/venv/lib/python3.9/site-packages/airflow/example_dags/plugins/workday.py took 0.025 seconds
[2025-05-09 14:44:02,126] {processor.py:153} INFO - Started process (PID=68205) to work on /home/pedro/Documentos/airflow/venv/lib/python3.9/site-packages/airflow/example_dags/plugins/workday.py
[2025-05-09 14:44:02,126] {processor.py:641} INFO - Processing file /home/pedro/Documentos/airflow/venv/lib/python3.9/site-packages/airflow/example_dags/plugins/workday.py for tasks to queue
[2025-05-09 14:44:02,127] {logging_mixin.py:115} INFO - [2025-05-09 14:44:02,127] {dagbag.py:507} INFO - Filling up the DagBag from /home/pedro/Documentos/airflow/venv/lib/python3.9/site-packages/airflow/example_dags/plugins/workday.py
[2025-05-09 14:44:02,129] {processor.py:653} WARNING - No viable dags retrieved from /home/pedro/Documentos/airflow/venv/lib/python3.9/site-packages/airflow/example_dags/plugins/workday.py
[2025-05-09 14:44:02,136] {processor.py:161} INFO - Processing /home/pedro/Documentos/airflow/venv/lib/python3.9/site-packages/airflow/example_dags/plugins/workday.py took 0.012 seconds
[2025-05-09 14:44:32,366] {processor.py:153} INFO - Started process (PID=68391) to work on /home/pedro/Documentos/airflow/venv/lib/python3.9/site-packages/airflow/example_dags/plugins/workday.py
[2025-05-09 14:44:32,379] {processor.py:641} INFO - Processing file /home/pedro/Documentos/airflow/venv/lib/python3.9/site-packages/airflow/example_dags/plugins/workday.py for tasks to queue
[2025-05-09 14:44:32,379] {logging_mixin.py:115} INFO - [2025-05-09 14:44:32,379] {dagbag.py:507} INFO - Filling up the DagBag from /home/pedro/Documentos/airflow/venv/lib/python3.9/site-packages/airflow/example_dags/plugins/workday.py
[2025-05-09 14:44:32,381] {processor.py:653} WARNING - No viable dags retrieved from /home/pedro/Documentos/airflow/venv/lib/python3.9/site-packages/airflow/example_dags/plugins/workday.py
[2025-05-09 14:44:32,389] {processor.py:161} INFO - Processing /home/pedro/Documentos/airflow/venv/lib/python3.9/site-packages/airflow/example_dags/plugins/workday.py took 0.025 seconds
[2025-05-09 14:45:03,851] {processor.py:153} INFO - Started process (PID=68607) to work on /home/pedro/Documentos/airflow/venv/lib/python3.9/site-packages/airflow/example_dags/plugins/workday.py
[2025-05-09 14:45:03,864] {processor.py:641} INFO - Processing file /home/pedro/Documentos/airflow/venv/lib/python3.9/site-packages/airflow/example_dags/plugins/workday.py for tasks to queue
[2025-05-09 14:45:03,864] {logging_mixin.py:115} INFO - [2025-05-09 14:45:03,864] {dagbag.py:507} INFO - Filling up the DagBag from /home/pedro/Documentos/airflow/venv/lib/python3.9/site-packages/airflow/example_dags/plugins/workday.py
[2025-05-09 14:45:03,866] {processor.py:653} WARNING - No viable dags retrieved from /home/pedro/Documentos/airflow/venv/lib/python3.9/site-packages/airflow/example_dags/plugins/workday.py
[2025-05-09 14:45:03,874] {processor.py:161} INFO - Processing /home/pedro/Documentos/airflow/venv/lib/python3.9/site-packages/airflow/example_dags/plugins/workday.py took 0.025 seconds
[2025-05-09 14:45:36,874] {processor.py:153} INFO - Started process (PID=68794) to work on /home/pedro/Documentos/airflow/venv/lib/python3.9/site-packages/airflow/example_dags/plugins/workday.py
[2025-05-09 14:45:36,887] {processor.py:641} INFO - Processing file /home/pedro/Documentos/airflow/venv/lib/python3.9/site-packages/airflow/example_dags/plugins/workday.py for tasks to queue
[2025-05-09 14:45:36,887] {logging_mixin.py:115} INFO - [2025-05-09 14:45:36,887] {dagbag.py:507} INFO - Filling up the DagBag from /home/pedro/Documentos/airflow/venv/lib/python3.9/site-packages/airflow/example_dags/plugins/workday.py
[2025-05-09 14:45:36,889] {processor.py:653} WARNING - No viable dags retrieved from /home/pedro/Documentos/airflow/venv/lib/python3.9/site-packages/airflow/example_dags/plugins/workday.py
[2025-05-09 14:45:36,897] {processor.py:161} INFO - Processing /home/pedro/Documentos/airflow/venv/lib/python3.9/site-packages/airflow/example_dags/plugins/workday.py took 0.025 seconds
[2025-05-09 14:46:10,156] {processor.py:153} INFO - Started process (PID=68998) to work on /home/pedro/Documentos/airflow/venv/lib/python3.9/site-packages/airflow/example_dags/plugins/workday.py
[2025-05-09 14:46:10,168] {processor.py:641} INFO - Processing file /home/pedro/Documentos/airflow/venv/lib/python3.9/site-packages/airflow/example_dags/plugins/workday.py for tasks to queue
[2025-05-09 14:46:10,169] {logging_mixin.py:115} INFO - [2025-05-09 14:46:10,168] {dagbag.py:507} INFO - Filling up the DagBag from /home/pedro/Documentos/airflow/venv/lib/python3.9/site-packages/airflow/example_dags/plugins/workday.py
[2025-05-09 14:46:10,170] {processor.py:653} WARNING - No viable dags retrieved from /home/pedro/Documentos/airflow/venv/lib/python3.9/site-packages/airflow/example_dags/plugins/workday.py
[2025-05-09 14:46:10,178] {processor.py:161} INFO - Processing /home/pedro/Documentos/airflow/venv/lib/python3.9/site-packages/airflow/example_dags/plugins/workday.py took 0.024 seconds
[2025-05-09 14:46:40,908] {processor.py:153} INFO - Started process (PID=69191) to work on /home/pedro/Documentos/airflow/venv/lib/python3.9/site-packages/airflow/example_dags/plugins/workday.py
[2025-05-09 14:46:40,921] {processor.py:641} INFO - Processing file /home/pedro/Documentos/airflow/venv/lib/python3.9/site-packages/airflow/example_dags/plugins/workday.py for tasks to queue
[2025-05-09 14:46:40,921] {logging_mixin.py:115} INFO - [2025-05-09 14:46:40,921] {dagbag.py:507} INFO - Filling up the DagBag from /home/pedro/Documentos/airflow/venv/lib/python3.9/site-packages/airflow/example_dags/plugins/workday.py
[2025-05-09 14:46:40,923] {processor.py:653} WARNING - No viable dags retrieved from /home/pedro/Documentos/airflow/venv/lib/python3.9/site-packages/airflow/example_dags/plugins/workday.py
[2025-05-09 14:46:40,930] {processor.py:161} INFO - Processing /home/pedro/Documentos/airflow/venv/lib/python3.9/site-packages/airflow/example_dags/plugins/workday.py took 0.024 seconds
[2025-05-09 14:47:13,335] {processor.py:153} INFO - Started process (PID=69782) to work on /home/pedro/Documentos/airflow/venv/lib/python3.9/site-packages/airflow/example_dags/plugins/workday.py
[2025-05-09 14:47:13,347] {processor.py:641} INFO - Processing file /home/pedro/Documentos/airflow/venv/lib/python3.9/site-packages/airflow/example_dags/plugins/workday.py for tasks to queue
[2025-05-09 14:47:13,348] {logging_mixin.py:115} INFO - [2025-05-09 14:47:13,348] {dagbag.py:507} INFO - Filling up the DagBag from /home/pedro/Documentos/airflow/venv/lib/python3.9/site-packages/airflow/example_dags/plugins/workday.py
[2025-05-09 14:47:13,349] {processor.py:653} WARNING - No viable dags retrieved from /home/pedro/Documentos/airflow/venv/lib/python3.9/site-packages/airflow/example_dags/plugins/workday.py
[2025-05-09 14:47:13,358] {processor.py:161} INFO - Processing /home/pedro/Documentos/airflow/venv/lib/python3.9/site-packages/airflow/example_dags/plugins/workday.py took 0.025 seconds
[2025-05-09 14:47:49,345] {processor.py:153} INFO - Started process (PID=70054) to work on /home/pedro/Documentos/airflow/venv/lib/python3.9/site-packages/airflow/example_dags/plugins/workday.py
[2025-05-09 14:47:49,357] {processor.py:641} INFO - Processing file /home/pedro/Documentos/airflow/venv/lib/python3.9/site-packages/airflow/example_dags/plugins/workday.py for tasks to queue
[2025-05-09 14:47:49,358] {logging_mixin.py:115} INFO - [2025-05-09 14:47:49,358] {dagbag.py:507} INFO - Filling up the DagBag from /home/pedro/Documentos/airflow/venv/lib/python3.9/site-packages/airflow/example_dags/plugins/workday.py
[2025-05-09 14:47:49,359] {processor.py:653} WARNING - No viable dags retrieved from /home/pedro/Documentos/airflow/venv/lib/python3.9/site-packages/airflow/example_dags/plugins/workday.py
[2025-05-09 14:47:49,367] {processor.py:161} INFO - Processing /home/pedro/Documentos/airflow/venv/lib/python3.9/site-packages/airflow/example_dags/plugins/workday.py took 0.025 seconds
[2025-05-09 14:48:23,017] {processor.py:153} INFO - Started process (PID=70265) to work on /home/pedro/Documentos/airflow/venv/lib/python3.9/site-packages/airflow/example_dags/plugins/workday.py
[2025-05-09 14:48:23,029] {processor.py:641} INFO - Processing file /home/pedro/Documentos/airflow/venv/lib/python3.9/site-packages/airflow/example_dags/plugins/workday.py for tasks to queue
[2025-05-09 14:48:23,030] {logging_mixin.py:115} INFO - [2025-05-09 14:48:23,029] {dagbag.py:507} INFO - Filling up the DagBag from /home/pedro/Documentos/airflow/venv/lib/python3.9/site-packages/airflow/example_dags/plugins/workday.py
[2025-05-09 14:48:23,031] {processor.py:653} WARNING - No viable dags retrieved from /home/pedro/Documentos/airflow/venv/lib/python3.9/site-packages/airflow/example_dags/plugins/workday.py
[2025-05-09 14:48:23,039] {processor.py:161} INFO - Processing /home/pedro/Documentos/airflow/venv/lib/python3.9/site-packages/airflow/example_dags/plugins/workday.py took 0.025 seconds
[2025-05-09 14:48:53,240] {processor.py:153} INFO - Started process (PID=70562) to work on /home/pedro/Documentos/airflow/venv/lib/python3.9/site-packages/airflow/example_dags/plugins/workday.py
[2025-05-09 14:48:53,253] {processor.py:641} INFO - Processing file /home/pedro/Documentos/airflow/venv/lib/python3.9/site-packages/airflow/example_dags/plugins/workday.py for tasks to queue
[2025-05-09 14:48:53,253] {logging_mixin.py:115} INFO - [2025-05-09 14:48:53,253] {dagbag.py:507} INFO - Filling up the DagBag from /home/pedro/Documentos/airflow/venv/lib/python3.9/site-packages/airflow/example_dags/plugins/workday.py
[2025-05-09 14:48:53,255] {processor.py:653} WARNING - No viable dags retrieved from /home/pedro/Documentos/airflow/venv/lib/python3.9/site-packages/airflow/example_dags/plugins/workday.py
[2025-05-09 14:48:53,263] {processor.py:161} INFO - Processing /home/pedro/Documentos/airflow/venv/lib/python3.9/site-packages/airflow/example_dags/plugins/workday.py took 0.025 seconds
[2025-05-09 14:49:25,063] {processor.py:153} INFO - Started process (PID=70769) to work on /home/pedro/Documentos/airflow/venv/lib/python3.9/site-packages/airflow/example_dags/plugins/workday.py
[2025-05-09 14:49:25,075] {processor.py:641} INFO - Processing file /home/pedro/Documentos/airflow/venv/lib/python3.9/site-packages/airflow/example_dags/plugins/workday.py for tasks to queue
[2025-05-09 14:49:25,076] {logging_mixin.py:115} INFO - [2025-05-09 14:49:25,076] {dagbag.py:507} INFO - Filling up the DagBag from /home/pedro/Documentos/airflow/venv/lib/python3.9/site-packages/airflow/example_dags/plugins/workday.py
[2025-05-09 14:49:25,077] {processor.py:653} WARNING - No viable dags retrieved from /home/pedro/Documentos/airflow/venv/lib/python3.9/site-packages/airflow/example_dags/plugins/workday.py
[2025-05-09 14:49:25,087] {processor.py:161} INFO - Processing /home/pedro/Documentos/airflow/venv/lib/python3.9/site-packages/airflow/example_dags/plugins/workday.py took 0.026 seconds
[2025-05-09 14:49:58,870] {processor.py:153} INFO - Started process (PID=70975) to work on /home/pedro/Documentos/airflow/venv/lib/python3.9/site-packages/airflow/example_dags/plugins/workday.py
[2025-05-09 14:49:58,882] {processor.py:641} INFO - Processing file /home/pedro/Documentos/airflow/venv/lib/python3.9/site-packages/airflow/example_dags/plugins/workday.py for tasks to queue
[2025-05-09 14:49:58,883] {logging_mixin.py:115} INFO - [2025-05-09 14:49:58,883] {dagbag.py:507} INFO - Filling up the DagBag from /home/pedro/Documentos/airflow/venv/lib/python3.9/site-packages/airflow/example_dags/plugins/workday.py
[2025-05-09 14:49:58,884] {processor.py:653} WARNING - No viable dags retrieved from /home/pedro/Documentos/airflow/venv/lib/python3.9/site-packages/airflow/example_dags/plugins/workday.py
[2025-05-09 14:49:58,892] {processor.py:161} INFO - Processing /home/pedro/Documentos/airflow/venv/lib/python3.9/site-packages/airflow/example_dags/plugins/workday.py took 0.025 seconds
[2025-05-09 14:50:29,713] {processor.py:153} INFO - Started process (PID=71230) to work on /home/pedro/Documentos/airflow/venv/lib/python3.9/site-packages/airflow/example_dags/plugins/workday.py
[2025-05-09 14:50:29,725] {processor.py:641} INFO - Processing file /home/pedro/Documentos/airflow/venv/lib/python3.9/site-packages/airflow/example_dags/plugins/workday.py for tasks to queue
[2025-05-09 14:50:29,726] {logging_mixin.py:115} INFO - [2025-05-09 14:50:29,726] {dagbag.py:507} INFO - Filling up the DagBag from /home/pedro/Documentos/airflow/venv/lib/python3.9/site-packages/airflow/example_dags/plugins/workday.py
[2025-05-09 14:50:29,727] {processor.py:653} WARNING - No viable dags retrieved from /home/pedro/Documentos/airflow/venv/lib/python3.9/site-packages/airflow/example_dags/plugins/workday.py
[2025-05-09 14:50:29,736] {processor.py:161} INFO - Processing /home/pedro/Documentos/airflow/venv/lib/python3.9/site-packages/airflow/example_dags/plugins/workday.py took 0.025 seconds
[2025-05-09 14:51:04,603] {processor.py:153} INFO - Started process (PID=71451) to work on /home/pedro/Documentos/airflow/venv/lib/python3.9/site-packages/airflow/example_dags/plugins/workday.py
[2025-05-09 14:51:04,616] {processor.py:641} INFO - Processing file /home/pedro/Documentos/airflow/venv/lib/python3.9/site-packages/airflow/example_dags/plugins/workday.py for tasks to queue
[2025-05-09 14:51:04,616] {logging_mixin.py:115} INFO - [2025-05-09 14:51:04,616] {dagbag.py:507} INFO - Filling up the DagBag from /home/pedro/Documentos/airflow/venv/lib/python3.9/site-packages/airflow/example_dags/plugins/workday.py
[2025-05-09 14:51:04,618] {processor.py:653} WARNING - No viable dags retrieved from /home/pedro/Documentos/airflow/venv/lib/python3.9/site-packages/airflow/example_dags/plugins/workday.py
[2025-05-09 14:51:04,625] {processor.py:161} INFO - Processing /home/pedro/Documentos/airflow/venv/lib/python3.9/site-packages/airflow/example_dags/plugins/workday.py took 0.025 seconds
[2025-05-09 14:51:37,369] {processor.py:153} INFO - Started process (PID=71742) to work on /home/pedro/Documentos/airflow/venv/lib/python3.9/site-packages/airflow/example_dags/plugins/workday.py
[2025-05-09 14:51:37,381] {processor.py:641} INFO - Processing file /home/pedro/Documentos/airflow/venv/lib/python3.9/site-packages/airflow/example_dags/plugins/workday.py for tasks to queue
[2025-05-09 14:51:37,381] {logging_mixin.py:115} INFO - [2025-05-09 14:51:37,381] {dagbag.py:507} INFO - Filling up the DagBag from /home/pedro/Documentos/airflow/venv/lib/python3.9/site-packages/airflow/example_dags/plugins/workday.py
[2025-05-09 14:51:37,383] {processor.py:653} WARNING - No viable dags retrieved from /home/pedro/Documentos/airflow/venv/lib/python3.9/site-packages/airflow/example_dags/plugins/workday.py
[2025-05-09 14:51:37,392] {processor.py:161} INFO - Processing /home/pedro/Documentos/airflow/venv/lib/python3.9/site-packages/airflow/example_dags/plugins/workday.py took 0.025 seconds
[2025-05-09 14:52:09,897] {processor.py:153} INFO - Started process (PID=71992) to work on /home/pedro/Documentos/airflow/venv/lib/python3.9/site-packages/airflow/example_dags/plugins/workday.py
[2025-05-09 14:52:09,909] {processor.py:641} INFO - Processing file /home/pedro/Documentos/airflow/venv/lib/python3.9/site-packages/airflow/example_dags/plugins/workday.py for tasks to queue
[2025-05-09 14:52:09,910] {logging_mixin.py:115} INFO - [2025-05-09 14:52:09,910] {dagbag.py:507} INFO - Filling up the DagBag from /home/pedro/Documentos/airflow/venv/lib/python3.9/site-packages/airflow/example_dags/plugins/workday.py
[2025-05-09 14:52:09,911] {processor.py:653} WARNING - No viable dags retrieved from /home/pedro/Documentos/airflow/venv/lib/python3.9/site-packages/airflow/example_dags/plugins/workday.py
[2025-05-09 14:52:09,920] {processor.py:161} INFO - Processing /home/pedro/Documentos/airflow/venv/lib/python3.9/site-packages/airflow/example_dags/plugins/workday.py took 0.025 seconds
[2025-05-09 14:52:40,166] {processor.py:153} INFO - Started process (PID=72483) to work on /home/pedro/Documentos/airflow/venv/lib/python3.9/site-packages/airflow/example_dags/plugins/workday.py
[2025-05-09 14:52:40,178] {processor.py:641} INFO - Processing file /home/pedro/Documentos/airflow/venv/lib/python3.9/site-packages/airflow/example_dags/plugins/workday.py for tasks to queue
[2025-05-09 14:52:40,178] {logging_mixin.py:115} INFO - [2025-05-09 14:52:40,178] {dagbag.py:507} INFO - Filling up the DagBag from /home/pedro/Documentos/airflow/venv/lib/python3.9/site-packages/airflow/example_dags/plugins/workday.py
[2025-05-09 14:52:40,180] {processor.py:653} WARNING - No viable dags retrieved from /home/pedro/Documentos/airflow/venv/lib/python3.9/site-packages/airflow/example_dags/plugins/workday.py
[2025-05-09 14:52:40,188] {processor.py:161} INFO - Processing /home/pedro/Documentos/airflow/venv/lib/python3.9/site-packages/airflow/example_dags/plugins/workday.py took 0.025 seconds
[2025-05-09 14:53:11,561] {processor.py:153} INFO - Started process (PID=72749) to work on /home/pedro/Documentos/airflow/venv/lib/python3.9/site-packages/airflow/example_dags/plugins/workday.py
[2025-05-09 14:53:11,574] {processor.py:641} INFO - Processing file /home/pedro/Documentos/airflow/venv/lib/python3.9/site-packages/airflow/example_dags/plugins/workday.py for tasks to queue
[2025-05-09 14:53:11,574] {logging_mixin.py:115} INFO - [2025-05-09 14:53:11,574] {dagbag.py:507} INFO - Filling up the DagBag from /home/pedro/Documentos/airflow/venv/lib/python3.9/site-packages/airflow/example_dags/plugins/workday.py
[2025-05-09 14:53:11,576] {processor.py:653} WARNING - No viable dags retrieved from /home/pedro/Documentos/airflow/venv/lib/python3.9/site-packages/airflow/example_dags/plugins/workday.py
[2025-05-09 14:53:11,584] {processor.py:161} INFO - Processing /home/pedro/Documentos/airflow/venv/lib/python3.9/site-packages/airflow/example_dags/plugins/workday.py took 0.025 seconds
[2025-05-09 14:53:42,864] {processor.py:153} INFO - Started process (PID=73732) to work on /home/pedro/Documentos/airflow/venv/lib/python3.9/site-packages/airflow/example_dags/plugins/workday.py
[2025-05-09 14:53:42,876] {processor.py:641} INFO - Processing file /home/pedro/Documentos/airflow/venv/lib/python3.9/site-packages/airflow/example_dags/plugins/workday.py for tasks to queue
[2025-05-09 14:53:42,877] {logging_mixin.py:115} INFO - [2025-05-09 14:53:42,876] {dagbag.py:507} INFO - Filling up the DagBag from /home/pedro/Documentos/airflow/venv/lib/python3.9/site-packages/airflow/example_dags/plugins/workday.py
[2025-05-09 14:53:42,878] {processor.py:653} WARNING - No viable dags retrieved from /home/pedro/Documentos/airflow/venv/lib/python3.9/site-packages/airflow/example_dags/plugins/workday.py
[2025-05-09 14:53:42,887] {processor.py:161} INFO - Processing /home/pedro/Documentos/airflow/venv/lib/python3.9/site-packages/airflow/example_dags/plugins/workday.py took 0.025 seconds
[2025-05-09 14:54:14,826] {processor.py:153} INFO - Started process (PID=74257) to work on /home/pedro/Documentos/airflow/venv/lib/python3.9/site-packages/airflow/example_dags/plugins/workday.py
[2025-05-09 14:54:14,827] {processor.py:641} INFO - Processing file /home/pedro/Documentos/airflow/venv/lib/python3.9/site-packages/airflow/example_dags/plugins/workday.py for tasks to queue
[2025-05-09 14:54:14,827] {logging_mixin.py:115} INFO - [2025-05-09 14:54:14,827] {dagbag.py:507} INFO - Filling up the DagBag from /home/pedro/Documentos/airflow/venv/lib/python3.9/site-packages/airflow/example_dags/plugins/workday.py
[2025-05-09 14:54:14,828] {processor.py:653} WARNING - No viable dags retrieved from /home/pedro/Documentos/airflow/venv/lib/python3.9/site-packages/airflow/example_dags/plugins/workday.py
[2025-05-09 14:54:14,836] {processor.py:161} INFO - Processing /home/pedro/Documentos/airflow/venv/lib/python3.9/site-packages/airflow/example_dags/plugins/workday.py took 0.012 seconds
[2025-05-09 14:54:46,811] {processor.py:153} INFO - Started process (PID=74461) to work on /home/pedro/Documentos/airflow/venv/lib/python3.9/site-packages/airflow/example_dags/plugins/workday.py
[2025-05-09 14:54:46,823] {processor.py:641} INFO - Processing file /home/pedro/Documentos/airflow/venv/lib/python3.9/site-packages/airflow/example_dags/plugins/workday.py for tasks to queue
[2025-05-09 14:54:46,824] {logging_mixin.py:115} INFO - [2025-05-09 14:54:46,823] {dagbag.py:507} INFO - Filling up the DagBag from /home/pedro/Documentos/airflow/venv/lib/python3.9/site-packages/airflow/example_dags/plugins/workday.py
[2025-05-09 14:54:46,825] {processor.py:653} WARNING - No viable dags retrieved from /home/pedro/Documentos/airflow/venv/lib/python3.9/site-packages/airflow/example_dags/plugins/workday.py
[2025-05-09 14:54:46,833] {processor.py:161} INFO - Processing /home/pedro/Documentos/airflow/venv/lib/python3.9/site-packages/airflow/example_dags/plugins/workday.py took 0.025 seconds
[2025-05-09 14:55:18,791] {processor.py:153} INFO - Started process (PID=74658) to work on /home/pedro/Documentos/airflow/venv/lib/python3.9/site-packages/airflow/example_dags/plugins/workday.py
[2025-05-09 14:55:18,803] {processor.py:641} INFO - Processing file /home/pedro/Documentos/airflow/venv/lib/python3.9/site-packages/airflow/example_dags/plugins/workday.py for tasks to queue
[2025-05-09 14:55:18,804] {logging_mixin.py:115} INFO - [2025-05-09 14:55:18,804] {dagbag.py:507} INFO - Filling up the DagBag from /home/pedro/Documentos/airflow/venv/lib/python3.9/site-packages/airflow/example_dags/plugins/workday.py
[2025-05-09 14:55:18,805] {processor.py:653} WARNING - No viable dags retrieved from /home/pedro/Documentos/airflow/venv/lib/python3.9/site-packages/airflow/example_dags/plugins/workday.py
[2025-05-09 14:55:18,813] {processor.py:161} INFO - Processing /home/pedro/Documentos/airflow/venv/lib/python3.9/site-packages/airflow/example_dags/plugins/workday.py took 0.024 seconds
