[2025-05-09 14:34:15,600] {processor.py:153} INFO - Started process (PID=61972) to work on /home/pedro/Documentos/airflow/venv/lib/python3.9/site-packages/airflow/example_dags/example_branch_labels.py
[2025-05-09 14:34:15,600] {processor.py:641} INFO - Processing file /home/pedro/Documentos/airflow/venv/lib/python3.9/site-packages/airflow/example_dags/example_branch_labels.py for tasks to queue
[2025-05-09 14:34:15,601] {logging_mixin.py:115} INFO - [2025-05-09 14:34:15,601] {dagbag.py:507} INFO - Filling up the DagBag from /home/pedro/Documentos/airflow/venv/lib/python3.9/site-packages/airflow/example_dags/example_branch_labels.py
[2025-05-09 14:34:15,605] {processor.py:651} INFO - DAG(s) dict_keys(['example_branch_labels']) retrieved from /home/pedro/Documentos/airflow/venv/lib/python3.9/site-packages/airflow/example_dags/example_branch_labels.py
[2025-05-09 14:34:15,817] {logging_mixin.py:115} INFO - [2025-05-09 14:34:15,817] {manager.py:508} INFO - Created Permission View: can delete on DAG:example_branch_labels
[2025-05-09 14:34:15,899] {logging_mixin.py:115} INFO - [2025-05-09 14:34:15,899] {manager.py:508} INFO - Created Permission View: can read on DAG:example_branch_labels
[2025-05-09 14:34:15,984] {logging_mixin.py:115} INFO - [2025-05-09 14:34:15,984] {manager.py:508} INFO - Created Permission View: can edit on DAG:example_branch_labels
[2025-05-09 14:34:15,985] {logging_mixin.py:115} INFO - [2025-05-09 14:34:15,985] {dag.py:2379} INFO - Sync 1 DAGs
[2025-05-09 14:34:15,990] {logging_mixin.py:115} INFO - [2025-05-09 14:34:15,990] {dag.py:2398} INFO - Creating ORM DAG for example_branch_labels
[2025-05-09 14:34:15,997] {logging_mixin.py:115} INFO - [2025-05-09 14:34:15,997] {dag.py:2927} INFO - Setting next_dagrun for example_branch_labels to 2025-05-08T00:00:00+00:00, run_after=2025-05-09T00:00:00+00:00
[2025-05-09 14:34:16,087] {processor.py:161} INFO - Processing /home/pedro/Documentos/airflow/venv/lib/python3.9/site-packages/airflow/example_dags/example_branch_labels.py took 0.490 seconds
[2025-05-09 14:34:52,627] {processor.py:153} INFO - Started process (PID=62473) to work on /home/pedro/Documentos/airflow/venv/lib/python3.9/site-packages/airflow/example_dags/example_branch_labels.py
[2025-05-09 14:34:52,628] {processor.py:641} INFO - Processing file /home/pedro/Documentos/airflow/venv/lib/python3.9/site-packages/airflow/example_dags/example_branch_labels.py for tasks to queue
[2025-05-09 14:34:52,628] {logging_mixin.py:115} INFO - [2025-05-09 14:34:52,628] {dagbag.py:507} INFO - Filling up the DagBag from /home/pedro/Documentos/airflow/venv/lib/python3.9/site-packages/airflow/example_dags/example_branch_labels.py
[2025-05-09 14:34:52,633] {processor.py:651} INFO - DAG(s) dict_keys(['example_branch_labels']) retrieved from /home/pedro/Documentos/airflow/venv/lib/python3.9/site-packages/airflow/example_dags/example_branch_labels.py
[2025-05-09 14:34:52,649] {logging_mixin.py:115} INFO - [2025-05-09 14:34:52,649] {dag.py:2379} INFO - Sync 1 DAGs
[2025-05-09 14:34:52,671] {logging_mixin.py:115} INFO - [2025-05-09 14:34:52,671] {dag.py:2927} INFO - Setting next_dagrun for example_branch_labels to 2025-05-08T00:00:00+00:00, run_after=2025-05-09T00:00:00+00:00
[2025-05-09 14:34:52,682] {processor.py:161} INFO - Processing /home/pedro/Documentos/airflow/venv/lib/python3.9/site-packages/airflow/example_dags/example_branch_labels.py took 0.057 seconds
[2025-05-09 14:35:27,542] {processor.py:153} INFO - Started process (PID=62829) to work on /home/pedro/Documentos/airflow/venv/lib/python3.9/site-packages/airflow/example_dags/example_branch_labels.py
[2025-05-09 14:35:27,555] {processor.py:641} INFO - Processing file /home/pedro/Documentos/airflow/venv/lib/python3.9/site-packages/airflow/example_dags/example_branch_labels.py for tasks to queue
[2025-05-09 14:35:27,555] {logging_mixin.py:115} INFO - [2025-05-09 14:35:27,555] {dagbag.py:507} INFO - Filling up the DagBag from /home/pedro/Documentos/airflow/venv/lib/python3.9/site-packages/airflow/example_dags/example_branch_labels.py
[2025-05-09 14:35:27,559] {processor.py:651} INFO - DAG(s) dict_keys(['example_branch_labels']) retrieved from /home/pedro/Documentos/airflow/venv/lib/python3.9/site-packages/airflow/example_dags/example_branch_labels.py
[2025-05-09 14:35:27,571] {logging_mixin.py:115} INFO - [2025-05-09 14:35:27,571] {dag.py:2379} INFO - Sync 1 DAGs
[2025-05-09 14:35:27,586] {logging_mixin.py:115} INFO - [2025-05-09 14:35:27,585] {dag.py:2927} INFO - Setting next_dagrun for example_branch_labels to 2025-05-08T00:00:00+00:00, run_after=2025-05-09T00:00:00+00:00
[2025-05-09 14:35:27,595] {processor.py:161} INFO - Processing /home/pedro/Documentos/airflow/venv/lib/python3.9/site-packages/airflow/example_dags/example_branch_labels.py took 0.055 seconds
[2025-05-09 14:36:00,531] {processor.py:153} INFO - Started process (PID=63222) to work on /home/pedro/Documentos/airflow/venv/lib/python3.9/site-packages/airflow/example_dags/example_branch_labels.py
[2025-05-09 14:36:00,542] {processor.py:641} INFO - Processing file /home/pedro/Documentos/airflow/venv/lib/python3.9/site-packages/airflow/example_dags/example_branch_labels.py for tasks to queue
[2025-05-09 14:36:00,542] {logging_mixin.py:115} INFO - [2025-05-09 14:36:00,542] {dagbag.py:507} INFO - Filling up the DagBag from /home/pedro/Documentos/airflow/venv/lib/python3.9/site-packages/airflow/example_dags/example_branch_labels.py
[2025-05-09 14:36:00,547] {processor.py:651} INFO - DAG(s) dict_keys(['example_branch_labels']) retrieved from /home/pedro/Documentos/airflow/venv/lib/python3.9/site-packages/airflow/example_dags/example_branch_labels.py
[2025-05-09 14:36:00,559] {logging_mixin.py:115} INFO - [2025-05-09 14:36:00,559] {dag.py:2379} INFO - Sync 1 DAGs
[2025-05-09 14:36:00,575] {logging_mixin.py:115} INFO - [2025-05-09 14:36:00,575] {dag.py:2927} INFO - Setting next_dagrun for example_branch_labels to 2025-05-08T00:00:00+00:00, run_after=2025-05-09T00:00:00+00:00
[2025-05-09 14:36:00,585] {processor.py:161} INFO - Processing /home/pedro/Documentos/airflow/venv/lib/python3.9/site-packages/airflow/example_dags/example_branch_labels.py took 0.056 seconds
[2025-05-09 14:36:35,331] {processor.py:153} INFO - Started process (PID=63432) to work on /home/pedro/Documentos/airflow/venv/lib/python3.9/site-packages/airflow/example_dags/example_branch_labels.py
[2025-05-09 14:36:35,343] {processor.py:641} INFO - Processing file /home/pedro/Documentos/airflow/venv/lib/python3.9/site-packages/airflow/example_dags/example_branch_labels.py for tasks to queue
[2025-05-09 14:36:35,344] {logging_mixin.py:115} INFO - [2025-05-09 14:36:35,344] {dagbag.py:507} INFO - Filling up the DagBag from /home/pedro/Documentos/airflow/venv/lib/python3.9/site-packages/airflow/example_dags/example_branch_labels.py
[2025-05-09 14:36:35,348] {processor.py:651} INFO - DAG(s) dict_keys(['example_branch_labels']) retrieved from /home/pedro/Documentos/airflow/venv/lib/python3.9/site-packages/airflow/example_dags/example_branch_labels.py
[2025-05-09 14:36:35,360] {logging_mixin.py:115} INFO - [2025-05-09 14:36:35,360] {dag.py:2379} INFO - Sync 1 DAGs
[2025-05-09 14:36:35,373] {logging_mixin.py:115} INFO - [2025-05-09 14:36:35,373] {dag.py:2927} INFO - Setting next_dagrun for example_branch_labels to 2025-05-08T00:00:00+00:00, run_after=2025-05-09T00:00:00+00:00
[2025-05-09 14:36:35,383] {processor.py:161} INFO - Processing /home/pedro/Documentos/airflow/venv/lib/python3.9/site-packages/airflow/example_dags/example_branch_labels.py took 0.054 seconds
[2025-05-09 14:37:11,618] {processor.py:153} INFO - Started process (PID=63852) to work on /home/pedro/Documentos/airflow/venv/lib/python3.9/site-packages/airflow/example_dags/example_branch_labels.py
[2025-05-09 14:37:12,116] {processor.py:641} INFO - Processing file /home/pedro/Documentos/airflow/venv/lib/python3.9/site-packages/airflow/example_dags/example_branch_labels.py for tasks to queue
[2025-05-09 14:37:12,116] {logging_mixin.py:115} INFO - [2025-05-09 14:37:12,116] {dagbag.py:507} INFO - Filling up the DagBag from /home/pedro/Documentos/airflow/venv/lib/python3.9/site-packages/airflow/example_dags/example_branch_labels.py
[2025-05-09 14:37:12,121] {processor.py:651} INFO - DAG(s) dict_keys(['example_branch_labels']) retrieved from /home/pedro/Documentos/airflow/venv/lib/python3.9/site-packages/airflow/example_dags/example_branch_labels.py
[2025-05-09 14:37:12,464] {logging_mixin.py:115} INFO - [2025-05-09 14:37:12,464] {dag.py:2379} INFO - Sync 1 DAGs
[2025-05-09 14:37:12,479] {logging_mixin.py:115} INFO - [2025-05-09 14:37:12,479] {dag.py:2927} INFO - Setting next_dagrun for example_branch_labels to 2025-05-08T00:00:00+00:00, run_after=2025-05-09T00:00:00+00:00
[2025-05-09 14:37:12,490] {processor.py:161} INFO - Processing /home/pedro/Documentos/airflow/venv/lib/python3.9/site-packages/airflow/example_dags/example_branch_labels.py took 0.874 seconds
[2025-05-09 14:37:47,732] {processor.py:153} INFO - Started process (PID=64327) to work on /home/pedro/Documentos/airflow/venv/lib/python3.9/site-packages/airflow/example_dags/example_branch_labels.py
[2025-05-09 14:37:47,745] {processor.py:641} INFO - Processing file /home/pedro/Documentos/airflow/venv/lib/python3.9/site-packages/airflow/example_dags/example_branch_labels.py for tasks to queue
[2025-05-09 14:37:47,745] {logging_mixin.py:115} INFO - [2025-05-09 14:37:47,745] {dagbag.py:507} INFO - Filling up the DagBag from /home/pedro/Documentos/airflow/venv/lib/python3.9/site-packages/airflow/example_dags/example_branch_labels.py
[2025-05-09 14:37:47,750] {processor.py:651} INFO - DAG(s) dict_keys(['example_branch_labels']) retrieved from /home/pedro/Documentos/airflow/venv/lib/python3.9/site-packages/airflow/example_dags/example_branch_labels.py
[2025-05-09 14:37:47,763] {logging_mixin.py:115} INFO - [2025-05-09 14:37:47,763] {dag.py:2379} INFO - Sync 1 DAGs
[2025-05-09 14:37:47,777] {logging_mixin.py:115} INFO - [2025-05-09 14:37:47,777] {dag.py:2927} INFO - Setting next_dagrun for example_branch_labels to 2025-05-08T00:00:00+00:00, run_after=2025-05-09T00:00:00+00:00
[2025-05-09 14:37:47,787] {processor.py:161} INFO - Processing /home/pedro/Documentos/airflow/venv/lib/python3.9/site-packages/airflow/example_dags/example_branch_labels.py took 0.057 seconds
[2025-05-09 14:38:20,850] {processor.py:153} INFO - Started process (PID=64748) to work on /home/pedro/Documentos/airflow/venv/lib/python3.9/site-packages/airflow/example_dags/example_branch_labels.py
[2025-05-09 14:38:20,863] {processor.py:641} INFO - Processing file /home/pedro/Documentos/airflow/venv/lib/python3.9/site-packages/airflow/example_dags/example_branch_labels.py for tasks to queue
[2025-05-09 14:38:20,863] {logging_mixin.py:115} INFO - [2025-05-09 14:38:20,863] {dagbag.py:507} INFO - Filling up the DagBag from /home/pedro/Documentos/airflow/venv/lib/python3.9/site-packages/airflow/example_dags/example_branch_labels.py
[2025-05-09 14:38:20,869] {processor.py:651} INFO - DAG(s) dict_keys(['example_branch_labels']) retrieved from /home/pedro/Documentos/airflow/venv/lib/python3.9/site-packages/airflow/example_dags/example_branch_labels.py
[2025-05-09 14:38:20,884] {logging_mixin.py:115} INFO - [2025-05-09 14:38:20,883] {dag.py:2379} INFO - Sync 1 DAGs
[2025-05-09 14:38:20,899] {logging_mixin.py:115} INFO - [2025-05-09 14:38:20,898] {dag.py:2927} INFO - Setting next_dagrun for example_branch_labels to 2025-05-08T00:00:00+00:00, run_after=2025-05-09T00:00:00+00:00
[2025-05-09 14:38:20,909] {processor.py:161} INFO - Processing /home/pedro/Documentos/airflow/venv/lib/python3.9/site-packages/airflow/example_dags/example_branch_labels.py took 0.061 seconds
[2025-05-09 14:38:58,794] {processor.py:153} INFO - Started process (PID=65148) to work on /home/pedro/Documentos/airflow/venv/lib/python3.9/site-packages/airflow/example_dags/example_branch_labels.py
[2025-05-09 14:38:58,806] {processor.py:641} INFO - Processing file /home/pedro/Documentos/airflow/venv/lib/python3.9/site-packages/airflow/example_dags/example_branch_labels.py for tasks to queue
[2025-05-09 14:38:58,807] {logging_mixin.py:115} INFO - [2025-05-09 14:38:58,807] {dagbag.py:507} INFO - Filling up the DagBag from /home/pedro/Documentos/airflow/venv/lib/python3.9/site-packages/airflow/example_dags/example_branch_labels.py
[2025-05-09 14:38:58,811] {processor.py:651} INFO - DAG(s) dict_keys(['example_branch_labels']) retrieved from /home/pedro/Documentos/airflow/venv/lib/python3.9/site-packages/airflow/example_dags/example_branch_labels.py
[2025-05-09 14:38:58,823] {logging_mixin.py:115} INFO - [2025-05-09 14:38:58,823] {dag.py:2379} INFO - Sync 1 DAGs
[2025-05-09 14:38:58,836] {logging_mixin.py:115} INFO - [2025-05-09 14:38:58,836] {dag.py:2927} INFO - Setting next_dagrun for example_branch_labels to 2025-05-08T00:00:00+00:00, run_after=2025-05-09T00:00:00+00:00
[2025-05-09 14:38:58,846] {processor.py:161} INFO - Processing /home/pedro/Documentos/airflow/venv/lib/python3.9/site-packages/airflow/example_dags/example_branch_labels.py took 0.054 seconds
[2025-05-09 14:39:37,086] {processor.py:153} INFO - Started process (PID=65545) to work on /home/pedro/Documentos/airflow/venv/lib/python3.9/site-packages/airflow/example_dags/example_branch_labels.py
[2025-05-09 14:39:37,098] {processor.py:641} INFO - Processing file /home/pedro/Documentos/airflow/venv/lib/python3.9/site-packages/airflow/example_dags/example_branch_labels.py for tasks to queue
[2025-05-09 14:39:37,099] {logging_mixin.py:115} INFO - [2025-05-09 14:39:37,099] {dagbag.py:507} INFO - Filling up the DagBag from /home/pedro/Documentos/airflow/venv/lib/python3.9/site-packages/airflow/example_dags/example_branch_labels.py
[2025-05-09 14:39:37,103] {processor.py:651} INFO - DAG(s) dict_keys(['example_branch_labels']) retrieved from /home/pedro/Documentos/airflow/venv/lib/python3.9/site-packages/airflow/example_dags/example_branch_labels.py
[2025-05-09 14:39:37,115] {logging_mixin.py:115} INFO - [2025-05-09 14:39:37,115] {dag.py:2379} INFO - Sync 1 DAGs
[2025-05-09 14:39:37,128] {logging_mixin.py:115} INFO - [2025-05-09 14:39:37,128] {dag.py:2927} INFO - Setting next_dagrun for example_branch_labels to 2025-05-08T00:00:00+00:00, run_after=2025-05-09T00:00:00+00:00
[2025-05-09 14:39:37,137] {processor.py:161} INFO - Processing /home/pedro/Documentos/airflow/venv/lib/python3.9/site-packages/airflow/example_dags/example_branch_labels.py took 0.053 seconds
[2025-05-09 14:40:09,071] {processor.py:153} INFO - Started process (PID=65736) to work on /home/pedro/Documentos/airflow/venv/lib/python3.9/site-packages/airflow/example_dags/example_branch_labels.py
[2025-05-09 14:40:09,083] {processor.py:641} INFO - Processing file /home/pedro/Documentos/airflow/venv/lib/python3.9/site-packages/airflow/example_dags/example_branch_labels.py for tasks to queue
[2025-05-09 14:40:09,084] {logging_mixin.py:115} INFO - [2025-05-09 14:40:09,083] {dagbag.py:507} INFO - Filling up the DagBag from /home/pedro/Documentos/airflow/venv/lib/python3.9/site-packages/airflow/example_dags/example_branch_labels.py
[2025-05-09 14:40:09,088] {processor.py:651} INFO - DAG(s) dict_keys(['example_branch_labels']) retrieved from /home/pedro/Documentos/airflow/venv/lib/python3.9/site-packages/airflow/example_dags/example_branch_labels.py
[2025-05-09 14:40:09,100] {logging_mixin.py:115} INFO - [2025-05-09 14:40:09,100] {dag.py:2379} INFO - Sync 1 DAGs
[2025-05-09 14:40:09,114] {logging_mixin.py:115} INFO - [2025-05-09 14:40:09,114] {dag.py:2927} INFO - Setting next_dagrun for example_branch_labels to 2025-05-08T00:00:00+00:00, run_after=2025-05-09T00:00:00+00:00
[2025-05-09 14:40:09,123] {processor.py:161} INFO - Processing /home/pedro/Documentos/airflow/venv/lib/python3.9/site-packages/airflow/example_dags/example_branch_labels.py took 0.054 seconds
[2025-05-09 14:40:43,937] {processor.py:153} INFO - Started process (PID=66010) to work on /home/pedro/Documentos/airflow/venv/lib/python3.9/site-packages/airflow/example_dags/example_branch_labels.py
[2025-05-09 14:40:43,938] {processor.py:641} INFO - Processing file /home/pedro/Documentos/airflow/venv/lib/python3.9/site-packages/airflow/example_dags/example_branch_labels.py for tasks to queue
[2025-05-09 14:40:43,938] {logging_mixin.py:115} INFO - [2025-05-09 14:40:43,938] {dagbag.py:507} INFO - Filling up the DagBag from /home/pedro/Documentos/airflow/venv/lib/python3.9/site-packages/airflow/example_dags/example_branch_labels.py
[2025-05-09 14:40:43,942] {processor.py:651} INFO - DAG(s) dict_keys(['example_branch_labels']) retrieved from /home/pedro/Documentos/airflow/venv/lib/python3.9/site-packages/airflow/example_dags/example_branch_labels.py
[2025-05-09 14:40:43,954] {logging_mixin.py:115} INFO - [2025-05-09 14:40:43,954] {dag.py:2379} INFO - Sync 1 DAGs
[2025-05-09 14:40:43,967] {logging_mixin.py:115} INFO - [2025-05-09 14:40:43,967] {dag.py:2927} INFO - Setting next_dagrun for example_branch_labels to 2025-05-08T00:00:00+00:00, run_after=2025-05-09T00:00:00+00:00
[2025-05-09 14:40:43,978] {processor.py:161} INFO - Processing /home/pedro/Documentos/airflow/venv/lib/python3.9/site-packages/airflow/example_dags/example_branch_labels.py took 0.043 seconds
[2025-05-09 14:41:17,609] {processor.py:153} INFO - Started process (PID=66623) to work on /home/pedro/Documentos/airflow/venv/lib/python3.9/site-packages/airflow/example_dags/example_branch_labels.py
[2025-05-09 14:41:17,621] {processor.py:641} INFO - Processing file /home/pedro/Documentos/airflow/venv/lib/python3.9/site-packages/airflow/example_dags/example_branch_labels.py for tasks to queue
[2025-05-09 14:41:17,622] {logging_mixin.py:115} INFO - [2025-05-09 14:41:17,622] {dagbag.py:507} INFO - Filling up the DagBag from /home/pedro/Documentos/airflow/venv/lib/python3.9/site-packages/airflow/example_dags/example_branch_labels.py
[2025-05-09 14:41:17,627] {processor.py:651} INFO - DAG(s) dict_keys(['example_branch_labels']) retrieved from /home/pedro/Documentos/airflow/venv/lib/python3.9/site-packages/airflow/example_dags/example_branch_labels.py
[2025-05-09 14:41:17,640] {logging_mixin.py:115} INFO - [2025-05-09 14:41:17,640] {dag.py:2379} INFO - Sync 1 DAGs
[2025-05-09 14:41:17,659] {logging_mixin.py:115} INFO - [2025-05-09 14:41:17,659] {dag.py:2927} INFO - Setting next_dagrun for example_branch_labels to 2025-05-08T00:00:00+00:00, run_after=2025-05-09T00:00:00+00:00
[2025-05-09 14:41:17,675] {processor.py:161} INFO - Processing /home/pedro/Documentos/airflow/venv/lib/python3.9/site-packages/airflow/example_dags/example_branch_labels.py took 0.069 seconds
[2025-05-09 14:41:54,784] {processor.py:153} INFO - Started process (PID=66962) to work on /home/pedro/Documentos/airflow/venv/lib/python3.9/site-packages/airflow/example_dags/example_branch_labels.py
[2025-05-09 14:41:54,796] {processor.py:641} INFO - Processing file /home/pedro/Documentos/airflow/venv/lib/python3.9/site-packages/airflow/example_dags/example_branch_labels.py for tasks to queue
[2025-05-09 14:41:54,797] {logging_mixin.py:115} INFO - [2025-05-09 14:41:54,797] {dagbag.py:507} INFO - Filling up the DagBag from /home/pedro/Documentos/airflow/venv/lib/python3.9/site-packages/airflow/example_dags/example_branch_labels.py
[2025-05-09 14:41:54,801] {processor.py:651} INFO - DAG(s) dict_keys(['example_branch_labels']) retrieved from /home/pedro/Documentos/airflow/venv/lib/python3.9/site-packages/airflow/example_dags/example_branch_labels.py
[2025-05-09 14:41:54,812] {logging_mixin.py:115} INFO - [2025-05-09 14:41:54,812] {dag.py:2379} INFO - Sync 1 DAGs
[2025-05-09 14:41:54,827] {logging_mixin.py:115} INFO - [2025-05-09 14:41:54,827] {dag.py:2927} INFO - Setting next_dagrun for example_branch_labels to 2025-05-08T00:00:00+00:00, run_after=2025-05-09T00:00:00+00:00
[2025-05-09 14:41:54,836] {processor.py:161} INFO - Processing /home/pedro/Documentos/airflow/venv/lib/python3.9/site-packages/airflow/example_dags/example_branch_labels.py took 0.054 seconds
[2025-05-09 14:42:27,905] {processor.py:153} INFO - Started process (PID=67158) to work on /home/pedro/Documentos/airflow/venv/lib/python3.9/site-packages/airflow/example_dags/example_branch_labels.py
[2025-05-09 14:42:27,917] {processor.py:641} INFO - Processing file /home/pedro/Documentos/airflow/venv/lib/python3.9/site-packages/airflow/example_dags/example_branch_labels.py for tasks to queue
[2025-05-09 14:42:27,918] {logging_mixin.py:115} INFO - [2025-05-09 14:42:27,918] {dagbag.py:507} INFO - Filling up the DagBag from /home/pedro/Documentos/airflow/venv/lib/python3.9/site-packages/airflow/example_dags/example_branch_labels.py
[2025-05-09 14:42:27,922] {processor.py:651} INFO - DAG(s) dict_keys(['example_branch_labels']) retrieved from /home/pedro/Documentos/airflow/venv/lib/python3.9/site-packages/airflow/example_dags/example_branch_labels.py
[2025-05-09 14:42:27,934] {logging_mixin.py:115} INFO - [2025-05-09 14:42:27,934] {dag.py:2379} INFO - Sync 1 DAGs
[2025-05-09 14:42:27,948] {logging_mixin.py:115} INFO - [2025-05-09 14:42:27,948] {dag.py:2927} INFO - Setting next_dagrun for example_branch_labels to 2025-05-08T00:00:00+00:00, run_after=2025-05-09T00:00:00+00:00
[2025-05-09 14:42:27,958] {processor.py:161} INFO - Processing /home/pedro/Documentos/airflow/venv/lib/python3.9/site-packages/airflow/example_dags/example_branch_labels.py took 0.055 seconds
[2025-05-09 14:43:01,647] {processor.py:153} INFO - Started process (PID=67350) to work on /home/pedro/Documentos/airflow/venv/lib/python3.9/site-packages/airflow/example_dags/example_branch_labels.py
[2025-05-09 14:43:01,659] {processor.py:641} INFO - Processing file /home/pedro/Documentos/airflow/venv/lib/python3.9/site-packages/airflow/example_dags/example_branch_labels.py for tasks to queue
[2025-05-09 14:43:01,660] {logging_mixin.py:115} INFO - [2025-05-09 14:43:01,660] {dagbag.py:507} INFO - Filling up the DagBag from /home/pedro/Documentos/airflow/venv/lib/python3.9/site-packages/airflow/example_dags/example_branch_labels.py
[2025-05-09 14:43:01,664] {processor.py:651} INFO - DAG(s) dict_keys(['example_branch_labels']) retrieved from /home/pedro/Documentos/airflow/venv/lib/python3.9/site-packages/airflow/example_dags/example_branch_labels.py
[2025-05-09 14:43:01,677] {logging_mixin.py:115} INFO - [2025-05-09 14:43:01,677] {dag.py:2379} INFO - Sync 1 DAGs
[2025-05-09 14:43:01,690] {logging_mixin.py:115} INFO - [2025-05-09 14:43:01,690] {dag.py:2927} INFO - Setting next_dagrun for example_branch_labels to 2025-05-08T00:00:00+00:00, run_after=2025-05-09T00:00:00+00:00
[2025-05-09 14:43:01,700] {processor.py:161} INFO - Processing /home/pedro/Documentos/airflow/venv/lib/python3.9/site-packages/airflow/example_dags/example_branch_labels.py took 0.055 seconds
[2025-05-09 14:43:36,500] {processor.py:153} INFO - Started process (PID=67989) to work on /home/pedro/Documentos/airflow/venv/lib/python3.9/site-packages/airflow/example_dags/example_branch_labels.py
[2025-05-09 14:43:36,512] {processor.py:641} INFO - Processing file /home/pedro/Documentos/airflow/venv/lib/python3.9/site-packages/airflow/example_dags/example_branch_labels.py for tasks to queue
[2025-05-09 14:43:36,513] {logging_mixin.py:115} INFO - [2025-05-09 14:43:36,513] {dagbag.py:507} INFO - Filling up the DagBag from /home/pedro/Documentos/airflow/venv/lib/python3.9/site-packages/airflow/example_dags/example_branch_labels.py
[2025-05-09 14:43:36,517] {processor.py:651} INFO - DAG(s) dict_keys(['example_branch_labels']) retrieved from /home/pedro/Documentos/airflow/venv/lib/python3.9/site-packages/airflow/example_dags/example_branch_labels.py
[2025-05-09 14:43:36,529] {logging_mixin.py:115} INFO - [2025-05-09 14:43:36,529] {dag.py:2379} INFO - Sync 1 DAGs
[2025-05-09 14:43:36,546] {logging_mixin.py:115} INFO - [2025-05-09 14:43:36,546] {dag.py:2927} INFO - Setting next_dagrun for example_branch_labels to 2025-05-08T00:00:00+00:00, run_after=2025-05-09T00:00:00+00:00
[2025-05-09 14:43:36,556] {processor.py:161} INFO - Processing /home/pedro/Documentos/airflow/venv/lib/python3.9/site-packages/airflow/example_dags/example_branch_labels.py took 0.058 seconds
[2025-05-09 14:44:10,672] {processor.py:153} INFO - Started process (PID=68265) to work on /home/pedro/Documentos/airflow/venv/lib/python3.9/site-packages/airflow/example_dags/example_branch_labels.py
[2025-05-09 14:44:10,684] {processor.py:641} INFO - Processing file /home/pedro/Documentos/airflow/venv/lib/python3.9/site-packages/airflow/example_dags/example_branch_labels.py for tasks to queue
[2025-05-09 14:44:10,685] {logging_mixin.py:115} INFO - [2025-05-09 14:44:10,685] {dagbag.py:507} INFO - Filling up the DagBag from /home/pedro/Documentos/airflow/venv/lib/python3.9/site-packages/airflow/example_dags/example_branch_labels.py
[2025-05-09 14:44:10,689] {processor.py:651} INFO - DAG(s) dict_keys(['example_branch_labels']) retrieved from /home/pedro/Documentos/airflow/venv/lib/python3.9/site-packages/airflow/example_dags/example_branch_labels.py
[2025-05-09 14:44:10,701] {logging_mixin.py:115} INFO - [2025-05-09 14:44:10,700] {dag.py:2379} INFO - Sync 1 DAGs
[2025-05-09 14:44:10,715] {logging_mixin.py:115} INFO - [2025-05-09 14:44:10,715] {dag.py:2927} INFO - Setting next_dagrun for example_branch_labels to 2025-05-08T00:00:00+00:00, run_after=2025-05-09T00:00:00+00:00
[2025-05-09 14:44:10,724] {processor.py:161} INFO - Processing /home/pedro/Documentos/airflow/venv/lib/python3.9/site-packages/airflow/example_dags/example_branch_labels.py took 0.054 seconds
[2025-05-09 14:44:48,411] {processor.py:153} INFO - Started process (PID=68479) to work on /home/pedro/Documentos/airflow/venv/lib/python3.9/site-packages/airflow/example_dags/example_branch_labels.py
[2025-05-09 14:44:48,424] {processor.py:641} INFO - Processing file /home/pedro/Documentos/airflow/venv/lib/python3.9/site-packages/airflow/example_dags/example_branch_labels.py for tasks to queue
[2025-05-09 14:44:48,424] {logging_mixin.py:115} INFO - [2025-05-09 14:44:48,424] {dagbag.py:507} INFO - Filling up the DagBag from /home/pedro/Documentos/airflow/venv/lib/python3.9/site-packages/airflow/example_dags/example_branch_labels.py
[2025-05-09 14:44:48,428] {processor.py:651} INFO - DAG(s) dict_keys(['example_branch_labels']) retrieved from /home/pedro/Documentos/airflow/venv/lib/python3.9/site-packages/airflow/example_dags/example_branch_labels.py
[2025-05-09 14:44:48,438] {logging_mixin.py:115} INFO - [2025-05-09 14:44:48,438] {dag.py:2379} INFO - Sync 1 DAGs
[2025-05-09 14:44:48,452] {logging_mixin.py:115} INFO - [2025-05-09 14:44:48,452] {dag.py:2927} INFO - Setting next_dagrun for example_branch_labels to 2025-05-08T00:00:00+00:00, run_after=2025-05-09T00:00:00+00:00
[2025-05-09 14:44:48,461] {processor.py:161} INFO - Processing /home/pedro/Documentos/airflow/venv/lib/python3.9/site-packages/airflow/example_dags/example_branch_labels.py took 0.052 seconds
[2025-05-09 14:45:24,306] {processor.py:153} INFO - Started process (PID=68727) to work on /home/pedro/Documentos/airflow/venv/lib/python3.9/site-packages/airflow/example_dags/example_branch_labels.py
[2025-05-09 14:45:24,307] {processor.py:641} INFO - Processing file /home/pedro/Documentos/airflow/venv/lib/python3.9/site-packages/airflow/example_dags/example_branch_labels.py for tasks to queue
[2025-05-09 14:45:24,307] {logging_mixin.py:115} INFO - [2025-05-09 14:45:24,307] {dagbag.py:507} INFO - Filling up the DagBag from /home/pedro/Documentos/airflow/venv/lib/python3.9/site-packages/airflow/example_dags/example_branch_labels.py
[2025-05-09 14:45:24,311] {processor.py:651} INFO - DAG(s) dict_keys(['example_branch_labels']) retrieved from /home/pedro/Documentos/airflow/venv/lib/python3.9/site-packages/airflow/example_dags/example_branch_labels.py
[2025-05-09 14:45:24,323] {logging_mixin.py:115} INFO - [2025-05-09 14:45:24,323] {dag.py:2379} INFO - Sync 1 DAGs
[2025-05-09 14:45:24,338] {logging_mixin.py:115} INFO - [2025-05-09 14:45:24,338] {dag.py:2927} INFO - Setting next_dagrun for example_branch_labels to 2025-05-08T00:00:00+00:00, run_after=2025-05-09T00:00:00+00:00
[2025-05-09 14:45:24,348] {processor.py:161} INFO - Processing /home/pedro/Documentos/airflow/venv/lib/python3.9/site-packages/airflow/example_dags/example_branch_labels.py took 0.043 seconds
[2025-05-09 14:45:58,682] {processor.py:153} INFO - Started process (PID=68930) to work on /home/pedro/Documentos/airflow/venv/lib/python3.9/site-packages/airflow/example_dags/example_branch_labels.py
[2025-05-09 14:45:58,696] {processor.py:641} INFO - Processing file /home/pedro/Documentos/airflow/venv/lib/python3.9/site-packages/airflow/example_dags/example_branch_labels.py for tasks to queue
[2025-05-09 14:45:58,696] {logging_mixin.py:115} INFO - [2025-05-09 14:45:58,696] {dagbag.py:507} INFO - Filling up the DagBag from /home/pedro/Documentos/airflow/venv/lib/python3.9/site-packages/airflow/example_dags/example_branch_labels.py
[2025-05-09 14:45:58,700] {processor.py:651} INFO - DAG(s) dict_keys(['example_branch_labels']) retrieved from /home/pedro/Documentos/airflow/venv/lib/python3.9/site-packages/airflow/example_dags/example_branch_labels.py
[2025-05-09 14:45:58,712] {logging_mixin.py:115} INFO - [2025-05-09 14:45:58,712] {dag.py:2379} INFO - Sync 1 DAGs
[2025-05-09 14:45:58,726] {logging_mixin.py:115} INFO - [2025-05-09 14:45:58,726] {dag.py:2927} INFO - Setting next_dagrun for example_branch_labels to 2025-05-08T00:00:00+00:00, run_after=2025-05-09T00:00:00+00:00
[2025-05-09 14:45:58,797] {processor.py:161} INFO - Processing /home/pedro/Documentos/airflow/venv/lib/python3.9/site-packages/airflow/example_dags/example_branch_labels.py took 0.117 seconds
[2025-05-09 14:46:34,824] {processor.py:153} INFO - Started process (PID=69156) to work on /home/pedro/Documentos/airflow/venv/lib/python3.9/site-packages/airflow/example_dags/example_branch_labels.py
[2025-05-09 14:46:34,836] {processor.py:641} INFO - Processing file /home/pedro/Documentos/airflow/venv/lib/python3.9/site-packages/airflow/example_dags/example_branch_labels.py for tasks to queue
[2025-05-09 14:46:34,837] {logging_mixin.py:115} INFO - [2025-05-09 14:46:34,837] {dagbag.py:507} INFO - Filling up the DagBag from /home/pedro/Documentos/airflow/venv/lib/python3.9/site-packages/airflow/example_dags/example_branch_labels.py
[2025-05-09 14:46:34,841] {processor.py:651} INFO - DAG(s) dict_keys(['example_branch_labels']) retrieved from /home/pedro/Documentos/airflow/venv/lib/python3.9/site-packages/airflow/example_dags/example_branch_labels.py
[2025-05-09 14:46:34,853] {logging_mixin.py:115} INFO - [2025-05-09 14:46:34,853] {dag.py:2379} INFO - Sync 1 DAGs
[2025-05-09 14:46:34,866] {logging_mixin.py:115} INFO - [2025-05-09 14:46:34,866] {dag.py:2927} INFO - Setting next_dagrun for example_branch_labels to 2025-05-08T00:00:00+00:00, run_after=2025-05-09T00:00:00+00:00
[2025-05-09 14:46:34,875] {processor.py:161} INFO - Processing /home/pedro/Documentos/airflow/venv/lib/python3.9/site-packages/airflow/example_dags/example_branch_labels.py took 0.053 seconds
[2025-05-09 14:47:08,341] {processor.py:153} INFO - Started process (PID=69747) to work on /home/pedro/Documentos/airflow/venv/lib/python3.9/site-packages/airflow/example_dags/example_branch_labels.py
[2025-05-09 14:47:08,353] {processor.py:641} INFO - Processing file /home/pedro/Documentos/airflow/venv/lib/python3.9/site-packages/airflow/example_dags/example_branch_labels.py for tasks to queue
[2025-05-09 14:47:08,354] {logging_mixin.py:115} INFO - [2025-05-09 14:47:08,354] {dagbag.py:507} INFO - Filling up the DagBag from /home/pedro/Documentos/airflow/venv/lib/python3.9/site-packages/airflow/example_dags/example_branch_labels.py
[2025-05-09 14:47:08,358] {processor.py:651} INFO - DAG(s) dict_keys(['example_branch_labels']) retrieved from /home/pedro/Documentos/airflow/venv/lib/python3.9/site-packages/airflow/example_dags/example_branch_labels.py
[2025-05-09 14:47:08,370] {logging_mixin.py:115} INFO - [2025-05-09 14:47:08,370] {dag.py:2379} INFO - Sync 1 DAGs
[2025-05-09 14:47:08,384] {logging_mixin.py:115} INFO - [2025-05-09 14:47:08,383] {dag.py:2927} INFO - Setting next_dagrun for example_branch_labels to 2025-05-08T00:00:00+00:00, run_after=2025-05-09T00:00:00+00:00
[2025-05-09 14:47:08,392] {processor.py:161} INFO - Processing /home/pedro/Documentos/airflow/venv/lib/python3.9/site-packages/airflow/example_dags/example_branch_labels.py took 0.053 seconds
[2025-05-09 14:47:48,199] {processor.py:153} INFO - Started process (PID=70052) to work on /home/pedro/Documentos/airflow/venv/lib/python3.9/site-packages/airflow/example_dags/example_branch_labels.py
[2025-05-09 14:47:48,209] {processor.py:641} INFO - Processing file /home/pedro/Documentos/airflow/venv/lib/python3.9/site-packages/airflow/example_dags/example_branch_labels.py for tasks to queue
[2025-05-09 14:47:48,209] {logging_mixin.py:115} INFO - [2025-05-09 14:47:48,209] {dagbag.py:507} INFO - Filling up the DagBag from /home/pedro/Documentos/airflow/venv/lib/python3.9/site-packages/airflow/example_dags/example_branch_labels.py
[2025-05-09 14:47:48,213] {processor.py:651} INFO - DAG(s) dict_keys(['example_branch_labels']) retrieved from /home/pedro/Documentos/airflow/venv/lib/python3.9/site-packages/airflow/example_dags/example_branch_labels.py
[2025-05-09 14:47:48,225] {logging_mixin.py:115} INFO - [2025-05-09 14:47:48,225] {dag.py:2379} INFO - Sync 1 DAGs
[2025-05-09 14:47:48,240] {logging_mixin.py:115} INFO - [2025-05-09 14:47:48,240] {dag.py:2927} INFO - Setting next_dagrun for example_branch_labels to 2025-05-08T00:00:00+00:00, run_after=2025-05-09T00:00:00+00:00
[2025-05-09 14:47:48,249] {processor.py:161} INFO - Processing /home/pedro/Documentos/airflow/venv/lib/python3.9/site-packages/airflow/example_dags/example_branch_labels.py took 0.052 seconds
[2025-05-09 14:48:21,882] {processor.py:153} INFO - Started process (PID=70255) to work on /home/pedro/Documentos/airflow/venv/lib/python3.9/site-packages/airflow/example_dags/example_branch_labels.py
[2025-05-09 14:48:21,895] {processor.py:641} INFO - Processing file /home/pedro/Documentos/airflow/venv/lib/python3.9/site-packages/airflow/example_dags/example_branch_labels.py for tasks to queue
[2025-05-09 14:48:21,895] {logging_mixin.py:115} INFO - [2025-05-09 14:48:21,895] {dagbag.py:507} INFO - Filling up the DagBag from /home/pedro/Documentos/airflow/venv/lib/python3.9/site-packages/airflow/example_dags/example_branch_labels.py
[2025-05-09 14:48:21,899] {processor.py:651} INFO - DAG(s) dict_keys(['example_branch_labels']) retrieved from /home/pedro/Documentos/airflow/venv/lib/python3.9/site-packages/airflow/example_dags/example_branch_labels.py
[2025-05-09 14:48:21,911] {logging_mixin.py:115} INFO - [2025-05-09 14:48:21,911] {dag.py:2379} INFO - Sync 1 DAGs
[2025-05-09 14:48:21,925] {logging_mixin.py:115} INFO - [2025-05-09 14:48:21,925] {dag.py:2927} INFO - Setting next_dagrun for example_branch_labels to 2025-05-08T00:00:00+00:00, run_after=2025-05-09T00:00:00+00:00
[2025-05-09 14:48:21,935] {processor.py:161} INFO - Processing /home/pedro/Documentos/airflow/venv/lib/python3.9/site-packages/airflow/example_dags/example_branch_labels.py took 0.054 seconds
[2025-05-09 14:48:54,965] {processor.py:153} INFO - Started process (PID=70574) to work on /home/pedro/Documentos/airflow/venv/lib/python3.9/site-packages/airflow/example_dags/example_branch_labels.py
[2025-05-09 14:48:54,977] {processor.py:641} INFO - Processing file /home/pedro/Documentos/airflow/venv/lib/python3.9/site-packages/airflow/example_dags/example_branch_labels.py for tasks to queue
[2025-05-09 14:48:54,978] {logging_mixin.py:115} INFO - [2025-05-09 14:48:54,978] {dagbag.py:507} INFO - Filling up the DagBag from /home/pedro/Documentos/airflow/venv/lib/python3.9/site-packages/airflow/example_dags/example_branch_labels.py
[2025-05-09 14:48:54,982] {processor.py:651} INFO - DAG(s) dict_keys(['example_branch_labels']) retrieved from /home/pedro/Documentos/airflow/venv/lib/python3.9/site-packages/airflow/example_dags/example_branch_labels.py
[2025-05-09 14:48:54,997] {logging_mixin.py:115} INFO - [2025-05-09 14:48:54,997] {dag.py:2379} INFO - Sync 1 DAGs
[2025-05-09 14:48:55,010] {logging_mixin.py:115} INFO - [2025-05-09 14:48:55,010] {dag.py:2927} INFO - Setting next_dagrun for example_branch_labels to 2025-05-08T00:00:00+00:00, run_after=2025-05-09T00:00:00+00:00
[2025-05-09 14:48:55,020] {processor.py:161} INFO - Processing /home/pedro/Documentos/airflow/venv/lib/python3.9/site-packages/airflow/example_dags/example_branch_labels.py took 0.058 seconds
[2025-05-09 14:49:32,095] {processor.py:153} INFO - Started process (PID=70809) to work on /home/pedro/Documentos/airflow/venv/lib/python3.9/site-packages/airflow/example_dags/example_branch_labels.py
[2025-05-09 14:49:32,108] {processor.py:641} INFO - Processing file /home/pedro/Documentos/airflow/venv/lib/python3.9/site-packages/airflow/example_dags/example_branch_labels.py for tasks to queue
[2025-05-09 14:49:32,108] {logging_mixin.py:115} INFO - [2025-05-09 14:49:32,108] {dagbag.py:507} INFO - Filling up the DagBag from /home/pedro/Documentos/airflow/venv/lib/python3.9/site-packages/airflow/example_dags/example_branch_labels.py
[2025-05-09 14:49:32,113] {processor.py:651} INFO - DAG(s) dict_keys(['example_branch_labels']) retrieved from /home/pedro/Documentos/airflow/venv/lib/python3.9/site-packages/airflow/example_dags/example_branch_labels.py
[2025-05-09 14:49:32,128] {logging_mixin.py:115} INFO - [2025-05-09 14:49:32,128] {dag.py:2379} INFO - Sync 1 DAGs
[2025-05-09 14:49:32,142] {logging_mixin.py:115} INFO - [2025-05-09 14:49:32,142] {dag.py:2927} INFO - Setting next_dagrun for example_branch_labels to 2025-05-08T00:00:00+00:00, run_after=2025-05-09T00:00:00+00:00
[2025-05-09 14:49:32,153] {processor.py:161} INFO - Processing /home/pedro/Documentos/airflow/venv/lib/python3.9/site-packages/airflow/example_dags/example_branch_labels.py took 0.060 seconds
[2025-05-09 14:50:06,870] {processor.py:153} INFO - Started process (PID=71016) to work on /home/pedro/Documentos/airflow/venv/lib/python3.9/site-packages/airflow/example_dags/example_branch_labels.py
[2025-05-09 14:50:06,882] {processor.py:641} INFO - Processing file /home/pedro/Documentos/airflow/venv/lib/python3.9/site-packages/airflow/example_dags/example_branch_labels.py for tasks to queue
[2025-05-09 14:50:06,883] {logging_mixin.py:115} INFO - [2025-05-09 14:50:06,882] {dagbag.py:507} INFO - Filling up the DagBag from /home/pedro/Documentos/airflow/venv/lib/python3.9/site-packages/airflow/example_dags/example_branch_labels.py
[2025-05-09 14:50:06,887] {processor.py:651} INFO - DAG(s) dict_keys(['example_branch_labels']) retrieved from /home/pedro/Documentos/airflow/venv/lib/python3.9/site-packages/airflow/example_dags/example_branch_labels.py
[2025-05-09 14:50:06,900] {logging_mixin.py:115} INFO - [2025-05-09 14:50:06,900] {dag.py:2379} INFO - Sync 1 DAGs
[2025-05-09 14:50:06,913] {logging_mixin.py:115} INFO - [2025-05-09 14:50:06,912] {dag.py:2927} INFO - Setting next_dagrun for example_branch_labels to 2025-05-08T00:00:00+00:00, run_after=2025-05-09T00:00:00+00:00
[2025-05-09 14:50:06,922] {processor.py:161} INFO - Processing /home/pedro/Documentos/airflow/venv/lib/python3.9/site-packages/airflow/example_dags/example_branch_labels.py took 0.054 seconds
[2025-05-09 14:50:42,858] {processor.py:153} INFO - Started process (PID=71316) to work on /home/pedro/Documentos/airflow/venv/lib/python3.9/site-packages/airflow/example_dags/example_branch_labels.py
[2025-05-09 14:50:42,870] {processor.py:641} INFO - Processing file /home/pedro/Documentos/airflow/venv/lib/python3.9/site-packages/airflow/example_dags/example_branch_labels.py for tasks to queue
[2025-05-09 14:50:42,871] {logging_mixin.py:115} INFO - [2025-05-09 14:50:42,871] {dagbag.py:507} INFO - Filling up the DagBag from /home/pedro/Documentos/airflow/venv/lib/python3.9/site-packages/airflow/example_dags/example_branch_labels.py
[2025-05-09 14:50:42,875] {processor.py:651} INFO - DAG(s) dict_keys(['example_branch_labels']) retrieved from /home/pedro/Documentos/airflow/venv/lib/python3.9/site-packages/airflow/example_dags/example_branch_labels.py
[2025-05-09 14:50:42,888] {logging_mixin.py:115} INFO - [2025-05-09 14:50:42,888] {dag.py:2379} INFO - Sync 1 DAGs
[2025-05-09 14:50:42,901] {logging_mixin.py:115} INFO - [2025-05-09 14:50:42,901] {dag.py:2927} INFO - Setting next_dagrun for example_branch_labels to 2025-05-08T00:00:00+00:00, run_after=2025-05-09T00:00:00+00:00
[2025-05-09 14:50:42,911] {processor.py:161} INFO - Processing /home/pedro/Documentos/airflow/venv/lib/python3.9/site-packages/airflow/example_dags/example_branch_labels.py took 0.055 seconds
[2025-05-09 14:51:18,785] {processor.py:153} INFO - Started process (PID=71541) to work on /home/pedro/Documentos/airflow/venv/lib/python3.9/site-packages/airflow/example_dags/example_branch_labels.py
[2025-05-09 14:51:18,798] {processor.py:641} INFO - Processing file /home/pedro/Documentos/airflow/venv/lib/python3.9/site-packages/airflow/example_dags/example_branch_labels.py for tasks to queue
[2025-05-09 14:51:18,798] {logging_mixin.py:115} INFO - [2025-05-09 14:51:18,798] {dagbag.py:507} INFO - Filling up the DagBag from /home/pedro/Documentos/airflow/venv/lib/python3.9/site-packages/airflow/example_dags/example_branch_labels.py
[2025-05-09 14:51:18,803] {processor.py:651} INFO - DAG(s) dict_keys(['example_branch_labels']) retrieved from /home/pedro/Documentos/airflow/venv/lib/python3.9/site-packages/airflow/example_dags/example_branch_labels.py
[2025-05-09 14:51:18,816] {logging_mixin.py:115} INFO - [2025-05-09 14:51:18,816] {dag.py:2379} INFO - Sync 1 DAGs
[2025-05-09 14:51:18,828] {logging_mixin.py:115} INFO - [2025-05-09 14:51:18,828] {dag.py:2927} INFO - Setting next_dagrun for example_branch_labels to 2025-05-08T00:00:00+00:00, run_after=2025-05-09T00:00:00+00:00
[2025-05-09 14:51:18,837] {processor.py:161} INFO - Processing /home/pedro/Documentos/airflow/venv/lib/python3.9/site-packages/airflow/example_dags/example_branch_labels.py took 0.054 seconds
[2025-05-09 14:51:53,635] {processor.py:153} INFO - Started process (PID=71885) to work on /home/pedro/Documentos/airflow/venv/lib/python3.9/site-packages/airflow/example_dags/example_branch_labels.py
[2025-05-09 14:51:53,648] {processor.py:641} INFO - Processing file /home/pedro/Documentos/airflow/venv/lib/python3.9/site-packages/airflow/example_dags/example_branch_labels.py for tasks to queue
[2025-05-09 14:51:53,648] {logging_mixin.py:115} INFO - [2025-05-09 14:51:53,648] {dagbag.py:507} INFO - Filling up the DagBag from /home/pedro/Documentos/airflow/venv/lib/python3.9/site-packages/airflow/example_dags/example_branch_labels.py
[2025-05-09 14:51:53,652] {processor.py:651} INFO - DAG(s) dict_keys(['example_branch_labels']) retrieved from /home/pedro/Documentos/airflow/venv/lib/python3.9/site-packages/airflow/example_dags/example_branch_labels.py
[2025-05-09 14:51:53,666] {logging_mixin.py:115} INFO - [2025-05-09 14:51:53,666] {dag.py:2379} INFO - Sync 1 DAGs
[2025-05-09 14:51:53,678] {logging_mixin.py:115} INFO - [2025-05-09 14:51:53,678] {dag.py:2927} INFO - Setting next_dagrun for example_branch_labels to 2025-05-08T00:00:00+00:00, run_after=2025-05-09T00:00:00+00:00
[2025-05-09 14:51:53,687] {processor.py:161} INFO - Processing /home/pedro/Documentos/airflow/venv/lib/python3.9/site-packages/airflow/example_dags/example_branch_labels.py took 0.054 seconds
[2025-05-09 14:52:27,393] {processor.py:153} INFO - Started process (PID=72400) to work on /home/pedro/Documentos/airflow/venv/lib/python3.9/site-packages/airflow/example_dags/example_branch_labels.py
[2025-05-09 14:52:27,393] {processor.py:641} INFO - Processing file /home/pedro/Documentos/airflow/venv/lib/python3.9/site-packages/airflow/example_dags/example_branch_labels.py for tasks to queue
[2025-05-09 14:52:27,394] {logging_mixin.py:115} INFO - [2025-05-09 14:52:27,394] {dagbag.py:507} INFO - Filling up the DagBag from /home/pedro/Documentos/airflow/venv/lib/python3.9/site-packages/airflow/example_dags/example_branch_labels.py
[2025-05-09 14:52:27,398] {processor.py:651} INFO - DAG(s) dict_keys(['example_branch_labels']) retrieved from /home/pedro/Documentos/airflow/venv/lib/python3.9/site-packages/airflow/example_dags/example_branch_labels.py
[2025-05-09 14:52:27,413] {logging_mixin.py:115} INFO - [2025-05-09 14:52:27,413] {dag.py:2379} INFO - Sync 1 DAGs
[2025-05-09 14:52:27,425] {logging_mixin.py:115} INFO - [2025-05-09 14:52:27,425] {dag.py:2927} INFO - Setting next_dagrun for example_branch_labels to 2025-05-08T00:00:00+00:00, run_after=2025-05-09T00:00:00+00:00
[2025-05-09 14:52:27,434] {processor.py:161} INFO - Processing /home/pedro/Documentos/airflow/venv/lib/python3.9/site-packages/airflow/example_dags/example_branch_labels.py took 0.043 seconds
[2025-05-09 14:53:01,186] {processor.py:153} INFO - Started process (PID=72675) to work on /home/pedro/Documentos/airflow/venv/lib/python3.9/site-packages/airflow/example_dags/example_branch_labels.py
[2025-05-09 14:53:01,198] {processor.py:641} INFO - Processing file /home/pedro/Documentos/airflow/venv/lib/python3.9/site-packages/airflow/example_dags/example_branch_labels.py for tasks to queue
[2025-05-09 14:53:01,199] {logging_mixin.py:115} INFO - [2025-05-09 14:53:01,199] {dagbag.py:507} INFO - Filling up the DagBag from /home/pedro/Documentos/airflow/venv/lib/python3.9/site-packages/airflow/example_dags/example_branch_labels.py
[2025-05-09 14:53:01,204] {processor.py:651} INFO - DAG(s) dict_keys(['example_branch_labels']) retrieved from /home/pedro/Documentos/airflow/venv/lib/python3.9/site-packages/airflow/example_dags/example_branch_labels.py
[2025-05-09 14:53:01,217] {logging_mixin.py:115} INFO - [2025-05-09 14:53:01,216] {dag.py:2379} INFO - Sync 1 DAGs
[2025-05-09 14:53:01,230] {logging_mixin.py:115} INFO - [2025-05-09 14:53:01,230] {dag.py:2927} INFO - Setting next_dagrun for example_branch_labels to 2025-05-08T00:00:00+00:00, run_after=2025-05-09T00:00:00+00:00
[2025-05-09 14:53:01,239] {processor.py:161} INFO - Processing /home/pedro/Documentos/airflow/venv/lib/python3.9/site-packages/airflow/example_dags/example_branch_labels.py took 0.055 seconds
[2025-05-09 14:53:36,069] {processor.py:153} INFO - Started process (PID=73455) to work on /home/pedro/Documentos/airflow/venv/lib/python3.9/site-packages/airflow/example_dags/example_branch_labels.py
[2025-05-09 14:53:36,081] {processor.py:641} INFO - Processing file /home/pedro/Documentos/airflow/venv/lib/python3.9/site-packages/airflow/example_dags/example_branch_labels.py for tasks to queue
[2025-05-09 14:53:36,082] {logging_mixin.py:115} INFO - [2025-05-09 14:53:36,081] {dagbag.py:507} INFO - Filling up the DagBag from /home/pedro/Documentos/airflow/venv/lib/python3.9/site-packages/airflow/example_dags/example_branch_labels.py
[2025-05-09 14:53:36,086] {processor.py:651} INFO - DAG(s) dict_keys(['example_branch_labels']) retrieved from /home/pedro/Documentos/airflow/venv/lib/python3.9/site-packages/airflow/example_dags/example_branch_labels.py
[2025-05-09 14:53:36,101] {logging_mixin.py:115} INFO - [2025-05-09 14:53:36,101] {dag.py:2379} INFO - Sync 1 DAGs
[2025-05-09 14:53:36,114] {logging_mixin.py:115} INFO - [2025-05-09 14:53:36,114] {dag.py:2927} INFO - Setting next_dagrun for example_branch_labels to 2025-05-08T00:00:00+00:00, run_after=2025-05-09T00:00:00+00:00
[2025-05-09 14:53:36,127] {processor.py:161} INFO - Processing /home/pedro/Documentos/airflow/venv/lib/python3.9/site-packages/airflow/example_dags/example_branch_labels.py took 0.061 seconds
[2025-05-09 14:54:08,537] {processor.py:153} INFO - Started process (PID=74187) to work on /home/pedro/Documentos/airflow/venv/lib/python3.9/site-packages/airflow/example_dags/example_branch_labels.py
[2025-05-09 14:54:08,549] {processor.py:641} INFO - Processing file /home/pedro/Documentos/airflow/venv/lib/python3.9/site-packages/airflow/example_dags/example_branch_labels.py for tasks to queue
[2025-05-09 14:54:08,549] {logging_mixin.py:115} INFO - [2025-05-09 14:54:08,549] {dagbag.py:507} INFO - Filling up the DagBag from /home/pedro/Documentos/airflow/venv/lib/python3.9/site-packages/airflow/example_dags/example_branch_labels.py
[2025-05-09 14:54:08,554] {processor.py:651} INFO - DAG(s) dict_keys(['example_branch_labels']) retrieved from /home/pedro/Documentos/airflow/venv/lib/python3.9/site-packages/airflow/example_dags/example_branch_labels.py
[2025-05-09 14:54:08,567] {logging_mixin.py:115} INFO - [2025-05-09 14:54:08,567] {dag.py:2379} INFO - Sync 1 DAGs
[2025-05-09 14:54:08,580] {logging_mixin.py:115} INFO - [2025-05-09 14:54:08,580] {dag.py:2927} INFO - Setting next_dagrun for example_branch_labels to 2025-05-08T00:00:00+00:00, run_after=2025-05-09T00:00:00+00:00
[2025-05-09 14:54:08,589] {processor.py:161} INFO - Processing /home/pedro/Documentos/airflow/venv/lib/python3.9/site-packages/airflow/example_dags/example_branch_labels.py took 0.055 seconds
[2025-05-09 14:54:40,528] {processor.py:153} INFO - Started process (PID=74430) to work on /home/pedro/Documentos/airflow/venv/lib/python3.9/site-packages/airflow/example_dags/example_branch_labels.py
[2025-05-09 14:54:40,541] {processor.py:641} INFO - Processing file /home/pedro/Documentos/airflow/venv/lib/python3.9/site-packages/airflow/example_dags/example_branch_labels.py for tasks to queue
[2025-05-09 14:54:40,541] {logging_mixin.py:115} INFO - [2025-05-09 14:54:40,541] {dagbag.py:507} INFO - Filling up the DagBag from /home/pedro/Documentos/airflow/venv/lib/python3.9/site-packages/airflow/example_dags/example_branch_labels.py
[2025-05-09 14:54:40,546] {processor.py:651} INFO - DAG(s) dict_keys(['example_branch_labels']) retrieved from /home/pedro/Documentos/airflow/venv/lib/python3.9/site-packages/airflow/example_dags/example_branch_labels.py
[2025-05-09 14:54:40,559] {logging_mixin.py:115} INFO - [2025-05-09 14:54:40,559] {dag.py:2379} INFO - Sync 1 DAGs
[2025-05-09 14:54:40,572] {logging_mixin.py:115} INFO - [2025-05-09 14:54:40,572] {dag.py:2927} INFO - Setting next_dagrun for example_branch_labels to 2025-05-08T00:00:00+00:00, run_after=2025-05-09T00:00:00+00:00
[2025-05-09 14:54:40,581] {processor.py:161} INFO - Processing /home/pedro/Documentos/airflow/venv/lib/python3.9/site-packages/airflow/example_dags/example_branch_labels.py took 0.055 seconds
[2025-05-09 14:55:13,649] {processor.py:153} INFO - Started process (PID=74622) to work on /home/pedro/Documentos/airflow/venv/lib/python3.9/site-packages/airflow/example_dags/example_branch_labels.py
[2025-05-09 14:55:13,662] {processor.py:641} INFO - Processing file /home/pedro/Documentos/airflow/venv/lib/python3.9/site-packages/airflow/example_dags/example_branch_labels.py for tasks to queue
[2025-05-09 14:55:13,662] {logging_mixin.py:115} INFO - [2025-05-09 14:55:13,662] {dagbag.py:507} INFO - Filling up the DagBag from /home/pedro/Documentos/airflow/venv/lib/python3.9/site-packages/airflow/example_dags/example_branch_labels.py
[2025-05-09 14:55:13,666] {processor.py:651} INFO - DAG(s) dict_keys(['example_branch_labels']) retrieved from /home/pedro/Documentos/airflow/venv/lib/python3.9/site-packages/airflow/example_dags/example_branch_labels.py
[2025-05-09 14:55:13,680] {logging_mixin.py:115} INFO - [2025-05-09 14:55:13,680] {dag.py:2379} INFO - Sync 1 DAGs
[2025-05-09 14:55:13,692] {logging_mixin.py:115} INFO - [2025-05-09 14:55:13,691] {dag.py:2927} INFO - Setting next_dagrun for example_branch_labels to 2025-05-08T00:00:00+00:00, run_after=2025-05-09T00:00:00+00:00
[2025-05-09 14:55:13,701] {processor.py:161} INFO - Processing /home/pedro/Documentos/airflow/venv/lib/python3.9/site-packages/airflow/example_dags/example_branch_labels.py took 0.054 seconds
