[2025-05-09 14:34:11,687] {processor.py:153} INFO - Started process (PID=61847) to work on /home/pedro/Documentos/airflow/venv/lib/python3.9/site-packages/airflow/example_dags/example_external_task_marker_dag.py
[2025-05-09 14:34:11,688] {processor.py:641} INFO - Processing file /home/pedro/Documentos/airflow/venv/lib/python3.9/site-packages/airflow/example_dags/example_external_task_marker_dag.py for tasks to queue
[2025-05-09 14:34:11,688] {logging_mixin.py:115} INFO - [2025-05-09 14:34:11,688] {dagbag.py:507} INFO - Filling up the DagBag from /home/pedro/Documentos/airflow/venv/lib/python3.9/site-packages/airflow/example_dags/example_external_task_marker_dag.py
[2025-05-09 14:34:11,691] {processor.py:651} INFO - DAG(s) dict_keys(['example_external_task_marker_parent', 'example_external_task_marker_child']) retrieved from /home/pedro/Documentos/airflow/venv/lib/python3.9/site-packages/airflow/example_dags/example_external_task_marker_dag.py
[2025-05-09 14:34:11,766] {logging_mixin.py:115} INFO - [2025-05-09 14:34:11,766] {manager.py:508} INFO - Created Permission View: can delete on DAG:example_external_task_marker_parent
[2025-05-09 14:34:11,776] {logging_mixin.py:115} INFO - [2025-05-09 14:34:11,776] {manager.py:508} INFO - Created Permission View: can read on DAG:example_external_task_marker_parent
[2025-05-09 14:34:11,784] {logging_mixin.py:115} INFO - [2025-05-09 14:34:11,784] {manager.py:508} INFO - Created Permission View: can edit on DAG:example_external_task_marker_parent
[2025-05-09 14:34:11,808] {logging_mixin.py:115} INFO - [2025-05-09 14:34:11,808] {manager.py:508} INFO - Created Permission View: can delete on DAG:example_external_task_marker_child
[2025-05-09 14:34:11,818] {logging_mixin.py:115} INFO - [2025-05-09 14:34:11,818] {manager.py:508} INFO - Created Permission View: can read on DAG:example_external_task_marker_child
[2025-05-09 14:34:11,825] {logging_mixin.py:115} INFO - [2025-05-09 14:34:11,825] {manager.py:508} INFO - Created Permission View: can edit on DAG:example_external_task_marker_child
[2025-05-09 14:34:11,825] {logging_mixin.py:115} INFO - [2025-05-09 14:34:11,825] {dag.py:2379} INFO - Sync 2 DAGs
[2025-05-09 14:34:11,831] {logging_mixin.py:115} INFO - [2025-05-09 14:34:11,831] {dag.py:2398} INFO - Creating ORM DAG for example_external_task_marker_parent
[2025-05-09 14:34:11,831] {logging_mixin.py:115} INFO - [2025-05-09 14:34:11,831] {dag.py:2398} INFO - Creating ORM DAG for example_external_task_marker_child
[2025-05-09 14:34:11,838] {logging_mixin.py:115} INFO - [2025-05-09 14:34:11,837] {dag.py:2927} INFO - Setting next_dagrun for example_external_task_marker_child to None, run_after=None
[2025-05-09 14:34:11,838] {logging_mixin.py:115} INFO - [2025-05-09 14:34:11,838] {dag.py:2927} INFO - Setting next_dagrun for example_external_task_marker_parent to None, run_after=None
[2025-05-09 14:34:11,852] {processor.py:161} INFO - Processing /home/pedro/Documentos/airflow/venv/lib/python3.9/site-packages/airflow/example_dags/example_external_task_marker_dag.py took 0.168 seconds
[2025-05-09 14:34:46,355] {processor.py:153} INFO - Started process (PID=62350) to work on /home/pedro/Documentos/airflow/venv/lib/python3.9/site-packages/airflow/example_dags/example_external_task_marker_dag.py
[2025-05-09 14:34:46,368] {processor.py:641} INFO - Processing file /home/pedro/Documentos/airflow/venv/lib/python3.9/site-packages/airflow/example_dags/example_external_task_marker_dag.py for tasks to queue
[2025-05-09 14:34:46,368] {logging_mixin.py:115} INFO - [2025-05-09 14:34:46,368] {dagbag.py:507} INFO - Filling up the DagBag from /home/pedro/Documentos/airflow/venv/lib/python3.9/site-packages/airflow/example_dags/example_external_task_marker_dag.py
[2025-05-09 14:34:46,372] {processor.py:651} INFO - DAG(s) dict_keys(['example_external_task_marker_parent', 'example_external_task_marker_child']) retrieved from /home/pedro/Documentos/airflow/venv/lib/python3.9/site-packages/airflow/example_dags/example_external_task_marker_dag.py
[2025-05-09 14:34:46,390] {logging_mixin.py:115} INFO - [2025-05-09 14:34:46,390] {dag.py:2379} INFO - Sync 2 DAGs
[2025-05-09 14:34:46,404] {logging_mixin.py:115} INFO - [2025-05-09 14:34:46,404] {dag.py:2927} INFO - Setting next_dagrun for example_external_task_marker_child to None, run_after=None
[2025-05-09 14:34:46,405] {logging_mixin.py:115} INFO - [2025-05-09 14:34:46,405] {dag.py:2927} INFO - Setting next_dagrun for example_external_task_marker_parent to None, run_after=None
[2025-05-09 14:34:46,417] {processor.py:161} INFO - Processing /home/pedro/Documentos/airflow/venv/lib/python3.9/site-packages/airflow/example_dags/example_external_task_marker_dag.py took 0.064 seconds
[2025-05-09 14:35:20,635] {processor.py:153} INFO - Started process (PID=62779) to work on /home/pedro/Documentos/airflow/venv/lib/python3.9/site-packages/airflow/example_dags/example_external_task_marker_dag.py
[2025-05-09 14:35:20,647] {processor.py:641} INFO - Processing file /home/pedro/Documentos/airflow/venv/lib/python3.9/site-packages/airflow/example_dags/example_external_task_marker_dag.py for tasks to queue
[2025-05-09 14:35:20,648] {logging_mixin.py:115} INFO - [2025-05-09 14:35:20,648] {dagbag.py:507} INFO - Filling up the DagBag from /home/pedro/Documentos/airflow/venv/lib/python3.9/site-packages/airflow/example_dags/example_external_task_marker_dag.py
[2025-05-09 14:35:20,651] {processor.py:651} INFO - DAG(s) dict_keys(['example_external_task_marker_parent', 'example_external_task_marker_child']) retrieved from /home/pedro/Documentos/airflow/venv/lib/python3.9/site-packages/airflow/example_dags/example_external_task_marker_dag.py
[2025-05-09 14:35:20,668] {logging_mixin.py:115} INFO - [2025-05-09 14:35:20,668] {dag.py:2379} INFO - Sync 2 DAGs
[2025-05-09 14:35:20,682] {logging_mixin.py:115} INFO - [2025-05-09 14:35:20,682] {dag.py:2927} INFO - Setting next_dagrun for example_external_task_marker_child to None, run_after=None
[2025-05-09 14:35:20,682] {logging_mixin.py:115} INFO - [2025-05-09 14:35:20,682] {dag.py:2927} INFO - Setting next_dagrun for example_external_task_marker_parent to None, run_after=None
[2025-05-09 14:35:20,692] {processor.py:161} INFO - Processing /home/pedro/Documentos/airflow/venv/lib/python3.9/site-packages/airflow/example_dags/example_external_task_marker_dag.py took 0.059 seconds
[2025-05-09 14:35:53,237] {processor.py:153} INFO - Started process (PID=63171) to work on /home/pedro/Documentos/airflow/venv/lib/python3.9/site-packages/airflow/example_dags/example_external_task_marker_dag.py
[2025-05-09 14:35:53,250] {processor.py:641} INFO - Processing file /home/pedro/Documentos/airflow/venv/lib/python3.9/site-packages/airflow/example_dags/example_external_task_marker_dag.py for tasks to queue
[2025-05-09 14:35:53,250] {logging_mixin.py:115} INFO - [2025-05-09 14:35:53,250] {dagbag.py:507} INFO - Filling up the DagBag from /home/pedro/Documentos/airflow/venv/lib/python3.9/site-packages/airflow/example_dags/example_external_task_marker_dag.py
[2025-05-09 14:35:53,253] {processor.py:651} INFO - DAG(s) dict_keys(['example_external_task_marker_parent', 'example_external_task_marker_child']) retrieved from /home/pedro/Documentos/airflow/venv/lib/python3.9/site-packages/airflow/example_dags/example_external_task_marker_dag.py
[2025-05-09 14:35:53,271] {logging_mixin.py:115} INFO - [2025-05-09 14:35:53,271] {dag.py:2379} INFO - Sync 2 DAGs
[2025-05-09 14:35:53,284] {logging_mixin.py:115} INFO - [2025-05-09 14:35:53,284] {dag.py:2927} INFO - Setting next_dagrun for example_external_task_marker_child to None, run_after=None
[2025-05-09 14:35:53,284] {logging_mixin.py:115} INFO - [2025-05-09 14:35:53,284] {dag.py:2927} INFO - Setting next_dagrun for example_external_task_marker_parent to None, run_after=None
[2025-05-09 14:35:53,295] {processor.py:161} INFO - Processing /home/pedro/Documentos/airflow/venv/lib/python3.9/site-packages/airflow/example_dags/example_external_task_marker_dag.py took 0.059 seconds
[2025-05-09 14:36:26,556] {processor.py:153} INFO - Started process (PID=63390) to work on /home/pedro/Documentos/airflow/venv/lib/python3.9/site-packages/airflow/example_dags/example_external_task_marker_dag.py
[2025-05-09 14:36:26,568] {processor.py:641} INFO - Processing file /home/pedro/Documentos/airflow/venv/lib/python3.9/site-packages/airflow/example_dags/example_external_task_marker_dag.py for tasks to queue
[2025-05-09 14:36:26,569] {logging_mixin.py:115} INFO - [2025-05-09 14:36:26,569] {dagbag.py:507} INFO - Filling up the DagBag from /home/pedro/Documentos/airflow/venv/lib/python3.9/site-packages/airflow/example_dags/example_external_task_marker_dag.py
[2025-05-09 14:36:26,572] {processor.py:651} INFO - DAG(s) dict_keys(['example_external_task_marker_parent', 'example_external_task_marker_child']) retrieved from /home/pedro/Documentos/airflow/venv/lib/python3.9/site-packages/airflow/example_dags/example_external_task_marker_dag.py
[2025-05-09 14:36:26,590] {logging_mixin.py:115} INFO - [2025-05-09 14:36:26,590] {dag.py:2379} INFO - Sync 2 DAGs
[2025-05-09 14:36:26,603] {logging_mixin.py:115} INFO - [2025-05-09 14:36:26,603] {dag.py:2927} INFO - Setting next_dagrun for example_external_task_marker_child to None, run_after=None
[2025-05-09 14:36:26,603] {logging_mixin.py:115} INFO - [2025-05-09 14:36:26,603] {dag.py:2927} INFO - Setting next_dagrun for example_external_task_marker_parent to None, run_after=None
[2025-05-09 14:36:26,612] {processor.py:161} INFO - Processing /home/pedro/Documentos/airflow/venv/lib/python3.9/site-packages/airflow/example_dags/example_external_task_marker_dag.py took 0.060 seconds
[2025-05-09 14:36:59,070] {processor.py:153} INFO - Started process (PID=63579) to work on /home/pedro/Documentos/airflow/venv/lib/python3.9/site-packages/airflow/example_dags/example_external_task_marker_dag.py
[2025-05-09 14:36:59,082] {processor.py:641} INFO - Processing file /home/pedro/Documentos/airflow/venv/lib/python3.9/site-packages/airflow/example_dags/example_external_task_marker_dag.py for tasks to queue
[2025-05-09 14:36:59,083] {logging_mixin.py:115} INFO - [2025-05-09 14:36:59,083] {dagbag.py:507} INFO - Filling up the DagBag from /home/pedro/Documentos/airflow/venv/lib/python3.9/site-packages/airflow/example_dags/example_external_task_marker_dag.py
[2025-05-09 14:36:59,087] {processor.py:651} INFO - DAG(s) dict_keys(['example_external_task_marker_parent', 'example_external_task_marker_child']) retrieved from /home/pedro/Documentos/airflow/venv/lib/python3.9/site-packages/airflow/example_dags/example_external_task_marker_dag.py
[2025-05-09 14:36:59,108] {logging_mixin.py:115} INFO - [2025-05-09 14:36:59,108] {dag.py:2379} INFO - Sync 2 DAGs
[2025-05-09 14:36:59,123] {logging_mixin.py:115} INFO - [2025-05-09 14:36:59,123] {dag.py:2927} INFO - Setting next_dagrun for example_external_task_marker_child to None, run_after=None
[2025-05-09 14:36:59,123] {logging_mixin.py:115} INFO - [2025-05-09 14:36:59,123] {dag.py:2927} INFO - Setting next_dagrun for example_external_task_marker_parent to None, run_after=None
[2025-05-09 14:36:59,133] {processor.py:161} INFO - Processing /home/pedro/Documentos/airflow/venv/lib/python3.9/site-packages/airflow/example_dags/example_external_task_marker_dag.py took 0.066 seconds
[2025-05-09 14:37:33,330] {processor.py:153} INFO - Started process (PID=64114) to work on /home/pedro/Documentos/airflow/venv/lib/python3.9/site-packages/airflow/example_dags/example_external_task_marker_dag.py
[2025-05-09 14:37:33,342] {processor.py:641} INFO - Processing file /home/pedro/Documentos/airflow/venv/lib/python3.9/site-packages/airflow/example_dags/example_external_task_marker_dag.py for tasks to queue
[2025-05-09 14:37:33,343] {logging_mixin.py:115} INFO - [2025-05-09 14:37:33,343] {dagbag.py:507} INFO - Filling up the DagBag from /home/pedro/Documentos/airflow/venv/lib/python3.9/site-packages/airflow/example_dags/example_external_task_marker_dag.py
[2025-05-09 14:37:33,346] {processor.py:651} INFO - DAG(s) dict_keys(['example_external_task_marker_parent', 'example_external_task_marker_child']) retrieved from /home/pedro/Documentos/airflow/venv/lib/python3.9/site-packages/airflow/example_dags/example_external_task_marker_dag.py
[2025-05-09 14:37:33,362] {logging_mixin.py:115} INFO - [2025-05-09 14:37:33,362] {dag.py:2379} INFO - Sync 2 DAGs
[2025-05-09 14:37:33,375] {logging_mixin.py:115} INFO - [2025-05-09 14:37:33,375] {dag.py:2927} INFO - Setting next_dagrun for example_external_task_marker_child to None, run_after=None
[2025-05-09 14:37:33,375] {logging_mixin.py:115} INFO - [2025-05-09 14:37:33,375] {dag.py:2927} INFO - Setting next_dagrun for example_external_task_marker_parent to None, run_after=None
[2025-05-09 14:37:33,385] {processor.py:161} INFO - Processing /home/pedro/Documentos/airflow/venv/lib/python3.9/site-packages/airflow/example_dags/example_external_task_marker_dag.py took 0.057 seconds
[2025-05-09 14:38:06,553] {processor.py:153} INFO - Started process (PID=64648) to work on /home/pedro/Documentos/airflow/venv/lib/python3.9/site-packages/airflow/example_dags/example_external_task_marker_dag.py
[2025-05-09 14:38:06,566] {processor.py:641} INFO - Processing file /home/pedro/Documentos/airflow/venv/lib/python3.9/site-packages/airflow/example_dags/example_external_task_marker_dag.py for tasks to queue
[2025-05-09 14:38:06,567] {logging_mixin.py:115} INFO - [2025-05-09 14:38:06,566] {dagbag.py:507} INFO - Filling up the DagBag from /home/pedro/Documentos/airflow/venv/lib/python3.9/site-packages/airflow/example_dags/example_external_task_marker_dag.py
[2025-05-09 14:38:06,570] {processor.py:651} INFO - DAG(s) dict_keys(['example_external_task_marker_parent', 'example_external_task_marker_child']) retrieved from /home/pedro/Documentos/airflow/venv/lib/python3.9/site-packages/airflow/example_dags/example_external_task_marker_dag.py
[2025-05-09 14:38:06,587] {logging_mixin.py:115} INFO - [2025-05-09 14:38:06,587] {dag.py:2379} INFO - Sync 2 DAGs
[2025-05-09 14:38:06,600] {logging_mixin.py:115} INFO - [2025-05-09 14:38:06,600] {dag.py:2927} INFO - Setting next_dagrun for example_external_task_marker_child to None, run_after=None
[2025-05-09 14:38:06,600] {logging_mixin.py:115} INFO - [2025-05-09 14:38:06,600] {dag.py:2927} INFO - Setting next_dagrun for example_external_task_marker_parent to None, run_after=None
[2025-05-09 14:38:06,610] {processor.py:161} INFO - Processing /home/pedro/Documentos/airflow/venv/lib/python3.9/site-packages/airflow/example_dags/example_external_task_marker_dag.py took 0.059 seconds
[2025-05-09 14:38:41,480] {processor.py:153} INFO - Started process (PID=64994) to work on /home/pedro/Documentos/airflow/venv/lib/python3.9/site-packages/airflow/example_dags/example_external_task_marker_dag.py
[2025-05-09 14:38:41,493] {processor.py:641} INFO - Processing file /home/pedro/Documentos/airflow/venv/lib/python3.9/site-packages/airflow/example_dags/example_external_task_marker_dag.py for tasks to queue
[2025-05-09 14:38:41,493] {logging_mixin.py:115} INFO - [2025-05-09 14:38:41,493] {dagbag.py:507} INFO - Filling up the DagBag from /home/pedro/Documentos/airflow/venv/lib/python3.9/site-packages/airflow/example_dags/example_external_task_marker_dag.py
[2025-05-09 14:38:41,496] {processor.py:651} INFO - DAG(s) dict_keys(['example_external_task_marker_parent', 'example_external_task_marker_child']) retrieved from /home/pedro/Documentos/airflow/venv/lib/python3.9/site-packages/airflow/example_dags/example_external_task_marker_dag.py
[2025-05-09 14:38:41,513] {logging_mixin.py:115} INFO - [2025-05-09 14:38:41,513] {dag.py:2379} INFO - Sync 2 DAGs
[2025-05-09 14:38:41,526] {logging_mixin.py:115} INFO - [2025-05-09 14:38:41,526] {dag.py:2927} INFO - Setting next_dagrun for example_external_task_marker_child to None, run_after=None
[2025-05-09 14:38:41,526] {logging_mixin.py:115} INFO - [2025-05-09 14:38:41,526] {dag.py:2927} INFO - Setting next_dagrun for example_external_task_marker_parent to None, run_after=None
[2025-05-09 14:38:41,576] {processor.py:161} INFO - Processing /home/pedro/Documentos/airflow/venv/lib/python3.9/site-packages/airflow/example_dags/example_external_task_marker_dag.py took 0.098 seconds
[2025-05-09 14:39:19,380] {processor.py:153} INFO - Started process (PID=65447) to work on /home/pedro/Documentos/airflow/venv/lib/python3.9/site-packages/airflow/example_dags/example_external_task_marker_dag.py
[2025-05-09 14:39:19,392] {processor.py:641} INFO - Processing file /home/pedro/Documentos/airflow/venv/lib/python3.9/site-packages/airflow/example_dags/example_external_task_marker_dag.py for tasks to queue
[2025-05-09 14:39:19,393] {logging_mixin.py:115} INFO - [2025-05-09 14:39:19,392] {dagbag.py:507} INFO - Filling up the DagBag from /home/pedro/Documentos/airflow/venv/lib/python3.9/site-packages/airflow/example_dags/example_external_task_marker_dag.py
[2025-05-09 14:39:19,396] {processor.py:651} INFO - DAG(s) dict_keys(['example_external_task_marker_parent', 'example_external_task_marker_child']) retrieved from /home/pedro/Documentos/airflow/venv/lib/python3.9/site-packages/airflow/example_dags/example_external_task_marker_dag.py
[2025-05-09 14:39:19,412] {logging_mixin.py:115} INFO - [2025-05-09 14:39:19,412] {dag.py:2379} INFO - Sync 2 DAGs
[2025-05-09 14:39:19,425] {logging_mixin.py:115} INFO - [2025-05-09 14:39:19,425] {dag.py:2927} INFO - Setting next_dagrun for example_external_task_marker_child to None, run_after=None
[2025-05-09 14:39:19,426] {logging_mixin.py:115} INFO - [2025-05-09 14:39:19,426] {dag.py:2927} INFO - Setting next_dagrun for example_external_task_marker_parent to None, run_after=None
[2025-05-09 14:39:19,435] {processor.py:161} INFO - Processing /home/pedro/Documentos/airflow/venv/lib/python3.9/site-packages/airflow/example_dags/example_external_task_marker_dag.py took 0.057 seconds
[2025-05-09 14:39:51,368] {processor.py:153} INFO - Started process (PID=65640) to work on /home/pedro/Documentos/airflow/venv/lib/python3.9/site-packages/airflow/example_dags/example_external_task_marker_dag.py
[2025-05-09 14:39:51,380] {processor.py:641} INFO - Processing file /home/pedro/Documentos/airflow/venv/lib/python3.9/site-packages/airflow/example_dags/example_external_task_marker_dag.py for tasks to queue
[2025-05-09 14:39:51,380] {logging_mixin.py:115} INFO - [2025-05-09 14:39:51,380] {dagbag.py:507} INFO - Filling up the DagBag from /home/pedro/Documentos/airflow/venv/lib/python3.9/site-packages/airflow/example_dags/example_external_task_marker_dag.py
[2025-05-09 14:39:51,384] {processor.py:651} INFO - DAG(s) dict_keys(['example_external_task_marker_parent', 'example_external_task_marker_child']) retrieved from /home/pedro/Documentos/airflow/venv/lib/python3.9/site-packages/airflow/example_dags/example_external_task_marker_dag.py
[2025-05-09 14:39:51,401] {logging_mixin.py:115} INFO - [2025-05-09 14:39:51,401] {dag.py:2379} INFO - Sync 2 DAGs
[2025-05-09 14:39:51,413] {logging_mixin.py:115} INFO - [2025-05-09 14:39:51,413] {dag.py:2927} INFO - Setting next_dagrun for example_external_task_marker_child to None, run_after=None
[2025-05-09 14:39:51,413] {logging_mixin.py:115} INFO - [2025-05-09 14:39:51,413] {dag.py:2927} INFO - Setting next_dagrun for example_external_task_marker_parent to None, run_after=None
[2025-05-09 14:39:51,422] {processor.py:161} INFO - Processing /home/pedro/Documentos/airflow/venv/lib/python3.9/site-packages/airflow/example_dags/example_external_task_marker_dag.py took 0.057 seconds
[2025-05-09 14:40:26,234] {processor.py:153} INFO - Started process (PID=65884) to work on /home/pedro/Documentos/airflow/venv/lib/python3.9/site-packages/airflow/example_dags/example_external_task_marker_dag.py
[2025-05-09 14:40:26,235] {processor.py:641} INFO - Processing file /home/pedro/Documentos/airflow/venv/lib/python3.9/site-packages/airflow/example_dags/example_external_task_marker_dag.py for tasks to queue
[2025-05-09 14:40:26,235] {logging_mixin.py:115} INFO - [2025-05-09 14:40:26,235] {dagbag.py:507} INFO - Filling up the DagBag from /home/pedro/Documentos/airflow/venv/lib/python3.9/site-packages/airflow/example_dags/example_external_task_marker_dag.py
[2025-05-09 14:40:26,239] {processor.py:651} INFO - DAG(s) dict_keys(['example_external_task_marker_parent', 'example_external_task_marker_child']) retrieved from /home/pedro/Documentos/airflow/venv/lib/python3.9/site-packages/airflow/example_dags/example_external_task_marker_dag.py
[2025-05-09 14:40:26,255] {logging_mixin.py:115} INFO - [2025-05-09 14:40:26,255] {dag.py:2379} INFO - Sync 2 DAGs
[2025-05-09 14:40:26,268] {logging_mixin.py:115} INFO - [2025-05-09 14:40:26,268] {dag.py:2927} INFO - Setting next_dagrun for example_external_task_marker_child to None, run_after=None
[2025-05-09 14:40:26,268] {logging_mixin.py:115} INFO - [2025-05-09 14:40:26,268] {dag.py:2927} INFO - Setting next_dagrun for example_external_task_marker_parent to None, run_after=None
[2025-05-09 14:40:26,279] {processor.py:161} INFO - Processing /home/pedro/Documentos/airflow/venv/lib/python3.9/site-packages/airflow/example_dags/example_external_task_marker_dag.py took 0.047 seconds
[2025-05-09 14:40:59,732] {processor.py:153} INFO - Started process (PID=66402) to work on /home/pedro/Documentos/airflow/venv/lib/python3.9/site-packages/airflow/example_dags/example_external_task_marker_dag.py
[2025-05-09 14:40:59,745] {processor.py:641} INFO - Processing file /home/pedro/Documentos/airflow/venv/lib/python3.9/site-packages/airflow/example_dags/example_external_task_marker_dag.py for tasks to queue
[2025-05-09 14:40:59,745] {logging_mixin.py:115} INFO - [2025-05-09 14:40:59,745] {dagbag.py:507} INFO - Filling up the DagBag from /home/pedro/Documentos/airflow/venv/lib/python3.9/site-packages/airflow/example_dags/example_external_task_marker_dag.py
[2025-05-09 14:40:59,749] {processor.py:651} INFO - DAG(s) dict_keys(['example_external_task_marker_parent', 'example_external_task_marker_child']) retrieved from /home/pedro/Documentos/airflow/venv/lib/python3.9/site-packages/airflow/example_dags/example_external_task_marker_dag.py
[2025-05-09 14:40:59,766] {logging_mixin.py:115} INFO - [2025-05-09 14:40:59,766] {dag.py:2379} INFO - Sync 2 DAGs
[2025-05-09 14:40:59,779] {logging_mixin.py:115} INFO - [2025-05-09 14:40:59,779] {dag.py:2927} INFO - Setting next_dagrun for example_external_task_marker_child to None, run_after=None
[2025-05-09 14:40:59,779] {logging_mixin.py:115} INFO - [2025-05-09 14:40:59,779] {dag.py:2927} INFO - Setting next_dagrun for example_external_task_marker_parent to None, run_after=None
[2025-05-09 14:40:59,789] {processor.py:161} INFO - Processing /home/pedro/Documentos/airflow/venv/lib/python3.9/site-packages/airflow/example_dags/example_external_task_marker_dag.py took 0.059 seconds
[2025-05-09 14:41:35,332] {processor.py:153} INFO - Started process (PID=66844) to work on /home/pedro/Documentos/airflow/venv/lib/python3.9/site-packages/airflow/example_dags/example_external_task_marker_dag.py
[2025-05-09 14:41:35,344] {processor.py:641} INFO - Processing file /home/pedro/Documentos/airflow/venv/lib/python3.9/site-packages/airflow/example_dags/example_external_task_marker_dag.py for tasks to queue
[2025-05-09 14:41:35,345] {logging_mixin.py:115} INFO - [2025-05-09 14:41:35,345] {dagbag.py:507} INFO - Filling up the DagBag from /home/pedro/Documentos/airflow/venv/lib/python3.9/site-packages/airflow/example_dags/example_external_task_marker_dag.py
[2025-05-09 14:41:35,348] {processor.py:651} INFO - DAG(s) dict_keys(['example_external_task_marker_parent', 'example_external_task_marker_child']) retrieved from /home/pedro/Documentos/airflow/venv/lib/python3.9/site-packages/airflow/example_dags/example_external_task_marker_dag.py
[2025-05-09 14:41:35,365] {logging_mixin.py:115} INFO - [2025-05-09 14:41:35,365] {dag.py:2379} INFO - Sync 2 DAGs
[2025-05-09 14:41:35,378] {logging_mixin.py:115} INFO - [2025-05-09 14:41:35,378] {dag.py:2927} INFO - Setting next_dagrun for example_external_task_marker_child to None, run_after=None
[2025-05-09 14:41:35,378] {logging_mixin.py:115} INFO - [2025-05-09 14:41:35,378] {dag.py:2927} INFO - Setting next_dagrun for example_external_task_marker_parent to None, run_after=None
[2025-05-09 14:41:35,387] {processor.py:161} INFO - Processing /home/pedro/Documentos/airflow/venv/lib/python3.9/site-packages/airflow/example_dags/example_external_task_marker_dag.py took 0.057 seconds
[2025-05-09 14:42:11,688] {processor.py:153} INFO - Started process (PID=67061) to work on /home/pedro/Documentos/airflow/venv/lib/python3.9/site-packages/airflow/example_dags/example_external_task_marker_dag.py
[2025-05-09 14:42:11,701] {processor.py:641} INFO - Processing file /home/pedro/Documentos/airflow/venv/lib/python3.9/site-packages/airflow/example_dags/example_external_task_marker_dag.py for tasks to queue
[2025-05-09 14:42:11,701] {logging_mixin.py:115} INFO - [2025-05-09 14:42:11,701] {dagbag.py:507} INFO - Filling up the DagBag from /home/pedro/Documentos/airflow/venv/lib/python3.9/site-packages/airflow/example_dags/example_external_task_marker_dag.py
[2025-05-09 14:42:11,705] {processor.py:651} INFO - DAG(s) dict_keys(['example_external_task_marker_parent', 'example_external_task_marker_child']) retrieved from /home/pedro/Documentos/airflow/venv/lib/python3.9/site-packages/airflow/example_dags/example_external_task_marker_dag.py
[2025-05-09 14:42:11,722] {logging_mixin.py:115} INFO - [2025-05-09 14:42:11,722] {dag.py:2379} INFO - Sync 2 DAGs
[2025-05-09 14:42:11,734] {logging_mixin.py:115} INFO - [2025-05-09 14:42:11,734] {dag.py:2927} INFO - Setting next_dagrun for example_external_task_marker_child to None, run_after=None
[2025-05-09 14:42:11,734] {logging_mixin.py:115} INFO - [2025-05-09 14:42:11,734] {dag.py:2927} INFO - Setting next_dagrun for example_external_task_marker_parent to None, run_after=None
[2025-05-09 14:42:11,744] {processor.py:161} INFO - Processing /home/pedro/Documentos/airflow/venv/lib/python3.9/site-packages/airflow/example_dags/example_external_task_marker_dag.py took 0.058 seconds
[2025-05-09 14:42:47,352] {processor.py:153} INFO - Started process (PID=67267) to work on /home/pedro/Documentos/airflow/venv/lib/python3.9/site-packages/airflow/example_dags/example_external_task_marker_dag.py
[2025-05-09 14:42:47,364] {processor.py:641} INFO - Processing file /home/pedro/Documentos/airflow/venv/lib/python3.9/site-packages/airflow/example_dags/example_external_task_marker_dag.py for tasks to queue
[2025-05-09 14:42:47,365] {logging_mixin.py:115} INFO - [2025-05-09 14:42:47,364] {dagbag.py:507} INFO - Filling up the DagBag from /home/pedro/Documentos/airflow/venv/lib/python3.9/site-packages/airflow/example_dags/example_external_task_marker_dag.py
[2025-05-09 14:42:47,368] {processor.py:651} INFO - DAG(s) dict_keys(['example_external_task_marker_parent', 'example_external_task_marker_child']) retrieved from /home/pedro/Documentos/airflow/venv/lib/python3.9/site-packages/airflow/example_dags/example_external_task_marker_dag.py
[2025-05-09 14:42:47,385] {logging_mixin.py:115} INFO - [2025-05-09 14:42:47,385] {dag.py:2379} INFO - Sync 2 DAGs
[2025-05-09 14:42:47,398] {logging_mixin.py:115} INFO - [2025-05-09 14:42:47,398] {dag.py:2927} INFO - Setting next_dagrun for example_external_task_marker_child to None, run_after=None
[2025-05-09 14:42:47,398] {logging_mixin.py:115} INFO - [2025-05-09 14:42:47,398] {dag.py:2927} INFO - Setting next_dagrun for example_external_task_marker_parent to None, run_after=None
[2025-05-09 14:42:47,407] {processor.py:161} INFO - Processing /home/pedro/Documentos/airflow/venv/lib/python3.9/site-packages/airflow/example_dags/example_external_task_marker_dag.py took 0.057 seconds
[2025-05-09 14:43:22,213] {processor.py:153} INFO - Started process (PID=67522) to work on /home/pedro/Documentos/airflow/venv/lib/python3.9/site-packages/airflow/example_dags/example_external_task_marker_dag.py
[2025-05-09 14:43:22,226] {processor.py:641} INFO - Processing file /home/pedro/Documentos/airflow/venv/lib/python3.9/site-packages/airflow/example_dags/example_external_task_marker_dag.py for tasks to queue
[2025-05-09 14:43:22,227] {logging_mixin.py:115} INFO - [2025-05-09 14:43:22,227] {dagbag.py:507} INFO - Filling up the DagBag from /home/pedro/Documentos/airflow/venv/lib/python3.9/site-packages/airflow/example_dags/example_external_task_marker_dag.py
[2025-05-09 14:43:22,230] {processor.py:651} INFO - DAG(s) dict_keys(['example_external_task_marker_parent', 'example_external_task_marker_child']) retrieved from /home/pedro/Documentos/airflow/venv/lib/python3.9/site-packages/airflow/example_dags/example_external_task_marker_dag.py
[2025-05-09 14:43:22,247] {logging_mixin.py:115} INFO - [2025-05-09 14:43:22,247] {dag.py:2379} INFO - Sync 2 DAGs
[2025-05-09 14:43:22,259] {logging_mixin.py:115} INFO - [2025-05-09 14:43:22,259] {dag.py:2927} INFO - Setting next_dagrun for example_external_task_marker_child to None, run_after=None
[2025-05-09 14:43:22,259] {logging_mixin.py:115} INFO - [2025-05-09 14:43:22,259] {dag.py:2927} INFO - Setting next_dagrun for example_external_task_marker_parent to None, run_after=None
[2025-05-09 14:43:22,269] {processor.py:161} INFO - Processing /home/pedro/Documentos/airflow/venv/lib/python3.9/site-packages/airflow/example_dags/example_external_task_marker_dag.py took 0.058 seconds
[2025-05-09 14:44:00,393] {processor.py:153} INFO - Started process (PID=68194) to work on /home/pedro/Documentos/airflow/venv/lib/python3.9/site-packages/airflow/example_dags/example_external_task_marker_dag.py
[2025-05-09 14:44:00,405] {processor.py:641} INFO - Processing file /home/pedro/Documentos/airflow/venv/lib/python3.9/site-packages/airflow/example_dags/example_external_task_marker_dag.py for tasks to queue
[2025-05-09 14:44:00,406] {logging_mixin.py:115} INFO - [2025-05-09 14:44:00,406] {dagbag.py:507} INFO - Filling up the DagBag from /home/pedro/Documentos/airflow/venv/lib/python3.9/site-packages/airflow/example_dags/example_external_task_marker_dag.py
[2025-05-09 14:44:00,409] {processor.py:651} INFO - DAG(s) dict_keys(['example_external_task_marker_parent', 'example_external_task_marker_child']) retrieved from /home/pedro/Documentos/airflow/venv/lib/python3.9/site-packages/airflow/example_dags/example_external_task_marker_dag.py
[2025-05-09 14:44:00,428] {logging_mixin.py:115} INFO - [2025-05-09 14:44:00,428] {dag.py:2379} INFO - Sync 2 DAGs
[2025-05-09 14:44:00,439] {logging_mixin.py:115} INFO - [2025-05-09 14:44:00,439] {dag.py:2927} INFO - Setting next_dagrun for example_external_task_marker_child to None, run_after=None
[2025-05-09 14:44:00,439] {logging_mixin.py:115} INFO - [2025-05-09 14:44:00,439] {dag.py:2927} INFO - Setting next_dagrun for example_external_task_marker_parent to None, run_after=None
[2025-05-09 14:44:00,448] {processor.py:161} INFO - Processing /home/pedro/Documentos/airflow/venv/lib/python3.9/site-packages/airflow/example_dags/example_external_task_marker_dag.py took 0.057 seconds
[2025-05-09 14:44:32,977] {processor.py:153} INFO - Started process (PID=68399) to work on /home/pedro/Documentos/airflow/venv/lib/python3.9/site-packages/airflow/example_dags/example_external_task_marker_dag.py
[2025-05-09 14:44:32,989] {processor.py:641} INFO - Processing file /home/pedro/Documentos/airflow/venv/lib/python3.9/site-packages/airflow/example_dags/example_external_task_marker_dag.py for tasks to queue
[2025-05-09 14:44:32,990] {logging_mixin.py:115} INFO - [2025-05-09 14:44:32,990] {dagbag.py:507} INFO - Filling up the DagBag from /home/pedro/Documentos/airflow/venv/lib/python3.9/site-packages/airflow/example_dags/example_external_task_marker_dag.py
[2025-05-09 14:44:32,993] {processor.py:651} INFO - DAG(s) dict_keys(['example_external_task_marker_parent', 'example_external_task_marker_child']) retrieved from /home/pedro/Documentos/airflow/venv/lib/python3.9/site-packages/airflow/example_dags/example_external_task_marker_dag.py
[2025-05-09 14:44:33,011] {logging_mixin.py:115} INFO - [2025-05-09 14:44:33,011] {dag.py:2379} INFO - Sync 2 DAGs
[2025-05-09 14:44:33,022] {logging_mixin.py:115} INFO - [2025-05-09 14:44:33,022] {dag.py:2927} INFO - Setting next_dagrun for example_external_task_marker_child to None, run_after=None
[2025-05-09 14:44:33,022] {logging_mixin.py:115} INFO - [2025-05-09 14:44:33,022] {dag.py:2927} INFO - Setting next_dagrun for example_external_task_marker_parent to None, run_after=None
[2025-05-09 14:44:33,032] {processor.py:161} INFO - Processing /home/pedro/Documentos/airflow/venv/lib/python3.9/site-packages/airflow/example_dags/example_external_task_marker_dag.py took 0.057 seconds
[2025-05-09 14:45:07,485] {processor.py:153} INFO - Started process (PID=68632) to work on /home/pedro/Documentos/airflow/venv/lib/python3.9/site-packages/airflow/example_dags/example_external_task_marker_dag.py
[2025-05-09 14:45:07,486] {processor.py:641} INFO - Processing file /home/pedro/Documentos/airflow/venv/lib/python3.9/site-packages/airflow/example_dags/example_external_task_marker_dag.py for tasks to queue
[2025-05-09 14:45:07,486] {logging_mixin.py:115} INFO - [2025-05-09 14:45:07,486] {dagbag.py:507} INFO - Filling up the DagBag from /home/pedro/Documentos/airflow/venv/lib/python3.9/site-packages/airflow/example_dags/example_external_task_marker_dag.py
[2025-05-09 14:45:07,489] {processor.py:651} INFO - DAG(s) dict_keys(['example_external_task_marker_parent', 'example_external_task_marker_child']) retrieved from /home/pedro/Documentos/airflow/venv/lib/python3.9/site-packages/airflow/example_dags/example_external_task_marker_dag.py
[2025-05-09 14:45:07,508] {logging_mixin.py:115} INFO - [2025-05-09 14:45:07,508] {dag.py:2379} INFO - Sync 2 DAGs
[2025-05-09 14:45:07,520] {logging_mixin.py:115} INFO - [2025-05-09 14:45:07,520] {dag.py:2927} INFO - Setting next_dagrun for example_external_task_marker_child to None, run_after=None
[2025-05-09 14:45:07,520] {logging_mixin.py:115} INFO - [2025-05-09 14:45:07,520] {dag.py:2927} INFO - Setting next_dagrun for example_external_task_marker_parent to None, run_after=None
[2025-05-09 14:45:07,530] {processor.py:161} INFO - Processing /home/pedro/Documentos/airflow/venv/lib/python3.9/site-packages/airflow/example_dags/example_external_task_marker_dag.py took 0.047 seconds
[2025-05-09 14:45:43,285] {processor.py:153} INFO - Started process (PID=68838) to work on /home/pedro/Documentos/airflow/venv/lib/python3.9/site-packages/airflow/example_dags/example_external_task_marker_dag.py
[2025-05-09 14:45:43,297] {processor.py:641} INFO - Processing file /home/pedro/Documentos/airflow/venv/lib/python3.9/site-packages/airflow/example_dags/example_external_task_marker_dag.py for tasks to queue
[2025-05-09 14:45:43,298] {logging_mixin.py:115} INFO - [2025-05-09 14:45:43,298] {dagbag.py:507} INFO - Filling up the DagBag from /home/pedro/Documentos/airflow/venv/lib/python3.9/site-packages/airflow/example_dags/example_external_task_marker_dag.py
[2025-05-09 14:45:43,301] {processor.py:651} INFO - DAG(s) dict_keys(['example_external_task_marker_parent', 'example_external_task_marker_child']) retrieved from /home/pedro/Documentos/airflow/venv/lib/python3.9/site-packages/airflow/example_dags/example_external_task_marker_dag.py
[2025-05-09 14:45:43,319] {logging_mixin.py:115} INFO - [2025-05-09 14:45:43,319] {dag.py:2379} INFO - Sync 2 DAGs
[2025-05-09 14:45:43,331] {logging_mixin.py:115} INFO - [2025-05-09 14:45:43,331] {dag.py:2927} INFO - Setting next_dagrun for example_external_task_marker_child to None, run_after=None
[2025-05-09 14:45:43,331] {logging_mixin.py:115} INFO - [2025-05-09 14:45:43,331] {dag.py:2927} INFO - Setting next_dagrun for example_external_task_marker_parent to None, run_after=None
[2025-05-09 14:45:43,340] {processor.py:161} INFO - Processing /home/pedro/Documentos/airflow/venv/lib/python3.9/site-packages/airflow/example_dags/example_external_task_marker_dag.py took 0.057 seconds
[2025-05-09 14:46:20,826] {processor.py:153} INFO - Started process (PID=69066) to work on /home/pedro/Documentos/airflow/venv/lib/python3.9/site-packages/airflow/example_dags/example_external_task_marker_dag.py
[2025-05-09 14:46:20,838] {processor.py:641} INFO - Processing file /home/pedro/Documentos/airflow/venv/lib/python3.9/site-packages/airflow/example_dags/example_external_task_marker_dag.py for tasks to queue
[2025-05-09 14:46:20,839] {logging_mixin.py:115} INFO - [2025-05-09 14:46:20,839] {dagbag.py:507} INFO - Filling up the DagBag from /home/pedro/Documentos/airflow/venv/lib/python3.9/site-packages/airflow/example_dags/example_external_task_marker_dag.py
[2025-05-09 14:46:20,842] {processor.py:651} INFO - DAG(s) dict_keys(['example_external_task_marker_parent', 'example_external_task_marker_child']) retrieved from /home/pedro/Documentos/airflow/venv/lib/python3.9/site-packages/airflow/example_dags/example_external_task_marker_dag.py
[2025-05-09 14:46:20,860] {logging_mixin.py:115} INFO - [2025-05-09 14:46:20,860] {dag.py:2379} INFO - Sync 2 DAGs
[2025-05-09 14:46:20,872] {logging_mixin.py:115} INFO - [2025-05-09 14:46:20,871] {dag.py:2927} INFO - Setting next_dagrun for example_external_task_marker_child to None, run_after=None
[2025-05-09 14:46:20,872] {logging_mixin.py:115} INFO - [2025-05-09 14:46:20,872] {dag.py:2927} INFO - Setting next_dagrun for example_external_task_marker_parent to None, run_after=None
[2025-05-09 14:46:20,882] {processor.py:161} INFO - Processing /home/pedro/Documentos/airflow/venv/lib/python3.9/site-packages/airflow/example_dags/example_external_task_marker_dag.py took 0.058 seconds
[2025-05-09 14:46:54,207] {processor.py:153} INFO - Started process (PID=69573) to work on /home/pedro/Documentos/airflow/venv/lib/python3.9/site-packages/airflow/example_dags/example_external_task_marker_dag.py
[2025-05-09 14:46:54,219] {processor.py:641} INFO - Processing file /home/pedro/Documentos/airflow/venv/lib/python3.9/site-packages/airflow/example_dags/example_external_task_marker_dag.py for tasks to queue
[2025-05-09 14:46:54,219] {logging_mixin.py:115} INFO - [2025-05-09 14:46:54,219] {dagbag.py:507} INFO - Filling up the DagBag from /home/pedro/Documentos/airflow/venv/lib/python3.9/site-packages/airflow/example_dags/example_external_task_marker_dag.py
[2025-05-09 14:46:54,222] {processor.py:651} INFO - DAG(s) dict_keys(['example_external_task_marker_parent', 'example_external_task_marker_child']) retrieved from /home/pedro/Documentos/airflow/venv/lib/python3.9/site-packages/airflow/example_dags/example_external_task_marker_dag.py
[2025-05-09 14:46:54,242] {logging_mixin.py:115} INFO - [2025-05-09 14:46:54,242] {dag.py:2379} INFO - Sync 2 DAGs
[2025-05-09 14:46:54,255] {logging_mixin.py:115} INFO - [2025-05-09 14:46:54,255] {dag.py:2927} INFO - Setting next_dagrun for example_external_task_marker_child to None, run_after=None
[2025-05-09 14:46:54,256] {logging_mixin.py:115} INFO - [2025-05-09 14:46:54,256] {dag.py:2927} INFO - Setting next_dagrun for example_external_task_marker_parent to None, run_after=None
[2025-05-09 14:46:54,266] {processor.py:161} INFO - Processing /home/pedro/Documentos/airflow/venv/lib/python3.9/site-packages/airflow/example_dags/example_external_task_marker_dag.py took 0.062 seconds
[2025-05-09 14:47:32,231] {processor.py:153} INFO - Started process (PID=69952) to work on /home/pedro/Documentos/airflow/venv/lib/python3.9/site-packages/airflow/example_dags/example_external_task_marker_dag.py
[2025-05-09 14:47:32,243] {processor.py:641} INFO - Processing file /home/pedro/Documentos/airflow/venv/lib/python3.9/site-packages/airflow/example_dags/example_external_task_marker_dag.py for tasks to queue
[2025-05-09 14:47:32,244] {logging_mixin.py:115} INFO - [2025-05-09 14:47:32,244] {dagbag.py:507} INFO - Filling up the DagBag from /home/pedro/Documentos/airflow/venv/lib/python3.9/site-packages/airflow/example_dags/example_external_task_marker_dag.py
[2025-05-09 14:47:32,247] {processor.py:651} INFO - DAG(s) dict_keys(['example_external_task_marker_parent', 'example_external_task_marker_child']) retrieved from /home/pedro/Documentos/airflow/venv/lib/python3.9/site-packages/airflow/example_dags/example_external_task_marker_dag.py
[2025-05-09 14:47:32,267] {logging_mixin.py:115} INFO - [2025-05-09 14:47:32,267] {dag.py:2379} INFO - Sync 2 DAGs
[2025-05-09 14:47:32,278] {logging_mixin.py:115} INFO - [2025-05-09 14:47:32,278] {dag.py:2927} INFO - Setting next_dagrun for example_external_task_marker_child to None, run_after=None
[2025-05-09 14:47:32,279] {logging_mixin.py:115} INFO - [2025-05-09 14:47:32,279] {dag.py:2927} INFO - Setting next_dagrun for example_external_task_marker_parent to None, run_after=None
[2025-05-09 14:47:32,288] {processor.py:161} INFO - Processing /home/pedro/Documentos/airflow/venv/lib/python3.9/site-packages/airflow/example_dags/example_external_task_marker_dag.py took 0.059 seconds
[2025-05-09 14:48:08,697] {processor.py:153} INFO - Started process (PID=70180) to work on /home/pedro/Documentos/airflow/venv/lib/python3.9/site-packages/airflow/example_dags/example_external_task_marker_dag.py
[2025-05-09 14:48:08,709] {processor.py:641} INFO - Processing file /home/pedro/Documentos/airflow/venv/lib/python3.9/site-packages/airflow/example_dags/example_external_task_marker_dag.py for tasks to queue
[2025-05-09 14:48:08,710] {logging_mixin.py:115} INFO - [2025-05-09 14:48:08,710] {dagbag.py:507} INFO - Filling up the DagBag from /home/pedro/Documentos/airflow/venv/lib/python3.9/site-packages/airflow/example_dags/example_external_task_marker_dag.py
[2025-05-09 14:48:08,713] {processor.py:651} INFO - DAG(s) dict_keys(['example_external_task_marker_parent', 'example_external_task_marker_child']) retrieved from /home/pedro/Documentos/airflow/venv/lib/python3.9/site-packages/airflow/example_dags/example_external_task_marker_dag.py
[2025-05-09 14:48:08,732] {logging_mixin.py:115} INFO - [2025-05-09 14:48:08,732] {dag.py:2379} INFO - Sync 2 DAGs
[2025-05-09 14:48:08,743] {logging_mixin.py:115} INFO - [2025-05-09 14:48:08,743] {dag.py:2927} INFO - Setting next_dagrun for example_external_task_marker_child to None, run_after=None
[2025-05-09 14:48:08,743] {logging_mixin.py:115} INFO - [2025-05-09 14:48:08,743] {dag.py:2927} INFO - Setting next_dagrun for example_external_task_marker_parent to None, run_after=None
[2025-05-09 14:48:08,752] {processor.py:161} INFO - Processing /home/pedro/Documentos/airflow/venv/lib/python3.9/site-packages/airflow/example_dags/example_external_task_marker_dag.py took 0.058 seconds
[2025-05-09 14:48:41,808] {processor.py:153} INFO - Started process (PID=70434) to work on /home/pedro/Documentos/airflow/venv/lib/python3.9/site-packages/airflow/example_dags/example_external_task_marker_dag.py
[2025-05-09 14:48:41,820] {processor.py:641} INFO - Processing file /home/pedro/Documentos/airflow/venv/lib/python3.9/site-packages/airflow/example_dags/example_external_task_marker_dag.py for tasks to queue
[2025-05-09 14:48:41,820] {logging_mixin.py:115} INFO - [2025-05-09 14:48:41,820] {dagbag.py:507} INFO - Filling up the DagBag from /home/pedro/Documentos/airflow/venv/lib/python3.9/site-packages/airflow/example_dags/example_external_task_marker_dag.py
[2025-05-09 14:48:41,823] {processor.py:651} INFO - DAG(s) dict_keys(['example_external_task_marker_parent', 'example_external_task_marker_child']) retrieved from /home/pedro/Documentos/airflow/venv/lib/python3.9/site-packages/airflow/example_dags/example_external_task_marker_dag.py
[2025-05-09 14:48:41,842] {logging_mixin.py:115} INFO - [2025-05-09 14:48:41,842] {dag.py:2379} INFO - Sync 2 DAGs
[2025-05-09 14:48:41,855] {logging_mixin.py:115} INFO - [2025-05-09 14:48:41,854] {dag.py:2927} INFO - Setting next_dagrun for example_external_task_marker_child to None, run_after=None
[2025-05-09 14:48:41,855] {logging_mixin.py:115} INFO - [2025-05-09 14:48:41,855] {dag.py:2927} INFO - Setting next_dagrun for example_external_task_marker_parent to None, run_after=None
[2025-05-09 14:48:41,865] {processor.py:161} INFO - Processing /home/pedro/Documentos/airflow/venv/lib/python3.9/site-packages/airflow/example_dags/example_external_task_marker_dag.py took 0.060 seconds
[2025-05-09 14:49:15,534] {processor.py:153} INFO - Started process (PID=70692) to work on /home/pedro/Documentos/airflow/venv/lib/python3.9/site-packages/airflow/example_dags/example_external_task_marker_dag.py
[2025-05-09 14:49:15,547] {processor.py:641} INFO - Processing file /home/pedro/Documentos/airflow/venv/lib/python3.9/site-packages/airflow/example_dags/example_external_task_marker_dag.py for tasks to queue
[2025-05-09 14:49:15,547] {logging_mixin.py:115} INFO - [2025-05-09 14:49:15,547] {dagbag.py:507} INFO - Filling up the DagBag from /home/pedro/Documentos/airflow/venv/lib/python3.9/site-packages/airflow/example_dags/example_external_task_marker_dag.py
[2025-05-09 14:49:15,550] {processor.py:651} INFO - DAG(s) dict_keys(['example_external_task_marker_parent', 'example_external_task_marker_child']) retrieved from /home/pedro/Documentos/airflow/venv/lib/python3.9/site-packages/airflow/example_dags/example_external_task_marker_dag.py
[2025-05-09 14:49:15,569] {logging_mixin.py:115} INFO - [2025-05-09 14:49:15,569] {dag.py:2379} INFO - Sync 2 DAGs
[2025-05-09 14:49:15,582] {logging_mixin.py:115} INFO - [2025-05-09 14:49:15,582] {dag.py:2927} INFO - Setting next_dagrun for example_external_task_marker_child to None, run_after=None
[2025-05-09 14:49:15,582] {logging_mixin.py:115} INFO - [2025-05-09 14:49:15,582] {dag.py:2927} INFO - Setting next_dagrun for example_external_task_marker_parent to None, run_after=None
[2025-05-09 14:49:15,592] {processor.py:161} INFO - Processing /home/pedro/Documentos/airflow/venv/lib/python3.9/site-packages/airflow/example_dags/example_external_task_marker_dag.py took 0.059 seconds
[2025-05-09 14:49:51,514] {processor.py:153} INFO - Started process (PID=70933) to work on /home/pedro/Documentos/airflow/venv/lib/python3.9/site-packages/airflow/example_dags/example_external_task_marker_dag.py
[2025-05-09 14:49:51,526] {processor.py:641} INFO - Processing file /home/pedro/Documentos/airflow/venv/lib/python3.9/site-packages/airflow/example_dags/example_external_task_marker_dag.py for tasks to queue
[2025-05-09 14:49:51,527] {logging_mixin.py:115} INFO - [2025-05-09 14:49:51,526] {dagbag.py:507} INFO - Filling up the DagBag from /home/pedro/Documentos/airflow/venv/lib/python3.9/site-packages/airflow/example_dags/example_external_task_marker_dag.py
[2025-05-09 14:49:51,530] {processor.py:651} INFO - DAG(s) dict_keys(['example_external_task_marker_parent', 'example_external_task_marker_child']) retrieved from /home/pedro/Documentos/airflow/venv/lib/python3.9/site-packages/airflow/example_dags/example_external_task_marker_dag.py
[2025-05-09 14:49:51,547] {logging_mixin.py:115} INFO - [2025-05-09 14:49:51,547] {dag.py:2379} INFO - Sync 2 DAGs
[2025-05-09 14:49:51,558] {logging_mixin.py:115} INFO - [2025-05-09 14:49:51,558] {dag.py:2927} INFO - Setting next_dagrun for example_external_task_marker_child to None, run_after=None
[2025-05-09 14:49:51,558] {logging_mixin.py:115} INFO - [2025-05-09 14:49:51,558] {dag.py:2927} INFO - Setting next_dagrun for example_external_task_marker_parent to None, run_after=None
[2025-05-09 14:49:51,568] {processor.py:161} INFO - Processing /home/pedro/Documentos/airflow/venv/lib/python3.9/site-packages/airflow/example_dags/example_external_task_marker_dag.py took 0.056 seconds
[2025-05-09 14:50:25,705] {processor.py:153} INFO - Started process (PID=71204) to work on /home/pedro/Documentos/airflow/venv/lib/python3.9/site-packages/airflow/example_dags/example_external_task_marker_dag.py
[2025-05-09 14:50:25,717] {processor.py:641} INFO - Processing file /home/pedro/Documentos/airflow/venv/lib/python3.9/site-packages/airflow/example_dags/example_external_task_marker_dag.py for tasks to queue
[2025-05-09 14:50:25,718] {logging_mixin.py:115} INFO - [2025-05-09 14:50:25,718] {dagbag.py:507} INFO - Filling up the DagBag from /home/pedro/Documentos/airflow/venv/lib/python3.9/site-packages/airflow/example_dags/example_external_task_marker_dag.py
[2025-05-09 14:50:25,721] {processor.py:651} INFO - DAG(s) dict_keys(['example_external_task_marker_parent', 'example_external_task_marker_child']) retrieved from /home/pedro/Documentos/airflow/venv/lib/python3.9/site-packages/airflow/example_dags/example_external_task_marker_dag.py
[2025-05-09 14:50:25,740] {logging_mixin.py:115} INFO - [2025-05-09 14:50:25,740] {dag.py:2379} INFO - Sync 2 DAGs
[2025-05-09 14:50:25,752] {logging_mixin.py:115} INFO - [2025-05-09 14:50:25,752] {dag.py:2927} INFO - Setting next_dagrun for example_external_task_marker_child to None, run_after=None
[2025-05-09 14:50:25,752] {logging_mixin.py:115} INFO - [2025-05-09 14:50:25,752] {dag.py:2927} INFO - Setting next_dagrun for example_external_task_marker_parent to None, run_after=None
[2025-05-09 14:50:25,763] {processor.py:161} INFO - Processing /home/pedro/Documentos/airflow/venv/lib/python3.9/site-packages/airflow/example_dags/example_external_task_marker_dag.py took 0.060 seconds
[2025-05-09 14:51:03,458] {processor.py:153} INFO - Started process (PID=71441) to work on /home/pedro/Documentos/airflow/venv/lib/python3.9/site-packages/airflow/example_dags/example_external_task_marker_dag.py
[2025-05-09 14:51:03,471] {processor.py:641} INFO - Processing file /home/pedro/Documentos/airflow/venv/lib/python3.9/site-packages/airflow/example_dags/example_external_task_marker_dag.py for tasks to queue
[2025-05-09 14:51:03,471] {logging_mixin.py:115} INFO - [2025-05-09 14:51:03,471] {dagbag.py:507} INFO - Filling up the DagBag from /home/pedro/Documentos/airflow/venv/lib/python3.9/site-packages/airflow/example_dags/example_external_task_marker_dag.py
[2025-05-09 14:51:03,474] {processor.py:651} INFO - DAG(s) dict_keys(['example_external_task_marker_parent', 'example_external_task_marker_child']) retrieved from /home/pedro/Documentos/airflow/venv/lib/python3.9/site-packages/airflow/example_dags/example_external_task_marker_dag.py
[2025-05-09 14:51:03,494] {logging_mixin.py:115} INFO - [2025-05-09 14:51:03,494] {dag.py:2379} INFO - Sync 2 DAGs
[2025-05-09 14:51:03,506] {logging_mixin.py:115} INFO - [2025-05-09 14:51:03,506] {dag.py:2927} INFO - Setting next_dagrun for example_external_task_marker_child to None, run_after=None
[2025-05-09 14:51:03,506] {logging_mixin.py:115} INFO - [2025-05-09 14:51:03,506] {dag.py:2927} INFO - Setting next_dagrun for example_external_task_marker_parent to None, run_after=None
[2025-05-09 14:51:03,516] {processor.py:161} INFO - Processing /home/pedro/Documentos/airflow/venv/lib/python3.9/site-packages/airflow/example_dags/example_external_task_marker_dag.py took 0.060 seconds
[2025-05-09 14:51:36,732] {processor.py:153} INFO - Started process (PID=71731) to work on /home/pedro/Documentos/airflow/venv/lib/python3.9/site-packages/airflow/example_dags/example_external_task_marker_dag.py
[2025-05-09 14:51:36,744] {processor.py:641} INFO - Processing file /home/pedro/Documentos/airflow/venv/lib/python3.9/site-packages/airflow/example_dags/example_external_task_marker_dag.py for tasks to queue
[2025-05-09 14:51:36,745] {logging_mixin.py:115} INFO - [2025-05-09 14:51:36,745] {dagbag.py:507} INFO - Filling up the DagBag from /home/pedro/Documentos/airflow/venv/lib/python3.9/site-packages/airflow/example_dags/example_external_task_marker_dag.py
[2025-05-09 14:51:36,748] {processor.py:651} INFO - DAG(s) dict_keys(['example_external_task_marker_parent', 'example_external_task_marker_child']) retrieved from /home/pedro/Documentos/airflow/venv/lib/python3.9/site-packages/airflow/example_dags/example_external_task_marker_dag.py
[2025-05-09 14:51:36,768] {logging_mixin.py:115} INFO - [2025-05-09 14:51:36,768] {dag.py:2379} INFO - Sync 2 DAGs
[2025-05-09 14:51:36,781] {logging_mixin.py:115} INFO - [2025-05-09 14:51:36,781] {dag.py:2927} INFO - Setting next_dagrun for example_external_task_marker_child to None, run_after=None
[2025-05-09 14:51:36,781] {logging_mixin.py:115} INFO - [2025-05-09 14:51:36,781] {dag.py:2927} INFO - Setting next_dagrun for example_external_task_marker_parent to None, run_after=None
[2025-05-09 14:51:36,791] {processor.py:161} INFO - Processing /home/pedro/Documentos/airflow/venv/lib/python3.9/site-packages/airflow/example_dags/example_external_task_marker_dag.py took 0.061 seconds
[2025-05-09 14:52:13,869] {processor.py:153} INFO - Started process (PID=72316) to work on /home/pedro/Documentos/airflow/venv/lib/python3.9/site-packages/airflow/example_dags/example_external_task_marker_dag.py
[2025-05-09 14:52:13,870] {processor.py:641} INFO - Processing file /home/pedro/Documentos/airflow/venv/lib/python3.9/site-packages/airflow/example_dags/example_external_task_marker_dag.py for tasks to queue
[2025-05-09 14:52:13,870] {logging_mixin.py:115} INFO - [2025-05-09 14:52:13,870] {dagbag.py:507} INFO - Filling up the DagBag from /home/pedro/Documentos/airflow/venv/lib/python3.9/site-packages/airflow/example_dags/example_external_task_marker_dag.py
[2025-05-09 14:52:13,873] {processor.py:651} INFO - DAG(s) dict_keys(['example_external_task_marker_parent', 'example_external_task_marker_child']) retrieved from /home/pedro/Documentos/airflow/venv/lib/python3.9/site-packages/airflow/example_dags/example_external_task_marker_dag.py
[2025-05-09 14:52:13,892] {logging_mixin.py:115} INFO - [2025-05-09 14:52:13,892] {dag.py:2379} INFO - Sync 2 DAGs
[2025-05-09 14:52:13,905] {logging_mixin.py:115} INFO - [2025-05-09 14:52:13,905] {dag.py:2927} INFO - Setting next_dagrun for example_external_task_marker_child to None, run_after=None
[2025-05-09 14:52:13,905] {logging_mixin.py:115} INFO - [2025-05-09 14:52:13,905] {dag.py:2927} INFO - Setting next_dagrun for example_external_task_marker_parent to None, run_after=None
[2025-05-09 14:52:13,915] {processor.py:161} INFO - Processing /home/pedro/Documentos/airflow/venv/lib/python3.9/site-packages/airflow/example_dags/example_external_task_marker_dag.py took 0.049 seconds
[2025-05-09 14:52:47,514] {processor.py:153} INFO - Started process (PID=72520) to work on /home/pedro/Documentos/airflow/venv/lib/python3.9/site-packages/airflow/example_dags/example_external_task_marker_dag.py
[2025-05-09 14:52:47,526] {processor.py:641} INFO - Processing file /home/pedro/Documentos/airflow/venv/lib/python3.9/site-packages/airflow/example_dags/example_external_task_marker_dag.py for tasks to queue
[2025-05-09 14:52:47,527] {logging_mixin.py:115} INFO - [2025-05-09 14:52:47,527] {dagbag.py:507} INFO - Filling up the DagBag from /home/pedro/Documentos/airflow/venv/lib/python3.9/site-packages/airflow/example_dags/example_external_task_marker_dag.py
[2025-05-09 14:52:47,530] {processor.py:651} INFO - DAG(s) dict_keys(['example_external_task_marker_parent', 'example_external_task_marker_child']) retrieved from /home/pedro/Documentos/airflow/venv/lib/python3.9/site-packages/airflow/example_dags/example_external_task_marker_dag.py
[2025-05-09 14:52:47,548] {logging_mixin.py:115} INFO - [2025-05-09 14:52:47,548] {dag.py:2379} INFO - Sync 2 DAGs
[2025-05-09 14:52:47,559] {logging_mixin.py:115} INFO - [2025-05-09 14:52:47,559] {dag.py:2927} INFO - Setting next_dagrun for example_external_task_marker_child to None, run_after=None
[2025-05-09 14:52:47,559] {logging_mixin.py:115} INFO - [2025-05-09 14:52:47,559] {dag.py:2927} INFO - Setting next_dagrun for example_external_task_marker_parent to None, run_after=None
[2025-05-09 14:52:47,570] {processor.py:161} INFO - Processing /home/pedro/Documentos/airflow/venv/lib/python3.9/site-packages/airflow/example_dags/example_external_task_marker_dag.py took 0.058 seconds
[2025-05-09 14:53:21,453] {processor.py:153} INFO - Started process (PID=72831) to work on /home/pedro/Documentos/airflow/venv/lib/python3.9/site-packages/airflow/example_dags/example_external_task_marker_dag.py
[2025-05-09 14:53:21,465] {processor.py:641} INFO - Processing file /home/pedro/Documentos/airflow/venv/lib/python3.9/site-packages/airflow/example_dags/example_external_task_marker_dag.py for tasks to queue
[2025-05-09 14:53:21,466] {logging_mixin.py:115} INFO - [2025-05-09 14:53:21,466] {dagbag.py:507} INFO - Filling up the DagBag from /home/pedro/Documentos/airflow/venv/lib/python3.9/site-packages/airflow/example_dags/example_external_task_marker_dag.py
[2025-05-09 14:53:21,469] {processor.py:651} INFO - DAG(s) dict_keys(['example_external_task_marker_parent', 'example_external_task_marker_child']) retrieved from /home/pedro/Documentos/airflow/venv/lib/python3.9/site-packages/airflow/example_dags/example_external_task_marker_dag.py
[2025-05-09 14:53:21,488] {logging_mixin.py:115} INFO - [2025-05-09 14:53:21,488] {dag.py:2379} INFO - Sync 2 DAGs
[2025-05-09 14:53:21,501] {logging_mixin.py:115} INFO - [2025-05-09 14:53:21,501] {dag.py:2927} INFO - Setting next_dagrun for example_external_task_marker_child to None, run_after=None
[2025-05-09 14:53:21,501] {logging_mixin.py:115} INFO - [2025-05-09 14:53:21,501] {dag.py:2927} INFO - Setting next_dagrun for example_external_task_marker_parent to None, run_after=None
[2025-05-09 14:53:21,511] {processor.py:161} INFO - Processing /home/pedro/Documentos/airflow/venv/lib/python3.9/site-packages/airflow/example_dags/example_external_task_marker_dag.py took 0.060 seconds
[2025-05-09 14:53:55,726] {processor.py:153} INFO - Started process (PID=74069) to work on /home/pedro/Documentos/airflow/venv/lib/python3.9/site-packages/airflow/example_dags/example_external_task_marker_dag.py
[2025-05-09 14:53:55,738] {processor.py:641} INFO - Processing file /home/pedro/Documentos/airflow/venv/lib/python3.9/site-packages/airflow/example_dags/example_external_task_marker_dag.py for tasks to queue
[2025-05-09 14:53:55,739] {logging_mixin.py:115} INFO - [2025-05-09 14:53:55,739] {dagbag.py:507} INFO - Filling up the DagBag from /home/pedro/Documentos/airflow/venv/lib/python3.9/site-packages/airflow/example_dags/example_external_task_marker_dag.py
[2025-05-09 14:53:55,742] {processor.py:651} INFO - DAG(s) dict_keys(['example_external_task_marker_parent', 'example_external_task_marker_child']) retrieved from /home/pedro/Documentos/airflow/venv/lib/python3.9/site-packages/airflow/example_dags/example_external_task_marker_dag.py
[2025-05-09 14:53:55,761] {logging_mixin.py:115} INFO - [2025-05-09 14:53:55,761] {dag.py:2379} INFO - Sync 2 DAGs
[2025-05-09 14:53:55,772] {logging_mixin.py:115} INFO - [2025-05-09 14:53:55,772] {dag.py:2927} INFO - Setting next_dagrun for example_external_task_marker_child to None, run_after=None
[2025-05-09 14:53:55,772] {logging_mixin.py:115} INFO - [2025-05-09 14:53:55,772] {dag.py:2927} INFO - Setting next_dagrun for example_external_task_marker_parent to None, run_after=None
[2025-05-09 14:53:55,782] {processor.py:161} INFO - Processing /home/pedro/Documentos/airflow/venv/lib/python3.9/site-packages/airflow/example_dags/example_external_task_marker_dag.py took 0.058 seconds
[2025-05-09 14:54:28,964] {processor.py:153} INFO - Started process (PID=74356) to work on /home/pedro/Documentos/airflow/venv/lib/python3.9/site-packages/airflow/example_dags/example_external_task_marker_dag.py
[2025-05-09 14:54:28,976] {processor.py:641} INFO - Processing file /home/pedro/Documentos/airflow/venv/lib/python3.9/site-packages/airflow/example_dags/example_external_task_marker_dag.py for tasks to queue
[2025-05-09 14:54:28,976] {logging_mixin.py:115} INFO - [2025-05-09 14:54:28,976] {dagbag.py:507} INFO - Filling up the DagBag from /home/pedro/Documentos/airflow/venv/lib/python3.9/site-packages/airflow/example_dags/example_external_task_marker_dag.py
[2025-05-09 14:54:28,980] {processor.py:651} INFO - DAG(s) dict_keys(['example_external_task_marker_parent', 'example_external_task_marker_child']) retrieved from /home/pedro/Documentos/airflow/venv/lib/python3.9/site-packages/airflow/example_dags/example_external_task_marker_dag.py
[2025-05-09 14:54:28,999] {logging_mixin.py:115} INFO - [2025-05-09 14:54:28,999] {dag.py:2379} INFO - Sync 2 DAGs
[2025-05-09 14:54:29,010] {logging_mixin.py:115} INFO - [2025-05-09 14:54:29,010] {dag.py:2927} INFO - Setting next_dagrun for example_external_task_marker_child to None, run_after=None
[2025-05-09 14:54:29,010] {logging_mixin.py:115} INFO - [2025-05-09 14:54:29,010] {dag.py:2927} INFO - Setting next_dagrun for example_external_task_marker_parent to None, run_after=None
[2025-05-09 14:54:29,020] {processor.py:161} INFO - Processing /home/pedro/Documentos/airflow/venv/lib/python3.9/site-packages/airflow/example_dags/example_external_task_marker_dag.py took 0.058 seconds
[2025-05-09 14:55:02,238] {processor.py:153} INFO - Started process (PID=74559) to work on /home/pedro/Documentos/airflow/venv/lib/python3.9/site-packages/airflow/example_dags/example_external_task_marker_dag.py
[2025-05-09 14:55:02,251] {processor.py:641} INFO - Processing file /home/pedro/Documentos/airflow/venv/lib/python3.9/site-packages/airflow/example_dags/example_external_task_marker_dag.py for tasks to queue
[2025-05-09 14:55:02,251] {logging_mixin.py:115} INFO - [2025-05-09 14:55:02,251] {dagbag.py:507} INFO - Filling up the DagBag from /home/pedro/Documentos/airflow/venv/lib/python3.9/site-packages/airflow/example_dags/example_external_task_marker_dag.py
[2025-05-09 14:55:02,254] {processor.py:651} INFO - DAG(s) dict_keys(['example_external_task_marker_parent', 'example_external_task_marker_child']) retrieved from /home/pedro/Documentos/airflow/venv/lib/python3.9/site-packages/airflow/example_dags/example_external_task_marker_dag.py
[2025-05-09 14:55:02,273] {logging_mixin.py:115} INFO - [2025-05-09 14:55:02,273] {dag.py:2379} INFO - Sync 2 DAGs
[2025-05-09 14:55:02,285] {logging_mixin.py:115} INFO - [2025-05-09 14:55:02,284] {dag.py:2927} INFO - Setting next_dagrun for example_external_task_marker_child to None, run_after=None
[2025-05-09 14:55:02,285] {logging_mixin.py:115} INFO - [2025-05-09 14:55:02,285] {dag.py:2927} INFO - Setting next_dagrun for example_external_task_marker_parent to None, run_after=None
[2025-05-09 14:55:02,295] {processor.py:161} INFO - Processing /home/pedro/Documentos/airflow/venv/lib/python3.9/site-packages/airflow/example_dags/example_external_task_marker_dag.py took 0.059 seconds
