[2025-05-09 14:33:58,830] {processor.py:153} INFO - Started process (PID=61723) to work on /home/pedro/Documentos/airflow/venv/lib/python3.9/site-packages/airflow/example_dags/example_task_group_decorator.py
[2025-05-09 14:33:58,830] {processor.py:641} INFO - Processing file /home/pedro/Documentos/airflow/venv/lib/python3.9/site-packages/airflow/example_dags/example_task_group_decorator.py for tasks to queue
[2025-05-09 14:33:58,830] {logging_mixin.py:115} INFO - [2025-05-09 14:33:58,830] {dagbag.py:507} INFO - Filling up the DagBag from /home/pedro/Documentos/airflow/venv/lib/python3.9/site-packages/airflow/example_dags/example_task_group_decorator.py
[2025-05-09 14:33:58,847] {processor.py:651} INFO - DAG(s) dict_keys(['example_task_group_decorator']) retrieved from /home/pedro/Documentos/airflow/venv/lib/python3.9/site-packages/airflow/example_dags/example_task_group_decorator.py
[2025-05-09 14:33:58,893] {logging_mixin.py:115} INFO - [2025-05-09 14:33:58,893] {manager.py:508} INFO - Created Permission View: can delete on DAG:example_task_group_decorator
[2025-05-09 14:33:58,901] {logging_mixin.py:115} INFO - [2025-05-09 14:33:58,901] {manager.py:508} INFO - Created Permission View: can read on DAG:example_task_group_decorator
[2025-05-09 14:33:58,909] {logging_mixin.py:115} INFO - [2025-05-09 14:33:58,909] {manager.py:508} INFO - Created Permission View: can edit on DAG:example_task_group_decorator
[2025-05-09 14:33:58,909] {logging_mixin.py:115} INFO - [2025-05-09 14:33:58,909] {dag.py:2379} INFO - Sync 1 DAGs
[2025-05-09 14:33:58,914] {logging_mixin.py:115} INFO - [2025-05-09 14:33:58,914] {dag.py:2398} INFO - Creating ORM DAG for example_task_group_decorator
[2025-05-09 14:33:58,920] {logging_mixin.py:115} INFO - [2025-05-09 14:33:58,920] {dag.py:2927} INFO - Setting next_dagrun for example_task_group_decorator to 2025-05-08T17:33:58.920344+00:00, run_after=2025-05-09T17:33:58.920344+00:00
[2025-05-09 14:33:58,935] {processor.py:161} INFO - Processing /home/pedro/Documentos/airflow/venv/lib/python3.9/site-packages/airflow/example_dags/example_task_group_decorator.py took 0.108 seconds
[2025-05-09 14:34:34,925] {processor.py:153} INFO - Started process (PID=62258) to work on /home/pedro/Documentos/airflow/venv/lib/python3.9/site-packages/airflow/example_dags/example_task_group_decorator.py
[2025-05-09 14:34:34,937] {processor.py:641} INFO - Processing file /home/pedro/Documentos/airflow/venv/lib/python3.9/site-packages/airflow/example_dags/example_task_group_decorator.py for tasks to queue
[2025-05-09 14:34:34,938] {logging_mixin.py:115} INFO - [2025-05-09 14:34:34,938] {dagbag.py:507} INFO - Filling up the DagBag from /home/pedro/Documentos/airflow/venv/lib/python3.9/site-packages/airflow/example_dags/example_task_group_decorator.py
[2025-05-09 14:34:34,954] {processor.py:651} INFO - DAG(s) dict_keys(['example_task_group_decorator']) retrieved from /home/pedro/Documentos/airflow/venv/lib/python3.9/site-packages/airflow/example_dags/example_task_group_decorator.py
[2025-05-09 14:34:34,983] {logging_mixin.py:115} INFO - [2025-05-09 14:34:34,983] {dag.py:2379} INFO - Sync 1 DAGs
[2025-05-09 14:34:34,993] {logging_mixin.py:115} INFO - [2025-05-09 14:34:34,993] {dag.py:2927} INFO - Setting next_dagrun for example_task_group_decorator to 2025-05-08T17:34:34.993192+00:00, run_after=2025-05-09T17:34:34.993192+00:00
[2025-05-09 14:34:35,005] {processor.py:161} INFO - Processing /home/pedro/Documentos/airflow/venv/lib/python3.9/site-packages/airflow/example_dags/example_task_group_decorator.py took 0.082 seconds
[2025-05-09 14:35:09,225] {processor.py:153} INFO - Started process (PID=62698) to work on /home/pedro/Documentos/airflow/venv/lib/python3.9/site-packages/airflow/example_dags/example_task_group_decorator.py
[2025-05-09 14:35:09,237] {processor.py:641} INFO - Processing file /home/pedro/Documentos/airflow/venv/lib/python3.9/site-packages/airflow/example_dags/example_task_group_decorator.py for tasks to queue
[2025-05-09 14:35:09,237] {logging_mixin.py:115} INFO - [2025-05-09 14:35:09,237] {dagbag.py:507} INFO - Filling up the DagBag from /home/pedro/Documentos/airflow/venv/lib/python3.9/site-packages/airflow/example_dags/example_task_group_decorator.py
[2025-05-09 14:35:09,253] {processor.py:651} INFO - DAG(s) dict_keys(['example_task_group_decorator']) retrieved from /home/pedro/Documentos/airflow/venv/lib/python3.9/site-packages/airflow/example_dags/example_task_group_decorator.py
[2025-05-09 14:35:09,268] {logging_mixin.py:115} INFO - [2025-05-09 14:35:09,268] {dag.py:2379} INFO - Sync 1 DAGs
[2025-05-09 14:35:09,280] {logging_mixin.py:115} INFO - [2025-05-09 14:35:09,280] {dag.py:2927} INFO - Setting next_dagrun for example_task_group_decorator to 2025-05-08T17:35:09.280171+00:00, run_after=2025-05-09T17:35:09.280171+00:00
[2025-05-09 14:35:09,292] {processor.py:161} INFO - Processing /home/pedro/Documentos/airflow/venv/lib/python3.9/site-packages/airflow/example_dags/example_task_group_decorator.py took 0.069 seconds
[2025-05-09 14:35:41,824] {processor.py:153} INFO - Started process (PID=63092) to work on /home/pedro/Documentos/airflow/venv/lib/python3.9/site-packages/airflow/example_dags/example_task_group_decorator.py
[2025-05-09 14:35:41,836] {processor.py:641} INFO - Processing file /home/pedro/Documentos/airflow/venv/lib/python3.9/site-packages/airflow/example_dags/example_task_group_decorator.py for tasks to queue
[2025-05-09 14:35:41,836] {logging_mixin.py:115} INFO - [2025-05-09 14:35:41,836] {dagbag.py:507} INFO - Filling up the DagBag from /home/pedro/Documentos/airflow/venv/lib/python3.9/site-packages/airflow/example_dags/example_task_group_decorator.py
[2025-05-09 14:35:41,853] {processor.py:651} INFO - DAG(s) dict_keys(['example_task_group_decorator']) retrieved from /home/pedro/Documentos/airflow/venv/lib/python3.9/site-packages/airflow/example_dags/example_task_group_decorator.py
[2025-05-09 14:35:41,868] {logging_mixin.py:115} INFO - [2025-05-09 14:35:41,868] {dag.py:2379} INFO - Sync 1 DAGs
[2025-05-09 14:35:41,881] {logging_mixin.py:115} INFO - [2025-05-09 14:35:41,881] {dag.py:2927} INFO - Setting next_dagrun for example_task_group_decorator to 2025-05-08T17:35:41.881101+00:00, run_after=2025-05-09T17:35:41.881101+00:00
[2025-05-09 14:35:41,892] {processor.py:161} INFO - Processing /home/pedro/Documentos/airflow/venv/lib/python3.9/site-packages/airflow/example_dags/example_task_group_decorator.py took 0.070 seconds
[2025-05-09 14:36:15,295] {processor.py:153} INFO - Started process (PID=63313) to work on /home/pedro/Documentos/airflow/venv/lib/python3.9/site-packages/airflow/example_dags/example_task_group_decorator.py
[2025-05-09 14:36:15,296] {processor.py:641} INFO - Processing file /home/pedro/Documentos/airflow/venv/lib/python3.9/site-packages/airflow/example_dags/example_task_group_decorator.py for tasks to queue
[2025-05-09 14:36:15,296] {logging_mixin.py:115} INFO - [2025-05-09 14:36:15,296] {dagbag.py:507} INFO - Filling up the DagBag from /home/pedro/Documentos/airflow/venv/lib/python3.9/site-packages/airflow/example_dags/example_task_group_decorator.py
[2025-05-09 14:36:15,313] {processor.py:651} INFO - DAG(s) dict_keys(['example_task_group_decorator']) retrieved from /home/pedro/Documentos/airflow/venv/lib/python3.9/site-packages/airflow/example_dags/example_task_group_decorator.py
[2025-05-09 14:36:15,348] {logging_mixin.py:115} INFO - [2025-05-09 14:36:15,348] {dag.py:2379} INFO - Sync 1 DAGs
[2025-05-09 14:36:15,359] {logging_mixin.py:115} INFO - [2025-05-09 14:36:15,359] {dag.py:2927} INFO - Setting next_dagrun for example_task_group_decorator to 2025-05-08T17:36:15.359360+00:00, run_after=2025-05-09T17:36:15.359360+00:00
[2025-05-09 14:36:15,372] {processor.py:161} INFO - Processing /home/pedro/Documentos/airflow/venv/lib/python3.9/site-packages/airflow/example_dags/example_task_group_decorator.py took 0.079 seconds
[2025-05-09 14:36:46,816] {processor.py:153} INFO - Started process (PID=63505) to work on /home/pedro/Documentos/airflow/venv/lib/python3.9/site-packages/airflow/example_dags/example_task_group_decorator.py
[2025-05-09 14:36:46,829] {processor.py:641} INFO - Processing file /home/pedro/Documentos/airflow/venv/lib/python3.9/site-packages/airflow/example_dags/example_task_group_decorator.py for tasks to queue
[2025-05-09 14:36:46,829] {logging_mixin.py:115} INFO - [2025-05-09 14:36:46,829] {dagbag.py:507} INFO - Filling up the DagBag from /home/pedro/Documentos/airflow/venv/lib/python3.9/site-packages/airflow/example_dags/example_task_group_decorator.py
[2025-05-09 14:36:46,845] {processor.py:651} INFO - DAG(s) dict_keys(['example_task_group_decorator']) retrieved from /home/pedro/Documentos/airflow/venv/lib/python3.9/site-packages/airflow/example_dags/example_task_group_decorator.py
[2025-05-09 14:36:46,875] {logging_mixin.py:115} INFO - [2025-05-09 14:36:46,875] {dag.py:2379} INFO - Sync 1 DAGs
[2025-05-09 14:36:46,885] {logging_mixin.py:115} INFO - [2025-05-09 14:36:46,885] {dag.py:2927} INFO - Setting next_dagrun for example_task_group_decorator to 2025-05-08T17:36:46.885362+00:00, run_after=2025-05-09T17:36:46.885362+00:00
[2025-05-09 14:36:46,922] {processor.py:161} INFO - Processing /home/pedro/Documentos/airflow/venv/lib/python3.9/site-packages/airflow/example_dags/example_task_group_decorator.py took 0.107 seconds
[2025-05-09 14:37:21,905] {processor.py:153} INFO - Started process (PID=63948) to work on /home/pedro/Documentos/airflow/venv/lib/python3.9/site-packages/airflow/example_dags/example_task_group_decorator.py
[2025-05-09 14:37:21,918] {processor.py:641} INFO - Processing file /home/pedro/Documentos/airflow/venv/lib/python3.9/site-packages/airflow/example_dags/example_task_group_decorator.py for tasks to queue
[2025-05-09 14:37:21,918] {logging_mixin.py:115} INFO - [2025-05-09 14:37:21,918] {dagbag.py:507} INFO - Filling up the DagBag from /home/pedro/Documentos/airflow/venv/lib/python3.9/site-packages/airflow/example_dags/example_task_group_decorator.py
[2025-05-09 14:37:21,934] {processor.py:651} INFO - DAG(s) dict_keys(['example_task_group_decorator']) retrieved from /home/pedro/Documentos/airflow/venv/lib/python3.9/site-packages/airflow/example_dags/example_task_group_decorator.py
[2025-05-09 14:37:21,966] {logging_mixin.py:115} INFO - [2025-05-09 14:37:21,966] {dag.py:2379} INFO - Sync 1 DAGs
[2025-05-09 14:37:21,976] {logging_mixin.py:115} INFO - [2025-05-09 14:37:21,976] {dag.py:2927} INFO - Setting next_dagrun for example_task_group_decorator to 2025-05-08T17:37:21.976221+00:00, run_after=2025-05-09T17:37:21.976221+00:00
[2025-05-09 14:37:21,988] {processor.py:161} INFO - Processing /home/pedro/Documentos/airflow/venv/lib/python3.9/site-packages/airflow/example_dags/example_task_group_decorator.py took 0.085 seconds
[2025-05-09 14:37:56,273] {processor.py:153} INFO - Started process (PID=64480) to work on /home/pedro/Documentos/airflow/venv/lib/python3.9/site-packages/airflow/example_dags/example_task_group_decorator.py
[2025-05-09 14:37:56,273] {processor.py:641} INFO - Processing file /home/pedro/Documentos/airflow/venv/lib/python3.9/site-packages/airflow/example_dags/example_task_group_decorator.py for tasks to queue
[2025-05-09 14:37:56,274] {logging_mixin.py:115} INFO - [2025-05-09 14:37:56,274] {dagbag.py:507} INFO - Filling up the DagBag from /home/pedro/Documentos/airflow/venv/lib/python3.9/site-packages/airflow/example_dags/example_task_group_decorator.py
[2025-05-09 14:37:56,289] {processor.py:651} INFO - DAG(s) dict_keys(['example_task_group_decorator']) retrieved from /home/pedro/Documentos/airflow/venv/lib/python3.9/site-packages/airflow/example_dags/example_task_group_decorator.py
[2025-05-09 14:37:56,323] {logging_mixin.py:115} INFO - [2025-05-09 14:37:56,323] {dag.py:2379} INFO - Sync 1 DAGs
[2025-05-09 14:37:56,335] {logging_mixin.py:115} INFO - [2025-05-09 14:37:56,335] {dag.py:2927} INFO - Setting next_dagrun for example_task_group_decorator to 2025-05-08T17:37:56.335081+00:00, run_after=2025-05-09T17:37:56.335081+00:00
[2025-05-09 14:37:56,347] {processor.py:161} INFO - Processing /home/pedro/Documentos/airflow/venv/lib/python3.9/site-packages/airflow/example_dags/example_task_group_decorator.py took 0.076 seconds
[2025-05-09 14:38:27,717] {processor.py:153} INFO - Started process (PID=64869) to work on /home/pedro/Documentos/airflow/venv/lib/python3.9/site-packages/airflow/example_dags/example_task_group_decorator.py
[2025-05-09 14:38:27,729] {processor.py:641} INFO - Processing file /home/pedro/Documentos/airflow/venv/lib/python3.9/site-packages/airflow/example_dags/example_task_group_decorator.py for tasks to queue
[2025-05-09 14:38:27,730] {logging_mixin.py:115} INFO - [2025-05-09 14:38:27,730] {dagbag.py:507} INFO - Filling up the DagBag from /home/pedro/Documentos/airflow/venv/lib/python3.9/site-packages/airflow/example_dags/example_task_group_decorator.py
[2025-05-09 14:38:27,748] {processor.py:651} INFO - DAG(s) dict_keys(['example_task_group_decorator']) retrieved from /home/pedro/Documentos/airflow/venv/lib/python3.9/site-packages/airflow/example_dags/example_task_group_decorator.py
[2025-05-09 14:38:27,762] {logging_mixin.py:115} INFO - [2025-05-09 14:38:27,762] {dag.py:2379} INFO - Sync 1 DAGs
[2025-05-09 14:38:27,774] {logging_mixin.py:115} INFO - [2025-05-09 14:38:27,774] {dag.py:2927} INFO - Setting next_dagrun for example_task_group_decorator to 2025-05-08T17:38:27.773839+00:00, run_after=2025-05-09T17:38:27.773839+00:00
[2025-05-09 14:38:27,783] {processor.py:161} INFO - Processing /home/pedro/Documentos/airflow/venv/lib/python3.9/site-packages/airflow/example_dags/example_task_group_decorator.py took 0.068 seconds
[2025-05-09 14:39:03,944] {processor.py:153} INFO - Started process (PID=65171) to work on /home/pedro/Documentos/airflow/venv/lib/python3.9/site-packages/airflow/example_dags/example_task_group_decorator.py
[2025-05-09 14:39:03,956] {processor.py:641} INFO - Processing file /home/pedro/Documentos/airflow/venv/lib/python3.9/site-packages/airflow/example_dags/example_task_group_decorator.py for tasks to queue
[2025-05-09 14:39:03,957] {logging_mixin.py:115} INFO - [2025-05-09 14:39:03,957] {dagbag.py:507} INFO - Filling up the DagBag from /home/pedro/Documentos/airflow/venv/lib/python3.9/site-packages/airflow/example_dags/example_task_group_decorator.py
[2025-05-09 14:39:03,976] {processor.py:651} INFO - DAG(s) dict_keys(['example_task_group_decorator']) retrieved from /home/pedro/Documentos/airflow/venv/lib/python3.9/site-packages/airflow/example_dags/example_task_group_decorator.py
[2025-05-09 14:39:04,003] {logging_mixin.py:115} INFO - [2025-05-09 14:39:04,003] {dag.py:2379} INFO - Sync 1 DAGs
[2025-05-09 14:39:04,013] {logging_mixin.py:115} INFO - [2025-05-09 14:39:04,013] {dag.py:2927} INFO - Setting next_dagrun for example_task_group_decorator to 2025-05-08T17:39:04.013445+00:00, run_after=2025-05-09T17:39:04.013445+00:00
[2025-05-09 14:39:04,023] {processor.py:161} INFO - Processing /home/pedro/Documentos/airflow/venv/lib/python3.9/site-packages/airflow/example_dags/example_task_group_decorator.py took 0.082 seconds
[2025-05-09 14:39:39,816] {processor.py:153} INFO - Started process (PID=65562) to work on /home/pedro/Documentos/airflow/venv/lib/python3.9/site-packages/airflow/example_dags/example_task_group_decorator.py
[2025-05-09 14:39:39,828] {processor.py:641} INFO - Processing file /home/pedro/Documentos/airflow/venv/lib/python3.9/site-packages/airflow/example_dags/example_task_group_decorator.py for tasks to queue
[2025-05-09 14:39:39,828] {logging_mixin.py:115} INFO - [2025-05-09 14:39:39,828] {dagbag.py:507} INFO - Filling up the DagBag from /home/pedro/Documentos/airflow/venv/lib/python3.9/site-packages/airflow/example_dags/example_task_group_decorator.py
[2025-05-09 14:39:39,847] {processor.py:651} INFO - DAG(s) dict_keys(['example_task_group_decorator']) retrieved from /home/pedro/Documentos/airflow/venv/lib/python3.9/site-packages/airflow/example_dags/example_task_group_decorator.py
[2025-05-09 14:39:39,874] {logging_mixin.py:115} INFO - [2025-05-09 14:39:39,874] {dag.py:2379} INFO - Sync 1 DAGs
[2025-05-09 14:39:39,884] {logging_mixin.py:115} INFO - [2025-05-09 14:39:39,884] {dag.py:2927} INFO - Setting next_dagrun for example_task_group_decorator to 2025-05-08T17:39:39.884453+00:00, run_after=2025-05-09T17:39:39.884453+00:00
[2025-05-09 14:39:39,895] {processor.py:161} INFO - Processing /home/pedro/Documentos/airflow/venv/lib/python3.9/site-packages/airflow/example_dags/example_task_group_decorator.py took 0.081 seconds
[2025-05-09 14:40:11,950] {processor.py:153} INFO - Started process (PID=65761) to work on /home/pedro/Documentos/airflow/venv/lib/python3.9/site-packages/airflow/example_dags/example_task_group_decorator.py
[2025-05-09 14:40:11,963] {processor.py:641} INFO - Processing file /home/pedro/Documentos/airflow/venv/lib/python3.9/site-packages/airflow/example_dags/example_task_group_decorator.py for tasks to queue
[2025-05-09 14:40:11,963] {logging_mixin.py:115} INFO - [2025-05-09 14:40:11,963] {dagbag.py:507} INFO - Filling up the DagBag from /home/pedro/Documentos/airflow/venv/lib/python3.9/site-packages/airflow/example_dags/example_task_group_decorator.py
[2025-05-09 14:40:11,981] {processor.py:651} INFO - DAG(s) dict_keys(['example_task_group_decorator']) retrieved from /home/pedro/Documentos/airflow/venv/lib/python3.9/site-packages/airflow/example_dags/example_task_group_decorator.py
[2025-05-09 14:40:11,992] {logging_mixin.py:115} INFO - [2025-05-09 14:40:11,992] {dag.py:2379} INFO - Sync 1 DAGs
[2025-05-09 14:40:12,003] {logging_mixin.py:115} INFO - [2025-05-09 14:40:12,003] {dag.py:2927} INFO - Setting next_dagrun for example_task_group_decorator to 2025-05-08T17:40:12.003473+00:00, run_after=2025-05-09T17:40:12.003473+00:00
[2025-05-09 14:40:12,013] {processor.py:161} INFO - Processing /home/pedro/Documentos/airflow/venv/lib/python3.9/site-packages/airflow/example_dags/example_task_group_decorator.py took 0.065 seconds
[2025-05-09 14:40:46,208] {processor.py:153} INFO - Started process (PID=66084) to work on /home/pedro/Documentos/airflow/venv/lib/python3.9/site-packages/airflow/example_dags/example_task_group_decorator.py
[2025-05-09 14:40:46,209] {processor.py:641} INFO - Processing file /home/pedro/Documentos/airflow/venv/lib/python3.9/site-packages/airflow/example_dags/example_task_group_decorator.py for tasks to queue
[2025-05-09 14:40:46,209] {logging_mixin.py:115} INFO - [2025-05-09 14:40:46,209] {dagbag.py:507} INFO - Filling up the DagBag from /home/pedro/Documentos/airflow/venv/lib/python3.9/site-packages/airflow/example_dags/example_task_group_decorator.py
[2025-05-09 14:40:46,231] {processor.py:651} INFO - DAG(s) dict_keys(['example_task_group_decorator']) retrieved from /home/pedro/Documentos/airflow/venv/lib/python3.9/site-packages/airflow/example_dags/example_task_group_decorator.py
[2025-05-09 14:40:46,260] {logging_mixin.py:115} INFO - [2025-05-09 14:40:46,260] {dag.py:2379} INFO - Sync 1 DAGs
[2025-05-09 14:40:46,271] {logging_mixin.py:115} INFO - [2025-05-09 14:40:46,271] {dag.py:2927} INFO - Setting next_dagrun for example_task_group_decorator to 2025-05-08T17:40:46.271280+00:00, run_after=2025-05-09T17:40:46.271280+00:00
[2025-05-09 14:40:46,296] {processor.py:161} INFO - Processing /home/pedro/Documentos/airflow/venv/lib/python3.9/site-packages/airflow/example_dags/example_task_group_decorator.py took 0.090 seconds
[2025-05-09 14:41:21,030] {processor.py:153} INFO - Started process (PID=66728) to work on /home/pedro/Documentos/airflow/venv/lib/python3.9/site-packages/airflow/example_dags/example_task_group_decorator.py
[2025-05-09 14:41:21,042] {processor.py:641} INFO - Processing file /home/pedro/Documentos/airflow/venv/lib/python3.9/site-packages/airflow/example_dags/example_task_group_decorator.py for tasks to queue
[2025-05-09 14:41:21,042] {logging_mixin.py:115} INFO - [2025-05-09 14:41:21,042] {dagbag.py:507} INFO - Filling up the DagBag from /home/pedro/Documentos/airflow/venv/lib/python3.9/site-packages/airflow/example_dags/example_task_group_decorator.py
[2025-05-09 14:41:21,061] {processor.py:651} INFO - DAG(s) dict_keys(['example_task_group_decorator']) retrieved from /home/pedro/Documentos/airflow/venv/lib/python3.9/site-packages/airflow/example_dags/example_task_group_decorator.py
[2025-05-09 14:41:21,089] {logging_mixin.py:115} INFO - [2025-05-09 14:41:21,089] {dag.py:2379} INFO - Sync 1 DAGs
[2025-05-09 14:41:21,099] {logging_mixin.py:115} INFO - [2025-05-09 14:41:21,099] {dag.py:2927} INFO - Setting next_dagrun for example_task_group_decorator to 2025-05-08T17:41:21.099206+00:00, run_after=2025-05-09T17:41:21.099206+00:00
[2025-05-09 14:41:21,110] {processor.py:161} INFO - Processing /home/pedro/Documentos/airflow/venv/lib/python3.9/site-packages/airflow/example_dags/example_task_group_decorator.py took 0.082 seconds
[2025-05-09 14:41:58,183] {processor.py:153} INFO - Started process (PID=66974) to work on /home/pedro/Documentos/airflow/venv/lib/python3.9/site-packages/airflow/example_dags/example_task_group_decorator.py
[2025-05-09 14:41:58,196] {processor.py:641} INFO - Processing file /home/pedro/Documentos/airflow/venv/lib/python3.9/site-packages/airflow/example_dags/example_task_group_decorator.py for tasks to queue
[2025-05-09 14:41:58,196] {logging_mixin.py:115} INFO - [2025-05-09 14:41:58,196] {dagbag.py:507} INFO - Filling up the DagBag from /home/pedro/Documentos/airflow/venv/lib/python3.9/site-packages/airflow/example_dags/example_task_group_decorator.py
[2025-05-09 14:41:58,215] {processor.py:651} INFO - DAG(s) dict_keys(['example_task_group_decorator']) retrieved from /home/pedro/Documentos/airflow/venv/lib/python3.9/site-packages/airflow/example_dags/example_task_group_decorator.py
[2025-05-09 14:41:58,242] {logging_mixin.py:115} INFO - [2025-05-09 14:41:58,242] {dag.py:2379} INFO - Sync 1 DAGs
[2025-05-09 14:41:58,252] {logging_mixin.py:115} INFO - [2025-05-09 14:41:58,252] {dag.py:2927} INFO - Setting next_dagrun for example_task_group_decorator to 2025-05-08T17:41:58.252339+00:00, run_after=2025-05-09T17:41:58.252339+00:00
[2025-05-09 14:41:58,263] {processor.py:161} INFO - Processing /home/pedro/Documentos/airflow/venv/lib/python3.9/site-packages/airflow/example_dags/example_task_group_decorator.py took 0.082 seconds
[2025-05-09 14:42:30,780] {processor.py:153} INFO - Started process (PID=67169) to work on /home/pedro/Documentos/airflow/venv/lib/python3.9/site-packages/airflow/example_dags/example_task_group_decorator.py
[2025-05-09 14:42:30,793] {processor.py:641} INFO - Processing file /home/pedro/Documentos/airflow/venv/lib/python3.9/site-packages/airflow/example_dags/example_task_group_decorator.py for tasks to queue
[2025-05-09 14:42:30,793] {logging_mixin.py:115} INFO - [2025-05-09 14:42:30,793] {dagbag.py:507} INFO - Filling up the DagBag from /home/pedro/Documentos/airflow/venv/lib/python3.9/site-packages/airflow/example_dags/example_task_group_decorator.py
[2025-05-09 14:42:30,812] {processor.py:651} INFO - DAG(s) dict_keys(['example_task_group_decorator']) retrieved from /home/pedro/Documentos/airflow/venv/lib/python3.9/site-packages/airflow/example_dags/example_task_group_decorator.py
[2025-05-09 14:42:30,839] {logging_mixin.py:115} INFO - [2025-05-09 14:42:30,839] {dag.py:2379} INFO - Sync 1 DAGs
[2025-05-09 14:42:30,849] {logging_mixin.py:115} INFO - [2025-05-09 14:42:30,848] {dag.py:2927} INFO - Setting next_dagrun for example_task_group_decorator to 2025-05-08T17:42:30.848713+00:00, run_after=2025-05-09T17:42:30.848713+00:00
[2025-05-09 14:42:30,859] {processor.py:161} INFO - Processing /home/pedro/Documentos/airflow/venv/lib/python3.9/site-packages/airflow/example_dags/example_task_group_decorator.py took 0.081 seconds
[2025-05-09 14:43:03,023] {processor.py:153} INFO - Started process (PID=67360) to work on /home/pedro/Documentos/airflow/venv/lib/python3.9/site-packages/airflow/example_dags/example_task_group_decorator.py
[2025-05-09 14:43:03,036] {processor.py:641} INFO - Processing file /home/pedro/Documentos/airflow/venv/lib/python3.9/site-packages/airflow/example_dags/example_task_group_decorator.py for tasks to queue
[2025-05-09 14:43:03,036] {logging_mixin.py:115} INFO - [2025-05-09 14:43:03,036] {dagbag.py:507} INFO - Filling up the DagBag from /home/pedro/Documentos/airflow/venv/lib/python3.9/site-packages/airflow/example_dags/example_task_group_decorator.py
[2025-05-09 14:43:03,055] {processor.py:651} INFO - DAG(s) dict_keys(['example_task_group_decorator']) retrieved from /home/pedro/Documentos/airflow/venv/lib/python3.9/site-packages/airflow/example_dags/example_task_group_decorator.py
[2025-05-09 14:43:03,066] {logging_mixin.py:115} INFO - [2025-05-09 14:43:03,066] {dag.py:2379} INFO - Sync 1 DAGs
[2025-05-09 14:43:03,077] {logging_mixin.py:115} INFO - [2025-05-09 14:43:03,077] {dag.py:2927} INFO - Setting next_dagrun for example_task_group_decorator to 2025-05-08T17:43:03.077114+00:00, run_after=2025-05-09T17:43:03.077114+00:00
[2025-05-09 14:43:03,086] {processor.py:161} INFO - Processing /home/pedro/Documentos/airflow/venv/lib/python3.9/site-packages/airflow/example_dags/example_task_group_decorator.py took 0.065 seconds
[2025-05-09 14:43:38,777] {processor.py:153} INFO - Started process (PID=68010) to work on /home/pedro/Documentos/airflow/venv/lib/python3.9/site-packages/airflow/example_dags/example_task_group_decorator.py
[2025-05-09 14:43:38,789] {processor.py:641} INFO - Processing file /home/pedro/Documentos/airflow/venv/lib/python3.9/site-packages/airflow/example_dags/example_task_group_decorator.py for tasks to queue
[2025-05-09 14:43:38,790] {logging_mixin.py:115} INFO - [2025-05-09 14:43:38,790] {dagbag.py:507} INFO - Filling up the DagBag from /home/pedro/Documentos/airflow/venv/lib/python3.9/site-packages/airflow/example_dags/example_task_group_decorator.py
[2025-05-09 14:43:38,808] {processor.py:651} INFO - DAG(s) dict_keys(['example_task_group_decorator']) retrieved from /home/pedro/Documentos/airflow/venv/lib/python3.9/site-packages/airflow/example_dags/example_task_group_decorator.py
[2025-05-09 14:43:38,822] {logging_mixin.py:115} INFO - [2025-05-09 14:43:38,822] {dag.py:2379} INFO - Sync 1 DAGs
[2025-05-09 14:43:38,835] {logging_mixin.py:115} INFO - [2025-05-09 14:43:38,835] {dag.py:2927} INFO - Setting next_dagrun for example_task_group_decorator to 2025-05-08T17:43:38.835120+00:00, run_after=2025-05-09T17:43:38.835120+00:00
[2025-05-09 14:43:38,844] {processor.py:161} INFO - Processing /home/pedro/Documentos/airflow/venv/lib/python3.9/site-packages/airflow/example_dags/example_task_group_decorator.py took 0.070 seconds
[2025-05-09 14:44:12,101] {processor.py:153} INFO - Started process (PID=68267) to work on /home/pedro/Documentos/airflow/venv/lib/python3.9/site-packages/airflow/example_dags/example_task_group_decorator.py
[2025-05-09 14:44:12,113] {processor.py:641} INFO - Processing file /home/pedro/Documentos/airflow/venv/lib/python3.9/site-packages/airflow/example_dags/example_task_group_decorator.py for tasks to queue
[2025-05-09 14:44:12,114] {logging_mixin.py:115} INFO - [2025-05-09 14:44:12,114] {dagbag.py:507} INFO - Filling up the DagBag from /home/pedro/Documentos/airflow/venv/lib/python3.9/site-packages/airflow/example_dags/example_task_group_decorator.py
[2025-05-09 14:44:12,132] {processor.py:651} INFO - DAG(s) dict_keys(['example_task_group_decorator']) retrieved from /home/pedro/Documentos/airflow/venv/lib/python3.9/site-packages/airflow/example_dags/example_task_group_decorator.py
[2025-05-09 14:44:12,160] {logging_mixin.py:115} INFO - [2025-05-09 14:44:12,160] {dag.py:2379} INFO - Sync 1 DAGs
[2025-05-09 14:44:12,170] {logging_mixin.py:115} INFO - [2025-05-09 14:44:12,170] {dag.py:2927} INFO - Setting next_dagrun for example_task_group_decorator to 2025-05-08T17:44:12.170392+00:00, run_after=2025-05-09T17:44:12.170392+00:00
[2025-05-09 14:44:12,181] {processor.py:161} INFO - Processing /home/pedro/Documentos/airflow/venv/lib/python3.9/site-packages/airflow/example_dags/example_task_group_decorator.py took 0.082 seconds
[2025-05-09 14:44:45,545] {processor.py:153} INFO - Started process (PID=68464) to work on /home/pedro/Documentos/airflow/venv/lib/python3.9/site-packages/airflow/example_dags/example_task_group_decorator.py
[2025-05-09 14:44:45,557] {processor.py:641} INFO - Processing file /home/pedro/Documentos/airflow/venv/lib/python3.9/site-packages/airflow/example_dags/example_task_group_decorator.py for tasks to queue
[2025-05-09 14:44:45,558] {logging_mixin.py:115} INFO - [2025-05-09 14:44:45,557] {dagbag.py:507} INFO - Filling up the DagBag from /home/pedro/Documentos/airflow/venv/lib/python3.9/site-packages/airflow/example_dags/example_task_group_decorator.py
[2025-05-09 14:44:45,576] {processor.py:651} INFO - DAG(s) dict_keys(['example_task_group_decorator']) retrieved from /home/pedro/Documentos/airflow/venv/lib/python3.9/site-packages/airflow/example_dags/example_task_group_decorator.py
[2025-05-09 14:44:45,588] {logging_mixin.py:115} INFO - [2025-05-09 14:44:45,588] {dag.py:2379} INFO - Sync 1 DAGs
[2025-05-09 14:44:45,599] {logging_mixin.py:115} INFO - [2025-05-09 14:44:45,599] {dag.py:2927} INFO - Setting next_dagrun for example_task_group_decorator to 2025-05-08T17:44:45.599312+00:00, run_after=2025-05-09T17:44:45.599312+00:00
[2025-05-09 14:44:45,609] {processor.py:161} INFO - Processing /home/pedro/Documentos/airflow/venv/lib/python3.9/site-packages/airflow/example_dags/example_task_group_decorator.py took 0.066 seconds
[2025-05-09 14:45:18,568] {processor.py:153} INFO - Started process (PID=68693) to work on /home/pedro/Documentos/airflow/venv/lib/python3.9/site-packages/airflow/example_dags/example_task_group_decorator.py
[2025-05-09 14:45:18,581] {processor.py:641} INFO - Processing file /home/pedro/Documentos/airflow/venv/lib/python3.9/site-packages/airflow/example_dags/example_task_group_decorator.py for tasks to queue
[2025-05-09 14:45:18,581] {logging_mixin.py:115} INFO - [2025-05-09 14:45:18,581] {dagbag.py:507} INFO - Filling up the DagBag from /home/pedro/Documentos/airflow/venv/lib/python3.9/site-packages/airflow/example_dags/example_task_group_decorator.py
[2025-05-09 14:45:18,599] {processor.py:651} INFO - DAG(s) dict_keys(['example_task_group_decorator']) retrieved from /home/pedro/Documentos/airflow/venv/lib/python3.9/site-packages/airflow/example_dags/example_task_group_decorator.py
[2025-05-09 14:45:18,611] {logging_mixin.py:115} INFO - [2025-05-09 14:45:18,611] {dag.py:2379} INFO - Sync 1 DAGs
[2025-05-09 14:45:18,622] {logging_mixin.py:115} INFO - [2025-05-09 14:45:18,622] {dag.py:2927} INFO - Setting next_dagrun for example_task_group_decorator to 2025-05-08T17:45:18.622641+00:00, run_after=2025-05-09T17:45:18.622641+00:00
[2025-05-09 14:45:18,631] {processor.py:161} INFO - Processing /home/pedro/Documentos/airflow/venv/lib/python3.9/site-packages/airflow/example_dags/example_task_group_decorator.py took 0.065 seconds
[2025-05-09 14:45:51,168] {processor.py:153} INFO - Started process (PID=68888) to work on /home/pedro/Documentos/airflow/venv/lib/python3.9/site-packages/airflow/example_dags/example_task_group_decorator.py
[2025-05-09 14:45:51,180] {processor.py:641} INFO - Processing file /home/pedro/Documentos/airflow/venv/lib/python3.9/site-packages/airflow/example_dags/example_task_group_decorator.py for tasks to queue
[2025-05-09 14:45:51,180] {logging_mixin.py:115} INFO - [2025-05-09 14:45:51,180] {dagbag.py:507} INFO - Filling up the DagBag from /home/pedro/Documentos/airflow/venv/lib/python3.9/site-packages/airflow/example_dags/example_task_group_decorator.py
[2025-05-09 14:45:51,198] {processor.py:651} INFO - DAG(s) dict_keys(['example_task_group_decorator']) retrieved from /home/pedro/Documentos/airflow/venv/lib/python3.9/site-packages/airflow/example_dags/example_task_group_decorator.py
[2025-05-09 14:45:51,210] {logging_mixin.py:115} INFO - [2025-05-09 14:45:51,210] {dag.py:2379} INFO - Sync 1 DAGs
[2025-05-09 14:45:51,221] {logging_mixin.py:115} INFO - [2025-05-09 14:45:51,221] {dag.py:2927} INFO - Setting next_dagrun for example_task_group_decorator to 2025-05-08T17:45:51.221218+00:00, run_after=2025-05-09T17:45:51.221218+00:00
[2025-05-09 14:45:51,230] {processor.py:161} INFO - Processing /home/pedro/Documentos/airflow/venv/lib/python3.9/site-packages/airflow/example_dags/example_task_group_decorator.py took 0.065 seconds
[2025-05-09 14:46:26,079] {processor.py:153} INFO - Started process (PID=69095) to work on /home/pedro/Documentos/airflow/venv/lib/python3.9/site-packages/airflow/example_dags/example_task_group_decorator.py
[2025-05-09 14:46:26,091] {processor.py:641} INFO - Processing file /home/pedro/Documentos/airflow/venv/lib/python3.9/site-packages/airflow/example_dags/example_task_group_decorator.py for tasks to queue
[2025-05-09 14:46:26,091] {logging_mixin.py:115} INFO - [2025-05-09 14:46:26,091] {dagbag.py:507} INFO - Filling up the DagBag from /home/pedro/Documentos/airflow/venv/lib/python3.9/site-packages/airflow/example_dags/example_task_group_decorator.py
[2025-05-09 14:46:26,110] {processor.py:651} INFO - DAG(s) dict_keys(['example_task_group_decorator']) retrieved from /home/pedro/Documentos/airflow/venv/lib/python3.9/site-packages/airflow/example_dags/example_task_group_decorator.py
[2025-05-09 14:46:26,122] {logging_mixin.py:115} INFO - [2025-05-09 14:46:26,121] {dag.py:2379} INFO - Sync 1 DAGs
[2025-05-09 14:46:26,133] {logging_mixin.py:115} INFO - [2025-05-09 14:46:26,133] {dag.py:2927} INFO - Setting next_dagrun for example_task_group_decorator to 2025-05-08T17:46:26.132989+00:00, run_after=2025-05-09T17:46:26.132989+00:00
[2025-05-09 14:46:26,142] {processor.py:161} INFO - Processing /home/pedro/Documentos/airflow/venv/lib/python3.9/site-packages/airflow/example_dags/example_task_group_decorator.py took 0.066 seconds
[2025-05-09 14:46:59,192] {processor.py:153} INFO - Started process (PID=69612) to work on /home/pedro/Documentos/airflow/venv/lib/python3.9/site-packages/airflow/example_dags/example_task_group_decorator.py
[2025-05-09 14:46:59,204] {processor.py:641} INFO - Processing file /home/pedro/Documentos/airflow/venv/lib/python3.9/site-packages/airflow/example_dags/example_task_group_decorator.py for tasks to queue
[2025-05-09 14:46:59,204] {logging_mixin.py:115} INFO - [2025-05-09 14:46:59,204] {dagbag.py:507} INFO - Filling up the DagBag from /home/pedro/Documentos/airflow/venv/lib/python3.9/site-packages/airflow/example_dags/example_task_group_decorator.py
[2025-05-09 14:46:59,223] {processor.py:651} INFO - DAG(s) dict_keys(['example_task_group_decorator']) retrieved from /home/pedro/Documentos/airflow/venv/lib/python3.9/site-packages/airflow/example_dags/example_task_group_decorator.py
[2025-05-09 14:46:59,235] {logging_mixin.py:115} INFO - [2025-05-09 14:46:59,235] {dag.py:2379} INFO - Sync 1 DAGs
[2025-05-09 14:46:59,247] {logging_mixin.py:115} INFO - [2025-05-09 14:46:59,247] {dag.py:2927} INFO - Setting next_dagrun for example_task_group_decorator to 2025-05-08T17:46:59.246959+00:00, run_after=2025-05-09T17:46:59.246959+00:00
[2025-05-09 14:46:59,256] {processor.py:161} INFO - Processing /home/pedro/Documentos/airflow/venv/lib/python3.9/site-packages/airflow/example_dags/example_task_group_decorator.py took 0.067 seconds
[2025-05-09 14:47:31,099] {processor.py:153} INFO - Started process (PID=69942) to work on /home/pedro/Documentos/airflow/venv/lib/python3.9/site-packages/airflow/example_dags/example_task_group_decorator.py
[2025-05-09 14:47:31,111] {processor.py:641} INFO - Processing file /home/pedro/Documentos/airflow/venv/lib/python3.9/site-packages/airflow/example_dags/example_task_group_decorator.py for tasks to queue
[2025-05-09 14:47:31,111] {logging_mixin.py:115} INFO - [2025-05-09 14:47:31,111] {dagbag.py:507} INFO - Filling up the DagBag from /home/pedro/Documentos/airflow/venv/lib/python3.9/site-packages/airflow/example_dags/example_task_group_decorator.py
[2025-05-09 14:47:31,132] {processor.py:651} INFO - DAG(s) dict_keys(['example_task_group_decorator']) retrieved from /home/pedro/Documentos/airflow/venv/lib/python3.9/site-packages/airflow/example_dags/example_task_group_decorator.py
[2025-05-09 14:47:31,145] {logging_mixin.py:115} INFO - [2025-05-09 14:47:31,145] {dag.py:2379} INFO - Sync 1 DAGs
[2025-05-09 14:47:31,157] {logging_mixin.py:115} INFO - [2025-05-09 14:47:31,157] {dag.py:2927} INFO - Setting next_dagrun for example_task_group_decorator to 2025-05-08T17:47:31.157394+00:00, run_after=2025-05-09T17:47:31.157394+00:00
[2025-05-09 14:47:31,167] {processor.py:161} INFO - Processing /home/pedro/Documentos/airflow/venv/lib/python3.9/site-packages/airflow/example_dags/example_task_group_decorator.py took 0.071 seconds
[2025-05-09 14:48:05,615] {processor.py:153} INFO - Started process (PID=70159) to work on /home/pedro/Documentos/airflow/venv/lib/python3.9/site-packages/airflow/example_dags/example_task_group_decorator.py
[2025-05-09 14:48:05,628] {processor.py:641} INFO - Processing file /home/pedro/Documentos/airflow/venv/lib/python3.9/site-packages/airflow/example_dags/example_task_group_decorator.py for tasks to queue
[2025-05-09 14:48:05,628] {logging_mixin.py:115} INFO - [2025-05-09 14:48:05,628] {dagbag.py:507} INFO - Filling up the DagBag from /home/pedro/Documentos/airflow/venv/lib/python3.9/site-packages/airflow/example_dags/example_task_group_decorator.py
[2025-05-09 14:48:05,646] {processor.py:651} INFO - DAG(s) dict_keys(['example_task_group_decorator']) retrieved from /home/pedro/Documentos/airflow/venv/lib/python3.9/site-packages/airflow/example_dags/example_task_group_decorator.py
[2025-05-09 14:48:05,658] {logging_mixin.py:115} INFO - [2025-05-09 14:48:05,658] {dag.py:2379} INFO - Sync 1 DAGs
[2025-05-09 14:48:05,670] {logging_mixin.py:115} INFO - [2025-05-09 14:48:05,670] {dag.py:2927} INFO - Setting next_dagrun for example_task_group_decorator to 2025-05-08T17:48:05.670471+00:00, run_after=2025-05-09T17:48:05.670471+00:00
[2025-05-09 14:48:05,680] {processor.py:161} INFO - Processing /home/pedro/Documentos/airflow/venv/lib/python3.9/site-packages/airflow/example_dags/example_task_group_decorator.py took 0.066 seconds
[2025-05-09 14:48:39,531] {processor.py:153} INFO - Started process (PID=70425) to work on /home/pedro/Documentos/airflow/venv/lib/python3.9/site-packages/airflow/example_dags/example_task_group_decorator.py
[2025-05-09 14:48:39,543] {processor.py:641} INFO - Processing file /home/pedro/Documentos/airflow/venv/lib/python3.9/site-packages/airflow/example_dags/example_task_group_decorator.py for tasks to queue
[2025-05-09 14:48:39,544] {logging_mixin.py:115} INFO - [2025-05-09 14:48:39,544] {dagbag.py:507} INFO - Filling up the DagBag from /home/pedro/Documentos/airflow/venv/lib/python3.9/site-packages/airflow/example_dags/example_task_group_decorator.py
[2025-05-09 14:48:39,561] {processor.py:651} INFO - DAG(s) dict_keys(['example_task_group_decorator']) retrieved from /home/pedro/Documentos/airflow/venv/lib/python3.9/site-packages/airflow/example_dags/example_task_group_decorator.py
[2025-05-09 14:48:39,573] {logging_mixin.py:115} INFO - [2025-05-09 14:48:39,573] {dag.py:2379} INFO - Sync 1 DAGs
[2025-05-09 14:48:39,585] {logging_mixin.py:115} INFO - [2025-05-09 14:48:39,585] {dag.py:2927} INFO - Setting next_dagrun for example_task_group_decorator to 2025-05-08T17:48:39.585159+00:00, run_after=2025-05-09T17:48:39.585159+00:00
[2025-05-09 14:48:39,595] {processor.py:161} INFO - Processing /home/pedro/Documentos/airflow/venv/lib/python3.9/site-packages/airflow/example_dags/example_task_group_decorator.py took 0.066 seconds
[2025-05-09 14:49:12,669] {processor.py:153} INFO - Started process (PID=70664) to work on /home/pedro/Documentos/airflow/venv/lib/python3.9/site-packages/airflow/example_dags/example_task_group_decorator.py
[2025-05-09 14:49:12,682] {processor.py:641} INFO - Processing file /home/pedro/Documentos/airflow/venv/lib/python3.9/site-packages/airflow/example_dags/example_task_group_decorator.py for tasks to queue
[2025-05-09 14:49:12,682] {logging_mixin.py:115} INFO - [2025-05-09 14:49:12,682] {dagbag.py:507} INFO - Filling up the DagBag from /home/pedro/Documentos/airflow/venv/lib/python3.9/site-packages/airflow/example_dags/example_task_group_decorator.py
[2025-05-09 14:49:12,700] {processor.py:651} INFO - DAG(s) dict_keys(['example_task_group_decorator']) retrieved from /home/pedro/Documentos/airflow/venv/lib/python3.9/site-packages/airflow/example_dags/example_task_group_decorator.py
[2025-05-09 14:49:12,728] {logging_mixin.py:115} INFO - [2025-05-09 14:49:12,728] {dag.py:2379} INFO - Sync 1 DAGs
[2025-05-09 14:49:12,738] {logging_mixin.py:115} INFO - [2025-05-09 14:49:12,738] {dag.py:2927} INFO - Setting next_dagrun for example_task_group_decorator to 2025-05-08T17:49:12.738301+00:00, run_after=2025-05-09T17:49:12.738301+00:00
[2025-05-09 14:49:12,748] {processor.py:161} INFO - Processing /home/pedro/Documentos/airflow/venv/lib/python3.9/site-packages/airflow/example_dags/example_task_group_decorator.py took 0.081 seconds
[2025-05-09 14:49:48,661] {processor.py:153} INFO - Started process (PID=70906) to work on /home/pedro/Documentos/airflow/venv/lib/python3.9/site-packages/airflow/example_dags/example_task_group_decorator.py
[2025-05-09 14:49:48,673] {processor.py:641} INFO - Processing file /home/pedro/Documentos/airflow/venv/lib/python3.9/site-packages/airflow/example_dags/example_task_group_decorator.py for tasks to queue
[2025-05-09 14:49:48,674] {logging_mixin.py:115} INFO - [2025-05-09 14:49:48,674] {dagbag.py:507} INFO - Filling up the DagBag from /home/pedro/Documentos/airflow/venv/lib/python3.9/site-packages/airflow/example_dags/example_task_group_decorator.py
[2025-05-09 14:49:48,693] {processor.py:651} INFO - DAG(s) dict_keys(['example_task_group_decorator']) retrieved from /home/pedro/Documentos/airflow/venv/lib/python3.9/site-packages/airflow/example_dags/example_task_group_decorator.py
[2025-05-09 14:49:48,705] {logging_mixin.py:115} INFO - [2025-05-09 14:49:48,705] {dag.py:2379} INFO - Sync 1 DAGs
[2025-05-09 14:49:48,717] {logging_mixin.py:115} INFO - [2025-05-09 14:49:48,717] {dag.py:2927} INFO - Setting next_dagrun for example_task_group_decorator to 2025-05-08T17:49:48.716982+00:00, run_after=2025-05-09T17:49:48.716982+00:00
[2025-05-09 14:49:48,727] {processor.py:161} INFO - Processing /home/pedro/Documentos/airflow/venv/lib/python3.9/site-packages/airflow/example_dags/example_task_group_decorator.py took 0.069 seconds
[2025-05-09 14:50:23,441] {processor.py:153} INFO - Started process (PID=71193) to work on /home/pedro/Documentos/airflow/venv/lib/python3.9/site-packages/airflow/example_dags/example_task_group_decorator.py
[2025-05-09 14:50:23,441] {processor.py:641} INFO - Processing file /home/pedro/Documentos/airflow/venv/lib/python3.9/site-packages/airflow/example_dags/example_task_group_decorator.py for tasks to queue
[2025-05-09 14:50:23,442] {logging_mixin.py:115} INFO - [2025-05-09 14:50:23,442] {dagbag.py:507} INFO - Filling up the DagBag from /home/pedro/Documentos/airflow/venv/lib/python3.9/site-packages/airflow/example_dags/example_task_group_decorator.py
[2025-05-09 14:50:23,460] {processor.py:651} INFO - DAG(s) dict_keys(['example_task_group_decorator']) retrieved from /home/pedro/Documentos/airflow/venv/lib/python3.9/site-packages/airflow/example_dags/example_task_group_decorator.py
[2025-05-09 14:50:23,488] {logging_mixin.py:115} INFO - [2025-05-09 14:50:23,488] {dag.py:2379} INFO - Sync 1 DAGs
[2025-05-09 14:50:23,498] {logging_mixin.py:115} INFO - [2025-05-09 14:50:23,498] {dag.py:2927} INFO - Setting next_dagrun for example_task_group_decorator to 2025-05-08T17:50:23.498510+00:00, run_after=2025-05-09T17:50:23.498510+00:00
[2025-05-09 14:50:23,509] {processor.py:161} INFO - Processing /home/pedro/Documentos/airflow/venv/lib/python3.9/site-packages/airflow/example_dags/example_task_group_decorator.py took 0.071 seconds
[2025-05-09 14:50:59,462] {processor.py:153} INFO - Started process (PID=71410) to work on /home/pedro/Documentos/airflow/venv/lib/python3.9/site-packages/airflow/example_dags/example_task_group_decorator.py
[2025-05-09 14:50:59,475] {processor.py:641} INFO - Processing file /home/pedro/Documentos/airflow/venv/lib/python3.9/site-packages/airflow/example_dags/example_task_group_decorator.py for tasks to queue
[2025-05-09 14:50:59,475] {logging_mixin.py:115} INFO - [2025-05-09 14:50:59,475] {dagbag.py:507} INFO - Filling up the DagBag from /home/pedro/Documentos/airflow/venv/lib/python3.9/site-packages/airflow/example_dags/example_task_group_decorator.py
[2025-05-09 14:50:59,493] {processor.py:651} INFO - DAG(s) dict_keys(['example_task_group_decorator']) retrieved from /home/pedro/Documentos/airflow/venv/lib/python3.9/site-packages/airflow/example_dags/example_task_group_decorator.py
[2025-05-09 14:50:59,504] {logging_mixin.py:115} INFO - [2025-05-09 14:50:59,504] {dag.py:2379} INFO - Sync 1 DAGs
[2025-05-09 14:50:59,516] {logging_mixin.py:115} INFO - [2025-05-09 14:50:59,516] {dag.py:2927} INFO - Setting next_dagrun for example_task_group_decorator to 2025-05-08T17:50:59.515915+00:00, run_after=2025-05-09T17:50:59.515915+00:00
[2025-05-09 14:50:59,566] {processor.py:161} INFO - Processing /home/pedro/Documentos/airflow/venv/lib/python3.9/site-packages/airflow/example_dags/example_task_group_decorator.py took 0.106 seconds
[2025-05-09 14:51:32,721] {processor.py:153} INFO - Started process (PID=71622) to work on /home/pedro/Documentos/airflow/venv/lib/python3.9/site-packages/airflow/example_dags/example_task_group_decorator.py
[2025-05-09 14:51:32,733] {processor.py:641} INFO - Processing file /home/pedro/Documentos/airflow/venv/lib/python3.9/site-packages/airflow/example_dags/example_task_group_decorator.py for tasks to queue
[2025-05-09 14:51:32,734] {logging_mixin.py:115} INFO - [2025-05-09 14:51:32,734] {dagbag.py:507} INFO - Filling up the DagBag from /home/pedro/Documentos/airflow/venv/lib/python3.9/site-packages/airflow/example_dags/example_task_group_decorator.py
[2025-05-09 14:51:32,753] {processor.py:651} INFO - DAG(s) dict_keys(['example_task_group_decorator']) retrieved from /home/pedro/Documentos/airflow/venv/lib/python3.9/site-packages/airflow/example_dags/example_task_group_decorator.py
[2025-05-09 14:51:32,766] {logging_mixin.py:115} INFO - [2025-05-09 14:51:32,765] {dag.py:2379} INFO - Sync 1 DAGs
[2025-05-09 14:51:32,777] {logging_mixin.py:115} INFO - [2025-05-09 14:51:32,777] {dag.py:2927} INFO - Setting next_dagrun for example_task_group_decorator to 2025-05-08T17:51:32.777519+00:00, run_after=2025-05-09T17:51:32.777519+00:00
[2025-05-09 14:51:32,787] {processor.py:161} INFO - Processing /home/pedro/Documentos/airflow/venv/lib/python3.9/site-packages/airflow/example_dags/example_task_group_decorator.py took 0.068 seconds
[2025-05-09 14:52:06,455] {processor.py:153} INFO - Started process (PID=71963) to work on /home/pedro/Documentos/airflow/venv/lib/python3.9/site-packages/airflow/example_dags/example_task_group_decorator.py
[2025-05-09 14:52:06,456] {processor.py:641} INFO - Processing file /home/pedro/Documentos/airflow/venv/lib/python3.9/site-packages/airflow/example_dags/example_task_group_decorator.py for tasks to queue
[2025-05-09 14:52:06,456] {logging_mixin.py:115} INFO - [2025-05-09 14:52:06,456] {dagbag.py:507} INFO - Filling up the DagBag from /home/pedro/Documentos/airflow/venv/lib/python3.9/site-packages/airflow/example_dags/example_task_group_decorator.py
[2025-05-09 14:52:06,474] {processor.py:651} INFO - DAG(s) dict_keys(['example_task_group_decorator']) retrieved from /home/pedro/Documentos/airflow/venv/lib/python3.9/site-packages/airflow/example_dags/example_task_group_decorator.py
[2025-05-09 14:52:06,486] {logging_mixin.py:115} INFO - [2025-05-09 14:52:06,486] {dag.py:2379} INFO - Sync 1 DAGs
[2025-05-09 14:52:06,498] {logging_mixin.py:115} INFO - [2025-05-09 14:52:06,498] {dag.py:2927} INFO - Setting next_dagrun for example_task_group_decorator to 2025-05-08T17:52:06.498231+00:00, run_after=2025-05-09T17:52:06.498231+00:00
[2025-05-09 14:52:06,508] {processor.py:161} INFO - Processing /home/pedro/Documentos/airflow/venv/lib/python3.9/site-packages/airflow/example_dags/example_task_group_decorator.py took 0.055 seconds
[2025-05-09 14:52:37,896] {processor.py:153} INFO - Started process (PID=72472) to work on /home/pedro/Documentos/airflow/venv/lib/python3.9/site-packages/airflow/example_dags/example_task_group_decorator.py
[2025-05-09 14:52:37,909] {processor.py:641} INFO - Processing file /home/pedro/Documentos/airflow/venv/lib/python3.9/site-packages/airflow/example_dags/example_task_group_decorator.py for tasks to queue
[2025-05-09 14:52:37,909] {logging_mixin.py:115} INFO - [2025-05-09 14:52:37,909] {dagbag.py:507} INFO - Filling up the DagBag from /home/pedro/Documentos/airflow/venv/lib/python3.9/site-packages/airflow/example_dags/example_task_group_decorator.py
[2025-05-09 14:52:37,926] {processor.py:651} INFO - DAG(s) dict_keys(['example_task_group_decorator']) retrieved from /home/pedro/Documentos/airflow/venv/lib/python3.9/site-packages/airflow/example_dags/example_task_group_decorator.py
[2025-05-09 14:52:37,939] {logging_mixin.py:115} INFO - [2025-05-09 14:52:37,938] {dag.py:2379} INFO - Sync 1 DAGs
[2025-05-09 14:52:37,950] {logging_mixin.py:115} INFO - [2025-05-09 14:52:37,950] {dag.py:2927} INFO - Setting next_dagrun for example_task_group_decorator to 2025-05-08T17:52:37.950493+00:00, run_after=2025-05-09T17:52:37.950493+00:00
[2025-05-09 14:52:37,960] {processor.py:161} INFO - Processing /home/pedro/Documentos/airflow/venv/lib/python3.9/site-packages/airflow/example_dags/example_task_group_decorator.py took 0.065 seconds
[2025-05-09 14:53:12,089] {processor.py:153} INFO - Started process (PID=72752) to work on /home/pedro/Documentos/airflow/venv/lib/python3.9/site-packages/airflow/example_dags/example_task_group_decorator.py
[2025-05-09 14:53:12,101] {processor.py:641} INFO - Processing file /home/pedro/Documentos/airflow/venv/lib/python3.9/site-packages/airflow/example_dags/example_task_group_decorator.py for tasks to queue
[2025-05-09 14:53:12,102] {logging_mixin.py:115} INFO - [2025-05-09 14:53:12,102] {dagbag.py:507} INFO - Filling up the DagBag from /home/pedro/Documentos/airflow/venv/lib/python3.9/site-packages/airflow/example_dags/example_task_group_decorator.py
[2025-05-09 14:53:12,121] {processor.py:651} INFO - DAG(s) dict_keys(['example_task_group_decorator']) retrieved from /home/pedro/Documentos/airflow/venv/lib/python3.9/site-packages/airflow/example_dags/example_task_group_decorator.py
[2025-05-09 14:53:12,152] {logging_mixin.py:115} INFO - [2025-05-09 14:53:12,152] {dag.py:2379} INFO - Sync 1 DAGs
[2025-05-09 14:53:12,163] {logging_mixin.py:115} INFO - [2025-05-09 14:53:12,163] {dag.py:2927} INFO - Setting next_dagrun for example_task_group_decorator to 2025-05-08T17:53:12.162761+00:00, run_after=2025-05-09T17:53:12.162761+00:00
[2025-05-09 14:53:12,174] {processor.py:161} INFO - Processing /home/pedro/Documentos/airflow/venv/lib/python3.9/site-packages/airflow/example_dags/example_task_group_decorator.py took 0.087 seconds
[2025-05-09 14:53:47,208] {processor.py:153} INFO - Started process (PID=73981) to work on /home/pedro/Documentos/airflow/venv/lib/python3.9/site-packages/airflow/example_dags/example_task_group_decorator.py
[2025-05-09 14:53:47,220] {processor.py:641} INFO - Processing file /home/pedro/Documentos/airflow/venv/lib/python3.9/site-packages/airflow/example_dags/example_task_group_decorator.py for tasks to queue
[2025-05-09 14:53:47,221] {logging_mixin.py:115} INFO - [2025-05-09 14:53:47,221] {dagbag.py:507} INFO - Filling up the DagBag from /home/pedro/Documentos/airflow/venv/lib/python3.9/site-packages/airflow/example_dags/example_task_group_decorator.py
[2025-05-09 14:53:47,240] {processor.py:651} INFO - DAG(s) dict_keys(['example_task_group_decorator']) retrieved from /home/pedro/Documentos/airflow/venv/lib/python3.9/site-packages/airflow/example_dags/example_task_group_decorator.py
[2025-05-09 14:53:47,269] {logging_mixin.py:115} INFO - [2025-05-09 14:53:47,269] {dag.py:2379} INFO - Sync 1 DAGs
[2025-05-09 14:53:47,280] {logging_mixin.py:115} INFO - [2025-05-09 14:53:47,280] {dag.py:2927} INFO - Setting next_dagrun for example_task_group_decorator to 2025-05-08T17:53:47.280351+00:00, run_after=2025-05-09T17:53:47.280351+00:00
[2025-05-09 14:53:47,293] {processor.py:161} INFO - Processing /home/pedro/Documentos/airflow/venv/lib/python3.9/site-packages/airflow/example_dags/example_task_group_decorator.py took 0.087 seconds
[2025-05-09 14:54:18,822] {processor.py:153} INFO - Started process (PID=74290) to work on /home/pedro/Documentos/airflow/venv/lib/python3.9/site-packages/airflow/example_dags/example_task_group_decorator.py
[2025-05-09 14:54:18,836] {processor.py:641} INFO - Processing file /home/pedro/Documentos/airflow/venv/lib/python3.9/site-packages/airflow/example_dags/example_task_group_decorator.py for tasks to queue
[2025-05-09 14:54:18,836] {logging_mixin.py:115} INFO - [2025-05-09 14:54:18,836] {dagbag.py:507} INFO - Filling up the DagBag from /home/pedro/Documentos/airflow/venv/lib/python3.9/site-packages/airflow/example_dags/example_task_group_decorator.py
[2025-05-09 14:54:18,854] {processor.py:651} INFO - DAG(s) dict_keys(['example_task_group_decorator']) retrieved from /home/pedro/Documentos/airflow/venv/lib/python3.9/site-packages/airflow/example_dags/example_task_group_decorator.py
[2025-05-09 14:54:18,883] {logging_mixin.py:115} INFO - [2025-05-09 14:54:18,883] {dag.py:2379} INFO - Sync 1 DAGs
[2025-05-09 14:54:18,894] {logging_mixin.py:115} INFO - [2025-05-09 14:54:18,894] {dag.py:2927} INFO - Setting next_dagrun for example_task_group_decorator to 2025-05-08T17:54:18.893954+00:00, run_after=2025-05-09T17:54:18.893954+00:00
[2025-05-09 14:54:18,907] {processor.py:161} INFO - Processing /home/pedro/Documentos/airflow/venv/lib/python3.9/site-packages/airflow/example_dags/example_task_group_decorator.py took 0.088 seconds
[2025-05-09 14:54:49,674] {processor.py:153} INFO - Started process (PID=74491) to work on /home/pedro/Documentos/airflow/venv/lib/python3.9/site-packages/airflow/example_dags/example_task_group_decorator.py
[2025-05-09 14:54:49,674] {processor.py:641} INFO - Processing file /home/pedro/Documentos/airflow/venv/lib/python3.9/site-packages/airflow/example_dags/example_task_group_decorator.py for tasks to queue
[2025-05-09 14:54:49,675] {logging_mixin.py:115} INFO - [2025-05-09 14:54:49,675] {dagbag.py:507} INFO - Filling up the DagBag from /home/pedro/Documentos/airflow/venv/lib/python3.9/site-packages/airflow/example_dags/example_task_group_decorator.py
[2025-05-09 14:54:49,694] {processor.py:651} INFO - DAG(s) dict_keys(['example_task_group_decorator']) retrieved from /home/pedro/Documentos/airflow/venv/lib/python3.9/site-packages/airflow/example_dags/example_task_group_decorator.py
[2025-05-09 14:54:49,707] {logging_mixin.py:115} INFO - [2025-05-09 14:54:49,707] {dag.py:2379} INFO - Sync 1 DAGs
[2025-05-09 14:54:49,719] {logging_mixin.py:115} INFO - [2025-05-09 14:54:49,719] {dag.py:2927} INFO - Setting next_dagrun for example_task_group_decorator to 2025-05-08T17:54:49.719274+00:00, run_after=2025-05-09T17:54:49.719274+00:00
[2025-05-09 14:54:49,729] {processor.py:161} INFO - Processing /home/pedro/Documentos/airflow/venv/lib/python3.9/site-packages/airflow/example_dags/example_task_group_decorator.py took 0.057 seconds
[2025-05-09 14:55:23,941] {processor.py:153} INFO - Started process (PID=74697) to work on /home/pedro/Documentos/airflow/venv/lib/python3.9/site-packages/airflow/example_dags/example_task_group_decorator.py
[2025-05-09 14:55:23,953] {processor.py:641} INFO - Processing file /home/pedro/Documentos/airflow/venv/lib/python3.9/site-packages/airflow/example_dags/example_task_group_decorator.py for tasks to queue
[2025-05-09 14:55:23,954] {logging_mixin.py:115} INFO - [2025-05-09 14:55:23,954] {dagbag.py:507} INFO - Filling up the DagBag from /home/pedro/Documentos/airflow/venv/lib/python3.9/site-packages/airflow/example_dags/example_task_group_decorator.py
[2025-05-09 14:55:23,972] {processor.py:651} INFO - DAG(s) dict_keys(['example_task_group_decorator']) retrieved from /home/pedro/Documentos/airflow/venv/lib/python3.9/site-packages/airflow/example_dags/example_task_group_decorator.py
[2025-05-09 14:55:23,984] {logging_mixin.py:115} INFO - [2025-05-09 14:55:23,984] {dag.py:2379} INFO - Sync 1 DAGs
[2025-05-09 14:55:23,996] {logging_mixin.py:115} INFO - [2025-05-09 14:55:23,996] {dag.py:2927} INFO - Setting next_dagrun for example_task_group_decorator to 2025-05-08T17:55:23.995836+00:00, run_after=2025-05-09T17:55:23.995836+00:00
[2025-05-09 14:55:24,005] {processor.py:161} INFO - Processing /home/pedro/Documentos/airflow/venv/lib/python3.9/site-packages/airflow/example_dags/example_task_group_decorator.py took 0.066 seconds
