[2025-05-09 14:33:53,448] {processor.py:153} INFO - Started process (PID=61678) to work on /home/pedro/Documentos/airflow/venv/lib/python3.9/site-packages/airflow/example_dags/example_trigger_controller_dag.py
[2025-05-09 14:33:53,449] {processor.py:641} INFO - Processing file /home/pedro/Documentos/airflow/venv/lib/python3.9/site-packages/airflow/example_dags/example_trigger_controller_dag.py for tasks to queue
[2025-05-09 14:33:53,449] {logging_mixin.py:115} INFO - [2025-05-09 14:33:53,449] {dagbag.py:507} INFO - Filling up the DagBag from /home/pedro/Documentos/airflow/venv/lib/python3.9/site-packages/airflow/example_dags/example_trigger_controller_dag.py
[2025-05-09 14:33:53,451] {processor.py:651} INFO - DAG(s) dict_keys(['example_trigger_controller_dag']) retrieved from /home/pedro/Documentos/airflow/venv/lib/python3.9/site-packages/airflow/example_dags/example_trigger_controller_dag.py
[2025-05-09 14:33:53,497] {logging_mixin.py:115} INFO - [2025-05-09 14:33:53,497] {manager.py:508} INFO - Created Permission View: can delete on DAG:example_trigger_controller_dag
[2025-05-09 14:33:53,505] {logging_mixin.py:115} INFO - [2025-05-09 14:33:53,504] {manager.py:508} INFO - Created Permission View: can read on DAG:example_trigger_controller_dag
[2025-05-09 14:33:53,511] {logging_mixin.py:115} INFO - [2025-05-09 14:33:53,511] {manager.py:508} INFO - Created Permission View: can edit on DAG:example_trigger_controller_dag
[2025-05-09 14:33:53,512] {logging_mixin.py:115} INFO - [2025-05-09 14:33:53,511] {dag.py:2379} INFO - Sync 1 DAGs
[2025-05-09 14:33:53,516] {logging_mixin.py:115} INFO - [2025-05-09 14:33:53,516] {dag.py:2398} INFO - Creating ORM DAG for example_trigger_controller_dag
[2025-05-09 14:33:53,525] {logging_mixin.py:115} INFO - [2025-05-09 14:33:53,525] {dag.py:2927} INFO - Setting next_dagrun for example_trigger_controller_dag to 2021-01-01T00:00:00+00:00, run_after=2021-01-01T00:00:00+00:00
[2025-05-09 14:33:53,537] {processor.py:161} INFO - Processing /home/pedro/Documentos/airflow/venv/lib/python3.9/site-packages/airflow/example_dags/example_trigger_controller_dag.py took 0.091 seconds
[2025-05-09 14:34:28,701] {processor.py:153} INFO - Started process (PID=62144) to work on /home/pedro/Documentos/airflow/venv/lib/python3.9/site-packages/airflow/example_dags/example_trigger_controller_dag.py
[2025-05-09 14:34:28,702] {processor.py:641} INFO - Processing file /home/pedro/Documentos/airflow/venv/lib/python3.9/site-packages/airflow/example_dags/example_trigger_controller_dag.py for tasks to queue
[2025-05-09 14:34:28,702] {logging_mixin.py:115} INFO - [2025-05-09 14:34:28,702] {dagbag.py:507} INFO - Filling up the DagBag from /home/pedro/Documentos/airflow/venv/lib/python3.9/site-packages/airflow/example_dags/example_trigger_controller_dag.py
[2025-05-09 14:34:28,704] {processor.py:651} INFO - DAG(s) dict_keys(['example_trigger_controller_dag']) retrieved from /home/pedro/Documentos/airflow/venv/lib/python3.9/site-packages/airflow/example_dags/example_trigger_controller_dag.py
[2025-05-09 14:34:28,716] {logging_mixin.py:115} INFO - [2025-05-09 14:34:28,716] {dag.py:2379} INFO - Sync 1 DAGs
[2025-05-09 14:34:28,730] {logging_mixin.py:115} INFO - [2025-05-09 14:34:28,729] {dag.py:2927} INFO - Setting next_dagrun for example_trigger_controller_dag to 2021-01-01T00:00:00+00:00, run_after=2021-01-01T00:00:00+00:00
[2025-05-09 14:34:28,740] {processor.py:161} INFO - Processing /home/pedro/Documentos/airflow/venv/lib/python3.9/site-packages/airflow/example_dags/example_trigger_controller_dag.py took 0.041 seconds
[2025-05-09 14:35:04,147] {processor.py:153} INFO - Started process (PID=62551) to work on /home/pedro/Documentos/airflow/venv/lib/python3.9/site-packages/airflow/example_dags/example_trigger_controller_dag.py
[2025-05-09 14:35:04,159] {processor.py:641} INFO - Processing file /home/pedro/Documentos/airflow/venv/lib/python3.9/site-packages/airflow/example_dags/example_trigger_controller_dag.py for tasks to queue
[2025-05-09 14:35:04,160] {logging_mixin.py:115} INFO - [2025-05-09 14:35:04,160] {dagbag.py:507} INFO - Filling up the DagBag from /home/pedro/Documentos/airflow/venv/lib/python3.9/site-packages/airflow/example_dags/example_trigger_controller_dag.py
[2025-05-09 14:35:04,162] {processor.py:651} INFO - DAG(s) dict_keys(['example_trigger_controller_dag']) retrieved from /home/pedro/Documentos/airflow/venv/lib/python3.9/site-packages/airflow/example_dags/example_trigger_controller_dag.py
[2025-05-09 14:35:04,174] {logging_mixin.py:115} INFO - [2025-05-09 14:35:04,174] {dag.py:2379} INFO - Sync 1 DAGs
[2025-05-09 14:35:04,187] {logging_mixin.py:115} INFO - [2025-05-09 14:35:04,187] {dag.py:2927} INFO - Setting next_dagrun for example_trigger_controller_dag to 2021-01-01T00:00:00+00:00, run_after=2021-01-01T00:00:00+00:00
[2025-05-09 14:35:04,215] {processor.py:161} INFO - Processing /home/pedro/Documentos/airflow/venv/lib/python3.9/site-packages/airflow/example_dags/example_trigger_controller_dag.py took 0.070 seconds
[2025-05-09 14:35:35,903] {processor.py:153} INFO - Started process (PID=62887) to work on /home/pedro/Documentos/airflow/venv/lib/python3.9/site-packages/airflow/example_dags/example_trigger_controller_dag.py
[2025-05-09 14:35:35,904] {processor.py:641} INFO - Processing file /home/pedro/Documentos/airflow/venv/lib/python3.9/site-packages/airflow/example_dags/example_trigger_controller_dag.py for tasks to queue
[2025-05-09 14:35:35,904] {logging_mixin.py:115} INFO - [2025-05-09 14:35:35,904] {dagbag.py:507} INFO - Filling up the DagBag from /home/pedro/Documentos/airflow/venv/lib/python3.9/site-packages/airflow/example_dags/example_trigger_controller_dag.py
[2025-05-09 14:35:35,907] {processor.py:651} INFO - DAG(s) dict_keys(['example_trigger_controller_dag']) retrieved from /home/pedro/Documentos/airflow/venv/lib/python3.9/site-packages/airflow/example_dags/example_trigger_controller_dag.py
[2025-05-09 14:35:35,919] {logging_mixin.py:115} INFO - [2025-05-09 14:35:35,919] {dag.py:2379} INFO - Sync 1 DAGs
[2025-05-09 14:35:35,938] {logging_mixin.py:115} INFO - [2025-05-09 14:35:35,938] {dag.py:2927} INFO - Setting next_dagrun for example_trigger_controller_dag to 2021-01-01T00:00:00+00:00, run_after=2021-01-01T00:00:00+00:00
[2025-05-09 14:35:35,949] {processor.py:161} INFO - Processing /home/pedro/Documentos/airflow/venv/lib/python3.9/site-packages/airflow/example_dags/example_trigger_controller_dag.py took 0.049 seconds
[2025-05-09 14:36:09,699] {processor.py:153} INFO - Started process (PID=63275) to work on /home/pedro/Documentos/airflow/venv/lib/python3.9/site-packages/airflow/example_dags/example_trigger_controller_dag.py
[2025-05-09 14:36:09,711] {processor.py:641} INFO - Processing file /home/pedro/Documentos/airflow/venv/lib/python3.9/site-packages/airflow/example_dags/example_trigger_controller_dag.py for tasks to queue
[2025-05-09 14:36:09,711] {logging_mixin.py:115} INFO - [2025-05-09 14:36:09,711] {dagbag.py:507} INFO - Filling up the DagBag from /home/pedro/Documentos/airflow/venv/lib/python3.9/site-packages/airflow/example_dags/example_trigger_controller_dag.py
[2025-05-09 14:36:09,714] {processor.py:651} INFO - DAG(s) dict_keys(['example_trigger_controller_dag']) retrieved from /home/pedro/Documentos/airflow/venv/lib/python3.9/site-packages/airflow/example_dags/example_trigger_controller_dag.py
[2025-05-09 14:36:09,727] {logging_mixin.py:115} INFO - [2025-05-09 14:36:09,727] {dag.py:2379} INFO - Sync 1 DAGs
[2025-05-09 14:36:09,740] {logging_mixin.py:115} INFO - [2025-05-09 14:36:09,740] {dag.py:2927} INFO - Setting next_dagrun for example_trigger_controller_dag to 2021-01-01T00:00:00+00:00, run_after=2021-01-01T00:00:00+00:00
[2025-05-09 14:36:09,749] {processor.py:161} INFO - Processing /home/pedro/Documentos/airflow/venv/lib/python3.9/site-packages/airflow/example_dags/example_trigger_controller_dag.py took 0.053 seconds
[2025-05-09 14:36:41,600] {processor.py:153} INFO - Started process (PID=63469) to work on /home/pedro/Documentos/airflow/venv/lib/python3.9/site-packages/airflow/example_dags/example_trigger_controller_dag.py
[2025-05-09 14:36:41,612] {processor.py:641} INFO - Processing file /home/pedro/Documentos/airflow/venv/lib/python3.9/site-packages/airflow/example_dags/example_trigger_controller_dag.py for tasks to queue
[2025-05-09 14:36:41,613] {logging_mixin.py:115} INFO - [2025-05-09 14:36:41,613] {dagbag.py:507} INFO - Filling up the DagBag from /home/pedro/Documentos/airflow/venv/lib/python3.9/site-packages/airflow/example_dags/example_trigger_controller_dag.py
[2025-05-09 14:36:41,615] {processor.py:651} INFO - DAG(s) dict_keys(['example_trigger_controller_dag']) retrieved from /home/pedro/Documentos/airflow/venv/lib/python3.9/site-packages/airflow/example_dags/example_trigger_controller_dag.py
[2025-05-09 14:36:41,627] {logging_mixin.py:115} INFO - [2025-05-09 14:36:41,627] {dag.py:2379} INFO - Sync 1 DAGs
[2025-05-09 14:36:41,640] {logging_mixin.py:115} INFO - [2025-05-09 14:36:41,640] {dag.py:2927} INFO - Setting next_dagrun for example_trigger_controller_dag to 2021-01-01T00:00:00+00:00, run_after=2021-01-01T00:00:00+00:00
[2025-05-09 14:36:41,651] {processor.py:161} INFO - Processing /home/pedro/Documentos/airflow/venv/lib/python3.9/site-packages/airflow/example_dags/example_trigger_controller_dag.py took 0.054 seconds
[2025-05-09 14:37:15,615] {processor.py:153} INFO - Started process (PID=63884) to work on /home/pedro/Documentos/airflow/venv/lib/python3.9/site-packages/airflow/example_dags/example_trigger_controller_dag.py
[2025-05-09 14:37:15,627] {processor.py:641} INFO - Processing file /home/pedro/Documentos/airflow/venv/lib/python3.9/site-packages/airflow/example_dags/example_trigger_controller_dag.py for tasks to queue
[2025-05-09 14:37:15,628] {logging_mixin.py:115} INFO - [2025-05-09 14:37:15,628] {dagbag.py:507} INFO - Filling up the DagBag from /home/pedro/Documentos/airflow/venv/lib/python3.9/site-packages/airflow/example_dags/example_trigger_controller_dag.py
[2025-05-09 14:37:15,630] {processor.py:651} INFO - DAG(s) dict_keys(['example_trigger_controller_dag']) retrieved from /home/pedro/Documentos/airflow/venv/lib/python3.9/site-packages/airflow/example_dags/example_trigger_controller_dag.py
[2025-05-09 14:37:15,642] {logging_mixin.py:115} INFO - [2025-05-09 14:37:15,642] {dag.py:2379} INFO - Sync 1 DAGs
[2025-05-09 14:37:15,656] {logging_mixin.py:115} INFO - [2025-05-09 14:37:15,655] {dag.py:2927} INFO - Setting next_dagrun for example_trigger_controller_dag to 2021-01-01T00:00:00+00:00, run_after=2021-01-01T00:00:00+00:00
[2025-05-09 14:37:15,666] {processor.py:161} INFO - Processing /home/pedro/Documentos/airflow/venv/lib/python3.9/site-packages/airflow/example_dags/example_trigger_controller_dag.py took 0.053 seconds
[2025-05-09 14:37:48,866] {processor.py:153} INFO - Started process (PID=64351) to work on /home/pedro/Documentos/airflow/venv/lib/python3.9/site-packages/airflow/example_dags/example_trigger_controller_dag.py
[2025-05-09 14:37:48,878] {processor.py:641} INFO - Processing file /home/pedro/Documentos/airflow/venv/lib/python3.9/site-packages/airflow/example_dags/example_trigger_controller_dag.py for tasks to queue
[2025-05-09 14:37:48,879] {logging_mixin.py:115} INFO - [2025-05-09 14:37:48,879] {dagbag.py:507} INFO - Filling up the DagBag from /home/pedro/Documentos/airflow/venv/lib/python3.9/site-packages/airflow/example_dags/example_trigger_controller_dag.py
[2025-05-09 14:37:48,881] {processor.py:651} INFO - DAG(s) dict_keys(['example_trigger_controller_dag']) retrieved from /home/pedro/Documentos/airflow/venv/lib/python3.9/site-packages/airflow/example_dags/example_trigger_controller_dag.py
[2025-05-09 14:37:48,893] {logging_mixin.py:115} INFO - [2025-05-09 14:37:48,892] {dag.py:2379} INFO - Sync 1 DAGs
[2025-05-09 14:37:48,906] {logging_mixin.py:115} INFO - [2025-05-09 14:37:48,906] {dag.py:2927} INFO - Setting next_dagrun for example_trigger_controller_dag to 2021-01-01T00:00:00+00:00, run_after=2021-01-01T00:00:00+00:00
[2025-05-09 14:37:48,915] {processor.py:161} INFO - Processing /home/pedro/Documentos/airflow/venv/lib/python3.9/site-packages/airflow/example_dags/example_trigger_controller_dag.py took 0.052 seconds
[2025-05-09 14:38:19,717] {processor.py:153} INFO - Started process (PID=64716) to work on /home/pedro/Documentos/airflow/venv/lib/python3.9/site-packages/airflow/example_dags/example_trigger_controller_dag.py
[2025-05-09 14:38:19,718] {processor.py:641} INFO - Processing file /home/pedro/Documentos/airflow/venv/lib/python3.9/site-packages/airflow/example_dags/example_trigger_controller_dag.py for tasks to queue
[2025-05-09 14:38:19,718] {logging_mixin.py:115} INFO - [2025-05-09 14:38:19,718] {dagbag.py:507} INFO - Filling up the DagBag from /home/pedro/Documentos/airflow/venv/lib/python3.9/site-packages/airflow/example_dags/example_trigger_controller_dag.py
[2025-05-09 14:38:19,720] {processor.py:651} INFO - DAG(s) dict_keys(['example_trigger_controller_dag']) retrieved from /home/pedro/Documentos/airflow/venv/lib/python3.9/site-packages/airflow/example_dags/example_trigger_controller_dag.py
[2025-05-09 14:38:19,733] {logging_mixin.py:115} INFO - [2025-05-09 14:38:19,733] {dag.py:2379} INFO - Sync 1 DAGs
[2025-05-09 14:38:19,748] {logging_mixin.py:115} INFO - [2025-05-09 14:38:19,747] {dag.py:2927} INFO - Setting next_dagrun for example_trigger_controller_dag to 2021-01-01T00:00:00+00:00, run_after=2021-01-01T00:00:00+00:00
[2025-05-09 14:38:19,758] {processor.py:161} INFO - Processing /home/pedro/Documentos/airflow/venv/lib/python3.9/site-packages/airflow/example_dags/example_trigger_controller_dag.py took 0.043 seconds
[2025-05-09 14:38:55,931] {processor.py:153} INFO - Started process (PID=65125) to work on /home/pedro/Documentos/airflow/venv/lib/python3.9/site-packages/airflow/example_dags/example_trigger_controller_dag.py
[2025-05-09 14:38:55,944] {processor.py:641} INFO - Processing file /home/pedro/Documentos/airflow/venv/lib/python3.9/site-packages/airflow/example_dags/example_trigger_controller_dag.py for tasks to queue
[2025-05-09 14:38:55,944] {logging_mixin.py:115} INFO - [2025-05-09 14:38:55,944] {dagbag.py:507} INFO - Filling up the DagBag from /home/pedro/Documentos/airflow/venv/lib/python3.9/site-packages/airflow/example_dags/example_trigger_controller_dag.py
[2025-05-09 14:38:55,947] {processor.py:651} INFO - DAG(s) dict_keys(['example_trigger_controller_dag']) retrieved from /home/pedro/Documentos/airflow/venv/lib/python3.9/site-packages/airflow/example_dags/example_trigger_controller_dag.py
[2025-05-09 14:38:55,959] {logging_mixin.py:115} INFO - [2025-05-09 14:38:55,959] {dag.py:2379} INFO - Sync 1 DAGs
[2025-05-09 14:38:55,972] {logging_mixin.py:115} INFO - [2025-05-09 14:38:55,972] {dag.py:2927} INFO - Setting next_dagrun for example_trigger_controller_dag to 2021-01-01T00:00:00+00:00, run_after=2021-01-01T00:00:00+00:00
[2025-05-09 14:38:55,981] {processor.py:161} INFO - Processing /home/pedro/Documentos/airflow/venv/lib/python3.9/site-packages/airflow/example_dags/example_trigger_controller_dag.py took 0.052 seconds
[2025-05-09 14:39:31,282] {processor.py:153} INFO - Started process (PID=65514) to work on /home/pedro/Documentos/airflow/venv/lib/python3.9/site-packages/airflow/example_dags/example_trigger_controller_dag.py
[2025-05-09 14:39:31,294] {processor.py:641} INFO - Processing file /home/pedro/Documentos/airflow/venv/lib/python3.9/site-packages/airflow/example_dags/example_trigger_controller_dag.py for tasks to queue
[2025-05-09 14:39:31,295] {logging_mixin.py:115} INFO - [2025-05-09 14:39:31,295] {dagbag.py:507} INFO - Filling up the DagBag from /home/pedro/Documentos/airflow/venv/lib/python3.9/site-packages/airflow/example_dags/example_trigger_controller_dag.py
[2025-05-09 14:39:31,297] {processor.py:651} INFO - DAG(s) dict_keys(['example_trigger_controller_dag']) retrieved from /home/pedro/Documentos/airflow/venv/lib/python3.9/site-packages/airflow/example_dags/example_trigger_controller_dag.py
[2025-05-09 14:39:31,309] {logging_mixin.py:115} INFO - [2025-05-09 14:39:31,309] {dag.py:2379} INFO - Sync 1 DAGs
[2025-05-09 14:39:31,322] {logging_mixin.py:115} INFO - [2025-05-09 14:39:31,322] {dag.py:2927} INFO - Setting next_dagrun for example_trigger_controller_dag to 2021-01-01T00:00:00+00:00, run_after=2021-01-01T00:00:00+00:00
[2025-05-09 14:39:31,331] {processor.py:161} INFO - Processing /home/pedro/Documentos/airflow/venv/lib/python3.9/site-packages/airflow/example_dags/example_trigger_controller_dag.py took 0.051 seconds
[2025-05-09 14:40:02,683] {processor.py:153} INFO - Started process (PID=65704) to work on /home/pedro/Documentos/airflow/venv/lib/python3.9/site-packages/airflow/example_dags/example_trigger_controller_dag.py
[2025-05-09 14:40:02,696] {processor.py:641} INFO - Processing file /home/pedro/Documentos/airflow/venv/lib/python3.9/site-packages/airflow/example_dags/example_trigger_controller_dag.py for tasks to queue
[2025-05-09 14:40:02,696] {logging_mixin.py:115} INFO - [2025-05-09 14:40:02,696] {dagbag.py:507} INFO - Filling up the DagBag from /home/pedro/Documentos/airflow/venv/lib/python3.9/site-packages/airflow/example_dags/example_trigger_controller_dag.py
[2025-05-09 14:40:02,699] {processor.py:651} INFO - DAG(s) dict_keys(['example_trigger_controller_dag']) retrieved from /home/pedro/Documentos/airflow/venv/lib/python3.9/site-packages/airflow/example_dags/example_trigger_controller_dag.py
[2025-05-09 14:40:02,710] {logging_mixin.py:115} INFO - [2025-05-09 14:40:02,710] {dag.py:2379} INFO - Sync 1 DAGs
[2025-05-09 14:40:02,723] {logging_mixin.py:115} INFO - [2025-05-09 14:40:02,723] {dag.py:2927} INFO - Setting next_dagrun for example_trigger_controller_dag to 2021-01-01T00:00:00+00:00, run_after=2021-01-01T00:00:00+00:00
[2025-05-09 14:40:02,733] {processor.py:161} INFO - Processing /home/pedro/Documentos/airflow/venv/lib/python3.9/site-packages/airflow/example_dags/example_trigger_controller_dag.py took 0.051 seconds
[2025-05-09 14:40:36,340] {processor.py:153} INFO - Started process (PID=65942) to work on /home/pedro/Documentos/airflow/venv/lib/python3.9/site-packages/airflow/example_dags/example_trigger_controller_dag.py
[2025-05-09 14:40:36,353] {processor.py:641} INFO - Processing file /home/pedro/Documentos/airflow/venv/lib/python3.9/site-packages/airflow/example_dags/example_trigger_controller_dag.py for tasks to queue
[2025-05-09 14:40:36,353] {logging_mixin.py:115} INFO - [2025-05-09 14:40:36,353] {dagbag.py:507} INFO - Filling up the DagBag from /home/pedro/Documentos/airflow/venv/lib/python3.9/site-packages/airflow/example_dags/example_trigger_controller_dag.py
[2025-05-09 14:40:36,356] {processor.py:651} INFO - DAG(s) dict_keys(['example_trigger_controller_dag']) retrieved from /home/pedro/Documentos/airflow/venv/lib/python3.9/site-packages/airflow/example_dags/example_trigger_controller_dag.py
[2025-05-09 14:40:36,368] {logging_mixin.py:115} INFO - [2025-05-09 14:40:36,368] {dag.py:2379} INFO - Sync 1 DAGs
[2025-05-09 14:40:36,381] {logging_mixin.py:115} INFO - [2025-05-09 14:40:36,381] {dag.py:2927} INFO - Setting next_dagrun for example_trigger_controller_dag to 2021-01-01T00:00:00+00:00, run_after=2021-01-01T00:00:00+00:00
[2025-05-09 14:40:36,392] {processor.py:161} INFO - Processing /home/pedro/Documentos/airflow/venv/lib/python3.9/site-packages/airflow/example_dags/example_trigger_controller_dag.py took 0.053 seconds
[2025-05-09 14:41:08,728] {processor.py:153} INFO - Started process (PID=66460) to work on /home/pedro/Documentos/airflow/venv/lib/python3.9/site-packages/airflow/example_dags/example_trigger_controller_dag.py
[2025-05-09 14:41:08,741] {processor.py:641} INFO - Processing file /home/pedro/Documentos/airflow/venv/lib/python3.9/site-packages/airflow/example_dags/example_trigger_controller_dag.py for tasks to queue
[2025-05-09 14:41:08,741] {logging_mixin.py:115} INFO - [2025-05-09 14:41:08,741] {dagbag.py:507} INFO - Filling up the DagBag from /home/pedro/Documentos/airflow/venv/lib/python3.9/site-packages/airflow/example_dags/example_trigger_controller_dag.py
[2025-05-09 14:41:08,744] {processor.py:651} INFO - DAG(s) dict_keys(['example_trigger_controller_dag']) retrieved from /home/pedro/Documentos/airflow/venv/lib/python3.9/site-packages/airflow/example_dags/example_trigger_controller_dag.py
[2025-05-09 14:41:08,756] {logging_mixin.py:115} INFO - [2025-05-09 14:41:08,756] {dag.py:2379} INFO - Sync 1 DAGs
[2025-05-09 14:41:08,770] {logging_mixin.py:115} INFO - [2025-05-09 14:41:08,769] {dag.py:2927} INFO - Setting next_dagrun for example_trigger_controller_dag to 2021-01-01T00:00:00+00:00, run_after=2021-01-01T00:00:00+00:00
[2025-05-09 14:41:08,779] {processor.py:161} INFO - Processing /home/pedro/Documentos/airflow/venv/lib/python3.9/site-packages/airflow/example_dags/example_trigger_controller_dag.py took 0.053 seconds
[2025-05-09 14:41:45,623] {processor.py:153} INFO - Started process (PID=66903) to work on /home/pedro/Documentos/airflow/venv/lib/python3.9/site-packages/airflow/example_dags/example_trigger_controller_dag.py
[2025-05-09 14:41:45,635] {processor.py:641} INFO - Processing file /home/pedro/Documentos/airflow/venv/lib/python3.9/site-packages/airflow/example_dags/example_trigger_controller_dag.py for tasks to queue
[2025-05-09 14:41:45,636] {logging_mixin.py:115} INFO - [2025-05-09 14:41:45,636] {dagbag.py:507} INFO - Filling up the DagBag from /home/pedro/Documentos/airflow/venv/lib/python3.9/site-packages/airflow/example_dags/example_trigger_controller_dag.py
[2025-05-09 14:41:45,638] {processor.py:651} INFO - DAG(s) dict_keys(['example_trigger_controller_dag']) retrieved from /home/pedro/Documentos/airflow/venv/lib/python3.9/site-packages/airflow/example_dags/example_trigger_controller_dag.py
[2025-05-09 14:41:45,650] {logging_mixin.py:115} INFO - [2025-05-09 14:41:45,650] {dag.py:2379} INFO - Sync 1 DAGs
[2025-05-09 14:41:45,663] {logging_mixin.py:115} INFO - [2025-05-09 14:41:45,663] {dag.py:2927} INFO - Setting next_dagrun for example_trigger_controller_dag to 2021-01-01T00:00:00+00:00, run_after=2021-01-01T00:00:00+00:00
[2025-05-09 14:41:45,672] {processor.py:161} INFO - Processing /home/pedro/Documentos/airflow/venv/lib/python3.9/site-packages/airflow/example_dags/example_trigger_controller_dag.py took 0.051 seconds
[2025-05-09 14:42:19,349] {processor.py:153} INFO - Started process (PID=67112) to work on /home/pedro/Documentos/airflow/venv/lib/python3.9/site-packages/airflow/example_dags/example_trigger_controller_dag.py
[2025-05-09 14:42:19,362] {processor.py:641} INFO - Processing file /home/pedro/Documentos/airflow/venv/lib/python3.9/site-packages/airflow/example_dags/example_trigger_controller_dag.py for tasks to queue
[2025-05-09 14:42:19,362] {logging_mixin.py:115} INFO - [2025-05-09 14:42:19,362] {dagbag.py:507} INFO - Filling up the DagBag from /home/pedro/Documentos/airflow/venv/lib/python3.9/site-packages/airflow/example_dags/example_trigger_controller_dag.py
[2025-05-09 14:42:19,365] {processor.py:651} INFO - DAG(s) dict_keys(['example_trigger_controller_dag']) retrieved from /home/pedro/Documentos/airflow/venv/lib/python3.9/site-packages/airflow/example_dags/example_trigger_controller_dag.py
[2025-05-09 14:42:19,377] {logging_mixin.py:115} INFO - [2025-05-09 14:42:19,377] {dag.py:2379} INFO - Sync 1 DAGs
[2025-05-09 14:42:19,390] {logging_mixin.py:115} INFO - [2025-05-09 14:42:19,390] {dag.py:2927} INFO - Setting next_dagrun for example_trigger_controller_dag to 2021-01-01T00:00:00+00:00, run_after=2021-01-01T00:00:00+00:00
[2025-05-09 14:42:19,400] {processor.py:161} INFO - Processing /home/pedro/Documentos/airflow/venv/lib/python3.9/site-packages/airflow/example_dags/example_trigger_controller_dag.py took 0.053 seconds
[2025-05-09 14:42:52,490] {processor.py:153} INFO - Started process (PID=67301) to work on /home/pedro/Documentos/airflow/venv/lib/python3.9/site-packages/airflow/example_dags/example_trigger_controller_dag.py
[2025-05-09 14:42:52,503] {processor.py:641} INFO - Processing file /home/pedro/Documentos/airflow/venv/lib/python3.9/site-packages/airflow/example_dags/example_trigger_controller_dag.py for tasks to queue
[2025-05-09 14:42:52,503] {logging_mixin.py:115} INFO - [2025-05-09 14:42:52,503] {dagbag.py:507} INFO - Filling up the DagBag from /home/pedro/Documentos/airflow/venv/lib/python3.9/site-packages/airflow/example_dags/example_trigger_controller_dag.py
[2025-05-09 14:42:52,506] {processor.py:651} INFO - DAG(s) dict_keys(['example_trigger_controller_dag']) retrieved from /home/pedro/Documentos/airflow/venv/lib/python3.9/site-packages/airflow/example_dags/example_trigger_controller_dag.py
[2025-05-09 14:42:52,518] {logging_mixin.py:115} INFO - [2025-05-09 14:42:52,518] {dag.py:2379} INFO - Sync 1 DAGs
[2025-05-09 14:42:52,530] {logging_mixin.py:115} INFO - [2025-05-09 14:42:52,530] {dag.py:2927} INFO - Setting next_dagrun for example_trigger_controller_dag to 2021-01-01T00:00:00+00:00, run_after=2021-01-01T00:00:00+00:00
[2025-05-09 14:42:52,540] {processor.py:161} INFO - Processing /home/pedro/Documentos/airflow/venv/lib/python3.9/site-packages/airflow/example_dags/example_trigger_controller_dag.py took 0.052 seconds
[2025-05-09 14:43:24,481] {processor.py:153} INFO - Started process (PID=67533) to work on /home/pedro/Documentos/airflow/venv/lib/python3.9/site-packages/airflow/example_dags/example_trigger_controller_dag.py
[2025-05-09 14:43:24,493] {processor.py:641} INFO - Processing file /home/pedro/Documentos/airflow/venv/lib/python3.9/site-packages/airflow/example_dags/example_trigger_controller_dag.py for tasks to queue
[2025-05-09 14:43:24,494] {logging_mixin.py:115} INFO - [2025-05-09 14:43:24,494] {dagbag.py:507} INFO - Filling up the DagBag from /home/pedro/Documentos/airflow/venv/lib/python3.9/site-packages/airflow/example_dags/example_trigger_controller_dag.py
[2025-05-09 14:43:24,497] {processor.py:651} INFO - DAG(s) dict_keys(['example_trigger_controller_dag']) retrieved from /home/pedro/Documentos/airflow/venv/lib/python3.9/site-packages/airflow/example_dags/example_trigger_controller_dag.py
[2025-05-09 14:43:24,508] {logging_mixin.py:115} INFO - [2025-05-09 14:43:24,508] {dag.py:2379} INFO - Sync 1 DAGs
[2025-05-09 14:43:24,522] {logging_mixin.py:115} INFO - [2025-05-09 14:43:24,522] {dag.py:2927} INFO - Setting next_dagrun for example_trigger_controller_dag to 2021-01-01T00:00:00+00:00, run_after=2021-01-01T00:00:00+00:00
[2025-05-09 14:43:24,532] {processor.py:161} INFO - Processing /home/pedro/Documentos/airflow/venv/lib/python3.9/site-packages/airflow/example_dags/example_trigger_controller_dag.py took 0.053 seconds
[2025-05-09 14:43:58,131] {processor.py:153} INFO - Started process (PID=68176) to work on /home/pedro/Documentos/airflow/venv/lib/python3.9/site-packages/airflow/example_dags/example_trigger_controller_dag.py
[2025-05-09 14:43:58,144] {processor.py:641} INFO - Processing file /home/pedro/Documentos/airflow/venv/lib/python3.9/site-packages/airflow/example_dags/example_trigger_controller_dag.py for tasks to queue
[2025-05-09 14:43:58,144] {logging_mixin.py:115} INFO - [2025-05-09 14:43:58,144] {dagbag.py:507} INFO - Filling up the DagBag from /home/pedro/Documentos/airflow/venv/lib/python3.9/site-packages/airflow/example_dags/example_trigger_controller_dag.py
[2025-05-09 14:43:58,147] {processor.py:651} INFO - DAG(s) dict_keys(['example_trigger_controller_dag']) retrieved from /home/pedro/Documentos/airflow/venv/lib/python3.9/site-packages/airflow/example_dags/example_trigger_controller_dag.py
[2025-05-09 14:43:58,159] {logging_mixin.py:115} INFO - [2025-05-09 14:43:58,159] {dag.py:2379} INFO - Sync 1 DAGs
[2025-05-09 14:43:58,172] {logging_mixin.py:115} INFO - [2025-05-09 14:43:58,172] {dag.py:2927} INFO - Setting next_dagrun for example_trigger_controller_dag to 2021-01-01T00:00:00+00:00, run_after=2021-01-01T00:00:00+00:00
[2025-05-09 14:43:58,182] {processor.py:161} INFO - Processing /home/pedro/Documentos/airflow/venv/lib/python3.9/site-packages/airflow/example_dags/example_trigger_controller_dag.py took 0.053 seconds
[2025-05-09 14:44:30,113] {processor.py:153} INFO - Started process (PID=68376) to work on /home/pedro/Documentos/airflow/venv/lib/python3.9/site-packages/airflow/example_dags/example_trigger_controller_dag.py
[2025-05-09 14:44:30,125] {processor.py:641} INFO - Processing file /home/pedro/Documentos/airflow/venv/lib/python3.9/site-packages/airflow/example_dags/example_trigger_controller_dag.py for tasks to queue
[2025-05-09 14:44:30,126] {logging_mixin.py:115} INFO - [2025-05-09 14:44:30,126] {dagbag.py:507} INFO - Filling up the DagBag from /home/pedro/Documentos/airflow/venv/lib/python3.9/site-packages/airflow/example_dags/example_trigger_controller_dag.py
[2025-05-09 14:44:30,128] {processor.py:651} INFO - DAG(s) dict_keys(['example_trigger_controller_dag']) retrieved from /home/pedro/Documentos/airflow/venv/lib/python3.9/site-packages/airflow/example_dags/example_trigger_controller_dag.py
[2025-05-09 14:44:30,140] {logging_mixin.py:115} INFO - [2025-05-09 14:44:30,140] {dag.py:2379} INFO - Sync 1 DAGs
[2025-05-09 14:44:30,153] {logging_mixin.py:115} INFO - [2025-05-09 14:44:30,153] {dag.py:2927} INFO - Setting next_dagrun for example_trigger_controller_dag to 2021-01-01T00:00:00+00:00, run_after=2021-01-01T00:00:00+00:00
[2025-05-09 14:44:30,163] {processor.py:161} INFO - Processing /home/pedro/Documentos/airflow/venv/lib/python3.9/site-packages/airflow/example_dags/example_trigger_controller_dag.py took 0.052 seconds
[2025-05-09 14:45:05,222] {processor.py:153} INFO - Started process (PID=68614) to work on /home/pedro/Documentos/airflow/venv/lib/python3.9/site-packages/airflow/example_dags/example_trigger_controller_dag.py
[2025-05-09 14:45:05,229] {processor.py:641} INFO - Processing file /home/pedro/Documentos/airflow/venv/lib/python3.9/site-packages/airflow/example_dags/example_trigger_controller_dag.py for tasks to queue
[2025-05-09 14:45:05,229] {logging_mixin.py:115} INFO - [2025-05-09 14:45:05,229] {dagbag.py:507} INFO - Filling up the DagBag from /home/pedro/Documentos/airflow/venv/lib/python3.9/site-packages/airflow/example_dags/example_trigger_controller_dag.py
[2025-05-09 14:45:05,231] {processor.py:651} INFO - DAG(s) dict_keys(['example_trigger_controller_dag']) retrieved from /home/pedro/Documentos/airflow/venv/lib/python3.9/site-packages/airflow/example_dags/example_trigger_controller_dag.py
[2025-05-09 14:45:05,243] {logging_mixin.py:115} INFO - [2025-05-09 14:45:05,243] {dag.py:2379} INFO - Sync 1 DAGs
[2025-05-09 14:45:05,256] {logging_mixin.py:115} INFO - [2025-05-09 14:45:05,256] {dag.py:2927} INFO - Setting next_dagrun for example_trigger_controller_dag to 2021-01-01T00:00:00+00:00, run_after=2021-01-01T00:00:00+00:00
[2025-05-09 14:45:05,265] {processor.py:161} INFO - Processing /home/pedro/Documentos/airflow/venv/lib/python3.9/site-packages/airflow/example_dags/example_trigger_controller_dag.py took 0.045 seconds
[2025-05-09 14:45:39,140] {processor.py:153} INFO - Started process (PID=68813) to work on /home/pedro/Documentos/airflow/venv/lib/python3.9/site-packages/airflow/example_dags/example_trigger_controller_dag.py
[2025-05-09 14:45:39,153] {processor.py:641} INFO - Processing file /home/pedro/Documentos/airflow/venv/lib/python3.9/site-packages/airflow/example_dags/example_trigger_controller_dag.py for tasks to queue
[2025-05-09 14:45:39,153] {logging_mixin.py:115} INFO - [2025-05-09 14:45:39,153] {dagbag.py:507} INFO - Filling up the DagBag from /home/pedro/Documentos/airflow/venv/lib/python3.9/site-packages/airflow/example_dags/example_trigger_controller_dag.py
[2025-05-09 14:45:39,155] {processor.py:651} INFO - DAG(s) dict_keys(['example_trigger_controller_dag']) retrieved from /home/pedro/Documentos/airflow/venv/lib/python3.9/site-packages/airflow/example_dags/example_trigger_controller_dag.py
[2025-05-09 14:45:39,168] {logging_mixin.py:115} INFO - [2025-05-09 14:45:39,168] {dag.py:2379} INFO - Sync 1 DAGs
[2025-05-09 14:45:39,182] {logging_mixin.py:115} INFO - [2025-05-09 14:45:39,181] {dag.py:2927} INFO - Setting next_dagrun for example_trigger_controller_dag to 2021-01-01T00:00:00+00:00, run_after=2021-01-01T00:00:00+00:00
[2025-05-09 14:45:39,192] {processor.py:161} INFO - Processing /home/pedro/Documentos/airflow/venv/lib/python3.9/site-packages/airflow/example_dags/example_trigger_controller_dag.py took 0.054 seconds
[2025-05-09 14:46:11,897] {processor.py:153} INFO - Started process (PID=69009) to work on /home/pedro/Documentos/airflow/venv/lib/python3.9/site-packages/airflow/example_dags/example_trigger_controller_dag.py
[2025-05-09 14:46:11,909] {processor.py:641} INFO - Processing file /home/pedro/Documentos/airflow/venv/lib/python3.9/site-packages/airflow/example_dags/example_trigger_controller_dag.py for tasks to queue
[2025-05-09 14:46:11,910] {logging_mixin.py:115} INFO - [2025-05-09 14:46:11,910] {dagbag.py:507} INFO - Filling up the DagBag from /home/pedro/Documentos/airflow/venv/lib/python3.9/site-packages/airflow/example_dags/example_trigger_controller_dag.py
[2025-05-09 14:46:11,912] {processor.py:651} INFO - DAG(s) dict_keys(['example_trigger_controller_dag']) retrieved from /home/pedro/Documentos/airflow/venv/lib/python3.9/site-packages/airflow/example_dags/example_trigger_controller_dag.py
[2025-05-09 14:46:11,924] {logging_mixin.py:115} INFO - [2025-05-09 14:46:11,924] {dag.py:2379} INFO - Sync 1 DAGs
[2025-05-09 14:46:11,937] {logging_mixin.py:115} INFO - [2025-05-09 14:46:11,937] {dag.py:2927} INFO - Setting next_dagrun for example_trigger_controller_dag to 2021-01-01T00:00:00+00:00, run_after=2021-01-01T00:00:00+00:00
[2025-05-09 14:46:11,946] {processor.py:161} INFO - Processing /home/pedro/Documentos/airflow/venv/lib/python3.9/site-packages/airflow/example_dags/example_trigger_controller_dag.py took 0.051 seconds
[2025-05-09 14:46:45,210] {processor.py:153} INFO - Started process (PID=69262) to work on /home/pedro/Documentos/airflow/venv/lib/python3.9/site-packages/airflow/example_dags/example_trigger_controller_dag.py
[2025-05-09 14:46:45,223] {processor.py:641} INFO - Processing file /home/pedro/Documentos/airflow/venv/lib/python3.9/site-packages/airflow/example_dags/example_trigger_controller_dag.py for tasks to queue
[2025-05-09 14:46:45,223] {logging_mixin.py:115} INFO - [2025-05-09 14:46:45,223] {dagbag.py:507} INFO - Filling up the DagBag from /home/pedro/Documentos/airflow/venv/lib/python3.9/site-packages/airflow/example_dags/example_trigger_controller_dag.py
[2025-05-09 14:46:45,225] {processor.py:651} INFO - DAG(s) dict_keys(['example_trigger_controller_dag']) retrieved from /home/pedro/Documentos/airflow/venv/lib/python3.9/site-packages/airflow/example_dags/example_trigger_controller_dag.py
[2025-05-09 14:46:45,238] {logging_mixin.py:115} INFO - [2025-05-09 14:46:45,238] {dag.py:2379} INFO - Sync 1 DAGs
[2025-05-09 14:46:45,253] {logging_mixin.py:115} INFO - [2025-05-09 14:46:45,253] {dag.py:2927} INFO - Setting next_dagrun for example_trigger_controller_dag to 2021-01-01T00:00:00+00:00, run_after=2021-01-01T00:00:00+00:00
[2025-05-09 14:46:45,263] {processor.py:161} INFO - Processing /home/pedro/Documentos/airflow/venv/lib/python3.9/site-packages/airflow/example_dags/example_trigger_controller_dag.py took 0.055 seconds
[2025-05-09 14:47:18,630] {processor.py:153} INFO - Started process (PID=69830) to work on /home/pedro/Documentos/airflow/venv/lib/python3.9/site-packages/airflow/example_dags/example_trigger_controller_dag.py
[2025-05-09 14:47:18,643] {processor.py:641} INFO - Processing file /home/pedro/Documentos/airflow/venv/lib/python3.9/site-packages/airflow/example_dags/example_trigger_controller_dag.py for tasks to queue
[2025-05-09 14:47:18,643] {logging_mixin.py:115} INFO - [2025-05-09 14:47:18,643] {dagbag.py:507} INFO - Filling up the DagBag from /home/pedro/Documentos/airflow/venv/lib/python3.9/site-packages/airflow/example_dags/example_trigger_controller_dag.py
[2025-05-09 14:47:18,645] {processor.py:651} INFO - DAG(s) dict_keys(['example_trigger_controller_dag']) retrieved from /home/pedro/Documentos/airflow/venv/lib/python3.9/site-packages/airflow/example_dags/example_trigger_controller_dag.py
[2025-05-09 14:47:18,657] {logging_mixin.py:115} INFO - [2025-05-09 14:47:18,657] {dag.py:2379} INFO - Sync 1 DAGs
[2025-05-09 14:47:18,669] {logging_mixin.py:115} INFO - [2025-05-09 14:47:18,669] {dag.py:2927} INFO - Setting next_dagrun for example_trigger_controller_dag to 2021-01-01T00:00:00+00:00, run_after=2021-01-01T00:00:00+00:00
[2025-05-09 14:47:18,679] {processor.py:161} INFO - Processing /home/pedro/Documentos/airflow/venv/lib/python3.9/site-packages/airflow/example_dags/example_trigger_controller_dag.py took 0.051 seconds
[2025-05-09 14:47:51,618] {processor.py:153} INFO - Started process (PID=70066) to work on /home/pedro/Documentos/airflow/venv/lib/python3.9/site-packages/airflow/example_dags/example_trigger_controller_dag.py
[2025-05-09 14:47:51,631] {processor.py:641} INFO - Processing file /home/pedro/Documentos/airflow/venv/lib/python3.9/site-packages/airflow/example_dags/example_trigger_controller_dag.py for tasks to queue
[2025-05-09 14:47:51,631] {logging_mixin.py:115} INFO - [2025-05-09 14:47:51,631] {dagbag.py:507} INFO - Filling up the DagBag from /home/pedro/Documentos/airflow/venv/lib/python3.9/site-packages/airflow/example_dags/example_trigger_controller_dag.py
[2025-05-09 14:47:51,633] {processor.py:651} INFO - DAG(s) dict_keys(['example_trigger_controller_dag']) retrieved from /home/pedro/Documentos/airflow/venv/lib/python3.9/site-packages/airflow/example_dags/example_trigger_controller_dag.py
[2025-05-09 14:47:51,645] {logging_mixin.py:115} INFO - [2025-05-09 14:47:51,645] {dag.py:2379} INFO - Sync 1 DAGs
[2025-05-09 14:47:51,658] {logging_mixin.py:115} INFO - [2025-05-09 14:47:51,658] {dag.py:2927} INFO - Setting next_dagrun for example_trigger_controller_dag to 2021-01-01T00:00:00+00:00, run_after=2021-01-01T00:00:00+00:00
[2025-05-09 14:47:51,668] {processor.py:161} INFO - Processing /home/pedro/Documentos/airflow/venv/lib/python3.9/site-packages/airflow/example_dags/example_trigger_controller_dag.py took 0.052 seconds
[2025-05-09 14:48:24,261] {processor.py:153} INFO - Started process (PID=70274) to work on /home/pedro/Documentos/airflow/venv/lib/python3.9/site-packages/airflow/example_dags/example_trigger_controller_dag.py
[2025-05-09 14:48:24,261] {processor.py:641} INFO - Processing file /home/pedro/Documentos/airflow/venv/lib/python3.9/site-packages/airflow/example_dags/example_trigger_controller_dag.py for tasks to queue
[2025-05-09 14:48:24,262] {logging_mixin.py:115} INFO - [2025-05-09 14:48:24,262] {dagbag.py:507} INFO - Filling up the DagBag from /home/pedro/Documentos/airflow/venv/lib/python3.9/site-packages/airflow/example_dags/example_trigger_controller_dag.py
[2025-05-09 14:48:24,264] {processor.py:651} INFO - DAG(s) dict_keys(['example_trigger_controller_dag']) retrieved from /home/pedro/Documentos/airflow/venv/lib/python3.9/site-packages/airflow/example_dags/example_trigger_controller_dag.py
[2025-05-09 14:48:24,276] {logging_mixin.py:115} INFO - [2025-05-09 14:48:24,276] {dag.py:2379} INFO - Sync 1 DAGs
[2025-05-09 14:48:24,289] {logging_mixin.py:115} INFO - [2025-05-09 14:48:24,289] {dag.py:2927} INFO - Setting next_dagrun for example_trigger_controller_dag to 2021-01-01T00:00:00+00:00, run_after=2021-01-01T00:00:00+00:00
[2025-05-09 14:48:24,299] {processor.py:161} INFO - Processing /home/pedro/Documentos/airflow/venv/lib/python3.9/site-packages/airflow/example_dags/example_trigger_controller_dag.py took 0.040 seconds
[2025-05-09 14:48:57,239] {processor.py:153} INFO - Started process (PID=70583) to work on /home/pedro/Documentos/airflow/venv/lib/python3.9/site-packages/airflow/example_dags/example_trigger_controller_dag.py
[2025-05-09 14:48:57,251] {processor.py:641} INFO - Processing file /home/pedro/Documentos/airflow/venv/lib/python3.9/site-packages/airflow/example_dags/example_trigger_controller_dag.py for tasks to queue
[2025-05-09 14:48:57,252] {logging_mixin.py:115} INFO - [2025-05-09 14:48:57,252] {dagbag.py:507} INFO - Filling up the DagBag from /home/pedro/Documentos/airflow/venv/lib/python3.9/site-packages/airflow/example_dags/example_trigger_controller_dag.py
[2025-05-09 14:48:57,254] {processor.py:651} INFO - DAG(s) dict_keys(['example_trigger_controller_dag']) retrieved from /home/pedro/Documentos/airflow/venv/lib/python3.9/site-packages/airflow/example_dags/example_trigger_controller_dag.py
[2025-05-09 14:48:57,267] {logging_mixin.py:115} INFO - [2025-05-09 14:48:57,267] {dag.py:2379} INFO - Sync 1 DAGs
[2025-05-09 14:48:57,281] {logging_mixin.py:115} INFO - [2025-05-09 14:48:57,281] {dag.py:2927} INFO - Setting next_dagrun for example_trigger_controller_dag to 2021-01-01T00:00:00+00:00, run_after=2021-01-01T00:00:00+00:00
[2025-05-09 14:48:57,290] {processor.py:161} INFO - Processing /home/pedro/Documentos/airflow/venv/lib/python3.9/site-packages/airflow/example_dags/example_trigger_controller_dag.py took 0.053 seconds
[2025-05-09 14:49:30,356] {processor.py:153} INFO - Started process (PID=70795) to work on /home/pedro/Documentos/airflow/venv/lib/python3.9/site-packages/airflow/example_dags/example_trigger_controller_dag.py
[2025-05-09 14:49:30,369] {processor.py:641} INFO - Processing file /home/pedro/Documentos/airflow/venv/lib/python3.9/site-packages/airflow/example_dags/example_trigger_controller_dag.py for tasks to queue
[2025-05-09 14:49:30,369] {logging_mixin.py:115} INFO - [2025-05-09 14:49:30,369] {dagbag.py:507} INFO - Filling up the DagBag from /home/pedro/Documentos/airflow/venv/lib/python3.9/site-packages/airflow/example_dags/example_trigger_controller_dag.py
[2025-05-09 14:49:30,371] {processor.py:651} INFO - DAG(s) dict_keys(['example_trigger_controller_dag']) retrieved from /home/pedro/Documentos/airflow/venv/lib/python3.9/site-packages/airflow/example_dags/example_trigger_controller_dag.py
[2025-05-09 14:49:30,383] {logging_mixin.py:115} INFO - [2025-05-09 14:49:30,383] {dag.py:2379} INFO - Sync 1 DAGs
[2025-05-09 14:49:30,396] {logging_mixin.py:115} INFO - [2025-05-09 14:49:30,396] {dag.py:2927} INFO - Setting next_dagrun for example_trigger_controller_dag to 2021-01-01T00:00:00+00:00, run_after=2021-01-01T00:00:00+00:00
[2025-05-09 14:49:30,406] {processor.py:161} INFO - Processing /home/pedro/Documentos/airflow/venv/lib/python3.9/site-packages/airflow/example_dags/example_trigger_controller_dag.py took 0.052 seconds
[2025-05-09 14:50:05,589] {processor.py:153} INFO - Started process (PID=71014) to work on /home/pedro/Documentos/airflow/venv/lib/python3.9/site-packages/airflow/example_dags/example_trigger_controller_dag.py
[2025-05-09 14:50:05,601] {processor.py:641} INFO - Processing file /home/pedro/Documentos/airflow/venv/lib/python3.9/site-packages/airflow/example_dags/example_trigger_controller_dag.py for tasks to queue
[2025-05-09 14:50:05,601] {logging_mixin.py:115} INFO - [2025-05-09 14:50:05,601] {dagbag.py:507} INFO - Filling up the DagBag from /home/pedro/Documentos/airflow/venv/lib/python3.9/site-packages/airflow/example_dags/example_trigger_controller_dag.py
[2025-05-09 14:50:05,604] {processor.py:651} INFO - DAG(s) dict_keys(['example_trigger_controller_dag']) retrieved from /home/pedro/Documentos/airflow/venv/lib/python3.9/site-packages/airflow/example_dags/example_trigger_controller_dag.py
[2025-05-09 14:50:05,615] {logging_mixin.py:115} INFO - [2025-05-09 14:50:05,615] {dag.py:2379} INFO - Sync 1 DAGs
[2025-05-09 14:50:05,629] {logging_mixin.py:115} INFO - [2025-05-09 14:50:05,629] {dag.py:2927} INFO - Setting next_dagrun for example_trigger_controller_dag to 2021-01-01T00:00:00+00:00, run_after=2021-01-01T00:00:00+00:00
[2025-05-09 14:50:05,638] {processor.py:161} INFO - Processing /home/pedro/Documentos/airflow/venv/lib/python3.9/site-packages/airflow/example_dags/example_trigger_controller_dag.py took 0.052 seconds
[2025-05-09 14:50:37,719] {processor.py:153} INFO - Started process (PID=71277) to work on /home/pedro/Documentos/airflow/venv/lib/python3.9/site-packages/airflow/example_dags/example_trigger_controller_dag.py
[2025-05-09 14:50:37,719] {processor.py:641} INFO - Processing file /home/pedro/Documentos/airflow/venv/lib/python3.9/site-packages/airflow/example_dags/example_trigger_controller_dag.py for tasks to queue
[2025-05-09 14:50:37,720] {logging_mixin.py:115} INFO - [2025-05-09 14:50:37,720] {dagbag.py:507} INFO - Filling up the DagBag from /home/pedro/Documentos/airflow/venv/lib/python3.9/site-packages/airflow/example_dags/example_trigger_controller_dag.py
[2025-05-09 14:50:37,722] {processor.py:651} INFO - DAG(s) dict_keys(['example_trigger_controller_dag']) retrieved from /home/pedro/Documentos/airflow/venv/lib/python3.9/site-packages/airflow/example_dags/example_trigger_controller_dag.py
[2025-05-09 14:50:37,734] {logging_mixin.py:115} INFO - [2025-05-09 14:50:37,734] {dag.py:2379} INFO - Sync 1 DAGs
[2025-05-09 14:50:37,747] {logging_mixin.py:115} INFO - [2025-05-09 14:50:37,747] {dag.py:2927} INFO - Setting next_dagrun for example_trigger_controller_dag to 2021-01-01T00:00:00+00:00, run_after=2021-01-01T00:00:00+00:00
[2025-05-09 14:50:37,761] {processor.py:161} INFO - Processing /home/pedro/Documentos/airflow/venv/lib/python3.9/site-packages/airflow/example_dags/example_trigger_controller_dag.py took 0.044 seconds
[2025-05-09 14:51:12,014] {processor.py:153} INFO - Started process (PID=71487) to work on /home/pedro/Documentos/airflow/venv/lib/python3.9/site-packages/airflow/example_dags/example_trigger_controller_dag.py
[2025-05-09 14:51:12,026] {processor.py:641} INFO - Processing file /home/pedro/Documentos/airflow/venv/lib/python3.9/site-packages/airflow/example_dags/example_trigger_controller_dag.py for tasks to queue
[2025-05-09 14:51:12,027] {logging_mixin.py:115} INFO - [2025-05-09 14:51:12,027] {dagbag.py:507} INFO - Filling up the DagBag from /home/pedro/Documentos/airflow/venv/lib/python3.9/site-packages/airflow/example_dags/example_trigger_controller_dag.py
[2025-05-09 14:51:12,029] {processor.py:651} INFO - DAG(s) dict_keys(['example_trigger_controller_dag']) retrieved from /home/pedro/Documentos/airflow/venv/lib/python3.9/site-packages/airflow/example_dags/example_trigger_controller_dag.py
[2025-05-09 14:51:12,041] {logging_mixin.py:115} INFO - [2025-05-09 14:51:12,041] {dag.py:2379} INFO - Sync 1 DAGs
[2025-05-09 14:51:12,054] {logging_mixin.py:115} INFO - [2025-05-09 14:51:12,054] {dag.py:2927} INFO - Setting next_dagrun for example_trigger_controller_dag to 2021-01-01T00:00:00+00:00, run_after=2021-01-01T00:00:00+00:00
[2025-05-09 14:51:12,063] {processor.py:161} INFO - Processing /home/pedro/Documentos/airflow/venv/lib/python3.9/site-packages/airflow/example_dags/example_trigger_controller_dag.py took 0.052 seconds
[2025-05-09 14:51:46,865] {processor.py:153} INFO - Started process (PID=71834) to work on /home/pedro/Documentos/airflow/venv/lib/python3.9/site-packages/airflow/example_dags/example_trigger_controller_dag.py
[2025-05-09 14:51:46,878] {processor.py:641} INFO - Processing file /home/pedro/Documentos/airflow/venv/lib/python3.9/site-packages/airflow/example_dags/example_trigger_controller_dag.py for tasks to queue
[2025-05-09 14:51:46,878] {logging_mixin.py:115} INFO - [2025-05-09 14:51:46,878] {dagbag.py:507} INFO - Filling up the DagBag from /home/pedro/Documentos/airflow/venv/lib/python3.9/site-packages/airflow/example_dags/example_trigger_controller_dag.py
[2025-05-09 14:51:46,881] {processor.py:651} INFO - DAG(s) dict_keys(['example_trigger_controller_dag']) retrieved from /home/pedro/Documentos/airflow/venv/lib/python3.9/site-packages/airflow/example_dags/example_trigger_controller_dag.py
[2025-05-09 14:51:46,892] {logging_mixin.py:115} INFO - [2025-05-09 14:51:46,892] {dag.py:2379} INFO - Sync 1 DAGs
[2025-05-09 14:51:46,907] {logging_mixin.py:115} INFO - [2025-05-09 14:51:46,907] {dag.py:2927} INFO - Setting next_dagrun for example_trigger_controller_dag to 2021-01-01T00:00:00+00:00, run_after=2021-01-01T00:00:00+00:00
[2025-05-09 14:51:46,917] {processor.py:161} INFO - Processing /home/pedro/Documentos/airflow/venv/lib/python3.9/site-packages/airflow/example_dags/example_trigger_controller_dag.py took 0.054 seconds
[2025-05-09 14:52:20,665] {processor.py:153} INFO - Started process (PID=72359) to work on /home/pedro/Documentos/airflow/venv/lib/python3.9/site-packages/airflow/example_dags/example_trigger_controller_dag.py
[2025-05-09 14:52:20,665] {processor.py:641} INFO - Processing file /home/pedro/Documentos/airflow/venv/lib/python3.9/site-packages/airflow/example_dags/example_trigger_controller_dag.py for tasks to queue
[2025-05-09 14:52:20,666] {logging_mixin.py:115} INFO - [2025-05-09 14:52:20,666] {dagbag.py:507} INFO - Filling up the DagBag from /home/pedro/Documentos/airflow/venv/lib/python3.9/site-packages/airflow/example_dags/example_trigger_controller_dag.py
[2025-05-09 14:52:20,668] {processor.py:651} INFO - DAG(s) dict_keys(['example_trigger_controller_dag']) retrieved from /home/pedro/Documentos/airflow/venv/lib/python3.9/site-packages/airflow/example_dags/example_trigger_controller_dag.py
[2025-05-09 14:52:20,680] {logging_mixin.py:115} INFO - [2025-05-09 14:52:20,680] {dag.py:2379} INFO - Sync 1 DAGs
[2025-05-09 14:52:20,694] {logging_mixin.py:115} INFO - [2025-05-09 14:52:20,694] {dag.py:2927} INFO - Setting next_dagrun for example_trigger_controller_dag to 2021-01-01T00:00:00+00:00, run_after=2021-01-01T00:00:00+00:00
[2025-05-09 14:52:20,705] {processor.py:161} INFO - Processing /home/pedro/Documentos/airflow/venv/lib/python3.9/site-packages/airflow/example_dags/example_trigger_controller_dag.py took 0.043 seconds
[2025-05-09 14:52:52,684] {processor.py:153} INFO - Started process (PID=72557) to work on /home/pedro/Documentos/airflow/venv/lib/python3.9/site-packages/airflow/example_dags/example_trigger_controller_dag.py
[2025-05-09 14:52:52,685] {processor.py:641} INFO - Processing file /home/pedro/Documentos/airflow/venv/lib/python3.9/site-packages/airflow/example_dags/example_trigger_controller_dag.py for tasks to queue
[2025-05-09 14:52:52,685] {logging_mixin.py:115} INFO - [2025-05-09 14:52:52,685] {dagbag.py:507} INFO - Filling up the DagBag from /home/pedro/Documentos/airflow/venv/lib/python3.9/site-packages/airflow/example_dags/example_trigger_controller_dag.py
[2025-05-09 14:52:52,688] {processor.py:651} INFO - DAG(s) dict_keys(['example_trigger_controller_dag']) retrieved from /home/pedro/Documentos/airflow/venv/lib/python3.9/site-packages/airflow/example_dags/example_trigger_controller_dag.py
[2025-05-09 14:52:52,699] {logging_mixin.py:115} INFO - [2025-05-09 14:52:52,699] {dag.py:2379} INFO - Sync 1 DAGs
[2025-05-09 14:52:52,712] {logging_mixin.py:115} INFO - [2025-05-09 14:52:52,712] {dag.py:2927} INFO - Setting next_dagrun for example_trigger_controller_dag to 2021-01-01T00:00:00+00:00, run_after=2021-01-01T00:00:00+00:00
[2025-05-09 14:52:52,726] {processor.py:161} INFO - Processing /home/pedro/Documentos/airflow/venv/lib/python3.9/site-packages/airflow/example_dags/example_trigger_controller_dag.py took 0.044 seconds
[2025-05-09 14:53:27,516] {processor.py:153} INFO - Started process (PID=73129) to work on /home/pedro/Documentos/airflow/venv/lib/python3.9/site-packages/airflow/example_dags/example_trigger_controller_dag.py
[2025-05-09 14:53:27,528] {processor.py:641} INFO - Processing file /home/pedro/Documentos/airflow/venv/lib/python3.9/site-packages/airflow/example_dags/example_trigger_controller_dag.py for tasks to queue
[2025-05-09 14:53:27,529] {logging_mixin.py:115} INFO - [2025-05-09 14:53:27,529] {dagbag.py:507} INFO - Filling up the DagBag from /home/pedro/Documentos/airflow/venv/lib/python3.9/site-packages/airflow/example_dags/example_trigger_controller_dag.py
[2025-05-09 14:53:27,531] {processor.py:651} INFO - DAG(s) dict_keys(['example_trigger_controller_dag']) retrieved from /home/pedro/Documentos/airflow/venv/lib/python3.9/site-packages/airflow/example_dags/example_trigger_controller_dag.py
[2025-05-09 14:53:27,545] {logging_mixin.py:115} INFO - [2025-05-09 14:53:27,545] {dag.py:2379} INFO - Sync 1 DAGs
[2025-05-09 14:53:27,557] {logging_mixin.py:115} INFO - [2025-05-09 14:53:27,557] {dag.py:2927} INFO - Setting next_dagrun for example_trigger_controller_dag to 2021-01-01T00:00:00+00:00, run_after=2021-01-01T00:00:00+00:00
[2025-05-09 14:53:27,566] {processor.py:161} INFO - Processing /home/pedro/Documentos/airflow/venv/lib/python3.9/site-packages/airflow/example_dags/example_trigger_controller_dag.py took 0.053 seconds
[2025-05-09 14:53:59,721] {processor.py:153} INFO - Started process (PID=74094) to work on /home/pedro/Documentos/airflow/venv/lib/python3.9/site-packages/airflow/example_dags/example_trigger_controller_dag.py
[2025-05-09 14:53:59,733] {processor.py:641} INFO - Processing file /home/pedro/Documentos/airflow/venv/lib/python3.9/site-packages/airflow/example_dags/example_trigger_controller_dag.py for tasks to queue
[2025-05-09 14:53:59,734] {logging_mixin.py:115} INFO - [2025-05-09 14:53:59,733] {dagbag.py:507} INFO - Filling up the DagBag from /home/pedro/Documentos/airflow/venv/lib/python3.9/site-packages/airflow/example_dags/example_trigger_controller_dag.py
[2025-05-09 14:53:59,736] {processor.py:651} INFO - DAG(s) dict_keys(['example_trigger_controller_dag']) retrieved from /home/pedro/Documentos/airflow/venv/lib/python3.9/site-packages/airflow/example_dags/example_trigger_controller_dag.py
[2025-05-09 14:53:59,751] {logging_mixin.py:115} INFO - [2025-05-09 14:53:59,751] {dag.py:2379} INFO - Sync 1 DAGs
[2025-05-09 14:53:59,765] {logging_mixin.py:115} INFO - [2025-05-09 14:53:59,765] {dag.py:2927} INFO - Setting next_dagrun for example_trigger_controller_dag to 2021-01-01T00:00:00+00:00, run_after=2021-01-01T00:00:00+00:00
[2025-05-09 14:53:59,812] {processor.py:161} INFO - Processing /home/pedro/Documentos/airflow/venv/lib/python3.9/site-packages/airflow/example_dags/example_trigger_controller_dag.py took 0.094 seconds
[2025-05-09 14:54:32,515] {processor.py:153} INFO - Started process (PID=74381) to work on /home/pedro/Documentos/airflow/venv/lib/python3.9/site-packages/airflow/example_dags/example_trigger_controller_dag.py
[2025-05-09 14:54:32,527] {processor.py:641} INFO - Processing file /home/pedro/Documentos/airflow/venv/lib/python3.9/site-packages/airflow/example_dags/example_trigger_controller_dag.py for tasks to queue
[2025-05-09 14:54:32,527] {logging_mixin.py:115} INFO - [2025-05-09 14:54:32,527] {dagbag.py:507} INFO - Filling up the DagBag from /home/pedro/Documentos/airflow/venv/lib/python3.9/site-packages/airflow/example_dags/example_trigger_controller_dag.py
[2025-05-09 14:54:32,530] {processor.py:651} INFO - DAG(s) dict_keys(['example_trigger_controller_dag']) retrieved from /home/pedro/Documentos/airflow/venv/lib/python3.9/site-packages/airflow/example_dags/example_trigger_controller_dag.py
[2025-05-09 14:54:32,543] {logging_mixin.py:115} INFO - [2025-05-09 14:54:32,543] {dag.py:2379} INFO - Sync 1 DAGs
[2025-05-09 14:54:32,555] {logging_mixin.py:115} INFO - [2025-05-09 14:54:32,555] {dag.py:2927} INFO - Setting next_dagrun for example_trigger_controller_dag to 2021-01-01T00:00:00+00:00, run_after=2021-01-01T00:00:00+00:00
[2025-05-09 14:54:32,564] {processor.py:161} INFO - Processing /home/pedro/Documentos/airflow/venv/lib/python3.9/site-packages/airflow/example_dags/example_trigger_controller_dag.py took 0.052 seconds
[2025-05-09 14:55:03,372] {processor.py:153} INFO - Started process (PID=74560) to work on /home/pedro/Documentos/airflow/venv/lib/python3.9/site-packages/airflow/example_dags/example_trigger_controller_dag.py
[2025-05-09 14:55:03,384] {processor.py:641} INFO - Processing file /home/pedro/Documentos/airflow/venv/lib/python3.9/site-packages/airflow/example_dags/example_trigger_controller_dag.py for tasks to queue
[2025-05-09 14:55:03,384] {logging_mixin.py:115} INFO - [2025-05-09 14:55:03,384] {dagbag.py:507} INFO - Filling up the DagBag from /home/pedro/Documentos/airflow/venv/lib/python3.9/site-packages/airflow/example_dags/example_trigger_controller_dag.py
[2025-05-09 14:55:03,387] {processor.py:651} INFO - DAG(s) dict_keys(['example_trigger_controller_dag']) retrieved from /home/pedro/Documentos/airflow/venv/lib/python3.9/site-packages/airflow/example_dags/example_trigger_controller_dag.py
[2025-05-09 14:55:03,400] {logging_mixin.py:115} INFO - [2025-05-09 14:55:03,400] {dag.py:2379} INFO - Sync 1 DAGs
[2025-05-09 14:55:03,412] {logging_mixin.py:115} INFO - [2025-05-09 14:55:03,411] {dag.py:2927} INFO - Setting next_dagrun for example_trigger_controller_dag to 2021-01-01T00:00:00+00:00, run_after=2021-01-01T00:00:00+00:00
[2025-05-09 14:55:03,421] {processor.py:161} INFO - Processing /home/pedro/Documentos/airflow/venv/lib/python3.9/site-packages/airflow/example_dags/example_trigger_controller_dag.py took 0.051 seconds
