[2025-05-09 14:34:13,567] {processor.py:153} INFO - Started process (PID=61917) to work on /home/pedro/Documentos/airflow/venv/lib/python3.9/site-packages/airflow/example_dags/example_branch_python_dop_operator_3.py
[2025-05-09 14:34:13,568] {processor.py:641} INFO - Processing file /home/pedro/Documentos/airflow/venv/lib/python3.9/site-packages/airflow/example_dags/example_branch_python_dop_operator_3.py for tasks to queue
[2025-05-09 14:34:13,568] {logging_mixin.py:115} INFO - [2025-05-09 14:34:13,568] {dagbag.py:507} INFO - Filling up the DagBag from /home/pedro/Documentos/airflow/venv/lib/python3.9/site-packages/airflow/example_dags/example_branch_python_dop_operator_3.py
[2025-05-09 14:34:13,575] {processor.py:651} INFO - DAG(s) dict_keys(['example_branch_dop_operator_v3']) retrieved from /home/pedro/Documentos/airflow/venv/lib/python3.9/site-packages/airflow/example_dags/example_branch_python_dop_operator_3.py
[2025-05-09 14:34:13,619] {logging_mixin.py:115} INFO - [2025-05-09 14:34:13,619] {manager.py:508} INFO - Created Permission View: can delete on DAG:example_branch_dop_operator_v3
[2025-05-09 14:34:13,626] {logging_mixin.py:115} INFO - [2025-05-09 14:34:13,626] {manager.py:508} INFO - Created Permission View: can read on DAG:example_branch_dop_operator_v3
[2025-05-09 14:34:13,633] {logging_mixin.py:115} INFO - [2025-05-09 14:34:13,633] {manager.py:508} INFO - Created Permission View: can edit on DAG:example_branch_dop_operator_v3
[2025-05-09 14:34:13,633] {logging_mixin.py:115} INFO - [2025-05-09 14:34:13,633] {dag.py:2379} INFO - Sync 1 DAGs
[2025-05-09 14:34:13,638] {logging_mixin.py:115} INFO - [2025-05-09 14:34:13,638] {dag.py:2398} INFO - Creating ORM DAG for example_branch_dop_operator_v3
[2025-05-09 14:34:13,647] {logging_mixin.py:115} INFO - [2025-05-09 14:34:13,647] {dag.py:2927} INFO - Setting next_dagrun for example_branch_dop_operator_v3 to 2025-05-09T17:33:00+00:00, run_after=2025-05-09T17:34:00+00:00
[2025-05-09 14:34:13,659] {processor.py:161} INFO - Processing /home/pedro/Documentos/airflow/venv/lib/python3.9/site-packages/airflow/example_dags/example_branch_python_dop_operator_3.py took 0.094 seconds
[2025-05-09 14:34:49,752] {processor.py:153} INFO - Started process (PID=62408) to work on /home/pedro/Documentos/airflow/venv/lib/python3.9/site-packages/airflow/example_dags/example_branch_python_dop_operator_3.py
[2025-05-09 14:34:49,764] {processor.py:641} INFO - Processing file /home/pedro/Documentos/airflow/venv/lib/python3.9/site-packages/airflow/example_dags/example_branch_python_dop_operator_3.py for tasks to queue
[2025-05-09 14:34:49,765] {logging_mixin.py:115} INFO - [2025-05-09 14:34:49,765] {dagbag.py:507} INFO - Filling up the DagBag from /home/pedro/Documentos/airflow/venv/lib/python3.9/site-packages/airflow/example_dags/example_branch_python_dop_operator_3.py
[2025-05-09 14:34:49,771] {processor.py:651} INFO - DAG(s) dict_keys(['example_branch_dop_operator_v3']) retrieved from /home/pedro/Documentos/airflow/venv/lib/python3.9/site-packages/airflow/example_dags/example_branch_python_dop_operator_3.py
[2025-05-09 14:34:49,782] {logging_mixin.py:115} INFO - [2025-05-09 14:34:49,782] {dag.py:2379} INFO - Sync 1 DAGs
[2025-05-09 14:34:49,800] {logging_mixin.py:115} INFO - [2025-05-09 14:34:49,800] {dag.py:2927} INFO - Setting next_dagrun for example_branch_dop_operator_v3 to 2025-05-09T17:33:00+00:00, run_after=2025-05-09T17:34:00+00:00
[2025-05-09 14:34:49,810] {processor.py:161} INFO - Processing /home/pedro/Documentos/airflow/venv/lib/python3.9/site-packages/airflow/example_dags/example_branch_python_dop_operator_3.py took 0.061 seconds
[2025-05-09 14:35:22,398] {processor.py:153} INFO - Started process (PID=62791) to work on /home/pedro/Documentos/airflow/venv/lib/python3.9/site-packages/airflow/example_dags/example_branch_python_dop_operator_3.py
[2025-05-09 14:35:22,411] {processor.py:641} INFO - Processing file /home/pedro/Documentos/airflow/venv/lib/python3.9/site-packages/airflow/example_dags/example_branch_python_dop_operator_3.py for tasks to queue
[2025-05-09 14:35:22,411] {logging_mixin.py:115} INFO - [2025-05-09 14:35:22,411] {dagbag.py:507} INFO - Filling up the DagBag from /home/pedro/Documentos/airflow/venv/lib/python3.9/site-packages/airflow/example_dags/example_branch_python_dop_operator_3.py
[2025-05-09 14:35:22,417] {processor.py:651} INFO - DAG(s) dict_keys(['example_branch_dop_operator_v3']) retrieved from /home/pedro/Documentos/airflow/venv/lib/python3.9/site-packages/airflow/example_dags/example_branch_python_dop_operator_3.py
[2025-05-09 14:35:22,428] {logging_mixin.py:115} INFO - [2025-05-09 14:35:22,428] {dag.py:2379} INFO - Sync 1 DAGs
[2025-05-09 14:35:22,443] {logging_mixin.py:115} INFO - [2025-05-09 14:35:22,443] {dag.py:2927} INFO - Setting next_dagrun for example_branch_dop_operator_v3 to 2025-05-09T17:34:00+00:00, run_after=2025-05-09T17:35:00+00:00
[2025-05-09 14:35:22,454] {processor.py:161} INFO - Processing /home/pedro/Documentos/airflow/venv/lib/python3.9/site-packages/airflow/example_dags/example_branch_python_dop_operator_3.py took 0.058 seconds
[2025-05-09 14:35:55,031] {processor.py:153} INFO - Started process (PID=63186) to work on /home/pedro/Documentos/airflow/venv/lib/python3.9/site-packages/airflow/example_dags/example_branch_python_dop_operator_3.py
[2025-05-09 14:35:55,043] {processor.py:641} INFO - Processing file /home/pedro/Documentos/airflow/venv/lib/python3.9/site-packages/airflow/example_dags/example_branch_python_dop_operator_3.py for tasks to queue
[2025-05-09 14:35:55,044] {logging_mixin.py:115} INFO - [2025-05-09 14:35:55,043] {dagbag.py:507} INFO - Filling up the DagBag from /home/pedro/Documentos/airflow/venv/lib/python3.9/site-packages/airflow/example_dags/example_branch_python_dop_operator_3.py
[2025-05-09 14:35:55,050] {processor.py:651} INFO - DAG(s) dict_keys(['example_branch_dop_operator_v3']) retrieved from /home/pedro/Documentos/airflow/venv/lib/python3.9/site-packages/airflow/example_dags/example_branch_python_dop_operator_3.py
[2025-05-09 14:35:55,061] {logging_mixin.py:115} INFO - [2025-05-09 14:35:55,061] {dag.py:2379} INFO - Sync 1 DAGs
[2025-05-09 14:35:55,078] {logging_mixin.py:115} INFO - [2025-05-09 14:35:55,078] {dag.py:2927} INFO - Setting next_dagrun for example_branch_dop_operator_v3 to 2025-05-09T17:34:00+00:00, run_after=2025-05-09T17:35:00+00:00
[2025-05-09 14:35:55,088] {processor.py:161} INFO - Processing /home/pedro/Documentos/airflow/venv/lib/python3.9/site-packages/airflow/example_dags/example_branch_python_dop_operator_3.py took 0.060 seconds
[2025-05-09 14:36:27,986] {processor.py:153} INFO - Started process (PID=63393) to work on /home/pedro/Documentos/airflow/venv/lib/python3.9/site-packages/airflow/example_dags/example_branch_python_dop_operator_3.py
[2025-05-09 14:36:27,998] {processor.py:641} INFO - Processing file /home/pedro/Documentos/airflow/venv/lib/python3.9/site-packages/airflow/example_dags/example_branch_python_dop_operator_3.py for tasks to queue
[2025-05-09 14:36:27,998] {logging_mixin.py:115} INFO - [2025-05-09 14:36:27,998] {dagbag.py:507} INFO - Filling up the DagBag from /home/pedro/Documentos/airflow/venv/lib/python3.9/site-packages/airflow/example_dags/example_branch_python_dop_operator_3.py
[2025-05-09 14:36:28,005] {processor.py:651} INFO - DAG(s) dict_keys(['example_branch_dop_operator_v3']) retrieved from /home/pedro/Documentos/airflow/venv/lib/python3.9/site-packages/airflow/example_dags/example_branch_python_dop_operator_3.py
[2025-05-09 14:36:28,017] {logging_mixin.py:115} INFO - [2025-05-09 14:36:28,017] {dag.py:2379} INFO - Sync 1 DAGs
[2025-05-09 14:36:28,036] {logging_mixin.py:115} INFO - [2025-05-09 14:36:28,035] {dag.py:2927} INFO - Setting next_dagrun for example_branch_dop_operator_v3 to 2025-05-09T17:35:00+00:00, run_after=2025-05-09T17:36:00+00:00
[2025-05-09 14:36:28,046] {processor.py:161} INFO - Processing /home/pedro/Documentos/airflow/venv/lib/python3.9/site-packages/airflow/example_dags/example_branch_python_dop_operator_3.py took 0.062 seconds
[2025-05-09 14:37:01,066] {processor.py:153} INFO - Started process (PID=63596) to work on /home/pedro/Documentos/airflow/venv/lib/python3.9/site-packages/airflow/example_dags/example_branch_python_dop_operator_3.py
[2025-05-09 14:37:01,079] {processor.py:641} INFO - Processing file /home/pedro/Documentos/airflow/venv/lib/python3.9/site-packages/airflow/example_dags/example_branch_python_dop_operator_3.py for tasks to queue
[2025-05-09 14:37:01,079] {logging_mixin.py:115} INFO - [2025-05-09 14:37:01,079] {dagbag.py:507} INFO - Filling up the DagBag from /home/pedro/Documentos/airflow/venv/lib/python3.9/site-packages/airflow/example_dags/example_branch_python_dop_operator_3.py
[2025-05-09 14:37:01,086] {processor.py:651} INFO - DAG(s) dict_keys(['example_branch_dop_operator_v3']) retrieved from /home/pedro/Documentos/airflow/venv/lib/python3.9/site-packages/airflow/example_dags/example_branch_python_dop_operator_3.py
[2025-05-09 14:37:01,097] {logging_mixin.py:115} INFO - [2025-05-09 14:37:01,097] {dag.py:2379} INFO - Sync 1 DAGs
[2025-05-09 14:37:01,113] {logging_mixin.py:115} INFO - [2025-05-09 14:37:01,112] {dag.py:2927} INFO - Setting next_dagrun for example_branch_dop_operator_v3 to 2025-05-09T17:36:00+00:00, run_after=2025-05-09T17:37:00+00:00
[2025-05-09 14:37:01,161] {processor.py:161} INFO - Processing /home/pedro/Documentos/airflow/venv/lib/python3.9/site-packages/airflow/example_dags/example_branch_python_dop_operator_3.py took 0.097 seconds
[2025-05-09 14:37:38,581] {processor.py:153} INFO - Started process (PID=64185) to work on /home/pedro/Documentos/airflow/venv/lib/python3.9/site-packages/airflow/example_dags/example_branch_python_dop_operator_3.py
[2025-05-09 14:37:38,594] {processor.py:641} INFO - Processing file /home/pedro/Documentos/airflow/venv/lib/python3.9/site-packages/airflow/example_dags/example_branch_python_dop_operator_3.py for tasks to queue
[2025-05-09 14:37:38,594] {logging_mixin.py:115} INFO - [2025-05-09 14:37:38,594] {dagbag.py:507} INFO - Filling up the DagBag from /home/pedro/Documentos/airflow/venv/lib/python3.9/site-packages/airflow/example_dags/example_branch_python_dop_operator_3.py
[2025-05-09 14:37:38,601] {processor.py:651} INFO - DAG(s) dict_keys(['example_branch_dop_operator_v3']) retrieved from /home/pedro/Documentos/airflow/venv/lib/python3.9/site-packages/airflow/example_dags/example_branch_python_dop_operator_3.py
[2025-05-09 14:37:38,613] {logging_mixin.py:115} INFO - [2025-05-09 14:37:38,613] {dag.py:2379} INFO - Sync 1 DAGs
[2025-05-09 14:37:38,629] {logging_mixin.py:115} INFO - [2025-05-09 14:37:38,629] {dag.py:2927} INFO - Setting next_dagrun for example_branch_dop_operator_v3 to 2025-05-09T17:36:00+00:00, run_after=2025-05-09T17:37:00+00:00
[2025-05-09 14:37:38,638] {processor.py:161} INFO - Processing /home/pedro/Documentos/airflow/venv/lib/python3.9/site-packages/airflow/example_dags/example_branch_python_dop_operator_3.py took 0.059 seconds
[2025-05-09 14:38:09,427] {processor.py:153} INFO - Started process (PID=64661) to work on /home/pedro/Documentos/airflow/venv/lib/python3.9/site-packages/airflow/example_dags/example_branch_python_dop_operator_3.py
[2025-05-09 14:38:09,439] {processor.py:641} INFO - Processing file /home/pedro/Documentos/airflow/venv/lib/python3.9/site-packages/airflow/example_dags/example_branch_python_dop_operator_3.py for tasks to queue
[2025-05-09 14:38:09,440] {logging_mixin.py:115} INFO - [2025-05-09 14:38:09,440] {dagbag.py:507} INFO - Filling up the DagBag from /home/pedro/Documentos/airflow/venv/lib/python3.9/site-packages/airflow/example_dags/example_branch_python_dop_operator_3.py
[2025-05-09 14:38:09,446] {processor.py:651} INFO - DAG(s) dict_keys(['example_branch_dop_operator_v3']) retrieved from /home/pedro/Documentos/airflow/venv/lib/python3.9/site-packages/airflow/example_dags/example_branch_python_dop_operator_3.py
[2025-05-09 14:38:09,457] {logging_mixin.py:115} INFO - [2025-05-09 14:38:09,457] {dag.py:2379} INFO - Sync 1 DAGs
[2025-05-09 14:38:09,472] {logging_mixin.py:115} INFO - [2025-05-09 14:38:09,472] {dag.py:2927} INFO - Setting next_dagrun for example_branch_dop_operator_v3 to 2025-05-09T17:37:00+00:00, run_after=2025-05-09T17:38:00+00:00
[2025-05-09 14:38:09,482] {processor.py:161} INFO - Processing /home/pedro/Documentos/airflow/venv/lib/python3.9/site-packages/airflow/example_dags/example_branch_python_dop_operator_3.py took 0.058 seconds
[2025-05-09 14:38:45,879] {processor.py:153} INFO - Started process (PID=65069) to work on /home/pedro/Documentos/airflow/venv/lib/python3.9/site-packages/airflow/example_dags/example_branch_python_dop_operator_3.py
[2025-05-09 14:38:45,892] {processor.py:641} INFO - Processing file /home/pedro/Documentos/airflow/venv/lib/python3.9/site-packages/airflow/example_dags/example_branch_python_dop_operator_3.py for tasks to queue
[2025-05-09 14:38:45,893] {logging_mixin.py:115} INFO - [2025-05-09 14:38:45,892] {dagbag.py:507} INFO - Filling up the DagBag from /home/pedro/Documentos/airflow/venv/lib/python3.9/site-packages/airflow/example_dags/example_branch_python_dop_operator_3.py
[2025-05-09 14:38:45,900] {processor.py:651} INFO - DAG(s) dict_keys(['example_branch_dop_operator_v3']) retrieved from /home/pedro/Documentos/airflow/venv/lib/python3.9/site-packages/airflow/example_dags/example_branch_python_dop_operator_3.py
[2025-05-09 14:38:45,910] {logging_mixin.py:115} INFO - [2025-05-09 14:38:45,910] {dag.py:2379} INFO - Sync 1 DAGs
[2025-05-09 14:38:45,925] {logging_mixin.py:115} INFO - [2025-05-09 14:38:45,925] {dag.py:2927} INFO - Setting next_dagrun for example_branch_dop_operator_v3 to 2025-05-09T17:37:00+00:00, run_after=2025-05-09T17:38:00+00:00
[2025-05-09 14:38:45,935] {processor.py:161} INFO - Processing /home/pedro/Documentos/airflow/venv/lib/python3.9/site-packages/airflow/example_dags/example_branch_python_dop_operator_3.py took 0.058 seconds
[2025-05-09 14:39:24,519] {processor.py:153} INFO - Started process (PID=65468) to work on /home/pedro/Documentos/airflow/venv/lib/python3.9/site-packages/airflow/example_dags/example_branch_python_dop_operator_3.py
[2025-05-09 14:39:24,532] {processor.py:641} INFO - Processing file /home/pedro/Documentos/airflow/venv/lib/python3.9/site-packages/airflow/example_dags/example_branch_python_dop_operator_3.py for tasks to queue
[2025-05-09 14:39:24,532] {logging_mixin.py:115} INFO - [2025-05-09 14:39:24,532] {dagbag.py:507} INFO - Filling up the DagBag from /home/pedro/Documentos/airflow/venv/lib/python3.9/site-packages/airflow/example_dags/example_branch_python_dop_operator_3.py
[2025-05-09 14:39:24,539] {processor.py:651} INFO - DAG(s) dict_keys(['example_branch_dop_operator_v3']) retrieved from /home/pedro/Documentos/airflow/venv/lib/python3.9/site-packages/airflow/example_dags/example_branch_python_dop_operator_3.py
[2025-05-09 14:39:24,549] {logging_mixin.py:115} INFO - [2025-05-09 14:39:24,549] {dag.py:2379} INFO - Sync 1 DAGs
[2025-05-09 14:39:24,565] {logging_mixin.py:115} INFO - [2025-05-09 14:39:24,565] {dag.py:2927} INFO - Setting next_dagrun for example_branch_dop_operator_v3 to 2025-05-09T17:38:00+00:00, run_after=2025-05-09T17:39:00+00:00
[2025-05-09 14:39:24,575] {processor.py:161} INFO - Processing /home/pedro/Documentos/airflow/venv/lib/python3.9/site-packages/airflow/example_dags/example_branch_python_dop_operator_3.py took 0.057 seconds
[2025-05-09 14:39:56,508] {processor.py:153} INFO - Started process (PID=65664) to work on /home/pedro/Documentos/airflow/venv/lib/python3.9/site-packages/airflow/example_dags/example_branch_python_dop_operator_3.py
[2025-05-09 14:39:56,521] {processor.py:641} INFO - Processing file /home/pedro/Documentos/airflow/venv/lib/python3.9/site-packages/airflow/example_dags/example_branch_python_dop_operator_3.py for tasks to queue
[2025-05-09 14:39:56,521] {logging_mixin.py:115} INFO - [2025-05-09 14:39:56,521] {dagbag.py:507} INFO - Filling up the DagBag from /home/pedro/Documentos/airflow/venv/lib/python3.9/site-packages/airflow/example_dags/example_branch_python_dop_operator_3.py
[2025-05-09 14:39:56,527] {processor.py:651} INFO - DAG(s) dict_keys(['example_branch_dop_operator_v3']) retrieved from /home/pedro/Documentos/airflow/venv/lib/python3.9/site-packages/airflow/example_dags/example_branch_python_dop_operator_3.py
[2025-05-09 14:39:56,538] {logging_mixin.py:115} INFO - [2025-05-09 14:39:56,538] {dag.py:2379} INFO - Sync 1 DAGs
[2025-05-09 14:39:56,554] {logging_mixin.py:115} INFO - [2025-05-09 14:39:56,554] {dag.py:2927} INFO - Setting next_dagrun for example_branch_dop_operator_v3 to 2025-05-09T17:38:00+00:00, run_after=2025-05-09T17:39:00+00:00
[2025-05-09 14:39:56,563] {processor.py:161} INFO - Processing /home/pedro/Documentos/airflow/venv/lib/python3.9/site-packages/airflow/example_dags/example_branch_python_dop_operator_3.py took 0.057 seconds
[2025-05-09 14:40:31,376] {processor.py:153} INFO - Started process (PID=65909) to work on /home/pedro/Documentos/airflow/venv/lib/python3.9/site-packages/airflow/example_dags/example_branch_python_dop_operator_3.py
[2025-05-09 14:40:31,389] {processor.py:641} INFO - Processing file /home/pedro/Documentos/airflow/venv/lib/python3.9/site-packages/airflow/example_dags/example_branch_python_dop_operator_3.py for tasks to queue
[2025-05-09 14:40:31,389] {logging_mixin.py:115} INFO - [2025-05-09 14:40:31,389] {dagbag.py:507} INFO - Filling up the DagBag from /home/pedro/Documentos/airflow/venv/lib/python3.9/site-packages/airflow/example_dags/example_branch_python_dop_operator_3.py
[2025-05-09 14:40:31,396] {processor.py:651} INFO - DAG(s) dict_keys(['example_branch_dop_operator_v3']) retrieved from /home/pedro/Documentos/airflow/venv/lib/python3.9/site-packages/airflow/example_dags/example_branch_python_dop_operator_3.py
[2025-05-09 14:40:31,408] {logging_mixin.py:115} INFO - [2025-05-09 14:40:31,408] {dag.py:2379} INFO - Sync 1 DAGs
[2025-05-09 14:40:31,423] {logging_mixin.py:115} INFO - [2025-05-09 14:40:31,423] {dag.py:2927} INFO - Setting next_dagrun for example_branch_dop_operator_v3 to 2025-05-09T17:39:00+00:00, run_after=2025-05-09T17:40:00+00:00
[2025-05-09 14:40:31,433] {processor.py:161} INFO - Processing /home/pedro/Documentos/airflow/venv/lib/python3.9/site-packages/airflow/example_dags/example_branch_python_dop_operator_3.py took 0.059 seconds
[2025-05-09 14:41:04,430] {processor.py:153} INFO - Started process (PID=66434) to work on /home/pedro/Documentos/airflow/venv/lib/python3.9/site-packages/airflow/example_dags/example_branch_python_dop_operator_3.py
[2025-05-09 14:41:04,442] {processor.py:641} INFO - Processing file /home/pedro/Documentos/airflow/venv/lib/python3.9/site-packages/airflow/example_dags/example_branch_python_dop_operator_3.py for tasks to queue
[2025-05-09 14:41:04,443] {logging_mixin.py:115} INFO - [2025-05-09 14:41:04,442] {dagbag.py:507} INFO - Filling up the DagBag from /home/pedro/Documentos/airflow/venv/lib/python3.9/site-packages/airflow/example_dags/example_branch_python_dop_operator_3.py
[2025-05-09 14:41:04,449] {processor.py:651} INFO - DAG(s) dict_keys(['example_branch_dop_operator_v3']) retrieved from /home/pedro/Documentos/airflow/venv/lib/python3.9/site-packages/airflow/example_dags/example_branch_python_dop_operator_3.py
[2025-05-09 14:41:04,460] {logging_mixin.py:115} INFO - [2025-05-09 14:41:04,460] {dag.py:2379} INFO - Sync 1 DAGs
[2025-05-09 14:41:04,476] {logging_mixin.py:115} INFO - [2025-05-09 14:41:04,476] {dag.py:2927} INFO - Setting next_dagrun for example_branch_dop_operator_v3 to 2025-05-09T17:40:00+00:00, run_after=2025-05-09T17:41:00+00:00
[2025-05-09 14:41:04,485] {processor.py:161} INFO - Processing /home/pedro/Documentos/airflow/venv/lib/python3.9/site-packages/airflow/example_dags/example_branch_python_dop_operator_3.py took 0.058 seconds
[2025-05-09 14:41:42,424] {processor.py:153} INFO - Started process (PID=66882) to work on /home/pedro/Documentos/airflow/venv/lib/python3.9/site-packages/airflow/example_dags/example_branch_python_dop_operator_3.py
[2025-05-09 14:41:42,436] {processor.py:641} INFO - Processing file /home/pedro/Documentos/airflow/venv/lib/python3.9/site-packages/airflow/example_dags/example_branch_python_dop_operator_3.py for tasks to queue
[2025-05-09 14:41:42,436] {logging_mixin.py:115} INFO - [2025-05-09 14:41:42,436] {dagbag.py:507} INFO - Filling up the DagBag from /home/pedro/Documentos/airflow/venv/lib/python3.9/site-packages/airflow/example_dags/example_branch_python_dop_operator_3.py
[2025-05-09 14:41:42,443] {processor.py:651} INFO - DAG(s) dict_keys(['example_branch_dop_operator_v3']) retrieved from /home/pedro/Documentos/airflow/venv/lib/python3.9/site-packages/airflow/example_dags/example_branch_python_dop_operator_3.py
[2025-05-09 14:41:42,454] {logging_mixin.py:115} INFO - [2025-05-09 14:41:42,454] {dag.py:2379} INFO - Sync 1 DAGs
[2025-05-09 14:41:42,470] {logging_mixin.py:115} INFO - [2025-05-09 14:41:42,469] {dag.py:2927} INFO - Setting next_dagrun for example_branch_dop_operator_v3 to 2025-05-09T17:40:00+00:00, run_after=2025-05-09T17:41:00+00:00
[2025-05-09 14:41:42,479] {processor.py:161} INFO - Processing /home/pedro/Documentos/airflow/venv/lib/python3.9/site-packages/airflow/example_dags/example_branch_python_dop_operator_3.py took 0.058 seconds
[2025-05-09 14:42:16,485] {processor.py:153} INFO - Started process (PID=67089) to work on /home/pedro/Documentos/airflow/venv/lib/python3.9/site-packages/airflow/example_dags/example_branch_python_dop_operator_3.py
[2025-05-09 14:42:16,485] {processor.py:641} INFO - Processing file /home/pedro/Documentos/airflow/venv/lib/python3.9/site-packages/airflow/example_dags/example_branch_python_dop_operator_3.py for tasks to queue
[2025-05-09 14:42:16,486] {logging_mixin.py:115} INFO - [2025-05-09 14:42:16,486] {dagbag.py:507} INFO - Filling up the DagBag from /home/pedro/Documentos/airflow/venv/lib/python3.9/site-packages/airflow/example_dags/example_branch_python_dop_operator_3.py
[2025-05-09 14:42:16,492] {processor.py:651} INFO - DAG(s) dict_keys(['example_branch_dop_operator_v3']) retrieved from /home/pedro/Documentos/airflow/venv/lib/python3.9/site-packages/airflow/example_dags/example_branch_python_dop_operator_3.py
[2025-05-09 14:42:16,503] {logging_mixin.py:115} INFO - [2025-05-09 14:42:16,503] {dag.py:2379} INFO - Sync 1 DAGs
[2025-05-09 14:42:16,518] {logging_mixin.py:115} INFO - [2025-05-09 14:42:16,518] {dag.py:2927} INFO - Setting next_dagrun for example_branch_dop_operator_v3 to 2025-05-09T17:41:00+00:00, run_after=2025-05-09T17:42:00+00:00
[2025-05-09 14:42:16,528] {processor.py:161} INFO - Processing /home/pedro/Documentos/airflow/venv/lib/python3.9/site-packages/airflow/example_dags/example_branch_python_dop_operator_3.py took 0.045 seconds
[2025-05-09 14:42:50,215] {processor.py:153} INFO - Started process (PID=67289) to work on /home/pedro/Documentos/airflow/venv/lib/python3.9/site-packages/airflow/example_dags/example_branch_python_dop_operator_3.py
[2025-05-09 14:42:50,228] {processor.py:641} INFO - Processing file /home/pedro/Documentos/airflow/venv/lib/python3.9/site-packages/airflow/example_dags/example_branch_python_dop_operator_3.py for tasks to queue
[2025-05-09 14:42:50,228] {logging_mixin.py:115} INFO - [2025-05-09 14:42:50,228] {dagbag.py:507} INFO - Filling up the DagBag from /home/pedro/Documentos/airflow/venv/lib/python3.9/site-packages/airflow/example_dags/example_branch_python_dop_operator_3.py
[2025-05-09 14:42:50,235] {processor.py:651} INFO - DAG(s) dict_keys(['example_branch_dop_operator_v3']) retrieved from /home/pedro/Documentos/airflow/venv/lib/python3.9/site-packages/airflow/example_dags/example_branch_python_dop_operator_3.py
[2025-05-09 14:42:50,246] {logging_mixin.py:115} INFO - [2025-05-09 14:42:50,246] {dag.py:2379} INFO - Sync 1 DAGs
[2025-05-09 14:42:50,262] {logging_mixin.py:115} INFO - [2025-05-09 14:42:50,262] {dag.py:2927} INFO - Setting next_dagrun for example_branch_dop_operator_v3 to 2025-05-09T17:41:00+00:00, run_after=2025-05-09T17:42:00+00:00
[2025-05-09 14:42:50,272] {processor.py:161} INFO - Processing /home/pedro/Documentos/airflow/venv/lib/python3.9/site-packages/airflow/example_dags/example_branch_python_dop_operator_3.py took 0.059 seconds
[2025-05-09 14:43:26,210] {processor.py:153} INFO - Started process (PID=67551) to work on /home/pedro/Documentos/airflow/venv/lib/python3.9/site-packages/airflow/example_dags/example_branch_python_dop_operator_3.py
[2025-05-09 14:43:26,222] {processor.py:641} INFO - Processing file /home/pedro/Documentos/airflow/venv/lib/python3.9/site-packages/airflow/example_dags/example_branch_python_dop_operator_3.py for tasks to queue
[2025-05-09 14:43:26,223] {logging_mixin.py:115} INFO - [2025-05-09 14:43:26,223] {dagbag.py:507} INFO - Filling up the DagBag from /home/pedro/Documentos/airflow/venv/lib/python3.9/site-packages/airflow/example_dags/example_branch_python_dop_operator_3.py
[2025-05-09 14:43:26,230] {processor.py:651} INFO - DAG(s) dict_keys(['example_branch_dop_operator_v3']) retrieved from /home/pedro/Documentos/airflow/venv/lib/python3.9/site-packages/airflow/example_dags/example_branch_python_dop_operator_3.py
[2025-05-09 14:43:26,241] {logging_mixin.py:115} INFO - [2025-05-09 14:43:26,241] {dag.py:2379} INFO - Sync 1 DAGs
[2025-05-09 14:43:26,258] {logging_mixin.py:115} INFO - [2025-05-09 14:43:26,258] {dag.py:2927} INFO - Setting next_dagrun for example_branch_dop_operator_v3 to 2025-05-09T17:42:00+00:00, run_after=2025-05-09T17:43:00+00:00
[2025-05-09 14:43:26,271] {processor.py:161} INFO - Processing /home/pedro/Documentos/airflow/venv/lib/python3.9/site-packages/airflow/example_dags/example_branch_python_dop_operator_3.py took 0.063 seconds
[2025-05-09 14:44:01,970] {processor.py:153} INFO - Started process (PID=68204) to work on /home/pedro/Documentos/airflow/venv/lib/python3.9/site-packages/airflow/example_dags/example_branch_python_dop_operator_3.py
[2025-05-09 14:44:01,983] {processor.py:641} INFO - Processing file /home/pedro/Documentos/airflow/venv/lib/python3.9/site-packages/airflow/example_dags/example_branch_python_dop_operator_3.py for tasks to queue
[2025-05-09 14:44:01,983] {logging_mixin.py:115} INFO - [2025-05-09 14:44:01,983] {dagbag.py:507} INFO - Filling up the DagBag from /home/pedro/Documentos/airflow/venv/lib/python3.9/site-packages/airflow/example_dags/example_branch_python_dop_operator_3.py
[2025-05-09 14:44:01,990] {processor.py:651} INFO - DAG(s) dict_keys(['example_branch_dop_operator_v3']) retrieved from /home/pedro/Documentos/airflow/venv/lib/python3.9/site-packages/airflow/example_dags/example_branch_python_dop_operator_3.py
[2025-05-09 14:44:02,003] {logging_mixin.py:115} INFO - [2025-05-09 14:44:02,003] {dag.py:2379} INFO - Sync 1 DAGs
[2025-05-09 14:44:02,018] {logging_mixin.py:115} INFO - [2025-05-09 14:44:02,018] {dag.py:2927} INFO - Setting next_dagrun for example_branch_dop_operator_v3 to 2025-05-09T17:43:00+00:00, run_after=2025-05-09T17:44:00+00:00
[2025-05-09 14:44:02,027] {processor.py:161} INFO - Processing /home/pedro/Documentos/airflow/venv/lib/python3.9/site-packages/airflow/example_dags/example_branch_python_dop_operator_3.py took 0.059 seconds
[2025-05-09 14:44:34,954] {processor.py:153} INFO - Started process (PID=68401) to work on /home/pedro/Documentos/airflow/venv/lib/python3.9/site-packages/airflow/example_dags/example_branch_python_dop_operator_3.py
[2025-05-09 14:44:34,966] {processor.py:641} INFO - Processing file /home/pedro/Documentos/airflow/venv/lib/python3.9/site-packages/airflow/example_dags/example_branch_python_dop_operator_3.py for tasks to queue
[2025-05-09 14:44:34,966] {logging_mixin.py:115} INFO - [2025-05-09 14:44:34,966] {dagbag.py:507} INFO - Filling up the DagBag from /home/pedro/Documentos/airflow/venv/lib/python3.9/site-packages/airflow/example_dags/example_branch_python_dop_operator_3.py
[2025-05-09 14:44:34,972] {processor.py:651} INFO - DAG(s) dict_keys(['example_branch_dop_operator_v3']) retrieved from /home/pedro/Documentos/airflow/venv/lib/python3.9/site-packages/airflow/example_dags/example_branch_python_dop_operator_3.py
[2025-05-09 14:44:34,985] {logging_mixin.py:115} INFO - [2025-05-09 14:44:34,985] {dag.py:2379} INFO - Sync 1 DAGs
[2025-05-09 14:44:34,999] {logging_mixin.py:115} INFO - [2025-05-09 14:44:34,999] {dag.py:2927} INFO - Setting next_dagrun for example_branch_dop_operator_v3 to 2025-05-09T17:43:00+00:00, run_after=2025-05-09T17:44:00+00:00
[2025-05-09 14:44:35,008] {processor.py:161} INFO - Processing /home/pedro/Documentos/airflow/venv/lib/python3.9/site-packages/airflow/example_dags/example_branch_python_dop_operator_3.py took 0.057 seconds
[2025-05-09 14:45:11,759] {processor.py:153} INFO - Started process (PID=68659) to work on /home/pedro/Documentos/airflow/venv/lib/python3.9/site-packages/airflow/example_dags/example_branch_python_dop_operator_3.py
[2025-05-09 14:45:11,771] {processor.py:641} INFO - Processing file /home/pedro/Documentos/airflow/venv/lib/python3.9/site-packages/airflow/example_dags/example_branch_python_dop_operator_3.py for tasks to queue
[2025-05-09 14:45:11,772] {logging_mixin.py:115} INFO - [2025-05-09 14:45:11,772] {dagbag.py:507} INFO - Filling up the DagBag from /home/pedro/Documentos/airflow/venv/lib/python3.9/site-packages/airflow/example_dags/example_branch_python_dop_operator_3.py
[2025-05-09 14:45:11,778] {processor.py:651} INFO - DAG(s) dict_keys(['example_branch_dop_operator_v3']) retrieved from /home/pedro/Documentos/airflow/venv/lib/python3.9/site-packages/airflow/example_dags/example_branch_python_dop_operator_3.py
[2025-05-09 14:45:11,791] {logging_mixin.py:115} INFO - [2025-05-09 14:45:11,791] {dag.py:2379} INFO - Sync 1 DAGs
[2025-05-09 14:45:11,805] {logging_mixin.py:115} INFO - [2025-05-09 14:45:11,805] {dag.py:2927} INFO - Setting next_dagrun for example_branch_dop_operator_v3 to 2025-05-09T17:44:00+00:00, run_after=2025-05-09T17:45:00+00:00
[2025-05-09 14:45:11,814] {processor.py:161} INFO - Processing /home/pedro/Documentos/airflow/venv/lib/python3.9/site-packages/airflow/example_dags/example_branch_python_dop_operator_3.py took 0.057 seconds
[2025-05-09 14:45:47,153] {processor.py:153} INFO - Started process (PID=68859) to work on /home/pedro/Documentos/airflow/venv/lib/python3.9/site-packages/airflow/example_dags/example_branch_python_dop_operator_3.py
[2025-05-09 14:45:47,165] {processor.py:641} INFO - Processing file /home/pedro/Documentos/airflow/venv/lib/python3.9/site-packages/airflow/example_dags/example_branch_python_dop_operator_3.py for tasks to queue
[2025-05-09 14:45:47,166] {logging_mixin.py:115} INFO - [2025-05-09 14:45:47,166] {dagbag.py:507} INFO - Filling up the DagBag from /home/pedro/Documentos/airflow/venv/lib/python3.9/site-packages/airflow/example_dags/example_branch_python_dop_operator_3.py
[2025-05-09 14:45:47,172] {processor.py:651} INFO - DAG(s) dict_keys(['example_branch_dop_operator_v3']) retrieved from /home/pedro/Documentos/airflow/venv/lib/python3.9/site-packages/airflow/example_dags/example_branch_python_dop_operator_3.py
[2025-05-09 14:45:47,185] {logging_mixin.py:115} INFO - [2025-05-09 14:45:47,185] {dag.py:2379} INFO - Sync 1 DAGs
[2025-05-09 14:45:47,199] {logging_mixin.py:115} INFO - [2025-05-09 14:45:47,199] {dag.py:2927} INFO - Setting next_dagrun for example_branch_dop_operator_v3 to 2025-05-09T17:44:00+00:00, run_after=2025-05-09T17:45:00+00:00
[2025-05-09 14:45:47,208] {processor.py:161} INFO - Processing /home/pedro/Documentos/airflow/venv/lib/python3.9/site-packages/airflow/example_dags/example_branch_python_dop_operator_3.py took 0.057 seconds
[2025-05-09 14:46:23,817] {processor.py:153} INFO - Started process (PID=69083) to work on /home/pedro/Documentos/airflow/venv/lib/python3.9/site-packages/airflow/example_dags/example_branch_python_dop_operator_3.py
[2025-05-09 14:46:23,830] {processor.py:641} INFO - Processing file /home/pedro/Documentos/airflow/venv/lib/python3.9/site-packages/airflow/example_dags/example_branch_python_dop_operator_3.py for tasks to queue
[2025-05-09 14:46:23,830] {logging_mixin.py:115} INFO - [2025-05-09 14:46:23,830] {dagbag.py:507} INFO - Filling up the DagBag from /home/pedro/Documentos/airflow/venv/lib/python3.9/site-packages/airflow/example_dags/example_branch_python_dop_operator_3.py
[2025-05-09 14:46:23,837] {processor.py:651} INFO - DAG(s) dict_keys(['example_branch_dop_operator_v3']) retrieved from /home/pedro/Documentos/airflow/venv/lib/python3.9/site-packages/airflow/example_dags/example_branch_python_dop_operator_3.py
[2025-05-09 14:46:23,850] {logging_mixin.py:115} INFO - [2025-05-09 14:46:23,850] {dag.py:2379} INFO - Sync 1 DAGs
[2025-05-09 14:46:23,863] {logging_mixin.py:115} INFO - [2025-05-09 14:46:23,863] {dag.py:2927} INFO - Setting next_dagrun for example_branch_dop_operator_v3 to 2025-05-09T17:45:00+00:00, run_after=2025-05-09T17:46:00+00:00
[2025-05-09 14:46:23,873] {processor.py:161} INFO - Processing /home/pedro/Documentos/airflow/venv/lib/python3.9/site-packages/airflow/example_dags/example_branch_python_dop_operator_3.py took 0.057 seconds
[2025-05-09 14:46:56,919] {processor.py:153} INFO - Started process (PID=69594) to work on /home/pedro/Documentos/airflow/venv/lib/python3.9/site-packages/airflow/example_dags/example_branch_python_dop_operator_3.py
[2025-05-09 14:46:56,931] {processor.py:641} INFO - Processing file /home/pedro/Documentos/airflow/venv/lib/python3.9/site-packages/airflow/example_dags/example_branch_python_dop_operator_3.py for tasks to queue
[2025-05-09 14:46:56,931] {logging_mixin.py:115} INFO - [2025-05-09 14:46:56,931] {dagbag.py:507} INFO - Filling up the DagBag from /home/pedro/Documentos/airflow/venv/lib/python3.9/site-packages/airflow/example_dags/example_branch_python_dop_operator_3.py
[2025-05-09 14:46:56,938] {processor.py:651} INFO - DAG(s) dict_keys(['example_branch_dop_operator_v3']) retrieved from /home/pedro/Documentos/airflow/venv/lib/python3.9/site-packages/airflow/example_dags/example_branch_python_dop_operator_3.py
[2025-05-09 14:46:56,952] {logging_mixin.py:115} INFO - [2025-05-09 14:46:56,952] {dag.py:2379} INFO - Sync 1 DAGs
[2025-05-09 14:46:56,968] {logging_mixin.py:115} INFO - [2025-05-09 14:46:56,967] {dag.py:2927} INFO - Setting next_dagrun for example_branch_dop_operator_v3 to 2025-05-09T17:45:00+00:00, run_after=2025-05-09T17:46:00+00:00
[2025-05-09 14:46:56,977] {processor.py:161} INFO - Processing /home/pedro/Documentos/airflow/venv/lib/python3.9/site-packages/airflow/example_dags/example_branch_python_dop_operator_3.py took 0.061 seconds
[2025-05-09 14:47:33,602] {processor.py:153} INFO - Started process (PID=69964) to work on /home/pedro/Documentos/airflow/venv/lib/python3.9/site-packages/airflow/example_dags/example_branch_python_dop_operator_3.py
[2025-05-09 14:47:33,615] {processor.py:641} INFO - Processing file /home/pedro/Documentos/airflow/venv/lib/python3.9/site-packages/airflow/example_dags/example_branch_python_dop_operator_3.py for tasks to queue
[2025-05-09 14:47:33,615] {logging_mixin.py:115} INFO - [2025-05-09 14:47:33,615] {dagbag.py:507} INFO - Filling up the DagBag from /home/pedro/Documentos/airflow/venv/lib/python3.9/site-packages/airflow/example_dags/example_branch_python_dop_operator_3.py
[2025-05-09 14:47:33,622] {processor.py:651} INFO - DAG(s) dict_keys(['example_branch_dop_operator_v3']) retrieved from /home/pedro/Documentos/airflow/venv/lib/python3.9/site-packages/airflow/example_dags/example_branch_python_dop_operator_3.py
[2025-05-09 14:47:33,635] {logging_mixin.py:115} INFO - [2025-05-09 14:47:33,635] {dag.py:2379} INFO - Sync 1 DAGs
[2025-05-09 14:47:33,650] {logging_mixin.py:115} INFO - [2025-05-09 14:47:33,650] {dag.py:2927} INFO - Setting next_dagrun for example_branch_dop_operator_v3 to 2025-05-09T17:46:00+00:00, run_after=2025-05-09T17:47:00+00:00
[2025-05-09 14:47:33,659] {processor.py:161} INFO - Processing /home/pedro/Documentos/airflow/venv/lib/python3.9/site-packages/airflow/example_dags/example_branch_python_dop_operator_3.py took 0.059 seconds
[2025-05-09 14:48:10,969] {processor.py:153} INFO - Started process (PID=70198) to work on /home/pedro/Documentos/airflow/venv/lib/python3.9/site-packages/airflow/example_dags/example_branch_python_dop_operator_3.py
[2025-05-09 14:48:10,981] {processor.py:641} INFO - Processing file /home/pedro/Documentos/airflow/venv/lib/python3.9/site-packages/airflow/example_dags/example_branch_python_dop_operator_3.py for tasks to queue
[2025-05-09 14:48:10,982] {logging_mixin.py:115} INFO - [2025-05-09 14:48:10,982] {dagbag.py:507} INFO - Filling up the DagBag from /home/pedro/Documentos/airflow/venv/lib/python3.9/site-packages/airflow/example_dags/example_branch_python_dop_operator_3.py
[2025-05-09 14:48:10,988] {processor.py:651} INFO - DAG(s) dict_keys(['example_branch_dop_operator_v3']) retrieved from /home/pedro/Documentos/airflow/venv/lib/python3.9/site-packages/airflow/example_dags/example_branch_python_dop_operator_3.py
[2025-05-09 14:48:11,001] {logging_mixin.py:115} INFO - [2025-05-09 14:48:11,001] {dag.py:2379} INFO - Sync 1 DAGs
[2025-05-09 14:48:11,015] {logging_mixin.py:115} INFO - [2025-05-09 14:48:11,015] {dag.py:2927} INFO - Setting next_dagrun for example_branch_dop_operator_v3 to 2025-05-09T17:47:00+00:00, run_after=2025-05-09T17:48:00+00:00
[2025-05-09 14:48:11,024] {processor.py:161} INFO - Processing /home/pedro/Documentos/airflow/venv/lib/python3.9/site-packages/airflow/example_dags/example_branch_python_dop_operator_3.py took 0.057 seconds
[2025-05-09 14:48:44,535] {processor.py:153} INFO - Started process (PID=70461) to work on /home/pedro/Documentos/airflow/venv/lib/python3.9/site-packages/airflow/example_dags/example_branch_python_dop_operator_3.py
[2025-05-09 14:48:44,538] {processor.py:641} INFO - Processing file /home/pedro/Documentos/airflow/venv/lib/python3.9/site-packages/airflow/example_dags/example_branch_python_dop_operator_3.py for tasks to queue
[2025-05-09 14:48:44,539] {logging_mixin.py:115} INFO - [2025-05-09 14:48:44,539] {dagbag.py:507} INFO - Filling up the DagBag from /home/pedro/Documentos/airflow/venv/lib/python3.9/site-packages/airflow/example_dags/example_branch_python_dop_operator_3.py
[2025-05-09 14:48:44,545] {processor.py:651} INFO - DAG(s) dict_keys(['example_branch_dop_operator_v3']) retrieved from /home/pedro/Documentos/airflow/venv/lib/python3.9/site-packages/airflow/example_dags/example_branch_python_dop_operator_3.py
[2025-05-09 14:48:44,559] {logging_mixin.py:115} INFO - [2025-05-09 14:48:44,559] {dag.py:2379} INFO - Sync 1 DAGs
[2025-05-09 14:48:44,574] {logging_mixin.py:115} INFO - [2025-05-09 14:48:44,574] {dag.py:2927} INFO - Setting next_dagrun for example_branch_dop_operator_v3 to 2025-05-09T17:47:00+00:00, run_after=2025-05-09T17:48:00+00:00
[2025-05-09 14:48:44,584] {processor.py:161} INFO - Processing /home/pedro/Documentos/airflow/venv/lib/python3.9/site-packages/airflow/example_dags/example_branch_python_dop_operator_3.py took 0.052 seconds
[2025-05-09 14:49:20,072] {processor.py:153} INFO - Started process (PID=70716) to work on /home/pedro/Documentos/airflow/venv/lib/python3.9/site-packages/airflow/example_dags/example_branch_python_dop_operator_3.py
[2025-05-09 14:49:20,084] {processor.py:641} INFO - Processing file /home/pedro/Documentos/airflow/venv/lib/python3.9/site-packages/airflow/example_dags/example_branch_python_dop_operator_3.py for tasks to queue
[2025-05-09 14:49:20,085] {logging_mixin.py:115} INFO - [2025-05-09 14:49:20,085] {dagbag.py:507} INFO - Filling up the DagBag from /home/pedro/Documentos/airflow/venv/lib/python3.9/site-packages/airflow/example_dags/example_branch_python_dop_operator_3.py
[2025-05-09 14:49:20,092] {processor.py:651} INFO - DAG(s) dict_keys(['example_branch_dop_operator_v3']) retrieved from /home/pedro/Documentos/airflow/venv/lib/python3.9/site-packages/airflow/example_dags/example_branch_python_dop_operator_3.py
[2025-05-09 14:49:20,105] {logging_mixin.py:115} INFO - [2025-05-09 14:49:20,105] {dag.py:2379} INFO - Sync 1 DAGs
[2025-05-09 14:49:20,119] {logging_mixin.py:115} INFO - [2025-05-09 14:49:20,119] {dag.py:2927} INFO - Setting next_dagrun for example_branch_dop_operator_v3 to 2025-05-09T17:48:00+00:00, run_after=2025-05-09T17:49:00+00:00
[2025-05-09 14:49:20,129] {processor.py:161} INFO - Processing /home/pedro/Documentos/airflow/venv/lib/python3.9/site-packages/airflow/example_dags/example_branch_python_dop_operator_3.py took 0.059 seconds
[2025-05-09 14:49:56,591] {processor.py:153} INFO - Started process (PID=70959) to work on /home/pedro/Documentos/airflow/venv/lib/python3.9/site-packages/airflow/example_dags/example_branch_python_dop_operator_3.py
[2025-05-09 14:49:56,603] {processor.py:641} INFO - Processing file /home/pedro/Documentos/airflow/venv/lib/python3.9/site-packages/airflow/example_dags/example_branch_python_dop_operator_3.py for tasks to queue
[2025-05-09 14:49:56,604] {logging_mixin.py:115} INFO - [2025-05-09 14:49:56,604] {dagbag.py:507} INFO - Filling up the DagBag from /home/pedro/Documentos/airflow/venv/lib/python3.9/site-packages/airflow/example_dags/example_branch_python_dop_operator_3.py
[2025-05-09 14:49:56,610] {processor.py:651} INFO - DAG(s) dict_keys(['example_branch_dop_operator_v3']) retrieved from /home/pedro/Documentos/airflow/venv/lib/python3.9/site-packages/airflow/example_dags/example_branch_python_dop_operator_3.py
[2025-05-09 14:49:56,623] {logging_mixin.py:115} INFO - [2025-05-09 14:49:56,623] {dag.py:2379} INFO - Sync 1 DAGs
[2025-05-09 14:49:56,637] {logging_mixin.py:115} INFO - [2025-05-09 14:49:56,636] {dag.py:2927} INFO - Setting next_dagrun for example_branch_dop_operator_v3 to 2025-05-09T17:48:00+00:00, run_after=2025-05-09T17:49:00+00:00
[2025-05-09 14:49:56,646] {processor.py:161} INFO - Processing /home/pedro/Documentos/airflow/venv/lib/python3.9/site-packages/airflow/example_dags/example_branch_python_dop_operator_3.py took 0.057 seconds
[2025-05-09 14:50:30,845] {processor.py:153} INFO - Started process (PID=71246) to work on /home/pedro/Documentos/airflow/venv/lib/python3.9/site-packages/airflow/example_dags/example_branch_python_dop_operator_3.py
[2025-05-09 14:50:30,857] {processor.py:641} INFO - Processing file /home/pedro/Documentos/airflow/venv/lib/python3.9/site-packages/airflow/example_dags/example_branch_python_dop_operator_3.py for tasks to queue
[2025-05-09 14:50:30,858] {logging_mixin.py:115} INFO - [2025-05-09 14:50:30,858] {dagbag.py:507} INFO - Filling up the DagBag from /home/pedro/Documentos/airflow/venv/lib/python3.9/site-packages/airflow/example_dags/example_branch_python_dop_operator_3.py
[2025-05-09 14:50:30,865] {processor.py:651} INFO - DAG(s) dict_keys(['example_branch_dop_operator_v3']) retrieved from /home/pedro/Documentos/airflow/venv/lib/python3.9/site-packages/airflow/example_dags/example_branch_python_dop_operator_3.py
[2025-05-09 14:50:30,878] {logging_mixin.py:115} INFO - [2025-05-09 14:50:30,877] {dag.py:2379} INFO - Sync 1 DAGs
[2025-05-09 14:50:30,892] {logging_mixin.py:115} INFO - [2025-05-09 14:50:30,892] {dag.py:2927} INFO - Setting next_dagrun for example_branch_dop_operator_v3 to 2025-05-09T17:49:00+00:00, run_after=2025-05-09T17:50:00+00:00
[2025-05-09 14:50:30,901] {processor.py:161} INFO - Processing /home/pedro/Documentos/airflow/venv/lib/python3.9/site-packages/airflow/example_dags/example_branch_python_dop_operator_3.py took 0.058 seconds
[2025-05-09 14:51:08,237] {processor.py:153} INFO - Started process (PID=71464) to work on /home/pedro/Documentos/airflow/venv/lib/python3.9/site-packages/airflow/example_dags/example_branch_python_dop_operator_3.py
[2025-05-09 14:51:08,238] {processor.py:641} INFO - Processing file /home/pedro/Documentos/airflow/venv/lib/python3.9/site-packages/airflow/example_dags/example_branch_python_dop_operator_3.py for tasks to queue
[2025-05-09 14:51:08,238] {logging_mixin.py:115} INFO - [2025-05-09 14:51:08,238] {dagbag.py:507} INFO - Filling up the DagBag from /home/pedro/Documentos/airflow/venv/lib/python3.9/site-packages/airflow/example_dags/example_branch_python_dop_operator_3.py
[2025-05-09 14:51:08,245] {processor.py:651} INFO - DAG(s) dict_keys(['example_branch_dop_operator_v3']) retrieved from /home/pedro/Documentos/airflow/venv/lib/python3.9/site-packages/airflow/example_dags/example_branch_python_dop_operator_3.py
[2025-05-09 14:51:08,257] {logging_mixin.py:115} INFO - [2025-05-09 14:51:08,257] {dag.py:2379} INFO - Sync 1 DAGs
[2025-05-09 14:51:08,271] {logging_mixin.py:115} INFO - [2025-05-09 14:51:08,271] {dag.py:2927} INFO - Setting next_dagrun for example_branch_dop_operator_v3 to 2025-05-09T17:50:00+00:00, run_after=2025-05-09T17:51:00+00:00
[2025-05-09 14:51:08,281] {processor.py:161} INFO - Processing /home/pedro/Documentos/airflow/venv/lib/python3.9/site-packages/airflow/example_dags/example_branch_python_dop_operator_3.py took 0.046 seconds
[2025-05-09 14:51:44,146] {processor.py:153} INFO - Started process (PID=71814) to work on /home/pedro/Documentos/airflow/venv/lib/python3.9/site-packages/airflow/example_dags/example_branch_python_dop_operator_3.py
[2025-05-09 14:51:44,158] {processor.py:641} INFO - Processing file /home/pedro/Documentos/airflow/venv/lib/python3.9/site-packages/airflow/example_dags/example_branch_python_dop_operator_3.py for tasks to queue
[2025-05-09 14:51:44,158] {logging_mixin.py:115} INFO - [2025-05-09 14:51:44,158] {dagbag.py:507} INFO - Filling up the DagBag from /home/pedro/Documentos/airflow/venv/lib/python3.9/site-packages/airflow/example_dags/example_branch_python_dop_operator_3.py
[2025-05-09 14:51:44,165] {processor.py:651} INFO - DAG(s) dict_keys(['example_branch_dop_operator_v3']) retrieved from /home/pedro/Documentos/airflow/venv/lib/python3.9/site-packages/airflow/example_dags/example_branch_python_dop_operator_3.py
[2025-05-09 14:51:44,178] {logging_mixin.py:115} INFO - [2025-05-09 14:51:44,178] {dag.py:2379} INFO - Sync 1 DAGs
[2025-05-09 14:51:44,193] {logging_mixin.py:115} INFO - [2025-05-09 14:51:44,193] {dag.py:2927} INFO - Setting next_dagrun for example_branch_dop_operator_v3 to 2025-05-09T17:50:00+00:00, run_after=2025-05-09T17:51:00+00:00
[2025-05-09 14:51:44,203] {processor.py:161} INFO - Processing /home/pedro/Documentos/airflow/venv/lib/python3.9/site-packages/airflow/example_dags/example_branch_python_dop_operator_3.py took 0.060 seconds
[2025-05-09 14:52:17,261] {processor.py:153} INFO - Started process (PID=72333) to work on /home/pedro/Documentos/airflow/venv/lib/python3.9/site-packages/airflow/example_dags/example_branch_python_dop_operator_3.py
[2025-05-09 14:52:17,262] {processor.py:641} INFO - Processing file /home/pedro/Documentos/airflow/venv/lib/python3.9/site-packages/airflow/example_dags/example_branch_python_dop_operator_3.py for tasks to queue
[2025-05-09 14:52:17,262] {logging_mixin.py:115} INFO - [2025-05-09 14:52:17,262] {dagbag.py:507} INFO - Filling up the DagBag from /home/pedro/Documentos/airflow/venv/lib/python3.9/site-packages/airflow/example_dags/example_branch_python_dop_operator_3.py
[2025-05-09 14:52:17,269] {processor.py:651} INFO - DAG(s) dict_keys(['example_branch_dop_operator_v3']) retrieved from /home/pedro/Documentos/airflow/venv/lib/python3.9/site-packages/airflow/example_dags/example_branch_python_dop_operator_3.py
[2025-05-09 14:52:17,283] {logging_mixin.py:115} INFO - [2025-05-09 14:52:17,283] {dag.py:2379} INFO - Sync 1 DAGs
[2025-05-09 14:52:17,299] {logging_mixin.py:115} INFO - [2025-05-09 14:52:17,299] {dag.py:2927} INFO - Setting next_dagrun for example_branch_dop_operator_v3 to 2025-05-09T17:51:00+00:00, run_after=2025-05-09T17:52:00+00:00
[2025-05-09 14:52:17,308] {processor.py:161} INFO - Processing /home/pedro/Documentos/airflow/venv/lib/python3.9/site-packages/airflow/example_dags/example_branch_python_dop_operator_3.py took 0.049 seconds
[2025-05-09 14:52:51,053] {processor.py:153} INFO - Started process (PID=72544) to work on /home/pedro/Documentos/airflow/venv/lib/python3.9/site-packages/airflow/example_dags/example_branch_python_dop_operator_3.py
[2025-05-09 14:52:51,065] {processor.py:641} INFO - Processing file /home/pedro/Documentos/airflow/venv/lib/python3.9/site-packages/airflow/example_dags/example_branch_python_dop_operator_3.py for tasks to queue
[2025-05-09 14:52:51,065] {logging_mixin.py:115} INFO - [2025-05-09 14:52:51,065] {dagbag.py:507} INFO - Filling up the DagBag from /home/pedro/Documentos/airflow/venv/lib/python3.9/site-packages/airflow/example_dags/example_branch_python_dop_operator_3.py
[2025-05-09 14:52:51,072] {processor.py:651} INFO - DAG(s) dict_keys(['example_branch_dop_operator_v3']) retrieved from /home/pedro/Documentos/airflow/venv/lib/python3.9/site-packages/airflow/example_dags/example_branch_python_dop_operator_3.py
[2025-05-09 14:52:51,084] {logging_mixin.py:115} INFO - [2025-05-09 14:52:51,084] {dag.py:2379} INFO - Sync 1 DAGs
[2025-05-09 14:52:51,098] {logging_mixin.py:115} INFO - [2025-05-09 14:52:51,098] {dag.py:2927} INFO - Setting next_dagrun for example_branch_dop_operator_v3 to 2025-05-09T17:51:00+00:00, run_after=2025-05-09T17:52:00+00:00
[2025-05-09 14:52:51,107] {processor.py:161} INFO - Processing /home/pedro/Documentos/airflow/venv/lib/python3.9/site-packages/airflow/example_dags/example_branch_python_dop_operator_3.py took 0.057 seconds
[2025-05-09 14:53:25,567] {processor.py:153} INFO - Started process (PID=73066) to work on /home/pedro/Documentos/airflow/venv/lib/python3.9/site-packages/airflow/example_dags/example_branch_python_dop_operator_3.py
[2025-05-09 14:53:25,579] {processor.py:641} INFO - Processing file /home/pedro/Documentos/airflow/venv/lib/python3.9/site-packages/airflow/example_dags/example_branch_python_dop_operator_3.py for tasks to queue
[2025-05-09 14:53:25,579] {logging_mixin.py:115} INFO - [2025-05-09 14:53:25,579] {dagbag.py:507} INFO - Filling up the DagBag from /home/pedro/Documentos/airflow/venv/lib/python3.9/site-packages/airflow/example_dags/example_branch_python_dop_operator_3.py
[2025-05-09 14:53:25,585] {processor.py:651} INFO - DAG(s) dict_keys(['example_branch_dop_operator_v3']) retrieved from /home/pedro/Documentos/airflow/venv/lib/python3.9/site-packages/airflow/example_dags/example_branch_python_dop_operator_3.py
[2025-05-09 14:53:25,598] {logging_mixin.py:115} INFO - [2025-05-09 14:53:25,598] {dag.py:2379} INFO - Sync 1 DAGs
[2025-05-09 14:53:25,612] {logging_mixin.py:115} INFO - [2025-05-09 14:53:25,612] {dag.py:2927} INFO - Setting next_dagrun for example_branch_dop_operator_v3 to 2025-05-09T17:52:00+00:00, run_after=2025-05-09T17:53:00+00:00
[2025-05-09 14:53:25,622] {processor.py:161} INFO - Processing /home/pedro/Documentos/airflow/venv/lib/python3.9/site-packages/airflow/example_dags/example_branch_python_dop_operator_3.py took 0.057 seconds
[2025-05-09 14:53:58,588] {processor.py:153} INFO - Started process (PID=74082) to work on /home/pedro/Documentos/airflow/venv/lib/python3.9/site-packages/airflow/example_dags/example_branch_python_dop_operator_3.py
[2025-05-09 14:53:58,589] {processor.py:641} INFO - Processing file /home/pedro/Documentos/airflow/venv/lib/python3.9/site-packages/airflow/example_dags/example_branch_python_dop_operator_3.py for tasks to queue
[2025-05-09 14:53:58,589] {logging_mixin.py:115} INFO - [2025-05-09 14:53:58,589] {dagbag.py:507} INFO - Filling up the DagBag from /home/pedro/Documentos/airflow/venv/lib/python3.9/site-packages/airflow/example_dags/example_branch_python_dop_operator_3.py
[2025-05-09 14:53:58,596] {processor.py:651} INFO - DAG(s) dict_keys(['example_branch_dop_operator_v3']) retrieved from /home/pedro/Documentos/airflow/venv/lib/python3.9/site-packages/airflow/example_dags/example_branch_python_dop_operator_3.py
[2025-05-09 14:53:58,609] {logging_mixin.py:115} INFO - [2025-05-09 14:53:58,609] {dag.py:2379} INFO - Sync 1 DAGs
[2025-05-09 14:53:58,624] {logging_mixin.py:115} INFO - [2025-05-09 14:53:58,624] {dag.py:2927} INFO - Setting next_dagrun for example_branch_dop_operator_v3 to 2025-05-09T17:52:00+00:00, run_after=2025-05-09T17:53:00+00:00
[2025-05-09 14:53:58,635] {processor.py:161} INFO - Processing /home/pedro/Documentos/airflow/venv/lib/python3.9/site-packages/airflow/example_dags/example_branch_python_dop_operator_3.py took 0.049 seconds
[2025-05-09 14:54:31,382] {processor.py:153} INFO - Started process (PID=74380) to work on /home/pedro/Documentos/airflow/venv/lib/python3.9/site-packages/airflow/example_dags/example_branch_python_dop_operator_3.py
[2025-05-09 14:54:31,395] {processor.py:641} INFO - Processing file /home/pedro/Documentos/airflow/venv/lib/python3.9/site-packages/airflow/example_dags/example_branch_python_dop_operator_3.py for tasks to queue
[2025-05-09 14:54:31,395] {logging_mixin.py:115} INFO - [2025-05-09 14:54:31,395] {dagbag.py:507} INFO - Filling up the DagBag from /home/pedro/Documentos/airflow/venv/lib/python3.9/site-packages/airflow/example_dags/example_branch_python_dop_operator_3.py
[2025-05-09 14:54:31,402] {processor.py:651} INFO - DAG(s) dict_keys(['example_branch_dop_operator_v3']) retrieved from /home/pedro/Documentos/airflow/venv/lib/python3.9/site-packages/airflow/example_dags/example_branch_python_dop_operator_3.py
[2025-05-09 14:54:31,415] {logging_mixin.py:115} INFO - [2025-05-09 14:54:31,415] {dag.py:2379} INFO - Sync 1 DAGs
[2025-05-09 14:54:31,430] {logging_mixin.py:115} INFO - [2025-05-09 14:54:31,430] {dag.py:2927} INFO - Setting next_dagrun for example_branch_dop_operator_v3 to 2025-05-09T17:53:00+00:00, run_after=2025-05-09T17:54:00+00:00
[2025-05-09 14:54:31,441] {processor.py:161} INFO - Processing /home/pedro/Documentos/airflow/venv/lib/python3.9/site-packages/airflow/example_dags/example_branch_python_dop_operator_3.py took 0.061 seconds
[2025-05-09 14:55:05,102] {processor.py:153} INFO - Started process (PID=74571) to work on /home/pedro/Documentos/airflow/venv/lib/python3.9/site-packages/airflow/example_dags/example_branch_python_dop_operator_3.py
[2025-05-09 14:55:05,114] {processor.py:641} INFO - Processing file /home/pedro/Documentos/airflow/venv/lib/python3.9/site-packages/airflow/example_dags/example_branch_python_dop_operator_3.py for tasks to queue
[2025-05-09 14:55:05,115] {logging_mixin.py:115} INFO - [2025-05-09 14:55:05,115] {dagbag.py:507} INFO - Filling up the DagBag from /home/pedro/Documentos/airflow/venv/lib/python3.9/site-packages/airflow/example_dags/example_branch_python_dop_operator_3.py
[2025-05-09 14:55:05,121] {processor.py:651} INFO - DAG(s) dict_keys(['example_branch_dop_operator_v3']) retrieved from /home/pedro/Documentos/airflow/venv/lib/python3.9/site-packages/airflow/example_dags/example_branch_python_dop_operator_3.py
[2025-05-09 14:55:05,134] {logging_mixin.py:115} INFO - [2025-05-09 14:55:05,134] {dag.py:2379} INFO - Sync 1 DAGs
[2025-05-09 14:55:05,148] {logging_mixin.py:115} INFO - [2025-05-09 14:55:05,148] {dag.py:2927} INFO - Setting next_dagrun for example_branch_dop_operator_v3 to 2025-05-09T17:54:00+00:00, run_after=2025-05-09T17:55:00+00:00
[2025-05-09 14:55:05,158] {processor.py:161} INFO - Processing /home/pedro/Documentos/airflow/venv/lib/python3.9/site-packages/airflow/example_dags/example_branch_python_dop_operator_3.py took 0.058 seconds
