[2025-05-09 14:33:46,889] {processor.py:153} INFO - Started process (PID=61386) to work on /home/pedro/Documentos/airflow/venv/lib/python3.9/site-packages/airflow/example_dags/example_time_delta_sensor_async.py
[2025-05-09 14:33:46,889] {processor.py:641} INFO - Processing file /home/pedro/Documentos/airflow/venv/lib/python3.9/site-packages/airflow/example_dags/example_time_delta_sensor_async.py for tasks to queue
[2025-05-09 14:33:46,889] {logging_mixin.py:115} INFO - [2025-05-09 14:33:46,889] {dagbag.py:507} INFO - Filling up the DagBag from /home/pedro/Documentos/airflow/venv/lib/python3.9/site-packages/airflow/example_dags/example_time_delta_sensor_async.py
[2025-05-09 14:33:46,893] {processor.py:651} INFO - DAG(s) dict_keys(['example_time_delta_sensor_async']) retrieved from /home/pedro/Documentos/airflow/venv/lib/python3.9/site-packages/airflow/example_dags/example_time_delta_sensor_async.py
[2025-05-09 14:33:46,946] {logging_mixin.py:115} INFO - [2025-05-09 14:33:46,946] {manager.py:508} INFO - Created Permission View: can delete on DAG:example_time_delta_sensor_async
[2025-05-09 14:33:46,955] {logging_mixin.py:115} INFO - [2025-05-09 14:33:46,955] {manager.py:508} INFO - Created Permission View: can read on DAG:example_time_delta_sensor_async
[2025-05-09 14:33:46,961] {logging_mixin.py:115} INFO - [2025-05-09 14:33:46,961] {manager.py:508} INFO - Created Permission View: can edit on DAG:example_time_delta_sensor_async
[2025-05-09 14:33:46,962] {logging_mixin.py:115} INFO - [2025-05-09 14:33:46,962] {dag.py:2379} INFO - Sync 1 DAGs
[2025-05-09 14:33:46,967] {logging_mixin.py:115} INFO - [2025-05-09 14:33:46,967] {dag.py:2398} INFO - Creating ORM DAG for example_time_delta_sensor_async
[2025-05-09 14:33:46,973] {logging_mixin.py:115} INFO - [2025-05-09 14:33:46,973] {dag.py:2927} INFO - Setting next_dagrun for example_time_delta_sensor_async to None, run_after=None
[2025-05-09 14:33:46,986] {processor.py:161} INFO - Processing /home/pedro/Documentos/airflow/venv/lib/python3.9/site-packages/airflow/example_dags/example_time_delta_sensor_async.py took 0.099 seconds
[2025-05-09 14:34:21,767] {processor.py:153} INFO - Started process (PID=62064) to work on /home/pedro/Documentos/airflow/venv/lib/python3.9/site-packages/airflow/example_dags/example_time_delta_sensor_async.py
[2025-05-09 14:34:21,779] {processor.py:641} INFO - Processing file /home/pedro/Documentos/airflow/venv/lib/python3.9/site-packages/airflow/example_dags/example_time_delta_sensor_async.py for tasks to queue
[2025-05-09 14:34:21,780] {logging_mixin.py:115} INFO - [2025-05-09 14:34:21,780] {dagbag.py:507} INFO - Filling up the DagBag from /home/pedro/Documentos/airflow/venv/lib/python3.9/site-packages/airflow/example_dags/example_time_delta_sensor_async.py
[2025-05-09 14:34:21,783] {processor.py:651} INFO - DAG(s) dict_keys(['example_time_delta_sensor_async']) retrieved from /home/pedro/Documentos/airflow/venv/lib/python3.9/site-packages/airflow/example_dags/example_time_delta_sensor_async.py
[2025-05-09 14:34:21,797] {logging_mixin.py:115} INFO - [2025-05-09 14:34:21,797] {dag.py:2379} INFO - Sync 1 DAGs
[2025-05-09 14:34:21,810] {logging_mixin.py:115} INFO - [2025-05-09 14:34:21,810] {dag.py:2927} INFO - Setting next_dagrun for example_time_delta_sensor_async to None, run_after=None
[2025-05-09 14:34:21,819] {processor.py:161} INFO - Processing /home/pedro/Documentos/airflow/venv/lib/python3.9/site-packages/airflow/example_dags/example_time_delta_sensor_async.py took 0.054 seconds
[2025-05-09 14:34:56,519] {processor.py:153} INFO - Started process (PID=62496) to work on /home/pedro/Documentos/airflow/venv/lib/python3.9/site-packages/airflow/example_dags/example_time_delta_sensor_async.py
[2025-05-09 14:34:56,532] {processor.py:641} INFO - Processing file /home/pedro/Documentos/airflow/venv/lib/python3.9/site-packages/airflow/example_dags/example_time_delta_sensor_async.py for tasks to queue
[2025-05-09 14:34:56,532] {logging_mixin.py:115} INFO - [2025-05-09 14:34:56,532] {dagbag.py:507} INFO - Filling up the DagBag from /home/pedro/Documentos/airflow/venv/lib/python3.9/site-packages/airflow/example_dags/example_time_delta_sensor_async.py
[2025-05-09 14:34:56,536] {processor.py:651} INFO - DAG(s) dict_keys(['example_time_delta_sensor_async']) retrieved from /home/pedro/Documentos/airflow/venv/lib/python3.9/site-packages/airflow/example_dags/example_time_delta_sensor_async.py
[2025-05-09 14:34:56,551] {logging_mixin.py:115} INFO - [2025-05-09 14:34:56,551] {dag.py:2379} INFO - Sync 1 DAGs
[2025-05-09 14:34:56,565] {logging_mixin.py:115} INFO - [2025-05-09 14:34:56,565] {dag.py:2927} INFO - Setting next_dagrun for example_time_delta_sensor_async to None, run_after=None
[2025-05-09 14:34:56,579] {processor.py:161} INFO - Processing /home/pedro/Documentos/airflow/venv/lib/python3.9/site-packages/airflow/example_dags/example_time_delta_sensor_async.py took 0.062 seconds
[2025-05-09 14:35:29,139] {processor.py:153} INFO - Started process (PID=62836) to work on /home/pedro/Documentos/airflow/venv/lib/python3.9/site-packages/airflow/example_dags/example_time_delta_sensor_async.py
[2025-05-09 14:35:29,151] {processor.py:641} INFO - Processing file /home/pedro/Documentos/airflow/venv/lib/python3.9/site-packages/airflow/example_dags/example_time_delta_sensor_async.py for tasks to queue
[2025-05-09 14:35:29,152] {logging_mixin.py:115} INFO - [2025-05-09 14:35:29,151] {dagbag.py:507} INFO - Filling up the DagBag from /home/pedro/Documentos/airflow/venv/lib/python3.9/site-packages/airflow/example_dags/example_time_delta_sensor_async.py
[2025-05-09 14:35:29,156] {processor.py:651} INFO - DAG(s) dict_keys(['example_time_delta_sensor_async']) retrieved from /home/pedro/Documentos/airflow/venv/lib/python3.9/site-packages/airflow/example_dags/example_time_delta_sensor_async.py
[2025-05-09 14:35:29,171] {logging_mixin.py:115} INFO - [2025-05-09 14:35:29,171] {dag.py:2379} INFO - Sync 1 DAGs
[2025-05-09 14:35:29,184] {logging_mixin.py:115} INFO - [2025-05-09 14:35:29,184] {dag.py:2927} INFO - Setting next_dagrun for example_time_delta_sensor_async to None, run_after=None
[2025-05-09 14:35:29,195] {processor.py:161} INFO - Processing /home/pedro/Documentos/airflow/venv/lib/python3.9/site-packages/airflow/example_dags/example_time_delta_sensor_async.py took 0.059 seconds
[2025-05-09 14:36:01,663] {processor.py:153} INFO - Started process (PID=63223) to work on /home/pedro/Documentos/airflow/venv/lib/python3.9/site-packages/airflow/example_dags/example_time_delta_sensor_async.py
[2025-05-09 14:36:01,675] {processor.py:641} INFO - Processing file /home/pedro/Documentos/airflow/venv/lib/python3.9/site-packages/airflow/example_dags/example_time_delta_sensor_async.py for tasks to queue
[2025-05-09 14:36:01,676] {logging_mixin.py:115} INFO - [2025-05-09 14:36:01,675] {dagbag.py:507} INFO - Filling up the DagBag from /home/pedro/Documentos/airflow/venv/lib/python3.9/site-packages/airflow/example_dags/example_time_delta_sensor_async.py
[2025-05-09 14:36:01,679] {processor.py:651} INFO - DAG(s) dict_keys(['example_time_delta_sensor_async']) retrieved from /home/pedro/Documentos/airflow/venv/lib/python3.9/site-packages/airflow/example_dags/example_time_delta_sensor_async.py
[2025-05-09 14:36:01,695] {logging_mixin.py:115} INFO - [2025-05-09 14:36:01,695] {dag.py:2379} INFO - Sync 1 DAGs
[2025-05-09 14:36:01,710] {logging_mixin.py:115} INFO - [2025-05-09 14:36:01,710] {dag.py:2927} INFO - Setting next_dagrun for example_time_delta_sensor_async to None, run_after=None
[2025-05-09 14:36:01,720] {processor.py:161} INFO - Processing /home/pedro/Documentos/airflow/venv/lib/python3.9/site-packages/airflow/example_dags/example_time_delta_sensor_async.py took 0.059 seconds
[2025-05-09 14:36:33,057] {processor.py:153} INFO - Started process (PID=63423) to work on /home/pedro/Documentos/airflow/venv/lib/python3.9/site-packages/airflow/example_dags/example_time_delta_sensor_async.py
[2025-05-09 14:36:33,069] {processor.py:641} INFO - Processing file /home/pedro/Documentos/airflow/venv/lib/python3.9/site-packages/airflow/example_dags/example_time_delta_sensor_async.py for tasks to queue
[2025-05-09 14:36:33,070] {logging_mixin.py:115} INFO - [2025-05-09 14:36:33,070] {dagbag.py:507} INFO - Filling up the DagBag from /home/pedro/Documentos/airflow/venv/lib/python3.9/site-packages/airflow/example_dags/example_time_delta_sensor_async.py
[2025-05-09 14:36:33,074] {processor.py:651} INFO - DAG(s) dict_keys(['example_time_delta_sensor_async']) retrieved from /home/pedro/Documentos/airflow/venv/lib/python3.9/site-packages/airflow/example_dags/example_time_delta_sensor_async.py
[2025-05-09 14:36:33,088] {logging_mixin.py:115} INFO - [2025-05-09 14:36:33,088] {dag.py:2379} INFO - Sync 1 DAGs
[2025-05-09 14:36:33,101] {logging_mixin.py:115} INFO - [2025-05-09 14:36:33,101] {dag.py:2927} INFO - Setting next_dagrun for example_time_delta_sensor_async to None, run_after=None
[2025-05-09 14:36:33,111] {processor.py:161} INFO - Processing /home/pedro/Documentos/airflow/venv/lib/python3.9/site-packages/airflow/example_dags/example_time_delta_sensor_async.py took 0.057 seconds
[2025-05-09 14:37:07,084] {processor.py:153} INFO - Started process (PID=63824) to work on /home/pedro/Documentos/airflow/venv/lib/python3.9/site-packages/airflow/example_dags/example_time_delta_sensor_async.py
[2025-05-09 14:37:07,096] {processor.py:641} INFO - Processing file /home/pedro/Documentos/airflow/venv/lib/python3.9/site-packages/airflow/example_dags/example_time_delta_sensor_async.py for tasks to queue
[2025-05-09 14:37:07,096] {logging_mixin.py:115} INFO - [2025-05-09 14:37:07,096] {dagbag.py:507} INFO - Filling up the DagBag from /home/pedro/Documentos/airflow/venv/lib/python3.9/site-packages/airflow/example_dags/example_time_delta_sensor_async.py
[2025-05-09 14:37:07,100] {processor.py:651} INFO - DAG(s) dict_keys(['example_time_delta_sensor_async']) retrieved from /home/pedro/Documentos/airflow/venv/lib/python3.9/site-packages/airflow/example_dags/example_time_delta_sensor_async.py
[2025-05-09 14:37:07,115] {logging_mixin.py:115} INFO - [2025-05-09 14:37:07,115] {dag.py:2379} INFO - Sync 1 DAGs
[2025-05-09 14:37:07,128] {logging_mixin.py:115} INFO - [2025-05-09 14:37:07,128] {dag.py:2927} INFO - Setting next_dagrun for example_time_delta_sensor_async to None, run_after=None
[2025-05-09 14:37:07,138] {processor.py:161} INFO - Processing /home/pedro/Documentos/airflow/venv/lib/python3.9/site-packages/airflow/example_dags/example_time_delta_sensor_async.py took 0.057 seconds
[2025-05-09 14:37:41,445] {processor.py:153} INFO - Started process (PID=64240) to work on /home/pedro/Documentos/airflow/venv/lib/python3.9/site-packages/airflow/example_dags/example_time_delta_sensor_async.py
[2025-05-09 14:37:41,457] {processor.py:641} INFO - Processing file /home/pedro/Documentos/airflow/venv/lib/python3.9/site-packages/airflow/example_dags/example_time_delta_sensor_async.py for tasks to queue
[2025-05-09 14:37:41,457] {logging_mixin.py:115} INFO - [2025-05-09 14:37:41,457] {dagbag.py:507} INFO - Filling up the DagBag from /home/pedro/Documentos/airflow/venv/lib/python3.9/site-packages/airflow/example_dags/example_time_delta_sensor_async.py
[2025-05-09 14:37:41,461] {processor.py:651} INFO - DAG(s) dict_keys(['example_time_delta_sensor_async']) retrieved from /home/pedro/Documentos/airflow/venv/lib/python3.9/site-packages/airflow/example_dags/example_time_delta_sensor_async.py
[2025-05-09 14:37:41,475] {logging_mixin.py:115} INFO - [2025-05-09 14:37:41,475] {dag.py:2379} INFO - Sync 1 DAGs
[2025-05-09 14:37:41,488] {logging_mixin.py:115} INFO - [2025-05-09 14:37:41,488] {dag.py:2927} INFO - Setting next_dagrun for example_time_delta_sensor_async to None, run_after=None
[2025-05-09 14:37:41,499] {processor.py:161} INFO - Processing /home/pedro/Documentos/airflow/venv/lib/python3.9/site-packages/airflow/example_dags/example_time_delta_sensor_async.py took 0.057 seconds
[2025-05-09 14:38:11,693] {processor.py:153} INFO - Started process (PID=64671) to work on /home/pedro/Documentos/airflow/venv/lib/python3.9/site-packages/airflow/example_dags/example_time_delta_sensor_async.py
[2025-05-09 14:38:11,697] {processor.py:641} INFO - Processing file /home/pedro/Documentos/airflow/venv/lib/python3.9/site-packages/airflow/example_dags/example_time_delta_sensor_async.py for tasks to queue
[2025-05-09 14:38:11,698] {logging_mixin.py:115} INFO - [2025-05-09 14:38:11,698] {dagbag.py:507} INFO - Filling up the DagBag from /home/pedro/Documentos/airflow/venv/lib/python3.9/site-packages/airflow/example_dags/example_time_delta_sensor_async.py
[2025-05-09 14:38:11,701] {processor.py:651} INFO - DAG(s) dict_keys(['example_time_delta_sensor_async']) retrieved from /home/pedro/Documentos/airflow/venv/lib/python3.9/site-packages/airflow/example_dags/example_time_delta_sensor_async.py
[2025-05-09 14:38:11,715] {logging_mixin.py:115} INFO - [2025-05-09 14:38:11,715] {dag.py:2379} INFO - Sync 1 DAGs
[2025-05-09 14:38:11,728] {logging_mixin.py:115} INFO - [2025-05-09 14:38:11,728] {dag.py:2927} INFO - Setting next_dagrun for example_time_delta_sensor_async to None, run_after=None
[2025-05-09 14:38:11,738] {processor.py:161} INFO - Processing /home/pedro/Documentos/airflow/venv/lib/python3.9/site-packages/airflow/example_dags/example_time_delta_sensor_async.py took 0.047 seconds
[2025-05-09 14:38:43,214] {processor.py:153} INFO - Started process (PID=65004) to work on /home/pedro/Documentos/airflow/venv/lib/python3.9/site-packages/airflow/example_dags/example_time_delta_sensor_async.py
[2025-05-09 14:38:43,226] {processor.py:641} INFO - Processing file /home/pedro/Documentos/airflow/venv/lib/python3.9/site-packages/airflow/example_dags/example_time_delta_sensor_async.py for tasks to queue
[2025-05-09 14:38:43,227] {logging_mixin.py:115} INFO - [2025-05-09 14:38:43,227] {dagbag.py:507} INFO - Filling up the DagBag from /home/pedro/Documentos/airflow/venv/lib/python3.9/site-packages/airflow/example_dags/example_time_delta_sensor_async.py
[2025-05-09 14:38:43,230] {processor.py:651} INFO - DAG(s) dict_keys(['example_time_delta_sensor_async']) retrieved from /home/pedro/Documentos/airflow/venv/lib/python3.9/site-packages/airflow/example_dags/example_time_delta_sensor_async.py
[2025-05-09 14:38:43,246] {logging_mixin.py:115} INFO - [2025-05-09 14:38:43,246] {dag.py:2379} INFO - Sync 1 DAGs
[2025-05-09 14:38:43,259] {logging_mixin.py:115} INFO - [2025-05-09 14:38:43,259] {dag.py:2927} INFO - Setting next_dagrun for example_time_delta_sensor_async to None, run_after=None
[2025-05-09 14:38:43,314] {processor.py:161} INFO - Processing /home/pedro/Documentos/airflow/venv/lib/python3.9/site-packages/airflow/example_dags/example_time_delta_sensor_async.py took 0.102 seconds
[2025-05-09 14:39:16,148] {processor.py:153} INFO - Started process (PID=65374) to work on /home/pedro/Documentos/airflow/venv/lib/python3.9/site-packages/airflow/example_dags/example_time_delta_sensor_async.py
[2025-05-09 14:39:16,160] {processor.py:641} INFO - Processing file /home/pedro/Documentos/airflow/venv/lib/python3.9/site-packages/airflow/example_dags/example_time_delta_sensor_async.py for tasks to queue
[2025-05-09 14:39:16,161] {logging_mixin.py:115} INFO - [2025-05-09 14:39:16,160] {dagbag.py:507} INFO - Filling up the DagBag from /home/pedro/Documentos/airflow/venv/lib/python3.9/site-packages/airflow/example_dags/example_time_delta_sensor_async.py
[2025-05-09 14:39:16,164] {processor.py:651} INFO - DAG(s) dict_keys(['example_time_delta_sensor_async']) retrieved from /home/pedro/Documentos/airflow/venv/lib/python3.9/site-packages/airflow/example_dags/example_time_delta_sensor_async.py
[2025-05-09 14:39:16,178] {logging_mixin.py:115} INFO - [2025-05-09 14:39:16,178] {dag.py:2379} INFO - Sync 1 DAGs
[2025-05-09 14:39:16,191] {logging_mixin.py:115} INFO - [2025-05-09 14:39:16,191] {dag.py:2927} INFO - Setting next_dagrun for example_time_delta_sensor_async to None, run_after=None
[2025-05-09 14:39:16,200] {processor.py:161} INFO - Processing /home/pedro/Documentos/airflow/venv/lib/python3.9/site-packages/airflow/example_dags/example_time_delta_sensor_async.py took 0.054 seconds
[2025-05-09 14:39:47,548] {processor.py:153} INFO - Started process (PID=65610) to work on /home/pedro/Documentos/airflow/venv/lib/python3.9/site-packages/airflow/example_dags/example_time_delta_sensor_async.py
[2025-05-09 14:39:47,560] {processor.py:641} INFO - Processing file /home/pedro/Documentos/airflow/venv/lib/python3.9/site-packages/airflow/example_dags/example_time_delta_sensor_async.py for tasks to queue
[2025-05-09 14:39:47,561] {logging_mixin.py:115} INFO - [2025-05-09 14:39:47,561] {dagbag.py:507} INFO - Filling up the DagBag from /home/pedro/Documentos/airflow/venv/lib/python3.9/site-packages/airflow/example_dags/example_time_delta_sensor_async.py
[2025-05-09 14:39:47,565] {processor.py:651} INFO - DAG(s) dict_keys(['example_time_delta_sensor_async']) retrieved from /home/pedro/Documentos/airflow/venv/lib/python3.9/site-packages/airflow/example_dags/example_time_delta_sensor_async.py
[2025-05-09 14:39:47,579] {logging_mixin.py:115} INFO - [2025-05-09 14:39:47,579] {dag.py:2379} INFO - Sync 1 DAGs
[2025-05-09 14:39:47,592] {logging_mixin.py:115} INFO - [2025-05-09 14:39:47,592] {dag.py:2927} INFO - Setting next_dagrun for example_time_delta_sensor_async to None, run_after=None
[2025-05-09 14:39:47,602] {processor.py:161} INFO - Processing /home/pedro/Documentos/airflow/venv/lib/python3.9/site-packages/airflow/example_dags/example_time_delta_sensor_async.py took 0.056 seconds
[2025-05-09 14:40:20,331] {processor.py:153} INFO - Started process (PID=65847) to work on /home/pedro/Documentos/airflow/venv/lib/python3.9/site-packages/airflow/example_dags/example_time_delta_sensor_async.py
[2025-05-09 14:40:20,332] {processor.py:641} INFO - Processing file /home/pedro/Documentos/airflow/venv/lib/python3.9/site-packages/airflow/example_dags/example_time_delta_sensor_async.py for tasks to queue
[2025-05-09 14:40:20,332] {logging_mixin.py:115} INFO - [2025-05-09 14:40:20,332] {dagbag.py:507} INFO - Filling up the DagBag from /home/pedro/Documentos/airflow/venv/lib/python3.9/site-packages/airflow/example_dags/example_time_delta_sensor_async.py
[2025-05-09 14:40:20,336] {processor.py:651} INFO - DAG(s) dict_keys(['example_time_delta_sensor_async']) retrieved from /home/pedro/Documentos/airflow/venv/lib/python3.9/site-packages/airflow/example_dags/example_time_delta_sensor_async.py
[2025-05-09 14:40:20,350] {logging_mixin.py:115} INFO - [2025-05-09 14:40:20,350] {dag.py:2379} INFO - Sync 1 DAGs
[2025-05-09 14:40:20,363] {logging_mixin.py:115} INFO - [2025-05-09 14:40:20,363] {dag.py:2927} INFO - Setting next_dagrun for example_time_delta_sensor_async to None, run_after=None
[2025-05-09 14:40:20,373] {processor.py:161} INFO - Processing /home/pedro/Documentos/airflow/venv/lib/python3.9/site-packages/airflow/example_dags/example_time_delta_sensor_async.py took 0.044 seconds
[2025-05-09 14:40:54,145] {processor.py:153} INFO - Started process (PID=66376) to work on /home/pedro/Documentos/airflow/venv/lib/python3.9/site-packages/airflow/example_dags/example_time_delta_sensor_async.py
[2025-05-09 14:40:54,163] {processor.py:641} INFO - Processing file /home/pedro/Documentos/airflow/venv/lib/python3.9/site-packages/airflow/example_dags/example_time_delta_sensor_async.py for tasks to queue
[2025-05-09 14:40:54,164] {logging_mixin.py:115} INFO - [2025-05-09 14:40:54,164] {dagbag.py:507} INFO - Filling up the DagBag from /home/pedro/Documentos/airflow/venv/lib/python3.9/site-packages/airflow/example_dags/example_time_delta_sensor_async.py
[2025-05-09 14:40:54,168] {processor.py:651} INFO - DAG(s) dict_keys(['example_time_delta_sensor_async']) retrieved from /home/pedro/Documentos/airflow/venv/lib/python3.9/site-packages/airflow/example_dags/example_time_delta_sensor_async.py
[2025-05-09 14:40:54,182] {logging_mixin.py:115} INFO - [2025-05-09 14:40:54,182] {dag.py:2379} INFO - Sync 1 DAGs
[2025-05-09 14:40:54,195] {logging_mixin.py:115} INFO - [2025-05-09 14:40:54,195] {dag.py:2927} INFO - Setting next_dagrun for example_time_delta_sensor_async to None, run_after=None
[2025-05-09 14:40:54,214] {processor.py:161} INFO - Processing /home/pedro/Documentos/airflow/venv/lib/python3.9/site-packages/airflow/example_dags/example_time_delta_sensor_async.py took 0.070 seconds
[2025-05-09 14:41:26,173] {processor.py:153} INFO - Started process (PID=66760) to work on /home/pedro/Documentos/airflow/venv/lib/python3.9/site-packages/airflow/example_dags/example_time_delta_sensor_async.py
[2025-05-09 14:41:26,185] {processor.py:641} INFO - Processing file /home/pedro/Documentos/airflow/venv/lib/python3.9/site-packages/airflow/example_dags/example_time_delta_sensor_async.py for tasks to queue
[2025-05-09 14:41:26,185] {logging_mixin.py:115} INFO - [2025-05-09 14:41:26,185] {dagbag.py:507} INFO - Filling up the DagBag from /home/pedro/Documentos/airflow/venv/lib/python3.9/site-packages/airflow/example_dags/example_time_delta_sensor_async.py
[2025-05-09 14:41:26,189] {processor.py:651} INFO - DAG(s) dict_keys(['example_time_delta_sensor_async']) retrieved from /home/pedro/Documentos/airflow/venv/lib/python3.9/site-packages/airflow/example_dags/example_time_delta_sensor_async.py
[2025-05-09 14:41:26,203] {logging_mixin.py:115} INFO - [2025-05-09 14:41:26,203] {dag.py:2379} INFO - Sync 1 DAGs
[2025-05-09 14:41:26,216] {logging_mixin.py:115} INFO - [2025-05-09 14:41:26,216] {dag.py:2927} INFO - Setting next_dagrun for example_time_delta_sensor_async to None, run_after=None
[2025-05-09 14:41:26,229] {processor.py:161} INFO - Processing /home/pedro/Documentos/airflow/venv/lib/python3.9/site-packages/airflow/example_dags/example_time_delta_sensor_async.py took 0.058 seconds
[2025-05-09 14:41:57,051] {processor.py:153} INFO - Started process (PID=66972) to work on /home/pedro/Documentos/airflow/venv/lib/python3.9/site-packages/airflow/example_dags/example_time_delta_sensor_async.py
[2025-05-09 14:41:57,063] {processor.py:641} INFO - Processing file /home/pedro/Documentos/airflow/venv/lib/python3.9/site-packages/airflow/example_dags/example_time_delta_sensor_async.py for tasks to queue
[2025-05-09 14:41:57,064] {logging_mixin.py:115} INFO - [2025-05-09 14:41:57,064] {dagbag.py:507} INFO - Filling up the DagBag from /home/pedro/Documentos/airflow/venv/lib/python3.9/site-packages/airflow/example_dags/example_time_delta_sensor_async.py
[2025-05-09 14:41:57,068] {processor.py:651} INFO - DAG(s) dict_keys(['example_time_delta_sensor_async']) retrieved from /home/pedro/Documentos/airflow/venv/lib/python3.9/site-packages/airflow/example_dags/example_time_delta_sensor_async.py
[2025-05-09 14:41:57,082] {logging_mixin.py:115} INFO - [2025-05-09 14:41:57,082] {dag.py:2379} INFO - Sync 1 DAGs
[2025-05-09 14:41:57,096] {logging_mixin.py:115} INFO - [2025-05-09 14:41:57,096] {dag.py:2927} INFO - Setting next_dagrun for example_time_delta_sensor_async to None, run_after=None
[2025-05-09 14:41:57,105] {processor.py:161} INFO - Processing /home/pedro/Documentos/airflow/venv/lib/python3.9/site-packages/airflow/example_dags/example_time_delta_sensor_async.py took 0.057 seconds
[2025-05-09 14:42:29,637] {processor.py:153} INFO - Started process (PID=67168) to work on /home/pedro/Documentos/airflow/venv/lib/python3.9/site-packages/airflow/example_dags/example_time_delta_sensor_async.py
[2025-05-09 14:42:29,650] {processor.py:641} INFO - Processing file /home/pedro/Documentos/airflow/venv/lib/python3.9/site-packages/airflow/example_dags/example_time_delta_sensor_async.py for tasks to queue
[2025-05-09 14:42:29,650] {logging_mixin.py:115} INFO - [2025-05-09 14:42:29,650] {dagbag.py:507} INFO - Filling up the DagBag from /home/pedro/Documentos/airflow/venv/lib/python3.9/site-packages/airflow/example_dags/example_time_delta_sensor_async.py
[2025-05-09 14:42:29,654] {processor.py:651} INFO - DAG(s) dict_keys(['example_time_delta_sensor_async']) retrieved from /home/pedro/Documentos/airflow/venv/lib/python3.9/site-packages/airflow/example_dags/example_time_delta_sensor_async.py
[2025-05-09 14:42:29,669] {logging_mixin.py:115} INFO - [2025-05-09 14:42:29,669] {dag.py:2379} INFO - Sync 1 DAGs
[2025-05-09 14:42:29,682] {logging_mixin.py:115} INFO - [2025-05-09 14:42:29,682] {dag.py:2927} INFO - Setting next_dagrun for example_time_delta_sensor_async to None, run_after=None
[2025-05-09 14:42:29,691] {processor.py:161} INFO - Processing /home/pedro/Documentos/airflow/venv/lib/python3.9/site-packages/airflow/example_dags/example_time_delta_sensor_async.py took 0.056 seconds
[2025-05-09 14:43:00,040] {processor.py:153} INFO - Started process (PID=67348) to work on /home/pedro/Documentos/airflow/venv/lib/python3.9/site-packages/airflow/example_dags/example_time_delta_sensor_async.py
[2025-05-09 14:43:00,041] {processor.py:641} INFO - Processing file /home/pedro/Documentos/airflow/venv/lib/python3.9/site-packages/airflow/example_dags/example_time_delta_sensor_async.py for tasks to queue
[2025-05-09 14:43:00,041] {logging_mixin.py:115} INFO - [2025-05-09 14:43:00,041] {dagbag.py:507} INFO - Filling up the DagBag from /home/pedro/Documentos/airflow/venv/lib/python3.9/site-packages/airflow/example_dags/example_time_delta_sensor_async.py
[2025-05-09 14:43:00,045] {processor.py:651} INFO - DAG(s) dict_keys(['example_time_delta_sensor_async']) retrieved from /home/pedro/Documentos/airflow/venv/lib/python3.9/site-packages/airflow/example_dags/example_time_delta_sensor_async.py
[2025-05-09 14:43:00,059] {logging_mixin.py:115} INFO - [2025-05-09 14:43:00,059] {dag.py:2379} INFO - Sync 1 DAGs
[2025-05-09 14:43:00,072] {logging_mixin.py:115} INFO - [2025-05-09 14:43:00,071] {dag.py:2927} INFO - Setting next_dagrun for example_time_delta_sensor_async to None, run_after=None
[2025-05-09 14:43:00,081] {processor.py:161} INFO - Processing /home/pedro/Documentos/airflow/venv/lib/python3.9/site-packages/airflow/example_dags/example_time_delta_sensor_async.py took 0.043 seconds
[2025-05-09 14:43:32,502] {processor.py:153} INFO - Started process (PID=67826) to work on /home/pedro/Documentos/airflow/venv/lib/python3.9/site-packages/airflow/example_dags/example_time_delta_sensor_async.py
[2025-05-09 14:43:32,514] {processor.py:641} INFO - Processing file /home/pedro/Documentos/airflow/venv/lib/python3.9/site-packages/airflow/example_dags/example_time_delta_sensor_async.py for tasks to queue
[2025-05-09 14:43:32,514] {logging_mixin.py:115} INFO - [2025-05-09 14:43:32,514] {dagbag.py:507} INFO - Filling up the DagBag from /home/pedro/Documentos/airflow/venv/lib/python3.9/site-packages/airflow/example_dags/example_time_delta_sensor_async.py
[2025-05-09 14:43:32,518] {processor.py:651} INFO - DAG(s) dict_keys(['example_time_delta_sensor_async']) retrieved from /home/pedro/Documentos/airflow/venv/lib/python3.9/site-packages/airflow/example_dags/example_time_delta_sensor_async.py
[2025-05-09 14:43:32,533] {logging_mixin.py:115} INFO - [2025-05-09 14:43:32,533] {dag.py:2379} INFO - Sync 1 DAGs
[2025-05-09 14:43:32,547] {logging_mixin.py:115} INFO - [2025-05-09 14:43:32,547] {dag.py:2927} INFO - Setting next_dagrun for example_time_delta_sensor_async to None, run_after=None
[2025-05-09 14:43:32,557] {processor.py:161} INFO - Processing /home/pedro/Documentos/airflow/venv/lib/python3.9/site-packages/airflow/example_dags/example_time_delta_sensor_async.py took 0.057 seconds
[2025-05-09 14:44:06,963] {processor.py:153} INFO - Started process (PID=68239) to work on /home/pedro/Documentos/airflow/venv/lib/python3.9/site-packages/airflow/example_dags/example_time_delta_sensor_async.py
[2025-05-09 14:44:06,975] {processor.py:641} INFO - Processing file /home/pedro/Documentos/airflow/venv/lib/python3.9/site-packages/airflow/example_dags/example_time_delta_sensor_async.py for tasks to queue
[2025-05-09 14:44:06,975] {logging_mixin.py:115} INFO - [2025-05-09 14:44:06,975] {dagbag.py:507} INFO - Filling up the DagBag from /home/pedro/Documentos/airflow/venv/lib/python3.9/site-packages/airflow/example_dags/example_time_delta_sensor_async.py
[2025-05-09 14:44:06,979] {processor.py:651} INFO - DAG(s) dict_keys(['example_time_delta_sensor_async']) retrieved from /home/pedro/Documentos/airflow/venv/lib/python3.9/site-packages/airflow/example_dags/example_time_delta_sensor_async.py
[2025-05-09 14:44:06,996] {logging_mixin.py:115} INFO - [2025-05-09 14:44:06,996] {dag.py:2379} INFO - Sync 1 DAGs
[2025-05-09 14:44:07,007] {logging_mixin.py:115} INFO - [2025-05-09 14:44:07,007] {dag.py:2927} INFO - Setting next_dagrun for example_time_delta_sensor_async to None, run_after=None
[2025-05-09 14:44:07,016] {processor.py:161} INFO - Processing /home/pedro/Documentos/airflow/venv/lib/python3.9/site-packages/airflow/example_dags/example_time_delta_sensor_async.py took 0.056 seconds
[2025-05-09 14:44:40,401] {processor.py:153} INFO - Started process (PID=68430) to work on /home/pedro/Documentos/airflow/venv/lib/python3.9/site-packages/airflow/example_dags/example_time_delta_sensor_async.py
[2025-05-09 14:44:40,413] {processor.py:641} INFO - Processing file /home/pedro/Documentos/airflow/venv/lib/python3.9/site-packages/airflow/example_dags/example_time_delta_sensor_async.py for tasks to queue
[2025-05-09 14:44:40,414] {logging_mixin.py:115} INFO - [2025-05-09 14:44:40,413] {dagbag.py:507} INFO - Filling up the DagBag from /home/pedro/Documentos/airflow/venv/lib/python3.9/site-packages/airflow/example_dags/example_time_delta_sensor_async.py
[2025-05-09 14:44:40,417] {processor.py:651} INFO - DAG(s) dict_keys(['example_time_delta_sensor_async']) retrieved from /home/pedro/Documentos/airflow/venv/lib/python3.9/site-packages/airflow/example_dags/example_time_delta_sensor_async.py
[2025-05-09 14:44:40,434] {logging_mixin.py:115} INFO - [2025-05-09 14:44:40,434] {dag.py:2379} INFO - Sync 1 DAGs
[2025-05-09 14:44:40,445] {logging_mixin.py:115} INFO - [2025-05-09 14:44:40,445] {dag.py:2927} INFO - Setting next_dagrun for example_time_delta_sensor_async to None, run_after=None
[2025-05-09 14:44:40,454] {processor.py:161} INFO - Processing /home/pedro/Documentos/airflow/venv/lib/python3.9/site-packages/airflow/example_dags/example_time_delta_sensor_async.py took 0.055 seconds
[2025-05-09 14:45:12,895] {processor.py:153} INFO - Started process (PID=68660) to work on /home/pedro/Documentos/airflow/venv/lib/python3.9/site-packages/airflow/example_dags/example_time_delta_sensor_async.py
[2025-05-09 14:45:12,908] {processor.py:641} INFO - Processing file /home/pedro/Documentos/airflow/venv/lib/python3.9/site-packages/airflow/example_dags/example_time_delta_sensor_async.py for tasks to queue
[2025-05-09 14:45:12,908] {logging_mixin.py:115} INFO - [2025-05-09 14:45:12,908] {dagbag.py:507} INFO - Filling up the DagBag from /home/pedro/Documentos/airflow/venv/lib/python3.9/site-packages/airflow/example_dags/example_time_delta_sensor_async.py
[2025-05-09 14:45:12,912] {processor.py:651} INFO - DAG(s) dict_keys(['example_time_delta_sensor_async']) retrieved from /home/pedro/Documentos/airflow/venv/lib/python3.9/site-packages/airflow/example_dags/example_time_delta_sensor_async.py
[2025-05-09 14:45:12,927] {logging_mixin.py:115} INFO - [2025-05-09 14:45:12,927] {dag.py:2379} INFO - Sync 1 DAGs
[2025-05-09 14:45:12,938] {logging_mixin.py:115} INFO - [2025-05-09 14:45:12,938] {dag.py:2927} INFO - Setting next_dagrun for example_time_delta_sensor_async to None, run_after=None
[2025-05-09 14:45:12,948] {processor.py:161} INFO - Processing /home/pedro/Documentos/airflow/venv/lib/python3.9/site-packages/airflow/example_dags/example_time_delta_sensor_async.py took 0.055 seconds
[2025-05-09 14:45:44,415] {processor.py:153} INFO - Started process (PID=68849) to work on /home/pedro/Documentos/airflow/venv/lib/python3.9/site-packages/airflow/example_dags/example_time_delta_sensor_async.py
[2025-05-09 14:45:44,428] {processor.py:641} INFO - Processing file /home/pedro/Documentos/airflow/venv/lib/python3.9/site-packages/airflow/example_dags/example_time_delta_sensor_async.py for tasks to queue
[2025-05-09 14:45:44,428] {logging_mixin.py:115} INFO - [2025-05-09 14:45:44,428] {dagbag.py:507} INFO - Filling up the DagBag from /home/pedro/Documentos/airflow/venv/lib/python3.9/site-packages/airflow/example_dags/example_time_delta_sensor_async.py
[2025-05-09 14:45:44,432] {processor.py:651} INFO - DAG(s) dict_keys(['example_time_delta_sensor_async']) retrieved from /home/pedro/Documentos/airflow/venv/lib/python3.9/site-packages/airflow/example_dags/example_time_delta_sensor_async.py
[2025-05-09 14:45:44,449] {logging_mixin.py:115} INFO - [2025-05-09 14:45:44,449] {dag.py:2379} INFO - Sync 1 DAGs
[2025-05-09 14:45:44,461] {logging_mixin.py:115} INFO - [2025-05-09 14:45:44,461] {dag.py:2927} INFO - Setting next_dagrun for example_time_delta_sensor_async to None, run_after=None
[2025-05-09 14:45:44,470] {processor.py:161} INFO - Processing /home/pedro/Documentos/airflow/venv/lib/python3.9/site-packages/airflow/example_dags/example_time_delta_sensor_async.py took 0.057 seconds
[2025-05-09 14:46:17,046] {processor.py:153} INFO - Started process (PID=69042) to work on /home/pedro/Documentos/airflow/venv/lib/python3.9/site-packages/airflow/example_dags/example_time_delta_sensor_async.py
[2025-05-09 14:46:17,059] {processor.py:641} INFO - Processing file /home/pedro/Documentos/airflow/venv/lib/python3.9/site-packages/airflow/example_dags/example_time_delta_sensor_async.py for tasks to queue
[2025-05-09 14:46:17,059] {logging_mixin.py:115} INFO - [2025-05-09 14:46:17,059] {dagbag.py:507} INFO - Filling up the DagBag from /home/pedro/Documentos/airflow/venv/lib/python3.9/site-packages/airflow/example_dags/example_time_delta_sensor_async.py
[2025-05-09 14:46:17,063] {processor.py:651} INFO - DAG(s) dict_keys(['example_time_delta_sensor_async']) retrieved from /home/pedro/Documentos/airflow/venv/lib/python3.9/site-packages/airflow/example_dags/example_time_delta_sensor_async.py
[2025-05-09 14:46:17,080] {logging_mixin.py:115} INFO - [2025-05-09 14:46:17,080] {dag.py:2379} INFO - Sync 1 DAGs
[2025-05-09 14:46:17,090] {logging_mixin.py:115} INFO - [2025-05-09 14:46:17,090] {dag.py:2927} INFO - Setting next_dagrun for example_time_delta_sensor_async to None, run_after=None
[2025-05-09 14:46:17,100] {processor.py:161} INFO - Processing /home/pedro/Documentos/airflow/venv/lib/python3.9/site-packages/airflow/example_dags/example_time_delta_sensor_async.py took 0.056 seconds
[2025-05-09 14:46:49,964] {processor.py:153} INFO - Started process (PID=69341) to work on /home/pedro/Documentos/airflow/venv/lib/python3.9/site-packages/airflow/example_dags/example_time_delta_sensor_async.py
[2025-05-09 14:46:49,977] {processor.py:641} INFO - Processing file /home/pedro/Documentos/airflow/venv/lib/python3.9/site-packages/airflow/example_dags/example_time_delta_sensor_async.py for tasks to queue
[2025-05-09 14:46:49,977] {logging_mixin.py:115} INFO - [2025-05-09 14:46:49,977] {dagbag.py:507} INFO - Filling up the DagBag from /home/pedro/Documentos/airflow/venv/lib/python3.9/site-packages/airflow/example_dags/example_time_delta_sensor_async.py
[2025-05-09 14:46:49,981] {processor.py:651} INFO - DAG(s) dict_keys(['example_time_delta_sensor_async']) retrieved from /home/pedro/Documentos/airflow/venv/lib/python3.9/site-packages/airflow/example_dags/example_time_delta_sensor_async.py
[2025-05-09 14:46:49,997] {logging_mixin.py:115} INFO - [2025-05-09 14:46:49,997] {dag.py:2379} INFO - Sync 1 DAGs
[2025-05-09 14:46:50,011] {logging_mixin.py:115} INFO - [2025-05-09 14:46:50,011] {dag.py:2927} INFO - Setting next_dagrun for example_time_delta_sensor_async to None, run_after=None
[2025-05-09 14:46:50,022] {processor.py:161} INFO - Processing /home/pedro/Documentos/airflow/venv/lib/python3.9/site-packages/airflow/example_dags/example_time_delta_sensor_async.py took 0.059 seconds
[2025-05-09 14:47:25,737] {processor.py:153} INFO - Started process (PID=69915) to work on /home/pedro/Documentos/airflow/venv/lib/python3.9/site-packages/airflow/example_dags/example_time_delta_sensor_async.py
[2025-05-09 14:47:25,749] {processor.py:641} INFO - Processing file /home/pedro/Documentos/airflow/venv/lib/python3.9/site-packages/airflow/example_dags/example_time_delta_sensor_async.py for tasks to queue
[2025-05-09 14:47:25,750] {logging_mixin.py:115} INFO - [2025-05-09 14:47:25,750] {dagbag.py:507} INFO - Filling up the DagBag from /home/pedro/Documentos/airflow/venv/lib/python3.9/site-packages/airflow/example_dags/example_time_delta_sensor_async.py
[2025-05-09 14:47:25,753] {processor.py:651} INFO - DAG(s) dict_keys(['example_time_delta_sensor_async']) retrieved from /home/pedro/Documentos/airflow/venv/lib/python3.9/site-packages/airflow/example_dags/example_time_delta_sensor_async.py
[2025-05-09 14:47:25,770] {logging_mixin.py:115} INFO - [2025-05-09 14:47:25,770] {dag.py:2379} INFO - Sync 1 DAGs
[2025-05-09 14:47:25,781] {logging_mixin.py:115} INFO - [2025-05-09 14:47:25,781] {dag.py:2927} INFO - Setting next_dagrun for example_time_delta_sensor_async to None, run_after=None
[2025-05-09 14:47:25,825] {processor.py:161} INFO - Processing /home/pedro/Documentos/airflow/venv/lib/python3.9/site-packages/airflow/example_dags/example_time_delta_sensor_async.py took 0.090 seconds
[2025-05-09 14:48:01,816] {processor.py:153} INFO - Started process (PID=70134) to work on /home/pedro/Documentos/airflow/venv/lib/python3.9/site-packages/airflow/example_dags/example_time_delta_sensor_async.py
[2025-05-09 14:48:01,828] {processor.py:641} INFO - Processing file /home/pedro/Documentos/airflow/venv/lib/python3.9/site-packages/airflow/example_dags/example_time_delta_sensor_async.py for tasks to queue
[2025-05-09 14:48:01,829] {logging_mixin.py:115} INFO - [2025-05-09 14:48:01,829] {dagbag.py:507} INFO - Filling up the DagBag from /home/pedro/Documentos/airflow/venv/lib/python3.9/site-packages/airflow/example_dags/example_time_delta_sensor_async.py
[2025-05-09 14:48:01,832] {processor.py:651} INFO - DAG(s) dict_keys(['example_time_delta_sensor_async']) retrieved from /home/pedro/Documentos/airflow/venv/lib/python3.9/site-packages/airflow/example_dags/example_time_delta_sensor_async.py
[2025-05-09 14:48:01,849] {logging_mixin.py:115} INFO - [2025-05-09 14:48:01,849] {dag.py:2379} INFO - Sync 1 DAGs
[2025-05-09 14:48:01,860] {logging_mixin.py:115} INFO - [2025-05-09 14:48:01,860] {dag.py:2927} INFO - Setting next_dagrun for example_time_delta_sensor_async to None, run_after=None
[2025-05-09 14:48:01,870] {processor.py:161} INFO - Processing /home/pedro/Documentos/airflow/venv/lib/python3.9/site-packages/airflow/example_dags/example_time_delta_sensor_async.py took 0.056 seconds
[2025-05-09 14:48:33,796] {processor.py:153} INFO - Started process (PID=70392) to work on /home/pedro/Documentos/airflow/venv/lib/python3.9/site-packages/airflow/example_dags/example_time_delta_sensor_async.py
[2025-05-09 14:48:33,808] {processor.py:641} INFO - Processing file /home/pedro/Documentos/airflow/venv/lib/python3.9/site-packages/airflow/example_dags/example_time_delta_sensor_async.py for tasks to queue
[2025-05-09 14:48:33,808] {logging_mixin.py:115} INFO - [2025-05-09 14:48:33,808] {dagbag.py:507} INFO - Filling up the DagBag from /home/pedro/Documentos/airflow/venv/lib/python3.9/site-packages/airflow/example_dags/example_time_delta_sensor_async.py
[2025-05-09 14:48:33,812] {processor.py:651} INFO - DAG(s) dict_keys(['example_time_delta_sensor_async']) retrieved from /home/pedro/Documentos/airflow/venv/lib/python3.9/site-packages/airflow/example_dags/example_time_delta_sensor_async.py
[2025-05-09 14:48:33,828] {logging_mixin.py:115} INFO - [2025-05-09 14:48:33,828] {dag.py:2379} INFO - Sync 1 DAGs
[2025-05-09 14:48:33,838] {logging_mixin.py:115} INFO - [2025-05-09 14:48:33,838] {dag.py:2927} INFO - Setting next_dagrun for example_time_delta_sensor_async to None, run_after=None
[2025-05-09 14:48:33,848] {processor.py:161} INFO - Processing /home/pedro/Documentos/airflow/venv/lib/python3.9/site-packages/airflow/example_dags/example_time_delta_sensor_async.py took 0.055 seconds
[2025-05-09 14:49:05,250] {processor.py:153} INFO - Started process (PID=70633) to work on /home/pedro/Documentos/airflow/venv/lib/python3.9/site-packages/airflow/example_dags/example_time_delta_sensor_async.py
[2025-05-09 14:49:05,263] {processor.py:641} INFO - Processing file /home/pedro/Documentos/airflow/venv/lib/python3.9/site-packages/airflow/example_dags/example_time_delta_sensor_async.py for tasks to queue
[2025-05-09 14:49:05,263] {logging_mixin.py:115} INFO - [2025-05-09 14:49:05,263] {dagbag.py:507} INFO - Filling up the DagBag from /home/pedro/Documentos/airflow/venv/lib/python3.9/site-packages/airflow/example_dags/example_time_delta_sensor_async.py
[2025-05-09 14:49:05,267] {processor.py:651} INFO - DAG(s) dict_keys(['example_time_delta_sensor_async']) retrieved from /home/pedro/Documentos/airflow/venv/lib/python3.9/site-packages/airflow/example_dags/example_time_delta_sensor_async.py
[2025-05-09 14:49:05,284] {logging_mixin.py:115} INFO - [2025-05-09 14:49:05,284] {dag.py:2379} INFO - Sync 1 DAGs
[2025-05-09 14:49:05,296] {logging_mixin.py:115} INFO - [2025-05-09 14:49:05,295] {dag.py:2927} INFO - Setting next_dagrun for example_time_delta_sensor_async to None, run_after=None
[2025-05-09 14:49:05,308] {processor.py:161} INFO - Processing /home/pedro/Documentos/airflow/venv/lib/python3.9/site-packages/airflow/example_dags/example_time_delta_sensor_async.py took 0.060 seconds
[2025-05-09 14:49:36,376] {processor.py:153} INFO - Started process (PID=70839) to work on /home/pedro/Documentos/airflow/venv/lib/python3.9/site-packages/airflow/example_dags/example_time_delta_sensor_async.py
[2025-05-09 14:49:36,376] {processor.py:641} INFO - Processing file /home/pedro/Documentos/airflow/venv/lib/python3.9/site-packages/airflow/example_dags/example_time_delta_sensor_async.py for tasks to queue
[2025-05-09 14:49:36,377] {logging_mixin.py:115} INFO - [2025-05-09 14:49:36,377] {dagbag.py:507} INFO - Filling up the DagBag from /home/pedro/Documentos/airflow/venv/lib/python3.9/site-packages/airflow/example_dags/example_time_delta_sensor_async.py
[2025-05-09 14:49:36,380] {processor.py:651} INFO - DAG(s) dict_keys(['example_time_delta_sensor_async']) retrieved from /home/pedro/Documentos/airflow/venv/lib/python3.9/site-packages/airflow/example_dags/example_time_delta_sensor_async.py
[2025-05-09 14:49:36,397] {logging_mixin.py:115} INFO - [2025-05-09 14:49:36,397] {dag.py:2379} INFO - Sync 1 DAGs
[2025-05-09 14:49:36,409] {logging_mixin.py:115} INFO - [2025-05-09 14:49:36,409] {dag.py:2927} INFO - Setting next_dagrun for example_time_delta_sensor_async to None, run_after=None
[2025-05-09 14:49:36,419] {processor.py:161} INFO - Processing /home/pedro/Documentos/airflow/venv/lib/python3.9/site-packages/airflow/example_dags/example_time_delta_sensor_async.py took 0.045 seconds
[2025-05-09 14:50:09,145] {processor.py:153} INFO - Started process (PID=71031) to work on /home/pedro/Documentos/airflow/venv/lib/python3.9/site-packages/airflow/example_dags/example_time_delta_sensor_async.py
[2025-05-09 14:50:09,157] {processor.py:641} INFO - Processing file /home/pedro/Documentos/airflow/venv/lib/python3.9/site-packages/airflow/example_dags/example_time_delta_sensor_async.py for tasks to queue
[2025-05-09 14:50:09,158] {logging_mixin.py:115} INFO - [2025-05-09 14:50:09,158] {dagbag.py:507} INFO - Filling up the DagBag from /home/pedro/Documentos/airflow/venv/lib/python3.9/site-packages/airflow/example_dags/example_time_delta_sensor_async.py
[2025-05-09 14:50:09,161] {processor.py:651} INFO - DAG(s) dict_keys(['example_time_delta_sensor_async']) retrieved from /home/pedro/Documentos/airflow/venv/lib/python3.9/site-packages/airflow/example_dags/example_time_delta_sensor_async.py
[2025-05-09 14:50:09,179] {logging_mixin.py:115} INFO - [2025-05-09 14:50:09,179] {dag.py:2379} INFO - Sync 1 DAGs
[2025-05-09 14:50:09,190] {logging_mixin.py:115} INFO - [2025-05-09 14:50:09,190] {dag.py:2927} INFO - Setting next_dagrun for example_time_delta_sensor_async to None, run_after=None
[2025-05-09 14:50:09,200] {processor.py:161} INFO - Processing /home/pedro/Documentos/airflow/venv/lib/python3.9/site-packages/airflow/example_dags/example_time_delta_sensor_async.py took 0.057 seconds
[2025-05-09 14:50:41,128] {processor.py:153} INFO - Started process (PID=71300) to work on /home/pedro/Documentos/airflow/venv/lib/python3.9/site-packages/airflow/example_dags/example_time_delta_sensor_async.py
[2025-05-09 14:50:41,140] {processor.py:641} INFO - Processing file /home/pedro/Documentos/airflow/venv/lib/python3.9/site-packages/airflow/example_dags/example_time_delta_sensor_async.py for tasks to queue
[2025-05-09 14:50:41,141] {logging_mixin.py:115} INFO - [2025-05-09 14:50:41,141] {dagbag.py:507} INFO - Filling up the DagBag from /home/pedro/Documentos/airflow/venv/lib/python3.9/site-packages/airflow/example_dags/example_time_delta_sensor_async.py
[2025-05-09 14:50:41,145] {processor.py:651} INFO - DAG(s) dict_keys(['example_time_delta_sensor_async']) retrieved from /home/pedro/Documentos/airflow/venv/lib/python3.9/site-packages/airflow/example_dags/example_time_delta_sensor_async.py
[2025-05-09 14:50:41,162] {logging_mixin.py:115} INFO - [2025-05-09 14:50:41,162] {dag.py:2379} INFO - Sync 1 DAGs
[2025-05-09 14:50:41,174] {logging_mixin.py:115} INFO - [2025-05-09 14:50:41,173] {dag.py:2927} INFO - Setting next_dagrun for example_time_delta_sensor_async to None, run_after=None
[2025-05-09 14:50:41,183] {processor.py:161} INFO - Processing /home/pedro/Documentos/airflow/venv/lib/python3.9/site-packages/airflow/example_dags/example_time_delta_sensor_async.py took 0.057 seconds
[2025-05-09 14:51:16,170] {processor.py:153} INFO - Started process (PID=71516) to work on /home/pedro/Documentos/airflow/venv/lib/python3.9/site-packages/airflow/example_dags/example_time_delta_sensor_async.py
[2025-05-09 14:51:16,181] {processor.py:641} INFO - Processing file /home/pedro/Documentos/airflow/venv/lib/python3.9/site-packages/airflow/example_dags/example_time_delta_sensor_async.py for tasks to queue
[2025-05-09 14:51:16,182] {logging_mixin.py:115} INFO - [2025-05-09 14:51:16,182] {dagbag.py:507} INFO - Filling up the DagBag from /home/pedro/Documentos/airflow/venv/lib/python3.9/site-packages/airflow/example_dags/example_time_delta_sensor_async.py
[2025-05-09 14:51:16,186] {processor.py:651} INFO - DAG(s) dict_keys(['example_time_delta_sensor_async']) retrieved from /home/pedro/Documentos/airflow/venv/lib/python3.9/site-packages/airflow/example_dags/example_time_delta_sensor_async.py
[2025-05-09 14:51:16,204] {logging_mixin.py:115} INFO - [2025-05-09 14:51:16,204] {dag.py:2379} INFO - Sync 1 DAGs
[2025-05-09 14:51:16,215] {logging_mixin.py:115} INFO - [2025-05-09 14:51:16,215] {dag.py:2927} INFO - Setting next_dagrun for example_time_delta_sensor_async to None, run_after=None
[2025-05-09 14:51:16,226] {processor.py:161} INFO - Processing /home/pedro/Documentos/airflow/venv/lib/python3.9/site-packages/airflow/example_dags/example_time_delta_sensor_async.py took 0.059 seconds
[2025-05-09 14:51:49,882] {processor.py:153} INFO - Started process (PID=71860) to work on /home/pedro/Documentos/airflow/venv/lib/python3.9/site-packages/airflow/example_dags/example_time_delta_sensor_async.py
[2025-05-09 14:51:49,894] {processor.py:641} INFO - Processing file /home/pedro/Documentos/airflow/venv/lib/python3.9/site-packages/airflow/example_dags/example_time_delta_sensor_async.py for tasks to queue
[2025-05-09 14:51:49,895] {logging_mixin.py:115} INFO - [2025-05-09 14:51:49,895] {dagbag.py:507} INFO - Filling up the DagBag from /home/pedro/Documentos/airflow/venv/lib/python3.9/site-packages/airflow/example_dags/example_time_delta_sensor_async.py
[2025-05-09 14:51:49,899] {processor.py:651} INFO - DAG(s) dict_keys(['example_time_delta_sensor_async']) retrieved from /home/pedro/Documentos/airflow/venv/lib/python3.9/site-packages/airflow/example_dags/example_time_delta_sensor_async.py
[2025-05-09 14:51:49,915] {logging_mixin.py:115} INFO - [2025-05-09 14:51:49,915] {dag.py:2379} INFO - Sync 1 DAGs
[2025-05-09 14:51:49,927] {logging_mixin.py:115} INFO - [2025-05-09 14:51:49,927] {dag.py:2927} INFO - Setting next_dagrun for example_time_delta_sensor_async to None, run_after=None
[2025-05-09 14:51:49,937] {processor.py:161} INFO - Processing /home/pedro/Documentos/airflow/venv/lib/python3.9/site-packages/airflow/example_dags/example_time_delta_sensor_async.py took 0.058 seconds
[2025-05-09 14:52:23,901] {processor.py:153} INFO - Started process (PID=72383) to work on /home/pedro/Documentos/airflow/venv/lib/python3.9/site-packages/airflow/example_dags/example_time_delta_sensor_async.py
[2025-05-09 14:52:23,914] {processor.py:641} INFO - Processing file /home/pedro/Documentos/airflow/venv/lib/python3.9/site-packages/airflow/example_dags/example_time_delta_sensor_async.py for tasks to queue
[2025-05-09 14:52:23,914] {logging_mixin.py:115} INFO - [2025-05-09 14:52:23,914] {dagbag.py:507} INFO - Filling up the DagBag from /home/pedro/Documentos/airflow/venv/lib/python3.9/site-packages/airflow/example_dags/example_time_delta_sensor_async.py
[2025-05-09 14:52:23,918] {processor.py:651} INFO - DAG(s) dict_keys(['example_time_delta_sensor_async']) retrieved from /home/pedro/Documentos/airflow/venv/lib/python3.9/site-packages/airflow/example_dags/example_time_delta_sensor_async.py
[2025-05-09 14:52:23,934] {logging_mixin.py:115} INFO - [2025-05-09 14:52:23,934] {dag.py:2379} INFO - Sync 1 DAGs
[2025-05-09 14:52:23,947] {logging_mixin.py:115} INFO - [2025-05-09 14:52:23,946] {dag.py:2927} INFO - Setting next_dagrun for example_time_delta_sensor_async to None, run_after=None
[2025-05-09 14:52:23,956] {processor.py:161} INFO - Processing /home/pedro/Documentos/airflow/venv/lib/python3.9/site-packages/airflow/example_dags/example_time_delta_sensor_async.py took 0.057 seconds
[2025-05-09 14:52:54,164] {processor.py:153} INFO - Started process (PID=72574) to work on /home/pedro/Documentos/airflow/venv/lib/python3.9/site-packages/airflow/example_dags/example_time_delta_sensor_async.py
[2025-05-09 14:52:54,176] {processor.py:641} INFO - Processing file /home/pedro/Documentos/airflow/venv/lib/python3.9/site-packages/airflow/example_dags/example_time_delta_sensor_async.py for tasks to queue
[2025-05-09 14:52:54,177] {logging_mixin.py:115} INFO - [2025-05-09 14:52:54,176] {dagbag.py:507} INFO - Filling up the DagBag from /home/pedro/Documentos/airflow/venv/lib/python3.9/site-packages/airflow/example_dags/example_time_delta_sensor_async.py
[2025-05-09 14:52:54,181] {processor.py:651} INFO - DAG(s) dict_keys(['example_time_delta_sensor_async']) retrieved from /home/pedro/Documentos/airflow/venv/lib/python3.9/site-packages/airflow/example_dags/example_time_delta_sensor_async.py
[2025-05-09 14:52:54,198] {logging_mixin.py:115} INFO - [2025-05-09 14:52:54,198] {dag.py:2379} INFO - Sync 1 DAGs
[2025-05-09 14:52:54,209] {logging_mixin.py:115} INFO - [2025-05-09 14:52:54,209] {dag.py:2927} INFO - Setting next_dagrun for example_time_delta_sensor_async to None, run_after=None
[2025-05-09 14:52:54,220] {processor.py:161} INFO - Processing /home/pedro/Documentos/airflow/venv/lib/python3.9/site-packages/airflow/example_dags/example_time_delta_sensor_async.py took 0.058 seconds
[2025-05-09 14:53:26,704] {processor.py:153} INFO - Started process (PID=73128) to work on /home/pedro/Documentos/airflow/venv/lib/python3.9/site-packages/airflow/example_dags/example_time_delta_sensor_async.py
[2025-05-09 14:53:26,716] {processor.py:641} INFO - Processing file /home/pedro/Documentos/airflow/venv/lib/python3.9/site-packages/airflow/example_dags/example_time_delta_sensor_async.py for tasks to queue
[2025-05-09 14:53:26,717] {logging_mixin.py:115} INFO - [2025-05-09 14:53:26,717] {dagbag.py:507} INFO - Filling up the DagBag from /home/pedro/Documentos/airflow/venv/lib/python3.9/site-packages/airflow/example_dags/example_time_delta_sensor_async.py
[2025-05-09 14:53:26,721] {processor.py:651} INFO - DAG(s) dict_keys(['example_time_delta_sensor_async']) retrieved from /home/pedro/Documentos/airflow/venv/lib/python3.9/site-packages/airflow/example_dags/example_time_delta_sensor_async.py
[2025-05-09 14:53:26,740] {logging_mixin.py:115} INFO - [2025-05-09 14:53:26,739] {dag.py:2379} INFO - Sync 1 DAGs
[2025-05-09 14:53:26,752] {logging_mixin.py:115} INFO - [2025-05-09 14:53:26,752] {dag.py:2927} INFO - Setting next_dagrun for example_time_delta_sensor_async to None, run_after=None
[2025-05-09 14:53:26,764] {processor.py:161} INFO - Processing /home/pedro/Documentos/airflow/venv/lib/python3.9/site-packages/airflow/example_dags/example_time_delta_sensor_async.py took 0.061 seconds
[2025-05-09 14:53:56,859] {processor.py:153} INFO - Started process (PID=74078) to work on /home/pedro/Documentos/airflow/venv/lib/python3.9/site-packages/airflow/example_dags/example_time_delta_sensor_async.py
[2025-05-09 14:53:56,872] {processor.py:641} INFO - Processing file /home/pedro/Documentos/airflow/venv/lib/python3.9/site-packages/airflow/example_dags/example_time_delta_sensor_async.py for tasks to queue
[2025-05-09 14:53:56,872] {logging_mixin.py:115} INFO - [2025-05-09 14:53:56,872] {dagbag.py:507} INFO - Filling up the DagBag from /home/pedro/Documentos/airflow/venv/lib/python3.9/site-packages/airflow/example_dags/example_time_delta_sensor_async.py
[2025-05-09 14:53:56,876] {processor.py:651} INFO - DAG(s) dict_keys(['example_time_delta_sensor_async']) retrieved from /home/pedro/Documentos/airflow/venv/lib/python3.9/site-packages/airflow/example_dags/example_time_delta_sensor_async.py
[2025-05-09 14:53:56,893] {logging_mixin.py:115} INFO - [2025-05-09 14:53:56,893] {dag.py:2379} INFO - Sync 1 DAGs
[2025-05-09 14:53:56,904] {logging_mixin.py:115} INFO - [2025-05-09 14:53:56,904] {dag.py:2927} INFO - Setting next_dagrun for example_time_delta_sensor_async to None, run_after=None
[2025-05-09 14:53:56,914] {processor.py:161} INFO - Processing /home/pedro/Documentos/airflow/venv/lib/python3.9/site-packages/airflow/example_dags/example_time_delta_sensor_async.py took 0.056 seconds
[2025-05-09 14:54:27,376] {processor.py:153} INFO - Started process (PID=74346) to work on /home/pedro/Documentos/airflow/venv/lib/python3.9/site-packages/airflow/example_dags/example_time_delta_sensor_async.py
[2025-05-09 14:54:27,388] {processor.py:641} INFO - Processing file /home/pedro/Documentos/airflow/venv/lib/python3.9/site-packages/airflow/example_dags/example_time_delta_sensor_async.py for tasks to queue
[2025-05-09 14:54:27,388] {logging_mixin.py:115} INFO - [2025-05-09 14:54:27,388] {dagbag.py:507} INFO - Filling up the DagBag from /home/pedro/Documentos/airflow/venv/lib/python3.9/site-packages/airflow/example_dags/example_time_delta_sensor_async.py
[2025-05-09 14:54:27,392] {processor.py:651} INFO - DAG(s) dict_keys(['example_time_delta_sensor_async']) retrieved from /home/pedro/Documentos/airflow/venv/lib/python3.9/site-packages/airflow/example_dags/example_time_delta_sensor_async.py
[2025-05-09 14:54:27,410] {logging_mixin.py:115} INFO - [2025-05-09 14:54:27,410] {dag.py:2379} INFO - Sync 1 DAGs
[2025-05-09 14:54:27,423] {logging_mixin.py:115} INFO - [2025-05-09 14:54:27,423] {dag.py:2927} INFO - Setting next_dagrun for example_time_delta_sensor_async to None, run_after=None
[2025-05-09 14:54:27,434] {processor.py:161} INFO - Processing /home/pedro/Documentos/airflow/venv/lib/python3.9/site-packages/airflow/example_dags/example_time_delta_sensor_async.py took 0.060 seconds
[2025-05-09 14:54:58,230] {processor.py:153} INFO - Started process (PID=74532) to work on /home/pedro/Documentos/airflow/venv/lib/python3.9/site-packages/airflow/example_dags/example_time_delta_sensor_async.py
[2025-05-09 14:54:58,243] {processor.py:641} INFO - Processing file /home/pedro/Documentos/airflow/venv/lib/python3.9/site-packages/airflow/example_dags/example_time_delta_sensor_async.py for tasks to queue
[2025-05-09 14:54:58,243] {logging_mixin.py:115} INFO - [2025-05-09 14:54:58,243] {dagbag.py:507} INFO - Filling up the DagBag from /home/pedro/Documentos/airflow/venv/lib/python3.9/site-packages/airflow/example_dags/example_time_delta_sensor_async.py
[2025-05-09 14:54:58,247] {processor.py:651} INFO - DAG(s) dict_keys(['example_time_delta_sensor_async']) retrieved from /home/pedro/Documentos/airflow/venv/lib/python3.9/site-packages/airflow/example_dags/example_time_delta_sensor_async.py
[2025-05-09 14:54:58,264] {logging_mixin.py:115} INFO - [2025-05-09 14:54:58,263] {dag.py:2379} INFO - Sync 1 DAGs
[2025-05-09 14:54:58,275] {logging_mixin.py:115} INFO - [2025-05-09 14:54:58,275] {dag.py:2927} INFO - Setting next_dagrun for example_time_delta_sensor_async to None, run_after=None
[2025-05-09 14:54:58,285] {processor.py:161} INFO - Processing /home/pedro/Documentos/airflow/venv/lib/python3.9/site-packages/airflow/example_dags/example_time_delta_sensor_async.py took 0.057 seconds
