[2025-05-09 14:33:53,588] {processor.py:153} INFO - Started process (PID=61679) to work on /home/pedro/Documentos/airflow/venv/lib/python3.9/site-packages/airflow/example_dags/example_xcomargs.py
[2025-05-09 14:33:53,589] {processor.py:641} INFO - Processing file /home/pedro/Documentos/airflow/venv/lib/python3.9/site-packages/airflow/example_dags/example_xcomargs.py for tasks to queue
[2025-05-09 14:33:53,589] {logging_mixin.py:115} INFO - [2025-05-09 14:33:53,589] {dagbag.py:507} INFO - Filling up the DagBag from /home/pedro/Documentos/airflow/venv/lib/python3.9/site-packages/airflow/example_dags/example_xcomargs.py
[2025-05-09 14:33:53,600] {processor.py:651} INFO - DAG(s) dict_keys(['example_xcom_args', 'example_xcom_args_with_operators']) retrieved from /home/pedro/Documentos/airflow/venv/lib/python3.9/site-packages/airflow/example_dags/example_xcomargs.py
[2025-05-09 14:33:53,643] {logging_mixin.py:115} INFO - [2025-05-09 14:33:53,643] {manager.py:508} INFO - Created Permission View: can delete on DAG:example_xcom_args
[2025-05-09 14:33:53,651] {logging_mixin.py:115} INFO - [2025-05-09 14:33:53,650] {manager.py:508} INFO - Created Permission View: can read on DAG:example_xcom_args
[2025-05-09 14:33:53,657] {logging_mixin.py:115} INFO - [2025-05-09 14:33:53,657] {manager.py:508} INFO - Created Permission View: can edit on DAG:example_xcom_args
[2025-05-09 14:33:53,673] {logging_mixin.py:115} INFO - [2025-05-09 14:33:53,673] {manager.py:508} INFO - Created Permission View: can delete on DAG:example_xcom_args_with_operators
[2025-05-09 14:33:53,679] {logging_mixin.py:115} INFO - [2025-05-09 14:33:53,679] {manager.py:508} INFO - Created Permission View: can read on DAG:example_xcom_args_with_operators
[2025-05-09 14:33:53,686] {logging_mixin.py:115} INFO - [2025-05-09 14:33:53,686] {manager.py:508} INFO - Created Permission View: can edit on DAG:example_xcom_args_with_operators
[2025-05-09 14:33:53,686] {logging_mixin.py:115} INFO - [2025-05-09 14:33:53,686] {dag.py:2379} INFO - Sync 2 DAGs
[2025-05-09 14:33:53,691] {logging_mixin.py:115} INFO - [2025-05-09 14:33:53,691] {dag.py:2398} INFO - Creating ORM DAG for example_xcom_args
[2025-05-09 14:33:53,691] {logging_mixin.py:115} INFO - [2025-05-09 14:33:53,691] {dag.py:2398} INFO - Creating ORM DAG for example_xcom_args_with_operators
[2025-05-09 14:33:53,696] {logging_mixin.py:115} INFO - [2025-05-09 14:33:53,696] {dag.py:2927} INFO - Setting next_dagrun for example_xcom_args to None, run_after=None
[2025-05-09 14:33:53,697] {logging_mixin.py:115} INFO - [2025-05-09 14:33:53,697] {dag.py:2927} INFO - Setting next_dagrun for example_xcom_args_with_operators to None, run_after=None
[2025-05-09 14:33:53,709] {processor.py:161} INFO - Processing /home/pedro/Documentos/airflow/venv/lib/python3.9/site-packages/airflow/example_dags/example_xcomargs.py took 0.123 seconds
[2025-05-09 14:34:29,787] {processor.py:153} INFO - Started process (PID=62175) to work on /home/pedro/Documentos/airflow/venv/lib/python3.9/site-packages/airflow/example_dags/example_xcomargs.py
[2025-05-09 14:34:29,799] {processor.py:641} INFO - Processing file /home/pedro/Documentos/airflow/venv/lib/python3.9/site-packages/airflow/example_dags/example_xcomargs.py for tasks to queue
[2025-05-09 14:34:29,800] {logging_mixin.py:115} INFO - [2025-05-09 14:34:29,800] {dagbag.py:507} INFO - Filling up the DagBag from /home/pedro/Documentos/airflow/venv/lib/python3.9/site-packages/airflow/example_dags/example_xcomargs.py
[2025-05-09 14:34:29,812] {processor.py:651} INFO - DAG(s) dict_keys(['example_xcom_args', 'example_xcom_args_with_operators']) retrieved from /home/pedro/Documentos/airflow/venv/lib/python3.9/site-packages/airflow/example_dags/example_xcomargs.py
[2025-05-09 14:34:29,842] {logging_mixin.py:115} INFO - [2025-05-09 14:34:29,842] {dag.py:2379} INFO - Sync 2 DAGs
[2025-05-09 14:34:29,851] {logging_mixin.py:115} INFO - [2025-05-09 14:34:29,851] {dag.py:2927} INFO - Setting next_dagrun for example_xcom_args to None, run_after=None
[2025-05-09 14:34:29,851] {logging_mixin.py:115} INFO - [2025-05-09 14:34:29,851] {dag.py:2927} INFO - Setting next_dagrun for example_xcom_args_with_operators to None, run_after=None
[2025-05-09 14:34:29,862] {processor.py:161} INFO - Processing /home/pedro/Documentos/airflow/venv/lib/python3.9/site-packages/airflow/example_dags/example_xcomargs.py took 0.077 seconds
[2025-05-09 14:35:04,374] {processor.py:153} INFO - Started process (PID=62552) to work on /home/pedro/Documentos/airflow/venv/lib/python3.9/site-packages/airflow/example_dags/example_xcomargs.py
[2025-05-09 14:35:04,376] {processor.py:641} INFO - Processing file /home/pedro/Documentos/airflow/venv/lib/python3.9/site-packages/airflow/example_dags/example_xcomargs.py for tasks to queue
[2025-05-09 14:35:04,377] {logging_mixin.py:115} INFO - [2025-05-09 14:35:04,376] {dagbag.py:507} INFO - Filling up the DagBag from /home/pedro/Documentos/airflow/venv/lib/python3.9/site-packages/airflow/example_dags/example_xcomargs.py
[2025-05-09 14:35:04,390] {processor.py:651} INFO - DAG(s) dict_keys(['example_xcom_args', 'example_xcom_args_with_operators']) retrieved from /home/pedro/Documentos/airflow/venv/lib/python3.9/site-packages/airflow/example_dags/example_xcomargs.py
[2025-05-09 14:35:04,404] {logging_mixin.py:115} INFO - [2025-05-09 14:35:04,404] {dag.py:2379} INFO - Sync 2 DAGs
[2025-05-09 14:35:04,415] {logging_mixin.py:115} INFO - [2025-05-09 14:35:04,415] {dag.py:2927} INFO - Setting next_dagrun for example_xcom_args to None, run_after=None
[2025-05-09 14:35:04,415] {logging_mixin.py:115} INFO - [2025-05-09 14:35:04,415] {dag.py:2927} INFO - Setting next_dagrun for example_xcom_args_with_operators to None, run_after=None
[2025-05-09 14:35:04,461] {processor.py:161} INFO - Processing /home/pedro/Documentos/airflow/venv/lib/python3.9/site-packages/airflow/example_dags/example_xcomargs.py took 0.089 seconds
[2025-05-09 14:35:36,682] {processor.py:153} INFO - Started process (PID=63015) to work on /home/pedro/Documentos/airflow/venv/lib/python3.9/site-packages/airflow/example_dags/example_xcomargs.py
[2025-05-09 14:35:36,694] {processor.py:641} INFO - Processing file /home/pedro/Documentos/airflow/venv/lib/python3.9/site-packages/airflow/example_dags/example_xcomargs.py for tasks to queue
[2025-05-09 14:35:36,695] {logging_mixin.py:115} INFO - [2025-05-09 14:35:36,695] {dagbag.py:507} INFO - Filling up the DagBag from /home/pedro/Documentos/airflow/venv/lib/python3.9/site-packages/airflow/example_dags/example_xcomargs.py
[2025-05-09 14:35:36,707] {processor.py:651} INFO - DAG(s) dict_keys(['example_xcom_args', 'example_xcom_args_with_operators']) retrieved from /home/pedro/Documentos/airflow/venv/lib/python3.9/site-packages/airflow/example_dags/example_xcomargs.py
[2025-05-09 14:35:36,721] {logging_mixin.py:115} INFO - [2025-05-09 14:35:36,721] {dag.py:2379} INFO - Sync 2 DAGs
[2025-05-09 14:35:36,733] {logging_mixin.py:115} INFO - [2025-05-09 14:35:36,733] {dag.py:2927} INFO - Setting next_dagrun for example_xcom_args to None, run_after=None
[2025-05-09 14:35:36,734] {logging_mixin.py:115} INFO - [2025-05-09 14:35:36,733] {dag.py:2927} INFO - Setting next_dagrun for example_xcom_args_with_operators to None, run_after=None
[2025-05-09 14:35:36,744] {processor.py:161} INFO - Processing /home/pedro/Documentos/airflow/venv/lib/python3.9/site-packages/airflow/example_dags/example_xcomargs.py took 0.065 seconds
[2025-05-09 14:36:10,828] {processor.py:153} INFO - Started process (PID=63286) to work on /home/pedro/Documentos/airflow/venv/lib/python3.9/site-packages/airflow/example_dags/example_xcomargs.py
[2025-05-09 14:36:10,841] {processor.py:641} INFO - Processing file /home/pedro/Documentos/airflow/venv/lib/python3.9/site-packages/airflow/example_dags/example_xcomargs.py for tasks to queue
[2025-05-09 14:36:10,841] {logging_mixin.py:115} INFO - [2025-05-09 14:36:10,841] {dagbag.py:507} INFO - Filling up the DagBag from /home/pedro/Documentos/airflow/venv/lib/python3.9/site-packages/airflow/example_dags/example_xcomargs.py
[2025-05-09 14:36:10,854] {processor.py:651} INFO - DAG(s) dict_keys(['example_xcom_args', 'example_xcom_args_with_operators']) retrieved from /home/pedro/Documentos/airflow/venv/lib/python3.9/site-packages/airflow/example_dags/example_xcomargs.py
[2025-05-09 14:36:10,869] {logging_mixin.py:115} INFO - [2025-05-09 14:36:10,869] {dag.py:2379} INFO - Sync 2 DAGs
[2025-05-09 14:36:10,880] {logging_mixin.py:115} INFO - [2025-05-09 14:36:10,880] {dag.py:2927} INFO - Setting next_dagrun for example_xcom_args to None, run_after=None
[2025-05-09 14:36:10,880] {logging_mixin.py:115} INFO - [2025-05-09 14:36:10,880] {dag.py:2927} INFO - Setting next_dagrun for example_xcom_args_with_operators to None, run_after=None
[2025-05-09 14:36:10,891] {processor.py:161} INFO - Processing /home/pedro/Documentos/airflow/venv/lib/python3.9/site-packages/airflow/example_dags/example_xcomargs.py took 0.065 seconds
[2025-05-09 14:36:42,727] {processor.py:153} INFO - Started process (PID=63477) to work on /home/pedro/Documentos/airflow/venv/lib/python3.9/site-packages/airflow/example_dags/example_xcomargs.py
[2025-05-09 14:36:42,739] {processor.py:641} INFO - Processing file /home/pedro/Documentos/airflow/venv/lib/python3.9/site-packages/airflow/example_dags/example_xcomargs.py for tasks to queue
[2025-05-09 14:36:42,740] {logging_mixin.py:115} INFO - [2025-05-09 14:36:42,740] {dagbag.py:507} INFO - Filling up the DagBag from /home/pedro/Documentos/airflow/venv/lib/python3.9/site-packages/airflow/example_dags/example_xcomargs.py
[2025-05-09 14:36:42,752] {processor.py:651} INFO - DAG(s) dict_keys(['example_xcom_args', 'example_xcom_args_with_operators']) retrieved from /home/pedro/Documentos/airflow/venv/lib/python3.9/site-packages/airflow/example_dags/example_xcomargs.py
[2025-05-09 14:36:42,767] {logging_mixin.py:115} INFO - [2025-05-09 14:36:42,767] {dag.py:2379} INFO - Sync 2 DAGs
[2025-05-09 14:36:42,779] {logging_mixin.py:115} INFO - [2025-05-09 14:36:42,779] {dag.py:2927} INFO - Setting next_dagrun for example_xcom_args to None, run_after=None
[2025-05-09 14:36:42,779] {logging_mixin.py:115} INFO - [2025-05-09 14:36:42,779] {dag.py:2927} INFO - Setting next_dagrun for example_xcom_args_with_operators to None, run_after=None
[2025-05-09 14:36:42,789] {processor.py:161} INFO - Processing /home/pedro/Documentos/airflow/venv/lib/python3.9/site-packages/airflow/example_dags/example_xcomargs.py took 0.064 seconds
[2025-05-09 14:37:16,084] {processor.py:153} INFO - Started process (PID=63889) to work on /home/pedro/Documentos/airflow/venv/lib/python3.9/site-packages/airflow/example_dags/example_xcomargs.py
[2025-05-09 14:37:16,096] {processor.py:641} INFO - Processing file /home/pedro/Documentos/airflow/venv/lib/python3.9/site-packages/airflow/example_dags/example_xcomargs.py for tasks to queue
[2025-05-09 14:37:16,097] {logging_mixin.py:115} INFO - [2025-05-09 14:37:16,097] {dagbag.py:507} INFO - Filling up the DagBag from /home/pedro/Documentos/airflow/venv/lib/python3.9/site-packages/airflow/example_dags/example_xcomargs.py
[2025-05-09 14:37:16,112] {processor.py:651} INFO - DAG(s) dict_keys(['example_xcom_args', 'example_xcom_args_with_operators']) retrieved from /home/pedro/Documentos/airflow/venv/lib/python3.9/site-packages/airflow/example_dags/example_xcomargs.py
[2025-05-09 14:37:16,148] {logging_mixin.py:115} INFO - [2025-05-09 14:37:16,148] {dag.py:2379} INFO - Sync 2 DAGs
[2025-05-09 14:37:16,159] {logging_mixin.py:115} INFO - [2025-05-09 14:37:16,159] {dag.py:2927} INFO - Setting next_dagrun for example_xcom_args to None, run_after=None
[2025-05-09 14:37:16,159] {logging_mixin.py:115} INFO - [2025-05-09 14:37:16,159] {dag.py:2927} INFO - Setting next_dagrun for example_xcom_args_with_operators to None, run_after=None
[2025-05-09 14:37:16,169] {processor.py:161} INFO - Processing /home/pedro/Documentos/airflow/venv/lib/python3.9/site-packages/airflow/example_dags/example_xcomargs.py took 0.088 seconds
[2025-05-09 14:37:49,998] {processor.py:153} INFO - Started process (PID=64389) to work on /home/pedro/Documentos/airflow/venv/lib/python3.9/site-packages/airflow/example_dags/example_xcomargs.py
[2025-05-09 14:37:50,010] {processor.py:641} INFO - Processing file /home/pedro/Documentos/airflow/venv/lib/python3.9/site-packages/airflow/example_dags/example_xcomargs.py for tasks to queue
[2025-05-09 14:37:50,011] {logging_mixin.py:115} INFO - [2025-05-09 14:37:50,011] {dagbag.py:507} INFO - Filling up the DagBag from /home/pedro/Documentos/airflow/venv/lib/python3.9/site-packages/airflow/example_dags/example_xcomargs.py
[2025-05-09 14:37:50,024] {processor.py:651} INFO - DAG(s) dict_keys(['example_xcom_args', 'example_xcom_args_with_operators']) retrieved from /home/pedro/Documentos/airflow/venv/lib/python3.9/site-packages/airflow/example_dags/example_xcomargs.py
[2025-05-09 14:37:50,054] {logging_mixin.py:115} INFO - [2025-05-09 14:37:50,054] {dag.py:2379} INFO - Sync 2 DAGs
[2025-05-09 14:37:50,064] {logging_mixin.py:115} INFO - [2025-05-09 14:37:50,064] {dag.py:2927} INFO - Setting next_dagrun for example_xcom_args to None, run_after=None
[2025-05-09 14:37:50,065] {logging_mixin.py:115} INFO - [2025-05-09 14:37:50,065] {dag.py:2927} INFO - Setting next_dagrun for example_xcom_args_with_operators to None, run_after=None
[2025-05-09 14:37:50,075] {processor.py:161} INFO - Processing /home/pedro/Documentos/airflow/venv/lib/python3.9/site-packages/airflow/example_dags/example_xcomargs.py took 0.079 seconds
[2025-05-09 14:38:21,982] {processor.py:153} INFO - Started process (PID=64786) to work on /home/pedro/Documentos/airflow/venv/lib/python3.9/site-packages/airflow/example_dags/example_xcomargs.py
[2025-05-09 14:38:21,995] {processor.py:641} INFO - Processing file /home/pedro/Documentos/airflow/venv/lib/python3.9/site-packages/airflow/example_dags/example_xcomargs.py for tasks to queue
[2025-05-09 14:38:21,995] {logging_mixin.py:115} INFO - [2025-05-09 14:38:21,995] {dagbag.py:507} INFO - Filling up the DagBag from /home/pedro/Documentos/airflow/venv/lib/python3.9/site-packages/airflow/example_dags/example_xcomargs.py
[2025-05-09 14:38:22,008] {processor.py:651} INFO - DAG(s) dict_keys(['example_xcom_args', 'example_xcom_args_with_operators']) retrieved from /home/pedro/Documentos/airflow/venv/lib/python3.9/site-packages/airflow/example_dags/example_xcomargs.py
[2025-05-09 14:38:22,023] {logging_mixin.py:115} INFO - [2025-05-09 14:38:22,023] {dag.py:2379} INFO - Sync 2 DAGs
[2025-05-09 14:38:22,034] {logging_mixin.py:115} INFO - [2025-05-09 14:38:22,034] {dag.py:2927} INFO - Setting next_dagrun for example_xcom_args to None, run_after=None
[2025-05-09 14:38:22,034] {logging_mixin.py:115} INFO - [2025-05-09 14:38:22,034] {dag.py:2927} INFO - Setting next_dagrun for example_xcom_args_with_operators to None, run_after=None
[2025-05-09 14:38:22,044] {processor.py:161} INFO - Processing /home/pedro/Documentos/airflow/venv/lib/python3.9/site-packages/airflow/example_dags/example_xcomargs.py took 0.064 seconds
[2025-05-09 14:38:57,063] {processor.py:153} INFO - Started process (PID=65135) to work on /home/pedro/Documentos/airflow/venv/lib/python3.9/site-packages/airflow/example_dags/example_xcomargs.py
[2025-05-09 14:38:57,064] {processor.py:641} INFO - Processing file /home/pedro/Documentos/airflow/venv/lib/python3.9/site-packages/airflow/example_dags/example_xcomargs.py for tasks to queue
[2025-05-09 14:38:57,064] {logging_mixin.py:115} INFO - [2025-05-09 14:38:57,064] {dagbag.py:507} INFO - Filling up the DagBag from /home/pedro/Documentos/airflow/venv/lib/python3.9/site-packages/airflow/example_dags/example_xcomargs.py
[2025-05-09 14:38:57,079] {processor.py:651} INFO - DAG(s) dict_keys(['example_xcom_args', 'example_xcom_args_with_operators']) retrieved from /home/pedro/Documentos/airflow/venv/lib/python3.9/site-packages/airflow/example_dags/example_xcomargs.py
[2025-05-09 14:38:57,106] {logging_mixin.py:115} INFO - [2025-05-09 14:38:57,106] {dag.py:2379} INFO - Sync 2 DAGs
[2025-05-09 14:38:57,115] {logging_mixin.py:115} INFO - [2025-05-09 14:38:57,115] {dag.py:2927} INFO - Setting next_dagrun for example_xcom_args to None, run_after=None
[2025-05-09 14:38:57,115] {logging_mixin.py:115} INFO - [2025-05-09 14:38:57,115] {dag.py:2927} INFO - Setting next_dagrun for example_xcom_args_with_operators to None, run_after=None
[2025-05-09 14:38:57,126] {processor.py:161} INFO - Processing /home/pedro/Documentos/airflow/venv/lib/python3.9/site-packages/airflow/example_dags/example_xcomargs.py took 0.065 seconds
[2025-05-09 14:39:32,413] {processor.py:153} INFO - Started process (PID=65516) to work on /home/pedro/Documentos/airflow/venv/lib/python3.9/site-packages/airflow/example_dags/example_xcomargs.py
[2025-05-09 14:39:32,425] {processor.py:641} INFO - Processing file /home/pedro/Documentos/airflow/venv/lib/python3.9/site-packages/airflow/example_dags/example_xcomargs.py for tasks to queue
[2025-05-09 14:39:32,426] {logging_mixin.py:115} INFO - [2025-05-09 14:39:32,426] {dagbag.py:507} INFO - Filling up the DagBag from /home/pedro/Documentos/airflow/venv/lib/python3.9/site-packages/airflow/example_dags/example_xcomargs.py
[2025-05-09 14:39:32,439] {processor.py:651} INFO - DAG(s) dict_keys(['example_xcom_args', 'example_xcom_args_with_operators']) retrieved from /home/pedro/Documentos/airflow/venv/lib/python3.9/site-packages/airflow/example_dags/example_xcomargs.py
[2025-05-09 14:39:32,467] {logging_mixin.py:115} INFO - [2025-05-09 14:39:32,467] {dag.py:2379} INFO - Sync 2 DAGs
[2025-05-09 14:39:32,477] {logging_mixin.py:115} INFO - [2025-05-09 14:39:32,477] {dag.py:2927} INFO - Setting next_dagrun for example_xcom_args to None, run_after=None
[2025-05-09 14:39:32,477] {logging_mixin.py:115} INFO - [2025-05-09 14:39:32,477] {dag.py:2927} INFO - Setting next_dagrun for example_xcom_args_with_operators to None, run_after=None
[2025-05-09 14:39:32,487] {processor.py:161} INFO - Processing /home/pedro/Documentos/airflow/venv/lib/python3.9/site-packages/airflow/example_dags/example_xcomargs.py took 0.076 seconds
[2025-05-09 14:40:03,815] {processor.py:153} INFO - Started process (PID=65714) to work on /home/pedro/Documentos/airflow/venv/lib/python3.9/site-packages/airflow/example_dags/example_xcomargs.py
[2025-05-09 14:40:03,825] {processor.py:641} INFO - Processing file /home/pedro/Documentos/airflow/venv/lib/python3.9/site-packages/airflow/example_dags/example_xcomargs.py for tasks to queue
[2025-05-09 14:40:03,825] {logging_mixin.py:115} INFO - [2025-05-09 14:40:03,825] {dagbag.py:507} INFO - Filling up the DagBag from /home/pedro/Documentos/airflow/venv/lib/python3.9/site-packages/airflow/example_dags/example_xcomargs.py
[2025-05-09 14:40:03,839] {processor.py:651} INFO - DAG(s) dict_keys(['example_xcom_args', 'example_xcom_args_with_operators']) retrieved from /home/pedro/Documentos/airflow/venv/lib/python3.9/site-packages/airflow/example_dags/example_xcomargs.py
[2025-05-09 14:40:03,851] {logging_mixin.py:115} INFO - [2025-05-09 14:40:03,851] {dag.py:2379} INFO - Sync 2 DAGs
[2025-05-09 14:40:03,862] {logging_mixin.py:115} INFO - [2025-05-09 14:40:03,862] {dag.py:2927} INFO - Setting next_dagrun for example_xcom_args to None, run_after=None
[2025-05-09 14:40:03,862] {logging_mixin.py:115} INFO - [2025-05-09 14:40:03,862] {dag.py:2927} INFO - Setting next_dagrun for example_xcom_args_with_operators to None, run_after=None
[2025-05-09 14:40:03,871] {processor.py:161} INFO - Processing /home/pedro/Documentos/airflow/venv/lib/python3.9/site-packages/airflow/example_dags/example_xcomargs.py took 0.058 seconds
[2025-05-09 14:40:37,657] {processor.py:153} INFO - Started process (PID=65944) to work on /home/pedro/Documentos/airflow/venv/lib/python3.9/site-packages/airflow/example_dags/example_xcomargs.py
[2025-05-09 14:40:37,669] {processor.py:641} INFO - Processing file /home/pedro/Documentos/airflow/venv/lib/python3.9/site-packages/airflow/example_dags/example_xcomargs.py for tasks to queue
[2025-05-09 14:40:37,670] {logging_mixin.py:115} INFO - [2025-05-09 14:40:37,670] {dagbag.py:507} INFO - Filling up the DagBag from /home/pedro/Documentos/airflow/venv/lib/python3.9/site-packages/airflow/example_dags/example_xcomargs.py
[2025-05-09 14:40:37,685] {processor.py:651} INFO - DAG(s) dict_keys(['example_xcom_args', 'example_xcom_args_with_operators']) retrieved from /home/pedro/Documentos/airflow/venv/lib/python3.9/site-packages/airflow/example_dags/example_xcomargs.py
[2025-05-09 14:40:37,728] {logging_mixin.py:115} INFO - [2025-05-09 14:40:37,728] {dag.py:2379} INFO - Sync 2 DAGs
[2025-05-09 14:40:37,739] {logging_mixin.py:115} INFO - [2025-05-09 14:40:37,739] {dag.py:2927} INFO - Setting next_dagrun for example_xcom_args to None, run_after=None
[2025-05-09 14:40:37,739] {logging_mixin.py:115} INFO - [2025-05-09 14:40:37,739] {dag.py:2927} INFO - Setting next_dagrun for example_xcom_args_with_operators to None, run_after=None
[2025-05-09 14:40:37,751] {processor.py:161} INFO - Processing /home/pedro/Documentos/airflow/venv/lib/python3.9/site-packages/airflow/example_dags/example_xcomargs.py took 0.096 seconds
[2025-05-09 14:41:11,100] {processor.py:153} INFO - Started process (PID=66548) to work on /home/pedro/Documentos/airflow/venv/lib/python3.9/site-packages/airflow/example_dags/example_xcomargs.py
[2025-05-09 14:41:11,114] {processor.py:641} INFO - Processing file /home/pedro/Documentos/airflow/venv/lib/python3.9/site-packages/airflow/example_dags/example_xcomargs.py for tasks to queue
[2025-05-09 14:41:11,114] {logging_mixin.py:115} INFO - [2025-05-09 14:41:11,114] {dagbag.py:507} INFO - Filling up the DagBag from /home/pedro/Documentos/airflow/venv/lib/python3.9/site-packages/airflow/example_dags/example_xcomargs.py
[2025-05-09 14:41:11,129] {processor.py:651} INFO - DAG(s) dict_keys(['example_xcom_args', 'example_xcom_args_with_operators']) retrieved from /home/pedro/Documentos/airflow/venv/lib/python3.9/site-packages/airflow/example_dags/example_xcomargs.py
[2025-05-09 14:41:11,143] {logging_mixin.py:115} INFO - [2025-05-09 14:41:11,143] {dag.py:2379} INFO - Sync 2 DAGs
[2025-05-09 14:41:11,156] {logging_mixin.py:115} INFO - [2025-05-09 14:41:11,156] {dag.py:2927} INFO - Setting next_dagrun for example_xcom_args to None, run_after=None
[2025-05-09 14:41:11,156] {logging_mixin.py:115} INFO - [2025-05-09 14:41:11,156] {dag.py:2927} INFO - Setting next_dagrun for example_xcom_args_with_operators to None, run_after=None
[2025-05-09 14:41:11,205] {processor.py:161} INFO - Processing /home/pedro/Documentos/airflow/venv/lib/python3.9/site-packages/airflow/example_dags/example_xcomargs.py took 0.107 seconds
[2025-05-09 14:41:46,756] {processor.py:153} INFO - Started process (PID=66910) to work on /home/pedro/Documentos/airflow/venv/lib/python3.9/site-packages/airflow/example_dags/example_xcomargs.py
[2025-05-09 14:41:46,768] {processor.py:641} INFO - Processing file /home/pedro/Documentos/airflow/venv/lib/python3.9/site-packages/airflow/example_dags/example_xcomargs.py for tasks to queue
[2025-05-09 14:41:46,769] {logging_mixin.py:115} INFO - [2025-05-09 14:41:46,769] {dagbag.py:507} INFO - Filling up the DagBag from /home/pedro/Documentos/airflow/venv/lib/python3.9/site-packages/airflow/example_dags/example_xcomargs.py
[2025-05-09 14:41:46,784] {processor.py:651} INFO - DAG(s) dict_keys(['example_xcom_args', 'example_xcom_args_with_operators']) retrieved from /home/pedro/Documentos/airflow/venv/lib/python3.9/site-packages/airflow/example_dags/example_xcomargs.py
[2025-05-09 14:41:46,811] {logging_mixin.py:115} INFO - [2025-05-09 14:41:46,811] {dag.py:2379} INFO - Sync 2 DAGs
[2025-05-09 14:41:46,821] {logging_mixin.py:115} INFO - [2025-05-09 14:41:46,821] {dag.py:2927} INFO - Setting next_dagrun for example_xcom_args to None, run_after=None
[2025-05-09 14:41:46,822] {logging_mixin.py:115} INFO - [2025-05-09 14:41:46,822] {dag.py:2927} INFO - Setting next_dagrun for example_xcom_args_with_operators to None, run_after=None
[2025-05-09 14:41:46,832] {processor.py:161} INFO - Processing /home/pedro/Documentos/airflow/venv/lib/python3.9/site-packages/airflow/example_dags/example_xcomargs.py took 0.078 seconds
[2025-05-09 14:42:19,550] {processor.py:153} INFO - Started process (PID=67113) to work on /home/pedro/Documentos/airflow/venv/lib/python3.9/site-packages/airflow/example_dags/example_xcomargs.py
[2025-05-09 14:42:19,551] {processor.py:641} INFO - Processing file /home/pedro/Documentos/airflow/venv/lib/python3.9/site-packages/airflow/example_dags/example_xcomargs.py for tasks to queue
[2025-05-09 14:42:19,551] {logging_mixin.py:115} INFO - [2025-05-09 14:42:19,551] {dagbag.py:507} INFO - Filling up the DagBag from /home/pedro/Documentos/airflow/venv/lib/python3.9/site-packages/airflow/example_dags/example_xcomargs.py
[2025-05-09 14:42:19,565] {processor.py:651} INFO - DAG(s) dict_keys(['example_xcom_args', 'example_xcom_args_with_operators']) retrieved from /home/pedro/Documentos/airflow/venv/lib/python3.9/site-packages/airflow/example_dags/example_xcomargs.py
[2025-05-09 14:42:19,577] {logging_mixin.py:115} INFO - [2025-05-09 14:42:19,577] {dag.py:2379} INFO - Sync 2 DAGs
[2025-05-09 14:42:19,588] {logging_mixin.py:115} INFO - [2025-05-09 14:42:19,588] {dag.py:2927} INFO - Setting next_dagrun for example_xcom_args to None, run_after=None
[2025-05-09 14:42:19,588] {logging_mixin.py:115} INFO - [2025-05-09 14:42:19,588] {dag.py:2927} INFO - Setting next_dagrun for example_xcom_args_with_operators to None, run_after=None
[2025-05-09 14:42:19,598] {processor.py:161} INFO - Processing /home/pedro/Documentos/airflow/venv/lib/python3.9/site-packages/airflow/example_dags/example_xcomargs.py took 0.049 seconds
[2025-05-09 14:42:53,626] {processor.py:153} INFO - Started process (PID=67315) to work on /home/pedro/Documentos/airflow/venv/lib/python3.9/site-packages/airflow/example_dags/example_xcomargs.py
[2025-05-09 14:42:53,638] {processor.py:641} INFO - Processing file /home/pedro/Documentos/airflow/venv/lib/python3.9/site-packages/airflow/example_dags/example_xcomargs.py for tasks to queue
[2025-05-09 14:42:53,639] {logging_mixin.py:115} INFO - [2025-05-09 14:42:53,639] {dagbag.py:507} INFO - Filling up the DagBag from /home/pedro/Documentos/airflow/venv/lib/python3.9/site-packages/airflow/example_dags/example_xcomargs.py
[2025-05-09 14:42:53,655] {processor.py:651} INFO - DAG(s) dict_keys(['example_xcom_args', 'example_xcom_args_with_operators']) retrieved from /home/pedro/Documentos/airflow/venv/lib/python3.9/site-packages/airflow/example_dags/example_xcomargs.py
[2025-05-09 14:42:53,667] {logging_mixin.py:115} INFO - [2025-05-09 14:42:53,666] {dag.py:2379} INFO - Sync 2 DAGs
[2025-05-09 14:42:53,678] {logging_mixin.py:115} INFO - [2025-05-09 14:42:53,678] {dag.py:2927} INFO - Setting next_dagrun for example_xcom_args to None, run_after=None
[2025-05-09 14:42:53,678] {logging_mixin.py:115} INFO - [2025-05-09 14:42:53,678] {dag.py:2927} INFO - Setting next_dagrun for example_xcom_args_with_operators to None, run_after=None
[2025-05-09 14:42:53,687] {processor.py:161} INFO - Processing /home/pedro/Documentos/airflow/venv/lib/python3.9/site-packages/airflow/example_dags/example_xcomargs.py took 0.063 seconds
[2025-05-09 14:43:25,616] {processor.py:153} INFO - Started process (PID=67542) to work on /home/pedro/Documentos/airflow/venv/lib/python3.9/site-packages/airflow/example_dags/example_xcomargs.py
[2025-05-09 14:43:25,629] {processor.py:641} INFO - Processing file /home/pedro/Documentos/airflow/venv/lib/python3.9/site-packages/airflow/example_dags/example_xcomargs.py for tasks to queue
[2025-05-09 14:43:25,629] {logging_mixin.py:115} INFO - [2025-05-09 14:43:25,629] {dagbag.py:507} INFO - Filling up the DagBag from /home/pedro/Documentos/airflow/venv/lib/python3.9/site-packages/airflow/example_dags/example_xcomargs.py
[2025-05-09 14:43:25,644] {processor.py:651} INFO - DAG(s) dict_keys(['example_xcom_args', 'example_xcom_args_with_operators']) retrieved from /home/pedro/Documentos/airflow/venv/lib/python3.9/site-packages/airflow/example_dags/example_xcomargs.py
[2025-05-09 14:43:25,658] {logging_mixin.py:115} INFO - [2025-05-09 14:43:25,658] {dag.py:2379} INFO - Sync 2 DAGs
[2025-05-09 14:43:25,671] {logging_mixin.py:115} INFO - [2025-05-09 14:43:25,670] {dag.py:2927} INFO - Setting next_dagrun for example_xcom_args to None, run_after=None
[2025-05-09 14:43:25,671] {logging_mixin.py:115} INFO - [2025-05-09 14:43:25,671] {dag.py:2927} INFO - Setting next_dagrun for example_xcom_args_with_operators to None, run_after=None
[2025-05-09 14:43:25,683] {processor.py:161} INFO - Processing /home/pedro/Documentos/airflow/venv/lib/python3.9/site-packages/airflow/example_dags/example_xcomargs.py took 0.070 seconds
[2025-05-09 14:43:59,260] {processor.py:153} INFO - Started process (PID=68191) to work on /home/pedro/Documentos/airflow/venv/lib/python3.9/site-packages/airflow/example_dags/example_xcomargs.py
[2025-05-09 14:43:59,261] {processor.py:641} INFO - Processing file /home/pedro/Documentos/airflow/venv/lib/python3.9/site-packages/airflow/example_dags/example_xcomargs.py for tasks to queue
[2025-05-09 14:43:59,262] {logging_mixin.py:115} INFO - [2025-05-09 14:43:59,262] {dagbag.py:507} INFO - Filling up the DagBag from /home/pedro/Documentos/airflow/venv/lib/python3.9/site-packages/airflow/example_dags/example_xcomargs.py
[2025-05-09 14:43:59,275] {processor.py:651} INFO - DAG(s) dict_keys(['example_xcom_args', 'example_xcom_args_with_operators']) retrieved from /home/pedro/Documentos/airflow/venv/lib/python3.9/site-packages/airflow/example_dags/example_xcomargs.py
[2025-05-09 14:43:59,303] {logging_mixin.py:115} INFO - [2025-05-09 14:43:59,302] {dag.py:2379} INFO - Sync 2 DAGs
[2025-05-09 14:43:59,313] {logging_mixin.py:115} INFO - [2025-05-09 14:43:59,313] {dag.py:2927} INFO - Setting next_dagrun for example_xcom_args to None, run_after=None
[2025-05-09 14:43:59,313] {logging_mixin.py:115} INFO - [2025-05-09 14:43:59,313] {dag.py:2927} INFO - Setting next_dagrun for example_xcom_args_with_operators to None, run_after=None
[2025-05-09 14:43:59,323] {processor.py:161} INFO - Processing /home/pedro/Documentos/airflow/venv/lib/python3.9/site-packages/airflow/example_dags/example_xcomargs.py took 0.065 seconds
[2025-05-09 14:44:31,232] {processor.py:153} INFO - Started process (PID=68390) to work on /home/pedro/Documentos/airflow/venv/lib/python3.9/site-packages/airflow/example_dags/example_xcomargs.py
[2025-05-09 14:44:31,244] {processor.py:641} INFO - Processing file /home/pedro/Documentos/airflow/venv/lib/python3.9/site-packages/airflow/example_dags/example_xcomargs.py for tasks to queue
[2025-05-09 14:44:31,245] {logging_mixin.py:115} INFO - [2025-05-09 14:44:31,245] {dagbag.py:507} INFO - Filling up the DagBag from /home/pedro/Documentos/airflow/venv/lib/python3.9/site-packages/airflow/example_dags/example_xcomargs.py
[2025-05-09 14:44:31,259] {processor.py:651} INFO - DAG(s) dict_keys(['example_xcom_args', 'example_xcom_args_with_operators']) retrieved from /home/pedro/Documentos/airflow/venv/lib/python3.9/site-packages/airflow/example_dags/example_xcomargs.py
[2025-05-09 14:44:31,287] {logging_mixin.py:115} INFO - [2025-05-09 14:44:31,287] {dag.py:2379} INFO - Sync 2 DAGs
[2025-05-09 14:44:31,298] {logging_mixin.py:115} INFO - [2025-05-09 14:44:31,298] {dag.py:2927} INFO - Setting next_dagrun for example_xcom_args to None, run_after=None
[2025-05-09 14:44:31,298] {logging_mixin.py:115} INFO - [2025-05-09 14:44:31,298] {dag.py:2927} INFO - Setting next_dagrun for example_xcom_args_with_operators to None, run_after=None
[2025-05-09 14:44:31,308] {processor.py:161} INFO - Processing /home/pedro/Documentos/airflow/venv/lib/python3.9/site-packages/airflow/example_dags/example_xcomargs.py took 0.078 seconds
[2025-05-09 14:45:06,354] {processor.py:153} INFO - Started process (PID=68621) to work on /home/pedro/Documentos/airflow/venv/lib/python3.9/site-packages/airflow/example_dags/example_xcomargs.py
[2025-05-09 14:45:06,366] {processor.py:641} INFO - Processing file /home/pedro/Documentos/airflow/venv/lib/python3.9/site-packages/airflow/example_dags/example_xcomargs.py for tasks to queue
[2025-05-09 14:45:06,367] {logging_mixin.py:115} INFO - [2025-05-09 14:45:06,367] {dagbag.py:507} INFO - Filling up the DagBag from /home/pedro/Documentos/airflow/venv/lib/python3.9/site-packages/airflow/example_dags/example_xcomargs.py
[2025-05-09 14:45:06,382] {processor.py:651} INFO - DAG(s) dict_keys(['example_xcom_args', 'example_xcom_args_with_operators']) retrieved from /home/pedro/Documentos/airflow/venv/lib/python3.9/site-packages/airflow/example_dags/example_xcomargs.py
[2025-05-09 14:45:06,394] {logging_mixin.py:115} INFO - [2025-05-09 14:45:06,394] {dag.py:2379} INFO - Sync 2 DAGs
[2025-05-09 14:45:06,406] {logging_mixin.py:115} INFO - [2025-05-09 14:45:06,406] {dag.py:2927} INFO - Setting next_dagrun for example_xcom_args to None, run_after=None
[2025-05-09 14:45:06,406] {logging_mixin.py:115} INFO - [2025-05-09 14:45:06,406] {dag.py:2927} INFO - Setting next_dagrun for example_xcom_args_with_operators to None, run_after=None
[2025-05-09 14:45:06,416] {processor.py:161} INFO - Processing /home/pedro/Documentos/airflow/venv/lib/python3.9/site-packages/airflow/example_dags/example_xcomargs.py took 0.063 seconds
[2025-05-09 14:45:39,738] {processor.py:153} INFO - Started process (PID=68814) to work on /home/pedro/Documentos/airflow/venv/lib/python3.9/site-packages/airflow/example_dags/example_xcomargs.py
[2025-05-09 14:45:39,738] {processor.py:641} INFO - Processing file /home/pedro/Documentos/airflow/venv/lib/python3.9/site-packages/airflow/example_dags/example_xcomargs.py for tasks to queue
[2025-05-09 14:45:39,739] {logging_mixin.py:115} INFO - [2025-05-09 14:45:39,739] {dagbag.py:507} INFO - Filling up the DagBag from /home/pedro/Documentos/airflow/venv/lib/python3.9/site-packages/airflow/example_dags/example_xcomargs.py
[2025-05-09 14:45:39,752] {processor.py:651} INFO - DAG(s) dict_keys(['example_xcom_args', 'example_xcom_args_with_operators']) retrieved from /home/pedro/Documentos/airflow/venv/lib/python3.9/site-packages/airflow/example_dags/example_xcomargs.py
[2025-05-09 14:45:39,765] {logging_mixin.py:115} INFO - [2025-05-09 14:45:39,765] {dag.py:2379} INFO - Sync 2 DAGs
[2025-05-09 14:45:39,776] {logging_mixin.py:115} INFO - [2025-05-09 14:45:39,776] {dag.py:2927} INFO - Setting next_dagrun for example_xcom_args to None, run_after=None
[2025-05-09 14:45:39,776] {logging_mixin.py:115} INFO - [2025-05-09 14:45:39,776] {dag.py:2927} INFO - Setting next_dagrun for example_xcom_args_with_operators to None, run_after=None
[2025-05-09 14:45:39,785] {processor.py:161} INFO - Processing /home/pedro/Documentos/airflow/venv/lib/python3.9/site-packages/airflow/example_dags/example_xcomargs.py took 0.050 seconds
[2025-05-09 14:46:12,552] {processor.py:153} INFO - Started process (PID=69020) to work on /home/pedro/Documentos/airflow/venv/lib/python3.9/site-packages/airflow/example_dags/example_xcomargs.py
[2025-05-09 14:46:12,564] {processor.py:641} INFO - Processing file /home/pedro/Documentos/airflow/venv/lib/python3.9/site-packages/airflow/example_dags/example_xcomargs.py for tasks to queue
[2025-05-09 14:46:12,564] {logging_mixin.py:115} INFO - [2025-05-09 14:46:12,564] {dagbag.py:507} INFO - Filling up the DagBag from /home/pedro/Documentos/airflow/venv/lib/python3.9/site-packages/airflow/example_dags/example_xcomargs.py
[2025-05-09 14:46:12,579] {processor.py:651} INFO - DAG(s) dict_keys(['example_xcom_args', 'example_xcom_args_with_operators']) retrieved from /home/pedro/Documentos/airflow/venv/lib/python3.9/site-packages/airflow/example_dags/example_xcomargs.py
[2025-05-09 14:46:12,591] {logging_mixin.py:115} INFO - [2025-05-09 14:46:12,591] {dag.py:2379} INFO - Sync 2 DAGs
[2025-05-09 14:46:12,602] {logging_mixin.py:115} INFO - [2025-05-09 14:46:12,602] {dag.py:2927} INFO - Setting next_dagrun for example_xcom_args to None, run_after=None
[2025-05-09 14:46:12,603] {logging_mixin.py:115} INFO - [2025-05-09 14:46:12,603] {dag.py:2927} INFO - Setting next_dagrun for example_xcom_args_with_operators to None, run_after=None
[2025-05-09 14:46:12,612] {processor.py:161} INFO - Processing /home/pedro/Documentos/airflow/venv/lib/python3.9/site-packages/airflow/example_dags/example_xcomargs.py took 0.063 seconds
[2025-05-09 14:46:46,344] {processor.py:153} INFO - Started process (PID=69267) to work on /home/pedro/Documentos/airflow/venv/lib/python3.9/site-packages/airflow/example_dags/example_xcomargs.py
[2025-05-09 14:46:46,356] {processor.py:641} INFO - Processing file /home/pedro/Documentos/airflow/venv/lib/python3.9/site-packages/airflow/example_dags/example_xcomargs.py for tasks to queue
[2025-05-09 14:46:46,357] {logging_mixin.py:115} INFO - [2025-05-09 14:46:46,357] {dagbag.py:507} INFO - Filling up the DagBag from /home/pedro/Documentos/airflow/venv/lib/python3.9/site-packages/airflow/example_dags/example_xcomargs.py
[2025-05-09 14:46:46,374] {processor.py:651} INFO - DAG(s) dict_keys(['example_xcom_args', 'example_xcom_args_with_operators']) retrieved from /home/pedro/Documentos/airflow/venv/lib/python3.9/site-packages/airflow/example_dags/example_xcomargs.py
[2025-05-09 14:46:46,390] {logging_mixin.py:115} INFO - [2025-05-09 14:46:46,390] {dag.py:2379} INFO - Sync 2 DAGs
[2025-05-09 14:46:46,403] {logging_mixin.py:115} INFO - [2025-05-09 14:46:46,403] {dag.py:2927} INFO - Setting next_dagrun for example_xcom_args to None, run_after=None
[2025-05-09 14:46:46,403] {logging_mixin.py:115} INFO - [2025-05-09 14:46:46,403] {dag.py:2927} INFO - Setting next_dagrun for example_xcom_args_with_operators to None, run_after=None
[2025-05-09 14:46:46,413] {processor.py:161} INFO - Processing /home/pedro/Documentos/airflow/venv/lib/python3.9/site-packages/airflow/example_dags/example_xcomargs.py took 0.072 seconds
[2025-05-09 14:47:19,763] {processor.py:153} INFO - Started process (PID=69842) to work on /home/pedro/Documentos/airflow/venv/lib/python3.9/site-packages/airflow/example_dags/example_xcomargs.py
[2025-05-09 14:47:19,776] {processor.py:641} INFO - Processing file /home/pedro/Documentos/airflow/venv/lib/python3.9/site-packages/airflow/example_dags/example_xcomargs.py for tasks to queue
[2025-05-09 14:47:19,776] {logging_mixin.py:115} INFO - [2025-05-09 14:47:19,776] {dagbag.py:507} INFO - Filling up the DagBag from /home/pedro/Documentos/airflow/venv/lib/python3.9/site-packages/airflow/example_dags/example_xcomargs.py
[2025-05-09 14:47:19,791] {processor.py:651} INFO - DAG(s) dict_keys(['example_xcom_args', 'example_xcom_args_with_operators']) retrieved from /home/pedro/Documentos/airflow/venv/lib/python3.9/site-packages/airflow/example_dags/example_xcomargs.py
[2025-05-09 14:47:19,803] {logging_mixin.py:115} INFO - [2025-05-09 14:47:19,803] {dag.py:2379} INFO - Sync 2 DAGs
[2025-05-09 14:47:19,815] {logging_mixin.py:115} INFO - [2025-05-09 14:47:19,815] {dag.py:2927} INFO - Setting next_dagrun for example_xcom_args to None, run_after=None
[2025-05-09 14:47:19,815] {logging_mixin.py:115} INFO - [2025-05-09 14:47:19,815] {dag.py:2927} INFO - Setting next_dagrun for example_xcom_args_with_operators to None, run_after=None
[2025-05-09 14:47:19,825] {processor.py:161} INFO - Processing /home/pedro/Documentos/airflow/venv/lib/python3.9/site-packages/airflow/example_dags/example_xcomargs.py took 0.064 seconds
[2025-05-09 14:47:57,268] {processor.py:153} INFO - Started process (PID=70101) to work on /home/pedro/Documentos/airflow/venv/lib/python3.9/site-packages/airflow/example_dags/example_xcomargs.py
[2025-05-09 14:47:57,281] {processor.py:641} INFO - Processing file /home/pedro/Documentos/airflow/venv/lib/python3.9/site-packages/airflow/example_dags/example_xcomargs.py for tasks to queue
[2025-05-09 14:47:57,281] {logging_mixin.py:115} INFO - [2025-05-09 14:47:57,281] {dagbag.py:507} INFO - Filling up the DagBag from /home/pedro/Documentos/airflow/venv/lib/python3.9/site-packages/airflow/example_dags/example_xcomargs.py
[2025-05-09 14:47:57,296] {processor.py:651} INFO - DAG(s) dict_keys(['example_xcom_args', 'example_xcom_args_with_operators']) retrieved from /home/pedro/Documentos/airflow/venv/lib/python3.9/site-packages/airflow/example_dags/example_xcomargs.py
[2025-05-09 14:47:57,307] {logging_mixin.py:115} INFO - [2025-05-09 14:47:57,307] {dag.py:2379} INFO - Sync 2 DAGs
[2025-05-09 14:47:57,319] {logging_mixin.py:115} INFO - [2025-05-09 14:47:57,319] {dag.py:2927} INFO - Setting next_dagrun for example_xcom_args to None, run_after=None
[2025-05-09 14:47:57,319] {logging_mixin.py:115} INFO - [2025-05-09 14:47:57,319] {dag.py:2927} INFO - Setting next_dagrun for example_xcom_args_with_operators to None, run_after=None
[2025-05-09 14:47:57,329] {processor.py:161} INFO - Processing /home/pedro/Documentos/airflow/venv/lib/python3.9/site-packages/airflow/example_dags/example_xcomargs.py took 0.063 seconds
[2025-05-09 14:48:30,396] {processor.py:153} INFO - Started process (PID=70376) to work on /home/pedro/Documentos/airflow/venv/lib/python3.9/site-packages/airflow/example_dags/example_xcomargs.py
[2025-05-09 14:48:30,409] {processor.py:641} INFO - Processing file /home/pedro/Documentos/airflow/venv/lib/python3.9/site-packages/airflow/example_dags/example_xcomargs.py for tasks to queue
[2025-05-09 14:48:30,409] {logging_mixin.py:115} INFO - [2025-05-09 14:48:30,409] {dagbag.py:507} INFO - Filling up the DagBag from /home/pedro/Documentos/airflow/venv/lib/python3.9/site-packages/airflow/example_dags/example_xcomargs.py
[2025-05-09 14:48:30,424] {processor.py:651} INFO - DAG(s) dict_keys(['example_xcom_args', 'example_xcom_args_with_operators']) retrieved from /home/pedro/Documentos/airflow/venv/lib/python3.9/site-packages/airflow/example_dags/example_xcomargs.py
[2025-05-09 14:48:30,437] {logging_mixin.py:115} INFO - [2025-05-09 14:48:30,437] {dag.py:2379} INFO - Sync 2 DAGs
[2025-05-09 14:48:30,449] {logging_mixin.py:115} INFO - [2025-05-09 14:48:30,449] {dag.py:2927} INFO - Setting next_dagrun for example_xcom_args to None, run_after=None
[2025-05-09 14:48:30,449] {logging_mixin.py:115} INFO - [2025-05-09 14:48:30,449] {dag.py:2927} INFO - Setting next_dagrun for example_xcom_args_with_operators to None, run_after=None
[2025-05-09 14:48:30,459] {processor.py:161} INFO - Processing /home/pedro/Documentos/airflow/venv/lib/python3.9/site-packages/airflow/example_dags/example_xcomargs.py took 0.065 seconds
[2025-05-09 14:49:03,517] {processor.py:153} INFO - Started process (PID=70616) to work on /home/pedro/Documentos/airflow/venv/lib/python3.9/site-packages/airflow/example_dags/example_xcomargs.py
[2025-05-09 14:49:03,530] {processor.py:641} INFO - Processing file /home/pedro/Documentos/airflow/venv/lib/python3.9/site-packages/airflow/example_dags/example_xcomargs.py for tasks to queue
[2025-05-09 14:49:03,530] {logging_mixin.py:115} INFO - [2025-05-09 14:49:03,530] {dagbag.py:507} INFO - Filling up the DagBag from /home/pedro/Documentos/airflow/venv/lib/python3.9/site-packages/airflow/example_dags/example_xcomargs.py
[2025-05-09 14:49:03,545] {processor.py:651} INFO - DAG(s) dict_keys(['example_xcom_args', 'example_xcom_args_with_operators']) retrieved from /home/pedro/Documentos/airflow/venv/lib/python3.9/site-packages/airflow/example_dags/example_xcomargs.py
[2025-05-09 14:49:03,574] {logging_mixin.py:115} INFO - [2025-05-09 14:49:03,574] {dag.py:2379} INFO - Sync 2 DAGs
[2025-05-09 14:49:03,585] {logging_mixin.py:115} INFO - [2025-05-09 14:49:03,585] {dag.py:2927} INFO - Setting next_dagrun for example_xcom_args to None, run_after=None
[2025-05-09 14:49:03,585] {logging_mixin.py:115} INFO - [2025-05-09 14:49:03,585] {dag.py:2927} INFO - Setting next_dagrun for example_xcom_args_with_operators to None, run_after=None
[2025-05-09 14:49:03,596] {processor.py:161} INFO - Processing /home/pedro/Documentos/airflow/venv/lib/python3.9/site-packages/airflow/example_dags/example_xcomargs.py took 0.081 seconds
[2025-05-09 14:49:37,512] {processor.py:153} INFO - Started process (PID=70849) to work on /home/pedro/Documentos/airflow/venv/lib/python3.9/site-packages/airflow/example_dags/example_xcomargs.py
[2025-05-09 14:49:37,524] {processor.py:641} INFO - Processing file /home/pedro/Documentos/airflow/venv/lib/python3.9/site-packages/airflow/example_dags/example_xcomargs.py for tasks to queue
[2025-05-09 14:49:37,525] {logging_mixin.py:115} INFO - [2025-05-09 14:49:37,525] {dagbag.py:507} INFO - Filling up the DagBag from /home/pedro/Documentos/airflow/venv/lib/python3.9/site-packages/airflow/example_dags/example_xcomargs.py
[2025-05-09 14:49:37,540] {processor.py:651} INFO - DAG(s) dict_keys(['example_xcom_args', 'example_xcom_args_with_operators']) retrieved from /home/pedro/Documentos/airflow/venv/lib/python3.9/site-packages/airflow/example_dags/example_xcomargs.py
[2025-05-09 14:49:37,554] {logging_mixin.py:115} INFO - [2025-05-09 14:49:37,554] {dag.py:2379} INFO - Sync 2 DAGs
[2025-05-09 14:49:37,570] {logging_mixin.py:115} INFO - [2025-05-09 14:49:37,570] {dag.py:2927} INFO - Setting next_dagrun for example_xcom_args to None, run_after=None
[2025-05-09 14:49:37,571] {logging_mixin.py:115} INFO - [2025-05-09 14:49:37,571] {dag.py:2927} INFO - Setting next_dagrun for example_xcom_args_with_operators to None, run_after=None
[2025-05-09 14:49:37,583] {processor.py:161} INFO - Processing /home/pedro/Documentos/airflow/venv/lib/python3.9/site-packages/airflow/example_dags/example_xcomargs.py took 0.073 seconds
[2025-05-09 14:50:10,281] {processor.py:153} INFO - Started process (PID=71056) to work on /home/pedro/Documentos/airflow/venv/lib/python3.9/site-packages/airflow/example_dags/example_xcomargs.py
[2025-05-09 14:50:10,294] {processor.py:641} INFO - Processing file /home/pedro/Documentos/airflow/venv/lib/python3.9/site-packages/airflow/example_dags/example_xcomargs.py for tasks to queue
[2025-05-09 14:50:10,294] {logging_mixin.py:115} INFO - [2025-05-09 14:50:10,294] {dagbag.py:507} INFO - Filling up the DagBag from /home/pedro/Documentos/airflow/venv/lib/python3.9/site-packages/airflow/example_dags/example_xcomargs.py
[2025-05-09 14:50:10,309] {processor.py:651} INFO - DAG(s) dict_keys(['example_xcom_args', 'example_xcom_args_with_operators']) retrieved from /home/pedro/Documentos/airflow/venv/lib/python3.9/site-packages/airflow/example_dags/example_xcomargs.py
[2025-05-09 14:50:10,340] {logging_mixin.py:115} INFO - [2025-05-09 14:50:10,340] {dag.py:2379} INFO - Sync 2 DAGs
[2025-05-09 14:50:10,351] {logging_mixin.py:115} INFO - [2025-05-09 14:50:10,351] {dag.py:2927} INFO - Setting next_dagrun for example_xcom_args to None, run_after=None
[2025-05-09 14:50:10,351] {logging_mixin.py:115} INFO - [2025-05-09 14:50:10,351] {dag.py:2927} INFO - Setting next_dagrun for example_xcom_args_with_operators to None, run_after=None
[2025-05-09 14:50:10,362] {processor.py:161} INFO - Processing /home/pedro/Documentos/airflow/venv/lib/python3.9/site-packages/airflow/example_dags/example_xcomargs.py took 0.083 seconds
[2025-05-09 14:50:45,141] {processor.py:153} INFO - Started process (PID=71327) to work on /home/pedro/Documentos/airflow/venv/lib/python3.9/site-packages/airflow/example_dags/example_xcomargs.py
[2025-05-09 14:50:45,153] {processor.py:641} INFO - Processing file /home/pedro/Documentos/airflow/venv/lib/python3.9/site-packages/airflow/example_dags/example_xcomargs.py for tasks to queue
[2025-05-09 14:50:45,154] {logging_mixin.py:115} INFO - [2025-05-09 14:50:45,154] {dagbag.py:507} INFO - Filling up the DagBag from /home/pedro/Documentos/airflow/venv/lib/python3.9/site-packages/airflow/example_dags/example_xcomargs.py
[2025-05-09 14:50:45,168] {processor.py:651} INFO - DAG(s) dict_keys(['example_xcom_args', 'example_xcom_args_with_operators']) retrieved from /home/pedro/Documentos/airflow/venv/lib/python3.9/site-packages/airflow/example_dags/example_xcomargs.py
[2025-05-09 14:50:45,197] {logging_mixin.py:115} INFO - [2025-05-09 14:50:45,197] {dag.py:2379} INFO - Sync 2 DAGs
[2025-05-09 14:50:45,206] {logging_mixin.py:115} INFO - [2025-05-09 14:50:45,206] {dag.py:2927} INFO - Setting next_dagrun for example_xcom_args to None, run_after=None
[2025-05-09 14:50:45,207] {logging_mixin.py:115} INFO - [2025-05-09 14:50:45,206] {dag.py:2927} INFO - Setting next_dagrun for example_xcom_args_with_operators to None, run_after=None
[2025-05-09 14:50:45,217] {processor.py:161} INFO - Processing /home/pedro/Documentos/airflow/venv/lib/python3.9/site-packages/airflow/example_dags/example_xcomargs.py took 0.078 seconds
[2025-05-09 14:51:20,173] {processor.py:153} INFO - Started process (PID=71543) to work on /home/pedro/Documentos/airflow/venv/lib/python3.9/site-packages/airflow/example_dags/example_xcomargs.py
[2025-05-09 14:51:20,185] {processor.py:641} INFO - Processing file /home/pedro/Documentos/airflow/venv/lib/python3.9/site-packages/airflow/example_dags/example_xcomargs.py for tasks to queue
[2025-05-09 14:51:20,185] {logging_mixin.py:115} INFO - [2025-05-09 14:51:20,185] {dagbag.py:507} INFO - Filling up the DagBag from /home/pedro/Documentos/airflow/venv/lib/python3.9/site-packages/airflow/example_dags/example_xcomargs.py
[2025-05-09 14:51:20,200] {processor.py:651} INFO - DAG(s) dict_keys(['example_xcom_args', 'example_xcom_args_with_operators']) retrieved from /home/pedro/Documentos/airflow/venv/lib/python3.9/site-packages/airflow/example_dags/example_xcomargs.py
[2025-05-09 14:51:20,212] {logging_mixin.py:115} INFO - [2025-05-09 14:51:20,212] {dag.py:2379} INFO - Sync 2 DAGs
[2025-05-09 14:51:20,223] {logging_mixin.py:115} INFO - [2025-05-09 14:51:20,223] {dag.py:2927} INFO - Setting next_dagrun for example_xcom_args to None, run_after=None
[2025-05-09 14:51:20,223] {logging_mixin.py:115} INFO - [2025-05-09 14:51:20,223] {dag.py:2927} INFO - Setting next_dagrun for example_xcom_args_with_operators to None, run_after=None
[2025-05-09 14:51:20,235] {processor.py:161} INFO - Processing /home/pedro/Documentos/airflow/venv/lib/python3.9/site-packages/airflow/example_dags/example_xcomargs.py took 0.064 seconds
[2025-05-09 14:51:55,026] {processor.py:153} INFO - Started process (PID=71895) to work on /home/pedro/Documentos/airflow/venv/lib/python3.9/site-packages/airflow/example_dags/example_xcomargs.py
[2025-05-09 14:51:55,027] {processor.py:641} INFO - Processing file /home/pedro/Documentos/airflow/venv/lib/python3.9/site-packages/airflow/example_dags/example_xcomargs.py for tasks to queue
[2025-05-09 14:51:55,027] {logging_mixin.py:115} INFO - [2025-05-09 14:51:55,027] {dagbag.py:507} INFO - Filling up the DagBag from /home/pedro/Documentos/airflow/venv/lib/python3.9/site-packages/airflow/example_dags/example_xcomargs.py
[2025-05-09 14:51:55,043] {processor.py:651} INFO - DAG(s) dict_keys(['example_xcom_args', 'example_xcom_args_with_operators']) retrieved from /home/pedro/Documentos/airflow/venv/lib/python3.9/site-packages/airflow/example_dags/example_xcomargs.py
[2025-05-09 14:51:55,055] {logging_mixin.py:115} INFO - [2025-05-09 14:51:55,055] {dag.py:2379} INFO - Sync 2 DAGs
[2025-05-09 14:51:55,067] {logging_mixin.py:115} INFO - [2025-05-09 14:51:55,067] {dag.py:2927} INFO - Setting next_dagrun for example_xcom_args to None, run_after=None
[2025-05-09 14:51:55,067] {logging_mixin.py:115} INFO - [2025-05-09 14:51:55,067] {dag.py:2927} INFO - Setting next_dagrun for example_xcom_args_with_operators to None, run_after=None
[2025-05-09 14:51:55,077] {processor.py:161} INFO - Processing /home/pedro/Documentos/airflow/venv/lib/python3.9/site-packages/airflow/example_dags/example_xcomargs.py took 0.053 seconds
[2025-05-09 14:52:29,661] {processor.py:153} INFO - Started process (PID=72423) to work on /home/pedro/Documentos/airflow/venv/lib/python3.9/site-packages/airflow/example_dags/example_xcomargs.py
[2025-05-09 14:52:29,673] {processor.py:641} INFO - Processing file /home/pedro/Documentos/airflow/venv/lib/python3.9/site-packages/airflow/example_dags/example_xcomargs.py for tasks to queue
[2025-05-09 14:52:29,674] {logging_mixin.py:115} INFO - [2025-05-09 14:52:29,674] {dagbag.py:507} INFO - Filling up the DagBag from /home/pedro/Documentos/airflow/venv/lib/python3.9/site-packages/airflow/example_dags/example_xcomargs.py
[2025-05-09 14:52:29,688] {processor.py:651} INFO - DAG(s) dict_keys(['example_xcom_args', 'example_xcom_args_with_operators']) retrieved from /home/pedro/Documentos/airflow/venv/lib/python3.9/site-packages/airflow/example_dags/example_xcomargs.py
[2025-05-09 14:52:29,701] {logging_mixin.py:115} INFO - [2025-05-09 14:52:29,701] {dag.py:2379} INFO - Sync 2 DAGs
[2025-05-09 14:52:29,712] {logging_mixin.py:115} INFO - [2025-05-09 14:52:29,712] {dag.py:2927} INFO - Setting next_dagrun for example_xcom_args to None, run_after=None
[2025-05-09 14:52:29,712] {logging_mixin.py:115} INFO - [2025-05-09 14:52:29,712] {dag.py:2927} INFO - Setting next_dagrun for example_xcom_args_with_operators to None, run_after=None
[2025-05-09 14:52:29,721] {processor.py:161} INFO - Processing /home/pedro/Documentos/airflow/venv/lib/python3.9/site-packages/airflow/example_dags/example_xcomargs.py took 0.063 seconds
[2025-05-09 14:53:01,804] {processor.py:153} INFO - Started process (PID=72683) to work on /home/pedro/Documentos/airflow/venv/lib/python3.9/site-packages/airflow/example_dags/example_xcomargs.py
[2025-05-09 14:53:01,816] {processor.py:641} INFO - Processing file /home/pedro/Documentos/airflow/venv/lib/python3.9/site-packages/airflow/example_dags/example_xcomargs.py for tasks to queue
[2025-05-09 14:53:01,817] {logging_mixin.py:115} INFO - [2025-05-09 14:53:01,817] {dagbag.py:507} INFO - Filling up the DagBag from /home/pedro/Documentos/airflow/venv/lib/python3.9/site-packages/airflow/example_dags/example_xcomargs.py
[2025-05-09 14:53:01,833] {processor.py:651} INFO - DAG(s) dict_keys(['example_xcom_args', 'example_xcom_args_with_operators']) retrieved from /home/pedro/Documentos/airflow/venv/lib/python3.9/site-packages/airflow/example_dags/example_xcomargs.py
[2025-05-09 14:53:01,863] {logging_mixin.py:115} INFO - [2025-05-09 14:53:01,863] {dag.py:2379} INFO - Sync 2 DAGs
[2025-05-09 14:53:01,874] {logging_mixin.py:115} INFO - [2025-05-09 14:53:01,874] {dag.py:2927} INFO - Setting next_dagrun for example_xcom_args to None, run_after=None
[2025-05-09 14:53:01,874] {logging_mixin.py:115} INFO - [2025-05-09 14:53:01,874] {dag.py:2927} INFO - Setting next_dagrun for example_xcom_args_with_operators to None, run_after=None
[2025-05-09 14:53:01,887] {processor.py:161} INFO - Processing /home/pedro/Documentos/airflow/venv/lib/python3.9/site-packages/airflow/example_dags/example_xcomargs.py took 0.084 seconds
[2025-05-09 14:53:37,805] {processor.py:153} INFO - Started process (PID=73471) to work on /home/pedro/Documentos/airflow/venv/lib/python3.9/site-packages/airflow/example_dags/example_xcomargs.py
[2025-05-09 14:53:37,817] {processor.py:641} INFO - Processing file /home/pedro/Documentos/airflow/venv/lib/python3.9/site-packages/airflow/example_dags/example_xcomargs.py for tasks to queue
[2025-05-09 14:53:37,818] {logging_mixin.py:115} INFO - [2025-05-09 14:53:37,818] {dagbag.py:507} INFO - Filling up the DagBag from /home/pedro/Documentos/airflow/venv/lib/python3.9/site-packages/airflow/example_dags/example_xcomargs.py
[2025-05-09 14:53:37,833] {processor.py:651} INFO - DAG(s) dict_keys(['example_xcom_args', 'example_xcom_args_with_operators']) retrieved from /home/pedro/Documentos/airflow/venv/lib/python3.9/site-packages/airflow/example_dags/example_xcomargs.py
[2025-05-09 14:53:37,863] {logging_mixin.py:115} INFO - [2025-05-09 14:53:37,863] {dag.py:2379} INFO - Sync 2 DAGs
[2025-05-09 14:53:37,873] {logging_mixin.py:115} INFO - [2025-05-09 14:53:37,873] {dag.py:2927} INFO - Setting next_dagrun for example_xcom_args to None, run_after=None
[2025-05-09 14:53:37,873] {logging_mixin.py:115} INFO - [2025-05-09 14:53:37,873] {dag.py:2927} INFO - Setting next_dagrun for example_xcom_args_with_operators to None, run_after=None
[2025-05-09 14:53:37,884] {processor.py:161} INFO - Processing /home/pedro/Documentos/airflow/venv/lib/python3.9/site-packages/airflow/example_dags/example_xcomargs.py took 0.081 seconds
[2025-05-09 14:54:09,852] {processor.py:153} INFO - Started process (PID=74195) to work on /home/pedro/Documentos/airflow/venv/lib/python3.9/site-packages/airflow/example_dags/example_xcomargs.py
[2025-05-09 14:54:09,865] {processor.py:641} INFO - Processing file /home/pedro/Documentos/airflow/venv/lib/python3.9/site-packages/airflow/example_dags/example_xcomargs.py for tasks to queue
[2025-05-09 14:54:09,865] {logging_mixin.py:115} INFO - [2025-05-09 14:54:09,865] {dagbag.py:507} INFO - Filling up the DagBag from /home/pedro/Documentos/airflow/venv/lib/python3.9/site-packages/airflow/example_dags/example_xcomargs.py
[2025-05-09 14:54:09,879] {processor.py:651} INFO - DAG(s) dict_keys(['example_xcom_args', 'example_xcom_args_with_operators']) retrieved from /home/pedro/Documentos/airflow/venv/lib/python3.9/site-packages/airflow/example_dags/example_xcomargs.py
[2025-05-09 14:54:09,906] {logging_mixin.py:115} INFO - [2025-05-09 14:54:09,906] {dag.py:2379} INFO - Sync 2 DAGs
[2025-05-09 14:54:09,916] {logging_mixin.py:115} INFO - [2025-05-09 14:54:09,916] {dag.py:2927} INFO - Setting next_dagrun for example_xcom_args to None, run_after=None
[2025-05-09 14:54:09,916] {logging_mixin.py:115} INFO - [2025-05-09 14:54:09,916] {dag.py:2927} INFO - Setting next_dagrun for example_xcom_args_with_operators to None, run_after=None
[2025-05-09 14:54:09,927] {processor.py:161} INFO - Processing /home/pedro/Documentos/airflow/venv/lib/python3.9/site-packages/airflow/example_dags/example_xcomargs.py took 0.076 seconds
[2025-05-09 14:54:41,661] {processor.py:153} INFO - Started process (PID=74437) to work on /home/pedro/Documentos/airflow/venv/lib/python3.9/site-packages/airflow/example_dags/example_xcomargs.py
[2025-05-09 14:54:41,673] {processor.py:641} INFO - Processing file /home/pedro/Documentos/airflow/venv/lib/python3.9/site-packages/airflow/example_dags/example_xcomargs.py for tasks to queue
[2025-05-09 14:54:41,674] {logging_mixin.py:115} INFO - [2025-05-09 14:54:41,674] {dagbag.py:507} INFO - Filling up the DagBag from /home/pedro/Documentos/airflow/venv/lib/python3.9/site-packages/airflow/example_dags/example_xcomargs.py
[2025-05-09 14:54:41,689] {processor.py:651} INFO - DAG(s) dict_keys(['example_xcom_args', 'example_xcom_args_with_operators']) retrieved from /home/pedro/Documentos/airflow/venv/lib/python3.9/site-packages/airflow/example_dags/example_xcomargs.py
[2025-05-09 14:54:41,701] {logging_mixin.py:115} INFO - [2025-05-09 14:54:41,701] {dag.py:2379} INFO - Sync 2 DAGs
[2025-05-09 14:54:41,713] {logging_mixin.py:115} INFO - [2025-05-09 14:54:41,713] {dag.py:2927} INFO - Setting next_dagrun for example_xcom_args to None, run_after=None
[2025-05-09 14:54:41,713] {logging_mixin.py:115} INFO - [2025-05-09 14:54:41,713] {dag.py:2927} INFO - Setting next_dagrun for example_xcom_args_with_operators to None, run_after=None
[2025-05-09 14:54:41,722] {processor.py:161} INFO - Processing /home/pedro/Documentos/airflow/venv/lib/python3.9/site-packages/airflow/example_dags/example_xcomargs.py took 0.064 seconds
[2025-05-09 14:55:14,783] {processor.py:153} INFO - Started process (PID=74632) to work on /home/pedro/Documentos/airflow/venv/lib/python3.9/site-packages/airflow/example_dags/example_xcomargs.py
[2025-05-09 14:55:14,795] {processor.py:641} INFO - Processing file /home/pedro/Documentos/airflow/venv/lib/python3.9/site-packages/airflow/example_dags/example_xcomargs.py for tasks to queue
[2025-05-09 14:55:14,796] {logging_mixin.py:115} INFO - [2025-05-09 14:55:14,796] {dagbag.py:507} INFO - Filling up the DagBag from /home/pedro/Documentos/airflow/venv/lib/python3.9/site-packages/airflow/example_dags/example_xcomargs.py
[2025-05-09 14:55:14,809] {processor.py:651} INFO - DAG(s) dict_keys(['example_xcom_args', 'example_xcom_args_with_operators']) retrieved from /home/pedro/Documentos/airflow/venv/lib/python3.9/site-packages/airflow/example_dags/example_xcomargs.py
[2025-05-09 14:55:14,821] {logging_mixin.py:115} INFO - [2025-05-09 14:55:14,821] {dag.py:2379} INFO - Sync 2 DAGs
[2025-05-09 14:55:14,832] {logging_mixin.py:115} INFO - [2025-05-09 14:55:14,832] {dag.py:2927} INFO - Setting next_dagrun for example_xcom_args to None, run_after=None
[2025-05-09 14:55:14,833] {logging_mixin.py:115} INFO - [2025-05-09 14:55:14,833] {dag.py:2927} INFO - Setting next_dagrun for example_xcom_args_with_operators to None, run_after=None
[2025-05-09 14:55:14,842] {processor.py:161} INFO - Processing /home/pedro/Documentos/airflow/venv/lib/python3.9/site-packages/airflow/example_dags/example_xcomargs.py took 0.061 seconds
