[2025-05-09 14:33:54,833] {processor.py:153} INFO - Started process (PID=61697) to work on /home/pedro/Documentos/airflow/venv/lib/python3.9/site-packages/airflow/example_dags/example_sla_dag.py
[2025-05-09 14:33:54,834] {processor.py:641} INFO - Processing file /home/pedro/Documentos/airflow/venv/lib/python3.9/site-packages/airflow/example_dags/example_sla_dag.py for tasks to queue
[2025-05-09 14:33:54,834] {logging_mixin.py:115} INFO - [2025-05-09 14:33:54,834] {dagbag.py:507} INFO - Filling up the DagBag from /home/pedro/Documentos/airflow/venv/lib/python3.9/site-packages/airflow/example_dags/example_sla_dag.py
[2025-05-09 14:33:54,846] {processor.py:651} INFO - DAG(s) dict_keys(['example_sla_dag']) retrieved from /home/pedro/Documentos/airflow/venv/lib/python3.9/site-packages/airflow/example_dags/example_sla_dag.py
[2025-05-09 14:33:54,892] {logging_mixin.py:115} INFO - [2025-05-09 14:33:54,891] {manager.py:508} INFO - Created Permission View: can delete on DAG:example_sla_dag
[2025-05-09 14:33:54,899] {logging_mixin.py:115} INFO - [2025-05-09 14:33:54,899] {manager.py:508} INFO - Created Permission View: can read on DAG:example_sla_dag
[2025-05-09 14:33:54,906] {logging_mixin.py:115} INFO - [2025-05-09 14:33:54,906] {manager.py:508} INFO - Created Permission View: can edit on DAG:example_sla_dag
[2025-05-09 14:33:54,906] {logging_mixin.py:115} INFO - [2025-05-09 14:33:54,906] {dag.py:2379} INFO - Sync 1 DAGs
[2025-05-09 14:33:54,911] {logging_mixin.py:115} INFO - [2025-05-09 14:33:54,911] {dag.py:2398} INFO - Creating ORM DAG for example_sla_dag
[2025-05-09 14:33:54,918] {logging_mixin.py:115} INFO - [2025-05-09 14:33:54,918] {dag.py:2927} INFO - Setting next_dagrun for example_sla_dag to 2025-05-09T17:30:00+00:00, run_after=2025-05-09T17:32:00+00:00
[2025-05-09 14:33:54,930] {processor.py:161} INFO - Processing /home/pedro/Documentos/airflow/venv/lib/python3.9/site-packages/airflow/example_dags/example_sla_dag.py took 0.099 seconds
[2025-05-09 14:34:30,929] {processor.py:153} INFO - Started process (PID=62186) to work on /home/pedro/Documentos/airflow/venv/lib/python3.9/site-packages/airflow/example_dags/example_sla_dag.py
[2025-05-09 14:34:30,941] {processor.py:641} INFO - Processing file /home/pedro/Documentos/airflow/venv/lib/python3.9/site-packages/airflow/example_dags/example_sla_dag.py for tasks to queue
[2025-05-09 14:34:30,941] {logging_mixin.py:115} INFO - [2025-05-09 14:34:30,941] {dagbag.py:507} INFO - Filling up the DagBag from /home/pedro/Documentos/airflow/venv/lib/python3.9/site-packages/airflow/example_dags/example_sla_dag.py
[2025-05-09 14:34:30,953] {processor.py:651} INFO - DAG(s) dict_keys(['example_sla_dag']) retrieved from /home/pedro/Documentos/airflow/venv/lib/python3.9/site-packages/airflow/example_dags/example_sla_dag.py
[2025-05-09 14:34:30,966] {logging_mixin.py:115} INFO - [2025-05-09 14:34:30,966] {dag.py:2379} INFO - Sync 1 DAGs
[2025-05-09 14:34:30,979] {logging_mixin.py:115} INFO - [2025-05-09 14:34:30,979] {dag.py:2927} INFO - Setting next_dagrun for example_sla_dag to 2025-05-09T17:32:00+00:00, run_after=2025-05-09T17:34:00+00:00
[2025-05-09 14:34:30,990] {processor.py:161} INFO - Processing /home/pedro/Documentos/airflow/venv/lib/python3.9/site-packages/airflow/example_dags/example_sla_dag.py took 0.064 seconds
[2025-05-09 14:35:05,504] {processor.py:153} INFO - Started process (PID=62670) to work on /home/pedro/Documentos/airflow/venv/lib/python3.9/site-packages/airflow/example_dags/example_sla_dag.py
[2025-05-09 14:35:05,511] {processor.py:641} INFO - Processing file /home/pedro/Documentos/airflow/venv/lib/python3.9/site-packages/airflow/example_dags/example_sla_dag.py for tasks to queue
[2025-05-09 14:35:05,511] {logging_mixin.py:115} INFO - [2025-05-09 14:35:05,511] {dagbag.py:507} INFO - Filling up the DagBag from /home/pedro/Documentos/airflow/venv/lib/python3.9/site-packages/airflow/example_dags/example_sla_dag.py
[2025-05-09 14:35:05,523] {processor.py:651} INFO - DAG(s) dict_keys(['example_sla_dag']) retrieved from /home/pedro/Documentos/airflow/venv/lib/python3.9/site-packages/airflow/example_dags/example_sla_dag.py
[2025-05-09 14:35:05,535] {logging_mixin.py:115} INFO - [2025-05-09 14:35:05,535] {dag.py:2379} INFO - Sync 1 DAGs
[2025-05-09 14:35:05,547] {logging_mixin.py:115} INFO - [2025-05-09 14:35:05,547] {dag.py:2927} INFO - Setting next_dagrun for example_sla_dag to 2025-05-09T17:32:00+00:00, run_after=2025-05-09T17:34:00+00:00
[2025-05-09 14:35:05,580] {processor.py:161} INFO - Processing /home/pedro/Documentos/airflow/venv/lib/python3.9/site-packages/airflow/example_dags/example_sla_dag.py took 0.077 seconds
[2025-05-09 14:35:37,829] {processor.py:153} INFO - Started process (PID=63063) to work on /home/pedro/Documentos/airflow/venv/lib/python3.9/site-packages/airflow/example_dags/example_sla_dag.py
[2025-05-09 14:35:37,841] {processor.py:641} INFO - Processing file /home/pedro/Documentos/airflow/venv/lib/python3.9/site-packages/airflow/example_dags/example_sla_dag.py for tasks to queue
[2025-05-09 14:35:37,842] {logging_mixin.py:115} INFO - [2025-05-09 14:35:37,842] {dagbag.py:507} INFO - Filling up the DagBag from /home/pedro/Documentos/airflow/venv/lib/python3.9/site-packages/airflow/example_dags/example_sla_dag.py
[2025-05-09 14:35:37,854] {processor.py:651} INFO - DAG(s) dict_keys(['example_sla_dag']) retrieved from /home/pedro/Documentos/airflow/venv/lib/python3.9/site-packages/airflow/example_dags/example_sla_dag.py
[2025-05-09 14:35:37,868] {logging_mixin.py:115} INFO - [2025-05-09 14:35:37,868] {dag.py:2379} INFO - Sync 1 DAGs
[2025-05-09 14:35:37,882] {logging_mixin.py:115} INFO - [2025-05-09 14:35:37,882] {dag.py:2927} INFO - Setting next_dagrun for example_sla_dag to 2025-05-09T17:32:00+00:00, run_after=2025-05-09T17:34:00+00:00
[2025-05-09 14:35:37,894] {processor.py:161} INFO - Processing /home/pedro/Documentos/airflow/venv/lib/python3.9/site-packages/airflow/example_dags/example_sla_dag.py took 0.068 seconds
[2025-05-09 14:36:11,957] {processor.py:153} INFO - Started process (PID=63287) to work on /home/pedro/Documentos/airflow/venv/lib/python3.9/site-packages/airflow/example_dags/example_sla_dag.py
[2025-05-09 14:36:11,970] {processor.py:641} INFO - Processing file /home/pedro/Documentos/airflow/venv/lib/python3.9/site-packages/airflow/example_dags/example_sla_dag.py for tasks to queue
[2025-05-09 14:36:11,970] {logging_mixin.py:115} INFO - [2025-05-09 14:36:11,970] {dagbag.py:507} INFO - Filling up the DagBag from /home/pedro/Documentos/airflow/venv/lib/python3.9/site-packages/airflow/example_dags/example_sla_dag.py
[2025-05-09 14:36:11,983] {processor.py:651} INFO - DAG(s) dict_keys(['example_sla_dag']) retrieved from /home/pedro/Documentos/airflow/venv/lib/python3.9/site-packages/airflow/example_dags/example_sla_dag.py
[2025-05-09 14:36:11,996] {logging_mixin.py:115} INFO - [2025-05-09 14:36:11,996] {dag.py:2379} INFO - Sync 1 DAGs
[2025-05-09 14:36:12,009] {logging_mixin.py:115} INFO - [2025-05-09 14:36:12,009] {dag.py:2927} INFO - Setting next_dagrun for example_sla_dag to 2025-05-09T17:34:00+00:00, run_after=2025-05-09T17:36:00+00:00
[2025-05-09 14:36:12,020] {processor.py:161} INFO - Processing /home/pedro/Documentos/airflow/venv/lib/python3.9/site-packages/airflow/example_dags/example_sla_dag.py took 0.065 seconds
[2025-05-09 14:36:43,342] {processor.py:153} INFO - Started process (PID=63478) to work on /home/pedro/Documentos/airflow/venv/lib/python3.9/site-packages/airflow/example_dags/example_sla_dag.py
[2025-05-09 14:36:43,355] {processor.py:641} INFO - Processing file /home/pedro/Documentos/airflow/venv/lib/python3.9/site-packages/airflow/example_dags/example_sla_dag.py for tasks to queue
[2025-05-09 14:36:43,355] {logging_mixin.py:115} INFO - [2025-05-09 14:36:43,355] {dagbag.py:507} INFO - Filling up the DagBag from /home/pedro/Documentos/airflow/venv/lib/python3.9/site-packages/airflow/example_dags/example_sla_dag.py
[2025-05-09 14:36:43,368] {processor.py:651} INFO - DAG(s) dict_keys(['example_sla_dag']) retrieved from /home/pedro/Documentos/airflow/venv/lib/python3.9/site-packages/airflow/example_dags/example_sla_dag.py
[2025-05-09 14:36:43,380] {logging_mixin.py:115} INFO - [2025-05-09 14:36:43,380] {dag.py:2379} INFO - Sync 1 DAGs
[2025-05-09 14:36:43,395] {logging_mixin.py:115} INFO - [2025-05-09 14:36:43,395] {dag.py:2927} INFO - Setting next_dagrun for example_sla_dag to 2025-05-09T17:34:00+00:00, run_after=2025-05-09T17:36:00+00:00
[2025-05-09 14:36:43,405] {processor.py:161} INFO - Processing /home/pedro/Documentos/airflow/venv/lib/python3.9/site-packages/airflow/example_dags/example_sla_dag.py took 0.065 seconds
[2025-05-09 14:37:17,219] {processor.py:153} INFO - Started process (PID=63912) to work on /home/pedro/Documentos/airflow/venv/lib/python3.9/site-packages/airflow/example_dags/example_sla_dag.py
[2025-05-09 14:37:17,220] {processor.py:641} INFO - Processing file /home/pedro/Documentos/airflow/venv/lib/python3.9/site-packages/airflow/example_dags/example_sla_dag.py for tasks to queue
[2025-05-09 14:37:17,220] {logging_mixin.py:115} INFO - [2025-05-09 14:37:17,220] {dagbag.py:507} INFO - Filling up the DagBag from /home/pedro/Documentos/airflow/venv/lib/python3.9/site-packages/airflow/example_dags/example_sla_dag.py
[2025-05-09 14:37:17,240] {processor.py:651} INFO - DAG(s) dict_keys(['example_sla_dag']) retrieved from /home/pedro/Documentos/airflow/venv/lib/python3.9/site-packages/airflow/example_dags/example_sla_dag.py
[2025-05-09 14:37:17,259] {logging_mixin.py:115} INFO - [2025-05-09 14:37:17,259] {dag.py:2379} INFO - Sync 1 DAGs
[2025-05-09 14:37:17,278] {logging_mixin.py:115} INFO - [2025-05-09 14:37:17,278] {dag.py:2927} INFO - Setting next_dagrun for example_sla_dag to 2025-05-09T17:34:00+00:00, run_after=2025-05-09T17:36:00+00:00
[2025-05-09 14:37:17,292] {processor.py:161} INFO - Processing /home/pedro/Documentos/airflow/venv/lib/python3.9/site-packages/airflow/example_dags/example_sla_dag.py took 0.075 seconds
[2025-05-09 14:37:51,129] {processor.py:153} INFO - Started process (PID=64392) to work on /home/pedro/Documentos/airflow/venv/lib/python3.9/site-packages/airflow/example_dags/example_sla_dag.py
[2025-05-09 14:37:51,139] {processor.py:641} INFO - Processing file /home/pedro/Documentos/airflow/venv/lib/python3.9/site-packages/airflow/example_dags/example_sla_dag.py for tasks to queue
[2025-05-09 14:37:51,140] {logging_mixin.py:115} INFO - [2025-05-09 14:37:51,140] {dagbag.py:507} INFO - Filling up the DagBag from /home/pedro/Documentos/airflow/venv/lib/python3.9/site-packages/airflow/example_dags/example_sla_dag.py
[2025-05-09 14:37:51,156] {processor.py:651} INFO - DAG(s) dict_keys(['example_sla_dag']) retrieved from /home/pedro/Documentos/airflow/venv/lib/python3.9/site-packages/airflow/example_dags/example_sla_dag.py
[2025-05-09 14:37:51,175] {logging_mixin.py:115} INFO - [2025-05-09 14:37:51,175] {dag.py:2379} INFO - Sync 1 DAGs
[2025-05-09 14:37:51,191] {logging_mixin.py:115} INFO - [2025-05-09 14:37:51,191] {dag.py:2927} INFO - Setting next_dagrun for example_sla_dag to 2025-05-09T17:34:00+00:00, run_after=2025-05-09T17:36:00+00:00
[2025-05-09 14:37:51,203] {processor.py:161} INFO - Processing /home/pedro/Documentos/airflow/venv/lib/python3.9/site-packages/airflow/example_dags/example_sla_dag.py took 0.076 seconds
[2025-05-09 14:38:22,578] {processor.py:153} INFO - Started process (PID=64787) to work on /home/pedro/Documentos/airflow/venv/lib/python3.9/site-packages/airflow/example_dags/example_sla_dag.py
[2025-05-09 14:38:22,579] {processor.py:641} INFO - Processing file /home/pedro/Documentos/airflow/venv/lib/python3.9/site-packages/airflow/example_dags/example_sla_dag.py for tasks to queue
[2025-05-09 14:38:22,579] {logging_mixin.py:115} INFO - [2025-05-09 14:38:22,579] {dagbag.py:507} INFO - Filling up the DagBag from /home/pedro/Documentos/airflow/venv/lib/python3.9/site-packages/airflow/example_dags/example_sla_dag.py
[2025-05-09 14:38:22,592] {processor.py:651} INFO - DAG(s) dict_keys(['example_sla_dag']) retrieved from /home/pedro/Documentos/airflow/venv/lib/python3.9/site-packages/airflow/example_dags/example_sla_dag.py
[2025-05-09 14:38:22,608] {logging_mixin.py:115} INFO - [2025-05-09 14:38:22,608] {dag.py:2379} INFO - Sync 1 DAGs
[2025-05-09 14:38:22,622] {logging_mixin.py:115} INFO - [2025-05-09 14:38:22,622] {dag.py:2927} INFO - Setting next_dagrun for example_sla_dag to 2025-05-09T17:36:00+00:00, run_after=2025-05-09T17:38:00+00:00
[2025-05-09 14:38:22,634] {processor.py:161} INFO - Processing /home/pedro/Documentos/airflow/venv/lib/python3.9/site-packages/airflow/example_dags/example_sla_dag.py took 0.058 seconds
[2025-05-09 14:38:58,202] {processor.py:153} INFO - Started process (PID=65138) to work on /home/pedro/Documentos/airflow/venv/lib/python3.9/site-packages/airflow/example_dags/example_sla_dag.py
[2025-05-09 14:38:58,215] {processor.py:641} INFO - Processing file /home/pedro/Documentos/airflow/venv/lib/python3.9/site-packages/airflow/example_dags/example_sla_dag.py for tasks to queue
[2025-05-09 14:38:58,215] {logging_mixin.py:115} INFO - [2025-05-09 14:38:58,215] {dagbag.py:507} INFO - Filling up the DagBag from /home/pedro/Documentos/airflow/venv/lib/python3.9/site-packages/airflow/example_dags/example_sla_dag.py
[2025-05-09 14:38:58,228] {processor.py:651} INFO - DAG(s) dict_keys(['example_sla_dag']) retrieved from /home/pedro/Documentos/airflow/venv/lib/python3.9/site-packages/airflow/example_dags/example_sla_dag.py
[2025-05-09 14:38:58,240] {logging_mixin.py:115} INFO - [2025-05-09 14:38:58,240] {dag.py:2379} INFO - Sync 1 DAGs
[2025-05-09 14:38:58,252] {logging_mixin.py:115} INFO - [2025-05-09 14:38:58,252] {dag.py:2927} INFO - Setting next_dagrun for example_sla_dag to 2025-05-09T17:36:00+00:00, run_after=2025-05-09T17:38:00+00:00
[2025-05-09 14:38:58,262] {processor.py:161} INFO - Processing /home/pedro/Documentos/airflow/venv/lib/python3.9/site-packages/airflow/example_dags/example_sla_dag.py took 0.062 seconds
[2025-05-09 14:39:33,546] {processor.py:153} INFO - Started process (PID=65525) to work on /home/pedro/Documentos/airflow/venv/lib/python3.9/site-packages/airflow/example_dags/example_sla_dag.py
[2025-05-09 14:39:33,558] {processor.py:641} INFO - Processing file /home/pedro/Documentos/airflow/venv/lib/python3.9/site-packages/airflow/example_dags/example_sla_dag.py for tasks to queue
[2025-05-09 14:39:33,558] {logging_mixin.py:115} INFO - [2025-05-09 14:39:33,558] {dagbag.py:507} INFO - Filling up the DagBag from /home/pedro/Documentos/airflow/venv/lib/python3.9/site-packages/airflow/example_dags/example_sla_dag.py
[2025-05-09 14:39:33,570] {processor.py:651} INFO - DAG(s) dict_keys(['example_sla_dag']) retrieved from /home/pedro/Documentos/airflow/venv/lib/python3.9/site-packages/airflow/example_dags/example_sla_dag.py
[2025-05-09 14:39:33,583] {logging_mixin.py:115} INFO - [2025-05-09 14:39:33,582] {dag.py:2379} INFO - Sync 1 DAGs
[2025-05-09 14:39:33,595] {logging_mixin.py:115} INFO - [2025-05-09 14:39:33,595] {dag.py:2927} INFO - Setting next_dagrun for example_sla_dag to 2025-05-09T17:36:00+00:00, run_after=2025-05-09T17:38:00+00:00
[2025-05-09 14:39:33,604] {processor.py:161} INFO - Processing /home/pedro/Documentos/airflow/venv/lib/python3.9/site-packages/airflow/example_dags/example_sla_dag.py took 0.061 seconds
[2025-05-09 14:40:04,948] {processor.py:153} INFO - Started process (PID=65715) to work on /home/pedro/Documentos/airflow/venv/lib/python3.9/site-packages/airflow/example_dags/example_sla_dag.py
[2025-05-09 14:40:04,960] {processor.py:641} INFO - Processing file /home/pedro/Documentos/airflow/venv/lib/python3.9/site-packages/airflow/example_dags/example_sla_dag.py for tasks to queue
[2025-05-09 14:40:04,961] {logging_mixin.py:115} INFO - [2025-05-09 14:40:04,961] {dagbag.py:507} INFO - Filling up the DagBag from /home/pedro/Documentos/airflow/venv/lib/python3.9/site-packages/airflow/example_dags/example_sla_dag.py
[2025-05-09 14:40:04,973] {processor.py:651} INFO - DAG(s) dict_keys(['example_sla_dag']) retrieved from /home/pedro/Documentos/airflow/venv/lib/python3.9/site-packages/airflow/example_dags/example_sla_dag.py
[2025-05-09 14:40:04,985] {logging_mixin.py:115} INFO - [2025-05-09 14:40:04,985] {dag.py:2379} INFO - Sync 1 DAGs
[2025-05-09 14:40:04,998] {logging_mixin.py:115} INFO - [2025-05-09 14:40:04,998] {dag.py:2927} INFO - Setting next_dagrun for example_sla_dag to 2025-05-09T17:38:00+00:00, run_after=2025-05-09T17:40:00+00:00
[2025-05-09 14:40:05,007] {processor.py:161} INFO - Processing /home/pedro/Documentos/airflow/venv/lib/python3.9/site-packages/airflow/example_dags/example_sla_dag.py took 0.062 seconds
[2025-05-09 14:40:38,333] {processor.py:153} INFO - Started process (PID=65954) to work on /home/pedro/Documentos/airflow/venv/lib/python3.9/site-packages/airflow/example_dags/example_sla_dag.py
[2025-05-09 14:40:38,345] {processor.py:641} INFO - Processing file /home/pedro/Documentos/airflow/venv/lib/python3.9/site-packages/airflow/example_dags/example_sla_dag.py for tasks to queue
[2025-05-09 14:40:38,346] {logging_mixin.py:115} INFO - [2025-05-09 14:40:38,346] {dagbag.py:507} INFO - Filling up the DagBag from /home/pedro/Documentos/airflow/venv/lib/python3.9/site-packages/airflow/example_dags/example_sla_dag.py
[2025-05-09 14:40:38,357] {processor.py:651} INFO - DAG(s) dict_keys(['example_sla_dag']) retrieved from /home/pedro/Documentos/airflow/venv/lib/python3.9/site-packages/airflow/example_dags/example_sla_dag.py
[2025-05-09 14:40:38,370] {logging_mixin.py:115} INFO - [2025-05-09 14:40:38,370] {dag.py:2379} INFO - Sync 1 DAGs
[2025-05-09 14:40:38,384] {logging_mixin.py:115} INFO - [2025-05-09 14:40:38,383] {dag.py:2927} INFO - Setting next_dagrun for example_sla_dag to 2025-05-09T17:38:00+00:00, run_after=2025-05-09T17:40:00+00:00
[2025-05-09 14:40:38,393] {processor.py:161} INFO - Processing /home/pedro/Documentos/airflow/venv/lib/python3.9/site-packages/airflow/example_dags/example_sla_dag.py took 0.062 seconds
[2025-05-09 14:41:12,335] {processor.py:153} INFO - Started process (PID=66555) to work on /home/pedro/Documentos/airflow/venv/lib/python3.9/site-packages/airflow/example_dags/example_sla_dag.py
[2025-05-09 14:41:12,348] {processor.py:641} INFO - Processing file /home/pedro/Documentos/airflow/venv/lib/python3.9/site-packages/airflow/example_dags/example_sla_dag.py for tasks to queue
[2025-05-09 14:41:12,348] {logging_mixin.py:115} INFO - [2025-05-09 14:41:12,348] {dagbag.py:507} INFO - Filling up the DagBag from /home/pedro/Documentos/airflow/venv/lib/python3.9/site-packages/airflow/example_dags/example_sla_dag.py
[2025-05-09 14:41:12,361] {processor.py:651} INFO - DAG(s) dict_keys(['example_sla_dag']) retrieved from /home/pedro/Documentos/airflow/venv/lib/python3.9/site-packages/airflow/example_dags/example_sla_dag.py
[2025-05-09 14:41:12,377] {logging_mixin.py:115} INFO - [2025-05-09 14:41:12,377] {dag.py:2379} INFO - Sync 1 DAGs
[2025-05-09 14:41:12,393] {logging_mixin.py:115} INFO - [2025-05-09 14:41:12,392] {dag.py:2927} INFO - Setting next_dagrun for example_sla_dag to 2025-05-09T17:38:00+00:00, run_after=2025-05-09T17:40:00+00:00
[2025-05-09 14:41:12,443] {processor.py:161} INFO - Processing /home/pedro/Documentos/airflow/venv/lib/python3.9/site-packages/airflow/example_dags/example_sla_dag.py took 0.111 seconds
[2025-05-09 14:41:47,385] {processor.py:153} INFO - Started process (PID=66913) to work on /home/pedro/Documentos/airflow/venv/lib/python3.9/site-packages/airflow/example_dags/example_sla_dag.py
[2025-05-09 14:41:47,398] {processor.py:641} INFO - Processing file /home/pedro/Documentos/airflow/venv/lib/python3.9/site-packages/airflow/example_dags/example_sla_dag.py for tasks to queue
[2025-05-09 14:41:47,398] {logging_mixin.py:115} INFO - [2025-05-09 14:41:47,398] {dagbag.py:507} INFO - Filling up the DagBag from /home/pedro/Documentos/airflow/venv/lib/python3.9/site-packages/airflow/example_dags/example_sla_dag.py
[2025-05-09 14:41:47,410] {processor.py:651} INFO - DAG(s) dict_keys(['example_sla_dag']) retrieved from /home/pedro/Documentos/airflow/venv/lib/python3.9/site-packages/airflow/example_dags/example_sla_dag.py
[2025-05-09 14:41:47,422] {logging_mixin.py:115} INFO - [2025-05-09 14:41:47,421] {dag.py:2379} INFO - Sync 1 DAGs
[2025-05-09 14:41:47,435] {logging_mixin.py:115} INFO - [2025-05-09 14:41:47,435] {dag.py:2927} INFO - Setting next_dagrun for example_sla_dag to 2025-05-09T17:38:00+00:00, run_after=2025-05-09T17:40:00+00:00
[2025-05-09 14:41:47,444] {processor.py:161} INFO - Processing /home/pedro/Documentos/airflow/venv/lib/python3.9/site-packages/airflow/example_dags/example_sla_dag.py took 0.060 seconds
[2025-05-09 14:42:20,687] {processor.py:153} INFO - Started process (PID=67114) to work on /home/pedro/Documentos/airflow/venv/lib/python3.9/site-packages/airflow/example_dags/example_sla_dag.py
[2025-05-09 14:42:20,699] {processor.py:641} INFO - Processing file /home/pedro/Documentos/airflow/venv/lib/python3.9/site-packages/airflow/example_dags/example_sla_dag.py for tasks to queue
[2025-05-09 14:42:20,700] {logging_mixin.py:115} INFO - [2025-05-09 14:42:20,699] {dagbag.py:507} INFO - Filling up the DagBag from /home/pedro/Documentos/airflow/venv/lib/python3.9/site-packages/airflow/example_dags/example_sla_dag.py
[2025-05-09 14:42:20,711] {processor.py:651} INFO - DAG(s) dict_keys(['example_sla_dag']) retrieved from /home/pedro/Documentos/airflow/venv/lib/python3.9/site-packages/airflow/example_dags/example_sla_dag.py
[2025-05-09 14:42:20,723] {logging_mixin.py:115} INFO - [2025-05-09 14:42:20,723] {dag.py:2379} INFO - Sync 1 DAGs
[2025-05-09 14:42:20,736] {logging_mixin.py:115} INFO - [2025-05-09 14:42:20,735] {dag.py:2927} INFO - Setting next_dagrun for example_sla_dag to 2025-05-09T17:40:00+00:00, run_after=2025-05-09T17:42:00+00:00
[2025-05-09 14:42:20,745] {processor.py:161} INFO - Processing /home/pedro/Documentos/airflow/venv/lib/python3.9/site-packages/airflow/example_dags/example_sla_dag.py took 0.061 seconds
[2025-05-09 14:42:54,759] {processor.py:153} INFO - Started process (PID=67316) to work on /home/pedro/Documentos/airflow/venv/lib/python3.9/site-packages/airflow/example_dags/example_sla_dag.py
[2025-05-09 14:42:54,771] {processor.py:641} INFO - Processing file /home/pedro/Documentos/airflow/venv/lib/python3.9/site-packages/airflow/example_dags/example_sla_dag.py for tasks to queue
[2025-05-09 14:42:54,772] {logging_mixin.py:115} INFO - [2025-05-09 14:42:54,772] {dagbag.py:507} INFO - Filling up the DagBag from /home/pedro/Documentos/airflow/venv/lib/python3.9/site-packages/airflow/example_dags/example_sla_dag.py
[2025-05-09 14:42:54,784] {processor.py:651} INFO - DAG(s) dict_keys(['example_sla_dag']) retrieved from /home/pedro/Documentos/airflow/venv/lib/python3.9/site-packages/airflow/example_dags/example_sla_dag.py
[2025-05-09 14:42:54,796] {logging_mixin.py:115} INFO - [2025-05-09 14:42:54,796] {dag.py:2379} INFO - Sync 1 DAGs
[2025-05-09 14:42:54,809] {logging_mixin.py:115} INFO - [2025-05-09 14:42:54,809] {dag.py:2927} INFO - Setting next_dagrun for example_sla_dag to 2025-05-09T17:40:00+00:00, run_after=2025-05-09T17:42:00+00:00
[2025-05-09 14:42:54,817] {processor.py:161} INFO - Processing /home/pedro/Documentos/airflow/venv/lib/python3.9/site-packages/airflow/example_dags/example_sla_dag.py took 0.061 seconds
[2025-05-09 14:43:30,445] {processor.py:153} INFO - Started process (PID=67789) to work on /home/pedro/Documentos/airflow/venv/lib/python3.9/site-packages/airflow/example_dags/example_sla_dag.py
[2025-05-09 14:43:30,457] {processor.py:641} INFO - Processing file /home/pedro/Documentos/airflow/venv/lib/python3.9/site-packages/airflow/example_dags/example_sla_dag.py for tasks to queue
[2025-05-09 14:43:30,458] {logging_mixin.py:115} INFO - [2025-05-09 14:43:30,458] {dagbag.py:507} INFO - Filling up the DagBag from /home/pedro/Documentos/airflow/venv/lib/python3.9/site-packages/airflow/example_dags/example_sla_dag.py
[2025-05-09 14:43:30,470] {processor.py:651} INFO - DAG(s) dict_keys(['example_sla_dag']) retrieved from /home/pedro/Documentos/airflow/venv/lib/python3.9/site-packages/airflow/example_dags/example_sla_dag.py
[2025-05-09 14:43:30,483] {logging_mixin.py:115} INFO - [2025-05-09 14:43:30,483] {dag.py:2379} INFO - Sync 1 DAGs
[2025-05-09 14:43:30,501] {logging_mixin.py:115} INFO - [2025-05-09 14:43:30,501] {dag.py:2927} INFO - Setting next_dagrun for example_sla_dag to 2025-05-09T17:40:00+00:00, run_after=2025-05-09T17:42:00+00:00
[2025-05-09 14:43:30,517] {processor.py:161} INFO - Processing /home/pedro/Documentos/airflow/venv/lib/python3.9/site-packages/airflow/example_dags/example_sla_dag.py took 0.074 seconds
[2025-05-09 14:44:03,564] {processor.py:153} INFO - Started process (PID=68216) to work on /home/pedro/Documentos/airflow/venv/lib/python3.9/site-packages/airflow/example_dags/example_sla_dag.py
[2025-05-09 14:44:03,576] {processor.py:641} INFO - Processing file /home/pedro/Documentos/airflow/venv/lib/python3.9/site-packages/airflow/example_dags/example_sla_dag.py for tasks to queue
[2025-05-09 14:44:03,577] {logging_mixin.py:115} INFO - [2025-05-09 14:44:03,576] {dagbag.py:507} INFO - Filling up the DagBag from /home/pedro/Documentos/airflow/venv/lib/python3.9/site-packages/airflow/example_dags/example_sla_dag.py
[2025-05-09 14:44:03,591] {processor.py:651} INFO - DAG(s) dict_keys(['example_sla_dag']) retrieved from /home/pedro/Documentos/airflow/venv/lib/python3.9/site-packages/airflow/example_dags/example_sla_dag.py
[2025-05-09 14:44:03,601] {logging_mixin.py:115} INFO - [2025-05-09 14:44:03,601] {dag.py:2379} INFO - Sync 1 DAGs
[2025-05-09 14:44:03,615] {logging_mixin.py:115} INFO - [2025-05-09 14:44:03,615] {dag.py:2927} INFO - Setting next_dagrun for example_sla_dag to 2025-05-09T17:42:00+00:00, run_after=2025-05-09T17:44:00+00:00
[2025-05-09 14:44:03,624] {processor.py:161} INFO - Processing /home/pedro/Documentos/airflow/venv/lib/python3.9/site-packages/airflow/example_dags/example_sla_dag.py took 0.063 seconds
[2025-05-09 14:44:37,221] {processor.py:153} INFO - Started process (PID=68417) to work on /home/pedro/Documentos/airflow/venv/lib/python3.9/site-packages/airflow/example_dags/example_sla_dag.py
[2025-05-09 14:44:37,233] {processor.py:641} INFO - Processing file /home/pedro/Documentos/airflow/venv/lib/python3.9/site-packages/airflow/example_dags/example_sla_dag.py for tasks to queue
[2025-05-09 14:44:37,233] {logging_mixin.py:115} INFO - [2025-05-09 14:44:37,233] {dagbag.py:507} INFO - Filling up the DagBag from /home/pedro/Documentos/airflow/venv/lib/python3.9/site-packages/airflow/example_dags/example_sla_dag.py
[2025-05-09 14:44:37,247] {processor.py:651} INFO - DAG(s) dict_keys(['example_sla_dag']) retrieved from /home/pedro/Documentos/airflow/venv/lib/python3.9/site-packages/airflow/example_dags/example_sla_dag.py
[2025-05-09 14:44:37,257] {logging_mixin.py:115} INFO - [2025-05-09 14:44:37,257] {dag.py:2379} INFO - Sync 1 DAGs
[2025-05-09 14:44:37,270] {logging_mixin.py:115} INFO - [2025-05-09 14:44:37,269] {dag.py:2927} INFO - Setting next_dagrun for example_sla_dag to 2025-05-09T17:42:00+00:00, run_after=2025-05-09T17:44:00+00:00
[2025-05-09 14:44:37,279] {processor.py:161} INFO - Processing /home/pedro/Documentos/airflow/venv/lib/python3.9/site-packages/airflow/example_dags/example_sla_dag.py took 0.060 seconds
[2025-05-09 14:45:08,996] {processor.py:153} INFO - Started process (PID=68637) to work on /home/pedro/Documentos/airflow/venv/lib/python3.9/site-packages/airflow/example_dags/example_sla_dag.py
[2025-05-09 14:45:08,997] {processor.py:641} INFO - Processing file /home/pedro/Documentos/airflow/venv/lib/python3.9/site-packages/airflow/example_dags/example_sla_dag.py for tasks to queue
[2025-05-09 14:45:08,997] {logging_mixin.py:115} INFO - [2025-05-09 14:45:08,997] {dagbag.py:507} INFO - Filling up the DagBag from /home/pedro/Documentos/airflow/venv/lib/python3.9/site-packages/airflow/example_dags/example_sla_dag.py
[2025-05-09 14:45:09,011] {processor.py:651} INFO - DAG(s) dict_keys(['example_sla_dag']) retrieved from /home/pedro/Documentos/airflow/venv/lib/python3.9/site-packages/airflow/example_dags/example_sla_dag.py
[2025-05-09 14:45:09,021] {logging_mixin.py:115} INFO - [2025-05-09 14:45:09,021] {dag.py:2379} INFO - Sync 1 DAGs
[2025-05-09 14:45:09,034] {logging_mixin.py:115} INFO - [2025-05-09 14:45:09,034] {dag.py:2927} INFO - Setting next_dagrun for example_sla_dag to 2025-05-09T17:42:00+00:00, run_after=2025-05-09T17:44:00+00:00
[2025-05-09 14:45:09,043] {processor.py:161} INFO - Processing /home/pedro/Documentos/airflow/venv/lib/python3.9/site-packages/airflow/example_dags/example_sla_dag.py took 0.049 seconds
[2025-05-09 14:45:42,016] {processor.py:153} INFO - Started process (PID=68836) to work on /home/pedro/Documentos/airflow/venv/lib/python3.9/site-packages/airflow/example_dags/example_sla_dag.py
[2025-05-09 14:45:42,029] {processor.py:641} INFO - Processing file /home/pedro/Documentos/airflow/venv/lib/python3.9/site-packages/airflow/example_dags/example_sla_dag.py for tasks to queue
[2025-05-09 14:45:42,029] {logging_mixin.py:115} INFO - [2025-05-09 14:45:42,029] {dagbag.py:507} INFO - Filling up the DagBag from /home/pedro/Documentos/airflow/venv/lib/python3.9/site-packages/airflow/example_dags/example_sla_dag.py
[2025-05-09 14:45:42,044] {processor.py:651} INFO - DAG(s) dict_keys(['example_sla_dag']) retrieved from /home/pedro/Documentos/airflow/venv/lib/python3.9/site-packages/airflow/example_dags/example_sla_dag.py
[2025-05-09 14:45:42,055] {logging_mixin.py:115} INFO - [2025-05-09 14:45:42,055] {dag.py:2379} INFO - Sync 1 DAGs
[2025-05-09 14:45:42,068] {logging_mixin.py:115} INFO - [2025-05-09 14:45:42,068] {dag.py:2927} INFO - Setting next_dagrun for example_sla_dag to 2025-05-09T17:42:00+00:00, run_after=2025-05-09T17:44:00+00:00
[2025-05-09 14:45:42,078] {processor.py:161} INFO - Processing /home/pedro/Documentos/airflow/venv/lib/python3.9/site-packages/airflow/example_dags/example_sla_dag.py took 0.064 seconds
[2025-05-09 14:46:18,180] {processor.py:153} INFO - Started process (PID=69044) to work on /home/pedro/Documentos/airflow/venv/lib/python3.9/site-packages/airflow/example_dags/example_sla_dag.py
[2025-05-09 14:46:18,192] {processor.py:641} INFO - Processing file /home/pedro/Documentos/airflow/venv/lib/python3.9/site-packages/airflow/example_dags/example_sla_dag.py for tasks to queue
[2025-05-09 14:46:18,193] {logging_mixin.py:115} INFO - [2025-05-09 14:46:18,193] {dagbag.py:507} INFO - Filling up the DagBag from /home/pedro/Documentos/airflow/venv/lib/python3.9/site-packages/airflow/example_dags/example_sla_dag.py
[2025-05-09 14:46:18,207] {processor.py:651} INFO - DAG(s) dict_keys(['example_sla_dag']) retrieved from /home/pedro/Documentos/airflow/venv/lib/python3.9/site-packages/airflow/example_dags/example_sla_dag.py
[2025-05-09 14:46:18,217] {logging_mixin.py:115} INFO - [2025-05-09 14:46:18,217] {dag.py:2379} INFO - Sync 1 DAGs
[2025-05-09 14:46:18,230] {logging_mixin.py:115} INFO - [2025-05-09 14:46:18,230] {dag.py:2927} INFO - Setting next_dagrun for example_sla_dag to 2025-05-09T17:44:00+00:00, run_after=2025-05-09T17:46:00+00:00
[2025-05-09 14:46:18,239] {processor.py:161} INFO - Processing /home/pedro/Documentos/airflow/venv/lib/python3.9/site-packages/airflow/example_dags/example_sla_dag.py took 0.061 seconds
[2025-05-09 14:46:51,100] {processor.py:153} INFO - Started process (PID=69520) to work on /home/pedro/Documentos/airflow/venv/lib/python3.9/site-packages/airflow/example_dags/example_sla_dag.py
[2025-05-09 14:46:51,112] {processor.py:641} INFO - Processing file /home/pedro/Documentos/airflow/venv/lib/python3.9/site-packages/airflow/example_dags/example_sla_dag.py for tasks to queue
[2025-05-09 14:46:51,113] {logging_mixin.py:115} INFO - [2025-05-09 14:46:51,112] {dagbag.py:507} INFO - Filling up the DagBag from /home/pedro/Documentos/airflow/venv/lib/python3.9/site-packages/airflow/example_dags/example_sla_dag.py
[2025-05-09 14:46:51,127] {processor.py:651} INFO - DAG(s) dict_keys(['example_sla_dag']) retrieved from /home/pedro/Documentos/airflow/venv/lib/python3.9/site-packages/airflow/example_dags/example_sla_dag.py
[2025-05-09 14:46:51,139] {logging_mixin.py:115} INFO - [2025-05-09 14:46:51,138] {dag.py:2379} INFO - Sync 1 DAGs
[2025-05-09 14:46:51,153] {logging_mixin.py:115} INFO - [2025-05-09 14:46:51,153] {dag.py:2927} INFO - Setting next_dagrun for example_sla_dag to 2025-05-09T17:44:00+00:00, run_after=2025-05-09T17:46:00+00:00
[2025-05-09 14:46:51,162] {processor.py:161} INFO - Processing /home/pedro/Documentos/airflow/venv/lib/python3.9/site-packages/airflow/example_dags/example_sla_dag.py took 0.065 seconds
[2025-05-09 14:47:26,869] {processor.py:153} INFO - Started process (PID=69922) to work on /home/pedro/Documentos/airflow/venv/lib/python3.9/site-packages/airflow/example_dags/example_sla_dag.py
[2025-05-09 14:47:26,881] {processor.py:641} INFO - Processing file /home/pedro/Documentos/airflow/venv/lib/python3.9/site-packages/airflow/example_dags/example_sla_dag.py for tasks to queue
[2025-05-09 14:47:26,882] {logging_mixin.py:115} INFO - [2025-05-09 14:47:26,882] {dagbag.py:507} INFO - Filling up the DagBag from /home/pedro/Documentos/airflow/venv/lib/python3.9/site-packages/airflow/example_dags/example_sla_dag.py
[2025-05-09 14:47:26,895] {processor.py:651} INFO - DAG(s) dict_keys(['example_sla_dag']) retrieved from /home/pedro/Documentos/airflow/venv/lib/python3.9/site-packages/airflow/example_dags/example_sla_dag.py
[2025-05-09 14:47:26,906] {logging_mixin.py:115} INFO - [2025-05-09 14:47:26,906] {dag.py:2379} INFO - Sync 1 DAGs
[2025-05-09 14:47:26,918] {logging_mixin.py:115} INFO - [2025-05-09 14:47:26,918] {dag.py:2927} INFO - Setting next_dagrun for example_sla_dag to 2025-05-09T17:44:00+00:00, run_after=2025-05-09T17:46:00+00:00
[2025-05-09 14:47:26,955] {processor.py:161} INFO - Processing /home/pedro/Documentos/airflow/venv/lib/python3.9/site-packages/airflow/example_dags/example_sla_dag.py took 0.088 seconds
[2025-05-09 14:48:02,948] {processor.py:153} INFO - Started process (PID=70145) to work on /home/pedro/Documentos/airflow/venv/lib/python3.9/site-packages/airflow/example_dags/example_sla_dag.py
[2025-05-09 14:48:02,960] {processor.py:641} INFO - Processing file /home/pedro/Documentos/airflow/venv/lib/python3.9/site-packages/airflow/example_dags/example_sla_dag.py for tasks to queue
[2025-05-09 14:48:02,961] {logging_mixin.py:115} INFO - [2025-05-09 14:48:02,961] {dagbag.py:507} INFO - Filling up the DagBag from /home/pedro/Documentos/airflow/venv/lib/python3.9/site-packages/airflow/example_dags/example_sla_dag.py
[2025-05-09 14:48:02,975] {processor.py:651} INFO - DAG(s) dict_keys(['example_sla_dag']) retrieved from /home/pedro/Documentos/airflow/venv/lib/python3.9/site-packages/airflow/example_dags/example_sla_dag.py
[2025-05-09 14:48:02,985] {logging_mixin.py:115} INFO - [2025-05-09 14:48:02,985] {dag.py:2379} INFO - Sync 1 DAGs
[2025-05-09 14:48:02,999] {logging_mixin.py:115} INFO - [2025-05-09 14:48:02,999] {dag.py:2927} INFO - Setting next_dagrun for example_sla_dag to 2025-05-09T17:46:00+00:00, run_after=2025-05-09T17:48:00+00:00
[2025-05-09 14:48:03,009] {processor.py:161} INFO - Processing /home/pedro/Documentos/airflow/venv/lib/python3.9/site-packages/airflow/example_dags/example_sla_dag.py took 0.063 seconds
[2025-05-09 14:48:34,393] {processor.py:153} INFO - Started process (PID=70403) to work on /home/pedro/Documentos/airflow/venv/lib/python3.9/site-packages/airflow/example_dags/example_sla_dag.py
[2025-05-09 14:48:34,406] {processor.py:641} INFO - Processing file /home/pedro/Documentos/airflow/venv/lib/python3.9/site-packages/airflow/example_dags/example_sla_dag.py for tasks to queue
[2025-05-09 14:48:34,406] {logging_mixin.py:115} INFO - [2025-05-09 14:48:34,406] {dagbag.py:507} INFO - Filling up the DagBag from /home/pedro/Documentos/airflow/venv/lib/python3.9/site-packages/airflow/example_dags/example_sla_dag.py
[2025-05-09 14:48:34,419] {processor.py:651} INFO - DAG(s) dict_keys(['example_sla_dag']) retrieved from /home/pedro/Documentos/airflow/venv/lib/python3.9/site-packages/airflow/example_dags/example_sla_dag.py
[2025-05-09 14:48:34,429] {logging_mixin.py:115} INFO - [2025-05-09 14:48:34,429] {dag.py:2379} INFO - Sync 1 DAGs
[2025-05-09 14:48:34,443] {logging_mixin.py:115} INFO - [2025-05-09 14:48:34,443] {dag.py:2927} INFO - Setting next_dagrun for example_sla_dag to 2025-05-09T17:46:00+00:00, run_after=2025-05-09T17:48:00+00:00
[2025-05-09 14:48:34,452] {processor.py:161} INFO - Processing /home/pedro/Documentos/airflow/venv/lib/python3.9/site-packages/airflow/example_dags/example_sla_dag.py took 0.061 seconds
[2025-05-09 14:49:06,108] {processor.py:153} INFO - Started process (PID=70634) to work on /home/pedro/Documentos/airflow/venv/lib/python3.9/site-packages/airflow/example_dags/example_sla_dag.py
[2025-05-09 14:49:06,121] {processor.py:641} INFO - Processing file /home/pedro/Documentos/airflow/venv/lib/python3.9/site-packages/airflow/example_dags/example_sla_dag.py for tasks to queue
[2025-05-09 14:49:06,121] {logging_mixin.py:115} INFO - [2025-05-09 14:49:06,121] {dagbag.py:507} INFO - Filling up the DagBag from /home/pedro/Documentos/airflow/venv/lib/python3.9/site-packages/airflow/example_dags/example_sla_dag.py
[2025-05-09 14:49:06,135] {processor.py:651} INFO - DAG(s) dict_keys(['example_sla_dag']) retrieved from /home/pedro/Documentos/airflow/venv/lib/python3.9/site-packages/airflow/example_dags/example_sla_dag.py
[2025-05-09 14:49:06,146] {logging_mixin.py:115} INFO - [2025-05-09 14:49:06,146] {dag.py:2379} INFO - Sync 1 DAGs
[2025-05-09 14:49:06,159] {logging_mixin.py:115} INFO - [2025-05-09 14:49:06,159] {dag.py:2927} INFO - Setting next_dagrun for example_sla_dag to 2025-05-09T17:46:00+00:00, run_after=2025-05-09T17:48:00+00:00
[2025-05-09 14:49:06,169] {processor.py:161} INFO - Processing /home/pedro/Documentos/airflow/venv/lib/python3.9/site-packages/airflow/example_dags/example_sla_dag.py took 0.063 seconds
[2025-05-09 14:49:38,644] {processor.py:153} INFO - Started process (PID=70850) to work on /home/pedro/Documentos/airflow/venv/lib/python3.9/site-packages/airflow/example_dags/example_sla_dag.py
[2025-05-09 14:49:38,656] {processor.py:641} INFO - Processing file /home/pedro/Documentos/airflow/venv/lib/python3.9/site-packages/airflow/example_dags/example_sla_dag.py for tasks to queue
[2025-05-09 14:49:38,657] {logging_mixin.py:115} INFO - [2025-05-09 14:49:38,657] {dagbag.py:507} INFO - Filling up the DagBag from /home/pedro/Documentos/airflow/venv/lib/python3.9/site-packages/airflow/example_dags/example_sla_dag.py
[2025-05-09 14:49:38,670] {processor.py:651} INFO - DAG(s) dict_keys(['example_sla_dag']) retrieved from /home/pedro/Documentos/airflow/venv/lib/python3.9/site-packages/airflow/example_dags/example_sla_dag.py
[2025-05-09 14:49:38,681] {logging_mixin.py:115} INFO - [2025-05-09 14:49:38,681] {dag.py:2379} INFO - Sync 1 DAGs
[2025-05-09 14:49:38,694] {logging_mixin.py:115} INFO - [2025-05-09 14:49:38,694] {dag.py:2927} INFO - Setting next_dagrun for example_sla_dag to 2025-05-09T17:46:00+00:00, run_after=2025-05-09T17:48:00+00:00
[2025-05-09 14:49:38,703] {processor.py:161} INFO - Processing /home/pedro/Documentos/airflow/venv/lib/python3.9/site-packages/airflow/example_dags/example_sla_dag.py took 0.061 seconds
[2025-05-09 14:50:14,294] {processor.py:153} INFO - Started process (PID=71126) to work on /home/pedro/Documentos/airflow/venv/lib/python3.9/site-packages/airflow/example_dags/example_sla_dag.py
[2025-05-09 14:50:14,307] {processor.py:641} INFO - Processing file /home/pedro/Documentos/airflow/venv/lib/python3.9/site-packages/airflow/example_dags/example_sla_dag.py for tasks to queue
[2025-05-09 14:50:14,307] {logging_mixin.py:115} INFO - [2025-05-09 14:50:14,307] {dagbag.py:507} INFO - Filling up the DagBag from /home/pedro/Documentos/airflow/venv/lib/python3.9/site-packages/airflow/example_dags/example_sla_dag.py
[2025-05-09 14:50:14,322] {processor.py:651} INFO - DAG(s) dict_keys(['example_sla_dag']) retrieved from /home/pedro/Documentos/airflow/venv/lib/python3.9/site-packages/airflow/example_dags/example_sla_dag.py
[2025-05-09 14:50:14,333] {logging_mixin.py:115} INFO - [2025-05-09 14:50:14,333] {dag.py:2379} INFO - Sync 1 DAGs
[2025-05-09 14:50:14,347] {logging_mixin.py:115} INFO - [2025-05-09 14:50:14,347] {dag.py:2927} INFO - Setting next_dagrun for example_sla_dag to 2025-05-09T17:48:00+00:00, run_after=2025-05-09T17:50:00+00:00
[2025-05-09 14:50:14,357] {processor.py:161} INFO - Processing /home/pedro/Documentos/airflow/venv/lib/python3.9/site-packages/airflow/example_dags/example_sla_dag.py took 0.065 seconds
[2025-05-09 14:50:49,151] {processor.py:153} INFO - Started process (PID=71348) to work on /home/pedro/Documentos/airflow/venv/lib/python3.9/site-packages/airflow/example_dags/example_sla_dag.py
[2025-05-09 14:50:49,163] {processor.py:641} INFO - Processing file /home/pedro/Documentos/airflow/venv/lib/python3.9/site-packages/airflow/example_dags/example_sla_dag.py for tasks to queue
[2025-05-09 14:50:49,163] {logging_mixin.py:115} INFO - [2025-05-09 14:50:49,163] {dagbag.py:507} INFO - Filling up the DagBag from /home/pedro/Documentos/airflow/venv/lib/python3.9/site-packages/airflow/example_dags/example_sla_dag.py
[2025-05-09 14:50:49,177] {processor.py:651} INFO - DAG(s) dict_keys(['example_sla_dag']) retrieved from /home/pedro/Documentos/airflow/venv/lib/python3.9/site-packages/airflow/example_dags/example_sla_dag.py
[2025-05-09 14:50:49,188] {logging_mixin.py:115} INFO - [2025-05-09 14:50:49,187] {dag.py:2379} INFO - Sync 1 DAGs
[2025-05-09 14:50:49,200] {logging_mixin.py:115} INFO - [2025-05-09 14:50:49,200] {dag.py:2927} INFO - Setting next_dagrun for example_sla_dag to 2025-05-09T17:48:00+00:00, run_after=2025-05-09T17:50:00+00:00
[2025-05-09 14:50:49,209] {processor.py:161} INFO - Processing /home/pedro/Documentos/airflow/venv/lib/python3.9/site-packages/airflow/example_dags/example_sla_dag.py took 0.061 seconds
[2025-05-09 14:51:24,172] {processor.py:153} INFO - Started process (PID=71567) to work on /home/pedro/Documentos/airflow/venv/lib/python3.9/site-packages/airflow/example_dags/example_sla_dag.py
[2025-05-09 14:51:24,185] {processor.py:641} INFO - Processing file /home/pedro/Documentos/airflow/venv/lib/python3.9/site-packages/airflow/example_dags/example_sla_dag.py for tasks to queue
[2025-05-09 14:51:24,185] {logging_mixin.py:115} INFO - [2025-05-09 14:51:24,185] {dagbag.py:507} INFO - Filling up the DagBag from /home/pedro/Documentos/airflow/venv/lib/python3.9/site-packages/airflow/example_dags/example_sla_dag.py
[2025-05-09 14:51:24,200] {processor.py:651} INFO - DAG(s) dict_keys(['example_sla_dag']) retrieved from /home/pedro/Documentos/airflow/venv/lib/python3.9/site-packages/airflow/example_dags/example_sla_dag.py
[2025-05-09 14:51:24,211] {logging_mixin.py:115} INFO - [2025-05-09 14:51:24,211] {dag.py:2379} INFO - Sync 1 DAGs
[2025-05-09 14:51:24,224] {logging_mixin.py:115} INFO - [2025-05-09 14:51:24,224] {dag.py:2927} INFO - Setting next_dagrun for example_sla_dag to 2025-05-09T17:48:00+00:00, run_after=2025-05-09T17:50:00+00:00
[2025-05-09 14:51:24,234] {processor.py:161} INFO - Processing /home/pedro/Documentos/airflow/venv/lib/python3.9/site-packages/airflow/example_dags/example_sla_dag.py took 0.065 seconds
[2025-05-09 14:51:56,169] {processor.py:153} INFO - Started process (PID=71903) to work on /home/pedro/Documentos/airflow/venv/lib/python3.9/site-packages/airflow/example_dags/example_sla_dag.py
[2025-05-09 14:51:56,169] {processor.py:641} INFO - Processing file /home/pedro/Documentos/airflow/venv/lib/python3.9/site-packages/airflow/example_dags/example_sla_dag.py for tasks to queue
[2025-05-09 14:51:56,170] {logging_mixin.py:115} INFO - [2025-05-09 14:51:56,170] {dagbag.py:507} INFO - Filling up the DagBag from /home/pedro/Documentos/airflow/venv/lib/python3.9/site-packages/airflow/example_dags/example_sla_dag.py
[2025-05-09 14:51:56,184] {processor.py:651} INFO - DAG(s) dict_keys(['example_sla_dag']) retrieved from /home/pedro/Documentos/airflow/venv/lib/python3.9/site-packages/airflow/example_dags/example_sla_dag.py
[2025-05-09 14:51:56,194] {logging_mixin.py:115} INFO - [2025-05-09 14:51:56,194] {dag.py:2379} INFO - Sync 1 DAGs
[2025-05-09 14:51:56,208] {logging_mixin.py:115} INFO - [2025-05-09 14:51:56,208] {dag.py:2927} INFO - Setting next_dagrun for example_sla_dag to 2025-05-09T17:48:00+00:00, run_after=2025-05-09T17:50:00+00:00
[2025-05-09 14:51:56,218] {processor.py:161} INFO - Processing /home/pedro/Documentos/airflow/venv/lib/python3.9/site-packages/airflow/example_dags/example_sla_dag.py took 0.051 seconds
[2025-05-09 14:52:30,792] {processor.py:153} INFO - Started process (PID=72429) to work on /home/pedro/Documentos/airflow/venv/lib/python3.9/site-packages/airflow/example_dags/example_sla_dag.py
[2025-05-09 14:52:30,805] {processor.py:641} INFO - Processing file /home/pedro/Documentos/airflow/venv/lib/python3.9/site-packages/airflow/example_dags/example_sla_dag.py for tasks to queue
[2025-05-09 14:52:30,805] {logging_mixin.py:115} INFO - [2025-05-09 14:52:30,805] {dagbag.py:507} INFO - Filling up the DagBag from /home/pedro/Documentos/airflow/venv/lib/python3.9/site-packages/airflow/example_dags/example_sla_dag.py
[2025-05-09 14:52:30,822] {processor.py:651} INFO - DAG(s) dict_keys(['example_sla_dag']) retrieved from /home/pedro/Documentos/airflow/venv/lib/python3.9/site-packages/airflow/example_dags/example_sla_dag.py
[2025-05-09 14:52:30,835] {logging_mixin.py:115} INFO - [2025-05-09 14:52:30,834] {dag.py:2379} INFO - Sync 1 DAGs
[2025-05-09 14:52:30,852] {logging_mixin.py:115} INFO - [2025-05-09 14:52:30,852] {dag.py:2927} INFO - Setting next_dagrun for example_sla_dag to 2025-05-09T17:50:00+00:00, run_after=2025-05-09T17:52:00+00:00
[2025-05-09 14:52:30,864] {processor.py:161} INFO - Processing /home/pedro/Documentos/airflow/venv/lib/python3.9/site-packages/airflow/example_dags/example_sla_dag.py took 0.074 seconds
[2025-05-09 14:53:02,946] {processor.py:153} INFO - Started process (PID=72700) to work on /home/pedro/Documentos/airflow/venv/lib/python3.9/site-packages/airflow/example_dags/example_sla_dag.py
[2025-05-09 14:53:02,947] {processor.py:641} INFO - Processing file /home/pedro/Documentos/airflow/venv/lib/python3.9/site-packages/airflow/example_dags/example_sla_dag.py for tasks to queue
[2025-05-09 14:53:02,947] {logging_mixin.py:115} INFO - [2025-05-09 14:53:02,947] {dagbag.py:507} INFO - Filling up the DagBag from /home/pedro/Documentos/airflow/venv/lib/python3.9/site-packages/airflow/example_dags/example_sla_dag.py
[2025-05-09 14:53:02,963] {processor.py:651} INFO - DAG(s) dict_keys(['example_sla_dag']) retrieved from /home/pedro/Documentos/airflow/venv/lib/python3.9/site-packages/airflow/example_dags/example_sla_dag.py
[2025-05-09 14:53:02,975] {logging_mixin.py:115} INFO - [2025-05-09 14:53:02,975] {dag.py:2379} INFO - Sync 1 DAGs
[2025-05-09 14:53:02,994] {logging_mixin.py:115} INFO - [2025-05-09 14:53:02,994] {dag.py:2927} INFO - Setting next_dagrun for example_sla_dag to 2025-05-09T17:50:00+00:00, run_after=2025-05-09T17:52:00+00:00
[2025-05-09 14:53:03,005] {processor.py:161} INFO - Processing /home/pedro/Documentos/airflow/venv/lib/python3.9/site-packages/airflow/example_dags/example_sla_dag.py took 0.061 seconds
[2025-05-09 14:53:38,319] {processor.py:153} INFO - Started process (PID=73472) to work on /home/pedro/Documentos/airflow/venv/lib/python3.9/site-packages/airflow/example_dags/example_sla_dag.py
[2025-05-09 14:53:38,332] {processor.py:641} INFO - Processing file /home/pedro/Documentos/airflow/venv/lib/python3.9/site-packages/airflow/example_dags/example_sla_dag.py for tasks to queue
[2025-05-09 14:53:38,332] {logging_mixin.py:115} INFO - [2025-05-09 14:53:38,332] {dagbag.py:507} INFO - Filling up the DagBag from /home/pedro/Documentos/airflow/venv/lib/python3.9/site-packages/airflow/example_dags/example_sla_dag.py
[2025-05-09 14:53:38,347] {processor.py:651} INFO - DAG(s) dict_keys(['example_sla_dag']) retrieved from /home/pedro/Documentos/airflow/venv/lib/python3.9/site-packages/airflow/example_dags/example_sla_dag.py
[2025-05-09 14:53:38,359] {logging_mixin.py:115} INFO - [2025-05-09 14:53:38,359] {dag.py:2379} INFO - Sync 1 DAGs
[2025-05-09 14:53:38,373] {logging_mixin.py:115} INFO - [2025-05-09 14:53:38,373] {dag.py:2927} INFO - Setting next_dagrun for example_sla_dag to 2025-05-09T17:50:00+00:00, run_after=2025-05-09T17:52:00+00:00
[2025-05-09 14:53:38,382] {processor.py:161} INFO - Processing /home/pedro/Documentos/airflow/venv/lib/python3.9/site-packages/airflow/example_dags/example_sla_dag.py took 0.065 seconds
[2025-05-09 14:54:10,984] {processor.py:153} INFO - Started process (PID=74222) to work on /home/pedro/Documentos/airflow/venv/lib/python3.9/site-packages/airflow/example_dags/example_sla_dag.py
[2025-05-09 14:54:10,984] {processor.py:641} INFO - Processing file /home/pedro/Documentos/airflow/venv/lib/python3.9/site-packages/airflow/example_dags/example_sla_dag.py for tasks to queue
[2025-05-09 14:54:10,985] {logging_mixin.py:115} INFO - [2025-05-09 14:54:10,985] {dagbag.py:507} INFO - Filling up the DagBag from /home/pedro/Documentos/airflow/venv/lib/python3.9/site-packages/airflow/example_dags/example_sla_dag.py
[2025-05-09 14:54:11,000] {processor.py:651} INFO - DAG(s) dict_keys(['example_sla_dag']) retrieved from /home/pedro/Documentos/airflow/venv/lib/python3.9/site-packages/airflow/example_dags/example_sla_dag.py
[2025-05-09 14:54:11,011] {logging_mixin.py:115} INFO - [2025-05-09 14:54:11,011] {dag.py:2379} INFO - Sync 1 DAGs
[2025-05-09 14:54:11,025] {logging_mixin.py:115} INFO - [2025-05-09 14:54:11,025] {dag.py:2927} INFO - Setting next_dagrun for example_sla_dag to 2025-05-09T17:52:00+00:00, run_after=2025-05-09T17:54:00+00:00
[2025-05-09 14:54:11,035] {processor.py:161} INFO - Processing /home/pedro/Documentos/airflow/venv/lib/python3.9/site-packages/airflow/example_dags/example_sla_dag.py took 0.053 seconds
[2025-05-09 14:54:42,792] {processor.py:153} INFO - Started process (PID=74438) to work on /home/pedro/Documentos/airflow/venv/lib/python3.9/site-packages/airflow/example_dags/example_sla_dag.py
[2025-05-09 14:54:42,804] {processor.py:641} INFO - Processing file /home/pedro/Documentos/airflow/venv/lib/python3.9/site-packages/airflow/example_dags/example_sla_dag.py for tasks to queue
[2025-05-09 14:54:42,805] {logging_mixin.py:115} INFO - [2025-05-09 14:54:42,805] {dagbag.py:507} INFO - Filling up the DagBag from /home/pedro/Documentos/airflow/venv/lib/python3.9/site-packages/airflow/example_dags/example_sla_dag.py
[2025-05-09 14:54:42,820] {processor.py:651} INFO - DAG(s) dict_keys(['example_sla_dag']) retrieved from /home/pedro/Documentos/airflow/venv/lib/python3.9/site-packages/airflow/example_dags/example_sla_dag.py
[2025-05-09 14:54:42,831] {logging_mixin.py:115} INFO - [2025-05-09 14:54:42,831] {dag.py:2379} INFO - Sync 1 DAGs
[2025-05-09 14:54:42,845] {logging_mixin.py:115} INFO - [2025-05-09 14:54:42,845] {dag.py:2927} INFO - Setting next_dagrun for example_sla_dag to 2025-05-09T17:52:00+00:00, run_after=2025-05-09T17:54:00+00:00
[2025-05-09 14:54:42,855] {processor.py:161} INFO - Processing /home/pedro/Documentos/airflow/venv/lib/python3.9/site-packages/airflow/example_dags/example_sla_dag.py took 0.065 seconds
[2025-05-09 14:55:15,382] {processor.py:153} INFO - Started process (PID=74633) to work on /home/pedro/Documentos/airflow/venv/lib/python3.9/site-packages/airflow/example_dags/example_sla_dag.py
[2025-05-09 14:55:15,394] {processor.py:641} INFO - Processing file /home/pedro/Documentos/airflow/venv/lib/python3.9/site-packages/airflow/example_dags/example_sla_dag.py for tasks to queue
[2025-05-09 14:55:15,394] {logging_mixin.py:115} INFO - [2025-05-09 14:55:15,394] {dagbag.py:507} INFO - Filling up the DagBag from /home/pedro/Documentos/airflow/venv/lib/python3.9/site-packages/airflow/example_dags/example_sla_dag.py
[2025-05-09 14:55:15,409] {processor.py:651} INFO - DAG(s) dict_keys(['example_sla_dag']) retrieved from /home/pedro/Documentos/airflow/venv/lib/python3.9/site-packages/airflow/example_dags/example_sla_dag.py
[2025-05-09 14:55:15,419] {logging_mixin.py:115} INFO - [2025-05-09 14:55:15,419] {dag.py:2379} INFO - Sync 1 DAGs
[2025-05-09 14:55:15,433] {logging_mixin.py:115} INFO - [2025-05-09 14:55:15,433] {dag.py:2927} INFO - Setting next_dagrun for example_sla_dag to 2025-05-09T17:52:00+00:00, run_after=2025-05-09T17:54:00+00:00
[2025-05-09 14:55:15,442] {processor.py:161} INFO - Processing /home/pedro/Documentos/airflow/venv/lib/python3.9/site-packages/airflow/example_dags/example_sla_dag.py took 0.063 seconds
