[2025-05-09 14:34:08,809] {processor.py:153} INFO - Started process (PID=61804) to work on /home/pedro/Documentos/airflow/venv/lib/python3.9/site-packages/airflow/example_dags/example_kubernetes_executor.py
[2025-05-09 14:34:08,810] {processor.py:641} INFO - Processing file /home/pedro/Documentos/airflow/venv/lib/python3.9/site-packages/airflow/example_dags/example_kubernetes_executor.py for tasks to queue
[2025-05-09 14:34:08,810] {logging_mixin.py:115} INFO - [2025-05-09 14:34:08,810] {dagbag.py:507} INFO - Filling up the DagBag from /home/pedro/Documentos/airflow/venv/lib/python3.9/site-packages/airflow/example_dags/example_kubernetes_executor.py
[2025-05-09 14:34:08,820] {logging_mixin.py:115} INFO - [2025-05-09 14:34:08,820] {example_kubernetes_executor.py:39} WARNING - The example_kubernetes_executor example DAG requires the kubernetes provider. Please install it with: pip install apache-airflow[cncf.kubernetes]
[2025-05-09 14:34:08,820] {processor.py:653} WARNING - No viable dags retrieved from /home/pedro/Documentos/airflow/venv/lib/python3.9/site-packages/airflow/example_dags/example_kubernetes_executor.py
[2025-05-09 14:34:08,828] {processor.py:161} INFO - Processing /home/pedro/Documentos/airflow/venv/lib/python3.9/site-packages/airflow/example_dags/example_kubernetes_executor.py took 0.021 seconds
[2025-05-09 14:34:43,835] {processor.py:153} INFO - Started process (PID=62317) to work on /home/pedro/Documentos/airflow/venv/lib/python3.9/site-packages/airflow/example_dags/example_kubernetes_executor.py
[2025-05-09 14:34:43,847] {processor.py:641} INFO - Processing file /home/pedro/Documentos/airflow/venv/lib/python3.9/site-packages/airflow/example_dags/example_kubernetes_executor.py for tasks to queue
[2025-05-09 14:34:43,848] {logging_mixin.py:115} INFO - [2025-05-09 14:34:43,848] {dagbag.py:507} INFO - Filling up the DagBag from /home/pedro/Documentos/airflow/venv/lib/python3.9/site-packages/airflow/example_dags/example_kubernetes_executor.py
[2025-05-09 14:34:43,858] {logging_mixin.py:115} INFO - [2025-05-09 14:34:43,858] {example_kubernetes_executor.py:39} WARNING - The example_kubernetes_executor example DAG requires the kubernetes provider. Please install it with: pip install apache-airflow[cncf.kubernetes]
[2025-05-09 14:34:43,859] {processor.py:653} WARNING - No viable dags retrieved from /home/pedro/Documentos/airflow/venv/lib/python3.9/site-packages/airflow/example_dags/example_kubernetes_executor.py
[2025-05-09 14:34:43,867] {processor.py:161} INFO - Processing /home/pedro/Documentos/airflow/venv/lib/python3.9/site-packages/airflow/example_dags/example_kubernetes_executor.py took 0.034 seconds
[2025-05-09 14:35:17,252] {processor.py:153} INFO - Started process (PID=62754) to work on /home/pedro/Documentos/airflow/venv/lib/python3.9/site-packages/airflow/example_dags/example_kubernetes_executor.py
[2025-05-09 14:35:17,265] {processor.py:641} INFO - Processing file /home/pedro/Documentos/airflow/venv/lib/python3.9/site-packages/airflow/example_dags/example_kubernetes_executor.py for tasks to queue
[2025-05-09 14:35:17,265] {logging_mixin.py:115} INFO - [2025-05-09 14:35:17,265] {dagbag.py:507} INFO - Filling up the DagBag from /home/pedro/Documentos/airflow/venv/lib/python3.9/site-packages/airflow/example_dags/example_kubernetes_executor.py
[2025-05-09 14:35:17,275] {logging_mixin.py:115} INFO - [2025-05-09 14:35:17,275] {example_kubernetes_executor.py:39} WARNING - The example_kubernetes_executor example DAG requires the kubernetes provider. Please install it with: pip install apache-airflow[cncf.kubernetes]
[2025-05-09 14:35:17,275] {processor.py:653} WARNING - No viable dags retrieved from /home/pedro/Documentos/airflow/venv/lib/python3.9/site-packages/airflow/example_dags/example_kubernetes_executor.py
[2025-05-09 14:35:17,283] {processor.py:161} INFO - Processing /home/pedro/Documentos/airflow/venv/lib/python3.9/site-packages/airflow/example_dags/example_kubernetes_executor.py took 0.033 seconds
[2025-05-09 14:35:50,358] {processor.py:153} INFO - Started process (PID=63151) to work on /home/pedro/Documentos/airflow/venv/lib/python3.9/site-packages/airflow/example_dags/example_kubernetes_executor.py
[2025-05-09 14:35:50,358] {processor.py:641} INFO - Processing file /home/pedro/Documentos/airflow/venv/lib/python3.9/site-packages/airflow/example_dags/example_kubernetes_executor.py for tasks to queue
[2025-05-09 14:35:50,359] {logging_mixin.py:115} INFO - [2025-05-09 14:35:50,358] {dagbag.py:507} INFO - Filling up the DagBag from /home/pedro/Documentos/airflow/venv/lib/python3.9/site-packages/airflow/example_dags/example_kubernetes_executor.py
[2025-05-09 14:35:50,367] {logging_mixin.py:115} INFO - [2025-05-09 14:35:50,367] {example_kubernetes_executor.py:39} WARNING - The example_kubernetes_executor example DAG requires the kubernetes provider. Please install it with: pip install apache-airflow[cncf.kubernetes]
[2025-05-09 14:35:50,367] {processor.py:653} WARNING - No viable dags retrieved from /home/pedro/Documentos/airflow/venv/lib/python3.9/site-packages/airflow/example_dags/example_kubernetes_executor.py
[2025-05-09 14:35:50,376] {processor.py:161} INFO - Processing /home/pedro/Documentos/airflow/venv/lib/python3.9/site-packages/airflow/example_dags/example_kubernetes_executor.py took 0.020 seconds
[2025-05-09 14:36:23,987] {processor.py:153} INFO - Started process (PID=63362) to work on /home/pedro/Documentos/airflow/venv/lib/python3.9/site-packages/airflow/example_dags/example_kubernetes_executor.py
[2025-05-09 14:36:24,000] {processor.py:641} INFO - Processing file /home/pedro/Documentos/airflow/venv/lib/python3.9/site-packages/airflow/example_dags/example_kubernetes_executor.py for tasks to queue
[2025-05-09 14:36:24,000] {logging_mixin.py:115} INFO - [2025-05-09 14:36:24,000] {dagbag.py:507} INFO - Filling up the DagBag from /home/pedro/Documentos/airflow/venv/lib/python3.9/site-packages/airflow/example_dags/example_kubernetes_executor.py
[2025-05-09 14:36:24,012] {logging_mixin.py:115} INFO - [2025-05-09 14:36:24,012] {example_kubernetes_executor.py:39} WARNING - The example_kubernetes_executor example DAG requires the kubernetes provider. Please install it with: pip install apache-airflow[cncf.kubernetes]
[2025-05-09 14:36:24,012] {processor.py:653} WARNING - No viable dags retrieved from /home/pedro/Documentos/airflow/venv/lib/python3.9/site-packages/airflow/example_dags/example_kubernetes_executor.py
[2025-05-09 14:36:24,019] {processor.py:161} INFO - Processing /home/pedro/Documentos/airflow/venv/lib/python3.9/site-packages/airflow/example_dags/example_kubernetes_executor.py took 0.034 seconds
[2025-05-09 14:36:55,816] {processor.py:153} INFO - Started process (PID=63552) to work on /home/pedro/Documentos/airflow/venv/lib/python3.9/site-packages/airflow/example_dags/example_kubernetes_executor.py
[2025-05-09 14:36:55,820] {processor.py:641} INFO - Processing file /home/pedro/Documentos/airflow/venv/lib/python3.9/site-packages/airflow/example_dags/example_kubernetes_executor.py for tasks to queue
[2025-05-09 14:36:55,820] {logging_mixin.py:115} INFO - [2025-05-09 14:36:55,820] {dagbag.py:507} INFO - Filling up the DagBag from /home/pedro/Documentos/airflow/venv/lib/python3.9/site-packages/airflow/example_dags/example_kubernetes_executor.py
[2025-05-09 14:36:55,830] {logging_mixin.py:115} INFO - [2025-05-09 14:36:55,830] {example_kubernetes_executor.py:39} WARNING - The example_kubernetes_executor example DAG requires the kubernetes provider. Please install it with: pip install apache-airflow[cncf.kubernetes]
[2025-05-09 14:36:55,830] {processor.py:653} WARNING - No viable dags retrieved from /home/pedro/Documentos/airflow/venv/lib/python3.9/site-packages/airflow/example_dags/example_kubernetes_executor.py
[2025-05-09 14:36:55,838] {processor.py:161} INFO - Processing /home/pedro/Documentos/airflow/venv/lib/python3.9/site-packages/airflow/example_dags/example_kubernetes_executor.py took 0.023 seconds
[2025-05-09 14:37:30,198] {processor.py:153} INFO - Started process (PID=64070) to work on /home/pedro/Documentos/airflow/venv/lib/python3.9/site-packages/airflow/example_dags/example_kubernetes_executor.py
[2025-05-09 14:37:30,210] {processor.py:641} INFO - Processing file /home/pedro/Documentos/airflow/venv/lib/python3.9/site-packages/airflow/example_dags/example_kubernetes_executor.py for tasks to queue
[2025-05-09 14:37:30,211] {logging_mixin.py:115} INFO - [2025-05-09 14:37:30,211] {dagbag.py:507} INFO - Filling up the DagBag from /home/pedro/Documentos/airflow/venv/lib/python3.9/site-packages/airflow/example_dags/example_kubernetes_executor.py
[2025-05-09 14:37:30,220] {logging_mixin.py:115} INFO - [2025-05-09 14:37:30,220] {example_kubernetes_executor.py:39} WARNING - The example_kubernetes_executor example DAG requires the kubernetes provider. Please install it with: pip install apache-airflow[cncf.kubernetes]
[2025-05-09 14:37:30,221] {processor.py:653} WARNING - No viable dags retrieved from /home/pedro/Documentos/airflow/venv/lib/python3.9/site-packages/airflow/example_dags/example_kubernetes_executor.py
[2025-05-09 14:37:30,228] {processor.py:161} INFO - Processing /home/pedro/Documentos/airflow/venv/lib/python3.9/site-packages/airflow/example_dags/example_kubernetes_executor.py took 0.032 seconds
[2025-05-09 14:38:03,153] {processor.py:153} INFO - Started process (PID=64588) to work on /home/pedro/Documentos/airflow/venv/lib/python3.9/site-packages/airflow/example_dags/example_kubernetes_executor.py
[2025-05-09 14:38:03,165] {processor.py:641} INFO - Processing file /home/pedro/Documentos/airflow/venv/lib/python3.9/site-packages/airflow/example_dags/example_kubernetes_executor.py for tasks to queue
[2025-05-09 14:38:03,166] {logging_mixin.py:115} INFO - [2025-05-09 14:38:03,166] {dagbag.py:507} INFO - Filling up the DagBag from /home/pedro/Documentos/airflow/venv/lib/python3.9/site-packages/airflow/example_dags/example_kubernetes_executor.py
[2025-05-09 14:38:03,176] {logging_mixin.py:115} INFO - [2025-05-09 14:38:03,176] {example_kubernetes_executor.py:39} WARNING - The example_kubernetes_executor example DAG requires the kubernetes provider. Please install it with: pip install apache-airflow[cncf.kubernetes]
[2025-05-09 14:38:03,176] {processor.py:653} WARNING - No viable dags retrieved from /home/pedro/Documentos/airflow/venv/lib/python3.9/site-packages/airflow/example_dags/example_kubernetes_executor.py
[2025-05-09 14:38:03,183] {processor.py:161} INFO - Processing /home/pedro/Documentos/airflow/venv/lib/python3.9/site-packages/airflow/example_dags/example_kubernetes_executor.py took 0.033 seconds
[2025-05-09 14:38:38,004] {processor.py:153} INFO - Started process (PID=64968) to work on /home/pedro/Documentos/airflow/venv/lib/python3.9/site-packages/airflow/example_dags/example_kubernetes_executor.py
[2025-05-09 14:38:38,017] {processor.py:641} INFO - Processing file /home/pedro/Documentos/airflow/venv/lib/python3.9/site-packages/airflow/example_dags/example_kubernetes_executor.py for tasks to queue
[2025-05-09 14:38:38,017] {logging_mixin.py:115} INFO - [2025-05-09 14:38:38,017] {dagbag.py:507} INFO - Filling up the DagBag from /home/pedro/Documentos/airflow/venv/lib/python3.9/site-packages/airflow/example_dags/example_kubernetes_executor.py
[2025-05-09 14:38:38,027] {logging_mixin.py:115} INFO - [2025-05-09 14:38:38,027] {example_kubernetes_executor.py:39} WARNING - The example_kubernetes_executor example DAG requires the kubernetes provider. Please install it with: pip install apache-airflow[cncf.kubernetes]
[2025-05-09 14:38:38,027] {processor.py:653} WARNING - No viable dags retrieved from /home/pedro/Documentos/airflow/venv/lib/python3.9/site-packages/airflow/example_dags/example_kubernetes_executor.py
[2025-05-09 14:38:38,035] {processor.py:161} INFO - Processing /home/pedro/Documentos/airflow/venv/lib/python3.9/site-packages/airflow/example_dags/example_kubernetes_executor.py took 0.033 seconds
[2025-05-09 14:39:14,233] {processor.py:153} INFO - Started process (PID=65364) to work on /home/pedro/Documentos/airflow/venv/lib/python3.9/site-packages/airflow/example_dags/example_kubernetes_executor.py
[2025-05-09 14:39:14,245] {processor.py:641} INFO - Processing file /home/pedro/Documentos/airflow/venv/lib/python3.9/site-packages/airflow/example_dags/example_kubernetes_executor.py for tasks to queue
[2025-05-09 14:39:14,246] {logging_mixin.py:115} INFO - [2025-05-09 14:39:14,245] {dagbag.py:507} INFO - Filling up the DagBag from /home/pedro/Documentos/airflow/venv/lib/python3.9/site-packages/airflow/example_dags/example_kubernetes_executor.py
[2025-05-09 14:39:14,255] {logging_mixin.py:115} INFO - [2025-05-09 14:39:14,255] {example_kubernetes_executor.py:39} WARNING - The example_kubernetes_executor example DAG requires the kubernetes provider. Please install it with: pip install apache-airflow[cncf.kubernetes]
[2025-05-09 14:39:14,256] {processor.py:653} WARNING - No viable dags retrieved from /home/pedro/Documentos/airflow/venv/lib/python3.9/site-packages/airflow/example_dags/example_kubernetes_executor.py
[2025-05-09 14:39:14,263] {processor.py:161} INFO - Processing /home/pedro/Documentos/airflow/venv/lib/python3.9/site-packages/airflow/example_dags/example_kubernetes_executor.py took 0.032 seconds
[2025-05-09 14:39:48,813] {processor.py:153} INFO - Started process (PID=65618) to work on /home/pedro/Documentos/airflow/venv/lib/python3.9/site-packages/airflow/example_dags/example_kubernetes_executor.py
[2025-05-09 14:39:48,825] {processor.py:641} INFO - Processing file /home/pedro/Documentos/airflow/venv/lib/python3.9/site-packages/airflow/example_dags/example_kubernetes_executor.py for tasks to queue
[2025-05-09 14:39:48,826] {logging_mixin.py:115} INFO - [2025-05-09 14:39:48,826] {dagbag.py:507} INFO - Filling up the DagBag from /home/pedro/Documentos/airflow/venv/lib/python3.9/site-packages/airflow/example_dags/example_kubernetes_executor.py
[2025-05-09 14:39:48,835] {logging_mixin.py:115} INFO - [2025-05-09 14:39:48,835] {example_kubernetes_executor.py:39} WARNING - The example_kubernetes_executor example DAG requires the kubernetes provider. Please install it with: pip install apache-airflow[cncf.kubernetes]
[2025-05-09 14:39:48,836] {processor.py:653} WARNING - No viable dags retrieved from /home/pedro/Documentos/airflow/venv/lib/python3.9/site-packages/airflow/example_dags/example_kubernetes_executor.py
[2025-05-09 14:39:48,843] {processor.py:161} INFO - Processing /home/pedro/Documentos/airflow/venv/lib/python3.9/site-packages/airflow/example_dags/example_kubernetes_executor.py took 0.032 seconds
[2025-05-09 14:40:22,236] {processor.py:153} INFO - Started process (PID=65863) to work on /home/pedro/Documentos/airflow/venv/lib/python3.9/site-packages/airflow/example_dags/example_kubernetes_executor.py
[2025-05-09 14:40:22,248] {processor.py:641} INFO - Processing file /home/pedro/Documentos/airflow/venv/lib/python3.9/site-packages/airflow/example_dags/example_kubernetes_executor.py for tasks to queue
[2025-05-09 14:40:22,249] {logging_mixin.py:115} INFO - [2025-05-09 14:40:22,248] {dagbag.py:507} INFO - Filling up the DagBag from /home/pedro/Documentos/airflow/venv/lib/python3.9/site-packages/airflow/example_dags/example_kubernetes_executor.py
[2025-05-09 14:40:22,259] {logging_mixin.py:115} INFO - [2025-05-09 14:40:22,258] {example_kubernetes_executor.py:39} WARNING - The example_kubernetes_executor example DAG requires the kubernetes provider. Please install it with: pip install apache-airflow[cncf.kubernetes]
[2025-05-09 14:40:22,259] {processor.py:653} WARNING - No viable dags retrieved from /home/pedro/Documentos/airflow/venv/lib/python3.9/site-packages/airflow/example_dags/example_kubernetes_executor.py
[2025-05-09 14:40:22,266] {processor.py:161} INFO - Processing /home/pedro/Documentos/airflow/venv/lib/python3.9/site-packages/airflow/example_dags/example_kubernetes_executor.py took 0.032 seconds
[2025-05-09 14:40:56,412] {processor.py:153} INFO - Started process (PID=66388) to work on /home/pedro/Documentos/airflow/venv/lib/python3.9/site-packages/airflow/example_dags/example_kubernetes_executor.py
[2025-05-09 14:40:56,424] {processor.py:641} INFO - Processing file /home/pedro/Documentos/airflow/venv/lib/python3.9/site-packages/airflow/example_dags/example_kubernetes_executor.py for tasks to queue
[2025-05-09 14:40:56,425] {logging_mixin.py:115} INFO - [2025-05-09 14:40:56,425] {dagbag.py:507} INFO - Filling up the DagBag from /home/pedro/Documentos/airflow/venv/lib/python3.9/site-packages/airflow/example_dags/example_kubernetes_executor.py
[2025-05-09 14:40:56,434] {logging_mixin.py:115} INFO - [2025-05-09 14:40:56,434] {example_kubernetes_executor.py:39} WARNING - The example_kubernetes_executor example DAG requires the kubernetes provider. Please install it with: pip install apache-airflow[cncf.kubernetes]
[2025-05-09 14:40:56,434] {processor.py:653} WARNING - No viable dags retrieved from /home/pedro/Documentos/airflow/venv/lib/python3.9/site-packages/airflow/example_dags/example_kubernetes_executor.py
[2025-05-09 14:40:56,442] {processor.py:161} INFO - Processing /home/pedro/Documentos/airflow/venv/lib/python3.9/site-packages/airflow/example_dags/example_kubernetes_executor.py took 0.032 seconds
[2025-05-09 14:41:32,250] {processor.py:153} INFO - Started process (PID=66821) to work on /home/pedro/Documentos/airflow/venv/lib/python3.9/site-packages/airflow/example_dags/example_kubernetes_executor.py
[2025-05-09 14:41:32,262] {processor.py:641} INFO - Processing file /home/pedro/Documentos/airflow/venv/lib/python3.9/site-packages/airflow/example_dags/example_kubernetes_executor.py for tasks to queue
[2025-05-09 14:41:32,262] {logging_mixin.py:115} INFO - [2025-05-09 14:41:32,262] {dagbag.py:507} INFO - Filling up the DagBag from /home/pedro/Documentos/airflow/venv/lib/python3.9/site-packages/airflow/example_dags/example_kubernetes_executor.py
[2025-05-09 14:41:32,273] {logging_mixin.py:115} INFO - [2025-05-09 14:41:32,272] {example_kubernetes_executor.py:39} WARNING - The example_kubernetes_executor example DAG requires the kubernetes provider. Please install it with: pip install apache-airflow[cncf.kubernetes]
[2025-05-09 14:41:32,273] {processor.py:653} WARNING - No viable dags retrieved from /home/pedro/Documentos/airflow/venv/lib/python3.9/site-packages/airflow/example_dags/example_kubernetes_executor.py
[2025-05-09 14:41:32,280] {processor.py:161} INFO - Processing /home/pedro/Documentos/airflow/venv/lib/python3.9/site-packages/airflow/example_dags/example_kubernetes_executor.py took 0.032 seconds
[2025-05-09 14:42:07,340] {processor.py:153} INFO - Started process (PID=67033) to work on /home/pedro/Documentos/airflow/venv/lib/python3.9/site-packages/airflow/example_dags/example_kubernetes_executor.py
[2025-05-09 14:42:07,348] {processor.py:641} INFO - Processing file /home/pedro/Documentos/airflow/venv/lib/python3.9/site-packages/airflow/example_dags/example_kubernetes_executor.py for tasks to queue
[2025-05-09 14:42:07,349] {logging_mixin.py:115} INFO - [2025-05-09 14:42:07,349] {dagbag.py:507} INFO - Filling up the DagBag from /home/pedro/Documentos/airflow/venv/lib/python3.9/site-packages/airflow/example_dags/example_kubernetes_executor.py
[2025-05-09 14:42:07,358] {logging_mixin.py:115} INFO - [2025-05-09 14:42:07,358] {example_kubernetes_executor.py:39} WARNING - The example_kubernetes_executor example DAG requires the kubernetes provider. Please install it with: pip install apache-airflow[cncf.kubernetes]
[2025-05-09 14:42:07,359] {processor.py:653} WARNING - No viable dags retrieved from /home/pedro/Documentos/airflow/venv/lib/python3.9/site-packages/airflow/example_dags/example_kubernetes_executor.py
[2025-05-09 14:42:07,366] {processor.py:161} INFO - Processing /home/pedro/Documentos/airflow/venv/lib/python3.9/site-packages/airflow/example_dags/example_kubernetes_executor.py took 0.028 seconds
[2025-05-09 14:42:39,929] {processor.py:153} INFO - Started process (PID=67227) to work on /home/pedro/Documentos/airflow/venv/lib/python3.9/site-packages/airflow/example_dags/example_kubernetes_executor.py
[2025-05-09 14:42:39,930] {processor.py:641} INFO - Processing file /home/pedro/Documentos/airflow/venv/lib/python3.9/site-packages/airflow/example_dags/example_kubernetes_executor.py for tasks to queue
[2025-05-09 14:42:39,930] {logging_mixin.py:115} INFO - [2025-05-09 14:42:39,930] {dagbag.py:507} INFO - Filling up the DagBag from /home/pedro/Documentos/airflow/venv/lib/python3.9/site-packages/airflow/example_dags/example_kubernetes_executor.py
[2025-05-09 14:42:39,939] {logging_mixin.py:115} INFO - [2025-05-09 14:42:39,939] {example_kubernetes_executor.py:39} WARNING - The example_kubernetes_executor example DAG requires the kubernetes provider. Please install it with: pip install apache-airflow[cncf.kubernetes]
[2025-05-09 14:42:39,939] {processor.py:653} WARNING - No viable dags retrieved from /home/pedro/Documentos/airflow/venv/lib/python3.9/site-packages/airflow/example_dags/example_kubernetes_executor.py
[2025-05-09 14:42:39,946] {processor.py:161} INFO - Processing /home/pedro/Documentos/airflow/venv/lib/python3.9/site-packages/airflow/example_dags/example_kubernetes_executor.py took 0.020 seconds
[2025-05-09 14:43:13,058] {processor.py:153} INFO - Started process (PID=67416) to work on /home/pedro/Documentos/airflow/venv/lib/python3.9/site-packages/airflow/example_dags/example_kubernetes_executor.py
[2025-05-09 14:43:13,070] {processor.py:641} INFO - Processing file /home/pedro/Documentos/airflow/venv/lib/python3.9/site-packages/airflow/example_dags/example_kubernetes_executor.py for tasks to queue
[2025-05-09 14:43:13,071] {logging_mixin.py:115} INFO - [2025-05-09 14:43:13,071] {dagbag.py:507} INFO - Filling up the DagBag from /home/pedro/Documentos/airflow/venv/lib/python3.9/site-packages/airflow/example_dags/example_kubernetes_executor.py
[2025-05-09 14:43:13,081] {logging_mixin.py:115} INFO - [2025-05-09 14:43:13,081] {example_kubernetes_executor.py:39} WARNING - The example_kubernetes_executor example DAG requires the kubernetes provider. Please install it with: pip install apache-airflow[cncf.kubernetes]
[2025-05-09 14:43:13,081] {processor.py:653} WARNING - No viable dags retrieved from /home/pedro/Documentos/airflow/venv/lib/python3.9/site-packages/airflow/example_dags/example_kubernetes_executor.py
[2025-05-09 14:43:13,089] {processor.py:161} INFO - Processing /home/pedro/Documentos/airflow/venv/lib/python3.9/site-packages/airflow/example_dags/example_kubernetes_executor.py took 0.033 seconds
[2025-05-09 14:43:48,430] {processor.py:153} INFO - Started process (PID=68112) to work on /home/pedro/Documentos/airflow/venv/lib/python3.9/site-packages/airflow/example_dags/example_kubernetes_executor.py
[2025-05-09 14:43:48,442] {processor.py:641} INFO - Processing file /home/pedro/Documentos/airflow/venv/lib/python3.9/site-packages/airflow/example_dags/example_kubernetes_executor.py for tasks to queue
[2025-05-09 14:43:48,443] {logging_mixin.py:115} INFO - [2025-05-09 14:43:48,443] {dagbag.py:507} INFO - Filling up the DagBag from /home/pedro/Documentos/airflow/venv/lib/python3.9/site-packages/airflow/example_dags/example_kubernetes_executor.py
[2025-05-09 14:43:48,452] {logging_mixin.py:115} INFO - [2025-05-09 14:43:48,452] {example_kubernetes_executor.py:39} WARNING - The example_kubernetes_executor example DAG requires the kubernetes provider. Please install it with: pip install apache-airflow[cncf.kubernetes]
[2025-05-09 14:43:48,452] {processor.py:653} WARNING - No viable dags retrieved from /home/pedro/Documentos/airflow/venv/lib/python3.9/site-packages/airflow/example_dags/example_kubernetes_executor.py
[2025-05-09 14:43:48,461] {processor.py:161} INFO - Processing /home/pedro/Documentos/airflow/venv/lib/python3.9/site-packages/airflow/example_dags/example_kubernetes_executor.py took 0.033 seconds
[2025-05-09 14:44:22,683] {processor.py:153} INFO - Started process (PID=68332) to work on /home/pedro/Documentos/airflow/venv/lib/python3.9/site-packages/airflow/example_dags/example_kubernetes_executor.py
[2025-05-09 14:44:22,695] {processor.py:641} INFO - Processing file /home/pedro/Documentos/airflow/venv/lib/python3.9/site-packages/airflow/example_dags/example_kubernetes_executor.py for tasks to queue
[2025-05-09 14:44:22,696] {logging_mixin.py:115} INFO - [2025-05-09 14:44:22,696] {dagbag.py:507} INFO - Filling up the DagBag from /home/pedro/Documentos/airflow/venv/lib/python3.9/site-packages/airflow/example_dags/example_kubernetes_executor.py
[2025-05-09 14:44:22,706] {logging_mixin.py:115} INFO - [2025-05-09 14:44:22,706] {example_kubernetes_executor.py:39} WARNING - The example_kubernetes_executor example DAG requires the kubernetes provider. Please install it with: pip install apache-airflow[cncf.kubernetes]
[2025-05-09 14:44:22,706] {processor.py:653} WARNING - No viable dags retrieved from /home/pedro/Documentos/airflow/venv/lib/python3.9/site-packages/airflow/example_dags/example_kubernetes_executor.py
[2025-05-09 14:44:22,715] {processor.py:161} INFO - Processing /home/pedro/Documentos/airflow/venv/lib/python3.9/site-packages/airflow/example_dags/example_kubernetes_executor.py took 0.035 seconds
[2025-05-09 14:44:58,104] {processor.py:153} INFO - Started process (PID=68574) to work on /home/pedro/Documentos/airflow/venv/lib/python3.9/site-packages/airflow/example_dags/example_kubernetes_executor.py
[2025-05-09 14:44:58,116] {processor.py:641} INFO - Processing file /home/pedro/Documentos/airflow/venv/lib/python3.9/site-packages/airflow/example_dags/example_kubernetes_executor.py for tasks to queue
[2025-05-09 14:44:58,117] {logging_mixin.py:115} INFO - [2025-05-09 14:44:58,117] {dagbag.py:507} INFO - Filling up the DagBag from /home/pedro/Documentos/airflow/venv/lib/python3.9/site-packages/airflow/example_dags/example_kubernetes_executor.py
[2025-05-09 14:44:58,126] {logging_mixin.py:115} INFO - [2025-05-09 14:44:58,126] {example_kubernetes_executor.py:39} WARNING - The example_kubernetes_executor example DAG requires the kubernetes provider. Please install it with: pip install apache-airflow[cncf.kubernetes]
[2025-05-09 14:44:58,126] {processor.py:653} WARNING - No viable dags retrieved from /home/pedro/Documentos/airflow/venv/lib/python3.9/site-packages/airflow/example_dags/example_kubernetes_executor.py
[2025-05-09 14:44:58,136] {processor.py:161} INFO - Processing /home/pedro/Documentos/airflow/venv/lib/python3.9/site-packages/airflow/example_dags/example_kubernetes_executor.py took 0.034 seconds
[2025-05-09 14:45:32,021] {processor.py:153} INFO - Started process (PID=68773) to work on /home/pedro/Documentos/airflow/venv/lib/python3.9/site-packages/airflow/example_dags/example_kubernetes_executor.py
[2025-05-09 14:45:32,033] {processor.py:641} INFO - Processing file /home/pedro/Documentos/airflow/venv/lib/python3.9/site-packages/airflow/example_dags/example_kubernetes_executor.py for tasks to queue
[2025-05-09 14:45:32,034] {logging_mixin.py:115} INFO - [2025-05-09 14:45:32,033] {dagbag.py:507} INFO - Filling up the DagBag from /home/pedro/Documentos/airflow/venv/lib/python3.9/site-packages/airflow/example_dags/example_kubernetes_executor.py
[2025-05-09 14:45:32,044] {logging_mixin.py:115} INFO - [2025-05-09 14:45:32,043] {example_kubernetes_executor.py:39} WARNING - The example_kubernetes_executor example DAG requires the kubernetes provider. Please install it with: pip install apache-airflow[cncf.kubernetes]
[2025-05-09 14:45:32,044] {processor.py:653} WARNING - No viable dags retrieved from /home/pedro/Documentos/airflow/venv/lib/python3.9/site-packages/airflow/example_dags/example_kubernetes_executor.py
[2025-05-09 14:45:32,053] {processor.py:161} INFO - Processing /home/pedro/Documentos/airflow/venv/lib/python3.9/site-packages/airflow/example_dags/example_kubernetes_executor.py took 0.034 seconds
[2025-05-09 14:46:09,022] {processor.py:153} INFO - Started process (PID=68991) to work on /home/pedro/Documentos/airflow/venv/lib/python3.9/site-packages/airflow/example_dags/example_kubernetes_executor.py
[2025-05-09 14:46:09,034] {processor.py:641} INFO - Processing file /home/pedro/Documentos/airflow/venv/lib/python3.9/site-packages/airflow/example_dags/example_kubernetes_executor.py for tasks to queue
[2025-05-09 14:46:09,035] {logging_mixin.py:115} INFO - [2025-05-09 14:46:09,035] {dagbag.py:507} INFO - Filling up the DagBag from /home/pedro/Documentos/airflow/venv/lib/python3.9/site-packages/airflow/example_dags/example_kubernetes_executor.py
[2025-05-09 14:46:09,045] {logging_mixin.py:115} INFO - [2025-05-09 14:46:09,045] {example_kubernetes_executor.py:39} WARNING - The example_kubernetes_executor example DAG requires the kubernetes provider. Please install it with: pip install apache-airflow[cncf.kubernetes]
[2025-05-09 14:46:09,045] {processor.py:653} WARNING - No viable dags retrieved from /home/pedro/Documentos/airflow/venv/lib/python3.9/site-packages/airflow/example_dags/example_kubernetes_executor.py
[2025-05-09 14:46:09,054] {processor.py:161} INFO - Processing /home/pedro/Documentos/airflow/venv/lib/python3.9/site-packages/airflow/example_dags/example_kubernetes_executor.py took 0.034 seconds
[2025-05-09 14:46:44,077] {processor.py:153} INFO - Started process (PID=69255) to work on /home/pedro/Documentos/airflow/venv/lib/python3.9/site-packages/airflow/example_dags/example_kubernetes_executor.py
[2025-05-09 14:46:44,089] {processor.py:641} INFO - Processing file /home/pedro/Documentos/airflow/venv/lib/python3.9/site-packages/airflow/example_dags/example_kubernetes_executor.py for tasks to queue
[2025-05-09 14:46:44,090] {logging_mixin.py:115} INFO - [2025-05-09 14:46:44,090] {dagbag.py:507} INFO - Filling up the DagBag from /home/pedro/Documentos/airflow/venv/lib/python3.9/site-packages/airflow/example_dags/example_kubernetes_executor.py
[2025-05-09 14:46:44,101] {logging_mixin.py:115} INFO - [2025-05-09 14:46:44,100] {example_kubernetes_executor.py:39} WARNING - The example_kubernetes_executor example DAG requires the kubernetes provider. Please install it with: pip install apache-airflow[cncf.kubernetes]
[2025-05-09 14:46:44,101] {processor.py:653} WARNING - No viable dags retrieved from /home/pedro/Documentos/airflow/venv/lib/python3.9/site-packages/airflow/example_dags/example_kubernetes_executor.py
[2025-05-09 14:46:44,111] {processor.py:161} INFO - Processing /home/pedro/Documentos/airflow/venv/lib/python3.9/site-packages/airflow/example_dags/example_kubernetes_executor.py took 0.036 seconds
[2025-05-09 14:47:20,231] {processor.py:153} INFO - Started process (PID=69843) to work on /home/pedro/Documentos/airflow/venv/lib/python3.9/site-packages/airflow/example_dags/example_kubernetes_executor.py
[2025-05-09 14:47:20,243] {processor.py:641} INFO - Processing file /home/pedro/Documentos/airflow/venv/lib/python3.9/site-packages/airflow/example_dags/example_kubernetes_executor.py for tasks to queue
[2025-05-09 14:47:20,244] {logging_mixin.py:115} INFO - [2025-05-09 14:47:20,244] {dagbag.py:507} INFO - Filling up the DagBag from /home/pedro/Documentos/airflow/venv/lib/python3.9/site-packages/airflow/example_dags/example_kubernetes_executor.py
[2025-05-09 14:47:20,253] {logging_mixin.py:115} INFO - [2025-05-09 14:47:20,253] {example_kubernetes_executor.py:39} WARNING - The example_kubernetes_executor example DAG requires the kubernetes provider. Please install it with: pip install apache-airflow[cncf.kubernetes]
[2025-05-09 14:47:20,254] {processor.py:653} WARNING - No viable dags retrieved from /home/pedro/Documentos/airflow/venv/lib/python3.9/site-packages/airflow/example_dags/example_kubernetes_executor.py
[2025-05-09 14:47:20,264] {processor.py:161} INFO - Processing /home/pedro/Documentos/airflow/venv/lib/python3.9/site-packages/airflow/example_dags/example_kubernetes_executor.py took 0.035 seconds
[2025-05-09 14:47:58,399] {processor.py:153} INFO - Started process (PID=70119) to work on /home/pedro/Documentos/airflow/venv/lib/python3.9/site-packages/airflow/example_dags/example_kubernetes_executor.py
[2025-05-09 14:47:58,411] {processor.py:641} INFO - Processing file /home/pedro/Documentos/airflow/venv/lib/python3.9/site-packages/airflow/example_dags/example_kubernetes_executor.py for tasks to queue
[2025-05-09 14:47:58,412] {logging_mixin.py:115} INFO - [2025-05-09 14:47:58,412] {dagbag.py:507} INFO - Filling up the DagBag from /home/pedro/Documentos/airflow/venv/lib/python3.9/site-packages/airflow/example_dags/example_kubernetes_executor.py
[2025-05-09 14:47:58,421] {logging_mixin.py:115} INFO - [2025-05-09 14:47:58,420] {example_kubernetes_executor.py:39} WARNING - The example_kubernetes_executor example DAG requires the kubernetes provider. Please install it with: pip install apache-airflow[cncf.kubernetes]
[2025-05-09 14:47:58,421] {processor.py:653} WARNING - No viable dags retrieved from /home/pedro/Documentos/airflow/venv/lib/python3.9/site-packages/airflow/example_dags/example_kubernetes_executor.py
[2025-05-09 14:47:58,430] {processor.py:161} INFO - Processing /home/pedro/Documentos/airflow/venv/lib/python3.9/site-packages/airflow/example_dags/example_kubernetes_executor.py took 0.033 seconds
[2025-05-09 14:48:31,531] {processor.py:153} INFO - Started process (PID=70382) to work on /home/pedro/Documentos/airflow/venv/lib/python3.9/site-packages/airflow/example_dags/example_kubernetes_executor.py
[2025-05-09 14:48:31,543] {processor.py:641} INFO - Processing file /home/pedro/Documentos/airflow/venv/lib/python3.9/site-packages/airflow/example_dags/example_kubernetes_executor.py for tasks to queue
[2025-05-09 14:48:31,544] {logging_mixin.py:115} INFO - [2025-05-09 14:48:31,544] {dagbag.py:507} INFO - Filling up the DagBag from /home/pedro/Documentos/airflow/venv/lib/python3.9/site-packages/airflow/example_dags/example_kubernetes_executor.py
[2025-05-09 14:48:31,553] {logging_mixin.py:115} INFO - [2025-05-09 14:48:31,553] {example_kubernetes_executor.py:39} WARNING - The example_kubernetes_executor example DAG requires the kubernetes provider. Please install it with: pip install apache-airflow[cncf.kubernetes]
[2025-05-09 14:48:31,553] {processor.py:653} WARNING - No viable dags retrieved from /home/pedro/Documentos/airflow/venv/lib/python3.9/site-packages/airflow/example_dags/example_kubernetes_executor.py
[2025-05-09 14:48:31,563] {processor.py:161} INFO - Processing /home/pedro/Documentos/airflow/venv/lib/python3.9/site-packages/airflow/example_dags/example_kubernetes_executor.py took 0.034 seconds
[2025-05-09 14:49:04,656] {processor.py:153} INFO - Started process (PID=70622) to work on /home/pedro/Documentos/airflow/venv/lib/python3.9/site-packages/airflow/example_dags/example_kubernetes_executor.py
[2025-05-09 14:49:04,669] {processor.py:641} INFO - Processing file /home/pedro/Documentos/airflow/venv/lib/python3.9/site-packages/airflow/example_dags/example_kubernetes_executor.py for tasks to queue
[2025-05-09 14:49:04,669] {logging_mixin.py:115} INFO - [2025-05-09 14:49:04,669] {dagbag.py:507} INFO - Filling up the DagBag from /home/pedro/Documentos/airflow/venv/lib/python3.9/site-packages/airflow/example_dags/example_kubernetes_executor.py
[2025-05-09 14:49:04,687] {logging_mixin.py:115} INFO - [2025-05-09 14:49:04,687] {example_kubernetes_executor.py:39} WARNING - The example_kubernetes_executor example DAG requires the kubernetes provider. Please install it with: pip install apache-airflow[cncf.kubernetes]
[2025-05-09 14:49:04,687] {processor.py:653} WARNING - No viable dags retrieved from /home/pedro/Documentos/airflow/venv/lib/python3.9/site-packages/airflow/example_dags/example_kubernetes_executor.py
[2025-05-09 14:49:04,696] {processor.py:161} INFO - Processing /home/pedro/Documentos/airflow/venv/lib/python3.9/site-packages/airflow/example_dags/example_kubernetes_executor.py took 0.042 seconds
[2025-05-09 14:49:39,776] {processor.py:153} INFO - Started process (PID=70857) to work on /home/pedro/Documentos/airflow/venv/lib/python3.9/site-packages/airflow/example_dags/example_kubernetes_executor.py
[2025-05-09 14:49:39,789] {processor.py:641} INFO - Processing file /home/pedro/Documentos/airflow/venv/lib/python3.9/site-packages/airflow/example_dags/example_kubernetes_executor.py for tasks to queue
[2025-05-09 14:49:39,789] {logging_mixin.py:115} INFO - [2025-05-09 14:49:39,789] {dagbag.py:507} INFO - Filling up the DagBag from /home/pedro/Documentos/airflow/venv/lib/python3.9/site-packages/airflow/example_dags/example_kubernetes_executor.py
[2025-05-09 14:49:39,801] {logging_mixin.py:115} INFO - [2025-05-09 14:49:39,801] {example_kubernetes_executor.py:39} WARNING - The example_kubernetes_executor example DAG requires the kubernetes provider. Please install it with: pip install apache-airflow[cncf.kubernetes]
[2025-05-09 14:49:39,801] {processor.py:653} WARNING - No viable dags retrieved from /home/pedro/Documentos/airflow/venv/lib/python3.9/site-packages/airflow/example_dags/example_kubernetes_executor.py
[2025-05-09 14:49:39,808] {processor.py:161} INFO - Processing /home/pedro/Documentos/airflow/venv/lib/python3.9/site-packages/airflow/example_dags/example_kubernetes_executor.py took 0.034 seconds
[2025-05-09 14:50:15,719] {processor.py:153} INFO - Started process (PID=71141) to work on /home/pedro/Documentos/airflow/venv/lib/python3.9/site-packages/airflow/example_dags/example_kubernetes_executor.py
[2025-05-09 14:50:15,732] {processor.py:641} INFO - Processing file /home/pedro/Documentos/airflow/venv/lib/python3.9/site-packages/airflow/example_dags/example_kubernetes_executor.py for tasks to queue
[2025-05-09 14:50:15,732] {logging_mixin.py:115} INFO - [2025-05-09 14:50:15,732] {dagbag.py:507} INFO - Filling up the DagBag from /home/pedro/Documentos/airflow/venv/lib/python3.9/site-packages/airflow/example_dags/example_kubernetes_executor.py
[2025-05-09 14:50:15,744] {logging_mixin.py:115} INFO - [2025-05-09 14:50:15,744] {example_kubernetes_executor.py:39} WARNING - The example_kubernetes_executor example DAG requires the kubernetes provider. Please install it with: pip install apache-airflow[cncf.kubernetes]
[2025-05-09 14:50:15,744] {processor.py:653} WARNING - No viable dags retrieved from /home/pedro/Documentos/airflow/venv/lib/python3.9/site-packages/airflow/example_dags/example_kubernetes_executor.py
[2025-05-09 14:50:15,751] {processor.py:161} INFO - Processing /home/pedro/Documentos/airflow/venv/lib/python3.9/site-packages/airflow/example_dags/example_kubernetes_executor.py took 0.034 seconds
[2025-05-09 14:50:51,413] {processor.py:153} INFO - Started process (PID=71357) to work on /home/pedro/Documentos/airflow/venv/lib/python3.9/site-packages/airflow/example_dags/example_kubernetes_executor.py
[2025-05-09 14:50:51,426] {processor.py:641} INFO - Processing file /home/pedro/Documentos/airflow/venv/lib/python3.9/site-packages/airflow/example_dags/example_kubernetes_executor.py for tasks to queue
[2025-05-09 14:50:51,426] {logging_mixin.py:115} INFO - [2025-05-09 14:50:51,426] {dagbag.py:507} INFO - Filling up the DagBag from /home/pedro/Documentos/airflow/venv/lib/python3.9/site-packages/airflow/example_dags/example_kubernetes_executor.py
[2025-05-09 14:50:51,439] {logging_mixin.py:115} INFO - [2025-05-09 14:50:51,439] {example_kubernetes_executor.py:39} WARNING - The example_kubernetes_executor example DAG requires the kubernetes provider. Please install it with: pip install apache-airflow[cncf.kubernetes]
[2025-05-09 14:50:51,439] {processor.py:653} WARNING - No viable dags retrieved from /home/pedro/Documentos/airflow/venv/lib/python3.9/site-packages/airflow/example_dags/example_kubernetes_executor.py
[2025-05-09 14:50:51,447] {processor.py:161} INFO - Processing /home/pedro/Documentos/airflow/venv/lib/python3.9/site-packages/airflow/example_dags/example_kubernetes_executor.py took 0.036 seconds
[2025-05-09 14:51:26,446] {processor.py:153} INFO - Started process (PID=71584) to work on /home/pedro/Documentos/airflow/venv/lib/python3.9/site-packages/airflow/example_dags/example_kubernetes_executor.py
[2025-05-09 14:51:26,447] {processor.py:641} INFO - Processing file /home/pedro/Documentos/airflow/venv/lib/python3.9/site-packages/airflow/example_dags/example_kubernetes_executor.py for tasks to queue
[2025-05-09 14:51:26,447] {logging_mixin.py:115} INFO - [2025-05-09 14:51:26,447] {dagbag.py:507} INFO - Filling up the DagBag from /home/pedro/Documentos/airflow/venv/lib/python3.9/site-packages/airflow/example_dags/example_kubernetes_executor.py
[2025-05-09 14:51:26,460] {logging_mixin.py:115} INFO - [2025-05-09 14:51:26,460] {example_kubernetes_executor.py:39} WARNING - The example_kubernetes_executor example DAG requires the kubernetes provider. Please install it with: pip install apache-airflow[cncf.kubernetes]
[2025-05-09 14:51:26,460] {processor.py:653} WARNING - No viable dags retrieved from /home/pedro/Documentos/airflow/venv/lib/python3.9/site-packages/airflow/example_dags/example_kubernetes_executor.py
[2025-05-09 14:51:26,468] {processor.py:161} INFO - Processing /home/pedro/Documentos/airflow/venv/lib/python3.9/site-packages/airflow/example_dags/example_kubernetes_executor.py took 0.024 seconds
[2025-05-09 14:52:02,458] {processor.py:153} INFO - Started process (PID=71939) to work on /home/pedro/Documentos/airflow/venv/lib/python3.9/site-packages/airflow/example_dags/example_kubernetes_executor.py
[2025-05-09 14:52:02,470] {processor.py:641} INFO - Processing file /home/pedro/Documentos/airflow/venv/lib/python3.9/site-packages/airflow/example_dags/example_kubernetes_executor.py for tasks to queue
[2025-05-09 14:52:02,471] {logging_mixin.py:115} INFO - [2025-05-09 14:52:02,470] {dagbag.py:507} INFO - Filling up the DagBag from /home/pedro/Documentos/airflow/venv/lib/python3.9/site-packages/airflow/example_dags/example_kubernetes_executor.py
[2025-05-09 14:52:02,484] {logging_mixin.py:115} INFO - [2025-05-09 14:52:02,484] {example_kubernetes_executor.py:39} WARNING - The example_kubernetes_executor example DAG requires the kubernetes provider. Please install it with: pip install apache-airflow[cncf.kubernetes]
[2025-05-09 14:52:02,484] {processor.py:653} WARNING - No viable dags retrieved from /home/pedro/Documentos/airflow/venv/lib/python3.9/site-packages/airflow/example_dags/example_kubernetes_executor.py
[2025-05-09 14:52:02,492] {processor.py:161} INFO - Processing /home/pedro/Documentos/airflow/venv/lib/python3.9/site-packages/airflow/example_dags/example_kubernetes_executor.py took 0.037 seconds
[2025-05-09 14:52:36,085] {processor.py:153} INFO - Started process (PID=72461) to work on /home/pedro/Documentos/airflow/venv/lib/python3.9/site-packages/airflow/example_dags/example_kubernetes_executor.py
[2025-05-09 14:52:36,098] {processor.py:641} INFO - Processing file /home/pedro/Documentos/airflow/venv/lib/python3.9/site-packages/airflow/example_dags/example_kubernetes_executor.py for tasks to queue
[2025-05-09 14:52:36,098] {logging_mixin.py:115} INFO - [2025-05-09 14:52:36,098] {dagbag.py:507} INFO - Filling up the DagBag from /home/pedro/Documentos/airflow/venv/lib/python3.9/site-packages/airflow/example_dags/example_kubernetes_executor.py
[2025-05-09 14:52:36,110] {logging_mixin.py:115} INFO - [2025-05-09 14:52:36,110] {example_kubernetes_executor.py:39} WARNING - The example_kubernetes_executor example DAG requires the kubernetes provider. Please install it with: pip install apache-airflow[cncf.kubernetes]
[2025-05-09 14:52:36,110] {processor.py:653} WARNING - No viable dags retrieved from /home/pedro/Documentos/airflow/venv/lib/python3.9/site-packages/airflow/example_dags/example_kubernetes_executor.py
[2025-05-09 14:52:36,117] {processor.py:161} INFO - Processing /home/pedro/Documentos/airflow/venv/lib/python3.9/site-packages/airflow/example_dags/example_kubernetes_executor.py took 0.034 seconds
[2025-05-09 14:53:10,429] {processor.py:153} INFO - Started process (PID=72747) to work on /home/pedro/Documentos/airflow/venv/lib/python3.9/site-packages/airflow/example_dags/example_kubernetes_executor.py
[2025-05-09 14:53:10,441] {processor.py:641} INFO - Processing file /home/pedro/Documentos/airflow/venv/lib/python3.9/site-packages/airflow/example_dags/example_kubernetes_executor.py for tasks to queue
[2025-05-09 14:53:10,442] {logging_mixin.py:115} INFO - [2025-05-09 14:53:10,442] {dagbag.py:507} INFO - Filling up the DagBag from /home/pedro/Documentos/airflow/venv/lib/python3.9/site-packages/airflow/example_dags/example_kubernetes_executor.py
[2025-05-09 14:53:10,455] {logging_mixin.py:115} INFO - [2025-05-09 14:53:10,455] {example_kubernetes_executor.py:39} WARNING - The example_kubernetes_executor example DAG requires the kubernetes provider. Please install it with: pip install apache-airflow[cncf.kubernetes]
[2025-05-09 14:53:10,455] {processor.py:653} WARNING - No viable dags retrieved from /home/pedro/Documentos/airflow/venv/lib/python3.9/site-packages/airflow/example_dags/example_kubernetes_executor.py
[2025-05-09 14:53:10,462] {processor.py:161} INFO - Processing /home/pedro/Documentos/airflow/venv/lib/python3.9/site-packages/airflow/example_dags/example_kubernetes_executor.py took 0.035 seconds
[2025-05-09 14:53:48,011] {processor.py:153} INFO - Started process (PID=74007) to work on /home/pedro/Documentos/airflow/venv/lib/python3.9/site-packages/airflow/example_dags/example_kubernetes_executor.py
[2025-05-09 14:53:48,024] {processor.py:641} INFO - Processing file /home/pedro/Documentos/airflow/venv/lib/python3.9/site-packages/airflow/example_dags/example_kubernetes_executor.py for tasks to queue
[2025-05-09 14:53:48,024] {logging_mixin.py:115} INFO - [2025-05-09 14:53:48,024] {dagbag.py:507} INFO - Filling up the DagBag from /home/pedro/Documentos/airflow/venv/lib/python3.9/site-packages/airflow/example_dags/example_kubernetes_executor.py
[2025-05-09 14:53:48,036] {logging_mixin.py:115} INFO - [2025-05-09 14:53:48,036] {example_kubernetes_executor.py:39} WARNING - The example_kubernetes_executor example DAG requires the kubernetes provider. Please install it with: pip install apache-airflow[cncf.kubernetes]
[2025-05-09 14:53:48,037] {processor.py:653} WARNING - No viable dags retrieved from /home/pedro/Documentos/airflow/venv/lib/python3.9/site-packages/airflow/example_dags/example_kubernetes_executor.py
[2025-05-09 14:53:48,044] {processor.py:161} INFO - Processing /home/pedro/Documentos/airflow/venv/lib/python3.9/site-packages/airflow/example_dags/example_kubernetes_executor.py took 0.035 seconds
[2025-05-09 14:54:21,099] {processor.py:153} INFO - Started process (PID=74311) to work on /home/pedro/Documentos/airflow/venv/lib/python3.9/site-packages/airflow/example_dags/example_kubernetes_executor.py
[2025-05-09 14:54:21,112] {processor.py:641} INFO - Processing file /home/pedro/Documentos/airflow/venv/lib/python3.9/site-packages/airflow/example_dags/example_kubernetes_executor.py for tasks to queue
[2025-05-09 14:54:21,112] {logging_mixin.py:115} INFO - [2025-05-09 14:54:21,112] {dagbag.py:507} INFO - Filling up the DagBag from /home/pedro/Documentos/airflow/venv/lib/python3.9/site-packages/airflow/example_dags/example_kubernetes_executor.py
[2025-05-09 14:54:21,124] {logging_mixin.py:115} INFO - [2025-05-09 14:54:21,124] {example_kubernetes_executor.py:39} WARNING - The example_kubernetes_executor example DAG requires the kubernetes provider. Please install it with: pip install apache-airflow[cncf.kubernetes]
[2025-05-09 14:54:21,124] {processor.py:653} WARNING - No viable dags retrieved from /home/pedro/Documentos/airflow/venv/lib/python3.9/site-packages/airflow/example_dags/example_kubernetes_executor.py
[2025-05-09 14:54:21,131] {processor.py:161} INFO - Processing /home/pedro/Documentos/airflow/venv/lib/python3.9/site-packages/airflow/example_dags/example_kubernetes_executor.py took 0.034 seconds
[2025-05-09 14:54:51,949] {processor.py:153} INFO - Started process (PID=74505) to work on /home/pedro/Documentos/airflow/venv/lib/python3.9/site-packages/airflow/example_dags/example_kubernetes_executor.py
[2025-05-09 14:54:51,961] {processor.py:641} INFO - Processing file /home/pedro/Documentos/airflow/venv/lib/python3.9/site-packages/airflow/example_dags/example_kubernetes_executor.py for tasks to queue
[2025-05-09 14:54:51,962] {logging_mixin.py:115} INFO - [2025-05-09 14:54:51,962] {dagbag.py:507} INFO - Filling up the DagBag from /home/pedro/Documentos/airflow/venv/lib/python3.9/site-packages/airflow/example_dags/example_kubernetes_executor.py
[2025-05-09 14:54:51,974] {logging_mixin.py:115} INFO - [2025-05-09 14:54:51,974] {example_kubernetes_executor.py:39} WARNING - The example_kubernetes_executor example DAG requires the kubernetes provider. Please install it with: pip install apache-airflow[cncf.kubernetes]
[2025-05-09 14:54:51,974] {processor.py:653} WARNING - No viable dags retrieved from /home/pedro/Documentos/airflow/venv/lib/python3.9/site-packages/airflow/example_dags/example_kubernetes_executor.py
[2025-05-09 14:54:51,982] {processor.py:161} INFO - Processing /home/pedro/Documentos/airflow/venv/lib/python3.9/site-packages/airflow/example_dags/example_kubernetes_executor.py took 0.036 seconds
[2025-05-09 14:55:26,944] {processor.py:153} INFO - Started process (PID=74711) to work on /home/pedro/Documentos/airflow/venv/lib/python3.9/site-packages/airflow/example_dags/example_kubernetes_executor.py
[2025-05-09 14:55:26,956] {processor.py:641} INFO - Processing file /home/pedro/Documentos/airflow/venv/lib/python3.9/site-packages/airflow/example_dags/example_kubernetes_executor.py for tasks to queue
[2025-05-09 14:55:26,957] {logging_mixin.py:115} INFO - [2025-05-09 14:55:26,957] {dagbag.py:507} INFO - Filling up the DagBag from /home/pedro/Documentos/airflow/venv/lib/python3.9/site-packages/airflow/example_dags/example_kubernetes_executor.py
[2025-05-09 14:55:26,970] {logging_mixin.py:115} INFO - [2025-05-09 14:55:26,970] {example_kubernetes_executor.py:39} WARNING - The example_kubernetes_executor example DAG requires the kubernetes provider. Please install it with: pip install apache-airflow[cncf.kubernetes]
[2025-05-09 14:55:26,970] {processor.py:653} WARNING - No viable dags retrieved from /home/pedro/Documentos/airflow/venv/lib/python3.9/site-packages/airflow/example_dags/example_kubernetes_executor.py
[2025-05-09 14:55:26,977] {processor.py:161} INFO - Processing /home/pedro/Documentos/airflow/venv/lib/python3.9/site-packages/airflow/example_dags/example_kubernetes_executor.py took 0.035 seconds
