[2025-05-09 14:34:17,135] {processor.py:153} INFO - Started process (PID=61989) to work on /home/pedro/Documentos/airflow/venv/lib/python3.9/site-packages/airflow/example_dags/example_branch_day_of_week_operator.py
[2025-05-09 14:34:17,135] {processor.py:641} INFO - Processing file /home/pedro/Documentos/airflow/venv/lib/python3.9/site-packages/airflow/example_dags/example_branch_day_of_week_operator.py for tasks to queue
[2025-05-09 14:34:17,136] {logging_mixin.py:115} INFO - [2025-05-09 14:34:17,136] {dagbag.py:507} INFO - Filling up the DagBag from /home/pedro/Documentos/airflow/venv/lib/python3.9/site-packages/airflow/example_dags/example_branch_day_of_week_operator.py
[2025-05-09 14:34:17,143] {processor.py:651} INFO - DAG(s) dict_keys(['example_weekday_branch_operator']) retrieved from /home/pedro/Documentos/airflow/venv/lib/python3.9/site-packages/airflow/example_dags/example_branch_day_of_week_operator.py
[2025-05-09 14:34:17,215] {logging_mixin.py:115} INFO - [2025-05-09 14:34:17,215] {manager.py:508} INFO - Created Permission View: can delete on DAG:example_weekday_branch_operator
[2025-05-09 14:34:17,223] {logging_mixin.py:115} INFO - [2025-05-09 14:34:17,222] {manager.py:508} INFO - Created Permission View: can read on DAG:example_weekday_branch_operator
[2025-05-09 14:34:17,229] {logging_mixin.py:115} INFO - [2025-05-09 14:34:17,229] {manager.py:508} INFO - Created Permission View: can edit on DAG:example_weekday_branch_operator
[2025-05-09 14:34:17,229] {logging_mixin.py:115} INFO - [2025-05-09 14:34:17,229] {dag.py:2379} INFO - Sync 1 DAGs
[2025-05-09 14:34:17,234] {logging_mixin.py:115} INFO - [2025-05-09 14:34:17,234] {dag.py:2398} INFO - Creating ORM DAG for example_weekday_branch_operator
[2025-05-09 14:34:17,241] {logging_mixin.py:115} INFO - [2025-05-09 14:34:17,241] {dag.py:2927} INFO - Setting next_dagrun for example_weekday_branch_operator to 2025-05-08T00:00:00+00:00, run_after=2025-05-09T00:00:00+00:00
[2025-05-09 14:34:17,253] {processor.py:161} INFO - Processing /home/pedro/Documentos/airflow/venv/lib/python3.9/site-packages/airflow/example_dags/example_branch_day_of_week_operator.py took 0.121 seconds
[2025-05-09 14:34:53,756] {processor.py:153} INFO - Started process (PID=62484) to work on /home/pedro/Documentos/airflow/venv/lib/python3.9/site-packages/airflow/example_dags/example_branch_day_of_week_operator.py
[2025-05-09 14:34:53,768] {processor.py:641} INFO - Processing file /home/pedro/Documentos/airflow/venv/lib/python3.9/site-packages/airflow/example_dags/example_branch_day_of_week_operator.py for tasks to queue
[2025-05-09 14:34:53,769] {logging_mixin.py:115} INFO - [2025-05-09 14:34:53,768] {dagbag.py:507} INFO - Filling up the DagBag from /home/pedro/Documentos/airflow/venv/lib/python3.9/site-packages/airflow/example_dags/example_branch_day_of_week_operator.py
[2025-05-09 14:34:53,775] {processor.py:651} INFO - DAG(s) dict_keys(['example_weekday_branch_operator']) retrieved from /home/pedro/Documentos/airflow/venv/lib/python3.9/site-packages/airflow/example_dags/example_branch_day_of_week_operator.py
[2025-05-09 14:34:53,787] {logging_mixin.py:115} INFO - [2025-05-09 14:34:53,787] {dag.py:2379} INFO - Sync 1 DAGs
[2025-05-09 14:34:53,803] {logging_mixin.py:115} INFO - [2025-05-09 14:34:53,802] {dag.py:2927} INFO - Setting next_dagrun for example_weekday_branch_operator to 2025-05-08T00:00:00+00:00, run_after=2025-05-09T00:00:00+00:00
[2025-05-09 14:34:53,815] {processor.py:161} INFO - Processing /home/pedro/Documentos/airflow/venv/lib/python3.9/site-packages/airflow/example_dags/example_branch_day_of_week_operator.py took 0.061 seconds
[2025-05-09 14:35:28,672] {processor.py:153} INFO - Started process (PID=62835) to work on /home/pedro/Documentos/airflow/venv/lib/python3.9/site-packages/airflow/example_dags/example_branch_day_of_week_operator.py
[2025-05-09 14:35:28,684] {processor.py:641} INFO - Processing file /home/pedro/Documentos/airflow/venv/lib/python3.9/site-packages/airflow/example_dags/example_branch_day_of_week_operator.py for tasks to queue
[2025-05-09 14:35:28,684] {logging_mixin.py:115} INFO - [2025-05-09 14:35:28,684] {dagbag.py:507} INFO - Filling up the DagBag from /home/pedro/Documentos/airflow/venv/lib/python3.9/site-packages/airflow/example_dags/example_branch_day_of_week_operator.py
[2025-05-09 14:35:28,690] {processor.py:651} INFO - DAG(s) dict_keys(['example_weekday_branch_operator']) retrieved from /home/pedro/Documentos/airflow/venv/lib/python3.9/site-packages/airflow/example_dags/example_branch_day_of_week_operator.py
[2025-05-09 14:35:28,702] {logging_mixin.py:115} INFO - [2025-05-09 14:35:28,702] {dag.py:2379} INFO - Sync 1 DAGs
[2025-05-09 14:35:28,718] {logging_mixin.py:115} INFO - [2025-05-09 14:35:28,717] {dag.py:2927} INFO - Setting next_dagrun for example_weekday_branch_operator to 2025-05-08T00:00:00+00:00, run_after=2025-05-09T00:00:00+00:00
[2025-05-09 14:35:28,728] {processor.py:161} INFO - Processing /home/pedro/Documentos/airflow/venv/lib/python3.9/site-packages/airflow/example_dags/example_branch_day_of_week_operator.py took 0.059 seconds
[2025-05-09 14:36:05,164] {processor.py:153} INFO - Started process (PID=63253) to work on /home/pedro/Documentos/airflow/venv/lib/python3.9/site-packages/airflow/example_dags/example_branch_day_of_week_operator.py
[2025-05-09 14:36:05,164] {processor.py:641} INFO - Processing file /home/pedro/Documentos/airflow/venv/lib/python3.9/site-packages/airflow/example_dags/example_branch_day_of_week_operator.py for tasks to queue
[2025-05-09 14:36:05,165] {logging_mixin.py:115} INFO - [2025-05-09 14:36:05,165] {dagbag.py:507} INFO - Filling up the DagBag from /home/pedro/Documentos/airflow/venv/lib/python3.9/site-packages/airflow/example_dags/example_branch_day_of_week_operator.py
[2025-05-09 14:36:05,170] {processor.py:651} INFO - DAG(s) dict_keys(['example_weekday_branch_operator']) retrieved from /home/pedro/Documentos/airflow/venv/lib/python3.9/site-packages/airflow/example_dags/example_branch_day_of_week_operator.py
[2025-05-09 14:36:05,182] {logging_mixin.py:115} INFO - [2025-05-09 14:36:05,181] {dag.py:2379} INFO - Sync 1 DAGs
[2025-05-09 14:36:05,196] {logging_mixin.py:115} INFO - [2025-05-09 14:36:05,196] {dag.py:2927} INFO - Setting next_dagrun for example_weekday_branch_operator to 2025-05-08T00:00:00+00:00, run_after=2025-05-09T00:00:00+00:00
[2025-05-09 14:36:05,205] {processor.py:161} INFO - Processing /home/pedro/Documentos/airflow/venv/lib/python3.9/site-packages/airflow/example_dags/example_branch_day_of_week_operator.py took 0.043 seconds
[2025-05-09 14:36:37,814] {processor.py:153} INFO - Started process (PID=63447) to work on /home/pedro/Documentos/airflow/venv/lib/python3.9/site-packages/airflow/example_dags/example_branch_day_of_week_operator.py
[2025-05-09 14:36:37,827] {processor.py:641} INFO - Processing file /home/pedro/Documentos/airflow/venv/lib/python3.9/site-packages/airflow/example_dags/example_branch_day_of_week_operator.py for tasks to queue
[2025-05-09 14:36:37,827] {logging_mixin.py:115} INFO - [2025-05-09 14:36:37,827] {dagbag.py:507} INFO - Filling up the DagBag from /home/pedro/Documentos/airflow/venv/lib/python3.9/site-packages/airflow/example_dags/example_branch_day_of_week_operator.py
[2025-05-09 14:36:37,832] {processor.py:651} INFO - DAG(s) dict_keys(['example_weekday_branch_operator']) retrieved from /home/pedro/Documentos/airflow/venv/lib/python3.9/site-packages/airflow/example_dags/example_branch_day_of_week_operator.py
[2025-05-09 14:36:37,843] {logging_mixin.py:115} INFO - [2025-05-09 14:36:37,843] {dag.py:2379} INFO - Sync 1 DAGs
[2025-05-09 14:36:37,858] {logging_mixin.py:115} INFO - [2025-05-09 14:36:37,858] {dag.py:2927} INFO - Setting next_dagrun for example_weekday_branch_operator to 2025-05-08T00:00:00+00:00, run_after=2025-05-09T00:00:00+00:00
[2025-05-09 14:36:37,868] {processor.py:161} INFO - Processing /home/pedro/Documentos/airflow/venv/lib/python3.9/site-packages/airflow/example_dags/example_branch_day_of_week_operator.py took 0.055 seconds
[2025-05-09 14:37:18,353] {processor.py:153} INFO - Started process (PID=63918) to work on /home/pedro/Documentos/airflow/venv/lib/python3.9/site-packages/airflow/example_dags/example_branch_day_of_week_operator.py
[2025-05-09 14:37:18,365] {processor.py:641} INFO - Processing file /home/pedro/Documentos/airflow/venv/lib/python3.9/site-packages/airflow/example_dags/example_branch_day_of_week_operator.py for tasks to queue
[2025-05-09 14:37:18,366] {logging_mixin.py:115} INFO - [2025-05-09 14:37:18,366] {dagbag.py:507} INFO - Filling up the DagBag from /home/pedro/Documentos/airflow/venv/lib/python3.9/site-packages/airflow/example_dags/example_branch_day_of_week_operator.py
[2025-05-09 14:37:18,371] {processor.py:651} INFO - DAG(s) dict_keys(['example_weekday_branch_operator']) retrieved from /home/pedro/Documentos/airflow/venv/lib/python3.9/site-packages/airflow/example_dags/example_branch_day_of_week_operator.py
[2025-05-09 14:37:18,383] {logging_mixin.py:115} INFO - [2025-05-09 14:37:18,383] {dag.py:2379} INFO - Sync 1 DAGs
[2025-05-09 14:37:18,397] {logging_mixin.py:115} INFO - [2025-05-09 14:37:18,396] {dag.py:2927} INFO - Setting next_dagrun for example_weekday_branch_operator to 2025-05-08T00:00:00+00:00, run_after=2025-05-09T00:00:00+00:00
[2025-05-09 14:37:18,407] {processor.py:161} INFO - Processing /home/pedro/Documentos/airflow/venv/lib/python3.9/site-packages/airflow/example_dags/example_branch_day_of_week_operator.py took 0.056 seconds
[2025-05-09 14:37:51,728] {processor.py:153} INFO - Started process (PID=64409) to work on /home/pedro/Documentos/airflow/venv/lib/python3.9/site-packages/airflow/example_dags/example_branch_day_of_week_operator.py
[2025-05-09 14:37:51,740] {processor.py:641} INFO - Processing file /home/pedro/Documentos/airflow/venv/lib/python3.9/site-packages/airflow/example_dags/example_branch_day_of_week_operator.py for tasks to queue
[2025-05-09 14:37:51,740] {logging_mixin.py:115} INFO - [2025-05-09 14:37:51,740] {dagbag.py:507} INFO - Filling up the DagBag from /home/pedro/Documentos/airflow/venv/lib/python3.9/site-packages/airflow/example_dags/example_branch_day_of_week_operator.py
[2025-05-09 14:37:51,746] {processor.py:651} INFO - DAG(s) dict_keys(['example_weekday_branch_operator']) retrieved from /home/pedro/Documentos/airflow/venv/lib/python3.9/site-packages/airflow/example_dags/example_branch_day_of_week_operator.py
[2025-05-09 14:37:51,757] {logging_mixin.py:115} INFO - [2025-05-09 14:37:51,757] {dag.py:2379} INFO - Sync 1 DAGs
[2025-05-09 14:37:51,771] {logging_mixin.py:115} INFO - [2025-05-09 14:37:51,771] {dag.py:2927} INFO - Setting next_dagrun for example_weekday_branch_operator to 2025-05-08T00:00:00+00:00, run_after=2025-05-09T00:00:00+00:00
[2025-05-09 14:37:51,781] {processor.py:161} INFO - Processing /home/pedro/Documentos/airflow/venv/lib/python3.9/site-packages/airflow/example_dags/example_branch_day_of_week_operator.py took 0.056 seconds
[2025-05-09 14:38:23,717] {processor.py:153} INFO - Started process (PID=64790) to work on /home/pedro/Documentos/airflow/venv/lib/python3.9/site-packages/airflow/example_dags/example_branch_day_of_week_operator.py
[2025-05-09 14:38:23,730] {processor.py:641} INFO - Processing file /home/pedro/Documentos/airflow/venv/lib/python3.9/site-packages/airflow/example_dags/example_branch_day_of_week_operator.py for tasks to queue
[2025-05-09 14:38:23,730] {logging_mixin.py:115} INFO - [2025-05-09 14:38:23,730] {dagbag.py:507} INFO - Filling up the DagBag from /home/pedro/Documentos/airflow/venv/lib/python3.9/site-packages/airflow/example_dags/example_branch_day_of_week_operator.py
[2025-05-09 14:38:23,735] {processor.py:651} INFO - DAG(s) dict_keys(['example_weekday_branch_operator']) retrieved from /home/pedro/Documentos/airflow/venv/lib/python3.9/site-packages/airflow/example_dags/example_branch_day_of_week_operator.py
[2025-05-09 14:38:23,747] {logging_mixin.py:115} INFO - [2025-05-09 14:38:23,747] {dag.py:2379} INFO - Sync 1 DAGs
[2025-05-09 14:38:23,762] {logging_mixin.py:115} INFO - [2025-05-09 14:38:23,762] {dag.py:2927} INFO - Setting next_dagrun for example_weekday_branch_operator to 2025-05-08T00:00:00+00:00, run_after=2025-05-09T00:00:00+00:00
[2025-05-09 14:38:23,776] {processor.py:161} INFO - Processing /home/pedro/Documentos/airflow/venv/lib/python3.9/site-packages/airflow/example_dags/example_branch_day_of_week_operator.py took 0.060 seconds
[2025-05-09 14:38:59,944] {processor.py:153} INFO - Started process (PID=65150) to work on /home/pedro/Documentos/airflow/venv/lib/python3.9/site-packages/airflow/example_dags/example_branch_day_of_week_operator.py
[2025-05-09 14:38:59,956] {processor.py:641} INFO - Processing file /home/pedro/Documentos/airflow/venv/lib/python3.9/site-packages/airflow/example_dags/example_branch_day_of_week_operator.py for tasks to queue
[2025-05-09 14:38:59,957] {logging_mixin.py:115} INFO - [2025-05-09 14:38:59,957] {dagbag.py:507} INFO - Filling up the DagBag from /home/pedro/Documentos/airflow/venv/lib/python3.9/site-packages/airflow/example_dags/example_branch_day_of_week_operator.py
[2025-05-09 14:38:59,962] {processor.py:651} INFO - DAG(s) dict_keys(['example_weekday_branch_operator']) retrieved from /home/pedro/Documentos/airflow/venv/lib/python3.9/site-packages/airflow/example_dags/example_branch_day_of_week_operator.py
[2025-05-09 14:38:59,974] {logging_mixin.py:115} INFO - [2025-05-09 14:38:59,974] {dag.py:2379} INFO - Sync 1 DAGs
[2025-05-09 14:38:59,987] {logging_mixin.py:115} INFO - [2025-05-09 14:38:59,987] {dag.py:2927} INFO - Setting next_dagrun for example_weekday_branch_operator to 2025-05-08T00:00:00+00:00, run_after=2025-05-09T00:00:00+00:00
[2025-05-09 14:38:59,997] {processor.py:161} INFO - Processing /home/pedro/Documentos/airflow/venv/lib/python3.9/site-packages/airflow/example_dags/example_branch_day_of_week_operator.py took 0.055 seconds
[2025-05-09 14:39:37,546] {processor.py:153} INFO - Started process (PID=65551) to work on /home/pedro/Documentos/airflow/venv/lib/python3.9/site-packages/airflow/example_dags/example_branch_day_of_week_operator.py
[2025-05-09 14:39:37,558] {processor.py:641} INFO - Processing file /home/pedro/Documentos/airflow/venv/lib/python3.9/site-packages/airflow/example_dags/example_branch_day_of_week_operator.py for tasks to queue
[2025-05-09 14:39:37,559] {logging_mixin.py:115} INFO - [2025-05-09 14:39:37,559] {dagbag.py:507} INFO - Filling up the DagBag from /home/pedro/Documentos/airflow/venv/lib/python3.9/site-packages/airflow/example_dags/example_branch_day_of_week_operator.py
[2025-05-09 14:39:37,564] {processor.py:651} INFO - DAG(s) dict_keys(['example_weekday_branch_operator']) retrieved from /home/pedro/Documentos/airflow/venv/lib/python3.9/site-packages/airflow/example_dags/example_branch_day_of_week_operator.py
[2025-05-09 14:39:37,575] {logging_mixin.py:115} INFO - [2025-05-09 14:39:37,575] {dag.py:2379} INFO - Sync 1 DAGs
[2025-05-09 14:39:37,588] {logging_mixin.py:115} INFO - [2025-05-09 14:39:37,588] {dag.py:2927} INFO - Setting next_dagrun for example_weekday_branch_operator to 2025-05-08T00:00:00+00:00, run_after=2025-05-09T00:00:00+00:00
[2025-05-09 14:39:37,597] {processor.py:161} INFO - Processing /home/pedro/Documentos/airflow/venv/lib/python3.9/site-packages/airflow/example_dags/example_branch_day_of_week_operator.py took 0.053 seconds
[2025-05-09 14:40:10,203] {processor.py:153} INFO - Started process (PID=65750) to work on /home/pedro/Documentos/airflow/venv/lib/python3.9/site-packages/airflow/example_dags/example_branch_day_of_week_operator.py
[2025-05-09 14:40:10,216] {processor.py:641} INFO - Processing file /home/pedro/Documentos/airflow/venv/lib/python3.9/site-packages/airflow/example_dags/example_branch_day_of_week_operator.py for tasks to queue
[2025-05-09 14:40:10,216] {logging_mixin.py:115} INFO - [2025-05-09 14:40:10,216] {dagbag.py:507} INFO - Filling up the DagBag from /home/pedro/Documentos/airflow/venv/lib/python3.9/site-packages/airflow/example_dags/example_branch_day_of_week_operator.py
[2025-05-09 14:40:10,222] {processor.py:651} INFO - DAG(s) dict_keys(['example_weekday_branch_operator']) retrieved from /home/pedro/Documentos/airflow/venv/lib/python3.9/site-packages/airflow/example_dags/example_branch_day_of_week_operator.py
[2025-05-09 14:40:10,234] {logging_mixin.py:115} INFO - [2025-05-09 14:40:10,234] {dag.py:2379} INFO - Sync 1 DAGs
[2025-05-09 14:40:10,248] {logging_mixin.py:115} INFO - [2025-05-09 14:40:10,248] {dag.py:2927} INFO - Setting next_dagrun for example_weekday_branch_operator to 2025-05-08T00:00:00+00:00, run_after=2025-05-09T00:00:00+00:00
[2025-05-09 14:40:10,257] {processor.py:161} INFO - Processing /home/pedro/Documentos/airflow/venv/lib/python3.9/site-packages/airflow/example_dags/example_branch_day_of_week_operator.py took 0.056 seconds
[2025-05-09 14:40:45,074] {processor.py:153} INFO - Started process (PID=66060) to work on /home/pedro/Documentos/airflow/venv/lib/python3.9/site-packages/airflow/example_dags/example_branch_day_of_week_operator.py
[2025-05-09 14:40:45,087] {processor.py:641} INFO - Processing file /home/pedro/Documentos/airflow/venv/lib/python3.9/site-packages/airflow/example_dags/example_branch_day_of_week_operator.py for tasks to queue
[2025-05-09 14:40:45,087] {logging_mixin.py:115} INFO - [2025-05-09 14:40:45,087] {dagbag.py:507} INFO - Filling up the DagBag from /home/pedro/Documentos/airflow/venv/lib/python3.9/site-packages/airflow/example_dags/example_branch_day_of_week_operator.py
[2025-05-09 14:40:45,094] {processor.py:651} INFO - DAG(s) dict_keys(['example_weekday_branch_operator']) retrieved from /home/pedro/Documentos/airflow/venv/lib/python3.9/site-packages/airflow/example_dags/example_branch_day_of_week_operator.py
[2025-05-09 14:40:45,108] {logging_mixin.py:115} INFO - [2025-05-09 14:40:45,108] {dag.py:2379} INFO - Sync 1 DAGs
[2025-05-09 14:40:45,126] {logging_mixin.py:115} INFO - [2025-05-09 14:40:45,126] {dag.py:2927} INFO - Setting next_dagrun for example_weekday_branch_operator to 2025-05-08T00:00:00+00:00, run_after=2025-05-09T00:00:00+00:00
[2025-05-09 14:40:45,138] {processor.py:161} INFO - Processing /home/pedro/Documentos/airflow/venv/lib/python3.9/site-packages/airflow/example_dags/example_branch_day_of_week_operator.py took 0.066 seconds
[2025-05-09 14:41:18,759] {processor.py:153} INFO - Started process (PID=66666) to work on /home/pedro/Documentos/airflow/venv/lib/python3.9/site-packages/airflow/example_dags/example_branch_day_of_week_operator.py
[2025-05-09 14:41:18,759] {processor.py:641} INFO - Processing file /home/pedro/Documentos/airflow/venv/lib/python3.9/site-packages/airflow/example_dags/example_branch_day_of_week_operator.py for tasks to queue
[2025-05-09 14:41:18,760] {logging_mixin.py:115} INFO - [2025-05-09 14:41:18,760] {dagbag.py:507} INFO - Filling up the DagBag from /home/pedro/Documentos/airflow/venv/lib/python3.9/site-packages/airflow/example_dags/example_branch_day_of_week_operator.py
[2025-05-09 14:41:18,765] {processor.py:651} INFO - DAG(s) dict_keys(['example_weekday_branch_operator']) retrieved from /home/pedro/Documentos/airflow/venv/lib/python3.9/site-packages/airflow/example_dags/example_branch_day_of_week_operator.py
[2025-05-09 14:41:18,778] {logging_mixin.py:115} INFO - [2025-05-09 14:41:18,778] {dag.py:2379} INFO - Sync 1 DAGs
[2025-05-09 14:41:18,795] {logging_mixin.py:115} INFO - [2025-05-09 14:41:18,795] {dag.py:2927} INFO - Setting next_dagrun for example_weekday_branch_operator to 2025-05-08T00:00:00+00:00, run_after=2025-05-09T00:00:00+00:00
[2025-05-09 14:41:18,809] {processor.py:161} INFO - Processing /home/pedro/Documentos/airflow/venv/lib/python3.9/site-packages/airflow/example_dags/example_branch_day_of_week_operator.py took 0.052 seconds
[2025-05-09 14:41:55,917] {processor.py:153} INFO - Started process (PID=66965) to work on /home/pedro/Documentos/airflow/venv/lib/python3.9/site-packages/airflow/example_dags/example_branch_day_of_week_operator.py
[2025-05-09 14:41:55,925] {processor.py:641} INFO - Processing file /home/pedro/Documentos/airflow/venv/lib/python3.9/site-packages/airflow/example_dags/example_branch_day_of_week_operator.py for tasks to queue
[2025-05-09 14:41:55,926] {logging_mixin.py:115} INFO - [2025-05-09 14:41:55,926] {dagbag.py:507} INFO - Filling up the DagBag from /home/pedro/Documentos/airflow/venv/lib/python3.9/site-packages/airflow/example_dags/example_branch_day_of_week_operator.py
[2025-05-09 14:41:55,931] {processor.py:651} INFO - DAG(s) dict_keys(['example_weekday_branch_operator']) retrieved from /home/pedro/Documentos/airflow/venv/lib/python3.9/site-packages/airflow/example_dags/example_branch_day_of_week_operator.py
[2025-05-09 14:41:55,942] {logging_mixin.py:115} INFO - [2025-05-09 14:41:55,942] {dag.py:2379} INFO - Sync 1 DAGs
[2025-05-09 14:41:55,956] {logging_mixin.py:115} INFO - [2025-05-09 14:41:55,956] {dag.py:2927} INFO - Setting next_dagrun for example_weekday_branch_operator to 2025-05-08T00:00:00+00:00, run_after=2025-05-09T00:00:00+00:00
[2025-05-09 14:41:55,988] {processor.py:161} INFO - Processing /home/pedro/Documentos/airflow/venv/lib/python3.9/site-packages/airflow/example_dags/example_branch_day_of_week_operator.py took 0.073 seconds
[2025-05-09 14:42:29,037] {processor.py:153} INFO - Started process (PID=67159) to work on /home/pedro/Documentos/airflow/venv/lib/python3.9/site-packages/airflow/example_dags/example_branch_day_of_week_operator.py
[2025-05-09 14:42:29,050] {processor.py:641} INFO - Processing file /home/pedro/Documentos/airflow/venv/lib/python3.9/site-packages/airflow/example_dags/example_branch_day_of_week_operator.py for tasks to queue
[2025-05-09 14:42:29,050] {logging_mixin.py:115} INFO - [2025-05-09 14:42:29,050] {dagbag.py:507} INFO - Filling up the DagBag from /home/pedro/Documentos/airflow/venv/lib/python3.9/site-packages/airflow/example_dags/example_branch_day_of_week_operator.py
[2025-05-09 14:42:29,056] {processor.py:651} INFO - DAG(s) dict_keys(['example_weekday_branch_operator']) retrieved from /home/pedro/Documentos/airflow/venv/lib/python3.9/site-packages/airflow/example_dags/example_branch_day_of_week_operator.py
[2025-05-09 14:42:29,067] {logging_mixin.py:115} INFO - [2025-05-09 14:42:29,067] {dag.py:2379} INFO - Sync 1 DAGs
[2025-05-09 14:42:29,081] {logging_mixin.py:115} INFO - [2025-05-09 14:42:29,081] {dag.py:2927} INFO - Setting next_dagrun for example_weekday_branch_operator to 2025-05-08T00:00:00+00:00, run_after=2025-05-09T00:00:00+00:00
[2025-05-09 14:42:29,091] {processor.py:161} INFO - Processing /home/pedro/Documentos/airflow/venv/lib/python3.9/site-packages/airflow/example_dags/example_branch_day_of_week_operator.py took 0.056 seconds
[2025-05-09 14:43:02,778] {processor.py:153} INFO - Started process (PID=67359) to work on /home/pedro/Documentos/airflow/venv/lib/python3.9/site-packages/airflow/example_dags/example_branch_day_of_week_operator.py
[2025-05-09 14:43:02,791] {processor.py:641} INFO - Processing file /home/pedro/Documentos/airflow/venv/lib/python3.9/site-packages/airflow/example_dags/example_branch_day_of_week_operator.py for tasks to queue
[2025-05-09 14:43:02,791] {logging_mixin.py:115} INFO - [2025-05-09 14:43:02,791] {dagbag.py:507} INFO - Filling up the DagBag from /home/pedro/Documentos/airflow/venv/lib/python3.9/site-packages/airflow/example_dags/example_branch_day_of_week_operator.py
[2025-05-09 14:43:02,797] {processor.py:651} INFO - DAG(s) dict_keys(['example_weekday_branch_operator']) retrieved from /home/pedro/Documentos/airflow/venv/lib/python3.9/site-packages/airflow/example_dags/example_branch_day_of_week_operator.py
[2025-05-09 14:43:02,809] {logging_mixin.py:115} INFO - [2025-05-09 14:43:02,808] {dag.py:2379} INFO - Sync 1 DAGs
[2025-05-09 14:43:02,822] {logging_mixin.py:115} INFO - [2025-05-09 14:43:02,822] {dag.py:2927} INFO - Setting next_dagrun for example_weekday_branch_operator to 2025-05-08T00:00:00+00:00, run_after=2025-05-09T00:00:00+00:00
[2025-05-09 14:43:02,833] {processor.py:161} INFO - Processing /home/pedro/Documentos/airflow/venv/lib/python3.9/site-packages/airflow/example_dags/example_branch_day_of_week_operator.py took 0.057 seconds
[2025-05-09 14:43:42,787] {processor.py:153} INFO - Started process (PID=68029) to work on /home/pedro/Documentos/airflow/venv/lib/python3.9/site-packages/airflow/example_dags/example_branch_day_of_week_operator.py
[2025-05-09 14:43:42,800] {processor.py:641} INFO - Processing file /home/pedro/Documentos/airflow/venv/lib/python3.9/site-packages/airflow/example_dags/example_branch_day_of_week_operator.py for tasks to queue
[2025-05-09 14:43:42,800] {logging_mixin.py:115} INFO - [2025-05-09 14:43:42,800] {dagbag.py:507} INFO - Filling up the DagBag from /home/pedro/Documentos/airflow/venv/lib/python3.9/site-packages/airflow/example_dags/example_branch_day_of_week_operator.py
[2025-05-09 14:43:42,805] {processor.py:651} INFO - DAG(s) dict_keys(['example_weekday_branch_operator']) retrieved from /home/pedro/Documentos/airflow/venv/lib/python3.9/site-packages/airflow/example_dags/example_branch_day_of_week_operator.py
[2025-05-09 14:43:42,817] {logging_mixin.py:115} INFO - [2025-05-09 14:43:42,817] {dag.py:2379} INFO - Sync 1 DAGs
[2025-05-09 14:43:42,831] {logging_mixin.py:115} INFO - [2025-05-09 14:43:42,831] {dag.py:2927} INFO - Setting next_dagrun for example_weekday_branch_operator to 2025-05-08T00:00:00+00:00, run_after=2025-05-09T00:00:00+00:00
[2025-05-09 14:43:42,840] {processor.py:161} INFO - Processing /home/pedro/Documentos/airflow/venv/lib/python3.9/site-packages/airflow/example_dags/example_branch_day_of_week_operator.py took 0.055 seconds
[2025-05-09 14:44:16,944] {processor.py:153} INFO - Started process (PID=68299) to work on /home/pedro/Documentos/airflow/venv/lib/python3.9/site-packages/airflow/example_dags/example_branch_day_of_week_operator.py
[2025-05-09 14:44:16,956] {processor.py:641} INFO - Processing file /home/pedro/Documentos/airflow/venv/lib/python3.9/site-packages/airflow/example_dags/example_branch_day_of_week_operator.py for tasks to queue
[2025-05-09 14:44:16,957] {logging_mixin.py:115} INFO - [2025-05-09 14:44:16,957] {dagbag.py:507} INFO - Filling up the DagBag from /home/pedro/Documentos/airflow/venv/lib/python3.9/site-packages/airflow/example_dags/example_branch_day_of_week_operator.py
[2025-05-09 14:44:16,963] {processor.py:651} INFO - DAG(s) dict_keys(['example_weekday_branch_operator']) retrieved from /home/pedro/Documentos/airflow/venv/lib/python3.9/site-packages/airflow/example_dags/example_branch_day_of_week_operator.py
[2025-05-09 14:44:16,977] {logging_mixin.py:115} INFO - [2025-05-09 14:44:16,977] {dag.py:2379} INFO - Sync 1 DAGs
[2025-05-09 14:44:16,989] {logging_mixin.py:115} INFO - [2025-05-09 14:44:16,989] {dag.py:2927} INFO - Setting next_dagrun for example_weekday_branch_operator to 2025-05-08T00:00:00+00:00, run_after=2025-05-09T00:00:00+00:00
[2025-05-09 14:44:17,000] {processor.py:161} INFO - Processing /home/pedro/Documentos/airflow/venv/lib/python3.9/site-packages/airflow/example_dags/example_branch_day_of_week_operator.py took 0.058 seconds
[2025-05-09 14:44:52,631] {processor.py:153} INFO - Started process (PID=68529) to work on /home/pedro/Documentos/airflow/venv/lib/python3.9/site-packages/airflow/example_dags/example_branch_day_of_week_operator.py
[2025-05-09 14:44:52,632] {processor.py:641} INFO - Processing file /home/pedro/Documentos/airflow/venv/lib/python3.9/site-packages/airflow/example_dags/example_branch_day_of_week_operator.py for tasks to queue
[2025-05-09 14:44:52,632] {logging_mixin.py:115} INFO - [2025-05-09 14:44:52,632] {dagbag.py:507} INFO - Filling up the DagBag from /home/pedro/Documentos/airflow/venv/lib/python3.9/site-packages/airflow/example_dags/example_branch_day_of_week_operator.py
[2025-05-09 14:44:52,637] {processor.py:651} INFO - DAG(s) dict_keys(['example_weekday_branch_operator']) retrieved from /home/pedro/Documentos/airflow/venv/lib/python3.9/site-packages/airflow/example_dags/example_branch_day_of_week_operator.py
[2025-05-09 14:44:52,650] {logging_mixin.py:115} INFO - [2025-05-09 14:44:52,650] {dag.py:2379} INFO - Sync 1 DAGs
[2025-05-09 14:44:52,663] {logging_mixin.py:115} INFO - [2025-05-09 14:44:52,662] {dag.py:2927} INFO - Setting next_dagrun for example_weekday_branch_operator to 2025-05-08T00:00:00+00:00, run_after=2025-05-09T00:00:00+00:00
[2025-05-09 14:44:52,672] {processor.py:161} INFO - Processing /home/pedro/Documentos/airflow/venv/lib/python3.9/site-packages/airflow/example_dags/example_branch_day_of_week_operator.py took 0.043 seconds
[2025-05-09 14:45:28,847] {processor.py:153} INFO - Started process (PID=68755) to work on /home/pedro/Documentos/airflow/venv/lib/python3.9/site-packages/airflow/example_dags/example_branch_day_of_week_operator.py
[2025-05-09 14:45:28,859] {processor.py:641} INFO - Processing file /home/pedro/Documentos/airflow/venv/lib/python3.9/site-packages/airflow/example_dags/example_branch_day_of_week_operator.py for tasks to queue
[2025-05-09 14:45:28,859] {logging_mixin.py:115} INFO - [2025-05-09 14:45:28,859] {dagbag.py:507} INFO - Filling up the DagBag from /home/pedro/Documentos/airflow/venv/lib/python3.9/site-packages/airflow/example_dags/example_branch_day_of_week_operator.py
[2025-05-09 14:45:28,866] {processor.py:651} INFO - DAG(s) dict_keys(['example_weekday_branch_operator']) retrieved from /home/pedro/Documentos/airflow/venv/lib/python3.9/site-packages/airflow/example_dags/example_branch_day_of_week_operator.py
[2025-05-09 14:45:28,880] {logging_mixin.py:115} INFO - [2025-05-09 14:45:28,880] {dag.py:2379} INFO - Sync 1 DAGs
[2025-05-09 14:45:28,892] {logging_mixin.py:115} INFO - [2025-05-09 14:45:28,892] {dag.py:2927} INFO - Setting next_dagrun for example_weekday_branch_operator to 2025-05-08T00:00:00+00:00, run_after=2025-05-09T00:00:00+00:00
[2025-05-09 14:45:28,901] {processor.py:161} INFO - Processing /home/pedro/Documentos/airflow/venv/lib/python3.9/site-packages/airflow/example_dags/example_branch_day_of_week_operator.py took 0.058 seconds
[2025-05-09 14:46:03,553] {processor.py:153} INFO - Started process (PID=68957) to work on /home/pedro/Documentos/airflow/venv/lib/python3.9/site-packages/airflow/example_dags/example_branch_day_of_week_operator.py
[2025-05-09 14:46:03,567] {processor.py:641} INFO - Processing file /home/pedro/Documentos/airflow/venv/lib/python3.9/site-packages/airflow/example_dags/example_branch_day_of_week_operator.py for tasks to queue
[2025-05-09 14:46:03,567] {logging_mixin.py:115} INFO - [2025-05-09 14:46:03,567] {dagbag.py:507} INFO - Filling up the DagBag from /home/pedro/Documentos/airflow/venv/lib/python3.9/site-packages/airflow/example_dags/example_branch_day_of_week_operator.py
[2025-05-09 14:46:03,572] {processor.py:651} INFO - DAG(s) dict_keys(['example_weekday_branch_operator']) retrieved from /home/pedro/Documentos/airflow/venv/lib/python3.9/site-packages/airflow/example_dags/example_branch_day_of_week_operator.py
[2025-05-09 14:46:03,585] {logging_mixin.py:115} INFO - [2025-05-09 14:46:03,585] {dag.py:2379} INFO - Sync 1 DAGs
[2025-05-09 14:46:03,597] {logging_mixin.py:115} INFO - [2025-05-09 14:46:03,597] {dag.py:2927} INFO - Setting next_dagrun for example_weekday_branch_operator to 2025-05-08T00:00:00+00:00, run_after=2025-05-09T00:00:00+00:00
[2025-05-09 14:46:03,641] {processor.py:161} INFO - Processing /home/pedro/Documentos/airflow/venv/lib/python3.9/site-packages/airflow/example_dags/example_branch_day_of_week_operator.py took 0.090 seconds
[2025-05-09 14:46:39,774] {processor.py:153} INFO - Started process (PID=69180) to work on /home/pedro/Documentos/airflow/venv/lib/python3.9/site-packages/airflow/example_dags/example_branch_day_of_week_operator.py
[2025-05-09 14:46:39,786] {processor.py:641} INFO - Processing file /home/pedro/Documentos/airflow/venv/lib/python3.9/site-packages/airflow/example_dags/example_branch_day_of_week_operator.py for tasks to queue
[2025-05-09 14:46:39,787] {logging_mixin.py:115} INFO - [2025-05-09 14:46:39,787] {dagbag.py:507} INFO - Filling up the DagBag from /home/pedro/Documentos/airflow/venv/lib/python3.9/site-packages/airflow/example_dags/example_branch_day_of_week_operator.py
[2025-05-09 14:46:39,792] {processor.py:651} INFO - DAG(s) dict_keys(['example_weekday_branch_operator']) retrieved from /home/pedro/Documentos/airflow/venv/lib/python3.9/site-packages/airflow/example_dags/example_branch_day_of_week_operator.py
[2025-05-09 14:46:39,807] {logging_mixin.py:115} INFO - [2025-05-09 14:46:39,807] {dag.py:2379} INFO - Sync 1 DAGs
[2025-05-09 14:46:39,821] {logging_mixin.py:115} INFO - [2025-05-09 14:46:39,821] {dag.py:2927} INFO - Setting next_dagrun for example_weekday_branch_operator to 2025-05-08T00:00:00+00:00, run_after=2025-05-09T00:00:00+00:00
[2025-05-09 14:46:39,830] {processor.py:161} INFO - Processing /home/pedro/Documentos/airflow/venv/lib/python3.9/site-packages/airflow/example_dags/example_branch_day_of_week_operator.py took 0.059 seconds
[2025-05-09 14:47:17,485] {processor.py:153} INFO - Started process (PID=69829) to work on /home/pedro/Documentos/airflow/venv/lib/python3.9/site-packages/airflow/example_dags/example_branch_day_of_week_operator.py
[2025-05-09 14:47:17,486] {processor.py:641} INFO - Processing file /home/pedro/Documentos/airflow/venv/lib/python3.9/site-packages/airflow/example_dags/example_branch_day_of_week_operator.py for tasks to queue
[2025-05-09 14:47:17,486] {logging_mixin.py:115} INFO - [2025-05-09 14:47:17,486] {dagbag.py:507} INFO - Filling up the DagBag from /home/pedro/Documentos/airflow/venv/lib/python3.9/site-packages/airflow/example_dags/example_branch_day_of_week_operator.py
[2025-05-09 14:47:17,491] {processor.py:651} INFO - DAG(s) dict_keys(['example_weekday_branch_operator']) retrieved from /home/pedro/Documentos/airflow/venv/lib/python3.9/site-packages/airflow/example_dags/example_branch_day_of_week_operator.py
[2025-05-09 14:47:17,504] {logging_mixin.py:115} INFO - [2025-05-09 14:47:17,504] {dag.py:2379} INFO - Sync 1 DAGs
[2025-05-09 14:47:17,517] {logging_mixin.py:115} INFO - [2025-05-09 14:47:17,517] {dag.py:2927} INFO - Setting next_dagrun for example_weekday_branch_operator to 2025-05-08T00:00:00+00:00, run_after=2025-05-09T00:00:00+00:00
[2025-05-09 14:47:17,526] {processor.py:161} INFO - Processing /home/pedro/Documentos/airflow/venv/lib/python3.9/site-packages/airflow/example_dags/example_branch_day_of_week_operator.py took 0.043 seconds
[2025-05-09 14:47:53,867] {processor.py:153} INFO - Started process (PID=70086) to work on /home/pedro/Documentos/airflow/venv/lib/python3.9/site-packages/airflow/example_dags/example_branch_day_of_week_operator.py
[2025-05-09 14:47:53,879] {processor.py:641} INFO - Processing file /home/pedro/Documentos/airflow/venv/lib/python3.9/site-packages/airflow/example_dags/example_branch_day_of_week_operator.py for tasks to queue
[2025-05-09 14:47:53,880] {logging_mixin.py:115} INFO - [2025-05-09 14:47:53,880] {dagbag.py:507} INFO - Filling up the DagBag from /home/pedro/Documentos/airflow/venv/lib/python3.9/site-packages/airflow/example_dags/example_branch_day_of_week_operator.py
[2025-05-09 14:47:53,886] {processor.py:651} INFO - DAG(s) dict_keys(['example_weekday_branch_operator']) retrieved from /home/pedro/Documentos/airflow/venv/lib/python3.9/site-packages/airflow/example_dags/example_branch_day_of_week_operator.py
[2025-05-09 14:47:53,899] {logging_mixin.py:115} INFO - [2025-05-09 14:47:53,899] {dag.py:2379} INFO - Sync 1 DAGs
[2025-05-09 14:47:53,912] {logging_mixin.py:115} INFO - [2025-05-09 14:47:53,912] {dag.py:2927} INFO - Setting next_dagrun for example_weekday_branch_operator to 2025-05-08T00:00:00+00:00, run_after=2025-05-09T00:00:00+00:00
[2025-05-09 14:47:53,921] {processor.py:161} INFO - Processing /home/pedro/Documentos/airflow/venv/lib/python3.9/site-packages/airflow/example_dags/example_branch_day_of_week_operator.py took 0.057 seconds
[2025-05-09 14:48:29,255] {processor.py:153} INFO - Started process (PID=70298) to work on /home/pedro/Documentos/airflow/venv/lib/python3.9/site-packages/airflow/example_dags/example_branch_day_of_week_operator.py
[2025-05-09 14:48:29,256] {processor.py:641} INFO - Processing file /home/pedro/Documentos/airflow/venv/lib/python3.9/site-packages/airflow/example_dags/example_branch_day_of_week_operator.py for tasks to queue
[2025-05-09 14:48:29,256] {logging_mixin.py:115} INFO - [2025-05-09 14:48:29,256] {dagbag.py:507} INFO - Filling up the DagBag from /home/pedro/Documentos/airflow/venv/lib/python3.9/site-packages/airflow/example_dags/example_branch_day_of_week_operator.py
[2025-05-09 14:48:29,261] {processor.py:651} INFO - DAG(s) dict_keys(['example_weekday_branch_operator']) retrieved from /home/pedro/Documentos/airflow/venv/lib/python3.9/site-packages/airflow/example_dags/example_branch_day_of_week_operator.py
[2025-05-09 14:48:29,274] {logging_mixin.py:115} INFO - [2025-05-09 14:48:29,274] {dag.py:2379} INFO - Sync 1 DAGs
[2025-05-09 14:48:29,286] {logging_mixin.py:115} INFO - [2025-05-09 14:48:29,286] {dag.py:2927} INFO - Setting next_dagrun for example_weekday_branch_operator to 2025-05-08T00:00:00+00:00, run_after=2025-05-09T00:00:00+00:00
[2025-05-09 14:48:29,296] {processor.py:161} INFO - Processing /home/pedro/Documentos/airflow/venv/lib/python3.9/site-packages/airflow/example_dags/example_branch_day_of_week_operator.py took 0.042 seconds
[2025-05-09 14:49:02,384] {processor.py:153} INFO - Started process (PID=70605) to work on /home/pedro/Documentos/airflow/venv/lib/python3.9/site-packages/airflow/example_dags/example_branch_day_of_week_operator.py
[2025-05-09 14:49:02,396] {processor.py:641} INFO - Processing file /home/pedro/Documentos/airflow/venv/lib/python3.9/site-packages/airflow/example_dags/example_branch_day_of_week_operator.py for tasks to queue
[2025-05-09 14:49:02,397] {logging_mixin.py:115} INFO - [2025-05-09 14:49:02,397] {dagbag.py:507} INFO - Filling up the DagBag from /home/pedro/Documentos/airflow/venv/lib/python3.9/site-packages/airflow/example_dags/example_branch_day_of_week_operator.py
[2025-05-09 14:49:02,403] {processor.py:651} INFO - DAG(s) dict_keys(['example_weekday_branch_operator']) retrieved from /home/pedro/Documentos/airflow/venv/lib/python3.9/site-packages/airflow/example_dags/example_branch_day_of_week_operator.py
[2025-05-09 14:49:02,416] {logging_mixin.py:115} INFO - [2025-05-09 14:49:02,416] {dag.py:2379} INFO - Sync 1 DAGs
[2025-05-09 14:49:02,429] {logging_mixin.py:115} INFO - [2025-05-09 14:49:02,428] {dag.py:2927} INFO - Setting next_dagrun for example_weekday_branch_operator to 2025-05-08T00:00:00+00:00, run_after=2025-05-09T00:00:00+00:00
[2025-05-09 14:49:02,439] {processor.py:161} INFO - Processing /home/pedro/Documentos/airflow/venv/lib/python3.9/site-packages/airflow/example_dags/example_branch_day_of_week_operator.py took 0.057 seconds
[2025-05-09 14:49:36,096] {processor.py:153} INFO - Started process (PID=70838) to work on /home/pedro/Documentos/airflow/venv/lib/python3.9/site-packages/airflow/example_dags/example_branch_day_of_week_operator.py
[2025-05-09 14:49:36,108] {processor.py:641} INFO - Processing file /home/pedro/Documentos/airflow/venv/lib/python3.9/site-packages/airflow/example_dags/example_branch_day_of_week_operator.py for tasks to queue
[2025-05-09 14:49:36,109] {logging_mixin.py:115} INFO - [2025-05-09 14:49:36,109] {dagbag.py:507} INFO - Filling up the DagBag from /home/pedro/Documentos/airflow/venv/lib/python3.9/site-packages/airflow/example_dags/example_branch_day_of_week_operator.py
[2025-05-09 14:49:36,115] {processor.py:651} INFO - DAG(s) dict_keys(['example_weekday_branch_operator']) retrieved from /home/pedro/Documentos/airflow/venv/lib/python3.9/site-packages/airflow/example_dags/example_branch_day_of_week_operator.py
[2025-05-09 14:49:36,128] {logging_mixin.py:115} INFO - [2025-05-09 14:49:36,128] {dag.py:2379} INFO - Sync 1 DAGs
[2025-05-09 14:49:36,142] {logging_mixin.py:115} INFO - [2025-05-09 14:49:36,141] {dag.py:2927} INFO - Setting next_dagrun for example_weekday_branch_operator to 2025-05-08T00:00:00+00:00, run_after=2025-05-09T00:00:00+00:00
[2025-05-09 14:49:36,152] {processor.py:161} INFO - Processing /home/pedro/Documentos/airflow/venv/lib/python3.9/site-packages/airflow/example_dags/example_branch_day_of_week_operator.py took 0.059 seconds
[2025-05-09 14:50:12,010] {processor.py:153} INFO - Started process (PID=71114) to work on /home/pedro/Documentos/airflow/venv/lib/python3.9/site-packages/airflow/example_dags/example_branch_day_of_week_operator.py
[2025-05-09 14:50:12,023] {processor.py:641} INFO - Processing file /home/pedro/Documentos/airflow/venv/lib/python3.9/site-packages/airflow/example_dags/example_branch_day_of_week_operator.py for tasks to queue
[2025-05-09 14:50:12,023] {logging_mixin.py:115} INFO - [2025-05-09 14:50:12,023] {dagbag.py:507} INFO - Filling up the DagBag from /home/pedro/Documentos/airflow/venv/lib/python3.9/site-packages/airflow/example_dags/example_branch_day_of_week_operator.py
[2025-05-09 14:50:12,029] {processor.py:651} INFO - DAG(s) dict_keys(['example_weekday_branch_operator']) retrieved from /home/pedro/Documentos/airflow/venv/lib/python3.9/site-packages/airflow/example_dags/example_branch_day_of_week_operator.py
[2025-05-09 14:50:12,042] {logging_mixin.py:115} INFO - [2025-05-09 14:50:12,042] {dag.py:2379} INFO - Sync 1 DAGs
[2025-05-09 14:50:12,054] {logging_mixin.py:115} INFO - [2025-05-09 14:50:12,054] {dag.py:2927} INFO - Setting next_dagrun for example_weekday_branch_operator to 2025-05-08T00:00:00+00:00, run_after=2025-05-09T00:00:00+00:00
[2025-05-09 14:50:12,064] {processor.py:161} INFO - Processing /home/pedro/Documentos/airflow/venv/lib/python3.9/site-packages/airflow/example_dags/example_branch_day_of_week_operator.py took 0.056 seconds
[2025-05-09 14:50:47,252] {processor.py:153} INFO - Started process (PID=71338) to work on /home/pedro/Documentos/airflow/venv/lib/python3.9/site-packages/airflow/example_dags/example_branch_day_of_week_operator.py
[2025-05-09 14:50:47,264] {processor.py:641} INFO - Processing file /home/pedro/Documentos/airflow/venv/lib/python3.9/site-packages/airflow/example_dags/example_branch_day_of_week_operator.py for tasks to queue
[2025-05-09 14:50:47,265] {logging_mixin.py:115} INFO - [2025-05-09 14:50:47,265] {dagbag.py:507} INFO - Filling up the DagBag from /home/pedro/Documentos/airflow/venv/lib/python3.9/site-packages/airflow/example_dags/example_branch_day_of_week_operator.py
[2025-05-09 14:50:47,270] {processor.py:651} INFO - DAG(s) dict_keys(['example_weekday_branch_operator']) retrieved from /home/pedro/Documentos/airflow/venv/lib/python3.9/site-packages/airflow/example_dags/example_branch_day_of_week_operator.py
[2025-05-09 14:50:47,283] {logging_mixin.py:115} INFO - [2025-05-09 14:50:47,283] {dag.py:2379} INFO - Sync 1 DAGs
[2025-05-09 14:50:47,295] {logging_mixin.py:115} INFO - [2025-05-09 14:50:47,295] {dag.py:2927} INFO - Setting next_dagrun for example_weekday_branch_operator to 2025-05-08T00:00:00+00:00, run_after=2025-05-09T00:00:00+00:00
[2025-05-09 14:50:47,305] {processor.py:161} INFO - Processing /home/pedro/Documentos/airflow/venv/lib/python3.9/site-packages/airflow/example_dags/example_branch_day_of_week_operator.py took 0.055 seconds
[2025-05-09 14:51:22,234] {processor.py:153} INFO - Started process (PID=71557) to work on /home/pedro/Documentos/airflow/venv/lib/python3.9/site-packages/airflow/example_dags/example_branch_day_of_week_operator.py
[2025-05-09 14:51:22,247] {processor.py:641} INFO - Processing file /home/pedro/Documentos/airflow/venv/lib/python3.9/site-packages/airflow/example_dags/example_branch_day_of_week_operator.py for tasks to queue
[2025-05-09 14:51:22,247] {logging_mixin.py:115} INFO - [2025-05-09 14:51:22,247] {dagbag.py:507} INFO - Filling up the DagBag from /home/pedro/Documentos/airflow/venv/lib/python3.9/site-packages/airflow/example_dags/example_branch_day_of_week_operator.py
[2025-05-09 14:51:22,253] {processor.py:651} INFO - DAG(s) dict_keys(['example_weekday_branch_operator']) retrieved from /home/pedro/Documentos/airflow/venv/lib/python3.9/site-packages/airflow/example_dags/example_branch_day_of_week_operator.py
[2025-05-09 14:51:22,266] {logging_mixin.py:115} INFO - [2025-05-09 14:51:22,266] {dag.py:2379} INFO - Sync 1 DAGs
[2025-05-09 14:51:22,279] {logging_mixin.py:115} INFO - [2025-05-09 14:51:22,279] {dag.py:2927} INFO - Setting next_dagrun for example_weekday_branch_operator to 2025-05-08T00:00:00+00:00, run_after=2025-05-09T00:00:00+00:00
[2025-05-09 14:51:22,290] {processor.py:161} INFO - Processing /home/pedro/Documentos/airflow/venv/lib/python3.9/site-packages/airflow/example_dags/example_branch_day_of_week_operator.py took 0.058 seconds
[2025-05-09 14:51:58,129] {processor.py:153} INFO - Started process (PID=71918) to work on /home/pedro/Documentos/airflow/venv/lib/python3.9/site-packages/airflow/example_dags/example_branch_day_of_week_operator.py
[2025-05-09 14:51:58,146] {processor.py:641} INFO - Processing file /home/pedro/Documentos/airflow/venv/lib/python3.9/site-packages/airflow/example_dags/example_branch_day_of_week_operator.py for tasks to queue
[2025-05-09 14:51:58,146] {logging_mixin.py:115} INFO - [2025-05-09 14:51:58,146] {dagbag.py:507} INFO - Filling up the DagBag from /home/pedro/Documentos/airflow/venv/lib/python3.9/site-packages/airflow/example_dags/example_branch_day_of_week_operator.py
[2025-05-09 14:51:58,152] {processor.py:651} INFO - DAG(s) dict_keys(['example_weekday_branch_operator']) retrieved from /home/pedro/Documentos/airflow/venv/lib/python3.9/site-packages/airflow/example_dags/example_branch_day_of_week_operator.py
[2025-05-09 14:51:58,165] {logging_mixin.py:115} INFO - [2025-05-09 14:51:58,165] {dag.py:2379} INFO - Sync 1 DAGs
[2025-05-09 14:51:58,177] {logging_mixin.py:115} INFO - [2025-05-09 14:51:58,177] {dag.py:2927} INFO - Setting next_dagrun for example_weekday_branch_operator to 2025-05-08T00:00:00+00:00, run_after=2025-05-09T00:00:00+00:00
[2025-05-09 14:51:58,189] {processor.py:161} INFO - Processing /home/pedro/Documentos/airflow/venv/lib/python3.9/site-packages/airflow/example_dags/example_branch_day_of_week_operator.py took 0.062 seconds
[2025-05-09 14:52:32,087] {processor.py:153} INFO - Started process (PID=72440) to work on /home/pedro/Documentos/airflow/venv/lib/python3.9/site-packages/airflow/example_dags/example_branch_day_of_week_operator.py
[2025-05-09 14:52:32,099] {processor.py:641} INFO - Processing file /home/pedro/Documentos/airflow/venv/lib/python3.9/site-packages/airflow/example_dags/example_branch_day_of_week_operator.py for tasks to queue
[2025-05-09 14:52:32,099] {logging_mixin.py:115} INFO - [2025-05-09 14:52:32,099] {dagbag.py:507} INFO - Filling up the DagBag from /home/pedro/Documentos/airflow/venv/lib/python3.9/site-packages/airflow/example_dags/example_branch_day_of_week_operator.py
[2025-05-09 14:52:32,105] {processor.py:651} INFO - DAG(s) dict_keys(['example_weekday_branch_operator']) retrieved from /home/pedro/Documentos/airflow/venv/lib/python3.9/site-packages/airflow/example_dags/example_branch_day_of_week_operator.py
[2025-05-09 14:52:32,119] {logging_mixin.py:115} INFO - [2025-05-09 14:52:32,118] {dag.py:2379} INFO - Sync 1 DAGs
[2025-05-09 14:52:32,132] {logging_mixin.py:115} INFO - [2025-05-09 14:52:32,132] {dag.py:2927} INFO - Setting next_dagrun for example_weekday_branch_operator to 2025-05-08T00:00:00+00:00, run_after=2025-05-09T00:00:00+00:00
[2025-05-09 14:52:32,141] {processor.py:161} INFO - Processing /home/pedro/Documentos/airflow/venv/lib/python3.9/site-packages/airflow/example_dags/example_branch_day_of_week_operator.py took 0.057 seconds
[2025-05-09 14:53:06,944] {processor.py:153} INFO - Started process (PID=72725) to work on /home/pedro/Documentos/airflow/venv/lib/python3.9/site-packages/airflow/example_dags/example_branch_day_of_week_operator.py
[2025-05-09 14:53:06,956] {processor.py:641} INFO - Processing file /home/pedro/Documentos/airflow/venv/lib/python3.9/site-packages/airflow/example_dags/example_branch_day_of_week_operator.py for tasks to queue
[2025-05-09 14:53:06,957] {logging_mixin.py:115} INFO - [2025-05-09 14:53:06,957] {dagbag.py:507} INFO - Filling up the DagBag from /home/pedro/Documentos/airflow/venv/lib/python3.9/site-packages/airflow/example_dags/example_branch_day_of_week_operator.py
[2025-05-09 14:53:06,963] {processor.py:651} INFO - DAG(s) dict_keys(['example_weekday_branch_operator']) retrieved from /home/pedro/Documentos/airflow/venv/lib/python3.9/site-packages/airflow/example_dags/example_branch_day_of_week_operator.py
[2025-05-09 14:53:06,976] {logging_mixin.py:115} INFO - [2025-05-09 14:53:06,976] {dag.py:2379} INFO - Sync 1 DAGs
[2025-05-09 14:53:06,988] {logging_mixin.py:115} INFO - [2025-05-09 14:53:06,988] {dag.py:2927} INFO - Setting next_dagrun for example_weekday_branch_operator to 2025-05-08T00:00:00+00:00, run_after=2025-05-09T00:00:00+00:00
[2025-05-09 14:53:06,998] {processor.py:161} INFO - Processing /home/pedro/Documentos/airflow/venv/lib/python3.9/site-packages/airflow/example_dags/example_branch_day_of_week_operator.py took 0.056 seconds
[2025-05-09 14:53:41,731] {processor.py:153} INFO - Started process (PID=73691) to work on /home/pedro/Documentos/airflow/venv/lib/python3.9/site-packages/airflow/example_dags/example_branch_day_of_week_operator.py
[2025-05-09 14:53:41,743] {processor.py:641} INFO - Processing file /home/pedro/Documentos/airflow/venv/lib/python3.9/site-packages/airflow/example_dags/example_branch_day_of_week_operator.py for tasks to queue
[2025-05-09 14:53:41,744] {logging_mixin.py:115} INFO - [2025-05-09 14:53:41,744] {dagbag.py:507} INFO - Filling up the DagBag from /home/pedro/Documentos/airflow/venv/lib/python3.9/site-packages/airflow/example_dags/example_branch_day_of_week_operator.py
[2025-05-09 14:53:41,750] {processor.py:651} INFO - DAG(s) dict_keys(['example_weekday_branch_operator']) retrieved from /home/pedro/Documentos/airflow/venv/lib/python3.9/site-packages/airflow/example_dags/example_branch_day_of_week_operator.py
[2025-05-09 14:53:41,765] {logging_mixin.py:115} INFO - [2025-05-09 14:53:41,765] {dag.py:2379} INFO - Sync 1 DAGs
[2025-05-09 14:53:41,779] {logging_mixin.py:115} INFO - [2025-05-09 14:53:41,779] {dag.py:2927} INFO - Setting next_dagrun for example_weekday_branch_operator to 2025-05-08T00:00:00+00:00, run_after=2025-05-09T00:00:00+00:00
[2025-05-09 14:53:41,790] {processor.py:161} INFO - Processing /home/pedro/Documentos/airflow/venv/lib/python3.9/site-packages/airflow/example_dags/example_branch_day_of_week_operator.py took 0.061 seconds
[2025-05-09 14:54:13,678] {processor.py:153} INFO - Started process (PID=74256) to work on /home/pedro/Documentos/airflow/venv/lib/python3.9/site-packages/airflow/example_dags/example_branch_day_of_week_operator.py
[2025-05-09 14:54:13,688] {processor.py:641} INFO - Processing file /home/pedro/Documentos/airflow/venv/lib/python3.9/site-packages/airflow/example_dags/example_branch_day_of_week_operator.py for tasks to queue
[2025-05-09 14:54:13,689] {logging_mixin.py:115} INFO - [2025-05-09 14:54:13,688] {dagbag.py:507} INFO - Filling up the DagBag from /home/pedro/Documentos/airflow/venv/lib/python3.9/site-packages/airflow/example_dags/example_branch_day_of_week_operator.py
[2025-05-09 14:54:13,694] {processor.py:651} INFO - DAG(s) dict_keys(['example_weekday_branch_operator']) retrieved from /home/pedro/Documentos/airflow/venv/lib/python3.9/site-packages/airflow/example_dags/example_branch_day_of_week_operator.py
[2025-05-09 14:54:13,707] {logging_mixin.py:115} INFO - [2025-05-09 14:54:13,707] {dag.py:2379} INFO - Sync 1 DAGs
[2025-05-09 14:54:13,719] {logging_mixin.py:115} INFO - [2025-05-09 14:54:13,719] {dag.py:2927} INFO - Setting next_dagrun for example_weekday_branch_operator to 2025-05-08T00:00:00+00:00, run_after=2025-05-09T00:00:00+00:00
[2025-05-09 14:54:13,729] {processor.py:161} INFO - Processing /home/pedro/Documentos/airflow/venv/lib/python3.9/site-packages/airflow/example_dags/example_branch_day_of_week_operator.py took 0.054 seconds
[2025-05-09 14:54:45,679] {processor.py:153} INFO - Started process (PID=74460) to work on /home/pedro/Documentos/airflow/venv/lib/python3.9/site-packages/airflow/example_dags/example_branch_day_of_week_operator.py
[2025-05-09 14:54:45,691] {processor.py:641} INFO - Processing file /home/pedro/Documentos/airflow/venv/lib/python3.9/site-packages/airflow/example_dags/example_branch_day_of_week_operator.py for tasks to queue
[2025-05-09 14:54:45,691] {logging_mixin.py:115} INFO - [2025-05-09 14:54:45,691] {dagbag.py:507} INFO - Filling up the DagBag from /home/pedro/Documentos/airflow/venv/lib/python3.9/site-packages/airflow/example_dags/example_branch_day_of_week_operator.py
[2025-05-09 14:54:45,697] {processor.py:651} INFO - DAG(s) dict_keys(['example_weekday_branch_operator']) retrieved from /home/pedro/Documentos/airflow/venv/lib/python3.9/site-packages/airflow/example_dags/example_branch_day_of_week_operator.py
[2025-05-09 14:54:45,710] {logging_mixin.py:115} INFO - [2025-05-09 14:54:45,710] {dag.py:2379} INFO - Sync 1 DAGs
[2025-05-09 14:54:45,722] {logging_mixin.py:115} INFO - [2025-05-09 14:54:45,721] {dag.py:2927} INFO - Setting next_dagrun for example_weekday_branch_operator to 2025-05-08T00:00:00+00:00, run_after=2025-05-09T00:00:00+00:00
[2025-05-09 14:54:45,731] {processor.py:161} INFO - Processing /home/pedro/Documentos/airflow/venv/lib/python3.9/site-packages/airflow/example_dags/example_branch_day_of_week_operator.py took 0.055 seconds
[2025-05-09 14:55:20,523] {processor.py:153} INFO - Started process (PID=74670) to work on /home/pedro/Documentos/airflow/venv/lib/python3.9/site-packages/airflow/example_dags/example_branch_day_of_week_operator.py
[2025-05-09 14:55:20,535] {processor.py:641} INFO - Processing file /home/pedro/Documentos/airflow/venv/lib/python3.9/site-packages/airflow/example_dags/example_branch_day_of_week_operator.py for tasks to queue
[2025-05-09 14:55:20,536] {logging_mixin.py:115} INFO - [2025-05-09 14:55:20,535] {dagbag.py:507} INFO - Filling up the DagBag from /home/pedro/Documentos/airflow/venv/lib/python3.9/site-packages/airflow/example_dags/example_branch_day_of_week_operator.py
[2025-05-09 14:55:20,541] {processor.py:651} INFO - DAG(s) dict_keys(['example_weekday_branch_operator']) retrieved from /home/pedro/Documentos/airflow/venv/lib/python3.9/site-packages/airflow/example_dags/example_branch_day_of_week_operator.py
[2025-05-09 14:55:20,554] {logging_mixin.py:115} INFO - [2025-05-09 14:55:20,554] {dag.py:2379} INFO - Sync 1 DAGs
[2025-05-09 14:55:20,566] {logging_mixin.py:115} INFO - [2025-05-09 14:55:20,566] {dag.py:2927} INFO - Setting next_dagrun for example_weekday_branch_operator to 2025-05-08T00:00:00+00:00, run_after=2025-05-09T00:00:00+00:00
[2025-05-09 14:55:20,575] {processor.py:161} INFO - Processing /home/pedro/Documentos/airflow/venv/lib/python3.9/site-packages/airflow/example_dags/example_branch_day_of_week_operator.py took 0.054 seconds
