[2025-05-09 14:34:00,075] {processor.py:153} INFO - Started process (PID=61724) to work on /home/pedro/Documentos/airflow/venv/lib/python3.9/site-packages/airflow/example_dags/example_python_operator.py
[2025-05-09 14:34:00,075] {processor.py:641} INFO - Processing file /home/pedro/Documentos/airflow/venv/lib/python3.9/site-packages/airflow/example_dags/example_python_operator.py for tasks to queue
[2025-05-09 14:34:00,075] {logging_mixin.py:115} INFO - [2025-05-09 14:34:00,075] {dagbag.py:507} INFO - Filling up the DagBag from /home/pedro/Documentos/airflow/venv/lib/python3.9/site-packages/airflow/example_dags/example_python_operator.py
[2025-05-09 14:34:00,086] {logging_mixin.py:115} INFO - [2025-05-09 14:34:00,086] {example_python_operator.py:68} WARNING - The virtalenv_python example task requires virtualenv, please install it.
[2025-05-09 14:34:00,087] {processor.py:651} INFO - DAG(s) dict_keys(['example_python_operator']) retrieved from /home/pedro/Documentos/airflow/venv/lib/python3.9/site-packages/airflow/example_dags/example_python_operator.py
[2025-05-09 14:34:00,132] {logging_mixin.py:115} INFO - [2025-05-09 14:34:00,132] {manager.py:508} INFO - Created Permission View: can delete on DAG:example_python_operator
[2025-05-09 14:34:00,140] {logging_mixin.py:115} INFO - [2025-05-09 14:34:00,140] {manager.py:508} INFO - Created Permission View: can read on DAG:example_python_operator
[2025-05-09 14:34:00,147] {logging_mixin.py:115} INFO - [2025-05-09 14:34:00,147] {manager.py:508} INFO - Created Permission View: can edit on DAG:example_python_operator
[2025-05-09 14:34:00,147] {logging_mixin.py:115} INFO - [2025-05-09 14:34:00,147] {dag.py:2379} INFO - Sync 1 DAGs
[2025-05-09 14:34:00,152] {logging_mixin.py:115} INFO - [2025-05-09 14:34:00,152] {dag.py:2398} INFO - Creating ORM DAG for example_python_operator
[2025-05-09 14:34:00,158] {logging_mixin.py:115} INFO - [2025-05-09 14:34:00,158] {dag.py:2927} INFO - Setting next_dagrun for example_python_operator to None, run_after=None
[2025-05-09 14:34:00,172] {processor.py:161} INFO - Processing /home/pedro/Documentos/airflow/venv/lib/python3.9/site-packages/airflow/example_dags/example_python_operator.py took 0.100 seconds
[2025-05-09 14:34:36,063] {processor.py:153} INFO - Started process (PID=62264) to work on /home/pedro/Documentos/airflow/venv/lib/python3.9/site-packages/airflow/example_dags/example_python_operator.py
[2025-05-09 14:34:36,076] {processor.py:641} INFO - Processing file /home/pedro/Documentos/airflow/venv/lib/python3.9/site-packages/airflow/example_dags/example_python_operator.py for tasks to queue
[2025-05-09 14:34:36,076] {logging_mixin.py:115} INFO - [2025-05-09 14:34:36,076] {dagbag.py:507} INFO - Filling up the DagBag from /home/pedro/Documentos/airflow/venv/lib/python3.9/site-packages/airflow/example_dags/example_python_operator.py
[2025-05-09 14:34:36,087] {logging_mixin.py:115} INFO - [2025-05-09 14:34:36,087] {example_python_operator.py:68} WARNING - The virtalenv_python example task requires virtualenv, please install it.
[2025-05-09 14:34:36,087] {processor.py:651} INFO - DAG(s) dict_keys(['example_python_operator']) retrieved from /home/pedro/Documentos/airflow/venv/lib/python3.9/site-packages/airflow/example_dags/example_python_operator.py
[2025-05-09 14:34:36,100] {logging_mixin.py:115} INFO - [2025-05-09 14:34:36,099] {dag.py:2379} INFO - Sync 1 DAGs
[2025-05-09 14:34:36,110] {logging_mixin.py:115} INFO - [2025-05-09 14:34:36,110] {dag.py:2927} INFO - Setting next_dagrun for example_python_operator to None, run_after=None
[2025-05-09 14:34:36,119] {processor.py:161} INFO - Processing /home/pedro/Documentos/airflow/venv/lib/python3.9/site-packages/airflow/example_dags/example_python_operator.py took 0.058 seconds
[2025-05-09 14:35:10,354] {processor.py:153} INFO - Started process (PID=62716) to work on /home/pedro/Documentos/airflow/venv/lib/python3.9/site-packages/airflow/example_dags/example_python_operator.py
[2025-05-09 14:35:10,366] {processor.py:641} INFO - Processing file /home/pedro/Documentos/airflow/venv/lib/python3.9/site-packages/airflow/example_dags/example_python_operator.py for tasks to queue
[2025-05-09 14:35:10,367] {logging_mixin.py:115} INFO - [2025-05-09 14:35:10,367] {dagbag.py:507} INFO - Filling up the DagBag from /home/pedro/Documentos/airflow/venv/lib/python3.9/site-packages/airflow/example_dags/example_python_operator.py
[2025-05-09 14:35:10,378] {logging_mixin.py:115} INFO - [2025-05-09 14:35:10,378] {example_python_operator.py:68} WARNING - The virtalenv_python example task requires virtualenv, please install it.
[2025-05-09 14:35:10,379] {processor.py:651} INFO - DAG(s) dict_keys(['example_python_operator']) retrieved from /home/pedro/Documentos/airflow/venv/lib/python3.9/site-packages/airflow/example_dags/example_python_operator.py
[2025-05-09 14:35:10,393] {logging_mixin.py:115} INFO - [2025-05-09 14:35:10,392] {dag.py:2379} INFO - Sync 1 DAGs
[2025-05-09 14:35:10,405] {logging_mixin.py:115} INFO - [2025-05-09 14:35:10,405] {dag.py:2927} INFO - Setting next_dagrun for example_python_operator to None, run_after=None
[2025-05-09 14:35:10,415] {processor.py:161} INFO - Processing /home/pedro/Documentos/airflow/venv/lib/python3.9/site-packages/airflow/example_dags/example_python_operator.py took 0.063 seconds
[2025-05-09 14:35:42,966] {processor.py:153} INFO - Started process (PID=63103) to work on /home/pedro/Documentos/airflow/venv/lib/python3.9/site-packages/airflow/example_dags/example_python_operator.py
[2025-05-09 14:35:42,967] {processor.py:641} INFO - Processing file /home/pedro/Documentos/airflow/venv/lib/python3.9/site-packages/airflow/example_dags/example_python_operator.py for tasks to queue
[2025-05-09 14:35:42,967] {logging_mixin.py:115} INFO - [2025-05-09 14:35:42,967] {dagbag.py:507} INFO - Filling up the DagBag from /home/pedro/Documentos/airflow/venv/lib/python3.9/site-packages/airflow/example_dags/example_python_operator.py
[2025-05-09 14:35:42,978] {logging_mixin.py:115} INFO - [2025-05-09 14:35:42,978] {example_python_operator.py:68} WARNING - The virtalenv_python example task requires virtualenv, please install it.
[2025-05-09 14:35:42,979] {processor.py:651} INFO - DAG(s) dict_keys(['example_python_operator']) retrieved from /home/pedro/Documentos/airflow/venv/lib/python3.9/site-packages/airflow/example_dags/example_python_operator.py
[2025-05-09 14:35:42,993] {logging_mixin.py:115} INFO - [2025-05-09 14:35:42,993] {dag.py:2379} INFO - Sync 1 DAGs
[2025-05-09 14:35:43,005] {logging_mixin.py:115} INFO - [2025-05-09 14:35:43,005] {dag.py:2927} INFO - Setting next_dagrun for example_python_operator to None, run_after=None
[2025-05-09 14:35:43,017] {processor.py:161} INFO - Processing /home/pedro/Documentos/airflow/venv/lib/python3.9/site-packages/airflow/example_dags/example_python_operator.py took 0.053 seconds
[2025-05-09 14:36:16,425] {processor.py:153} INFO - Started process (PID=63324) to work on /home/pedro/Documentos/airflow/venv/lib/python3.9/site-packages/airflow/example_dags/example_python_operator.py
[2025-05-09 14:36:16,437] {processor.py:641} INFO - Processing file /home/pedro/Documentos/airflow/venv/lib/python3.9/site-packages/airflow/example_dags/example_python_operator.py for tasks to queue
[2025-05-09 14:36:16,438] {logging_mixin.py:115} INFO - [2025-05-09 14:36:16,438] {dagbag.py:507} INFO - Filling up the DagBag from /home/pedro/Documentos/airflow/venv/lib/python3.9/site-packages/airflow/example_dags/example_python_operator.py
[2025-05-09 14:36:16,449] {logging_mixin.py:115} INFO - [2025-05-09 14:36:16,449] {example_python_operator.py:68} WARNING - The virtalenv_python example task requires virtualenv, please install it.
[2025-05-09 14:36:16,450] {processor.py:651} INFO - DAG(s) dict_keys(['example_python_operator']) retrieved from /home/pedro/Documentos/airflow/venv/lib/python3.9/site-packages/airflow/example_dags/example_python_operator.py
[2025-05-09 14:36:16,463] {logging_mixin.py:115} INFO - [2025-05-09 14:36:16,463] {dag.py:2379} INFO - Sync 1 DAGs
[2025-05-09 14:36:16,474] {logging_mixin.py:115} INFO - [2025-05-09 14:36:16,474] {dag.py:2927} INFO - Setting next_dagrun for example_python_operator to None, run_after=None
[2025-05-09 14:36:16,485] {processor.py:161} INFO - Processing /home/pedro/Documentos/airflow/venv/lib/python3.9/site-packages/airflow/example_dags/example_python_operator.py took 0.062 seconds
[2025-05-09 14:36:48,046] {processor.py:153} INFO - Started process (PID=63506) to work on /home/pedro/Documentos/airflow/venv/lib/python3.9/site-packages/airflow/example_dags/example_python_operator.py
[2025-05-09 14:36:48,058] {processor.py:641} INFO - Processing file /home/pedro/Documentos/airflow/venv/lib/python3.9/site-packages/airflow/example_dags/example_python_operator.py for tasks to queue
[2025-05-09 14:36:48,059] {logging_mixin.py:115} INFO - [2025-05-09 14:36:48,059] {dagbag.py:507} INFO - Filling up the DagBag from /home/pedro/Documentos/airflow/venv/lib/python3.9/site-packages/airflow/example_dags/example_python_operator.py
[2025-05-09 14:36:48,073] {logging_mixin.py:115} INFO - [2025-05-09 14:36:48,073] {example_python_operator.py:68} WARNING - The virtalenv_python example task requires virtualenv, please install it.
[2025-05-09 14:36:48,074] {processor.py:651} INFO - DAG(s) dict_keys(['example_python_operator']) retrieved from /home/pedro/Documentos/airflow/venv/lib/python3.9/site-packages/airflow/example_dags/example_python_operator.py
[2025-05-09 14:36:48,087] {logging_mixin.py:115} INFO - [2025-05-09 14:36:48,087] {dag.py:2379} INFO - Sync 1 DAGs
[2025-05-09 14:36:48,098] {logging_mixin.py:115} INFO - [2025-05-09 14:36:48,098] {dag.py:2927} INFO - Setting next_dagrun for example_python_operator to None, run_after=None
[2025-05-09 14:36:48,134] {processor.py:161} INFO - Processing /home/pedro/Documentos/airflow/venv/lib/python3.9/site-packages/airflow/example_dags/example_python_operator.py took 0.090 seconds
[2025-05-09 14:37:23,037] {processor.py:153} INFO - Started process (PID=63950) to work on /home/pedro/Documentos/airflow/venv/lib/python3.9/site-packages/airflow/example_dags/example_python_operator.py
[2025-05-09 14:37:23,049] {processor.py:641} INFO - Processing file /home/pedro/Documentos/airflow/venv/lib/python3.9/site-packages/airflow/example_dags/example_python_operator.py for tasks to queue
[2025-05-09 14:37:23,050] {logging_mixin.py:115} INFO - [2025-05-09 14:37:23,050] {dagbag.py:507} INFO - Filling up the DagBag from /home/pedro/Documentos/airflow/venv/lib/python3.9/site-packages/airflow/example_dags/example_python_operator.py
[2025-05-09 14:37:23,061] {logging_mixin.py:115} INFO - [2025-05-09 14:37:23,061] {example_python_operator.py:68} WARNING - The virtalenv_python example task requires virtualenv, please install it.
[2025-05-09 14:37:23,061] {processor.py:651} INFO - DAG(s) dict_keys(['example_python_operator']) retrieved from /home/pedro/Documentos/airflow/venv/lib/python3.9/site-packages/airflow/example_dags/example_python_operator.py
[2025-05-09 14:37:23,075] {logging_mixin.py:115} INFO - [2025-05-09 14:37:23,075] {dag.py:2379} INFO - Sync 1 DAGs
[2025-05-09 14:37:23,086] {logging_mixin.py:115} INFO - [2025-05-09 14:37:23,086] {dag.py:2927} INFO - Setting next_dagrun for example_python_operator to None, run_after=None
[2025-05-09 14:37:23,095] {processor.py:161} INFO - Processing /home/pedro/Documentos/airflow/venv/lib/python3.9/site-packages/airflow/example_dags/example_python_operator.py took 0.060 seconds
[2025-05-09 14:37:56,579] {processor.py:153} INFO - Started process (PID=64481) to work on /home/pedro/Documentos/airflow/venv/lib/python3.9/site-packages/airflow/example_dags/example_python_operator.py
[2025-05-09 14:37:56,592] {processor.py:641} INFO - Processing file /home/pedro/Documentos/airflow/venv/lib/python3.9/site-packages/airflow/example_dags/example_python_operator.py for tasks to queue
[2025-05-09 14:37:56,592] {logging_mixin.py:115} INFO - [2025-05-09 14:37:56,592] {dagbag.py:507} INFO - Filling up the DagBag from /home/pedro/Documentos/airflow/venv/lib/python3.9/site-packages/airflow/example_dags/example_python_operator.py
[2025-05-09 14:37:56,604] {logging_mixin.py:115} INFO - [2025-05-09 14:37:56,604] {example_python_operator.py:68} WARNING - The virtalenv_python example task requires virtualenv, please install it.
[2025-05-09 14:37:56,604] {processor.py:651} INFO - DAG(s) dict_keys(['example_python_operator']) retrieved from /home/pedro/Documentos/airflow/venv/lib/python3.9/site-packages/airflow/example_dags/example_python_operator.py
[2025-05-09 14:37:56,617] {logging_mixin.py:115} INFO - [2025-05-09 14:37:56,617] {dag.py:2379} INFO - Sync 1 DAGs
[2025-05-09 14:37:56,629] {logging_mixin.py:115} INFO - [2025-05-09 14:37:56,629] {dag.py:2927} INFO - Setting next_dagrun for example_python_operator to None, run_after=None
[2025-05-09 14:37:56,639] {processor.py:161} INFO - Processing /home/pedro/Documentos/airflow/venv/lib/python3.9/site-packages/airflow/example_dags/example_python_operator.py took 0.062 seconds
[2025-05-09 14:38:28,860] {processor.py:153} INFO - Started process (PID=64876) to work on /home/pedro/Documentos/airflow/venv/lib/python3.9/site-packages/airflow/example_dags/example_python_operator.py
[2025-05-09 14:38:28,861] {processor.py:641} INFO - Processing file /home/pedro/Documentos/airflow/venv/lib/python3.9/site-packages/airflow/example_dags/example_python_operator.py for tasks to queue
[2025-05-09 14:38:28,861] {logging_mixin.py:115} INFO - [2025-05-09 14:38:28,861] {dagbag.py:507} INFO - Filling up the DagBag from /home/pedro/Documentos/airflow/venv/lib/python3.9/site-packages/airflow/example_dags/example_python_operator.py
[2025-05-09 14:38:28,872] {logging_mixin.py:115} INFO - [2025-05-09 14:38:28,872] {example_python_operator.py:68} WARNING - The virtalenv_python example task requires virtualenv, please install it.
[2025-05-09 14:38:28,872] {processor.py:651} INFO - DAG(s) dict_keys(['example_python_operator']) retrieved from /home/pedro/Documentos/airflow/venv/lib/python3.9/site-packages/airflow/example_dags/example_python_operator.py
[2025-05-09 14:38:28,885] {logging_mixin.py:115} INFO - [2025-05-09 14:38:28,885] {dag.py:2379} INFO - Sync 1 DAGs
[2025-05-09 14:38:28,896] {logging_mixin.py:115} INFO - [2025-05-09 14:38:28,896] {dag.py:2927} INFO - Setting next_dagrun for example_python_operator to None, run_after=None
[2025-05-09 14:38:28,906] {processor.py:161} INFO - Processing /home/pedro/Documentos/airflow/venv/lib/python3.9/site-packages/airflow/example_dags/example_python_operator.py took 0.048 seconds
[2025-05-09 14:39:05,085] {processor.py:153} INFO - Started process (PID=65179) to work on /home/pedro/Documentos/airflow/venv/lib/python3.9/site-packages/airflow/example_dags/example_python_operator.py
[2025-05-09 14:39:05,098] {processor.py:641} INFO - Processing file /home/pedro/Documentos/airflow/venv/lib/python3.9/site-packages/airflow/example_dags/example_python_operator.py for tasks to queue
[2025-05-09 14:39:05,098] {logging_mixin.py:115} INFO - [2025-05-09 14:39:05,098] {dagbag.py:507} INFO - Filling up the DagBag from /home/pedro/Documentos/airflow/venv/lib/python3.9/site-packages/airflow/example_dags/example_python_operator.py
[2025-05-09 14:39:05,110] {logging_mixin.py:115} INFO - [2025-05-09 14:39:05,110] {example_python_operator.py:68} WARNING - The virtalenv_python example task requires virtualenv, please install it.
[2025-05-09 14:39:05,110] {processor.py:651} INFO - DAG(s) dict_keys(['example_python_operator']) retrieved from /home/pedro/Documentos/airflow/venv/lib/python3.9/site-packages/airflow/example_dags/example_python_operator.py
[2025-05-09 14:39:05,122] {logging_mixin.py:115} INFO - [2025-05-09 14:39:05,122] {dag.py:2379} INFO - Sync 1 DAGs
[2025-05-09 14:39:05,133] {logging_mixin.py:115} INFO - [2025-05-09 14:39:05,133] {dag.py:2927} INFO - Setting next_dagrun for example_python_operator to None, run_after=None
[2025-05-09 14:39:05,142] {processor.py:161} INFO - Processing /home/pedro/Documentos/airflow/venv/lib/python3.9/site-packages/airflow/example_dags/example_python_operator.py took 0.059 seconds
[2025-05-09 14:39:39,948] {processor.py:153} INFO - Started process (PID=65563) to work on /home/pedro/Documentos/airflow/venv/lib/python3.9/site-packages/airflow/example_dags/example_python_operator.py
[2025-05-09 14:39:39,948] {processor.py:641} INFO - Processing file /home/pedro/Documentos/airflow/venv/lib/python3.9/site-packages/airflow/example_dags/example_python_operator.py for tasks to queue
[2025-05-09 14:39:39,949] {logging_mixin.py:115} INFO - [2025-05-09 14:39:39,949] {dagbag.py:507} INFO - Filling up the DagBag from /home/pedro/Documentos/airflow/venv/lib/python3.9/site-packages/airflow/example_dags/example_python_operator.py
[2025-05-09 14:39:39,959] {logging_mixin.py:115} INFO - [2025-05-09 14:39:39,959] {example_python_operator.py:68} WARNING - The virtalenv_python example task requires virtualenv, please install it.
[2025-05-09 14:39:39,960] {processor.py:651} INFO - DAG(s) dict_keys(['example_python_operator']) retrieved from /home/pedro/Documentos/airflow/venv/lib/python3.9/site-packages/airflow/example_dags/example_python_operator.py
[2025-05-09 14:39:39,972] {logging_mixin.py:115} INFO - [2025-05-09 14:39:39,972] {dag.py:2379} INFO - Sync 1 DAGs
[2025-05-09 14:39:39,983] {logging_mixin.py:115} INFO - [2025-05-09 14:39:39,983] {dag.py:2927} INFO - Setting next_dagrun for example_python_operator to None, run_after=None
[2025-05-09 14:39:39,992] {processor.py:161} INFO - Processing /home/pedro/Documentos/airflow/venv/lib/python3.9/site-packages/airflow/example_dags/example_python_operator.py took 0.046 seconds
[2025-05-09 14:40:13,080] {processor.py:153} INFO - Started process (PID=65769) to work on /home/pedro/Documentos/airflow/venv/lib/python3.9/site-packages/airflow/example_dags/example_python_operator.py
[2025-05-09 14:40:13,081] {processor.py:641} INFO - Processing file /home/pedro/Documentos/airflow/venv/lib/python3.9/site-packages/airflow/example_dags/example_python_operator.py for tasks to queue
[2025-05-09 14:40:13,081] {logging_mixin.py:115} INFO - [2025-05-09 14:40:13,081] {dagbag.py:507} INFO - Filling up the DagBag from /home/pedro/Documentos/airflow/venv/lib/python3.9/site-packages/airflow/example_dags/example_python_operator.py
[2025-05-09 14:40:13,092] {logging_mixin.py:115} INFO - [2025-05-09 14:40:13,092] {example_python_operator.py:68} WARNING - The virtalenv_python example task requires virtualenv, please install it.
[2025-05-09 14:40:13,093] {processor.py:651} INFO - DAG(s) dict_keys(['example_python_operator']) retrieved from /home/pedro/Documentos/airflow/venv/lib/python3.9/site-packages/airflow/example_dags/example_python_operator.py
[2025-05-09 14:40:13,105] {logging_mixin.py:115} INFO - [2025-05-09 14:40:13,105] {dag.py:2379} INFO - Sync 1 DAGs
[2025-05-09 14:40:13,116] {logging_mixin.py:115} INFO - [2025-05-09 14:40:13,116] {dag.py:2927} INFO - Setting next_dagrun for example_python_operator to None, run_after=None
[2025-05-09 14:40:13,128] {processor.py:161} INFO - Processing /home/pedro/Documentos/airflow/venv/lib/python3.9/site-packages/airflow/example_dags/example_python_operator.py took 0.050 seconds
[2025-05-09 14:40:46,806] {processor.py:153} INFO - Started process (PID=66104) to work on /home/pedro/Documentos/airflow/venv/lib/python3.9/site-packages/airflow/example_dags/example_python_operator.py
[2025-05-09 14:40:46,806] {processor.py:641} INFO - Processing file /home/pedro/Documentos/airflow/venv/lib/python3.9/site-packages/airflow/example_dags/example_python_operator.py for tasks to queue
[2025-05-09 14:40:46,807] {logging_mixin.py:115} INFO - [2025-05-09 14:40:46,806] {dagbag.py:507} INFO - Filling up the DagBag from /home/pedro/Documentos/airflow/venv/lib/python3.9/site-packages/airflow/example_dags/example_python_operator.py
[2025-05-09 14:40:46,819] {logging_mixin.py:115} INFO - [2025-05-09 14:40:46,819] {example_python_operator.py:68} WARNING - The virtalenv_python example task requires virtualenv, please install it.
[2025-05-09 14:40:46,820] {processor.py:651} INFO - DAG(s) dict_keys(['example_python_operator']) retrieved from /home/pedro/Documentos/airflow/venv/lib/python3.9/site-packages/airflow/example_dags/example_python_operator.py
[2025-05-09 14:40:46,833] {logging_mixin.py:115} INFO - [2025-05-09 14:40:46,833] {dag.py:2379} INFO - Sync 1 DAGs
[2025-05-09 14:40:46,847] {logging_mixin.py:115} INFO - [2025-05-09 14:40:46,846] {dag.py:2927} INFO - Setting next_dagrun for example_python_operator to None, run_after=None
[2025-05-09 14:40:46,858] {processor.py:161} INFO - Processing /home/pedro/Documentos/airflow/venv/lib/python3.9/site-packages/airflow/example_dags/example_python_operator.py took 0.055 seconds
[2025-05-09 14:41:22,165] {processor.py:153} INFO - Started process (PID=66729) to work on /home/pedro/Documentos/airflow/venv/lib/python3.9/site-packages/airflow/example_dags/example_python_operator.py
[2025-05-09 14:41:22,177] {processor.py:641} INFO - Processing file /home/pedro/Documentos/airflow/venv/lib/python3.9/site-packages/airflow/example_dags/example_python_operator.py for tasks to queue
[2025-05-09 14:41:22,178] {logging_mixin.py:115} INFO - [2025-05-09 14:41:22,178] {dagbag.py:507} INFO - Filling up the DagBag from /home/pedro/Documentos/airflow/venv/lib/python3.9/site-packages/airflow/example_dags/example_python_operator.py
[2025-05-09 14:41:22,189] {logging_mixin.py:115} INFO - [2025-05-09 14:41:22,189] {example_python_operator.py:68} WARNING - The virtalenv_python example task requires virtualenv, please install it.
[2025-05-09 14:41:22,189] {processor.py:651} INFO - DAG(s) dict_keys(['example_python_operator']) retrieved from /home/pedro/Documentos/airflow/venv/lib/python3.9/site-packages/airflow/example_dags/example_python_operator.py
[2025-05-09 14:41:22,201] {logging_mixin.py:115} INFO - [2025-05-09 14:41:22,201] {dag.py:2379} INFO - Sync 1 DAGs
[2025-05-09 14:41:22,213] {logging_mixin.py:115} INFO - [2025-05-09 14:41:22,212] {dag.py:2927} INFO - Setting next_dagrun for example_python_operator to None, run_after=None
[2025-05-09 14:41:22,222] {processor.py:161} INFO - Processing /home/pedro/Documentos/airflow/venv/lib/python3.9/site-packages/airflow/example_dags/example_python_operator.py took 0.059 seconds
[2025-05-09 14:41:58,782] {processor.py:153} INFO - Started process (PID=66975) to work on /home/pedro/Documentos/airflow/venv/lib/python3.9/site-packages/airflow/example_dags/example_python_operator.py
[2025-05-09 14:41:58,794] {processor.py:641} INFO - Processing file /home/pedro/Documentos/airflow/venv/lib/python3.9/site-packages/airflow/example_dags/example_python_operator.py for tasks to queue
[2025-05-09 14:41:58,794] {logging_mixin.py:115} INFO - [2025-05-09 14:41:58,794] {dagbag.py:507} INFO - Filling up the DagBag from /home/pedro/Documentos/airflow/venv/lib/python3.9/site-packages/airflow/example_dags/example_python_operator.py
[2025-05-09 14:41:58,805] {logging_mixin.py:115} INFO - [2025-05-09 14:41:58,805] {example_python_operator.py:68} WARNING - The virtalenv_python example task requires virtualenv, please install it.
[2025-05-09 14:41:58,806] {processor.py:651} INFO - DAG(s) dict_keys(['example_python_operator']) retrieved from /home/pedro/Documentos/airflow/venv/lib/python3.9/site-packages/airflow/example_dags/example_python_operator.py
[2025-05-09 14:41:58,820] {logging_mixin.py:115} INFO - [2025-05-09 14:41:58,820] {dag.py:2379} INFO - Sync 1 DAGs
[2025-05-09 14:41:58,832] {logging_mixin.py:115} INFO - [2025-05-09 14:41:58,832] {dag.py:2927} INFO - Setting next_dagrun for example_python_operator to None, run_after=None
[2025-05-09 14:41:58,842] {processor.py:161} INFO - Processing /home/pedro/Documentos/airflow/venv/lib/python3.9/site-packages/airflow/example_dags/example_python_operator.py took 0.063 seconds
[2025-05-09 14:42:31,912] {processor.py:153} INFO - Started process (PID=67178) to work on /home/pedro/Documentos/airflow/venv/lib/python3.9/site-packages/airflow/example_dags/example_python_operator.py
[2025-05-09 14:42:31,924] {processor.py:641} INFO - Processing file /home/pedro/Documentos/airflow/venv/lib/python3.9/site-packages/airflow/example_dags/example_python_operator.py for tasks to queue
[2025-05-09 14:42:31,925] {logging_mixin.py:115} INFO - [2025-05-09 14:42:31,925] {dagbag.py:507} INFO - Filling up the DagBag from /home/pedro/Documentos/airflow/venv/lib/python3.9/site-packages/airflow/example_dags/example_python_operator.py
[2025-05-09 14:42:31,937] {logging_mixin.py:115} INFO - [2025-05-09 14:42:31,937] {example_python_operator.py:68} WARNING - The virtalenv_python example task requires virtualenv, please install it.
[2025-05-09 14:42:31,937] {processor.py:651} INFO - DAG(s) dict_keys(['example_python_operator']) retrieved from /home/pedro/Documentos/airflow/venv/lib/python3.9/site-packages/airflow/example_dags/example_python_operator.py
[2025-05-09 14:42:31,949] {logging_mixin.py:115} INFO - [2025-05-09 14:42:31,949] {dag.py:2379} INFO - Sync 1 DAGs
[2025-05-09 14:42:31,960] {logging_mixin.py:115} INFO - [2025-05-09 14:42:31,960] {dag.py:2927} INFO - Setting next_dagrun for example_python_operator to None, run_after=None
[2025-05-09 14:42:31,969] {processor.py:161} INFO - Processing /home/pedro/Documentos/airflow/venv/lib/python3.9/site-packages/airflow/example_dags/example_python_operator.py took 0.059 seconds
[2025-05-09 14:43:04,158] {processor.py:153} INFO - Started process (PID=67371) to work on /home/pedro/Documentos/airflow/venv/lib/python3.9/site-packages/airflow/example_dags/example_python_operator.py
[2025-05-09 14:43:04,171] {processor.py:641} INFO - Processing file /home/pedro/Documentos/airflow/venv/lib/python3.9/site-packages/airflow/example_dags/example_python_operator.py for tasks to queue
[2025-05-09 14:43:04,171] {logging_mixin.py:115} INFO - [2025-05-09 14:43:04,171] {dagbag.py:507} INFO - Filling up the DagBag from /home/pedro/Documentos/airflow/venv/lib/python3.9/site-packages/airflow/example_dags/example_python_operator.py
[2025-05-09 14:43:04,183] {logging_mixin.py:115} INFO - [2025-05-09 14:43:04,183] {example_python_operator.py:68} WARNING - The virtalenv_python example task requires virtualenv, please install it.
[2025-05-09 14:43:04,183] {processor.py:651} INFO - DAG(s) dict_keys(['example_python_operator']) retrieved from /home/pedro/Documentos/airflow/venv/lib/python3.9/site-packages/airflow/example_dags/example_python_operator.py
[2025-05-09 14:43:04,196] {logging_mixin.py:115} INFO - [2025-05-09 14:43:04,196] {dag.py:2379} INFO - Sync 1 DAGs
[2025-05-09 14:43:04,207] {logging_mixin.py:115} INFO - [2025-05-09 14:43:04,207] {dag.py:2927} INFO - Setting next_dagrun for example_python_operator to None, run_after=None
[2025-05-09 14:43:04,217] {processor.py:161} INFO - Processing /home/pedro/Documentos/airflow/venv/lib/python3.9/site-packages/airflow/example_dags/example_python_operator.py took 0.061 seconds
[2025-05-09 14:43:39,909] {processor.py:153} INFO - Started process (PID=68011) to work on /home/pedro/Documentos/airflow/venv/lib/python3.9/site-packages/airflow/example_dags/example_python_operator.py
[2025-05-09 14:43:39,921] {processor.py:641} INFO - Processing file /home/pedro/Documentos/airflow/venv/lib/python3.9/site-packages/airflow/example_dags/example_python_operator.py for tasks to queue
[2025-05-09 14:43:39,922] {logging_mixin.py:115} INFO - [2025-05-09 14:43:39,922] {dagbag.py:507} INFO - Filling up the DagBag from /home/pedro/Documentos/airflow/venv/lib/python3.9/site-packages/airflow/example_dags/example_python_operator.py
[2025-05-09 14:43:39,934] {logging_mixin.py:115} INFO - [2025-05-09 14:43:39,934] {example_python_operator.py:68} WARNING - The virtalenv_python example task requires virtualenv, please install it.
[2025-05-09 14:43:39,934] {processor.py:651} INFO - DAG(s) dict_keys(['example_python_operator']) retrieved from /home/pedro/Documentos/airflow/venv/lib/python3.9/site-packages/airflow/example_dags/example_python_operator.py
[2025-05-09 14:43:39,947] {logging_mixin.py:115} INFO - [2025-05-09 14:43:39,947] {dag.py:2379} INFO - Sync 1 DAGs
[2025-05-09 14:43:39,958] {logging_mixin.py:115} INFO - [2025-05-09 14:43:39,958] {dag.py:2927} INFO - Setting next_dagrun for example_python_operator to None, run_after=None
[2025-05-09 14:43:39,968] {processor.py:161} INFO - Processing /home/pedro/Documentos/airflow/venv/lib/python3.9/site-packages/airflow/example_dags/example_python_operator.py took 0.061 seconds
[2025-05-09 14:44:12,404] {processor.py:153} INFO - Started process (PID=68268) to work on /home/pedro/Documentos/airflow/venv/lib/python3.9/site-packages/airflow/example_dags/example_python_operator.py
[2025-05-09 14:44:12,416] {processor.py:641} INFO - Processing file /home/pedro/Documentos/airflow/venv/lib/python3.9/site-packages/airflow/example_dags/example_python_operator.py for tasks to queue
[2025-05-09 14:44:12,417] {logging_mixin.py:115} INFO - [2025-05-09 14:44:12,416] {dagbag.py:507} INFO - Filling up the DagBag from /home/pedro/Documentos/airflow/venv/lib/python3.9/site-packages/airflow/example_dags/example_python_operator.py
[2025-05-09 14:44:12,431] {logging_mixin.py:115} INFO - [2025-05-09 14:44:12,430] {example_python_operator.py:68} WARNING - The virtalenv_python example task requires virtualenv, please install it.
[2025-05-09 14:44:12,431] {processor.py:651} INFO - DAG(s) dict_keys(['example_python_operator']) retrieved from /home/pedro/Documentos/airflow/venv/lib/python3.9/site-packages/airflow/example_dags/example_python_operator.py
[2025-05-09 14:44:12,441] {logging_mixin.py:115} INFO - [2025-05-09 14:44:12,441] {dag.py:2379} INFO - Sync 1 DAGs
[2025-05-09 14:44:12,452] {logging_mixin.py:115} INFO - [2025-05-09 14:44:12,452] {dag.py:2927} INFO - Setting next_dagrun for example_python_operator to None, run_after=None
[2025-05-09 14:44:12,462] {processor.py:161} INFO - Processing /home/pedro/Documentos/airflow/venv/lib/python3.9/site-packages/airflow/example_dags/example_python_operator.py took 0.060 seconds
[2025-05-09 14:44:46,679] {processor.py:153} INFO - Started process (PID=68466) to work on /home/pedro/Documentos/airflow/venv/lib/python3.9/site-packages/airflow/example_dags/example_python_operator.py
[2025-05-09 14:44:46,691] {processor.py:641} INFO - Processing file /home/pedro/Documentos/airflow/venv/lib/python3.9/site-packages/airflow/example_dags/example_python_operator.py for tasks to queue
[2025-05-09 14:44:46,692] {logging_mixin.py:115} INFO - [2025-05-09 14:44:46,692] {dagbag.py:507} INFO - Filling up the DagBag from /home/pedro/Documentos/airflow/venv/lib/python3.9/site-packages/airflow/example_dags/example_python_operator.py
[2025-05-09 14:44:46,706] {logging_mixin.py:115} INFO - [2025-05-09 14:44:46,706] {example_python_operator.py:68} WARNING - The virtalenv_python example task requires virtualenv, please install it.
[2025-05-09 14:44:46,706] {processor.py:651} INFO - DAG(s) dict_keys(['example_python_operator']) retrieved from /home/pedro/Documentos/airflow/venv/lib/python3.9/site-packages/airflow/example_dags/example_python_operator.py
[2025-05-09 14:44:46,716] {logging_mixin.py:115} INFO - [2025-05-09 14:44:46,716] {dag.py:2379} INFO - Sync 1 DAGs
[2025-05-09 14:44:46,727] {logging_mixin.py:115} INFO - [2025-05-09 14:44:46,727] {dag.py:2927} INFO - Setting next_dagrun for example_python_operator to None, run_after=None
[2025-05-09 14:44:46,737] {processor.py:161} INFO - Processing /home/pedro/Documentos/airflow/venv/lib/python3.9/site-packages/airflow/example_dags/example_python_operator.py took 0.060 seconds
[2025-05-09 14:45:19,168] {processor.py:153} INFO - Started process (PID=68694) to work on /home/pedro/Documentos/airflow/venv/lib/python3.9/site-packages/airflow/example_dags/example_python_operator.py
[2025-05-09 14:45:19,180] {processor.py:641} INFO - Processing file /home/pedro/Documentos/airflow/venv/lib/python3.9/site-packages/airflow/example_dags/example_python_operator.py for tasks to queue
[2025-05-09 14:45:19,181] {logging_mixin.py:115} INFO - [2025-05-09 14:45:19,180] {dagbag.py:507} INFO - Filling up the DagBag from /home/pedro/Documentos/airflow/venv/lib/python3.9/site-packages/airflow/example_dags/example_python_operator.py
[2025-05-09 14:45:19,195] {logging_mixin.py:115} INFO - [2025-05-09 14:45:19,194] {example_python_operator.py:68} WARNING - The virtalenv_python example task requires virtualenv, please install it.
[2025-05-09 14:45:19,195] {processor.py:651} INFO - DAG(s) dict_keys(['example_python_operator']) retrieved from /home/pedro/Documentos/airflow/venv/lib/python3.9/site-packages/airflow/example_dags/example_python_operator.py
[2025-05-09 14:45:19,205] {logging_mixin.py:115} INFO - [2025-05-09 14:45:19,205] {dag.py:2379} INFO - Sync 1 DAGs
[2025-05-09 14:45:19,216] {logging_mixin.py:115} INFO - [2025-05-09 14:45:19,216] {dag.py:2927} INFO - Setting next_dagrun for example_python_operator to None, run_after=None
[2025-05-09 14:45:19,226] {processor.py:161} INFO - Processing /home/pedro/Documentos/airflow/venv/lib/python3.9/site-packages/airflow/example_dags/example_python_operator.py took 0.060 seconds
[2025-05-09 14:45:52,285] {processor.py:153} INFO - Started process (PID=68898) to work on /home/pedro/Documentos/airflow/venv/lib/python3.9/site-packages/airflow/example_dags/example_python_operator.py
[2025-05-09 14:45:52,297] {processor.py:641} INFO - Processing file /home/pedro/Documentos/airflow/venv/lib/python3.9/site-packages/airflow/example_dags/example_python_operator.py for tasks to queue
[2025-05-09 14:45:52,298] {logging_mixin.py:115} INFO - [2025-05-09 14:45:52,298] {dagbag.py:507} INFO - Filling up the DagBag from /home/pedro/Documentos/airflow/venv/lib/python3.9/site-packages/airflow/example_dags/example_python_operator.py
[2025-05-09 14:45:52,312] {logging_mixin.py:115} INFO - [2025-05-09 14:45:52,312] {example_python_operator.py:68} WARNING - The virtalenv_python example task requires virtualenv, please install it.
[2025-05-09 14:45:52,312] {processor.py:651} INFO - DAG(s) dict_keys(['example_python_operator']) retrieved from /home/pedro/Documentos/airflow/venv/lib/python3.9/site-packages/airflow/example_dags/example_python_operator.py
[2025-05-09 14:45:52,323] {logging_mixin.py:115} INFO - [2025-05-09 14:45:52,323] {dag.py:2379} INFO - Sync 1 DAGs
[2025-05-09 14:45:52,334] {logging_mixin.py:115} INFO - [2025-05-09 14:45:52,334] {dag.py:2927} INFO - Setting next_dagrun for example_python_operator to None, run_after=None
[2025-05-09 14:45:52,343] {processor.py:161} INFO - Processing /home/pedro/Documentos/airflow/venv/lib/python3.9/site-packages/airflow/example_dags/example_python_operator.py took 0.060 seconds
[2025-05-09 14:46:27,221] {processor.py:153} INFO - Started process (PID=69105) to work on /home/pedro/Documentos/airflow/venv/lib/python3.9/site-packages/airflow/example_dags/example_python_operator.py
[2025-05-09 14:46:27,233] {processor.py:641} INFO - Processing file /home/pedro/Documentos/airflow/venv/lib/python3.9/site-packages/airflow/example_dags/example_python_operator.py for tasks to queue
[2025-05-09 14:46:27,234] {logging_mixin.py:115} INFO - [2025-05-09 14:46:27,234] {dagbag.py:507} INFO - Filling up the DagBag from /home/pedro/Documentos/airflow/venv/lib/python3.9/site-packages/airflow/example_dags/example_python_operator.py
[2025-05-09 14:46:27,246] {logging_mixin.py:115} INFO - [2025-05-09 14:46:27,246] {example_python_operator.py:68} WARNING - The virtalenv_python example task requires virtualenv, please install it.
[2025-05-09 14:46:27,247] {processor.py:651} INFO - DAG(s) dict_keys(['example_python_operator']) retrieved from /home/pedro/Documentos/airflow/venv/lib/python3.9/site-packages/airflow/example_dags/example_python_operator.py
[2025-05-09 14:46:27,257] {logging_mixin.py:115} INFO - [2025-05-09 14:46:27,257] {dag.py:2379} INFO - Sync 1 DAGs
[2025-05-09 14:46:27,268] {logging_mixin.py:115} INFO - [2025-05-09 14:46:27,268] {dag.py:2927} INFO - Setting next_dagrun for example_python_operator to None, run_after=None
[2025-05-09 14:46:27,277] {processor.py:161} INFO - Processing /home/pedro/Documentos/airflow/venv/lib/python3.9/site-packages/airflow/example_dags/example_python_operator.py took 0.058 seconds
[2025-05-09 14:47:00,324] {processor.py:153} INFO - Started process (PID=69640) to work on /home/pedro/Documentos/airflow/venv/lib/python3.9/site-packages/airflow/example_dags/example_python_operator.py
[2025-05-09 14:47:00,337] {processor.py:641} INFO - Processing file /home/pedro/Documentos/airflow/venv/lib/python3.9/site-packages/airflow/example_dags/example_python_operator.py for tasks to queue
[2025-05-09 14:47:00,337] {logging_mixin.py:115} INFO - [2025-05-09 14:47:00,337] {dagbag.py:507} INFO - Filling up the DagBag from /home/pedro/Documentos/airflow/venv/lib/python3.9/site-packages/airflow/example_dags/example_python_operator.py
[2025-05-09 14:47:00,354] {logging_mixin.py:115} INFO - [2025-05-09 14:47:00,354] {example_python_operator.py:68} WARNING - The virtalenv_python example task requires virtualenv, please install it.
[2025-05-09 14:47:00,354] {processor.py:651} INFO - DAG(s) dict_keys(['example_python_operator']) retrieved from /home/pedro/Documentos/airflow/venv/lib/python3.9/site-packages/airflow/example_dags/example_python_operator.py
[2025-05-09 14:47:00,367] {logging_mixin.py:115} INFO - [2025-05-09 14:47:00,367] {dag.py:2379} INFO - Sync 1 DAGs
[2025-05-09 14:47:00,380] {logging_mixin.py:115} INFO - [2025-05-09 14:47:00,380] {dag.py:2927} INFO - Setting next_dagrun for example_python_operator to None, run_after=None
[2025-05-09 14:47:00,392] {processor.py:161} INFO - Processing /home/pedro/Documentos/airflow/venv/lib/python3.9/site-packages/airflow/example_dags/example_python_operator.py took 0.069 seconds
[2025-05-09 14:47:37,742] {processor.py:153} INFO - Started process (PID=69994) to work on /home/pedro/Documentos/airflow/venv/lib/python3.9/site-packages/airflow/example_dags/example_python_operator.py
[2025-05-09 14:47:37,748] {processor.py:641} INFO - Processing file /home/pedro/Documentos/airflow/venv/lib/python3.9/site-packages/airflow/example_dags/example_python_operator.py for tasks to queue
[2025-05-09 14:47:37,749] {logging_mixin.py:115} INFO - [2025-05-09 14:47:37,749] {dagbag.py:507} INFO - Filling up the DagBag from /home/pedro/Documentos/airflow/venv/lib/python3.9/site-packages/airflow/example_dags/example_python_operator.py
[2025-05-09 14:47:37,762] {logging_mixin.py:115} INFO - [2025-05-09 14:47:37,762] {example_python_operator.py:68} WARNING - The virtalenv_python example task requires virtualenv, please install it.
[2025-05-09 14:47:37,763] {processor.py:651} INFO - DAG(s) dict_keys(['example_python_operator']) retrieved from /home/pedro/Documentos/airflow/venv/lib/python3.9/site-packages/airflow/example_dags/example_python_operator.py
[2025-05-09 14:47:37,773] {logging_mixin.py:115} INFO - [2025-05-09 14:47:37,773] {dag.py:2379} INFO - Sync 1 DAGs
[2025-05-09 14:47:37,785] {logging_mixin.py:115} INFO - [2025-05-09 14:47:37,785] {dag.py:2927} INFO - Setting next_dagrun for example_python_operator to None, run_after=None
[2025-05-09 14:47:37,848] {processor.py:161} INFO - Processing /home/pedro/Documentos/airflow/venv/lib/python3.9/site-packages/airflow/example_dags/example_python_operator.py took 0.108 seconds
[2025-05-09 14:48:14,131] {processor.py:153} INFO - Started process (PID=70216) to work on /home/pedro/Documentos/airflow/venv/lib/python3.9/site-packages/airflow/example_dags/example_python_operator.py
[2025-05-09 14:48:14,132] {processor.py:641} INFO - Processing file /home/pedro/Documentos/airflow/venv/lib/python3.9/site-packages/airflow/example_dags/example_python_operator.py for tasks to queue
[2025-05-09 14:48:14,132] {logging_mixin.py:115} INFO - [2025-05-09 14:48:14,132] {dagbag.py:507} INFO - Filling up the DagBag from /home/pedro/Documentos/airflow/venv/lib/python3.9/site-packages/airflow/example_dags/example_python_operator.py
[2025-05-09 14:48:14,146] {logging_mixin.py:115} INFO - [2025-05-09 14:48:14,146] {example_python_operator.py:68} WARNING - The virtalenv_python example task requires virtualenv, please install it.
[2025-05-09 14:48:14,147] {processor.py:651} INFO - DAG(s) dict_keys(['example_python_operator']) retrieved from /home/pedro/Documentos/airflow/venv/lib/python3.9/site-packages/airflow/example_dags/example_python_operator.py
[2025-05-09 14:48:14,157] {logging_mixin.py:115} INFO - [2025-05-09 14:48:14,157] {dag.py:2379} INFO - Sync 1 DAGs
[2025-05-09 14:48:14,169] {logging_mixin.py:115} INFO - [2025-05-09 14:48:14,169] {dag.py:2927} INFO - Setting next_dagrun for example_python_operator to None, run_after=None
[2025-05-09 14:48:14,179] {processor.py:161} INFO - Processing /home/pedro/Documentos/airflow/venv/lib/python3.9/site-packages/airflow/example_dags/example_python_operator.py took 0.050 seconds
[2025-05-09 14:48:46,957] {processor.py:153} INFO - Started process (PID=70523) to work on /home/pedro/Documentos/airflow/venv/lib/python3.9/site-packages/airflow/example_dags/example_python_operator.py
[2025-05-09 14:48:46,969] {processor.py:641} INFO - Processing file /home/pedro/Documentos/airflow/venv/lib/python3.9/site-packages/airflow/example_dags/example_python_operator.py for tasks to queue
[2025-05-09 14:48:46,970] {logging_mixin.py:115} INFO - [2025-05-09 14:48:46,970] {dagbag.py:507} INFO - Filling up the DagBag from /home/pedro/Documentos/airflow/venv/lib/python3.9/site-packages/airflow/example_dags/example_python_operator.py
[2025-05-09 14:48:46,983] {logging_mixin.py:115} INFO - [2025-05-09 14:48:46,983] {example_python_operator.py:68} WARNING - The virtalenv_python example task requires virtualenv, please install it.
[2025-05-09 14:48:46,983] {processor.py:651} INFO - DAG(s) dict_keys(['example_python_operator']) retrieved from /home/pedro/Documentos/airflow/venv/lib/python3.9/site-packages/airflow/example_dags/example_python_operator.py
[2025-05-09 14:48:46,994] {logging_mixin.py:115} INFO - [2025-05-09 14:48:46,994] {dag.py:2379} INFO - Sync 1 DAGs
[2025-05-09 14:48:47,005] {logging_mixin.py:115} INFO - [2025-05-09 14:48:47,005] {dag.py:2927} INFO - Setting next_dagrun for example_python_operator to None, run_after=None
[2025-05-09 14:48:47,015] {processor.py:161} INFO - Processing /home/pedro/Documentos/airflow/venv/lib/python3.9/site-packages/airflow/example_dags/example_python_operator.py took 0.060 seconds
[2025-05-09 14:49:18,942] {processor.py:153} INFO - Started process (PID=70715) to work on /home/pedro/Documentos/airflow/venv/lib/python3.9/site-packages/airflow/example_dags/example_python_operator.py
[2025-05-09 14:49:18,954] {processor.py:641} INFO - Processing file /home/pedro/Documentos/airflow/venv/lib/python3.9/site-packages/airflow/example_dags/example_python_operator.py for tasks to queue
[2025-05-09 14:49:18,955] {logging_mixin.py:115} INFO - [2025-05-09 14:49:18,954] {dagbag.py:507} INFO - Filling up the DagBag from /home/pedro/Documentos/airflow/venv/lib/python3.9/site-packages/airflow/example_dags/example_python_operator.py
[2025-05-09 14:49:18,969] {logging_mixin.py:115} INFO - [2025-05-09 14:49:18,969] {example_python_operator.py:68} WARNING - The virtalenv_python example task requires virtualenv, please install it.
[2025-05-09 14:49:18,969] {processor.py:651} INFO - DAG(s) dict_keys(['example_python_operator']) retrieved from /home/pedro/Documentos/airflow/venv/lib/python3.9/site-packages/airflow/example_dags/example_python_operator.py
[2025-05-09 14:49:18,980] {logging_mixin.py:115} INFO - [2025-05-09 14:49:18,980] {dag.py:2379} INFO - Sync 1 DAGs
[2025-05-09 14:49:18,992] {logging_mixin.py:115} INFO - [2025-05-09 14:49:18,992] {dag.py:2927} INFO - Setting next_dagrun for example_python_operator to None, run_after=None
[2025-05-09 14:49:19,003] {processor.py:161} INFO - Processing /home/pedro/Documentos/airflow/venv/lib/python3.9/site-packages/airflow/example_dags/example_python_operator.py took 0.063 seconds
[2025-05-09 14:49:50,925] {processor.py:153} INFO - Started process (PID=70921) to work on /home/pedro/Documentos/airflow/venv/lib/python3.9/site-packages/airflow/example_dags/example_python_operator.py
[2025-05-09 14:49:50,937] {processor.py:641} INFO - Processing file /home/pedro/Documentos/airflow/venv/lib/python3.9/site-packages/airflow/example_dags/example_python_operator.py for tasks to queue
[2025-05-09 14:49:50,938] {logging_mixin.py:115} INFO - [2025-05-09 14:49:50,938] {dagbag.py:507} INFO - Filling up the DagBag from /home/pedro/Documentos/airflow/venv/lib/python3.9/site-packages/airflow/example_dags/example_python_operator.py
[2025-05-09 14:49:50,952] {logging_mixin.py:115} INFO - [2025-05-09 14:49:50,952] {example_python_operator.py:68} WARNING - The virtalenv_python example task requires virtualenv, please install it.
[2025-05-09 14:49:50,952] {processor.py:651} INFO - DAG(s) dict_keys(['example_python_operator']) retrieved from /home/pedro/Documentos/airflow/venv/lib/python3.9/site-packages/airflow/example_dags/example_python_operator.py
[2025-05-09 14:49:50,963] {logging_mixin.py:115} INFO - [2025-05-09 14:49:50,963] {dag.py:2379} INFO - Sync 1 DAGs
[2025-05-09 14:49:50,974] {logging_mixin.py:115} INFO - [2025-05-09 14:49:50,974] {dag.py:2927} INFO - Setting next_dagrun for example_python_operator to None, run_after=None
[2025-05-09 14:49:50,983] {processor.py:161} INFO - Processing /home/pedro/Documentos/airflow/venv/lib/python3.9/site-packages/airflow/example_dags/example_python_operator.py took 0.060 seconds
[2025-05-09 14:50:24,573] {processor.py:153} INFO - Started process (PID=71203) to work on /home/pedro/Documentos/airflow/venv/lib/python3.9/site-packages/airflow/example_dags/example_python_operator.py
[2025-05-09 14:50:24,586] {processor.py:641} INFO - Processing file /home/pedro/Documentos/airflow/venv/lib/python3.9/site-packages/airflow/example_dags/example_python_operator.py for tasks to queue
[2025-05-09 14:50:24,586] {logging_mixin.py:115} INFO - [2025-05-09 14:50:24,586] {dagbag.py:507} INFO - Filling up the DagBag from /home/pedro/Documentos/airflow/venv/lib/python3.9/site-packages/airflow/example_dags/example_python_operator.py
[2025-05-09 14:50:24,601] {logging_mixin.py:115} INFO - [2025-05-09 14:50:24,600] {example_python_operator.py:68} WARNING - The virtalenv_python example task requires virtualenv, please install it.
[2025-05-09 14:50:24,601] {processor.py:651} INFO - DAG(s) dict_keys(['example_python_operator']) retrieved from /home/pedro/Documentos/airflow/venv/lib/python3.9/site-packages/airflow/example_dags/example_python_operator.py
[2025-05-09 14:50:24,612] {logging_mixin.py:115} INFO - [2025-05-09 14:50:24,612] {dag.py:2379} INFO - Sync 1 DAGs
[2025-05-09 14:50:24,623] {logging_mixin.py:115} INFO - [2025-05-09 14:50:24,623] {dag.py:2927} INFO - Setting next_dagrun for example_python_operator to None, run_after=None
[2025-05-09 14:50:24,634] {processor.py:161} INFO - Processing /home/pedro/Documentos/airflow/venv/lib/python3.9/site-packages/airflow/example_dags/example_python_operator.py took 0.063 seconds
[2025-05-09 14:51:00,695] {processor.py:153} INFO - Started process (PID=71421) to work on /home/pedro/Documentos/airflow/venv/lib/python3.9/site-packages/airflow/example_dags/example_python_operator.py
[2025-05-09 14:51:00,709] {processor.py:641} INFO - Processing file /home/pedro/Documentos/airflow/venv/lib/python3.9/site-packages/airflow/example_dags/example_python_operator.py for tasks to queue
[2025-05-09 14:51:00,710] {logging_mixin.py:115} INFO - [2025-05-09 14:51:00,710] {dagbag.py:507} INFO - Filling up the DagBag from /home/pedro/Documentos/airflow/venv/lib/python3.9/site-packages/airflow/example_dags/example_python_operator.py
[2025-05-09 14:51:00,724] {logging_mixin.py:115} INFO - [2025-05-09 14:51:00,723] {example_python_operator.py:68} WARNING - The virtalenv_python example task requires virtualenv, please install it.
[2025-05-09 14:51:00,724] {processor.py:651} INFO - DAG(s) dict_keys(['example_python_operator']) retrieved from /home/pedro/Documentos/airflow/venv/lib/python3.9/site-packages/airflow/example_dags/example_python_operator.py
[2025-05-09 14:51:00,734] {logging_mixin.py:115} INFO - [2025-05-09 14:51:00,734] {dag.py:2379} INFO - Sync 1 DAGs
[2025-05-09 14:51:00,746] {logging_mixin.py:115} INFO - [2025-05-09 14:51:00,746] {dag.py:2927} INFO - Setting next_dagrun for example_python_operator to None, run_after=None
[2025-05-09 14:51:00,789] {processor.py:161} INFO - Processing /home/pedro/Documentos/airflow/venv/lib/python3.9/site-packages/airflow/example_dags/example_python_operator.py took 0.095 seconds
[2025-05-09 14:51:33,854] {processor.py:153} INFO - Started process (PID=71624) to work on /home/pedro/Documentos/airflow/venv/lib/python3.9/site-packages/airflow/example_dags/example_python_operator.py
[2025-05-09 14:51:33,866] {processor.py:641} INFO - Processing file /home/pedro/Documentos/airflow/venv/lib/python3.9/site-packages/airflow/example_dags/example_python_operator.py for tasks to queue
[2025-05-09 14:51:33,867] {logging_mixin.py:115} INFO - [2025-05-09 14:51:33,867] {dagbag.py:507} INFO - Filling up the DagBag from /home/pedro/Documentos/airflow/venv/lib/python3.9/site-packages/airflow/example_dags/example_python_operator.py
[2025-05-09 14:51:33,880] {logging_mixin.py:115} INFO - [2025-05-09 14:51:33,880] {example_python_operator.py:68} WARNING - The virtalenv_python example task requires virtualenv, please install it.
[2025-05-09 14:51:33,880] {processor.py:651} INFO - DAG(s) dict_keys(['example_python_operator']) retrieved from /home/pedro/Documentos/airflow/venv/lib/python3.9/site-packages/airflow/example_dags/example_python_operator.py
[2025-05-09 14:51:33,891] {logging_mixin.py:115} INFO - [2025-05-09 14:51:33,891] {dag.py:2379} INFO - Sync 1 DAGs
[2025-05-09 14:51:33,902] {logging_mixin.py:115} INFO - [2025-05-09 14:51:33,902] {dag.py:2927} INFO - Setting next_dagrun for example_python_operator to None, run_after=None
[2025-05-09 14:51:33,911] {processor.py:161} INFO - Processing /home/pedro/Documentos/airflow/venv/lib/python3.9/site-packages/airflow/example_dags/example_python_operator.py took 0.060 seconds
[2025-05-09 14:52:07,129] {processor.py:153} INFO - Started process (PID=71966) to work on /home/pedro/Documentos/airflow/venv/lib/python3.9/site-packages/airflow/example_dags/example_python_operator.py
[2025-05-09 14:52:07,129] {processor.py:641} INFO - Processing file /home/pedro/Documentos/airflow/venv/lib/python3.9/site-packages/airflow/example_dags/example_python_operator.py for tasks to queue
[2025-05-09 14:52:07,130] {logging_mixin.py:115} INFO - [2025-05-09 14:52:07,130] {dagbag.py:507} INFO - Filling up the DagBag from /home/pedro/Documentos/airflow/venv/lib/python3.9/site-packages/airflow/example_dags/example_python_operator.py
[2025-05-09 14:52:07,144] {logging_mixin.py:115} INFO - [2025-05-09 14:52:07,144] {example_python_operator.py:68} WARNING - The virtalenv_python example task requires virtualenv, please install it.
[2025-05-09 14:52:07,144] {processor.py:651} INFO - DAG(s) dict_keys(['example_python_operator']) retrieved from /home/pedro/Documentos/airflow/venv/lib/python3.9/site-packages/airflow/example_dags/example_python_operator.py
[2025-05-09 14:52:07,156] {logging_mixin.py:115} INFO - [2025-05-09 14:52:07,156] {dag.py:2379} INFO - Sync 1 DAGs
[2025-05-09 14:52:07,167] {logging_mixin.py:115} INFO - [2025-05-09 14:52:07,167] {dag.py:2927} INFO - Setting next_dagrun for example_python_operator to None, run_after=None
[2025-05-09 14:52:07,178] {processor.py:161} INFO - Processing /home/pedro/Documentos/airflow/venv/lib/python3.9/site-packages/airflow/example_dags/example_python_operator.py took 0.051 seconds
[2025-05-09 14:52:41,232] {processor.py:153} INFO - Started process (PID=72489) to work on /home/pedro/Documentos/airflow/venv/lib/python3.9/site-packages/airflow/example_dags/example_python_operator.py
[2025-05-09 14:52:41,244] {processor.py:641} INFO - Processing file /home/pedro/Documentos/airflow/venv/lib/python3.9/site-packages/airflow/example_dags/example_python_operator.py for tasks to queue
[2025-05-09 14:52:41,245] {logging_mixin.py:115} INFO - [2025-05-09 14:52:41,245] {dagbag.py:507} INFO - Filling up the DagBag from /home/pedro/Documentos/airflow/venv/lib/python3.9/site-packages/airflow/example_dags/example_python_operator.py
[2025-05-09 14:52:41,258] {logging_mixin.py:115} INFO - [2025-05-09 14:52:41,258] {example_python_operator.py:68} WARNING - The virtalenv_python example task requires virtualenv, please install it.
[2025-05-09 14:52:41,258] {processor.py:651} INFO - DAG(s) dict_keys(['example_python_operator']) retrieved from /home/pedro/Documentos/airflow/venv/lib/python3.9/site-packages/airflow/example_dags/example_python_operator.py
[2025-05-09 14:52:41,269] {logging_mixin.py:115} INFO - [2025-05-09 14:52:41,268] {dag.py:2379} INFO - Sync 1 DAGs
[2025-05-09 14:52:41,280] {logging_mixin.py:115} INFO - [2025-05-09 14:52:41,280] {dag.py:2927} INFO - Setting next_dagrun for example_python_operator to None, run_after=None
[2025-05-09 14:52:41,289] {processor.py:161} INFO - Processing /home/pedro/Documentos/airflow/venv/lib/python3.9/site-packages/airflow/example_dags/example_python_operator.py took 0.060 seconds
[2025-05-09 14:53:13,231] {processor.py:153} INFO - Started process (PID=72768) to work on /home/pedro/Documentos/airflow/venv/lib/python3.9/site-packages/airflow/example_dags/example_python_operator.py
[2025-05-09 14:53:13,243] {processor.py:641} INFO - Processing file /home/pedro/Documentos/airflow/venv/lib/python3.9/site-packages/airflow/example_dags/example_python_operator.py for tasks to queue
[2025-05-09 14:53:13,244] {logging_mixin.py:115} INFO - [2025-05-09 14:53:13,243] {dagbag.py:507} INFO - Filling up the DagBag from /home/pedro/Documentos/airflow/venv/lib/python3.9/site-packages/airflow/example_dags/example_python_operator.py
[2025-05-09 14:53:13,257] {logging_mixin.py:115} INFO - [2025-05-09 14:53:13,257] {example_python_operator.py:68} WARNING - The virtalenv_python example task requires virtualenv, please install it.
[2025-05-09 14:53:13,258] {processor.py:651} INFO - DAG(s) dict_keys(['example_python_operator']) retrieved from /home/pedro/Documentos/airflow/venv/lib/python3.9/site-packages/airflow/example_dags/example_python_operator.py
[2025-05-09 14:53:13,269] {logging_mixin.py:115} INFO - [2025-05-09 14:53:13,268] {dag.py:2379} INFO - Sync 1 DAGs
[2025-05-09 14:53:13,280] {logging_mixin.py:115} INFO - [2025-05-09 14:53:13,280] {dag.py:2927} INFO - Setting next_dagrun for example_python_operator to None, run_after=None
[2025-05-09 14:53:13,291] {processor.py:161} INFO - Processing /home/pedro/Documentos/airflow/venv/lib/python3.9/site-packages/airflow/example_dags/example_python_operator.py took 0.062 seconds
[2025-05-09 14:53:48,455] {processor.py:153} INFO - Started process (PID=74008) to work on /home/pedro/Documentos/airflow/venv/lib/python3.9/site-packages/airflow/example_dags/example_python_operator.py
[2025-05-09 14:53:48,467] {processor.py:641} INFO - Processing file /home/pedro/Documentos/airflow/venv/lib/python3.9/site-packages/airflow/example_dags/example_python_operator.py for tasks to queue
[2025-05-09 14:53:48,467] {logging_mixin.py:115} INFO - [2025-05-09 14:53:48,467] {dagbag.py:507} INFO - Filling up the DagBag from /home/pedro/Documentos/airflow/venv/lib/python3.9/site-packages/airflow/example_dags/example_python_operator.py
[2025-05-09 14:53:48,481] {logging_mixin.py:115} INFO - [2025-05-09 14:53:48,481] {example_python_operator.py:68} WARNING - The virtalenv_python example task requires virtualenv, please install it.
[2025-05-09 14:53:48,481] {processor.py:651} INFO - DAG(s) dict_keys(['example_python_operator']) retrieved from /home/pedro/Documentos/airflow/venv/lib/python3.9/site-packages/airflow/example_dags/example_python_operator.py
[2025-05-09 14:53:48,492] {logging_mixin.py:115} INFO - [2025-05-09 14:53:48,491] {dag.py:2379} INFO - Sync 1 DAGs
[2025-05-09 14:53:48,503] {logging_mixin.py:115} INFO - [2025-05-09 14:53:48,503] {dag.py:2927} INFO - Setting next_dagrun for example_python_operator to None, run_after=None
[2025-05-09 14:53:48,513] {processor.py:161} INFO - Processing /home/pedro/Documentos/airflow/venv/lib/python3.9/site-packages/airflow/example_dags/example_python_operator.py took 0.061 seconds
[2025-05-09 14:54:19,966] {processor.py:153} INFO - Started process (PID=74300) to work on /home/pedro/Documentos/airflow/venv/lib/python3.9/site-packages/airflow/example_dags/example_python_operator.py
[2025-05-09 14:54:19,979] {processor.py:641} INFO - Processing file /home/pedro/Documentos/airflow/venv/lib/python3.9/site-packages/airflow/example_dags/example_python_operator.py for tasks to queue
[2025-05-09 14:54:19,980] {logging_mixin.py:115} INFO - [2025-05-09 14:54:19,980] {dagbag.py:507} INFO - Filling up the DagBag from /home/pedro/Documentos/airflow/venv/lib/python3.9/site-packages/airflow/example_dags/example_python_operator.py
[2025-05-09 14:54:19,993] {logging_mixin.py:115} INFO - [2025-05-09 14:54:19,993] {example_python_operator.py:68} WARNING - The virtalenv_python example task requires virtualenv, please install it.
[2025-05-09 14:54:19,994] {processor.py:651} INFO - DAG(s) dict_keys(['example_python_operator']) retrieved from /home/pedro/Documentos/airflow/venv/lib/python3.9/site-packages/airflow/example_dags/example_python_operator.py
[2025-05-09 14:54:20,005] {logging_mixin.py:115} INFO - [2025-05-09 14:54:20,005] {dag.py:2379} INFO - Sync 1 DAGs
[2025-05-09 14:54:20,016] {logging_mixin.py:115} INFO - [2025-05-09 14:54:20,016] {dag.py:2927} INFO - Setting next_dagrun for example_python_operator to None, run_after=None
[2025-05-09 14:54:20,026] {processor.py:161} INFO - Processing /home/pedro/Documentos/airflow/venv/lib/python3.9/site-packages/airflow/example_dags/example_python_operator.py took 0.062 seconds
[2025-05-09 14:54:50,817] {processor.py:153} INFO - Started process (PID=74492) to work on /home/pedro/Documentos/airflow/venv/lib/python3.9/site-packages/airflow/example_dags/example_python_operator.py
[2025-05-09 14:54:50,829] {processor.py:641} INFO - Processing file /home/pedro/Documentos/airflow/venv/lib/python3.9/site-packages/airflow/example_dags/example_python_operator.py for tasks to queue
[2025-05-09 14:54:50,830] {logging_mixin.py:115} INFO - [2025-05-09 14:54:50,829] {dagbag.py:507} INFO - Filling up the DagBag from /home/pedro/Documentos/airflow/venv/lib/python3.9/site-packages/airflow/example_dags/example_python_operator.py
[2025-05-09 14:54:50,843] {logging_mixin.py:115} INFO - [2025-05-09 14:54:50,843] {example_python_operator.py:68} WARNING - The virtalenv_python example task requires virtualenv, please install it.
[2025-05-09 14:54:50,843] {processor.py:651} INFO - DAG(s) dict_keys(['example_python_operator']) retrieved from /home/pedro/Documentos/airflow/venv/lib/python3.9/site-packages/airflow/example_dags/example_python_operator.py
[2025-05-09 14:54:50,854] {logging_mixin.py:115} INFO - [2025-05-09 14:54:50,854] {dag.py:2379} INFO - Sync 1 DAGs
[2025-05-09 14:54:50,866] {logging_mixin.py:115} INFO - [2025-05-09 14:54:50,866] {dag.py:2927} INFO - Setting next_dagrun for example_python_operator to None, run_after=None
[2025-05-09 14:54:50,876] {processor.py:161} INFO - Processing /home/pedro/Documentos/airflow/venv/lib/python3.9/site-packages/airflow/example_dags/example_python_operator.py took 0.061 seconds
[2025-05-09 14:55:24,191] {processor.py:153} INFO - Started process (PID=74698) to work on /home/pedro/Documentos/airflow/venv/lib/python3.9/site-packages/airflow/example_dags/example_python_operator.py
[2025-05-09 14:55:24,203] {processor.py:641} INFO - Processing file /home/pedro/Documentos/airflow/venv/lib/python3.9/site-packages/airflow/example_dags/example_python_operator.py for tasks to queue
[2025-05-09 14:55:24,204] {logging_mixin.py:115} INFO - [2025-05-09 14:55:24,204] {dagbag.py:507} INFO - Filling up the DagBag from /home/pedro/Documentos/airflow/venv/lib/python3.9/site-packages/airflow/example_dags/example_python_operator.py
[2025-05-09 14:55:24,218] {logging_mixin.py:115} INFO - [2025-05-09 14:55:24,218] {example_python_operator.py:68} WARNING - The virtalenv_python example task requires virtualenv, please install it.
[2025-05-09 14:55:24,218] {processor.py:651} INFO - DAG(s) dict_keys(['example_python_operator']) retrieved from /home/pedro/Documentos/airflow/venv/lib/python3.9/site-packages/airflow/example_dags/example_python_operator.py
[2025-05-09 14:55:24,228] {logging_mixin.py:115} INFO - [2025-05-09 14:55:24,228] {dag.py:2379} INFO - Sync 1 DAGs
[2025-05-09 14:55:24,239] {logging_mixin.py:115} INFO - [2025-05-09 14:55:24,239] {dag.py:2927} INFO - Setting next_dagrun for example_python_operator to None, run_after=None
[2025-05-09 14:55:24,248] {processor.py:161} INFO - Processing /home/pedro/Documentos/airflow/venv/lib/python3.9/site-packages/airflow/example_dags/example_python_operator.py took 0.060 seconds
