[2025-05-09 14:34:12,919] {processor.py:153} INFO - Started process (PID=61913) to work on /home/pedro/Documentos/airflow/venv/lib/python3.9/site-packages/airflow/example_dags/example_complex.py
[2025-05-09 14:34:12,919] {processor.py:641} INFO - Processing file /home/pedro/Documentos/airflow/venv/lib/python3.9/site-packages/airflow/example_dags/example_complex.py for tasks to queue
[2025-05-09 14:34:12,919] {logging_mixin.py:115} INFO - [2025-05-09 14:34:12,919] {dagbag.py:507} INFO - Filling up the DagBag from /home/pedro/Documentos/airflow/venv/lib/python3.9/site-packages/airflow/example_dags/example_complex.py
[2025-05-09 14:34:12,926] {processor.py:651} INFO - DAG(s) dict_keys(['example_complex']) retrieved from /home/pedro/Documentos/airflow/venv/lib/python3.9/site-packages/airflow/example_dags/example_complex.py
[2025-05-09 14:34:12,975] {logging_mixin.py:115} INFO - [2025-05-09 14:34:12,975] {manager.py:508} INFO - Created Permission View: can delete on DAG:example_complex
[2025-05-09 14:34:12,984] {logging_mixin.py:115} INFO - [2025-05-09 14:34:12,984] {manager.py:508} INFO - Created Permission View: can read on DAG:example_complex
[2025-05-09 14:34:12,991] {logging_mixin.py:115} INFO - [2025-05-09 14:34:12,991] {manager.py:508} INFO - Created Permission View: can edit on DAG:example_complex
[2025-05-09 14:34:12,991] {logging_mixin.py:115} INFO - [2025-05-09 14:34:12,991] {dag.py:2379} INFO - Sync 1 DAGs
[2025-05-09 14:34:12,996] {logging_mixin.py:115} INFO - [2025-05-09 14:34:12,996] {dag.py:2398} INFO - Creating ORM DAG for example_complex
[2025-05-09 14:34:13,003] {logging_mixin.py:115} INFO - [2025-05-09 14:34:13,003] {dag.py:2927} INFO - Setting next_dagrun for example_complex to None, run_after=None
[2025-05-09 14:34:13,015] {processor.py:161} INFO - Processing /home/pedro/Documentos/airflow/venv/lib/python3.9/site-packages/airflow/example_dags/example_complex.py took 0.099 seconds
[2025-05-09 14:34:47,486] {processor.py:153} INFO - Started process (PID=62389) to work on /home/pedro/Documentos/airflow/venv/lib/python3.9/site-packages/airflow/example_dags/example_complex.py
[2025-05-09 14:34:47,499] {processor.py:641} INFO - Processing file /home/pedro/Documentos/airflow/venv/lib/python3.9/site-packages/airflow/example_dags/example_complex.py for tasks to queue
[2025-05-09 14:34:47,499] {logging_mixin.py:115} INFO - [2025-05-09 14:34:47,499] {dagbag.py:507} INFO - Filling up the DagBag from /home/pedro/Documentos/airflow/venv/lib/python3.9/site-packages/airflow/example_dags/example_complex.py
[2025-05-09 14:34:47,507] {processor.py:651} INFO - DAG(s) dict_keys(['example_complex']) retrieved from /home/pedro/Documentos/airflow/venv/lib/python3.9/site-packages/airflow/example_dags/example_complex.py
[2025-05-09 14:34:47,521] {logging_mixin.py:115} INFO - [2025-05-09 14:34:47,521] {dag.py:2379} INFO - Sync 1 DAGs
[2025-05-09 14:34:47,534] {logging_mixin.py:115} INFO - [2025-05-09 14:34:47,534] {dag.py:2927} INFO - Setting next_dagrun for example_complex to None, run_after=None
[2025-05-09 14:34:47,544] {processor.py:161} INFO - Processing /home/pedro/Documentos/airflow/venv/lib/python3.9/site-packages/airflow/example_dags/example_complex.py took 0.060 seconds
[2025-05-09 14:35:21,252] {processor.py:153} INFO - Started process (PID=62780) to work on /home/pedro/Documentos/airflow/venv/lib/python3.9/site-packages/airflow/example_dags/example_complex.py
[2025-05-09 14:35:21,264] {processor.py:641} INFO - Processing file /home/pedro/Documentos/airflow/venv/lib/python3.9/site-packages/airflow/example_dags/example_complex.py for tasks to queue
[2025-05-09 14:35:21,264] {logging_mixin.py:115} INFO - [2025-05-09 14:35:21,264] {dagbag.py:507} INFO - Filling up the DagBag from /home/pedro/Documentos/airflow/venv/lib/python3.9/site-packages/airflow/example_dags/example_complex.py
[2025-05-09 14:35:21,272] {processor.py:651} INFO - DAG(s) dict_keys(['example_complex']) retrieved from /home/pedro/Documentos/airflow/venv/lib/python3.9/site-packages/airflow/example_dags/example_complex.py
[2025-05-09 14:35:21,286] {logging_mixin.py:115} INFO - [2025-05-09 14:35:21,286] {dag.py:2379} INFO - Sync 1 DAGs
[2025-05-09 14:35:21,299] {logging_mixin.py:115} INFO - [2025-05-09 14:35:21,299] {dag.py:2927} INFO - Setting next_dagrun for example_complex to None, run_after=None
[2025-05-09 14:35:21,308] {processor.py:161} INFO - Processing /home/pedro/Documentos/airflow/venv/lib/python3.9/site-packages/airflow/example_dags/example_complex.py took 0.059 seconds
[2025-05-09 14:35:54,367] {processor.py:153} INFO - Started process (PID=63183) to work on /home/pedro/Documentos/airflow/venv/lib/python3.9/site-packages/airflow/example_dags/example_complex.py
[2025-05-09 14:35:54,379] {processor.py:641} INFO - Processing file /home/pedro/Documentos/airflow/venv/lib/python3.9/site-packages/airflow/example_dags/example_complex.py for tasks to queue
[2025-05-09 14:35:54,380] {logging_mixin.py:115} INFO - [2025-05-09 14:35:54,379] {dagbag.py:507} INFO - Filling up the DagBag from /home/pedro/Documentos/airflow/venv/lib/python3.9/site-packages/airflow/example_dags/example_complex.py
[2025-05-09 14:35:54,387] {processor.py:651} INFO - DAG(s) dict_keys(['example_complex']) retrieved from /home/pedro/Documentos/airflow/venv/lib/python3.9/site-packages/airflow/example_dags/example_complex.py
[2025-05-09 14:35:54,400] {logging_mixin.py:115} INFO - [2025-05-09 14:35:54,400] {dag.py:2379} INFO - Sync 1 DAGs
[2025-05-09 14:35:54,414] {logging_mixin.py:115} INFO - [2025-05-09 14:35:54,414] {dag.py:2927} INFO - Setting next_dagrun for example_complex to None, run_after=None
[2025-05-09 14:35:54,423] {processor.py:161} INFO - Processing /home/pedro/Documentos/airflow/venv/lib/python3.9/site-packages/airflow/example_dags/example_complex.py took 0.059 seconds
[2025-05-09 14:36:27,683] {processor.py:153} INFO - Started process (PID=63392) to work on /home/pedro/Documentos/airflow/venv/lib/python3.9/site-packages/airflow/example_dags/example_complex.py
[2025-05-09 14:36:27,695] {processor.py:641} INFO - Processing file /home/pedro/Documentos/airflow/venv/lib/python3.9/site-packages/airflow/example_dags/example_complex.py for tasks to queue
[2025-05-09 14:36:27,696] {logging_mixin.py:115} INFO - [2025-05-09 14:36:27,696] {dagbag.py:507} INFO - Filling up the DagBag from /home/pedro/Documentos/airflow/venv/lib/python3.9/site-packages/airflow/example_dags/example_complex.py
[2025-05-09 14:36:27,703] {processor.py:651} INFO - DAG(s) dict_keys(['example_complex']) retrieved from /home/pedro/Documentos/airflow/venv/lib/python3.9/site-packages/airflow/example_dags/example_complex.py
[2025-05-09 14:36:27,717] {logging_mixin.py:115} INFO - [2025-05-09 14:36:27,717] {dag.py:2379} INFO - Sync 1 DAGs
[2025-05-09 14:36:27,731] {logging_mixin.py:115} INFO - [2025-05-09 14:36:27,731] {dag.py:2927} INFO - Setting next_dagrun for example_complex to None, run_after=None
[2025-05-09 14:36:27,742] {processor.py:161} INFO - Processing /home/pedro/Documentos/airflow/venv/lib/python3.9/site-packages/airflow/example_dags/example_complex.py took 0.060 seconds
[2025-05-09 14:36:59,931] {processor.py:153} INFO - Started process (PID=63581) to work on /home/pedro/Documentos/airflow/venv/lib/python3.9/site-packages/airflow/example_dags/example_complex.py
[2025-05-09 14:36:59,943] {processor.py:641} INFO - Processing file /home/pedro/Documentos/airflow/venv/lib/python3.9/site-packages/airflow/example_dags/example_complex.py for tasks to queue
[2025-05-09 14:36:59,944] {logging_mixin.py:115} INFO - [2025-05-09 14:36:59,944] {dagbag.py:507} INFO - Filling up the DagBag from /home/pedro/Documentos/airflow/venv/lib/python3.9/site-packages/airflow/example_dags/example_complex.py
[2025-05-09 14:36:59,951] {processor.py:651} INFO - DAG(s) dict_keys(['example_complex']) retrieved from /home/pedro/Documentos/airflow/venv/lib/python3.9/site-packages/airflow/example_dags/example_complex.py
[2025-05-09 14:36:59,965] {logging_mixin.py:115} INFO - [2025-05-09 14:36:59,965] {dag.py:2379} INFO - Sync 1 DAGs
[2025-05-09 14:36:59,980] {logging_mixin.py:115} INFO - [2025-05-09 14:36:59,980] {dag.py:2927} INFO - Setting next_dagrun for example_complex to None, run_after=None
[2025-05-09 14:36:59,991] {processor.py:161} INFO - Processing /home/pedro/Documentos/airflow/venv/lib/python3.9/site-packages/airflow/example_dags/example_complex.py took 0.062 seconds
[2025-05-09 14:37:34,464] {processor.py:153} INFO - Started process (PID=64144) to work on /home/pedro/Documentos/airflow/venv/lib/python3.9/site-packages/airflow/example_dags/example_complex.py
[2025-05-09 14:37:34,477] {processor.py:641} INFO - Processing file /home/pedro/Documentos/airflow/venv/lib/python3.9/site-packages/airflow/example_dags/example_complex.py for tasks to queue
[2025-05-09 14:37:34,478] {logging_mixin.py:115} INFO - [2025-05-09 14:37:34,478] {dagbag.py:507} INFO - Filling up the DagBag from /home/pedro/Documentos/airflow/venv/lib/python3.9/site-packages/airflow/example_dags/example_complex.py
[2025-05-09 14:37:34,485] {processor.py:651} INFO - DAG(s) dict_keys(['example_complex']) retrieved from /home/pedro/Documentos/airflow/venv/lib/python3.9/site-packages/airflow/example_dags/example_complex.py
[2025-05-09 14:37:34,498] {logging_mixin.py:115} INFO - [2025-05-09 14:37:34,498] {dag.py:2379} INFO - Sync 1 DAGs
[2025-05-09 14:37:34,512] {logging_mixin.py:115} INFO - [2025-05-09 14:37:34,512] {dag.py:2927} INFO - Setting next_dagrun for example_complex to None, run_after=None
[2025-05-09 14:37:35,993] {processor.py:161} INFO - Processing /home/pedro/Documentos/airflow/venv/lib/python3.9/site-packages/airflow/example_dags/example_complex.py took 1.531 seconds
[2025-05-09 14:38:07,150] {processor.py:153} INFO - Started process (PID=64650) to work on /home/pedro/Documentos/airflow/venv/lib/python3.9/site-packages/airflow/example_dags/example_complex.py
[2025-05-09 14:38:07,163] {processor.py:641} INFO - Processing file /home/pedro/Documentos/airflow/venv/lib/python3.9/site-packages/airflow/example_dags/example_complex.py for tasks to queue
[2025-05-09 14:38:07,163] {logging_mixin.py:115} INFO - [2025-05-09 14:38:07,163] {dagbag.py:507} INFO - Filling up the DagBag from /home/pedro/Documentos/airflow/venv/lib/python3.9/site-packages/airflow/example_dags/example_complex.py
[2025-05-09 14:38:07,171] {processor.py:651} INFO - DAG(s) dict_keys(['example_complex']) retrieved from /home/pedro/Documentos/airflow/venv/lib/python3.9/site-packages/airflow/example_dags/example_complex.py
[2025-05-09 14:38:07,185] {logging_mixin.py:115} INFO - [2025-05-09 14:38:07,185] {dag.py:2379} INFO - Sync 1 DAGs
[2025-05-09 14:38:07,198] {logging_mixin.py:115} INFO - [2025-05-09 14:38:07,198] {dag.py:2927} INFO - Setting next_dagrun for example_complex to None, run_after=None
[2025-05-09 14:38:07,208] {processor.py:161} INFO - Processing /home/pedro/Documentos/airflow/venv/lib/python3.9/site-packages/airflow/example_dags/example_complex.py took 0.061 seconds
[2025-05-09 14:38:44,665] {processor.py:153} INFO - Started process (PID=65039) to work on /home/pedro/Documentos/airflow/venv/lib/python3.9/site-packages/airflow/example_dags/example_complex.py
[2025-05-09 14:38:44,672] {processor.py:641} INFO - Processing file /home/pedro/Documentos/airflow/venv/lib/python3.9/site-packages/airflow/example_dags/example_complex.py for tasks to queue
[2025-05-09 14:38:44,672] {logging_mixin.py:115} INFO - [2025-05-09 14:38:44,672] {dagbag.py:507} INFO - Filling up the DagBag from /home/pedro/Documentos/airflow/venv/lib/python3.9/site-packages/airflow/example_dags/example_complex.py
[2025-05-09 14:38:44,679] {processor.py:651} INFO - DAG(s) dict_keys(['example_complex']) retrieved from /home/pedro/Documentos/airflow/venv/lib/python3.9/site-packages/airflow/example_dags/example_complex.py
[2025-05-09 14:38:44,693] {logging_mixin.py:115} INFO - [2025-05-09 14:38:44,693] {dag.py:2379} INFO - Sync 1 DAGs
[2025-05-09 14:38:44,704] {logging_mixin.py:115} INFO - [2025-05-09 14:38:44,704] {dag.py:2927} INFO - Setting next_dagrun for example_complex to None, run_after=None
[2025-05-09 14:38:44,785] {processor.py:161} INFO - Processing /home/pedro/Documentos/airflow/venv/lib/python3.9/site-packages/airflow/example_dags/example_complex.py took 0.122 seconds
[2025-05-09 14:39:20,522] {processor.py:153} INFO - Started process (PID=65448) to work on /home/pedro/Documentos/airflow/venv/lib/python3.9/site-packages/airflow/example_dags/example_complex.py
[2025-05-09 14:39:20,534] {processor.py:641} INFO - Processing file /home/pedro/Documentos/airflow/venv/lib/python3.9/site-packages/airflow/example_dags/example_complex.py for tasks to queue
[2025-05-09 14:39:20,535] {logging_mixin.py:115} INFO - [2025-05-09 14:39:20,535] {dagbag.py:507} INFO - Filling up the DagBag from /home/pedro/Documentos/airflow/venv/lib/python3.9/site-packages/airflow/example_dags/example_complex.py
[2025-05-09 14:39:20,543] {processor.py:651} INFO - DAG(s) dict_keys(['example_complex']) retrieved from /home/pedro/Documentos/airflow/venv/lib/python3.9/site-packages/airflow/example_dags/example_complex.py
[2025-05-09 14:39:20,558] {logging_mixin.py:115} INFO - [2025-05-09 14:39:20,558] {dag.py:2379} INFO - Sync 1 DAGs
[2025-05-09 14:39:20,569] {logging_mixin.py:115} INFO - [2025-05-09 14:39:20,569] {dag.py:2927} INFO - Setting next_dagrun for example_complex to None, run_after=None
[2025-05-09 14:39:20,578] {processor.py:161} INFO - Processing /home/pedro/Documentos/airflow/venv/lib/python3.9/site-packages/airflow/example_dags/example_complex.py took 0.058 seconds
[2025-05-09 14:39:53,635] {processor.py:153} INFO - Started process (PID=65651) to work on /home/pedro/Documentos/airflow/venv/lib/python3.9/site-packages/airflow/example_dags/example_complex.py
[2025-05-09 14:39:53,647] {processor.py:641} INFO - Processing file /home/pedro/Documentos/airflow/venv/lib/python3.9/site-packages/airflow/example_dags/example_complex.py for tasks to queue
[2025-05-09 14:39:53,648] {logging_mixin.py:115} INFO - [2025-05-09 14:39:53,648] {dagbag.py:507} INFO - Filling up the DagBag from /home/pedro/Documentos/airflow/venv/lib/python3.9/site-packages/airflow/example_dags/example_complex.py
[2025-05-09 14:39:53,655] {processor.py:651} INFO - DAG(s) dict_keys(['example_complex']) retrieved from /home/pedro/Documentos/airflow/venv/lib/python3.9/site-packages/airflow/example_dags/example_complex.py
[2025-05-09 14:39:53,671] {logging_mixin.py:115} INFO - [2025-05-09 14:39:53,671] {dag.py:2379} INFO - Sync 1 DAGs
[2025-05-09 14:39:53,682] {logging_mixin.py:115} INFO - [2025-05-09 14:39:53,682] {dag.py:2927} INFO - Setting next_dagrun for example_complex to None, run_after=None
[2025-05-09 14:39:53,692] {processor.py:161} INFO - Processing /home/pedro/Documentos/airflow/venv/lib/python3.9/site-packages/airflow/example_dags/example_complex.py took 0.059 seconds
[2025-05-09 14:40:27,377] {processor.py:153} INFO - Started process (PID=65886) to work on /home/pedro/Documentos/airflow/venv/lib/python3.9/site-packages/airflow/example_dags/example_complex.py
[2025-05-09 14:40:27,389] {processor.py:641} INFO - Processing file /home/pedro/Documentos/airflow/venv/lib/python3.9/site-packages/airflow/example_dags/example_complex.py for tasks to queue
[2025-05-09 14:40:27,390] {logging_mixin.py:115} INFO - [2025-05-09 14:40:27,390] {dagbag.py:507} INFO - Filling up the DagBag from /home/pedro/Documentos/airflow/venv/lib/python3.9/site-packages/airflow/example_dags/example_complex.py
[2025-05-09 14:40:27,398] {processor.py:651} INFO - DAG(s) dict_keys(['example_complex']) retrieved from /home/pedro/Documentos/airflow/venv/lib/python3.9/site-packages/airflow/example_dags/example_complex.py
[2025-05-09 14:40:27,413] {logging_mixin.py:115} INFO - [2025-05-09 14:40:27,413] {dag.py:2379} INFO - Sync 1 DAGs
[2025-05-09 14:40:27,425] {logging_mixin.py:115} INFO - [2025-05-09 14:40:27,425] {dag.py:2927} INFO - Setting next_dagrun for example_complex to None, run_after=None
[2025-05-09 14:40:27,434] {processor.py:161} INFO - Processing /home/pedro/Documentos/airflow/venv/lib/python3.9/site-packages/airflow/example_dags/example_complex.py took 0.060 seconds
[2025-05-09 14:41:00,865] {processor.py:153} INFO - Started process (PID=66412) to work on /home/pedro/Documentos/airflow/venv/lib/python3.9/site-packages/airflow/example_dags/example_complex.py
[2025-05-09 14:41:00,877] {processor.py:641} INFO - Processing file /home/pedro/Documentos/airflow/venv/lib/python3.9/site-packages/airflow/example_dags/example_complex.py for tasks to queue
[2025-05-09 14:41:00,878] {logging_mixin.py:115} INFO - [2025-05-09 14:41:00,877] {dagbag.py:507} INFO - Filling up the DagBag from /home/pedro/Documentos/airflow/venv/lib/python3.9/site-packages/airflow/example_dags/example_complex.py
[2025-05-09 14:41:00,886] {processor.py:651} INFO - DAG(s) dict_keys(['example_complex']) retrieved from /home/pedro/Documentos/airflow/venv/lib/python3.9/site-packages/airflow/example_dags/example_complex.py
[2025-05-09 14:41:00,901] {logging_mixin.py:115} INFO - [2025-05-09 14:41:00,901] {dag.py:2379} INFO - Sync 1 DAGs
[2025-05-09 14:41:00,912] {logging_mixin.py:115} INFO - [2025-05-09 14:41:00,912] {dag.py:2927} INFO - Setting next_dagrun for example_complex to None, run_after=None
[2025-05-09 14:41:00,921] {processor.py:161} INFO - Processing /home/pedro/Documentos/airflow/venv/lib/python3.9/site-packages/airflow/example_dags/example_complex.py took 0.059 seconds
[2025-05-09 14:41:36,466] {processor.py:153} INFO - Started process (PID=66845) to work on /home/pedro/Documentos/airflow/venv/lib/python3.9/site-packages/airflow/example_dags/example_complex.py
[2025-05-09 14:41:36,478] {processor.py:641} INFO - Processing file /home/pedro/Documentos/airflow/venv/lib/python3.9/site-packages/airflow/example_dags/example_complex.py for tasks to queue
[2025-05-09 14:41:36,478] {logging_mixin.py:115} INFO - [2025-05-09 14:41:36,478] {dagbag.py:507} INFO - Filling up the DagBag from /home/pedro/Documentos/airflow/venv/lib/python3.9/site-packages/airflow/example_dags/example_complex.py
[2025-05-09 14:41:36,487] {processor.py:651} INFO - DAG(s) dict_keys(['example_complex']) retrieved from /home/pedro/Documentos/airflow/venv/lib/python3.9/site-packages/airflow/example_dags/example_complex.py
[2025-05-09 14:41:36,502] {logging_mixin.py:115} INFO - [2025-05-09 14:41:36,502] {dag.py:2379} INFO - Sync 1 DAGs
[2025-05-09 14:41:36,513] {logging_mixin.py:115} INFO - [2025-05-09 14:41:36,513] {dag.py:2927} INFO - Setting next_dagrun for example_complex to None, run_after=None
[2025-05-09 14:41:36,524] {processor.py:161} INFO - Processing /home/pedro/Documentos/airflow/venv/lib/python3.9/site-packages/airflow/example_dags/example_complex.py took 0.060 seconds
[2025-05-09 14:42:12,820] {processor.py:153} INFO - Started process (PID=67068) to work on /home/pedro/Documentos/airflow/venv/lib/python3.9/site-packages/airflow/example_dags/example_complex.py
[2025-05-09 14:42:12,833] {processor.py:641} INFO - Processing file /home/pedro/Documentos/airflow/venv/lib/python3.9/site-packages/airflow/example_dags/example_complex.py for tasks to queue
[2025-05-09 14:42:12,833] {logging_mixin.py:115} INFO - [2025-05-09 14:42:12,833] {dagbag.py:507} INFO - Filling up the DagBag from /home/pedro/Documentos/airflow/venv/lib/python3.9/site-packages/airflow/example_dags/example_complex.py
[2025-05-09 14:42:12,842] {processor.py:651} INFO - DAG(s) dict_keys(['example_complex']) retrieved from /home/pedro/Documentos/airflow/venv/lib/python3.9/site-packages/airflow/example_dags/example_complex.py
[2025-05-09 14:42:12,857] {logging_mixin.py:115} INFO - [2025-05-09 14:42:12,857] {dag.py:2379} INFO - Sync 1 DAGs
[2025-05-09 14:42:12,868] {logging_mixin.py:115} INFO - [2025-05-09 14:42:12,868] {dag.py:2927} INFO - Setting next_dagrun for example_complex to None, run_after=None
[2025-05-09 14:42:12,877] {processor.py:161} INFO - Processing /home/pedro/Documentos/airflow/venv/lib/python3.9/site-packages/airflow/example_dags/example_complex.py took 0.059 seconds
[2025-05-09 14:42:47,889] {processor.py:153} INFO - Started process (PID=67277) to work on /home/pedro/Documentos/airflow/venv/lib/python3.9/site-packages/airflow/example_dags/example_complex.py
[2025-05-09 14:42:47,901] {processor.py:641} INFO - Processing file /home/pedro/Documentos/airflow/venv/lib/python3.9/site-packages/airflow/example_dags/example_complex.py for tasks to queue
[2025-05-09 14:42:47,902] {logging_mixin.py:115} INFO - [2025-05-09 14:42:47,902] {dagbag.py:507} INFO - Filling up the DagBag from /home/pedro/Documentos/airflow/venv/lib/python3.9/site-packages/airflow/example_dags/example_complex.py
[2025-05-09 14:42:47,910] {processor.py:651} INFO - DAG(s) dict_keys(['example_complex']) retrieved from /home/pedro/Documentos/airflow/venv/lib/python3.9/site-packages/airflow/example_dags/example_complex.py
[2025-05-09 14:42:47,924] {logging_mixin.py:115} INFO - [2025-05-09 14:42:47,924] {dag.py:2379} INFO - Sync 1 DAGs
[2025-05-09 14:42:47,935] {logging_mixin.py:115} INFO - [2025-05-09 14:42:47,934] {dag.py:2927} INFO - Setting next_dagrun for example_complex to None, run_after=None
[2025-05-09 14:42:47,945] {processor.py:161} INFO - Processing /home/pedro/Documentos/airflow/venv/lib/python3.9/site-packages/airflow/example_dags/example_complex.py took 0.058 seconds
[2025-05-09 14:43:23,346] {processor.py:153} INFO - Started process (PID=67523) to work on /home/pedro/Documentos/airflow/venv/lib/python3.9/site-packages/airflow/example_dags/example_complex.py
[2025-05-09 14:43:23,359] {processor.py:641} INFO - Processing file /home/pedro/Documentos/airflow/venv/lib/python3.9/site-packages/airflow/example_dags/example_complex.py for tasks to queue
[2025-05-09 14:43:23,359] {logging_mixin.py:115} INFO - [2025-05-09 14:43:23,359] {dagbag.py:507} INFO - Filling up the DagBag from /home/pedro/Documentos/airflow/venv/lib/python3.9/site-packages/airflow/example_dags/example_complex.py
[2025-05-09 14:43:23,367] {processor.py:651} INFO - DAG(s) dict_keys(['example_complex']) retrieved from /home/pedro/Documentos/airflow/venv/lib/python3.9/site-packages/airflow/example_dags/example_complex.py
[2025-05-09 14:43:23,383] {logging_mixin.py:115} INFO - [2025-05-09 14:43:23,383] {dag.py:2379} INFO - Sync 1 DAGs
[2025-05-09 14:43:23,394] {logging_mixin.py:115} INFO - [2025-05-09 14:43:23,394] {dag.py:2927} INFO - Setting next_dagrun for example_complex to None, run_after=None
[2025-05-09 14:43:23,404] {processor.py:161} INFO - Processing /home/pedro/Documentos/airflow/venv/lib/python3.9/site-packages/airflow/example_dags/example_complex.py took 0.059 seconds
[2025-05-09 14:44:00,836] {processor.py:153} INFO - Started process (PID=68203) to work on /home/pedro/Documentos/airflow/venv/lib/python3.9/site-packages/airflow/example_dags/example_complex.py
[2025-05-09 14:44:00,848] {processor.py:641} INFO - Processing file /home/pedro/Documentos/airflow/venv/lib/python3.9/site-packages/airflow/example_dags/example_complex.py for tasks to queue
[2025-05-09 14:44:00,849] {logging_mixin.py:115} INFO - [2025-05-09 14:44:00,849] {dagbag.py:507} INFO - Filling up the DagBag from /home/pedro/Documentos/airflow/venv/lib/python3.9/site-packages/airflow/example_dags/example_complex.py
[2025-05-09 14:44:00,857] {processor.py:651} INFO - DAG(s) dict_keys(['example_complex']) retrieved from /home/pedro/Documentos/airflow/venv/lib/python3.9/site-packages/airflow/example_dags/example_complex.py
[2025-05-09 14:44:00,872] {logging_mixin.py:115} INFO - [2025-05-09 14:44:00,872] {dag.py:2379} INFO - Sync 1 DAGs
[2025-05-09 14:44:00,884] {logging_mixin.py:115} INFO - [2025-05-09 14:44:00,884] {dag.py:2927} INFO - Setting next_dagrun for example_complex to None, run_after=None
[2025-05-09 14:44:00,893] {processor.py:161} INFO - Processing /home/pedro/Documentos/airflow/venv/lib/python3.9/site-packages/airflow/example_dags/example_complex.py took 0.059 seconds
[2025-05-09 14:44:33,821] {processor.py:153} INFO - Started process (PID=68400) to work on /home/pedro/Documentos/airflow/venv/lib/python3.9/site-packages/airflow/example_dags/example_complex.py
[2025-05-09 14:44:33,833] {processor.py:641} INFO - Processing file /home/pedro/Documentos/airflow/venv/lib/python3.9/site-packages/airflow/example_dags/example_complex.py for tasks to queue
[2025-05-09 14:44:33,834] {logging_mixin.py:115} INFO - [2025-05-09 14:44:33,834] {dagbag.py:507} INFO - Filling up the DagBag from /home/pedro/Documentos/airflow/venv/lib/python3.9/site-packages/airflow/example_dags/example_complex.py
[2025-05-09 14:44:33,841] {processor.py:651} INFO - DAG(s) dict_keys(['example_complex']) retrieved from /home/pedro/Documentos/airflow/venv/lib/python3.9/site-packages/airflow/example_dags/example_complex.py
[2025-05-09 14:44:33,856] {logging_mixin.py:115} INFO - [2025-05-09 14:44:33,856] {dag.py:2379} INFO - Sync 1 DAGs
[2025-05-09 14:44:33,868] {logging_mixin.py:115} INFO - [2025-05-09 14:44:33,868] {dag.py:2927} INFO - Setting next_dagrun for example_complex to None, run_after=None
[2025-05-09 14:44:33,877] {processor.py:161} INFO - Processing /home/pedro/Documentos/airflow/venv/lib/python3.9/site-packages/airflow/example_dags/example_complex.py took 0.058 seconds
[2025-05-09 14:45:11,270] {processor.py:153} INFO - Started process (PID=68648) to work on /home/pedro/Documentos/airflow/venv/lib/python3.9/site-packages/airflow/example_dags/example_complex.py
[2025-05-09 14:45:11,282] {processor.py:641} INFO - Processing file /home/pedro/Documentos/airflow/venv/lib/python3.9/site-packages/airflow/example_dags/example_complex.py for tasks to queue
[2025-05-09 14:45:11,282] {logging_mixin.py:115} INFO - [2025-05-09 14:45:11,282] {dagbag.py:507} INFO - Filling up the DagBag from /home/pedro/Documentos/airflow/venv/lib/python3.9/site-packages/airflow/example_dags/example_complex.py
[2025-05-09 14:45:11,290] {processor.py:651} INFO - DAG(s) dict_keys(['example_complex']) retrieved from /home/pedro/Documentos/airflow/venv/lib/python3.9/site-packages/airflow/example_dags/example_complex.py
[2025-05-09 14:45:11,305] {logging_mixin.py:115} INFO - [2025-05-09 14:45:11,305] {dag.py:2379} INFO - Sync 1 DAGs
[2025-05-09 14:45:11,320] {logging_mixin.py:115} INFO - [2025-05-09 14:45:11,320] {dag.py:2927} INFO - Setting next_dagrun for example_complex to None, run_after=None
[2025-05-09 14:45:11,329] {processor.py:161} INFO - Processing /home/pedro/Documentos/airflow/venv/lib/python3.9/site-packages/airflow/example_dags/example_complex.py took 0.062 seconds
[2025-05-09 14:45:46,021] {processor.py:153} INFO - Started process (PID=68857) to work on /home/pedro/Documentos/airflow/venv/lib/python3.9/site-packages/airflow/example_dags/example_complex.py
[2025-05-09 14:45:46,033] {processor.py:641} INFO - Processing file /home/pedro/Documentos/airflow/venv/lib/python3.9/site-packages/airflow/example_dags/example_complex.py for tasks to queue
[2025-05-09 14:45:46,034] {logging_mixin.py:115} INFO - [2025-05-09 14:45:46,034] {dagbag.py:507} INFO - Filling up the DagBag from /home/pedro/Documentos/airflow/venv/lib/python3.9/site-packages/airflow/example_dags/example_complex.py
[2025-05-09 14:45:46,041] {processor.py:651} INFO - DAG(s) dict_keys(['example_complex']) retrieved from /home/pedro/Documentos/airflow/venv/lib/python3.9/site-packages/airflow/example_dags/example_complex.py
[2025-05-09 14:45:46,056] {logging_mixin.py:115} INFO - [2025-05-09 14:45:46,056] {dag.py:2379} INFO - Sync 1 DAGs
[2025-05-09 14:45:46,067] {logging_mixin.py:115} INFO - [2025-05-09 14:45:46,067] {dag.py:2927} INFO - Setting next_dagrun for example_complex to None, run_after=None
[2025-05-09 14:45:46,076] {processor.py:161} INFO - Processing /home/pedro/Documentos/airflow/venv/lib/python3.9/site-packages/airflow/example_dags/example_complex.py took 0.057 seconds
[2025-05-09 14:46:22,683] {processor.py:153} INFO - Started process (PID=69082) to work on /home/pedro/Documentos/airflow/venv/lib/python3.9/site-packages/airflow/example_dags/example_complex.py
[2025-05-09 14:46:22,695] {processor.py:641} INFO - Processing file /home/pedro/Documentos/airflow/venv/lib/python3.9/site-packages/airflow/example_dags/example_complex.py for tasks to queue
[2025-05-09 14:46:22,695] {logging_mixin.py:115} INFO - [2025-05-09 14:46:22,695] {dagbag.py:507} INFO - Filling up the DagBag from /home/pedro/Documentos/airflow/venv/lib/python3.9/site-packages/airflow/example_dags/example_complex.py
[2025-05-09 14:46:22,703] {processor.py:651} INFO - DAG(s) dict_keys(['example_complex']) retrieved from /home/pedro/Documentos/airflow/venv/lib/python3.9/site-packages/airflow/example_dags/example_complex.py
[2025-05-09 14:46:22,719] {logging_mixin.py:115} INFO - [2025-05-09 14:46:22,719] {dag.py:2379} INFO - Sync 1 DAGs
[2025-05-09 14:46:22,731] {logging_mixin.py:115} INFO - [2025-05-09 14:46:22,731] {dag.py:2927} INFO - Setting next_dagrun for example_complex to None, run_after=None
[2025-05-09 14:46:22,740] {processor.py:161} INFO - Processing /home/pedro/Documentos/airflow/venv/lib/python3.9/site-packages/airflow/example_dags/example_complex.py took 0.059 seconds
[2025-05-09 14:46:56,470] {processor.py:153} INFO - Started process (PID=69585) to work on /home/pedro/Documentos/airflow/venv/lib/python3.9/site-packages/airflow/example_dags/example_complex.py
[2025-05-09 14:46:56,483] {processor.py:641} INFO - Processing file /home/pedro/Documentos/airflow/venv/lib/python3.9/site-packages/airflow/example_dags/example_complex.py for tasks to queue
[2025-05-09 14:46:56,483] {logging_mixin.py:115} INFO - [2025-05-09 14:46:56,483] {dagbag.py:507} INFO - Filling up the DagBag from /home/pedro/Documentos/airflow/venv/lib/python3.9/site-packages/airflow/example_dags/example_complex.py
[2025-05-09 14:46:56,491] {processor.py:651} INFO - DAG(s) dict_keys(['example_complex']) retrieved from /home/pedro/Documentos/airflow/venv/lib/python3.9/site-packages/airflow/example_dags/example_complex.py
[2025-05-09 14:46:56,507] {logging_mixin.py:115} INFO - [2025-05-09 14:46:56,507] {dag.py:2379} INFO - Sync 1 DAGs
[2025-05-09 14:46:56,520] {logging_mixin.py:115} INFO - [2025-05-09 14:46:56,520] {dag.py:2927} INFO - Setting next_dagrun for example_complex to None, run_after=None
[2025-05-09 14:46:56,532] {processor.py:161} INFO - Processing /home/pedro/Documentos/airflow/venv/lib/python3.9/site-packages/airflow/example_dags/example_complex.py took 0.064 seconds
[2025-05-09 14:47:32,832] {processor.py:153} INFO - Started process (PID=69954) to work on /home/pedro/Documentos/airflow/venv/lib/python3.9/site-packages/airflow/example_dags/example_complex.py
[2025-05-09 14:47:32,845] {processor.py:641} INFO - Processing file /home/pedro/Documentos/airflow/venv/lib/python3.9/site-packages/airflow/example_dags/example_complex.py for tasks to queue
[2025-05-09 14:47:32,845] {logging_mixin.py:115} INFO - [2025-05-09 14:47:32,845] {dagbag.py:507} INFO - Filling up the DagBag from /home/pedro/Documentos/airflow/venv/lib/python3.9/site-packages/airflow/example_dags/example_complex.py
[2025-05-09 14:47:32,852] {processor.py:651} INFO - DAG(s) dict_keys(['example_complex']) retrieved from /home/pedro/Documentos/airflow/venv/lib/python3.9/site-packages/airflow/example_dags/example_complex.py
[2025-05-09 14:47:32,868] {logging_mixin.py:115} INFO - [2025-05-09 14:47:32,868] {dag.py:2379} INFO - Sync 1 DAGs
[2025-05-09 14:47:32,881] {logging_mixin.py:115} INFO - [2025-05-09 14:47:32,880] {dag.py:2927} INFO - Setting next_dagrun for example_complex to None, run_after=None
[2025-05-09 14:47:32,890] {processor.py:161} INFO - Processing /home/pedro/Documentos/airflow/venv/lib/python3.9/site-packages/airflow/example_dags/example_complex.py took 0.060 seconds
[2025-05-09 14:48:09,837] {processor.py:153} INFO - Started process (PID=70189) to work on /home/pedro/Documentos/airflow/venv/lib/python3.9/site-packages/airflow/example_dags/example_complex.py
[2025-05-09 14:48:09,849] {processor.py:641} INFO - Processing file /home/pedro/Documentos/airflow/venv/lib/python3.9/site-packages/airflow/example_dags/example_complex.py for tasks to queue
[2025-05-09 14:48:09,850] {logging_mixin.py:115} INFO - [2025-05-09 14:48:09,850] {dagbag.py:507} INFO - Filling up the DagBag from /home/pedro/Documentos/airflow/venv/lib/python3.9/site-packages/airflow/example_dags/example_complex.py
[2025-05-09 14:48:09,857] {processor.py:651} INFO - DAG(s) dict_keys(['example_complex']) retrieved from /home/pedro/Documentos/airflow/venv/lib/python3.9/site-packages/airflow/example_dags/example_complex.py
[2025-05-09 14:48:09,872] {logging_mixin.py:115} INFO - [2025-05-09 14:48:09,872] {dag.py:2379} INFO - Sync 1 DAGs
[2025-05-09 14:48:09,883] {logging_mixin.py:115} INFO - [2025-05-09 14:48:09,883] {dag.py:2927} INFO - Setting next_dagrun for example_complex to None, run_after=None
[2025-05-09 14:48:09,893] {processor.py:161} INFO - Processing /home/pedro/Documentos/airflow/venv/lib/python3.9/site-packages/airflow/example_dags/example_complex.py took 0.058 seconds
[2025-05-09 14:48:42,942] {processor.py:153} INFO - Started process (PID=70450) to work on /home/pedro/Documentos/airflow/venv/lib/python3.9/site-packages/airflow/example_dags/example_complex.py
[2025-05-09 14:48:42,955] {processor.py:641} INFO - Processing file /home/pedro/Documentos/airflow/venv/lib/python3.9/site-packages/airflow/example_dags/example_complex.py for tasks to queue
[2025-05-09 14:48:42,955] {logging_mixin.py:115} INFO - [2025-05-09 14:48:42,955] {dagbag.py:507} INFO - Filling up the DagBag from /home/pedro/Documentos/airflow/venv/lib/python3.9/site-packages/airflow/example_dags/example_complex.py
[2025-05-09 14:48:42,965] {processor.py:651} INFO - DAG(s) dict_keys(['example_complex']) retrieved from /home/pedro/Documentos/airflow/venv/lib/python3.9/site-packages/airflow/example_dags/example_complex.py
[2025-05-09 14:48:42,981] {logging_mixin.py:115} INFO - [2025-05-09 14:48:42,980] {dag.py:2379} INFO - Sync 1 DAGs
[2025-05-09 14:48:42,992] {logging_mixin.py:115} INFO - [2025-05-09 14:48:42,992] {dag.py:2927} INFO - Setting next_dagrun for example_complex to None, run_after=None
[2025-05-09 14:48:43,002] {processor.py:161} INFO - Processing /home/pedro/Documentos/airflow/venv/lib/python3.9/site-packages/airflow/example_dags/example_complex.py took 0.062 seconds
[2025-05-09 14:49:16,676] {processor.py:153} INFO - Started process (PID=70693) to work on /home/pedro/Documentos/airflow/venv/lib/python3.9/site-packages/airflow/example_dags/example_complex.py
[2025-05-09 14:49:16,688] {processor.py:641} INFO - Processing file /home/pedro/Documentos/airflow/venv/lib/python3.9/site-packages/airflow/example_dags/example_complex.py for tasks to queue
[2025-05-09 14:49:16,689] {logging_mixin.py:115} INFO - [2025-05-09 14:49:16,689] {dagbag.py:507} INFO - Filling up the DagBag from /home/pedro/Documentos/airflow/venv/lib/python3.9/site-packages/airflow/example_dags/example_complex.py
[2025-05-09 14:49:16,697] {processor.py:651} INFO - DAG(s) dict_keys(['example_complex']) retrieved from /home/pedro/Documentos/airflow/venv/lib/python3.9/site-packages/airflow/example_dags/example_complex.py
[2025-05-09 14:49:16,713] {logging_mixin.py:115} INFO - [2025-05-09 14:49:16,713] {dag.py:2379} INFO - Sync 1 DAGs
[2025-05-09 14:49:16,723] {logging_mixin.py:115} INFO - [2025-05-09 14:49:16,723] {dag.py:2927} INFO - Setting next_dagrun for example_complex to None, run_after=None
[2025-05-09 14:49:16,733] {processor.py:161} INFO - Processing /home/pedro/Documentos/airflow/venv/lib/python3.9/site-packages/airflow/example_dags/example_complex.py took 0.059 seconds
[2025-05-09 14:49:52,657] {processor.py:153} INFO - Started process (PID=70934) to work on /home/pedro/Documentos/airflow/venv/lib/python3.9/site-packages/airflow/example_dags/example_complex.py
[2025-05-09 14:49:52,657] {processor.py:641} INFO - Processing file /home/pedro/Documentos/airflow/venv/lib/python3.9/site-packages/airflow/example_dags/example_complex.py for tasks to queue
[2025-05-09 14:49:52,658] {logging_mixin.py:115} INFO - [2025-05-09 14:49:52,657] {dagbag.py:507} INFO - Filling up the DagBag from /home/pedro/Documentos/airflow/venv/lib/python3.9/site-packages/airflow/example_dags/example_complex.py
[2025-05-09 14:49:52,665] {processor.py:651} INFO - DAG(s) dict_keys(['example_complex']) retrieved from /home/pedro/Documentos/airflow/venv/lib/python3.9/site-packages/airflow/example_dags/example_complex.py
[2025-05-09 14:49:52,680] {logging_mixin.py:115} INFO - [2025-05-09 14:49:52,680] {dag.py:2379} INFO - Sync 1 DAGs
[2025-05-09 14:49:52,691] {logging_mixin.py:115} INFO - [2025-05-09 14:49:52,691] {dag.py:2927} INFO - Setting next_dagrun for example_complex to None, run_after=None
[2025-05-09 14:49:52,700] {processor.py:161} INFO - Processing /home/pedro/Documentos/airflow/venv/lib/python3.9/site-packages/airflow/example_dags/example_complex.py took 0.045 seconds
[2025-05-09 14:50:28,582] {processor.py:153} INFO - Started process (PID=71227) to work on /home/pedro/Documentos/airflow/venv/lib/python3.9/site-packages/airflow/example_dags/example_complex.py
[2025-05-09 14:50:28,594] {processor.py:641} INFO - Processing file /home/pedro/Documentos/airflow/venv/lib/python3.9/site-packages/airflow/example_dags/example_complex.py for tasks to queue
[2025-05-09 14:50:28,595] {logging_mixin.py:115} INFO - [2025-05-09 14:50:28,595] {dagbag.py:507} INFO - Filling up the DagBag from /home/pedro/Documentos/airflow/venv/lib/python3.9/site-packages/airflow/example_dags/example_complex.py
[2025-05-09 14:50:28,602] {processor.py:651} INFO - DAG(s) dict_keys(['example_complex']) retrieved from /home/pedro/Documentos/airflow/venv/lib/python3.9/site-packages/airflow/example_dags/example_complex.py
[2025-05-09 14:50:28,618] {logging_mixin.py:115} INFO - [2025-05-09 14:50:28,618] {dag.py:2379} INFO - Sync 1 DAGs
[2025-05-09 14:50:28,630] {logging_mixin.py:115} INFO - [2025-05-09 14:50:28,630] {dag.py:2927} INFO - Setting next_dagrun for example_complex to None, run_after=None
[2025-05-09 14:50:28,640] {processor.py:161} INFO - Processing /home/pedro/Documentos/airflow/venv/lib/python3.9/site-packages/airflow/example_dags/example_complex.py took 0.060 seconds
[2025-05-09 14:51:07,101] {processor.py:153} INFO - Started process (PID=71463) to work on /home/pedro/Documentos/airflow/venv/lib/python3.9/site-packages/airflow/example_dags/example_complex.py
[2025-05-09 14:51:07,113] {processor.py:641} INFO - Processing file /home/pedro/Documentos/airflow/venv/lib/python3.9/site-packages/airflow/example_dags/example_complex.py for tasks to queue
[2025-05-09 14:51:07,114] {logging_mixin.py:115} INFO - [2025-05-09 14:51:07,113] {dagbag.py:507} INFO - Filling up the DagBag from /home/pedro/Documentos/airflow/venv/lib/python3.9/site-packages/airflow/example_dags/example_complex.py
[2025-05-09 14:51:07,121] {processor.py:651} INFO - DAG(s) dict_keys(['example_complex']) retrieved from /home/pedro/Documentos/airflow/venv/lib/python3.9/site-packages/airflow/example_dags/example_complex.py
[2025-05-09 14:51:07,137] {logging_mixin.py:115} INFO - [2025-05-09 14:51:07,136] {dag.py:2379} INFO - Sync 1 DAGs
[2025-05-09 14:51:07,149] {logging_mixin.py:115} INFO - [2025-05-09 14:51:07,149] {dag.py:2927} INFO - Setting next_dagrun for example_complex to None, run_after=None
[2025-05-09 14:51:07,159] {processor.py:161} INFO - Processing /home/pedro/Documentos/airflow/venv/lib/python3.9/site-packages/airflow/example_dags/example_complex.py took 0.060 seconds
[2025-05-09 14:51:40,739] {processor.py:153} INFO - Started process (PID=71753) to work on /home/pedro/Documentos/airflow/venv/lib/python3.9/site-packages/airflow/example_dags/example_complex.py
[2025-05-09 14:51:40,752] {processor.py:641} INFO - Processing file /home/pedro/Documentos/airflow/venv/lib/python3.9/site-packages/airflow/example_dags/example_complex.py for tasks to queue
[2025-05-09 14:51:40,752] {logging_mixin.py:115} INFO - [2025-05-09 14:51:40,752] {dagbag.py:507} INFO - Filling up the DagBag from /home/pedro/Documentos/airflow/venv/lib/python3.9/site-packages/airflow/example_dags/example_complex.py
[2025-05-09 14:51:40,763] {processor.py:651} INFO - DAG(s) dict_keys(['example_complex']) retrieved from /home/pedro/Documentos/airflow/venv/lib/python3.9/site-packages/airflow/example_dags/example_complex.py
[2025-05-09 14:51:40,780] {logging_mixin.py:115} INFO - [2025-05-09 14:51:40,780] {dag.py:2379} INFO - Sync 1 DAGs
[2025-05-09 14:51:40,792] {logging_mixin.py:115} INFO - [2025-05-09 14:51:40,792] {dag.py:2927} INFO - Setting next_dagrun for example_complex to None, run_after=None
[2025-05-09 14:51:40,803] {processor.py:161} INFO - Processing /home/pedro/Documentos/airflow/venv/lib/python3.9/site-packages/airflow/example_dags/example_complex.py took 0.065 seconds
[2025-05-09 14:52:16,734] {processor.py:153} INFO - Started process (PID=72332) to work on /home/pedro/Documentos/airflow/venv/lib/python3.9/site-packages/airflow/example_dags/example_complex.py
[2025-05-09 14:52:16,746] {processor.py:641} INFO - Processing file /home/pedro/Documentos/airflow/venv/lib/python3.9/site-packages/airflow/example_dags/example_complex.py for tasks to queue
[2025-05-09 14:52:16,747] {logging_mixin.py:115} INFO - [2025-05-09 14:52:16,747] {dagbag.py:507} INFO - Filling up the DagBag from /home/pedro/Documentos/airflow/venv/lib/python3.9/site-packages/airflow/example_dags/example_complex.py
[2025-05-09 14:52:16,755] {processor.py:651} INFO - DAG(s) dict_keys(['example_complex']) retrieved from /home/pedro/Documentos/airflow/venv/lib/python3.9/site-packages/airflow/example_dags/example_complex.py
[2025-05-09 14:52:16,772] {logging_mixin.py:115} INFO - [2025-05-09 14:52:16,772] {dag.py:2379} INFO - Sync 1 DAGs
[2025-05-09 14:52:16,785] {logging_mixin.py:115} INFO - [2025-05-09 14:52:16,785] {dag.py:2927} INFO - Setting next_dagrun for example_complex to None, run_after=None
[2025-05-09 14:52:16,797] {processor.py:161} INFO - Processing /home/pedro/Documentos/airflow/venv/lib/python3.9/site-packages/airflow/example_dags/example_complex.py took 0.065 seconds
[2025-05-09 14:52:49,918] {processor.py:153} INFO - Started process (PID=72540) to work on /home/pedro/Documentos/airflow/venv/lib/python3.9/site-packages/airflow/example_dags/example_complex.py
[2025-05-09 14:52:49,930] {processor.py:641} INFO - Processing file /home/pedro/Documentos/airflow/venv/lib/python3.9/site-packages/airflow/example_dags/example_complex.py for tasks to queue
[2025-05-09 14:52:49,931] {logging_mixin.py:115} INFO - [2025-05-09 14:52:49,931] {dagbag.py:507} INFO - Filling up the DagBag from /home/pedro/Documentos/airflow/venv/lib/python3.9/site-packages/airflow/example_dags/example_complex.py
[2025-05-09 14:52:49,939] {processor.py:651} INFO - DAG(s) dict_keys(['example_complex']) retrieved from /home/pedro/Documentos/airflow/venv/lib/python3.9/site-packages/airflow/example_dags/example_complex.py
[2025-05-09 14:52:49,955] {logging_mixin.py:115} INFO - [2025-05-09 14:52:49,954] {dag.py:2379} INFO - Sync 1 DAGs
[2025-05-09 14:52:49,966] {logging_mixin.py:115} INFO - [2025-05-09 14:52:49,966] {dag.py:2927} INFO - Setting next_dagrun for example_complex to None, run_after=None
[2025-05-09 14:52:49,976] {processor.py:161} INFO - Processing /home/pedro/Documentos/airflow/venv/lib/python3.9/site-packages/airflow/example_dags/example_complex.py took 0.060 seconds
[2025-05-09 14:53:24,428] {processor.py:153} INFO - Started process (PID=72974) to work on /home/pedro/Documentos/airflow/venv/lib/python3.9/site-packages/airflow/example_dags/example_complex.py
[2025-05-09 14:53:24,440] {processor.py:641} INFO - Processing file /home/pedro/Documentos/airflow/venv/lib/python3.9/site-packages/airflow/example_dags/example_complex.py for tasks to queue
[2025-05-09 14:53:24,441] {logging_mixin.py:115} INFO - [2025-05-09 14:53:24,441] {dagbag.py:507} INFO - Filling up the DagBag from /home/pedro/Documentos/airflow/venv/lib/python3.9/site-packages/airflow/example_dags/example_complex.py
[2025-05-09 14:53:24,449] {processor.py:651} INFO - DAG(s) dict_keys(['example_complex']) retrieved from /home/pedro/Documentos/airflow/venv/lib/python3.9/site-packages/airflow/example_dags/example_complex.py
[2025-05-09 14:53:24,466] {logging_mixin.py:115} INFO - [2025-05-09 14:53:24,466] {dag.py:2379} INFO - Sync 1 DAGs
[2025-05-09 14:53:24,477] {logging_mixin.py:115} INFO - [2025-05-09 14:53:24,477] {dag.py:2927} INFO - Setting next_dagrun for example_complex to None, run_after=None
[2025-05-09 14:53:24,489] {processor.py:161} INFO - Processing /home/pedro/Documentos/airflow/venv/lib/python3.9/site-packages/airflow/example_dags/example_complex.py took 0.063 seconds
[2025-05-09 14:53:58,295] {processor.py:153} INFO - Started process (PID=74081) to work on /home/pedro/Documentos/airflow/venv/lib/python3.9/site-packages/airflow/example_dags/example_complex.py
[2025-05-09 14:53:58,307] {processor.py:641} INFO - Processing file /home/pedro/Documentos/airflow/venv/lib/python3.9/site-packages/airflow/example_dags/example_complex.py for tasks to queue
[2025-05-09 14:53:58,308] {logging_mixin.py:115} INFO - [2025-05-09 14:53:58,308] {dagbag.py:507} INFO - Filling up the DagBag from /home/pedro/Documentos/airflow/venv/lib/python3.9/site-packages/airflow/example_dags/example_complex.py
[2025-05-09 14:53:58,317] {processor.py:651} INFO - DAG(s) dict_keys(['example_complex']) retrieved from /home/pedro/Documentos/airflow/venv/lib/python3.9/site-packages/airflow/example_dags/example_complex.py
[2025-05-09 14:53:58,331] {logging_mixin.py:115} INFO - [2025-05-09 14:53:58,330] {dag.py:2379} INFO - Sync 1 DAGs
[2025-05-09 14:53:58,343] {logging_mixin.py:115} INFO - [2025-05-09 14:53:58,343] {dag.py:2927} INFO - Setting next_dagrun for example_complex to None, run_after=None
[2025-05-09 14:53:58,352] {processor.py:161} INFO - Processing /home/pedro/Documentos/airflow/venv/lib/python3.9/site-packages/airflow/example_dags/example_complex.py took 0.060 seconds
[2025-05-09 14:54:30,251] {processor.py:153} INFO - Started process (PID=74369) to work on /home/pedro/Documentos/airflow/venv/lib/python3.9/site-packages/airflow/example_dags/example_complex.py
[2025-05-09 14:54:30,263] {processor.py:641} INFO - Processing file /home/pedro/Documentos/airflow/venv/lib/python3.9/site-packages/airflow/example_dags/example_complex.py for tasks to queue
[2025-05-09 14:54:30,264] {logging_mixin.py:115} INFO - [2025-05-09 14:54:30,264] {dagbag.py:507} INFO - Filling up the DagBag from /home/pedro/Documentos/airflow/venv/lib/python3.9/site-packages/airflow/example_dags/example_complex.py
[2025-05-09 14:54:30,276] {processor.py:651} INFO - DAG(s) dict_keys(['example_complex']) retrieved from /home/pedro/Documentos/airflow/venv/lib/python3.9/site-packages/airflow/example_dags/example_complex.py
[2025-05-09 14:54:30,292] {logging_mixin.py:115} INFO - [2025-05-09 14:54:30,292] {dag.py:2379} INFO - Sync 1 DAGs
[2025-05-09 14:54:30,305] {logging_mixin.py:115} INFO - [2025-05-09 14:54:30,305] {dag.py:2927} INFO - Setting next_dagrun for example_complex to None, run_after=None
[2025-05-09 14:54:30,318] {processor.py:161} INFO - Processing /home/pedro/Documentos/airflow/venv/lib/python3.9/site-packages/airflow/example_dags/example_complex.py took 0.069 seconds
[2025-05-09 14:55:04,506] {processor.py:153} INFO - Started process (PID=74570) to work on /home/pedro/Documentos/airflow/venv/lib/python3.9/site-packages/airflow/example_dags/example_complex.py
[2025-05-09 14:55:04,507] {processor.py:641} INFO - Processing file /home/pedro/Documentos/airflow/venv/lib/python3.9/site-packages/airflow/example_dags/example_complex.py for tasks to queue
[2025-05-09 14:55:04,507] {logging_mixin.py:115} INFO - [2025-05-09 14:55:04,507] {dagbag.py:507} INFO - Filling up the DagBag from /home/pedro/Documentos/airflow/venv/lib/python3.9/site-packages/airflow/example_dags/example_complex.py
[2025-05-09 14:55:04,518] {processor.py:651} INFO - DAG(s) dict_keys(['example_complex']) retrieved from /home/pedro/Documentos/airflow/venv/lib/python3.9/site-packages/airflow/example_dags/example_complex.py
[2025-05-09 14:55:04,533] {logging_mixin.py:115} INFO - [2025-05-09 14:55:04,532] {dag.py:2379} INFO - Sync 1 DAGs
[2025-05-09 14:55:04,545] {logging_mixin.py:115} INFO - [2025-05-09 14:55:04,545] {dag.py:2927} INFO - Setting next_dagrun for example_complex to None, run_after=None
[2025-05-09 14:55:04,555] {processor.py:161} INFO - Processing /home/pedro/Documentos/airflow/venv/lib/python3.9/site-packages/airflow/example_dags/example_complex.py took 0.050 seconds
