[2025-05-09 14:34:14,452] {processor.py:153} INFO - Started process (PID=61957) to work on /home/pedro/Documentos/airflow/venv/lib/python3.9/site-packages/airflow/example_dags/example_bash_operator.py
[2025-05-09 14:34:14,453] {processor.py:641} INFO - Processing file /home/pedro/Documentos/airflow/venv/lib/python3.9/site-packages/airflow/example_dags/example_bash_operator.py for tasks to queue
[2025-05-09 14:34:14,453] {logging_mixin.py:115} INFO - [2025-05-09 14:34:14,453] {dagbag.py:507} INFO - Filling up the DagBag from /home/pedro/Documentos/airflow/venv/lib/python3.9/site-packages/airflow/example_dags/example_bash_operator.py
[2025-05-09 14:34:14,460] {processor.py:651} INFO - DAG(s) dict_keys(['example_bash_operator']) retrieved from /home/pedro/Documentos/airflow/venv/lib/python3.9/site-packages/airflow/example_dags/example_bash_operator.py
[2025-05-09 14:34:14,509] {logging_mixin.py:115} INFO - [2025-05-09 14:34:14,509] {manager.py:508} INFO - Created Permission View: can delete on DAG:example_bash_operator
[2025-05-09 14:34:14,517] {logging_mixin.py:115} INFO - [2025-05-09 14:34:14,517] {manager.py:508} INFO - Created Permission View: can read on DAG:example_bash_operator
[2025-05-09 14:34:14,524] {logging_mixin.py:115} INFO - [2025-05-09 14:34:14,524] {manager.py:508} INFO - Created Permission View: can edit on DAG:example_bash_operator
[2025-05-09 14:34:14,524] {logging_mixin.py:115} INFO - [2025-05-09 14:34:14,524] {dag.py:2379} INFO - Sync 1 DAGs
[2025-05-09 14:34:14,529] {logging_mixin.py:115} INFO - [2025-05-09 14:34:14,529] {dag.py:2398} INFO - Creating ORM DAG for example_bash_operator
[2025-05-09 14:34:14,535] {logging_mixin.py:115} INFO - [2025-05-09 14:34:14,535] {dag.py:2927} INFO - Setting next_dagrun for example_bash_operator to 2025-05-08T00:00:00+00:00, run_after=2025-05-09T00:00:00+00:00
[2025-05-09 14:34:14,548] {processor.py:161} INFO - Processing /home/pedro/Documentos/airflow/venv/lib/python3.9/site-packages/airflow/example_dags/example_bash_operator.py took 0.098 seconds
[2025-05-09 14:34:51,493] {processor.py:153} INFO - Started process (PID=62472) to work on /home/pedro/Documentos/airflow/venv/lib/python3.9/site-packages/airflow/example_dags/example_bash_operator.py
[2025-05-09 14:34:51,505] {processor.py:641} INFO - Processing file /home/pedro/Documentos/airflow/venv/lib/python3.9/site-packages/airflow/example_dags/example_bash_operator.py for tasks to queue
[2025-05-09 14:34:51,505] {logging_mixin.py:115} INFO - [2025-05-09 14:34:51,505] {dagbag.py:507} INFO - Filling up the DagBag from /home/pedro/Documentos/airflow/venv/lib/python3.9/site-packages/airflow/example_dags/example_bash_operator.py
[2025-05-09 14:34:51,513] {processor.py:651} INFO - DAG(s) dict_keys(['example_bash_operator']) retrieved from /home/pedro/Documentos/airflow/venv/lib/python3.9/site-packages/airflow/example_dags/example_bash_operator.py
[2025-05-09 14:34:51,526] {logging_mixin.py:115} INFO - [2025-05-09 14:34:51,526] {dag.py:2379} INFO - Sync 1 DAGs
[2025-05-09 14:34:51,540] {logging_mixin.py:115} INFO - [2025-05-09 14:34:51,540] {dag.py:2927} INFO - Setting next_dagrun for example_bash_operator to 2025-05-08T00:00:00+00:00, run_after=2025-05-09T00:00:00+00:00
[2025-05-09 14:34:51,550] {processor.py:161} INFO - Processing /home/pedro/Documentos/airflow/venv/lib/python3.9/site-packages/airflow/example_dags/example_bash_operator.py took 0.060 seconds
[2025-05-09 14:35:24,634] {processor.py:153} INFO - Started process (PID=62808) to work on /home/pedro/Documentos/airflow/venv/lib/python3.9/site-packages/airflow/example_dags/example_bash_operator.py
[2025-05-09 14:35:24,646] {processor.py:641} INFO - Processing file /home/pedro/Documentos/airflow/venv/lib/python3.9/site-packages/airflow/example_dags/example_bash_operator.py for tasks to queue
[2025-05-09 14:35:24,647] {logging_mixin.py:115} INFO - [2025-05-09 14:35:24,647] {dagbag.py:507} INFO - Filling up the DagBag from /home/pedro/Documentos/airflow/venv/lib/python3.9/site-packages/airflow/example_dags/example_bash_operator.py
[2025-05-09 14:35:24,654] {processor.py:651} INFO - DAG(s) dict_keys(['example_bash_operator']) retrieved from /home/pedro/Documentos/airflow/venv/lib/python3.9/site-packages/airflow/example_dags/example_bash_operator.py
[2025-05-09 14:35:24,665] {logging_mixin.py:115} INFO - [2025-05-09 14:35:24,665] {dag.py:2379} INFO - Sync 1 DAGs
[2025-05-09 14:35:24,679] {logging_mixin.py:115} INFO - [2025-05-09 14:35:24,679] {dag.py:2927} INFO - Setting next_dagrun for example_bash_operator to 2025-05-08T00:00:00+00:00, run_after=2025-05-09T00:00:00+00:00
[2025-05-09 14:35:24,689] {processor.py:161} INFO - Processing /home/pedro/Documentos/airflow/venv/lib/python3.9/site-packages/airflow/example_dags/example_bash_operator.py took 0.057 seconds
[2025-05-09 14:35:57,237] {processor.py:153} INFO - Started process (PID=63200) to work on /home/pedro/Documentos/airflow/venv/lib/python3.9/site-packages/airflow/example_dags/example_bash_operator.py
[2025-05-09 14:35:57,249] {processor.py:641} INFO - Processing file /home/pedro/Documentos/airflow/venv/lib/python3.9/site-packages/airflow/example_dags/example_bash_operator.py for tasks to queue
[2025-05-09 14:35:57,250] {logging_mixin.py:115} INFO - [2025-05-09 14:35:57,250] {dagbag.py:507} INFO - Filling up the DagBag from /home/pedro/Documentos/airflow/venv/lib/python3.9/site-packages/airflow/example_dags/example_bash_operator.py
[2025-05-09 14:35:57,259] {processor.py:651} INFO - DAG(s) dict_keys(['example_bash_operator']) retrieved from /home/pedro/Documentos/airflow/venv/lib/python3.9/site-packages/airflow/example_dags/example_bash_operator.py
[2025-05-09 14:35:57,270] {logging_mixin.py:115} INFO - [2025-05-09 14:35:57,270] {dag.py:2379} INFO - Sync 1 DAGs
[2025-05-09 14:35:57,284] {logging_mixin.py:115} INFO - [2025-05-09 14:35:57,283] {dag.py:2927} INFO - Setting next_dagrun for example_bash_operator to 2025-05-08T00:00:00+00:00, run_after=2025-05-09T00:00:00+00:00
[2025-05-09 14:35:57,294] {processor.py:161} INFO - Processing /home/pedro/Documentos/airflow/venv/lib/python3.9/site-packages/airflow/example_dags/example_bash_operator.py took 0.059 seconds
[2025-05-09 14:36:31,927] {processor.py:153} INFO - Started process (PID=63413) to work on /home/pedro/Documentos/airflow/venv/lib/python3.9/site-packages/airflow/example_dags/example_bash_operator.py
[2025-05-09 14:36:31,940] {processor.py:641} INFO - Processing file /home/pedro/Documentos/airflow/venv/lib/python3.9/site-packages/airflow/example_dags/example_bash_operator.py for tasks to queue
[2025-05-09 14:36:31,940] {logging_mixin.py:115} INFO - [2025-05-09 14:36:31,940] {dagbag.py:507} INFO - Filling up the DagBag from /home/pedro/Documentos/airflow/venv/lib/python3.9/site-packages/airflow/example_dags/example_bash_operator.py
[2025-05-09 14:36:31,948] {processor.py:651} INFO - DAG(s) dict_keys(['example_bash_operator']) retrieved from /home/pedro/Documentos/airflow/venv/lib/python3.9/site-packages/airflow/example_dags/example_bash_operator.py
[2025-05-09 14:36:31,959] {logging_mixin.py:115} INFO - [2025-05-09 14:36:31,959] {dag.py:2379} INFO - Sync 1 DAGs
[2025-05-09 14:36:31,974] {logging_mixin.py:115} INFO - [2025-05-09 14:36:31,974] {dag.py:2927} INFO - Setting next_dagrun for example_bash_operator to 2025-05-08T00:00:00+00:00, run_after=2025-05-09T00:00:00+00:00
[2025-05-09 14:36:31,985] {processor.py:161} INFO - Processing /home/pedro/Documentos/airflow/venv/lib/python3.9/site-packages/airflow/example_dags/example_bash_operator.py took 0.059 seconds
[2025-05-09 14:37:05,950] {processor.py:153} INFO - Started process (PID=63812) to work on /home/pedro/Documentos/airflow/venv/lib/python3.9/site-packages/airflow/example_dags/example_bash_operator.py
[2025-05-09 14:37:05,962] {processor.py:641} INFO - Processing file /home/pedro/Documentos/airflow/venv/lib/python3.9/site-packages/airflow/example_dags/example_bash_operator.py for tasks to queue
[2025-05-09 14:37:05,963] {logging_mixin.py:115} INFO - [2025-05-09 14:37:05,963] {dagbag.py:507} INFO - Filling up the DagBag from /home/pedro/Documentos/airflow/venv/lib/python3.9/site-packages/airflow/example_dags/example_bash_operator.py
[2025-05-09 14:37:05,971] {processor.py:651} INFO - DAG(s) dict_keys(['example_bash_operator']) retrieved from /home/pedro/Documentos/airflow/venv/lib/python3.9/site-packages/airflow/example_dags/example_bash_operator.py
[2025-05-09 14:37:05,983] {logging_mixin.py:115} INFO - [2025-05-09 14:37:05,983] {dag.py:2379} INFO - Sync 1 DAGs
[2025-05-09 14:37:06,000] {logging_mixin.py:115} INFO - [2025-05-09 14:37:06,000] {dag.py:2927} INFO - Setting next_dagrun for example_bash_operator to 2025-05-08T00:00:00+00:00, run_after=2025-05-09T00:00:00+00:00
[2025-05-09 14:37:06,011] {processor.py:161} INFO - Processing /home/pedro/Documentos/airflow/venv/lib/python3.9/site-packages/airflow/example_dags/example_bash_operator.py took 0.064 seconds
[2025-05-09 14:37:40,843] {processor.py:153} INFO - Started process (PID=64225) to work on /home/pedro/Documentos/airflow/venv/lib/python3.9/site-packages/airflow/example_dags/example_bash_operator.py
[2025-05-09 14:37:40,855] {processor.py:641} INFO - Processing file /home/pedro/Documentos/airflow/venv/lib/python3.9/site-packages/airflow/example_dags/example_bash_operator.py for tasks to queue
[2025-05-09 14:37:40,856] {logging_mixin.py:115} INFO - [2025-05-09 14:37:40,855] {dagbag.py:507} INFO - Filling up the DagBag from /home/pedro/Documentos/airflow/venv/lib/python3.9/site-packages/airflow/example_dags/example_bash_operator.py
[2025-05-09 14:37:40,864] {processor.py:651} INFO - DAG(s) dict_keys(['example_bash_operator']) retrieved from /home/pedro/Documentos/airflow/venv/lib/python3.9/site-packages/airflow/example_dags/example_bash_operator.py
[2025-05-09 14:37:40,875] {logging_mixin.py:115} INFO - [2025-05-09 14:37:40,875] {dag.py:2379} INFO - Sync 1 DAGs
[2025-05-09 14:37:40,889] {logging_mixin.py:115} INFO - [2025-05-09 14:37:40,889] {dag.py:2927} INFO - Setting next_dagrun for example_bash_operator to 2025-05-08T00:00:00+00:00, run_after=2025-05-09T00:00:00+00:00
[2025-05-09 14:37:40,899] {processor.py:161} INFO - Processing /home/pedro/Documentos/airflow/venv/lib/python3.9/site-packages/airflow/example_dags/example_bash_operator.py took 0.058 seconds
[2025-05-09 14:38:12,290] {processor.py:153} INFO - Started process (PID=64679) to work on /home/pedro/Documentos/airflow/venv/lib/python3.9/site-packages/airflow/example_dags/example_bash_operator.py
[2025-05-09 14:38:12,302] {processor.py:641} INFO - Processing file /home/pedro/Documentos/airflow/venv/lib/python3.9/site-packages/airflow/example_dags/example_bash_operator.py for tasks to queue
[2025-05-09 14:38:12,303] {logging_mixin.py:115} INFO - [2025-05-09 14:38:12,303] {dagbag.py:507} INFO - Filling up the DagBag from /home/pedro/Documentos/airflow/venv/lib/python3.9/site-packages/airflow/example_dags/example_bash_operator.py
[2025-05-09 14:38:12,310] {processor.py:651} INFO - DAG(s) dict_keys(['example_bash_operator']) retrieved from /home/pedro/Documentos/airflow/venv/lib/python3.9/site-packages/airflow/example_dags/example_bash_operator.py
[2025-05-09 14:38:12,321] {logging_mixin.py:115} INFO - [2025-05-09 14:38:12,321] {dag.py:2379} INFO - Sync 1 DAGs
[2025-05-09 14:38:12,335] {logging_mixin.py:115} INFO - [2025-05-09 14:38:12,335] {dag.py:2927} INFO - Setting next_dagrun for example_bash_operator to 2025-05-08T00:00:00+00:00, run_after=2025-05-09T00:00:00+00:00
[2025-05-09 14:38:12,345] {processor.py:161} INFO - Processing /home/pedro/Documentos/airflow/venv/lib/python3.9/site-packages/airflow/example_dags/example_bash_operator.py took 0.058 seconds
[2025-05-09 14:38:48,150] {processor.py:153} INFO - Started process (PID=65078) to work on /home/pedro/Documentos/airflow/venv/lib/python3.9/site-packages/airflow/example_dags/example_bash_operator.py
[2025-05-09 14:38:48,151] {processor.py:641} INFO - Processing file /home/pedro/Documentos/airflow/venv/lib/python3.9/site-packages/airflow/example_dags/example_bash_operator.py for tasks to queue
[2025-05-09 14:38:48,151] {logging_mixin.py:115} INFO - [2025-05-09 14:38:48,151] {dagbag.py:507} INFO - Filling up the DagBag from /home/pedro/Documentos/airflow/venv/lib/python3.9/site-packages/airflow/example_dags/example_bash_operator.py
[2025-05-09 14:38:48,159] {processor.py:651} INFO - DAG(s) dict_keys(['example_bash_operator']) retrieved from /home/pedro/Documentos/airflow/venv/lib/python3.9/site-packages/airflow/example_dags/example_bash_operator.py
[2025-05-09 14:38:48,172] {logging_mixin.py:115} INFO - [2025-05-09 14:38:48,172] {dag.py:2379} INFO - Sync 1 DAGs
[2025-05-09 14:38:48,183] {logging_mixin.py:115} INFO - [2025-05-09 14:38:48,183] {dag.py:2927} INFO - Setting next_dagrun for example_bash_operator to 2025-05-08T00:00:00+00:00, run_after=2025-05-09T00:00:00+00:00
[2025-05-09 14:38:48,193] {processor.py:161} INFO - Processing /home/pedro/Documentos/airflow/venv/lib/python3.9/site-packages/airflow/example_dags/example_bash_operator.py took 0.045 seconds
[2025-05-09 14:39:26,799] {processor.py:153} INFO - Started process (PID=65484) to work on /home/pedro/Documentos/airflow/venv/lib/python3.9/site-packages/airflow/example_dags/example_bash_operator.py
[2025-05-09 14:39:26,812] {processor.py:641} INFO - Processing file /home/pedro/Documentos/airflow/venv/lib/python3.9/site-packages/airflow/example_dags/example_bash_operator.py for tasks to queue
[2025-05-09 14:39:26,812] {logging_mixin.py:115} INFO - [2025-05-09 14:39:26,812] {dagbag.py:507} INFO - Filling up the DagBag from /home/pedro/Documentos/airflow/venv/lib/python3.9/site-packages/airflow/example_dags/example_bash_operator.py
[2025-05-09 14:39:26,820] {processor.py:651} INFO - DAG(s) dict_keys(['example_bash_operator']) retrieved from /home/pedro/Documentos/airflow/venv/lib/python3.9/site-packages/airflow/example_dags/example_bash_operator.py
[2025-05-09 14:39:26,833] {logging_mixin.py:115} INFO - [2025-05-09 14:39:26,833] {dag.py:2379} INFO - Sync 1 DAGs
[2025-05-09 14:39:26,845] {logging_mixin.py:115} INFO - [2025-05-09 14:39:26,845] {dag.py:2927} INFO - Setting next_dagrun for example_bash_operator to 2025-05-08T00:00:00+00:00, run_after=2025-05-09T00:00:00+00:00
[2025-05-09 14:39:26,854] {processor.py:161} INFO - Processing /home/pedro/Documentos/airflow/venv/lib/python3.9/site-packages/airflow/example_dags/example_bash_operator.py took 0.056 seconds
[2025-05-09 14:39:58,942] {processor.py:153} INFO - Started process (PID=65677) to work on /home/pedro/Documentos/airflow/venv/lib/python3.9/site-packages/airflow/example_dags/example_bash_operator.py
[2025-05-09 14:39:58,954] {processor.py:641} INFO - Processing file /home/pedro/Documentos/airflow/venv/lib/python3.9/site-packages/airflow/example_dags/example_bash_operator.py for tasks to queue
[2025-05-09 14:39:58,955] {logging_mixin.py:115} INFO - [2025-05-09 14:39:58,955] {dagbag.py:507} INFO - Filling up the DagBag from /home/pedro/Documentos/airflow/venv/lib/python3.9/site-packages/airflow/example_dags/example_bash_operator.py
[2025-05-09 14:39:58,962] {processor.py:651} INFO - DAG(s) dict_keys(['example_bash_operator']) retrieved from /home/pedro/Documentos/airflow/venv/lib/python3.9/site-packages/airflow/example_dags/example_bash_operator.py
[2025-05-09 14:39:58,975] {logging_mixin.py:115} INFO - [2025-05-09 14:39:58,975] {dag.py:2379} INFO - Sync 1 DAGs
[2025-05-09 14:39:58,987] {logging_mixin.py:115} INFO - [2025-05-09 14:39:58,987] {dag.py:2927} INFO - Setting next_dagrun for example_bash_operator to 2025-05-08T00:00:00+00:00, run_after=2025-05-09T00:00:00+00:00
[2025-05-09 14:39:58,997] {processor.py:161} INFO - Processing /home/pedro/Documentos/airflow/venv/lib/python3.9/site-packages/airflow/example_dags/example_bash_operator.py took 0.057 seconds
[2025-05-09 14:40:36,515] {processor.py:153} INFO - Started process (PID=65943) to work on /home/pedro/Documentos/airflow/venv/lib/python3.9/site-packages/airflow/example_dags/example_bash_operator.py
[2025-05-09 14:40:36,516] {processor.py:641} INFO - Processing file /home/pedro/Documentos/airflow/venv/lib/python3.9/site-packages/airflow/example_dags/example_bash_operator.py for tasks to queue
[2025-05-09 14:40:36,516] {logging_mixin.py:115} INFO - [2025-05-09 14:40:36,516] {dagbag.py:507} INFO - Filling up the DagBag from /home/pedro/Documentos/airflow/venv/lib/python3.9/site-packages/airflow/example_dags/example_bash_operator.py
[2025-05-09 14:40:36,524] {processor.py:651} INFO - DAG(s) dict_keys(['example_bash_operator']) retrieved from /home/pedro/Documentos/airflow/venv/lib/python3.9/site-packages/airflow/example_dags/example_bash_operator.py
[2025-05-09 14:40:36,537] {logging_mixin.py:115} INFO - [2025-05-09 14:40:36,537] {dag.py:2379} INFO - Sync 1 DAGs
[2025-05-09 14:40:36,549] {logging_mixin.py:115} INFO - [2025-05-09 14:40:36,549] {dag.py:2927} INFO - Setting next_dagrun for example_bash_operator to 2025-05-08T00:00:00+00:00, run_after=2025-05-09T00:00:00+00:00
[2025-05-09 14:40:36,558] {processor.py:161} INFO - Processing /home/pedro/Documentos/airflow/venv/lib/python3.9/site-packages/airflow/example_dags/example_bash_operator.py took 0.046 seconds
[2025-05-09 14:41:09,863] {processor.py:153} INFO - Started process (PID=66462) to work on /home/pedro/Documentos/airflow/venv/lib/python3.9/site-packages/airflow/example_dags/example_bash_operator.py
[2025-05-09 14:41:09,876] {processor.py:641} INFO - Processing file /home/pedro/Documentos/airflow/venv/lib/python3.9/site-packages/airflow/example_dags/example_bash_operator.py for tasks to queue
[2025-05-09 14:41:09,876] {logging_mixin.py:115} INFO - [2025-05-09 14:41:09,876] {dagbag.py:507} INFO - Filling up the DagBag from /home/pedro/Documentos/airflow/venv/lib/python3.9/site-packages/airflow/example_dags/example_bash_operator.py
[2025-05-09 14:41:09,885] {processor.py:651} INFO - DAG(s) dict_keys(['example_bash_operator']) retrieved from /home/pedro/Documentos/airflow/venv/lib/python3.9/site-packages/airflow/example_dags/example_bash_operator.py
[2025-05-09 14:41:09,899] {logging_mixin.py:115} INFO - [2025-05-09 14:41:09,899] {dag.py:2379} INFO - Sync 1 DAGs
[2025-05-09 14:41:09,912] {logging_mixin.py:115} INFO - [2025-05-09 14:41:09,911] {dag.py:2927} INFO - Setting next_dagrun for example_bash_operator to 2025-05-08T00:00:00+00:00, run_after=2025-05-09T00:00:00+00:00
[2025-05-09 14:41:09,962] {processor.py:161} INFO - Processing /home/pedro/Documentos/airflow/venv/lib/python3.9/site-packages/airflow/example_dags/example_bash_operator.py took 0.101 seconds
[2025-05-09 14:41:49,158] {processor.py:153} INFO - Started process (PID=66928) to work on /home/pedro/Documentos/airflow/venv/lib/python3.9/site-packages/airflow/example_dags/example_bash_operator.py
[2025-05-09 14:41:49,170] {processor.py:641} INFO - Processing file /home/pedro/Documentos/airflow/venv/lib/python3.9/site-packages/airflow/example_dags/example_bash_operator.py for tasks to queue
[2025-05-09 14:41:49,171] {logging_mixin.py:115} INFO - [2025-05-09 14:41:49,171] {dagbag.py:507} INFO - Filling up the DagBag from /home/pedro/Documentos/airflow/venv/lib/python3.9/site-packages/airflow/example_dags/example_bash_operator.py
[2025-05-09 14:41:49,179] {processor.py:651} INFO - DAG(s) dict_keys(['example_bash_operator']) retrieved from /home/pedro/Documentos/airflow/venv/lib/python3.9/site-packages/airflow/example_dags/example_bash_operator.py
[2025-05-09 14:41:49,192] {logging_mixin.py:115} INFO - [2025-05-09 14:41:49,192] {dag.py:2379} INFO - Sync 1 DAGs
[2025-05-09 14:41:49,203] {logging_mixin.py:115} INFO - [2025-05-09 14:41:49,203] {dag.py:2927} INFO - Setting next_dagrun for example_bash_operator to 2025-05-08T00:00:00+00:00, run_after=2025-05-09T00:00:00+00:00
[2025-05-09 14:41:49,213] {processor.py:161} INFO - Processing /home/pedro/Documentos/airflow/venv/lib/python3.9/site-packages/airflow/example_dags/example_bash_operator.py took 0.057 seconds
[2025-05-09 14:42:25,639] {processor.py:153} INFO - Started process (PID=67147) to work on /home/pedro/Documentos/airflow/venv/lib/python3.9/site-packages/airflow/example_dags/example_bash_operator.py
[2025-05-09 14:42:25,651] {processor.py:641} INFO - Processing file /home/pedro/Documentos/airflow/venv/lib/python3.9/site-packages/airflow/example_dags/example_bash_operator.py for tasks to queue
[2025-05-09 14:42:25,652] {logging_mixin.py:115} INFO - [2025-05-09 14:42:25,652] {dagbag.py:507} INFO - Filling up the DagBag from /home/pedro/Documentos/airflow/venv/lib/python3.9/site-packages/airflow/example_dags/example_bash_operator.py
[2025-05-09 14:42:25,659] {processor.py:651} INFO - DAG(s) dict_keys(['example_bash_operator']) retrieved from /home/pedro/Documentos/airflow/venv/lib/python3.9/site-packages/airflow/example_dags/example_bash_operator.py
[2025-05-09 14:42:25,673] {logging_mixin.py:115} INFO - [2025-05-09 14:42:25,673] {dag.py:2379} INFO - Sync 1 DAGs
[2025-05-09 14:42:25,686] {logging_mixin.py:115} INFO - [2025-05-09 14:42:25,685] {dag.py:2927} INFO - Setting next_dagrun for example_bash_operator to 2025-05-08T00:00:00+00:00, run_after=2025-05-09T00:00:00+00:00
[2025-05-09 14:42:25,695] {processor.py:161} INFO - Processing /home/pedro/Documentos/airflow/venv/lib/python3.9/site-packages/airflow/example_dags/example_bash_operator.py took 0.059 seconds
[2025-05-09 14:42:59,904] {processor.py:153} INFO - Started process (PID=67347) to work on /home/pedro/Documentos/airflow/venv/lib/python3.9/site-packages/airflow/example_dags/example_bash_operator.py
[2025-05-09 14:42:59,916] {processor.py:641} INFO - Processing file /home/pedro/Documentos/airflow/venv/lib/python3.9/site-packages/airflow/example_dags/example_bash_operator.py for tasks to queue
[2025-05-09 14:42:59,916] {logging_mixin.py:115} INFO - [2025-05-09 14:42:59,916] {dagbag.py:507} INFO - Filling up the DagBag from /home/pedro/Documentos/airflow/venv/lib/python3.9/site-packages/airflow/example_dags/example_bash_operator.py
[2025-05-09 14:42:59,924] {processor.py:651} INFO - DAG(s) dict_keys(['example_bash_operator']) retrieved from /home/pedro/Documentos/airflow/venv/lib/python3.9/site-packages/airflow/example_dags/example_bash_operator.py
[2025-05-09 14:42:59,938] {logging_mixin.py:115} INFO - [2025-05-09 14:42:59,938] {dag.py:2379} INFO - Sync 1 DAGs
[2025-05-09 14:42:59,949] {logging_mixin.py:115} INFO - [2025-05-09 14:42:59,949] {dag.py:2927} INFO - Setting next_dagrun for example_bash_operator to 2025-05-08T00:00:00+00:00, run_after=2025-05-09T00:00:00+00:00
[2025-05-09 14:42:59,959] {processor.py:161} INFO - Processing /home/pedro/Documentos/airflow/venv/lib/python3.9/site-packages/airflow/example_dags/example_bash_operator.py took 0.057 seconds
[2025-05-09 14:43:35,573] {processor.py:153} INFO - Started process (PID=67980) to work on /home/pedro/Documentos/airflow/venv/lib/python3.9/site-packages/airflow/example_dags/example_bash_operator.py
[2025-05-09 14:43:35,585] {processor.py:641} INFO - Processing file /home/pedro/Documentos/airflow/venv/lib/python3.9/site-packages/airflow/example_dags/example_bash_operator.py for tasks to queue
[2025-05-09 14:43:35,585] {logging_mixin.py:115} INFO - [2025-05-09 14:43:35,585] {dagbag.py:507} INFO - Filling up the DagBag from /home/pedro/Documentos/airflow/venv/lib/python3.9/site-packages/airflow/example_dags/example_bash_operator.py
[2025-05-09 14:43:35,592] {processor.py:651} INFO - DAG(s) dict_keys(['example_bash_operator']) retrieved from /home/pedro/Documentos/airflow/venv/lib/python3.9/site-packages/airflow/example_dags/example_bash_operator.py
[2025-05-09 14:43:35,606] {logging_mixin.py:115} INFO - [2025-05-09 14:43:35,606] {dag.py:2379} INFO - Sync 1 DAGs
[2025-05-09 14:43:35,619] {logging_mixin.py:115} INFO - [2025-05-09 14:43:35,619] {dag.py:2927} INFO - Setting next_dagrun for example_bash_operator to 2025-05-08T00:00:00+00:00, run_after=2025-05-09T00:00:00+00:00
[2025-05-09 14:43:35,631] {processor.py:161} INFO - Processing /home/pedro/Documentos/airflow/venv/lib/python3.9/site-packages/airflow/example_dags/example_bash_operator.py took 0.060 seconds
[2025-05-09 14:44:09,539] {processor.py:153} INFO - Started process (PID=68258) to work on /home/pedro/Documentos/airflow/venv/lib/python3.9/site-packages/airflow/example_dags/example_bash_operator.py
[2025-05-09 14:44:09,551] {processor.py:641} INFO - Processing file /home/pedro/Documentos/airflow/venv/lib/python3.9/site-packages/airflow/example_dags/example_bash_operator.py for tasks to queue
[2025-05-09 14:44:09,551] {logging_mixin.py:115} INFO - [2025-05-09 14:44:09,551] {dagbag.py:507} INFO - Filling up the DagBag from /home/pedro/Documentos/airflow/venv/lib/python3.9/site-packages/airflow/example_dags/example_bash_operator.py
[2025-05-09 14:44:09,559] {processor.py:651} INFO - DAG(s) dict_keys(['example_bash_operator']) retrieved from /home/pedro/Documentos/airflow/venv/lib/python3.9/site-packages/airflow/example_dags/example_bash_operator.py
[2025-05-09 14:44:09,572] {logging_mixin.py:115} INFO - [2025-05-09 14:44:09,572] {dag.py:2379} INFO - Sync 1 DAGs
[2025-05-09 14:44:09,584] {logging_mixin.py:115} INFO - [2025-05-09 14:44:09,584] {dag.py:2927} INFO - Setting next_dagrun for example_bash_operator to 2025-05-08T00:00:00+00:00, run_after=2025-05-09T00:00:00+00:00
[2025-05-09 14:44:09,593] {processor.py:161} INFO - Processing /home/pedro/Documentos/airflow/venv/lib/python3.9/site-packages/airflow/example_dags/example_bash_operator.py took 0.056 seconds
[2025-05-09 14:44:43,267] {processor.py:153} INFO - Started process (PID=68454) to work on /home/pedro/Documentos/airflow/venv/lib/python3.9/site-packages/airflow/example_dags/example_bash_operator.py
[2025-05-09 14:44:43,279] {processor.py:641} INFO - Processing file /home/pedro/Documentos/airflow/venv/lib/python3.9/site-packages/airflow/example_dags/example_bash_operator.py for tasks to queue
[2025-05-09 14:44:43,279] {logging_mixin.py:115} INFO - [2025-05-09 14:44:43,279] {dagbag.py:507} INFO - Filling up the DagBag from /home/pedro/Documentos/airflow/venv/lib/python3.9/site-packages/airflow/example_dags/example_bash_operator.py
[2025-05-09 14:44:43,287] {processor.py:651} INFO - DAG(s) dict_keys(['example_bash_operator']) retrieved from /home/pedro/Documentos/airflow/venv/lib/python3.9/site-packages/airflow/example_dags/example_bash_operator.py
[2025-05-09 14:44:43,301] {logging_mixin.py:115} INFO - [2025-05-09 14:44:43,300] {dag.py:2379} INFO - Sync 1 DAGs
[2025-05-09 14:44:43,312] {logging_mixin.py:115} INFO - [2025-05-09 14:44:43,312] {dag.py:2927} INFO - Setting next_dagrun for example_bash_operator to 2025-05-08T00:00:00+00:00, run_after=2025-05-09T00:00:00+00:00
[2025-05-09 14:44:43,322] {processor.py:161} INFO - Processing /home/pedro/Documentos/airflow/venv/lib/python3.9/site-packages/airflow/example_dags/example_bash_operator.py took 0.057 seconds
[2025-05-09 14:45:20,313] {processor.py:153} INFO - Started process (PID=68702) to work on /home/pedro/Documentos/airflow/venv/lib/python3.9/site-packages/airflow/example_dags/example_bash_operator.py
[2025-05-09 14:45:20,326] {processor.py:641} INFO - Processing file /home/pedro/Documentos/airflow/venv/lib/python3.9/site-packages/airflow/example_dags/example_bash_operator.py for tasks to queue
[2025-05-09 14:45:20,326] {logging_mixin.py:115} INFO - [2025-05-09 14:45:20,326] {dagbag.py:507} INFO - Filling up the DagBag from /home/pedro/Documentos/airflow/venv/lib/python3.9/site-packages/airflow/example_dags/example_bash_operator.py
[2025-05-09 14:45:20,335] {processor.py:651} INFO - DAG(s) dict_keys(['example_bash_operator']) retrieved from /home/pedro/Documentos/airflow/venv/lib/python3.9/site-packages/airflow/example_dags/example_bash_operator.py
[2025-05-09 14:45:20,348] {logging_mixin.py:115} INFO - [2025-05-09 14:45:20,348] {dag.py:2379} INFO - Sync 1 DAGs
[2025-05-09 14:45:20,361] {logging_mixin.py:115} INFO - [2025-05-09 14:45:20,361] {dag.py:2927} INFO - Setting next_dagrun for example_bash_operator to 2025-05-08T00:00:00+00:00, run_after=2025-05-09T00:00:00+00:00
[2025-05-09 14:45:20,371] {processor.py:161} INFO - Processing /home/pedro/Documentos/airflow/venv/lib/python3.9/site-packages/airflow/example_dags/example_bash_operator.py took 0.059 seconds
[2025-05-09 14:45:53,420] {processor.py:153} INFO - Started process (PID=68900) to work on /home/pedro/Documentos/airflow/venv/lib/python3.9/site-packages/airflow/example_dags/example_bash_operator.py
[2025-05-09 14:45:53,432] {processor.py:641} INFO - Processing file /home/pedro/Documentos/airflow/venv/lib/python3.9/site-packages/airflow/example_dags/example_bash_operator.py for tasks to queue
[2025-05-09 14:45:53,432] {logging_mixin.py:115} INFO - [2025-05-09 14:45:53,432] {dagbag.py:507} INFO - Filling up the DagBag from /home/pedro/Documentos/airflow/venv/lib/python3.9/site-packages/airflow/example_dags/example_bash_operator.py
[2025-05-09 14:45:53,440] {processor.py:651} INFO - DAG(s) dict_keys(['example_bash_operator']) retrieved from /home/pedro/Documentos/airflow/venv/lib/python3.9/site-packages/airflow/example_dags/example_bash_operator.py
[2025-05-09 14:45:53,454] {logging_mixin.py:115} INFO - [2025-05-09 14:45:53,453] {dag.py:2379} INFO - Sync 1 DAGs
[2025-05-09 14:45:53,466] {logging_mixin.py:115} INFO - [2025-05-09 14:45:53,466] {dag.py:2927} INFO - Setting next_dagrun for example_bash_operator to 2025-05-08T00:00:00+00:00, run_after=2025-05-09T00:00:00+00:00
[2025-05-09 14:45:53,475] {processor.py:161} INFO - Processing /home/pedro/Documentos/airflow/venv/lib/python3.9/site-packages/airflow/example_dags/example_bash_operator.py took 0.058 seconds
[2025-05-09 14:46:30,620] {processor.py:153} INFO - Started process (PID=69127) to work on /home/pedro/Documentos/airflow/venv/lib/python3.9/site-packages/airflow/example_dags/example_bash_operator.py
[2025-05-09 14:46:30,632] {processor.py:641} INFO - Processing file /home/pedro/Documentos/airflow/venv/lib/python3.9/site-packages/airflow/example_dags/example_bash_operator.py for tasks to queue
[2025-05-09 14:46:30,633] {logging_mixin.py:115} INFO - [2025-05-09 14:46:30,633] {dagbag.py:507} INFO - Filling up the DagBag from /home/pedro/Documentos/airflow/venv/lib/python3.9/site-packages/airflow/example_dags/example_bash_operator.py
[2025-05-09 14:46:30,640] {processor.py:651} INFO - DAG(s) dict_keys(['example_bash_operator']) retrieved from /home/pedro/Documentos/airflow/venv/lib/python3.9/site-packages/airflow/example_dags/example_bash_operator.py
[2025-05-09 14:46:30,653] {logging_mixin.py:115} INFO - [2025-05-09 14:46:30,653] {dag.py:2379} INFO - Sync 1 DAGs
[2025-05-09 14:46:30,665] {logging_mixin.py:115} INFO - [2025-05-09 14:46:30,665] {dag.py:2927} INFO - Setting next_dagrun for example_bash_operator to 2025-05-08T00:00:00+00:00, run_after=2025-05-09T00:00:00+00:00
[2025-05-09 14:46:30,674] {processor.py:161} INFO - Processing /home/pedro/Documentos/airflow/venv/lib/python3.9/site-packages/airflow/example_dags/example_bash_operator.py took 0.057 seconds
[2025-05-09 14:47:04,335] {processor.py:153} INFO - Started process (PID=69725) to work on /home/pedro/Documentos/airflow/venv/lib/python3.9/site-packages/airflow/example_dags/example_bash_operator.py
[2025-05-09 14:47:04,347] {processor.py:641} INFO - Processing file /home/pedro/Documentos/airflow/venv/lib/python3.9/site-packages/airflow/example_dags/example_bash_operator.py for tasks to queue
[2025-05-09 14:47:04,347] {logging_mixin.py:115} INFO - [2025-05-09 14:47:04,347] {dagbag.py:507} INFO - Filling up the DagBag from /home/pedro/Documentos/airflow/venv/lib/python3.9/site-packages/airflow/example_dags/example_bash_operator.py
[2025-05-09 14:47:04,355] {processor.py:651} INFO - DAG(s) dict_keys(['example_bash_operator']) retrieved from /home/pedro/Documentos/airflow/venv/lib/python3.9/site-packages/airflow/example_dags/example_bash_operator.py
[2025-05-09 14:47:04,368] {logging_mixin.py:115} INFO - [2025-05-09 14:47:04,368] {dag.py:2379} INFO - Sync 1 DAGs
[2025-05-09 14:47:04,380] {logging_mixin.py:115} INFO - [2025-05-09 14:47:04,380] {dag.py:2927} INFO - Setting next_dagrun for example_bash_operator to 2025-05-08T00:00:00+00:00, run_after=2025-05-09T00:00:00+00:00
[2025-05-09 14:47:04,390] {processor.py:161} INFO - Processing /home/pedro/Documentos/airflow/venv/lib/python3.9/site-packages/airflow/example_dags/example_bash_operator.py took 0.057 seconds
[2025-05-09 14:47:41,334] {processor.py:153} INFO - Started process (PID=70004) to work on /home/pedro/Documentos/airflow/venv/lib/python3.9/site-packages/airflow/example_dags/example_bash_operator.py
[2025-05-09 14:47:41,347] {processor.py:641} INFO - Processing file /home/pedro/Documentos/airflow/venv/lib/python3.9/site-packages/airflow/example_dags/example_bash_operator.py for tasks to queue
[2025-05-09 14:47:41,347] {logging_mixin.py:115} INFO - [2025-05-09 14:47:41,347] {dagbag.py:507} INFO - Filling up the DagBag from /home/pedro/Documentos/airflow/venv/lib/python3.9/site-packages/airflow/example_dags/example_bash_operator.py
[2025-05-09 14:47:41,354] {processor.py:651} INFO - DAG(s) dict_keys(['example_bash_operator']) retrieved from /home/pedro/Documentos/airflow/venv/lib/python3.9/site-packages/airflow/example_dags/example_bash_operator.py
[2025-05-09 14:47:41,368] {logging_mixin.py:115} INFO - [2025-05-09 14:47:41,368] {dag.py:2379} INFO - Sync 1 DAGs
[2025-05-09 14:47:41,379] {logging_mixin.py:115} INFO - [2025-05-09 14:47:41,379] {dag.py:2927} INFO - Setting next_dagrun for example_bash_operator to 2025-05-08T00:00:00+00:00, run_after=2025-05-09T00:00:00+00:00
[2025-05-09 14:47:41,389] {processor.py:161} INFO - Processing /home/pedro/Documentos/airflow/venv/lib/python3.9/site-packages/airflow/example_dags/example_bash_operator.py took 0.057 seconds
[2025-05-09 14:48:17,532] {processor.py:153} INFO - Started process (PID=70228) to work on /home/pedro/Documentos/airflow/venv/lib/python3.9/site-packages/airflow/example_dags/example_bash_operator.py
[2025-05-09 14:48:17,545] {processor.py:641} INFO - Processing file /home/pedro/Documentos/airflow/venv/lib/python3.9/site-packages/airflow/example_dags/example_bash_operator.py for tasks to queue
[2025-05-09 14:48:17,545] {logging_mixin.py:115} INFO - [2025-05-09 14:48:17,545] {dagbag.py:507} INFO - Filling up the DagBag from /home/pedro/Documentos/airflow/venv/lib/python3.9/site-packages/airflow/example_dags/example_bash_operator.py
[2025-05-09 14:48:17,553] {processor.py:651} INFO - DAG(s) dict_keys(['example_bash_operator']) retrieved from /home/pedro/Documentos/airflow/venv/lib/python3.9/site-packages/airflow/example_dags/example_bash_operator.py
[2025-05-09 14:48:17,566] {logging_mixin.py:115} INFO - [2025-05-09 14:48:17,566] {dag.py:2379} INFO - Sync 1 DAGs
[2025-05-09 14:48:17,578] {logging_mixin.py:115} INFO - [2025-05-09 14:48:17,578] {dag.py:2927} INFO - Setting next_dagrun for example_bash_operator to 2025-05-08T00:00:00+00:00, run_after=2025-05-09T00:00:00+00:00
[2025-05-09 14:48:17,587] {processor.py:161} INFO - Processing /home/pedro/Documentos/airflow/venv/lib/python3.9/site-packages/airflow/example_dags/example_bash_operator.py took 0.057 seconds
[2025-05-09 14:48:52,109] {processor.py:153} INFO - Started process (PID=70546) to work on /home/pedro/Documentos/airflow/venv/lib/python3.9/site-packages/airflow/example_dags/example_bash_operator.py
[2025-05-09 14:48:52,124] {processor.py:641} INFO - Processing file /home/pedro/Documentos/airflow/venv/lib/python3.9/site-packages/airflow/example_dags/example_bash_operator.py for tasks to queue
[2025-05-09 14:48:52,124] {logging_mixin.py:115} INFO - [2025-05-09 14:48:52,124] {dagbag.py:507} INFO - Filling up the DagBag from /home/pedro/Documentos/airflow/venv/lib/python3.9/site-packages/airflow/example_dags/example_bash_operator.py
[2025-05-09 14:48:52,134] {processor.py:651} INFO - DAG(s) dict_keys(['example_bash_operator']) retrieved from /home/pedro/Documentos/airflow/venv/lib/python3.9/site-packages/airflow/example_dags/example_bash_operator.py
[2025-05-09 14:48:52,147] {logging_mixin.py:115} INFO - [2025-05-09 14:48:52,146] {dag.py:2379} INFO - Sync 1 DAGs
[2025-05-09 14:48:52,159] {logging_mixin.py:115} INFO - [2025-05-09 14:48:52,158] {dag.py:2927} INFO - Setting next_dagrun for example_bash_operator to 2025-05-08T00:00:00+00:00, run_after=2025-05-09T00:00:00+00:00
[2025-05-09 14:48:52,170] {processor.py:161} INFO - Processing /home/pedro/Documentos/airflow/venv/lib/python3.9/site-packages/airflow/example_dags/example_bash_operator.py took 0.063 seconds
[2025-05-09 14:49:28,092] {processor.py:153} INFO - Started process (PID=70782) to work on /home/pedro/Documentos/airflow/venv/lib/python3.9/site-packages/airflow/example_dags/example_bash_operator.py
[2025-05-09 14:49:28,105] {processor.py:641} INFO - Processing file /home/pedro/Documentos/airflow/venv/lib/python3.9/site-packages/airflow/example_dags/example_bash_operator.py for tasks to queue
[2025-05-09 14:49:28,105] {logging_mixin.py:115} INFO - [2025-05-09 14:49:28,105] {dagbag.py:507} INFO - Filling up the DagBag from /home/pedro/Documentos/airflow/venv/lib/python3.9/site-packages/airflow/example_dags/example_bash_operator.py
[2025-05-09 14:49:28,113] {processor.py:651} INFO - DAG(s) dict_keys(['example_bash_operator']) retrieved from /home/pedro/Documentos/airflow/venv/lib/python3.9/site-packages/airflow/example_dags/example_bash_operator.py
[2025-05-09 14:49:28,126] {logging_mixin.py:115} INFO - [2025-05-09 14:49:28,126] {dag.py:2379} INFO - Sync 1 DAGs
[2025-05-09 14:49:28,139] {logging_mixin.py:115} INFO - [2025-05-09 14:49:28,139] {dag.py:2927} INFO - Setting next_dagrun for example_bash_operator to 2025-05-08T00:00:00+00:00, run_after=2025-05-09T00:00:00+00:00
[2025-05-09 14:49:28,149] {processor.py:161} INFO - Processing /home/pedro/Documentos/airflow/venv/lib/python3.9/site-packages/airflow/example_dags/example_bash_operator.py took 0.059 seconds
[2025-05-09 14:50:02,875] {processor.py:153} INFO - Started process (PID=70997) to work on /home/pedro/Documentos/airflow/venv/lib/python3.9/site-packages/airflow/example_dags/example_bash_operator.py
[2025-05-09 14:50:02,887] {processor.py:641} INFO - Processing file /home/pedro/Documentos/airflow/venv/lib/python3.9/site-packages/airflow/example_dags/example_bash_operator.py for tasks to queue
[2025-05-09 14:50:02,887] {logging_mixin.py:115} INFO - [2025-05-09 14:50:02,887] {dagbag.py:507} INFO - Filling up the DagBag from /home/pedro/Documentos/airflow/venv/lib/python3.9/site-packages/airflow/example_dags/example_bash_operator.py
[2025-05-09 14:50:02,896] {processor.py:651} INFO - DAG(s) dict_keys(['example_bash_operator']) retrieved from /home/pedro/Documentos/airflow/venv/lib/python3.9/site-packages/airflow/example_dags/example_bash_operator.py
[2025-05-09 14:50:02,909] {logging_mixin.py:115} INFO - [2025-05-09 14:50:02,909] {dag.py:2379} INFO - Sync 1 DAGs
[2025-05-09 14:50:02,922] {logging_mixin.py:115} INFO - [2025-05-09 14:50:02,922] {dag.py:2927} INFO - Setting next_dagrun for example_bash_operator to 2025-05-08T00:00:00+00:00, run_after=2025-05-09T00:00:00+00:00
[2025-05-09 14:50:02,931] {processor.py:161} INFO - Processing /home/pedro/Documentos/airflow/venv/lib/python3.9/site-packages/airflow/example_dags/example_bash_operator.py took 0.059 seconds
[2025-05-09 14:50:38,861] {processor.py:153} INFO - Started process (PID=71287) to work on /home/pedro/Documentos/airflow/venv/lib/python3.9/site-packages/airflow/example_dags/example_bash_operator.py
[2025-05-09 14:50:38,874] {processor.py:641} INFO - Processing file /home/pedro/Documentos/airflow/venv/lib/python3.9/site-packages/airflow/example_dags/example_bash_operator.py for tasks to queue
[2025-05-09 14:50:38,874] {logging_mixin.py:115} INFO - [2025-05-09 14:50:38,874] {dagbag.py:507} INFO - Filling up the DagBag from /home/pedro/Documentos/airflow/venv/lib/python3.9/site-packages/airflow/example_dags/example_bash_operator.py
[2025-05-09 14:50:38,883] {processor.py:651} INFO - DAG(s) dict_keys(['example_bash_operator']) retrieved from /home/pedro/Documentos/airflow/venv/lib/python3.9/site-packages/airflow/example_dags/example_bash_operator.py
[2025-05-09 14:50:38,896] {logging_mixin.py:115} INFO - [2025-05-09 14:50:38,896] {dag.py:2379} INFO - Sync 1 DAGs
[2025-05-09 14:50:38,908] {logging_mixin.py:115} INFO - [2025-05-09 14:50:38,908] {dag.py:2927} INFO - Setting next_dagrun for example_bash_operator to 2025-05-08T00:00:00+00:00, run_after=2025-05-09T00:00:00+00:00
[2025-05-09 14:50:38,918] {processor.py:161} INFO - Processing /home/pedro/Documentos/airflow/venv/lib/python3.9/site-packages/airflow/example_dags/example_bash_operator.py took 0.059 seconds
[2025-05-09 14:51:13,746] {processor.py:153} INFO - Started process (PID=71498) to work on /home/pedro/Documentos/airflow/venv/lib/python3.9/site-packages/airflow/example_dags/example_bash_operator.py
[2025-05-09 14:51:13,760] {processor.py:641} INFO - Processing file /home/pedro/Documentos/airflow/venv/lib/python3.9/site-packages/airflow/example_dags/example_bash_operator.py for tasks to queue
[2025-05-09 14:51:13,761] {logging_mixin.py:115} INFO - [2025-05-09 14:51:13,760] {dagbag.py:507} INFO - Filling up the DagBag from /home/pedro/Documentos/airflow/venv/lib/python3.9/site-packages/airflow/example_dags/example_bash_operator.py
[2025-05-09 14:51:13,769] {processor.py:651} INFO - DAG(s) dict_keys(['example_bash_operator']) retrieved from /home/pedro/Documentos/airflow/venv/lib/python3.9/site-packages/airflow/example_dags/example_bash_operator.py
[2025-05-09 14:51:13,783] {logging_mixin.py:115} INFO - [2025-05-09 14:51:13,783] {dag.py:2379} INFO - Sync 1 DAGs
[2025-05-09 14:51:13,796] {logging_mixin.py:115} INFO - [2025-05-09 14:51:13,796] {dag.py:2927} INFO - Setting next_dagrun for example_bash_operator to 2025-05-08T00:00:00+00:00, run_after=2025-05-09T00:00:00+00:00
[2025-05-09 14:51:13,846] {processor.py:161} INFO - Processing /home/pedro/Documentos/airflow/venv/lib/python3.9/site-packages/airflow/example_dags/example_bash_operator.py took 0.102 seconds
[2025-05-09 14:51:49,131] {processor.py:153} INFO - Started process (PID=71858) to work on /home/pedro/Documentos/airflow/venv/lib/python3.9/site-packages/airflow/example_dags/example_bash_operator.py
[2025-05-09 14:51:49,143] {processor.py:641} INFO - Processing file /home/pedro/Documentos/airflow/venv/lib/python3.9/site-packages/airflow/example_dags/example_bash_operator.py for tasks to queue
[2025-05-09 14:51:49,144] {logging_mixin.py:115} INFO - [2025-05-09 14:51:49,144] {dagbag.py:507} INFO - Filling up the DagBag from /home/pedro/Documentos/airflow/venv/lib/python3.9/site-packages/airflow/example_dags/example_bash_operator.py
[2025-05-09 14:51:49,151] {processor.py:651} INFO - DAG(s) dict_keys(['example_bash_operator']) retrieved from /home/pedro/Documentos/airflow/venv/lib/python3.9/site-packages/airflow/example_dags/example_bash_operator.py
[2025-05-09 14:51:49,165] {logging_mixin.py:115} INFO - [2025-05-09 14:51:49,165] {dag.py:2379} INFO - Sync 1 DAGs
[2025-05-09 14:51:49,176] {logging_mixin.py:115} INFO - [2025-05-09 14:51:49,176] {dag.py:2927} INFO - Setting next_dagrun for example_bash_operator to 2025-05-08T00:00:00+00:00, run_after=2025-05-09T00:00:00+00:00
[2025-05-09 14:51:49,187] {processor.py:161} INFO - Processing /home/pedro/Documentos/airflow/venv/lib/python3.9/site-packages/airflow/example_dags/example_bash_operator.py took 0.058 seconds
[2025-05-09 14:52:22,765] {processor.py:153} INFO - Started process (PID=72371) to work on /home/pedro/Documentos/airflow/venv/lib/python3.9/site-packages/airflow/example_dags/example_bash_operator.py
[2025-05-09 14:52:22,778] {processor.py:641} INFO - Processing file /home/pedro/Documentos/airflow/venv/lib/python3.9/site-packages/airflow/example_dags/example_bash_operator.py for tasks to queue
[2025-05-09 14:52:22,778] {logging_mixin.py:115} INFO - [2025-05-09 14:52:22,778] {dagbag.py:507} INFO - Filling up the DagBag from /home/pedro/Documentos/airflow/venv/lib/python3.9/site-packages/airflow/example_dags/example_bash_operator.py
[2025-05-09 14:52:22,787] {processor.py:651} INFO - DAG(s) dict_keys(['example_bash_operator']) retrieved from /home/pedro/Documentos/airflow/venv/lib/python3.9/site-packages/airflow/example_dags/example_bash_operator.py
[2025-05-09 14:52:22,800] {logging_mixin.py:115} INFO - [2025-05-09 14:52:22,800] {dag.py:2379} INFO - Sync 1 DAGs
[2025-05-09 14:52:22,812] {logging_mixin.py:115} INFO - [2025-05-09 14:52:22,812] {dag.py:2927} INFO - Setting next_dagrun for example_bash_operator to 2025-05-08T00:00:00+00:00, run_after=2025-05-09T00:00:00+00:00
[2025-05-09 14:52:22,822] {processor.py:161} INFO - Processing /home/pedro/Documentos/airflow/venv/lib/python3.9/site-packages/airflow/example_dags/example_bash_operator.py took 0.059 seconds
[2025-05-09 14:52:56,426] {processor.py:153} INFO - Started process (PID=72638) to work on /home/pedro/Documentos/airflow/venv/lib/python3.9/site-packages/airflow/example_dags/example_bash_operator.py
[2025-05-09 14:52:56,433] {processor.py:641} INFO - Processing file /home/pedro/Documentos/airflow/venv/lib/python3.9/site-packages/airflow/example_dags/example_bash_operator.py for tasks to queue
[2025-05-09 14:52:56,433] {logging_mixin.py:115} INFO - [2025-05-09 14:52:56,433] {dagbag.py:507} INFO - Filling up the DagBag from /home/pedro/Documentos/airflow/venv/lib/python3.9/site-packages/airflow/example_dags/example_bash_operator.py
[2025-05-09 14:52:56,441] {processor.py:651} INFO - DAG(s) dict_keys(['example_bash_operator']) retrieved from /home/pedro/Documentos/airflow/venv/lib/python3.9/site-packages/airflow/example_dags/example_bash_operator.py
[2025-05-09 14:52:56,457] {logging_mixin.py:115} INFO - [2025-05-09 14:52:56,457] {dag.py:2379} INFO - Sync 1 DAGs
[2025-05-09 14:52:56,470] {logging_mixin.py:115} INFO - [2025-05-09 14:52:56,470] {dag.py:2927} INFO - Setting next_dagrun for example_bash_operator to 2025-05-08T00:00:00+00:00, run_after=2025-05-09T00:00:00+00:00
[2025-05-09 14:52:56,483] {processor.py:161} INFO - Processing /home/pedro/Documentos/airflow/venv/lib/python3.9/site-packages/airflow/example_dags/example_bash_operator.py took 0.059 seconds
[2025-05-09 14:53:30,457] {processor.py:153} INFO - Started process (PID=73368) to work on /home/pedro/Documentos/airflow/venv/lib/python3.9/site-packages/airflow/example_dags/example_bash_operator.py
[2025-05-09 14:53:30,470] {processor.py:641} INFO - Processing file /home/pedro/Documentos/airflow/venv/lib/python3.9/site-packages/airflow/example_dags/example_bash_operator.py for tasks to queue
[2025-05-09 14:53:30,470] {logging_mixin.py:115} INFO - [2025-05-09 14:53:30,470] {dagbag.py:507} INFO - Filling up the DagBag from /home/pedro/Documentos/airflow/venv/lib/python3.9/site-packages/airflow/example_dags/example_bash_operator.py
[2025-05-09 14:53:30,478] {processor.py:651} INFO - DAG(s) dict_keys(['example_bash_operator']) retrieved from /home/pedro/Documentos/airflow/venv/lib/python3.9/site-packages/airflow/example_dags/example_bash_operator.py
[2025-05-09 14:53:30,491] {logging_mixin.py:115} INFO - [2025-05-09 14:53:30,491] {dag.py:2379} INFO - Sync 1 DAGs
[2025-05-09 14:53:30,503] {logging_mixin.py:115} INFO - [2025-05-09 14:53:30,503] {dag.py:2927} INFO - Setting next_dagrun for example_bash_operator to 2025-05-08T00:00:00+00:00, run_after=2025-05-09T00:00:00+00:00
[2025-05-09 14:53:30,516] {processor.py:161} INFO - Processing /home/pedro/Documentos/airflow/venv/lib/python3.9/site-packages/airflow/example_dags/example_bash_operator.py took 0.061 seconds
[2025-05-09 14:54:05,773] {processor.py:153} INFO - Started process (PID=74150) to work on /home/pedro/Documentos/airflow/venv/lib/python3.9/site-packages/airflow/example_dags/example_bash_operator.py
[2025-05-09 14:54:05,786] {processor.py:641} INFO - Processing file /home/pedro/Documentos/airflow/venv/lib/python3.9/site-packages/airflow/example_dags/example_bash_operator.py for tasks to queue
[2025-05-09 14:54:05,786] {logging_mixin.py:115} INFO - [2025-05-09 14:54:05,786] {dagbag.py:507} INFO - Filling up the DagBag from /home/pedro/Documentos/airflow/venv/lib/python3.9/site-packages/airflow/example_dags/example_bash_operator.py
[2025-05-09 14:54:05,798] {processor.py:651} INFO - DAG(s) dict_keys(['example_bash_operator']) retrieved from /home/pedro/Documentos/airflow/venv/lib/python3.9/site-packages/airflow/example_dags/example_bash_operator.py
[2025-05-09 14:54:05,812] {logging_mixin.py:115} INFO - [2025-05-09 14:54:05,812] {dag.py:2379} INFO - Sync 1 DAGs
[2025-05-09 14:54:05,829] {logging_mixin.py:115} INFO - [2025-05-09 14:54:05,829] {dag.py:2927} INFO - Setting next_dagrun for example_bash_operator to 2025-05-08T00:00:00+00:00, run_after=2025-05-09T00:00:00+00:00
[2025-05-09 14:54:05,840] {processor.py:161} INFO - Processing /home/pedro/Documentos/airflow/venv/lib/python3.9/site-packages/airflow/example_dags/example_bash_operator.py took 0.069 seconds
[2025-05-09 14:54:38,793] {processor.py:153} INFO - Started process (PID=74411) to work on /home/pedro/Documentos/airflow/venv/lib/python3.9/site-packages/airflow/example_dags/example_bash_operator.py
[2025-05-09 14:54:38,806] {processor.py:641} INFO - Processing file /home/pedro/Documentos/airflow/venv/lib/python3.9/site-packages/airflow/example_dags/example_bash_operator.py for tasks to queue
[2025-05-09 14:54:38,806] {logging_mixin.py:115} INFO - [2025-05-09 14:54:38,806] {dagbag.py:507} INFO - Filling up the DagBag from /home/pedro/Documentos/airflow/venv/lib/python3.9/site-packages/airflow/example_dags/example_bash_operator.py
[2025-05-09 14:54:38,817] {processor.py:651} INFO - DAG(s) dict_keys(['example_bash_operator']) retrieved from /home/pedro/Documentos/airflow/venv/lib/python3.9/site-packages/airflow/example_dags/example_bash_operator.py
[2025-05-09 14:54:38,828] {logging_mixin.py:115} INFO - [2025-05-09 14:54:38,828] {dag.py:2379} INFO - Sync 1 DAGs
[2025-05-09 14:54:38,840] {logging_mixin.py:115} INFO - [2025-05-09 14:54:38,840] {dag.py:2927} INFO - Setting next_dagrun for example_bash_operator to 2025-05-08T00:00:00+00:00, run_after=2025-05-09T00:00:00+00:00
[2025-05-09 14:54:38,850] {processor.py:161} INFO - Processing /home/pedro/Documentos/airflow/venv/lib/python3.9/site-packages/airflow/example_dags/example_bash_operator.py took 0.059 seconds
[2025-05-09 14:55:10,242] {processor.py:153} INFO - Started process (PID=74602) to work on /home/pedro/Documentos/airflow/venv/lib/python3.9/site-packages/airflow/example_dags/example_bash_operator.py
[2025-05-09 14:55:10,254] {processor.py:641} INFO - Processing file /home/pedro/Documentos/airflow/venv/lib/python3.9/site-packages/airflow/example_dags/example_bash_operator.py for tasks to queue
[2025-05-09 14:55:10,254] {logging_mixin.py:115} INFO - [2025-05-09 14:55:10,254] {dagbag.py:507} INFO - Filling up the DagBag from /home/pedro/Documentos/airflow/venv/lib/python3.9/site-packages/airflow/example_dags/example_bash_operator.py
[2025-05-09 14:55:10,264] {processor.py:651} INFO - DAG(s) dict_keys(['example_bash_operator']) retrieved from /home/pedro/Documentos/airflow/venv/lib/python3.9/site-packages/airflow/example_dags/example_bash_operator.py
[2025-05-09 14:55:10,275] {logging_mixin.py:115} INFO - [2025-05-09 14:55:10,275] {dag.py:2379} INFO - Sync 1 DAGs
[2025-05-09 14:55:10,287] {logging_mixin.py:115} INFO - [2025-05-09 14:55:10,287] {dag.py:2927} INFO - Setting next_dagrun for example_bash_operator to 2025-05-08T00:00:00+00:00, run_after=2025-05-09T00:00:00+00:00
[2025-05-09 14:55:10,296] {processor.py:161} INFO - Processing /home/pedro/Documentos/airflow/venv/lib/python3.9/site-packages/airflow/example_dags/example_bash_operator.py took 0.057 seconds
