[2025-05-09 14:33:48,448] {processor.py:153} INFO - Started process (PID=61591) to work on /home/pedro/Documentos/airflow/venv/lib/python3.9/site-packages/airflow/example_dags/example_trigger_target_dag.py
[2025-05-09 14:33:48,448] {processor.py:641} INFO - Processing file /home/pedro/Documentos/airflow/venv/lib/python3.9/site-packages/airflow/example_dags/example_trigger_target_dag.py for tasks to queue
[2025-05-09 14:33:48,449] {logging_mixin.py:115} INFO - [2025-05-09 14:33:48,449] {dagbag.py:507} INFO - Filling up the DagBag from /home/pedro/Documentos/airflow/venv/lib/python3.9/site-packages/airflow/example_dags/example_trigger_target_dag.py
[2025-05-09 14:33:48,459] {processor.py:651} INFO - DAG(s) dict_keys(['example_trigger_target_dag']) retrieved from /home/pedro/Documentos/airflow/venv/lib/python3.9/site-packages/airflow/example_dags/example_trigger_target_dag.py
[2025-05-09 14:33:48,501] {logging_mixin.py:115} INFO - [2025-05-09 14:33:48,501] {manager.py:508} INFO - Created Permission View: can delete on DAG:example_trigger_target_dag
[2025-05-09 14:33:48,509] {logging_mixin.py:115} INFO - [2025-05-09 14:33:48,509] {manager.py:508} INFO - Created Permission View: can read on DAG:example_trigger_target_dag
[2025-05-09 14:33:48,517] {logging_mixin.py:115} INFO - [2025-05-09 14:33:48,517] {manager.py:508} INFO - Created Permission View: can edit on DAG:example_trigger_target_dag
[2025-05-09 14:33:48,517] {logging_mixin.py:115} INFO - [2025-05-09 14:33:48,517] {dag.py:2379} INFO - Sync 1 DAGs
[2025-05-09 14:33:48,522] {logging_mixin.py:115} INFO - [2025-05-09 14:33:48,522] {dag.py:2398} INFO - Creating ORM DAG for example_trigger_target_dag
[2025-05-09 14:33:48,528] {logging_mixin.py:115} INFO - [2025-05-09 14:33:48,528] {dag.py:2927} INFO - Setting next_dagrun for example_trigger_target_dag to None, run_after=None
[2025-05-09 14:33:48,540] {processor.py:161} INFO - Processing /home/pedro/Documentos/airflow/venv/lib/python3.9/site-packages/airflow/example_dags/example_trigger_target_dag.py took 0.095 seconds
[2025-05-09 14:34:23,851] {processor.py:153} INFO - Started process (PID=62081) to work on /home/pedro/Documentos/airflow/venv/lib/python3.9/site-packages/airflow/example_dags/example_trigger_target_dag.py
[2025-05-09 14:34:23,864] {processor.py:641} INFO - Processing file /home/pedro/Documentos/airflow/venv/lib/python3.9/site-packages/airflow/example_dags/example_trigger_target_dag.py for tasks to queue
[2025-05-09 14:34:23,864] {logging_mixin.py:115} INFO - [2025-05-09 14:34:23,864] {dagbag.py:507} INFO - Filling up the DagBag from /home/pedro/Documentos/airflow/venv/lib/python3.9/site-packages/airflow/example_dags/example_trigger_target_dag.py
[2025-05-09 14:34:23,875] {processor.py:651} INFO - DAG(s) dict_keys(['example_trigger_target_dag']) retrieved from /home/pedro/Documentos/airflow/venv/lib/python3.9/site-packages/airflow/example_dags/example_trigger_target_dag.py
[2025-05-09 14:34:23,887] {logging_mixin.py:115} INFO - [2025-05-09 14:34:23,887] {dag.py:2379} INFO - Sync 1 DAGs
[2025-05-09 14:34:23,898] {logging_mixin.py:115} INFO - [2025-05-09 14:34:23,898] {dag.py:2927} INFO - Setting next_dagrun for example_trigger_target_dag to None, run_after=None
[2025-05-09 14:34:23,908] {processor.py:161} INFO - Processing /home/pedro/Documentos/airflow/venv/lib/python3.9/site-packages/airflow/example_dags/example_trigger_target_dag.py took 0.059 seconds
[2025-05-09 14:34:58,877] {processor.py:153} INFO - Started process (PID=62513) to work on /home/pedro/Documentos/airflow/venv/lib/python3.9/site-packages/airflow/example_dags/example_trigger_target_dag.py
[2025-05-09 14:34:58,879] {processor.py:641} INFO - Processing file /home/pedro/Documentos/airflow/venv/lib/python3.9/site-packages/airflow/example_dags/example_trigger_target_dag.py for tasks to queue
[2025-05-09 14:34:58,879] {logging_mixin.py:115} INFO - [2025-05-09 14:34:58,879] {dagbag.py:507} INFO - Filling up the DagBag from /home/pedro/Documentos/airflow/venv/lib/python3.9/site-packages/airflow/example_dags/example_trigger_target_dag.py
[2025-05-09 14:34:58,890] {processor.py:651} INFO - DAG(s) dict_keys(['example_trigger_target_dag']) retrieved from /home/pedro/Documentos/airflow/venv/lib/python3.9/site-packages/airflow/example_dags/example_trigger_target_dag.py
[2025-05-09 14:34:58,903] {logging_mixin.py:115} INFO - [2025-05-09 14:34:58,903] {dag.py:2379} INFO - Sync 1 DAGs
[2025-05-09 14:34:58,914] {logging_mixin.py:115} INFO - [2025-05-09 14:34:58,914] {dag.py:2927} INFO - Setting next_dagrun for example_trigger_target_dag to None, run_after=None
[2025-05-09 14:34:58,960] {processor.py:161} INFO - Processing /home/pedro/Documentos/airflow/venv/lib/python3.9/site-packages/airflow/example_dags/example_trigger_target_dag.py took 0.084 seconds
[2025-05-09 14:35:31,397] {processor.py:153} INFO - Started process (PID=62850) to work on /home/pedro/Documentos/airflow/venv/lib/python3.9/site-packages/airflow/example_dags/example_trigger_target_dag.py
[2025-05-09 14:35:31,409] {processor.py:641} INFO - Processing file /home/pedro/Documentos/airflow/venv/lib/python3.9/site-packages/airflow/example_dags/example_trigger_target_dag.py for tasks to queue
[2025-05-09 14:35:31,410] {logging_mixin.py:115} INFO - [2025-05-09 14:35:31,410] {dagbag.py:507} INFO - Filling up the DagBag from /home/pedro/Documentos/airflow/venv/lib/python3.9/site-packages/airflow/example_dags/example_trigger_target_dag.py
[2025-05-09 14:35:31,421] {processor.py:651} INFO - DAG(s) dict_keys(['example_trigger_target_dag']) retrieved from /home/pedro/Documentos/airflow/venv/lib/python3.9/site-packages/airflow/example_dags/example_trigger_target_dag.py
[2025-05-09 14:35:31,433] {logging_mixin.py:115} INFO - [2025-05-09 14:35:31,433] {dag.py:2379} INFO - Sync 1 DAGs
[2025-05-09 14:35:31,446] {logging_mixin.py:115} INFO - [2025-05-09 14:35:31,445] {dag.py:2927} INFO - Setting next_dagrun for example_trigger_target_dag to None, run_after=None
[2025-05-09 14:35:31,456] {processor.py:161} INFO - Processing /home/pedro/Documentos/airflow/venv/lib/python3.9/site-packages/airflow/example_dags/example_trigger_target_dag.py took 0.061 seconds
[2025-05-09 14:36:03,522] {processor.py:153} INFO - Started process (PID=63236) to work on /home/pedro/Documentos/airflow/venv/lib/python3.9/site-packages/airflow/example_dags/example_trigger_target_dag.py
[2025-05-09 14:36:03,534] {processor.py:641} INFO - Processing file /home/pedro/Documentos/airflow/venv/lib/python3.9/site-packages/airflow/example_dags/example_trigger_target_dag.py for tasks to queue
[2025-05-09 14:36:03,535] {logging_mixin.py:115} INFO - [2025-05-09 14:36:03,534] {dagbag.py:507} INFO - Filling up the DagBag from /home/pedro/Documentos/airflow/venv/lib/python3.9/site-packages/airflow/example_dags/example_trigger_target_dag.py
[2025-05-09 14:36:03,546] {processor.py:651} INFO - DAG(s) dict_keys(['example_trigger_target_dag']) retrieved from /home/pedro/Documentos/airflow/venv/lib/python3.9/site-packages/airflow/example_dags/example_trigger_target_dag.py
[2025-05-09 14:36:03,558] {logging_mixin.py:115} INFO - [2025-05-09 14:36:03,558] {dag.py:2379} INFO - Sync 1 DAGs
[2025-05-09 14:36:03,569] {logging_mixin.py:115} INFO - [2025-05-09 14:36:03,569] {dag.py:2927} INFO - Setting next_dagrun for example_trigger_target_dag to None, run_after=None
[2025-05-09 14:36:03,580] {processor.py:161} INFO - Processing /home/pedro/Documentos/airflow/venv/lib/python3.9/site-packages/airflow/example_dags/example_trigger_target_dag.py took 0.061 seconds
[2025-05-09 14:36:35,554] {processor.py:153} INFO - Started process (PID=63433) to work on /home/pedro/Documentos/airflow/venv/lib/python3.9/site-packages/airflow/example_dags/example_trigger_target_dag.py
[2025-05-09 14:36:35,555] {processor.py:641} INFO - Processing file /home/pedro/Documentos/airflow/venv/lib/python3.9/site-packages/airflow/example_dags/example_trigger_target_dag.py for tasks to queue
[2025-05-09 14:36:35,555] {logging_mixin.py:115} INFO - [2025-05-09 14:36:35,555] {dagbag.py:507} INFO - Filling up the DagBag from /home/pedro/Documentos/airflow/venv/lib/python3.9/site-packages/airflow/example_dags/example_trigger_target_dag.py
[2025-05-09 14:36:35,566] {processor.py:651} INFO - DAG(s) dict_keys(['example_trigger_target_dag']) retrieved from /home/pedro/Documentos/airflow/venv/lib/python3.9/site-packages/airflow/example_dags/example_trigger_target_dag.py
[2025-05-09 14:36:35,579] {logging_mixin.py:115} INFO - [2025-05-09 14:36:35,579] {dag.py:2379} INFO - Sync 1 DAGs
[2025-05-09 14:36:35,591] {logging_mixin.py:115} INFO - [2025-05-09 14:36:35,591] {dag.py:2927} INFO - Setting next_dagrun for example_trigger_target_dag to None, run_after=None
[2025-05-09 14:36:35,600] {processor.py:161} INFO - Processing /home/pedro/Documentos/airflow/venv/lib/python3.9/site-packages/airflow/example_dags/example_trigger_target_dag.py took 0.048 seconds
[2025-05-09 14:37:09,341] {processor.py:153} INFO - Started process (PID=63841) to work on /home/pedro/Documentos/airflow/venv/lib/python3.9/site-packages/airflow/example_dags/example_trigger_target_dag.py
[2025-05-09 14:37:09,354] {processor.py:641} INFO - Processing file /home/pedro/Documentos/airflow/venv/lib/python3.9/site-packages/airflow/example_dags/example_trigger_target_dag.py for tasks to queue
[2025-05-09 14:37:09,354] {logging_mixin.py:115} INFO - [2025-05-09 14:37:09,354] {dagbag.py:507} INFO - Filling up the DagBag from /home/pedro/Documentos/airflow/venv/lib/python3.9/site-packages/airflow/example_dags/example_trigger_target_dag.py
[2025-05-09 14:37:09,364] {processor.py:651} INFO - DAG(s) dict_keys(['example_trigger_target_dag']) retrieved from /home/pedro/Documentos/airflow/venv/lib/python3.9/site-packages/airflow/example_dags/example_trigger_target_dag.py
[2025-05-09 14:37:09,377] {logging_mixin.py:115} INFO - [2025-05-09 14:37:09,376] {dag.py:2379} INFO - Sync 1 DAGs
[2025-05-09 14:37:09,388] {logging_mixin.py:115} INFO - [2025-05-09 14:37:09,388] {dag.py:2927} INFO - Setting next_dagrun for example_trigger_target_dag to None, run_after=None
[2025-05-09 14:37:09,398] {processor.py:161} INFO - Processing /home/pedro/Documentos/airflow/venv/lib/python3.9/site-packages/airflow/example_dags/example_trigger_target_dag.py took 0.060 seconds
[2025-05-09 14:37:43,623] {processor.py:153} INFO - Started process (PID=64275) to work on /home/pedro/Documentos/airflow/venv/lib/python3.9/site-packages/airflow/example_dags/example_trigger_target_dag.py
[2025-05-09 14:37:43,623] {processor.py:641} INFO - Processing file /home/pedro/Documentos/airflow/venv/lib/python3.9/site-packages/airflow/example_dags/example_trigger_target_dag.py for tasks to queue
[2025-05-09 14:37:43,624] {logging_mixin.py:115} INFO - [2025-05-09 14:37:43,623] {dagbag.py:507} INFO - Filling up the DagBag from /home/pedro/Documentos/airflow/venv/lib/python3.9/site-packages/airflow/example_dags/example_trigger_target_dag.py
[2025-05-09 14:37:43,634] {processor.py:651} INFO - DAG(s) dict_keys(['example_trigger_target_dag']) retrieved from /home/pedro/Documentos/airflow/venv/lib/python3.9/site-packages/airflow/example_dags/example_trigger_target_dag.py
[2025-05-09 14:37:43,646] {logging_mixin.py:115} INFO - [2025-05-09 14:37:43,646] {dag.py:2379} INFO - Sync 1 DAGs
[2025-05-09 14:37:43,658] {logging_mixin.py:115} INFO - [2025-05-09 14:37:43,657] {dag.py:2927} INFO - Setting next_dagrun for example_trigger_target_dag to None, run_after=None
[2025-05-09 14:37:43,667] {processor.py:161} INFO - Processing /home/pedro/Documentos/airflow/venv/lib/python3.9/site-packages/airflow/example_dags/example_trigger_target_dag.py took 0.047 seconds
[2025-05-09 14:38:14,568] {processor.py:153} INFO - Started process (PID=64693) to work on /home/pedro/Documentos/airflow/venv/lib/python3.9/site-packages/airflow/example_dags/example_trigger_target_dag.py
[2025-05-09 14:38:14,581] {processor.py:641} INFO - Processing file /home/pedro/Documentos/airflow/venv/lib/python3.9/site-packages/airflow/example_dags/example_trigger_target_dag.py for tasks to queue
[2025-05-09 14:38:14,581] {logging_mixin.py:115} INFO - [2025-05-09 14:38:14,581] {dagbag.py:507} INFO - Filling up the DagBag from /home/pedro/Documentos/airflow/venv/lib/python3.9/site-packages/airflow/example_dags/example_trigger_target_dag.py
[2025-05-09 14:38:14,592] {processor.py:651} INFO - DAG(s) dict_keys(['example_trigger_target_dag']) retrieved from /home/pedro/Documentos/airflow/venv/lib/python3.9/site-packages/airflow/example_dags/example_trigger_target_dag.py
[2025-05-09 14:38:14,605] {logging_mixin.py:115} INFO - [2025-05-09 14:38:14,605] {dag.py:2379} INFO - Sync 1 DAGs
[2025-05-09 14:38:14,616] {logging_mixin.py:115} INFO - [2025-05-09 14:38:14,616] {dag.py:2927} INFO - Setting next_dagrun for example_trigger_target_dag to None, run_after=None
[2025-05-09 14:38:14,626] {processor.py:161} INFO - Processing /home/pedro/Documentos/airflow/venv/lib/python3.9/site-packages/airflow/example_dags/example_trigger_target_dag.py took 0.060 seconds
[2025-05-09 14:38:50,773] {processor.py:153} INFO - Started process (PID=65097) to work on /home/pedro/Documentos/airflow/venv/lib/python3.9/site-packages/airflow/example_dags/example_trigger_target_dag.py
[2025-05-09 14:38:50,786] {processor.py:641} INFO - Processing file /home/pedro/Documentos/airflow/venv/lib/python3.9/site-packages/airflow/example_dags/example_trigger_target_dag.py for tasks to queue
[2025-05-09 14:38:50,786] {logging_mixin.py:115} INFO - [2025-05-09 14:38:50,786] {dagbag.py:507} INFO - Filling up the DagBag from /home/pedro/Documentos/airflow/venv/lib/python3.9/site-packages/airflow/example_dags/example_trigger_target_dag.py
[2025-05-09 14:38:50,798] {processor.py:651} INFO - DAG(s) dict_keys(['example_trigger_target_dag']) retrieved from /home/pedro/Documentos/airflow/venv/lib/python3.9/site-packages/airflow/example_dags/example_trigger_target_dag.py
[2025-05-09 14:38:50,810] {logging_mixin.py:115} INFO - [2025-05-09 14:38:50,810] {dag.py:2379} INFO - Sync 1 DAGs
[2025-05-09 14:38:50,821] {logging_mixin.py:115} INFO - [2025-05-09 14:38:50,821] {dag.py:2927} INFO - Setting next_dagrun for example_trigger_target_dag to None, run_after=None
[2025-05-09 14:38:50,830] {processor.py:161} INFO - Processing /home/pedro/Documentos/airflow/venv/lib/python3.9/site-packages/airflow/example_dags/example_trigger_target_dag.py took 0.059 seconds
[2025-05-09 14:39:23,922] {processor.py:153} INFO - Started process (PID=65467) to work on /home/pedro/Documentos/airflow/venv/lib/python3.9/site-packages/airflow/example_dags/example_trigger_target_dag.py
[2025-05-09 14:39:23,934] {processor.py:641} INFO - Processing file /home/pedro/Documentos/airflow/venv/lib/python3.9/site-packages/airflow/example_dags/example_trigger_target_dag.py for tasks to queue
[2025-05-09 14:39:23,935] {logging_mixin.py:115} INFO - [2025-05-09 14:39:23,935] {dagbag.py:507} INFO - Filling up the DagBag from /home/pedro/Documentos/airflow/venv/lib/python3.9/site-packages/airflow/example_dags/example_trigger_target_dag.py
[2025-05-09 14:39:23,946] {processor.py:651} INFO - DAG(s) dict_keys(['example_trigger_target_dag']) retrieved from /home/pedro/Documentos/airflow/venv/lib/python3.9/site-packages/airflow/example_dags/example_trigger_target_dag.py
[2025-05-09 14:39:23,958] {logging_mixin.py:115} INFO - [2025-05-09 14:39:23,958] {dag.py:2379} INFO - Sync 1 DAGs
[2025-05-09 14:39:23,969] {logging_mixin.py:115} INFO - [2025-05-09 14:39:23,969] {dag.py:2927} INFO - Setting next_dagrun for example_trigger_target_dag to None, run_after=None
[2025-05-09 14:39:23,979] {processor.py:161} INFO - Processing /home/pedro/Documentos/airflow/venv/lib/python3.9/site-packages/airflow/example_dags/example_trigger_target_dag.py took 0.059 seconds
[2025-05-09 14:39:55,366] {processor.py:153} INFO - Started process (PID=65663) to work on /home/pedro/Documentos/airflow/venv/lib/python3.9/site-packages/airflow/example_dags/example_trigger_target_dag.py
[2025-05-09 14:39:55,367] {processor.py:641} INFO - Processing file /home/pedro/Documentos/airflow/venv/lib/python3.9/site-packages/airflow/example_dags/example_trigger_target_dag.py for tasks to queue
[2025-05-09 14:39:55,367] {logging_mixin.py:115} INFO - [2025-05-09 14:39:55,367] {dagbag.py:507} INFO - Filling up the DagBag from /home/pedro/Documentos/airflow/venv/lib/python3.9/site-packages/airflow/example_dags/example_trigger_target_dag.py
[2025-05-09 14:39:55,377] {processor.py:651} INFO - DAG(s) dict_keys(['example_trigger_target_dag']) retrieved from /home/pedro/Documentos/airflow/venv/lib/python3.9/site-packages/airflow/example_dags/example_trigger_target_dag.py
[2025-05-09 14:39:55,389] {logging_mixin.py:115} INFO - [2025-05-09 14:39:55,389] {dag.py:2379} INFO - Sync 1 DAGs
[2025-05-09 14:39:55,400] {logging_mixin.py:115} INFO - [2025-05-09 14:39:55,400] {dag.py:2927} INFO - Setting next_dagrun for example_trigger_target_dag to None, run_after=None
[2025-05-09 14:39:55,410] {processor.py:161} INFO - Processing /home/pedro/Documentos/airflow/venv/lib/python3.9/site-packages/airflow/example_dags/example_trigger_target_dag.py took 0.046 seconds
[2025-05-09 14:40:29,335] {processor.py:153} INFO - Started process (PID=65897) to work on /home/pedro/Documentos/airflow/venv/lib/python3.9/site-packages/airflow/example_dags/example_trigger_target_dag.py
[2025-05-09 14:40:29,347] {processor.py:641} INFO - Processing file /home/pedro/Documentos/airflow/venv/lib/python3.9/site-packages/airflow/example_dags/example_trigger_target_dag.py for tasks to queue
[2025-05-09 14:40:29,348] {logging_mixin.py:115} INFO - [2025-05-09 14:40:29,348] {dagbag.py:507} INFO - Filling up the DagBag from /home/pedro/Documentos/airflow/venv/lib/python3.9/site-packages/airflow/example_dags/example_trigger_target_dag.py
[2025-05-09 14:40:29,360] {processor.py:651} INFO - DAG(s) dict_keys(['example_trigger_target_dag']) retrieved from /home/pedro/Documentos/airflow/venv/lib/python3.9/site-packages/airflow/example_dags/example_trigger_target_dag.py
[2025-05-09 14:40:29,372] {logging_mixin.py:115} INFO - [2025-05-09 14:40:29,372] {dag.py:2379} INFO - Sync 1 DAGs
[2025-05-09 14:40:29,383] {logging_mixin.py:115} INFO - [2025-05-09 14:40:29,383] {dag.py:2927} INFO - Setting next_dagrun for example_trigger_target_dag to None, run_after=None
[2025-05-09 14:40:29,393] {processor.py:161} INFO - Processing /home/pedro/Documentos/airflow/venv/lib/python3.9/site-packages/airflow/example_dags/example_trigger_target_dag.py took 0.060 seconds
[2025-05-09 14:41:02,152] {processor.py:153} INFO - Started process (PID=66420) to work on /home/pedro/Documentos/airflow/venv/lib/python3.9/site-packages/airflow/example_dags/example_trigger_target_dag.py
[2025-05-09 14:41:02,153] {processor.py:641} INFO - Processing file /home/pedro/Documentos/airflow/venv/lib/python3.9/site-packages/airflow/example_dags/example_trigger_target_dag.py for tasks to queue
[2025-05-09 14:41:02,153] {logging_mixin.py:115} INFO - [2025-05-09 14:41:02,153] {dagbag.py:507} INFO - Filling up the DagBag from /home/pedro/Documentos/airflow/venv/lib/python3.9/site-packages/airflow/example_dags/example_trigger_target_dag.py
[2025-05-09 14:41:02,164] {processor.py:651} INFO - DAG(s) dict_keys(['example_trigger_target_dag']) retrieved from /home/pedro/Documentos/airflow/venv/lib/python3.9/site-packages/airflow/example_dags/example_trigger_target_dag.py
[2025-05-09 14:41:02,180] {logging_mixin.py:115} INFO - [2025-05-09 14:41:02,180] {dag.py:2379} INFO - Sync 1 DAGs
[2025-05-09 14:41:02,193] {logging_mixin.py:115} INFO - [2025-05-09 14:41:02,193] {dag.py:2927} INFO - Setting next_dagrun for example_trigger_target_dag to None, run_after=None
[2025-05-09 14:41:02,203] {processor.py:161} INFO - Processing /home/pedro/Documentos/airflow/venv/lib/python3.9/site-packages/airflow/example_dags/example_trigger_target_dag.py took 0.052 seconds
[2025-05-09 14:41:38,198] {processor.py:153} INFO - Started process (PID=66856) to work on /home/pedro/Documentos/airflow/venv/lib/python3.9/site-packages/airflow/example_dags/example_trigger_target_dag.py
[2025-05-09 14:41:38,211] {processor.py:641} INFO - Processing file /home/pedro/Documentos/airflow/venv/lib/python3.9/site-packages/airflow/example_dags/example_trigger_target_dag.py for tasks to queue
[2025-05-09 14:41:38,211] {logging_mixin.py:115} INFO - [2025-05-09 14:41:38,211] {dagbag.py:507} INFO - Filling up the DagBag from /home/pedro/Documentos/airflow/venv/lib/python3.9/site-packages/airflow/example_dags/example_trigger_target_dag.py
[2025-05-09 14:41:38,222] {processor.py:651} INFO - DAG(s) dict_keys(['example_trigger_target_dag']) retrieved from /home/pedro/Documentos/airflow/venv/lib/python3.9/site-packages/airflow/example_dags/example_trigger_target_dag.py
[2025-05-09 14:41:38,235] {logging_mixin.py:115} INFO - [2025-05-09 14:41:38,235] {dag.py:2379} INFO - Sync 1 DAGs
[2025-05-09 14:41:38,246] {logging_mixin.py:115} INFO - [2025-05-09 14:41:38,246] {dag.py:2927} INFO - Setting next_dagrun for example_trigger_target_dag to None, run_after=None
[2025-05-09 14:41:38,255] {processor.py:161} INFO - Processing /home/pedro/Documentos/airflow/venv/lib/python3.9/site-packages/airflow/example_dags/example_trigger_target_dag.py took 0.059 seconds
[2025-05-09 14:42:09,072] {processor.py:153} INFO - Started process (PID=67048) to work on /home/pedro/Documentos/airflow/venv/lib/python3.9/site-packages/airflow/example_dags/example_trigger_target_dag.py
[2025-05-09 14:42:09,084] {processor.py:641} INFO - Processing file /home/pedro/Documentos/airflow/venv/lib/python3.9/site-packages/airflow/example_dags/example_trigger_target_dag.py for tasks to queue
[2025-05-09 14:42:09,084] {logging_mixin.py:115} INFO - [2025-05-09 14:42:09,084] {dagbag.py:507} INFO - Filling up the DagBag from /home/pedro/Documentos/airflow/venv/lib/python3.9/site-packages/airflow/example_dags/example_trigger_target_dag.py
[2025-05-09 14:42:09,096] {processor.py:651} INFO - DAG(s) dict_keys(['example_trigger_target_dag']) retrieved from /home/pedro/Documentos/airflow/venv/lib/python3.9/site-packages/airflow/example_dags/example_trigger_target_dag.py
[2025-05-09 14:42:09,108] {logging_mixin.py:115} INFO - [2025-05-09 14:42:09,108] {dag.py:2379} INFO - Sync 1 DAGs
[2025-05-09 14:42:09,119] {logging_mixin.py:115} INFO - [2025-05-09 14:42:09,119] {dag.py:2927} INFO - Setting next_dagrun for example_trigger_target_dag to None, run_after=None
[2025-05-09 14:42:09,129] {processor.py:161} INFO - Processing /home/pedro/Documentos/airflow/venv/lib/python3.9/site-packages/airflow/example_dags/example_trigger_target_dag.py took 0.060 seconds
[2025-05-09 14:42:42,206] {processor.py:153} INFO - Started process (PID=67238) to work on /home/pedro/Documentos/airflow/venv/lib/python3.9/site-packages/airflow/example_dags/example_trigger_target_dag.py
[2025-05-09 14:42:42,218] {processor.py:641} INFO - Processing file /home/pedro/Documentos/airflow/venv/lib/python3.9/site-packages/airflow/example_dags/example_trigger_target_dag.py for tasks to queue
[2025-05-09 14:42:42,219] {logging_mixin.py:115} INFO - [2025-05-09 14:42:42,219] {dagbag.py:507} INFO - Filling up the DagBag from /home/pedro/Documentos/airflow/venv/lib/python3.9/site-packages/airflow/example_dags/example_trigger_target_dag.py
[2025-05-09 14:42:42,230] {processor.py:651} INFO - DAG(s) dict_keys(['example_trigger_target_dag']) retrieved from /home/pedro/Documentos/airflow/venv/lib/python3.9/site-packages/airflow/example_dags/example_trigger_target_dag.py
[2025-05-09 14:42:42,242] {logging_mixin.py:115} INFO - [2025-05-09 14:42:42,242] {dag.py:2379} INFO - Sync 1 DAGs
[2025-05-09 14:42:42,253] {logging_mixin.py:115} INFO - [2025-05-09 14:42:42,253] {dag.py:2927} INFO - Setting next_dagrun for example_trigger_target_dag to None, run_after=None
[2025-05-09 14:42:42,262] {processor.py:161} INFO - Processing /home/pedro/Documentos/airflow/venv/lib/python3.9/site-packages/airflow/example_dags/example_trigger_target_dag.py took 0.058 seconds
[2025-05-09 14:43:15,324] {processor.py:153} INFO - Started process (PID=67429) to work on /home/pedro/Documentos/airflow/venv/lib/python3.9/site-packages/airflow/example_dags/example_trigger_target_dag.py
[2025-05-09 14:43:15,336] {processor.py:641} INFO - Processing file /home/pedro/Documentos/airflow/venv/lib/python3.9/site-packages/airflow/example_dags/example_trigger_target_dag.py for tasks to queue
[2025-05-09 14:43:15,336] {logging_mixin.py:115} INFO - [2025-05-09 14:43:15,336] {dagbag.py:507} INFO - Filling up the DagBag from /home/pedro/Documentos/airflow/venv/lib/python3.9/site-packages/airflow/example_dags/example_trigger_target_dag.py
[2025-05-09 14:43:15,348] {processor.py:651} INFO - DAG(s) dict_keys(['example_trigger_target_dag']) retrieved from /home/pedro/Documentos/airflow/venv/lib/python3.9/site-packages/airflow/example_dags/example_trigger_target_dag.py
[2025-05-09 14:43:15,360] {logging_mixin.py:115} INFO - [2025-05-09 14:43:15,360] {dag.py:2379} INFO - Sync 1 DAGs
[2025-05-09 14:43:15,371] {logging_mixin.py:115} INFO - [2025-05-09 14:43:15,371] {dag.py:2927} INFO - Setting next_dagrun for example_trigger_target_dag to None, run_after=None
[2025-05-09 14:43:15,380] {processor.py:161} INFO - Processing /home/pedro/Documentos/airflow/venv/lib/python3.9/site-packages/airflow/example_dags/example_trigger_target_dag.py took 0.059 seconds
[2025-05-09 14:43:50,700] {processor.py:153} INFO - Started process (PID=68122) to work on /home/pedro/Documentos/airflow/venv/lib/python3.9/site-packages/airflow/example_dags/example_trigger_target_dag.py
[2025-05-09 14:43:50,713] {processor.py:641} INFO - Processing file /home/pedro/Documentos/airflow/venv/lib/python3.9/site-packages/airflow/example_dags/example_trigger_target_dag.py for tasks to queue
[2025-05-09 14:43:50,713] {logging_mixin.py:115} INFO - [2025-05-09 14:43:50,713] {dagbag.py:507} INFO - Filling up the DagBag from /home/pedro/Documentos/airflow/venv/lib/python3.9/site-packages/airflow/example_dags/example_trigger_target_dag.py
[2025-05-09 14:43:50,727] {processor.py:651} INFO - DAG(s) dict_keys(['example_trigger_target_dag']) retrieved from /home/pedro/Documentos/airflow/venv/lib/python3.9/site-packages/airflow/example_dags/example_trigger_target_dag.py
[2025-05-09 14:43:50,738] {logging_mixin.py:115} INFO - [2025-05-09 14:43:50,738] {dag.py:2379} INFO - Sync 1 DAGs
[2025-05-09 14:43:50,752] {logging_mixin.py:115} INFO - [2025-05-09 14:43:50,752] {dag.py:2927} INFO - Setting next_dagrun for example_trigger_target_dag to None, run_after=None
[2025-05-09 14:43:50,763] {processor.py:161} INFO - Processing /home/pedro/Documentos/airflow/venv/lib/python3.9/site-packages/airflow/example_dags/example_trigger_target_dag.py took 0.064 seconds
[2025-05-09 14:44:21,096] {processor.py:153} INFO - Started process (PID=68330) to work on /home/pedro/Documentos/airflow/venv/lib/python3.9/site-packages/airflow/example_dags/example_trigger_target_dag.py
[2025-05-09 14:44:21,097] {processor.py:641} INFO - Processing file /home/pedro/Documentos/airflow/venv/lib/python3.9/site-packages/airflow/example_dags/example_trigger_target_dag.py for tasks to queue
[2025-05-09 14:44:21,097] {logging_mixin.py:115} INFO - [2025-05-09 14:44:21,097] {dagbag.py:507} INFO - Filling up the DagBag from /home/pedro/Documentos/airflow/venv/lib/python3.9/site-packages/airflow/example_dags/example_trigger_target_dag.py
[2025-05-09 14:44:21,109] {processor.py:651} INFO - DAG(s) dict_keys(['example_trigger_target_dag']) retrieved from /home/pedro/Documentos/airflow/venv/lib/python3.9/site-packages/airflow/example_dags/example_trigger_target_dag.py
[2025-05-09 14:44:21,119] {logging_mixin.py:115} INFO - [2025-05-09 14:44:21,119] {dag.py:2379} INFO - Sync 1 DAGs
[2025-05-09 14:44:21,131] {logging_mixin.py:115} INFO - [2025-05-09 14:44:21,131] {dag.py:2927} INFO - Setting next_dagrun for example_trigger_target_dag to None, run_after=None
[2025-05-09 14:44:21,141] {processor.py:161} INFO - Processing /home/pedro/Documentos/airflow/venv/lib/python3.9/site-packages/airflow/example_dags/example_trigger_target_dag.py took 0.046 seconds
[2025-05-09 14:44:54,705] {processor.py:153} INFO - Started process (PID=68542) to work on /home/pedro/Documentos/airflow/venv/lib/python3.9/site-packages/airflow/example_dags/example_trigger_target_dag.py
[2025-05-09 14:44:54,717] {processor.py:641} INFO - Processing file /home/pedro/Documentos/airflow/venv/lib/python3.9/site-packages/airflow/example_dags/example_trigger_target_dag.py for tasks to queue
[2025-05-09 14:44:54,717] {logging_mixin.py:115} INFO - [2025-05-09 14:44:54,717] {dagbag.py:507} INFO - Filling up the DagBag from /home/pedro/Documentos/airflow/venv/lib/python3.9/site-packages/airflow/example_dags/example_trigger_target_dag.py
[2025-05-09 14:44:54,730] {processor.py:651} INFO - DAG(s) dict_keys(['example_trigger_target_dag']) retrieved from /home/pedro/Documentos/airflow/venv/lib/python3.9/site-packages/airflow/example_dags/example_trigger_target_dag.py
[2025-05-09 14:44:54,740] {logging_mixin.py:115} INFO - [2025-05-09 14:44:54,740] {dag.py:2379} INFO - Sync 1 DAGs
[2025-05-09 14:44:54,751] {logging_mixin.py:115} INFO - [2025-05-09 14:44:54,751] {dag.py:2927} INFO - Setting next_dagrun for example_trigger_target_dag to None, run_after=None
[2025-05-09 14:44:54,761] {processor.py:161} INFO - Processing /home/pedro/Documentos/airflow/venv/lib/python3.9/site-packages/airflow/example_dags/example_trigger_target_dag.py took 0.059 seconds
[2025-05-09 14:45:26,582] {processor.py:153} INFO - Started process (PID=68743) to work on /home/pedro/Documentos/airflow/venv/lib/python3.9/site-packages/airflow/example_dags/example_trigger_target_dag.py
[2025-05-09 14:45:26,595] {processor.py:641} INFO - Processing file /home/pedro/Documentos/airflow/venv/lib/python3.9/site-packages/airflow/example_dags/example_trigger_target_dag.py for tasks to queue
[2025-05-09 14:45:26,595] {logging_mixin.py:115} INFO - [2025-05-09 14:45:26,595] {dagbag.py:507} INFO - Filling up the DagBag from /home/pedro/Documentos/airflow/venv/lib/python3.9/site-packages/airflow/example_dags/example_trigger_target_dag.py
[2025-05-09 14:45:26,608] {processor.py:651} INFO - DAG(s) dict_keys(['example_trigger_target_dag']) retrieved from /home/pedro/Documentos/airflow/venv/lib/python3.9/site-packages/airflow/example_dags/example_trigger_target_dag.py
[2025-05-09 14:45:26,619] {logging_mixin.py:115} INFO - [2025-05-09 14:45:26,619] {dag.py:2379} INFO - Sync 1 DAGs
[2025-05-09 14:45:26,630] {logging_mixin.py:115} INFO - [2025-05-09 14:45:26,630] {dag.py:2927} INFO - Setting next_dagrun for example_trigger_target_dag to None, run_after=None
[2025-05-09 14:45:26,639] {processor.py:161} INFO - Processing /home/pedro/Documentos/airflow/venv/lib/python3.9/site-packages/airflow/example_dags/example_trigger_target_dag.py took 0.059 seconds
[2025-05-09 14:46:00,311] {processor.py:153} INFO - Started process (PID=68944) to work on /home/pedro/Documentos/airflow/venv/lib/python3.9/site-packages/airflow/example_dags/example_trigger_target_dag.py
[2025-05-09 14:46:00,324] {processor.py:641} INFO - Processing file /home/pedro/Documentos/airflow/venv/lib/python3.9/site-packages/airflow/example_dags/example_trigger_target_dag.py for tasks to queue
[2025-05-09 14:46:00,324] {logging_mixin.py:115} INFO - [2025-05-09 14:46:00,324] {dagbag.py:507} INFO - Filling up the DagBag from /home/pedro/Documentos/airflow/venv/lib/python3.9/site-packages/airflow/example_dags/example_trigger_target_dag.py
[2025-05-09 14:46:00,337] {processor.py:651} INFO - DAG(s) dict_keys(['example_trigger_target_dag']) retrieved from /home/pedro/Documentos/airflow/venv/lib/python3.9/site-packages/airflow/example_dags/example_trigger_target_dag.py
[2025-05-09 14:46:00,347] {logging_mixin.py:115} INFO - [2025-05-09 14:46:00,347] {dag.py:2379} INFO - Sync 1 DAGs
[2025-05-09 14:46:00,358] {logging_mixin.py:115} INFO - [2025-05-09 14:46:00,358] {dag.py:2927} INFO - Setting next_dagrun for example_trigger_target_dag to None, run_after=None
[2025-05-09 14:46:00,414] {processor.py:161} INFO - Processing /home/pedro/Documentos/airflow/venv/lib/python3.9/site-packages/airflow/example_dags/example_trigger_target_dag.py took 0.105 seconds
[2025-05-09 14:46:32,367] {processor.py:153} INFO - Started process (PID=69135) to work on /home/pedro/Documentos/airflow/venv/lib/python3.9/site-packages/airflow/example_dags/example_trigger_target_dag.py
[2025-05-09 14:46:32,379] {processor.py:641} INFO - Processing file /home/pedro/Documentos/airflow/venv/lib/python3.9/site-packages/airflow/example_dags/example_trigger_target_dag.py for tasks to queue
[2025-05-09 14:46:32,380] {logging_mixin.py:115} INFO - [2025-05-09 14:46:32,380] {dagbag.py:507} INFO - Filling up the DagBag from /home/pedro/Documentos/airflow/venv/lib/python3.9/site-packages/airflow/example_dags/example_trigger_target_dag.py
[2025-05-09 14:46:32,393] {processor.py:651} INFO - DAG(s) dict_keys(['example_trigger_target_dag']) retrieved from /home/pedro/Documentos/airflow/venv/lib/python3.9/site-packages/airflow/example_dags/example_trigger_target_dag.py
[2025-05-09 14:46:32,403] {logging_mixin.py:115} INFO - [2025-05-09 14:46:32,403] {dag.py:2379} INFO - Sync 1 DAGs
[2025-05-09 14:46:32,414] {logging_mixin.py:115} INFO - [2025-05-09 14:46:32,414] {dag.py:2927} INFO - Setting next_dagrun for example_trigger_target_dag to None, run_after=None
[2025-05-09 14:46:32,423] {processor.py:161} INFO - Processing /home/pedro/Documentos/airflow/venv/lib/python3.9/site-packages/airflow/example_dags/example_trigger_target_dag.py took 0.058 seconds
[2025-05-09 14:47:05,099] {processor.py:153} INFO - Started process (PID=69735) to work on /home/pedro/Documentos/airflow/venv/lib/python3.9/site-packages/airflow/example_dags/example_trigger_target_dag.py
[2025-05-09 14:47:05,111] {processor.py:641} INFO - Processing file /home/pedro/Documentos/airflow/venv/lib/python3.9/site-packages/airflow/example_dags/example_trigger_target_dag.py for tasks to queue
[2025-05-09 14:47:05,112] {logging_mixin.py:115} INFO - [2025-05-09 14:47:05,112] {dagbag.py:507} INFO - Filling up the DagBag from /home/pedro/Documentos/airflow/venv/lib/python3.9/site-packages/airflow/example_dags/example_trigger_target_dag.py
[2025-05-09 14:47:05,125] {processor.py:651} INFO - DAG(s) dict_keys(['example_trigger_target_dag']) retrieved from /home/pedro/Documentos/airflow/venv/lib/python3.9/site-packages/airflow/example_dags/example_trigger_target_dag.py
[2025-05-09 14:47:05,135] {logging_mixin.py:115} INFO - [2025-05-09 14:47:05,135] {dag.py:2379} INFO - Sync 1 DAGs
[2025-05-09 14:47:05,147] {logging_mixin.py:115} INFO - [2025-05-09 14:47:05,147] {dag.py:2927} INFO - Setting next_dagrun for example_trigger_target_dag to None, run_after=None
[2025-05-09 14:47:05,157] {processor.py:161} INFO - Processing /home/pedro/Documentos/airflow/venv/lib/python3.9/site-packages/airflow/example_dags/example_trigger_target_dag.py took 0.060 seconds
[2025-05-09 14:47:36,506] {processor.py:153} INFO - Started process (PID=69979) to work on /home/pedro/Documentos/airflow/venv/lib/python3.9/site-packages/airflow/example_dags/example_trigger_target_dag.py
[2025-05-09 14:47:36,519] {processor.py:641} INFO - Processing file /home/pedro/Documentos/airflow/venv/lib/python3.9/site-packages/airflow/example_dags/example_trigger_target_dag.py for tasks to queue
[2025-05-09 14:47:36,520] {logging_mixin.py:115} INFO - [2025-05-09 14:47:36,520] {dagbag.py:507} INFO - Filling up the DagBag from /home/pedro/Documentos/airflow/venv/lib/python3.9/site-packages/airflow/example_dags/example_trigger_target_dag.py
[2025-05-09 14:47:36,532] {processor.py:651} INFO - DAG(s) dict_keys(['example_trigger_target_dag']) retrieved from /home/pedro/Documentos/airflow/venv/lib/python3.9/site-packages/airflow/example_dags/example_trigger_target_dag.py
[2025-05-09 14:47:36,543] {logging_mixin.py:115} INFO - [2025-05-09 14:47:36,543] {dag.py:2379} INFO - Sync 1 DAGs
[2025-05-09 14:47:36,554] {logging_mixin.py:115} INFO - [2025-05-09 14:47:36,554] {dag.py:2927} INFO - Setting next_dagrun for example_trigger_target_dag to None, run_after=None
[2025-05-09 14:47:36,605] {processor.py:161} INFO - Processing /home/pedro/Documentos/airflow/venv/lib/python3.9/site-packages/airflow/example_dags/example_trigger_target_dag.py took 0.101 seconds
[2025-05-09 14:48:07,882] {processor.py:153} INFO - Started process (PID=70170) to work on /home/pedro/Documentos/airflow/venv/lib/python3.9/site-packages/airflow/example_dags/example_trigger_target_dag.py
[2025-05-09 14:48:07,894] {processor.py:641} INFO - Processing file /home/pedro/Documentos/airflow/venv/lib/python3.9/site-packages/airflow/example_dags/example_trigger_target_dag.py for tasks to queue
[2025-05-09 14:48:07,895] {logging_mixin.py:115} INFO - [2025-05-09 14:48:07,894] {dagbag.py:507} INFO - Filling up the DagBag from /home/pedro/Documentos/airflow/venv/lib/python3.9/site-packages/airflow/example_dags/example_trigger_target_dag.py
[2025-05-09 14:48:07,907] {processor.py:651} INFO - DAG(s) dict_keys(['example_trigger_target_dag']) retrieved from /home/pedro/Documentos/airflow/venv/lib/python3.9/site-packages/airflow/example_dags/example_trigger_target_dag.py
[2025-05-09 14:48:07,917] {logging_mixin.py:115} INFO - [2025-05-09 14:48:07,917] {dag.py:2379} INFO - Sync 1 DAGs
[2025-05-09 14:48:07,928] {logging_mixin.py:115} INFO - [2025-05-09 14:48:07,928] {dag.py:2927} INFO - Setting next_dagrun for example_trigger_target_dag to None, run_after=None
[2025-05-09 14:48:07,938] {processor.py:161} INFO - Processing /home/pedro/Documentos/airflow/venv/lib/python3.9/site-packages/airflow/example_dags/example_trigger_target_dag.py took 0.058 seconds
[2025-05-09 14:48:40,673] {processor.py:153} INFO - Started process (PID=70432) to work on /home/pedro/Documentos/airflow/venv/lib/python3.9/site-packages/airflow/example_dags/example_trigger_target_dag.py
[2025-05-09 14:48:40,685] {processor.py:641} INFO - Processing file /home/pedro/Documentos/airflow/venv/lib/python3.9/site-packages/airflow/example_dags/example_trigger_target_dag.py for tasks to queue
[2025-05-09 14:48:40,685] {logging_mixin.py:115} INFO - [2025-05-09 14:48:40,685] {dagbag.py:507} INFO - Filling up the DagBag from /home/pedro/Documentos/airflow/venv/lib/python3.9/site-packages/airflow/example_dags/example_trigger_target_dag.py
[2025-05-09 14:48:40,698] {processor.py:651} INFO - DAG(s) dict_keys(['example_trigger_target_dag']) retrieved from /home/pedro/Documentos/airflow/venv/lib/python3.9/site-packages/airflow/example_dags/example_trigger_target_dag.py
[2025-05-09 14:48:40,709] {logging_mixin.py:115} INFO - [2025-05-09 14:48:40,709] {dag.py:2379} INFO - Sync 1 DAGs
[2025-05-09 14:48:40,721] {logging_mixin.py:115} INFO - [2025-05-09 14:48:40,721] {dag.py:2927} INFO - Setting next_dagrun for example_trigger_target_dag to None, run_after=None
[2025-05-09 14:48:40,731] {processor.py:161} INFO - Processing /home/pedro/Documentos/airflow/venv/lib/python3.9/site-packages/airflow/example_dags/example_trigger_target_dag.py took 0.061 seconds
[2025-05-09 14:49:13,802] {processor.py:153} INFO - Started process (PID=70673) to work on /home/pedro/Documentos/airflow/venv/lib/python3.9/site-packages/airflow/example_dags/example_trigger_target_dag.py
[2025-05-09 14:49:13,814] {processor.py:641} INFO - Processing file /home/pedro/Documentos/airflow/venv/lib/python3.9/site-packages/airflow/example_dags/example_trigger_target_dag.py for tasks to queue
[2025-05-09 14:49:13,815] {logging_mixin.py:115} INFO - [2025-05-09 14:49:13,815] {dagbag.py:507} INFO - Filling up the DagBag from /home/pedro/Documentos/airflow/venv/lib/python3.9/site-packages/airflow/example_dags/example_trigger_target_dag.py
[2025-05-09 14:49:13,829] {processor.py:651} INFO - DAG(s) dict_keys(['example_trigger_target_dag']) retrieved from /home/pedro/Documentos/airflow/venv/lib/python3.9/site-packages/airflow/example_dags/example_trigger_target_dag.py
[2025-05-09 14:49:13,839] {logging_mixin.py:115} INFO - [2025-05-09 14:49:13,839] {dag.py:2379} INFO - Sync 1 DAGs
[2025-05-09 14:49:13,850] {logging_mixin.py:115} INFO - [2025-05-09 14:49:13,850] {dag.py:2927} INFO - Setting next_dagrun for example_trigger_target_dag to None, run_after=None
[2025-05-09 14:49:13,860] {processor.py:161} INFO - Processing /home/pedro/Documentos/airflow/venv/lib/python3.9/site-packages/airflow/example_dags/example_trigger_target_dag.py took 0.060 seconds
[2025-05-09 14:49:45,326] {processor.py:153} INFO - Started process (PID=70887) to work on /home/pedro/Documentos/airflow/venv/lib/python3.9/site-packages/airflow/example_dags/example_trigger_target_dag.py
[2025-05-09 14:49:45,338] {processor.py:641} INFO - Processing file /home/pedro/Documentos/airflow/venv/lib/python3.9/site-packages/airflow/example_dags/example_trigger_target_dag.py for tasks to queue
[2025-05-09 14:49:45,338] {logging_mixin.py:115} INFO - [2025-05-09 14:49:45,338] {dagbag.py:507} INFO - Filling up the DagBag from /home/pedro/Documentos/airflow/venv/lib/python3.9/site-packages/airflow/example_dags/example_trigger_target_dag.py
[2025-05-09 14:49:45,352] {processor.py:651} INFO - DAG(s) dict_keys(['example_trigger_target_dag']) retrieved from /home/pedro/Documentos/airflow/venv/lib/python3.9/site-packages/airflow/example_dags/example_trigger_target_dag.py
[2025-05-09 14:49:45,363] {logging_mixin.py:115} INFO - [2025-05-09 14:49:45,362] {dag.py:2379} INFO - Sync 1 DAGs
[2025-05-09 14:49:45,374] {logging_mixin.py:115} INFO - [2025-05-09 14:49:45,374] {dag.py:2927} INFO - Setting next_dagrun for example_trigger_target_dag to None, run_after=None
[2025-05-09 14:49:45,384] {processor.py:161} INFO - Processing /home/pedro/Documentos/airflow/venv/lib/python3.9/site-packages/airflow/example_dags/example_trigger_target_dag.py took 0.061 seconds
[2025-05-09 14:50:17,158] {processor.py:153} INFO - Started process (PID=71151) to work on /home/pedro/Documentos/airflow/venv/lib/python3.9/site-packages/airflow/example_dags/example_trigger_target_dag.py
[2025-05-09 14:50:17,171] {processor.py:641} INFO - Processing file /home/pedro/Documentos/airflow/venv/lib/python3.9/site-packages/airflow/example_dags/example_trigger_target_dag.py for tasks to queue
[2025-05-09 14:50:17,171] {logging_mixin.py:115} INFO - [2025-05-09 14:50:17,171] {dagbag.py:507} INFO - Filling up the DagBag from /home/pedro/Documentos/airflow/venv/lib/python3.9/site-packages/airflow/example_dags/example_trigger_target_dag.py
[2025-05-09 14:50:17,184] {processor.py:651} INFO - DAG(s) dict_keys(['example_trigger_target_dag']) retrieved from /home/pedro/Documentos/airflow/venv/lib/python3.9/site-packages/airflow/example_dags/example_trigger_target_dag.py
[2025-05-09 14:50:17,197] {logging_mixin.py:115} INFO - [2025-05-09 14:50:17,197] {dag.py:2379} INFO - Sync 1 DAGs
[2025-05-09 14:50:17,208] {logging_mixin.py:115} INFO - [2025-05-09 14:50:17,208] {dag.py:2927} INFO - Setting next_dagrun for example_trigger_target_dag to None, run_after=None
[2025-05-09 14:50:17,218] {processor.py:161} INFO - Processing /home/pedro/Documentos/airflow/venv/lib/python3.9/site-packages/airflow/example_dags/example_trigger_target_dag.py took 0.062 seconds
[2025-05-09 14:50:48,005] {processor.py:153} INFO - Started process (PID=71339) to work on /home/pedro/Documentos/airflow/venv/lib/python3.9/site-packages/airflow/example_dags/example_trigger_target_dag.py
[2025-05-09 14:50:48,006] {processor.py:641} INFO - Processing file /home/pedro/Documentos/airflow/venv/lib/python3.9/site-packages/airflow/example_dags/example_trigger_target_dag.py for tasks to queue
[2025-05-09 14:50:48,006] {logging_mixin.py:115} INFO - [2025-05-09 14:50:48,006] {dagbag.py:507} INFO - Filling up the DagBag from /home/pedro/Documentos/airflow/venv/lib/python3.9/site-packages/airflow/example_dags/example_trigger_target_dag.py
[2025-05-09 14:50:48,019] {processor.py:651} INFO - DAG(s) dict_keys(['example_trigger_target_dag']) retrieved from /home/pedro/Documentos/airflow/venv/lib/python3.9/site-packages/airflow/example_dags/example_trigger_target_dag.py
[2025-05-09 14:50:48,029] {logging_mixin.py:115} INFO - [2025-05-09 14:50:48,029] {dag.py:2379} INFO - Sync 1 DAGs
[2025-05-09 14:50:48,040] {logging_mixin.py:115} INFO - [2025-05-09 14:50:48,040] {dag.py:2927} INFO - Setting next_dagrun for example_trigger_target_dag to None, run_after=None
[2025-05-09 14:50:48,050] {processor.py:161} INFO - Processing /home/pedro/Documentos/airflow/venv/lib/python3.9/site-packages/airflow/example_dags/example_trigger_target_dag.py took 0.047 seconds
[2025-05-09 14:51:19,032] {processor.py:153} INFO - Started process (PID=71542) to work on /home/pedro/Documentos/airflow/venv/lib/python3.9/site-packages/airflow/example_dags/example_trigger_target_dag.py
[2025-05-09 14:51:19,045] {processor.py:641} INFO - Processing file /home/pedro/Documentos/airflow/venv/lib/python3.9/site-packages/airflow/example_dags/example_trigger_target_dag.py for tasks to queue
[2025-05-09 14:51:19,045] {logging_mixin.py:115} INFO - [2025-05-09 14:51:19,045] {dagbag.py:507} INFO - Filling up the DagBag from /home/pedro/Documentos/airflow/venv/lib/python3.9/site-packages/airflow/example_dags/example_trigger_target_dag.py
[2025-05-09 14:51:19,059] {processor.py:651} INFO - DAG(s) dict_keys(['example_trigger_target_dag']) retrieved from /home/pedro/Documentos/airflow/venv/lib/python3.9/site-packages/airflow/example_dags/example_trigger_target_dag.py
[2025-05-09 14:51:19,070] {logging_mixin.py:115} INFO - [2025-05-09 14:51:19,070] {dag.py:2379} INFO - Sync 1 DAGs
[2025-05-09 14:51:19,082] {logging_mixin.py:115} INFO - [2025-05-09 14:51:19,082] {dag.py:2927} INFO - Setting next_dagrun for example_trigger_target_dag to None, run_after=None
[2025-05-09 14:51:19,092] {processor.py:161} INFO - Processing /home/pedro/Documentos/airflow/venv/lib/python3.9/site-packages/airflow/example_dags/example_trigger_target_dag.py took 0.062 seconds
[2025-05-09 14:51:52,168] {processor.py:153} INFO - Started process (PID=71872) to work on /home/pedro/Documentos/airflow/venv/lib/python3.9/site-packages/airflow/example_dags/example_trigger_target_dag.py
[2025-05-09 14:51:52,180] {processor.py:641} INFO - Processing file /home/pedro/Documentos/airflow/venv/lib/python3.9/site-packages/airflow/example_dags/example_trigger_target_dag.py for tasks to queue
[2025-05-09 14:51:52,180] {logging_mixin.py:115} INFO - [2025-05-09 14:51:52,180] {dagbag.py:507} INFO - Filling up the DagBag from /home/pedro/Documentos/airflow/venv/lib/python3.9/site-packages/airflow/example_dags/example_trigger_target_dag.py
[2025-05-09 14:51:52,195] {processor.py:651} INFO - DAG(s) dict_keys(['example_trigger_target_dag']) retrieved from /home/pedro/Documentos/airflow/venv/lib/python3.9/site-packages/airflow/example_dags/example_trigger_target_dag.py
[2025-05-09 14:51:52,206] {logging_mixin.py:115} INFO - [2025-05-09 14:51:52,206] {dag.py:2379} INFO - Sync 1 DAGs
[2025-05-09 14:51:52,218] {logging_mixin.py:115} INFO - [2025-05-09 14:51:52,218] {dag.py:2927} INFO - Setting next_dagrun for example_trigger_target_dag to None, run_after=None
[2025-05-09 14:51:52,227] {processor.py:161} INFO - Processing /home/pedro/Documentos/airflow/venv/lib/python3.9/site-packages/airflow/example_dags/example_trigger_target_dag.py took 0.062 seconds
[2025-05-09 14:52:25,805] {processor.py:153} INFO - Started process (PID=72394) to work on /home/pedro/Documentos/airflow/venv/lib/python3.9/site-packages/airflow/example_dags/example_trigger_target_dag.py
[2025-05-09 14:52:25,806] {processor.py:641} INFO - Processing file /home/pedro/Documentos/airflow/venv/lib/python3.9/site-packages/airflow/example_dags/example_trigger_target_dag.py for tasks to queue
[2025-05-09 14:52:25,806] {logging_mixin.py:115} INFO - [2025-05-09 14:52:25,806] {dagbag.py:507} INFO - Filling up the DagBag from /home/pedro/Documentos/airflow/venv/lib/python3.9/site-packages/airflow/example_dags/example_trigger_target_dag.py
[2025-05-09 14:52:25,819] {processor.py:651} INFO - DAG(s) dict_keys(['example_trigger_target_dag']) retrieved from /home/pedro/Documentos/airflow/venv/lib/python3.9/site-packages/airflow/example_dags/example_trigger_target_dag.py
[2025-05-09 14:52:25,830] {logging_mixin.py:115} INFO - [2025-05-09 14:52:25,830] {dag.py:2379} INFO - Sync 1 DAGs
[2025-05-09 14:52:25,841] {logging_mixin.py:115} INFO - [2025-05-09 14:52:25,841] {dag.py:2927} INFO - Setting next_dagrun for example_trigger_target_dag to None, run_after=None
[2025-05-09 14:52:25,851] {processor.py:161} INFO - Processing /home/pedro/Documentos/airflow/venv/lib/python3.9/site-packages/airflow/example_dags/example_trigger_target_dag.py took 0.048 seconds
[2025-05-09 14:52:57,787] {processor.py:153} INFO - Started process (PID=72641) to work on /home/pedro/Documentos/airflow/venv/lib/python3.9/site-packages/airflow/example_dags/example_trigger_target_dag.py
[2025-05-09 14:52:57,799] {processor.py:641} INFO - Processing file /home/pedro/Documentos/airflow/venv/lib/python3.9/site-packages/airflow/example_dags/example_trigger_target_dag.py for tasks to queue
[2025-05-09 14:52:57,800] {logging_mixin.py:115} INFO - [2025-05-09 14:52:57,799] {dagbag.py:507} INFO - Filling up the DagBag from /home/pedro/Documentos/airflow/venv/lib/python3.9/site-packages/airflow/example_dags/example_trigger_target_dag.py
[2025-05-09 14:52:57,812] {processor.py:651} INFO - DAG(s) dict_keys(['example_trigger_target_dag']) retrieved from /home/pedro/Documentos/airflow/venv/lib/python3.9/site-packages/airflow/example_dags/example_trigger_target_dag.py
[2025-05-09 14:52:57,823] {logging_mixin.py:115} INFO - [2025-05-09 14:52:57,822] {dag.py:2379} INFO - Sync 1 DAGs
[2025-05-09 14:52:57,834] {logging_mixin.py:115} INFO - [2025-05-09 14:52:57,834] {dag.py:2927} INFO - Setting next_dagrun for example_trigger_target_dag to None, run_after=None
[2025-05-09 14:52:57,843] {processor.py:161} INFO - Processing /home/pedro/Documentos/airflow/venv/lib/python3.9/site-packages/airflow/example_dags/example_trigger_target_dag.py took 0.059 seconds
[2025-05-09 14:53:32,665] {processor.py:153} INFO - Started process (PID=73430) to work on /home/pedro/Documentos/airflow/venv/lib/python3.9/site-packages/airflow/example_dags/example_trigger_target_dag.py
[2025-05-09 14:53:32,677] {processor.py:641} INFO - Processing file /home/pedro/Documentos/airflow/venv/lib/python3.9/site-packages/airflow/example_dags/example_trigger_target_dag.py for tasks to queue
[2025-05-09 14:53:32,678] {logging_mixin.py:115} INFO - [2025-05-09 14:53:32,678] {dagbag.py:507} INFO - Filling up the DagBag from /home/pedro/Documentos/airflow/venv/lib/python3.9/site-packages/airflow/example_dags/example_trigger_target_dag.py
[2025-05-09 14:53:32,691] {processor.py:651} INFO - DAG(s) dict_keys(['example_trigger_target_dag']) retrieved from /home/pedro/Documentos/airflow/venv/lib/python3.9/site-packages/airflow/example_dags/example_trigger_target_dag.py
[2025-05-09 14:53:32,701] {logging_mixin.py:115} INFO - [2025-05-09 14:53:32,701] {dag.py:2379} INFO - Sync 1 DAGs
[2025-05-09 14:53:32,712] {logging_mixin.py:115} INFO - [2025-05-09 14:53:32,712] {dag.py:2927} INFO - Setting next_dagrun for example_trigger_target_dag to None, run_after=None
[2025-05-09 14:53:32,722] {processor.py:161} INFO - Processing /home/pedro/Documentos/airflow/venv/lib/python3.9/site-packages/airflow/example_dags/example_trigger_target_dag.py took 0.060 seconds
[2025-05-09 14:54:04,541] {processor.py:153} INFO - Started process (PID=74122) to work on /home/pedro/Documentos/airflow/venv/lib/python3.9/site-packages/airflow/example_dags/example_trigger_target_dag.py
[2025-05-09 14:54:04,554] {processor.py:641} INFO - Processing file /home/pedro/Documentos/airflow/venv/lib/python3.9/site-packages/airflow/example_dags/example_trigger_target_dag.py for tasks to queue
[2025-05-09 14:54:04,554] {logging_mixin.py:115} INFO - [2025-05-09 14:54:04,554] {dagbag.py:507} INFO - Filling up the DagBag from /home/pedro/Documentos/airflow/venv/lib/python3.9/site-packages/airflow/example_dags/example_trigger_target_dag.py
[2025-05-09 14:54:04,567] {processor.py:651} INFO - DAG(s) dict_keys(['example_trigger_target_dag']) retrieved from /home/pedro/Documentos/airflow/venv/lib/python3.9/site-packages/airflow/example_dags/example_trigger_target_dag.py
[2025-05-09 14:54:04,579] {logging_mixin.py:115} INFO - [2025-05-09 14:54:04,578] {dag.py:2379} INFO - Sync 1 DAGs
[2025-05-09 14:54:04,590] {logging_mixin.py:115} INFO - [2025-05-09 14:54:04,590] {dag.py:2927} INFO - Setting next_dagrun for example_trigger_target_dag to None, run_after=None
[2025-05-09 14:54:04,647] {processor.py:161} INFO - Processing /home/pedro/Documentos/airflow/venv/lib/python3.9/site-packages/airflow/example_dags/example_trigger_target_dag.py took 0.108 seconds
[2025-05-09 14:54:36,524] {processor.py:153} INFO - Started process (PID=74401) to work on /home/pedro/Documentos/airflow/venv/lib/python3.9/site-packages/airflow/example_dags/example_trigger_target_dag.py
[2025-05-09 14:54:36,536] {processor.py:641} INFO - Processing file /home/pedro/Documentos/airflow/venv/lib/python3.9/site-packages/airflow/example_dags/example_trigger_target_dag.py for tasks to queue
[2025-05-09 14:54:36,537] {logging_mixin.py:115} INFO - [2025-05-09 14:54:36,537] {dagbag.py:507} INFO - Filling up the DagBag from /home/pedro/Documentos/airflow/venv/lib/python3.9/site-packages/airflow/example_dags/example_trigger_target_dag.py
[2025-05-09 14:54:36,550] {processor.py:651} INFO - DAG(s) dict_keys(['example_trigger_target_dag']) retrieved from /home/pedro/Documentos/airflow/venv/lib/python3.9/site-packages/airflow/example_dags/example_trigger_target_dag.py
[2025-05-09 14:54:36,560] {logging_mixin.py:115} INFO - [2025-05-09 14:54:36,560] {dag.py:2379} INFO - Sync 1 DAGs
[2025-05-09 14:54:36,571] {logging_mixin.py:115} INFO - [2025-05-09 14:54:36,571] {dag.py:2927} INFO - Setting next_dagrun for example_trigger_target_dag to None, run_after=None
[2025-05-09 14:54:36,580] {processor.py:161} INFO - Processing /home/pedro/Documentos/airflow/venv/lib/python3.9/site-packages/airflow/example_dags/example_trigger_target_dag.py took 0.058 seconds
[2025-05-09 14:55:09,061] {processor.py:153} INFO - Started process (PID=74591) to work on /home/pedro/Documentos/airflow/venv/lib/python3.9/site-packages/airflow/example_dags/example_trigger_target_dag.py
[2025-05-09 14:55:09,062] {processor.py:641} INFO - Processing file /home/pedro/Documentos/airflow/venv/lib/python3.9/site-packages/airflow/example_dags/example_trigger_target_dag.py for tasks to queue
[2025-05-09 14:55:09,062] {logging_mixin.py:115} INFO - [2025-05-09 14:55:09,062] {dagbag.py:507} INFO - Filling up the DagBag from /home/pedro/Documentos/airflow/venv/lib/python3.9/site-packages/airflow/example_dags/example_trigger_target_dag.py
[2025-05-09 14:55:09,075] {processor.py:651} INFO - DAG(s) dict_keys(['example_trigger_target_dag']) retrieved from /home/pedro/Documentos/airflow/venv/lib/python3.9/site-packages/airflow/example_dags/example_trigger_target_dag.py
[2025-05-09 14:55:09,086] {logging_mixin.py:115} INFO - [2025-05-09 14:55:09,086] {dag.py:2379} INFO - Sync 1 DAGs
[2025-05-09 14:55:09,098] {logging_mixin.py:115} INFO - [2025-05-09 14:55:09,097] {dag.py:2927} INFO - Setting next_dagrun for example_trigger_target_dag to None, run_after=None
[2025-05-09 14:55:09,107] {processor.py:161} INFO - Processing /home/pedro/Documentos/airflow/venv/lib/python3.9/site-packages/airflow/example_dags/example_trigger_target_dag.py took 0.049 seconds
