[2025-05-09 14:34:05,315] {processor.py:153} INFO - Started process (PID=61785) to work on /home/pedro/Documentos/airflow/venv/lib/python3.9/site-packages/airflow/example_dags/example_latest_only_with_trigger.py
[2025-05-09 14:34:05,316] {processor.py:641} INFO - Processing file /home/pedro/Documentos/airflow/venv/lib/python3.9/site-packages/airflow/example_dags/example_latest_only_with_trigger.py for tasks to queue
[2025-05-09 14:34:05,316] {logging_mixin.py:115} INFO - [2025-05-09 14:34:05,316] {dagbag.py:507} INFO - Filling up the DagBag from /home/pedro/Documentos/airflow/venv/lib/python3.9/site-packages/airflow/example_dags/example_latest_only_with_trigger.py
[2025-05-09 14:34:05,320] {processor.py:651} INFO - DAG(s) dict_keys(['latest_only_with_trigger']) retrieved from /home/pedro/Documentos/airflow/venv/lib/python3.9/site-packages/airflow/example_dags/example_latest_only_with_trigger.py
[2025-05-09 14:34:05,368] {logging_mixin.py:115} INFO - [2025-05-09 14:34:05,367] {manager.py:508} INFO - Created Permission View: can delete on DAG:latest_only_with_trigger
[2025-05-09 14:34:05,376] {logging_mixin.py:115} INFO - [2025-05-09 14:34:05,376] {manager.py:508} INFO - Created Permission View: can read on DAG:latest_only_with_trigger
[2025-05-09 14:34:05,382] {logging_mixin.py:115} INFO - [2025-05-09 14:34:05,382] {manager.py:508} INFO - Created Permission View: can edit on DAG:latest_only_with_trigger
[2025-05-09 14:34:05,382] {logging_mixin.py:115} INFO - [2025-05-09 14:34:05,382] {dag.py:2379} INFO - Sync 1 DAGs
[2025-05-09 14:34:05,388] {logging_mixin.py:115} INFO - [2025-05-09 14:34:05,388] {dag.py:2398} INFO - Creating ORM DAG for latest_only_with_trigger
[2025-05-09 14:34:05,394] {logging_mixin.py:115} INFO - [2025-05-09 14:34:05,393] {dag.py:2927} INFO - Setting next_dagrun for latest_only_with_trigger to 2025-05-09T13:34:05.393748+00:00, run_after=2025-05-09T17:34:05.393748+00:00
[2025-05-09 14:34:05,405] {processor.py:161} INFO - Processing /home/pedro/Documentos/airflow/venv/lib/python3.9/site-packages/airflow/example_dags/example_latest_only_with_trigger.py took 0.092 seconds
[2025-05-09 14:34:41,206] {processor.py:153} INFO - Started process (PID=62305) to work on /home/pedro/Documentos/airflow/venv/lib/python3.9/site-packages/airflow/example_dags/example_latest_only_with_trigger.py
[2025-05-09 14:34:41,206] {processor.py:641} INFO - Processing file /home/pedro/Documentos/airflow/venv/lib/python3.9/site-packages/airflow/example_dags/example_latest_only_with_trigger.py for tasks to queue
[2025-05-09 14:34:41,207] {logging_mixin.py:115} INFO - [2025-05-09 14:34:41,207] {dagbag.py:507} INFO - Filling up the DagBag from /home/pedro/Documentos/airflow/venv/lib/python3.9/site-packages/airflow/example_dags/example_latest_only_with_trigger.py
[2025-05-09 14:34:41,210] {processor.py:651} INFO - DAG(s) dict_keys(['latest_only_with_trigger']) retrieved from /home/pedro/Documentos/airflow/venv/lib/python3.9/site-packages/airflow/example_dags/example_latest_only_with_trigger.py
[2025-05-09 14:34:41,222] {logging_mixin.py:115} INFO - [2025-05-09 14:34:41,222] {dag.py:2379} INFO - Sync 1 DAGs
[2025-05-09 14:34:41,236] {logging_mixin.py:115} INFO - [2025-05-09 14:34:41,236] {dag.py:2927} INFO - Setting next_dagrun for latest_only_with_trigger to 2025-05-09T13:34:41.236233+00:00, run_after=2025-05-09T17:34:41.236233+00:00
[2025-05-09 14:34:41,246] {processor.py:161} INFO - Processing /home/pedro/Documentos/airflow/venv/lib/python3.9/site-packages/airflow/example_dags/example_latest_only_with_trigger.py took 0.042 seconds
[2025-05-09 14:35:14,504] {processor.py:153} INFO - Started process (PID=62740) to work on /home/pedro/Documentos/airflow/venv/lib/python3.9/site-packages/airflow/example_dags/example_latest_only_with_trigger.py
[2025-05-09 14:35:14,516] {processor.py:641} INFO - Processing file /home/pedro/Documentos/airflow/venv/lib/python3.9/site-packages/airflow/example_dags/example_latest_only_with_trigger.py for tasks to queue
[2025-05-09 14:35:14,517] {logging_mixin.py:115} INFO - [2025-05-09 14:35:14,517] {dagbag.py:507} INFO - Filling up the DagBag from /home/pedro/Documentos/airflow/venv/lib/python3.9/site-packages/airflow/example_dags/example_latest_only_with_trigger.py
[2025-05-09 14:35:14,520] {processor.py:651} INFO - DAG(s) dict_keys(['latest_only_with_trigger']) retrieved from /home/pedro/Documentos/airflow/venv/lib/python3.9/site-packages/airflow/example_dags/example_latest_only_with_trigger.py
[2025-05-09 14:35:14,533] {logging_mixin.py:115} INFO - [2025-05-09 14:35:14,532] {dag.py:2379} INFO - Sync 1 DAGs
[2025-05-09 14:35:14,547] {logging_mixin.py:115} INFO - [2025-05-09 14:35:14,547] {dag.py:2927} INFO - Setting next_dagrun for latest_only_with_trigger to 2025-05-09T13:35:14.546950+00:00, run_after=2025-05-09T17:35:14.546950+00:00
[2025-05-09 14:35:14,558] {processor.py:161} INFO - Processing /home/pedro/Documentos/airflow/venv/lib/python3.9/site-packages/airflow/example_dags/example_latest_only_with_trigger.py took 0.056 seconds
[2025-05-09 14:35:46,961] {processor.py:153} INFO - Started process (PID=63132) to work on /home/pedro/Documentos/airflow/venv/lib/python3.9/site-packages/airflow/example_dags/example_latest_only_with_trigger.py
[2025-05-09 14:35:46,974] {processor.py:641} INFO - Processing file /home/pedro/Documentos/airflow/venv/lib/python3.9/site-packages/airflow/example_dags/example_latest_only_with_trigger.py for tasks to queue
[2025-05-09 14:35:46,974] {logging_mixin.py:115} INFO - [2025-05-09 14:35:46,974] {dagbag.py:507} INFO - Filling up the DagBag from /home/pedro/Documentos/airflow/venv/lib/python3.9/site-packages/airflow/example_dags/example_latest_only_with_trigger.py
[2025-05-09 14:35:46,978] {processor.py:651} INFO - DAG(s) dict_keys(['latest_only_with_trigger']) retrieved from /home/pedro/Documentos/airflow/venv/lib/python3.9/site-packages/airflow/example_dags/example_latest_only_with_trigger.py
[2025-05-09 14:35:46,989] {logging_mixin.py:115} INFO - [2025-05-09 14:35:46,989] {dag.py:2379} INFO - Sync 1 DAGs
[2025-05-09 14:35:47,003] {logging_mixin.py:115} INFO - [2025-05-09 14:35:47,003] {dag.py:2927} INFO - Setting next_dagrun for latest_only_with_trigger to 2025-05-09T13:35:47.002806+00:00, run_after=2025-05-09T17:35:47.002806+00:00
[2025-05-09 14:35:47,016] {processor.py:161} INFO - Processing /home/pedro/Documentos/airflow/venv/lib/python3.9/site-packages/airflow/example_dags/example_latest_only_with_trigger.py took 0.057 seconds
[2025-05-09 14:36:21,106] {processor.py:153} INFO - Started process (PID=63347) to work on /home/pedro/Documentos/airflow/venv/lib/python3.9/site-packages/airflow/example_dags/example_latest_only_with_trigger.py
[2025-05-09 14:36:21,118] {processor.py:641} INFO - Processing file /home/pedro/Documentos/airflow/venv/lib/python3.9/site-packages/airflow/example_dags/example_latest_only_with_trigger.py for tasks to queue
[2025-05-09 14:36:21,118] {logging_mixin.py:115} INFO - [2025-05-09 14:36:21,118] {dagbag.py:507} INFO - Filling up the DagBag from /home/pedro/Documentos/airflow/venv/lib/python3.9/site-packages/airflow/example_dags/example_latest_only_with_trigger.py
[2025-05-09 14:36:21,122] {processor.py:651} INFO - DAG(s) dict_keys(['latest_only_with_trigger']) retrieved from /home/pedro/Documentos/airflow/venv/lib/python3.9/site-packages/airflow/example_dags/example_latest_only_with_trigger.py
[2025-05-09 14:36:21,134] {logging_mixin.py:115} INFO - [2025-05-09 14:36:21,134] {dag.py:2379} INFO - Sync 1 DAGs
[2025-05-09 14:36:21,148] {logging_mixin.py:115} INFO - [2025-05-09 14:36:21,148] {dag.py:2927} INFO - Setting next_dagrun for latest_only_with_trigger to 2025-05-09T13:36:21.148026+00:00, run_after=2025-05-09T17:36:21.148026+00:00
[2025-05-09 14:36:21,159] {processor.py:161} INFO - Processing /home/pedro/Documentos/airflow/venv/lib/python3.9/site-packages/airflow/example_dags/example_latest_only_with_trigger.py took 0.056 seconds
[2025-05-09 14:36:53,169] {processor.py:153} INFO - Started process (PID=63536) to work on /home/pedro/Documentos/airflow/venv/lib/python3.9/site-packages/airflow/example_dags/example_latest_only_with_trigger.py
[2025-05-09 14:36:53,182] {processor.py:641} INFO - Processing file /home/pedro/Documentos/airflow/venv/lib/python3.9/site-packages/airflow/example_dags/example_latest_only_with_trigger.py for tasks to queue
[2025-05-09 14:36:53,182] {logging_mixin.py:115} INFO - [2025-05-09 14:36:53,182] {dagbag.py:507} INFO - Filling up the DagBag from /home/pedro/Documentos/airflow/venv/lib/python3.9/site-packages/airflow/example_dags/example_latest_only_with_trigger.py
[2025-05-09 14:36:53,187] {processor.py:651} INFO - DAG(s) dict_keys(['latest_only_with_trigger']) retrieved from /home/pedro/Documentos/airflow/venv/lib/python3.9/site-packages/airflow/example_dags/example_latest_only_with_trigger.py
[2025-05-09 14:36:53,199] {logging_mixin.py:115} INFO - [2025-05-09 14:36:53,199] {dag.py:2379} INFO - Sync 1 DAGs
[2025-05-09 14:36:53,212] {logging_mixin.py:115} INFO - [2025-05-09 14:36:53,212] {dag.py:2927} INFO - Setting next_dagrun for latest_only_with_trigger to 2025-05-09T13:36:53.212244+00:00, run_after=2025-05-09T17:36:53.212244+00:00
[2025-05-09 14:36:53,254] {processor.py:161} INFO - Processing /home/pedro/Documentos/airflow/venv/lib/python3.9/site-packages/airflow/example_dags/example_latest_only_with_trigger.py took 0.087 seconds
[2025-05-09 14:37:27,348] {processor.py:153} INFO - Started process (PID=64000) to work on /home/pedro/Documentos/airflow/venv/lib/python3.9/site-packages/airflow/example_dags/example_latest_only_with_trigger.py
[2025-05-09 14:37:27,349] {processor.py:641} INFO - Processing file /home/pedro/Documentos/airflow/venv/lib/python3.9/site-packages/airflow/example_dags/example_latest_only_with_trigger.py for tasks to queue
[2025-05-09 14:37:27,349] {logging_mixin.py:115} INFO - [2025-05-09 14:37:27,349] {dagbag.py:507} INFO - Filling up the DagBag from /home/pedro/Documentos/airflow/venv/lib/python3.9/site-packages/airflow/example_dags/example_latest_only_with_trigger.py
[2025-05-09 14:37:27,355] {processor.py:651} INFO - DAG(s) dict_keys(['latest_only_with_trigger']) retrieved from /home/pedro/Documentos/airflow/venv/lib/python3.9/site-packages/airflow/example_dags/example_latest_only_with_trigger.py
[2025-05-09 14:37:27,373] {logging_mixin.py:115} INFO - [2025-05-09 14:37:27,373] {dag.py:2379} INFO - Sync 1 DAGs
[2025-05-09 14:37:27,392] {logging_mixin.py:115} INFO - [2025-05-09 14:37:27,392] {dag.py:2927} INFO - Setting next_dagrun for latest_only_with_trigger to 2025-05-09T13:37:27.392489+00:00, run_after=2025-05-09T17:37:27.392489+00:00
[2025-05-09 14:37:27,404] {processor.py:161} INFO - Processing /home/pedro/Documentos/airflow/venv/lib/python3.9/site-packages/airflow/example_dags/example_latest_only_with_trigger.py took 0.059 seconds
[2025-05-09 14:38:00,467] {processor.py:153} INFO - Started process (PID=64556) to work on /home/pedro/Documentos/airflow/venv/lib/python3.9/site-packages/airflow/example_dags/example_latest_only_with_trigger.py
[2025-05-09 14:38:00,468] {processor.py:641} INFO - Processing file /home/pedro/Documentos/airflow/venv/lib/python3.9/site-packages/airflow/example_dags/example_latest_only_with_trigger.py for tasks to queue
[2025-05-09 14:38:00,468] {logging_mixin.py:115} INFO - [2025-05-09 14:38:00,468] {dagbag.py:507} INFO - Filling up the DagBag from /home/pedro/Documentos/airflow/venv/lib/python3.9/site-packages/airflow/example_dags/example_latest_only_with_trigger.py
[2025-05-09 14:38:00,473] {processor.py:651} INFO - DAG(s) dict_keys(['latest_only_with_trigger']) retrieved from /home/pedro/Documentos/airflow/venv/lib/python3.9/site-packages/airflow/example_dags/example_latest_only_with_trigger.py
[2025-05-09 14:38:00,485] {logging_mixin.py:115} INFO - [2025-05-09 14:38:00,485] {dag.py:2379} INFO - Sync 1 DAGs
[2025-05-09 14:38:00,499] {logging_mixin.py:115} INFO - [2025-05-09 14:38:00,499] {dag.py:2927} INFO - Setting next_dagrun for latest_only_with_trigger to 2025-05-09T13:38:00.499109+00:00, run_after=2025-05-09T17:38:00.499109+00:00
[2025-05-09 14:38:00,509] {processor.py:161} INFO - Processing /home/pedro/Documentos/airflow/venv/lib/python3.9/site-packages/airflow/example_dags/example_latest_only_with_trigger.py took 0.045 seconds
[2025-05-09 14:38:34,004] {processor.py:153} INFO - Started process (PID=64918) to work on /home/pedro/Documentos/airflow/venv/lib/python3.9/site-packages/airflow/example_dags/example_latest_only_with_trigger.py
[2025-05-09 14:38:34,004] {processor.py:641} INFO - Processing file /home/pedro/Documentos/airflow/venv/lib/python3.9/site-packages/airflow/example_dags/example_latest_only_with_trigger.py for tasks to queue
[2025-05-09 14:38:34,005] {logging_mixin.py:115} INFO - [2025-05-09 14:38:34,005] {dagbag.py:507} INFO - Filling up the DagBag from /home/pedro/Documentos/airflow/venv/lib/python3.9/site-packages/airflow/example_dags/example_latest_only_with_trigger.py
[2025-05-09 14:38:34,009] {processor.py:651} INFO - DAG(s) dict_keys(['latest_only_with_trigger']) retrieved from /home/pedro/Documentos/airflow/venv/lib/python3.9/site-packages/airflow/example_dags/example_latest_only_with_trigger.py
[2025-05-09 14:38:34,022] {logging_mixin.py:115} INFO - [2025-05-09 14:38:34,022] {dag.py:2379} INFO - Sync 1 DAGs
[2025-05-09 14:38:34,038] {logging_mixin.py:115} INFO - [2025-05-09 14:38:34,038] {dag.py:2927} INFO - Setting next_dagrun for latest_only_with_trigger to 2025-05-09T13:38:34.038020+00:00, run_after=2025-05-09T17:38:34.038020+00:00
[2025-05-09 14:38:34,049] {processor.py:161} INFO - Processing /home/pedro/Documentos/airflow/venv/lib/python3.9/site-packages/airflow/example_dags/example_latest_only_with_trigger.py took 0.048 seconds
[2025-05-09 14:39:11,367] {processor.py:153} INFO - Started process (PID=65299) to work on /home/pedro/Documentos/airflow/venv/lib/python3.9/site-packages/airflow/example_dags/example_latest_only_with_trigger.py
[2025-05-09 14:39:11,380] {processor.py:641} INFO - Processing file /home/pedro/Documentos/airflow/venv/lib/python3.9/site-packages/airflow/example_dags/example_latest_only_with_trigger.py for tasks to queue
[2025-05-09 14:39:11,380] {logging_mixin.py:115} INFO - [2025-05-09 14:39:11,380] {dagbag.py:507} INFO - Filling up the DagBag from /home/pedro/Documentos/airflow/venv/lib/python3.9/site-packages/airflow/example_dags/example_latest_only_with_trigger.py
[2025-05-09 14:39:11,385] {processor.py:651} INFO - DAG(s) dict_keys(['latest_only_with_trigger']) retrieved from /home/pedro/Documentos/airflow/venv/lib/python3.9/site-packages/airflow/example_dags/example_latest_only_with_trigger.py
[2025-05-09 14:39:11,397] {logging_mixin.py:115} INFO - [2025-05-09 14:39:11,397] {dag.py:2379} INFO - Sync 1 DAGs
[2025-05-09 14:39:11,412] {logging_mixin.py:115} INFO - [2025-05-09 14:39:11,412] {dag.py:2927} INFO - Setting next_dagrun for latest_only_with_trigger to 2025-05-09T13:39:11.412304+00:00, run_after=2025-05-09T17:39:11.412304+00:00
[2025-05-09 14:39:11,424] {processor.py:161} INFO - Processing /home/pedro/Documentos/airflow/venv/lib/python3.9/site-packages/airflow/example_dags/example_latest_only_with_trigger.py took 0.059 seconds
[2025-05-09 14:39:45,089] {processor.py:153} INFO - Started process (PID=65600) to work on /home/pedro/Documentos/airflow/venv/lib/python3.9/site-packages/airflow/example_dags/example_latest_only_with_trigger.py
[2025-05-09 14:39:45,102] {processor.py:641} INFO - Processing file /home/pedro/Documentos/airflow/venv/lib/python3.9/site-packages/airflow/example_dags/example_latest_only_with_trigger.py for tasks to queue
[2025-05-09 14:39:45,102] {logging_mixin.py:115} INFO - [2025-05-09 14:39:45,102] {dagbag.py:507} INFO - Filling up the DagBag from /home/pedro/Documentos/airflow/venv/lib/python3.9/site-packages/airflow/example_dags/example_latest_only_with_trigger.py
[2025-05-09 14:39:45,106] {processor.py:651} INFO - DAG(s) dict_keys(['latest_only_with_trigger']) retrieved from /home/pedro/Documentos/airflow/venv/lib/python3.9/site-packages/airflow/example_dags/example_latest_only_with_trigger.py
[2025-05-09 14:39:45,118] {logging_mixin.py:115} INFO - [2025-05-09 14:39:45,117] {dag.py:2379} INFO - Sync 1 DAGs
[2025-05-09 14:39:45,130] {logging_mixin.py:115} INFO - [2025-05-09 14:39:45,130] {dag.py:2927} INFO - Setting next_dagrun for latest_only_with_trigger to 2025-05-09T13:39:45.130582+00:00, run_after=2025-05-09T17:39:45.130582+00:00
[2025-05-09 14:39:45,140] {processor.py:161} INFO - Processing /home/pedro/Documentos/airflow/venv/lib/python3.9/site-packages/airflow/example_dags/example_latest_only_with_trigger.py took 0.053 seconds
[2025-05-09 14:40:18,067] {processor.py:153} INFO - Started process (PID=65833) to work on /home/pedro/Documentos/airflow/venv/lib/python3.9/site-packages/airflow/example_dags/example_latest_only_with_trigger.py
[2025-05-09 14:40:18,079] {processor.py:641} INFO - Processing file /home/pedro/Documentos/airflow/venv/lib/python3.9/site-packages/airflow/example_dags/example_latest_only_with_trigger.py for tasks to queue
[2025-05-09 14:40:18,080] {logging_mixin.py:115} INFO - [2025-05-09 14:40:18,079] {dagbag.py:507} INFO - Filling up the DagBag from /home/pedro/Documentos/airflow/venv/lib/python3.9/site-packages/airflow/example_dags/example_latest_only_with_trigger.py
[2025-05-09 14:40:18,084] {processor.py:651} INFO - DAG(s) dict_keys(['latest_only_with_trigger']) retrieved from /home/pedro/Documentos/airflow/venv/lib/python3.9/site-packages/airflow/example_dags/example_latest_only_with_trigger.py
[2025-05-09 14:40:18,096] {logging_mixin.py:115} INFO - [2025-05-09 14:40:18,096] {dag.py:2379} INFO - Sync 1 DAGs
[2025-05-09 14:40:18,109] {logging_mixin.py:115} INFO - [2025-05-09 14:40:18,109] {dag.py:2927} INFO - Setting next_dagrun for latest_only_with_trigger to 2025-05-09T13:40:18.108840+00:00, run_after=2025-05-09T17:40:18.108840+00:00
[2025-05-09 14:40:18,118] {processor.py:161} INFO - Processing /home/pedro/Documentos/airflow/venv/lib/python3.9/site-packages/airflow/example_dags/example_latest_only_with_trigger.py took 0.053 seconds
[2025-05-09 14:40:51,866] {processor.py:153} INFO - Started process (PID=66340) to work on /home/pedro/Documentos/airflow/venv/lib/python3.9/site-packages/airflow/example_dags/example_latest_only_with_trigger.py
[2025-05-09 14:40:51,879] {processor.py:641} INFO - Processing file /home/pedro/Documentos/airflow/venv/lib/python3.9/site-packages/airflow/example_dags/example_latest_only_with_trigger.py for tasks to queue
[2025-05-09 14:40:51,879] {logging_mixin.py:115} INFO - [2025-05-09 14:40:51,879] {dagbag.py:507} INFO - Filling up the DagBag from /home/pedro/Documentos/airflow/venv/lib/python3.9/site-packages/airflow/example_dags/example_latest_only_with_trigger.py
[2025-05-09 14:40:51,884] {processor.py:651} INFO - DAG(s) dict_keys(['latest_only_with_trigger']) retrieved from /home/pedro/Documentos/airflow/venv/lib/python3.9/site-packages/airflow/example_dags/example_latest_only_with_trigger.py
[2025-05-09 14:40:51,896] {logging_mixin.py:115} INFO - [2025-05-09 14:40:51,896] {dag.py:2379} INFO - Sync 1 DAGs
[2025-05-09 14:40:51,909] {logging_mixin.py:115} INFO - [2025-05-09 14:40:51,909] {dag.py:2927} INFO - Setting next_dagrun for latest_only_with_trigger to 2025-05-09T13:40:51.909586+00:00, run_after=2025-05-09T17:40:51.909586+00:00
[2025-05-09 14:40:51,919] {processor.py:161} INFO - Processing /home/pedro/Documentos/airflow/venv/lib/python3.9/site-packages/airflow/example_dags/example_latest_only_with_trigger.py took 0.055 seconds
[2025-05-09 14:41:27,903] {processor.py:153} INFO - Started process (PID=66780) to work on /home/pedro/Documentos/airflow/venv/lib/python3.9/site-packages/airflow/example_dags/example_latest_only_with_trigger.py
[2025-05-09 14:41:27,915] {processor.py:641} INFO - Processing file /home/pedro/Documentos/airflow/venv/lib/python3.9/site-packages/airflow/example_dags/example_latest_only_with_trigger.py for tasks to queue
[2025-05-09 14:41:27,916] {logging_mixin.py:115} INFO - [2025-05-09 14:41:27,916] {dagbag.py:507} INFO - Filling up the DagBag from /home/pedro/Documentos/airflow/venv/lib/python3.9/site-packages/airflow/example_dags/example_latest_only_with_trigger.py
[2025-05-09 14:41:27,920] {processor.py:651} INFO - DAG(s) dict_keys(['latest_only_with_trigger']) retrieved from /home/pedro/Documentos/airflow/venv/lib/python3.9/site-packages/airflow/example_dags/example_latest_only_with_trigger.py
[2025-05-09 14:41:27,931] {logging_mixin.py:115} INFO - [2025-05-09 14:41:27,931] {dag.py:2379} INFO - Sync 1 DAGs
[2025-05-09 14:41:27,945] {logging_mixin.py:115} INFO - [2025-05-09 14:41:27,945] {dag.py:2927} INFO - Setting next_dagrun for latest_only_with_trigger to 2025-05-09T13:41:27.944790+00:00, run_after=2025-05-09T17:41:27.944790+00:00
[2025-05-09 14:41:27,954] {processor.py:161} INFO - Processing /home/pedro/Documentos/airflow/venv/lib/python3.9/site-packages/airflow/example_dags/example_latest_only_with_trigger.py took 0.053 seconds
[2025-05-09 14:42:03,921] {processor.py:153} INFO - Started process (PID=67011) to work on /home/pedro/Documentos/airflow/venv/lib/python3.9/site-packages/airflow/example_dags/example_latest_only_with_trigger.py
[2025-05-09 14:42:03,933] {processor.py:641} INFO - Processing file /home/pedro/Documentos/airflow/venv/lib/python3.9/site-packages/airflow/example_dags/example_latest_only_with_trigger.py for tasks to queue
[2025-05-09 14:42:03,933] {logging_mixin.py:115} INFO - [2025-05-09 14:42:03,933] {dagbag.py:507} INFO - Filling up the DagBag from /home/pedro/Documentos/airflow/venv/lib/python3.9/site-packages/airflow/example_dags/example_latest_only_with_trigger.py
[2025-05-09 14:42:03,938] {processor.py:651} INFO - DAG(s) dict_keys(['latest_only_with_trigger']) retrieved from /home/pedro/Documentos/airflow/venv/lib/python3.9/site-packages/airflow/example_dags/example_latest_only_with_trigger.py
[2025-05-09 14:42:03,950] {logging_mixin.py:115} INFO - [2025-05-09 14:42:03,950] {dag.py:2379} INFO - Sync 1 DAGs
[2025-05-09 14:42:03,963] {logging_mixin.py:115} INFO - [2025-05-09 14:42:03,963] {dag.py:2927} INFO - Setting next_dagrun for latest_only_with_trigger to 2025-05-09T13:42:03.962873+00:00, run_after=2025-05-09T17:42:03.962873+00:00
[2025-05-09 14:42:03,972] {processor.py:161} INFO - Processing /home/pedro/Documentos/airflow/venv/lib/python3.9/site-packages/airflow/example_dags/example_latest_only_with_trigger.py took 0.054 seconds
[2025-05-09 14:42:38,198] {processor.py:153} INFO - Started process (PID=67215) to work on /home/pedro/Documentos/airflow/venv/lib/python3.9/site-packages/airflow/example_dags/example_latest_only_with_trigger.py
[2025-05-09 14:42:38,210] {processor.py:641} INFO - Processing file /home/pedro/Documentos/airflow/venv/lib/python3.9/site-packages/airflow/example_dags/example_latest_only_with_trigger.py for tasks to queue
[2025-05-09 14:42:38,211] {logging_mixin.py:115} INFO - [2025-05-09 14:42:38,211] {dagbag.py:507} INFO - Filling up the DagBag from /home/pedro/Documentos/airflow/venv/lib/python3.9/site-packages/airflow/example_dags/example_latest_only_with_trigger.py
[2025-05-09 14:42:38,215] {processor.py:651} INFO - DAG(s) dict_keys(['latest_only_with_trigger']) retrieved from /home/pedro/Documentos/airflow/venv/lib/python3.9/site-packages/airflow/example_dags/example_latest_only_with_trigger.py
[2025-05-09 14:42:38,227] {logging_mixin.py:115} INFO - [2025-05-09 14:42:38,227] {dag.py:2379} INFO - Sync 1 DAGs
[2025-05-09 14:42:38,240] {logging_mixin.py:115} INFO - [2025-05-09 14:42:38,240] {dag.py:2927} INFO - Setting next_dagrun for latest_only_with_trigger to 2025-05-09T13:42:38.240308+00:00, run_after=2025-05-09T17:42:38.240308+00:00
[2025-05-09 14:42:38,249] {processor.py:161} INFO - Processing /home/pedro/Documentos/airflow/venv/lib/python3.9/site-packages/airflow/example_dags/example_latest_only_with_trigger.py took 0.054 seconds
[2025-05-09 14:43:10,176] {processor.py:153} INFO - Started process (PID=67404) to work on /home/pedro/Documentos/airflow/venv/lib/python3.9/site-packages/airflow/example_dags/example_latest_only_with_trigger.py
[2025-05-09 14:43:10,188] {processor.py:641} INFO - Processing file /home/pedro/Documentos/airflow/venv/lib/python3.9/site-packages/airflow/example_dags/example_latest_only_with_trigger.py for tasks to queue
[2025-05-09 14:43:10,188] {logging_mixin.py:115} INFO - [2025-05-09 14:43:10,188] {dagbag.py:507} INFO - Filling up the DagBag from /home/pedro/Documentos/airflow/venv/lib/python3.9/site-packages/airflow/example_dags/example_latest_only_with_trigger.py
[2025-05-09 14:43:10,193] {processor.py:651} INFO - DAG(s) dict_keys(['latest_only_with_trigger']) retrieved from /home/pedro/Documentos/airflow/venv/lib/python3.9/site-packages/airflow/example_dags/example_latest_only_with_trigger.py
[2025-05-09 14:43:10,205] {logging_mixin.py:115} INFO - [2025-05-09 14:43:10,205] {dag.py:2379} INFO - Sync 1 DAGs
[2025-05-09 14:43:10,218] {logging_mixin.py:115} INFO - [2025-05-09 14:43:10,218] {dag.py:2927} INFO - Setting next_dagrun for latest_only_with_trigger to 2025-05-09T13:43:10.218121+00:00, run_after=2025-05-09T17:43:10.218121+00:00
[2025-05-09 14:43:10,227] {processor.py:161} INFO - Processing /home/pedro/Documentos/airflow/venv/lib/python3.9/site-packages/airflow/example_dags/example_latest_only_with_trigger.py took 0.054 seconds
[2025-05-09 14:43:45,784] {processor.py:153} INFO - Started process (PID=68089) to work on /home/pedro/Documentos/airflow/venv/lib/python3.9/site-packages/airflow/example_dags/example_latest_only_with_trigger.py
[2025-05-09 14:43:45,796] {processor.py:641} INFO - Processing file /home/pedro/Documentos/airflow/venv/lib/python3.9/site-packages/airflow/example_dags/example_latest_only_with_trigger.py for tasks to queue
[2025-05-09 14:43:45,797] {logging_mixin.py:115} INFO - [2025-05-09 14:43:45,797] {dagbag.py:507} INFO - Filling up the DagBag from /home/pedro/Documentos/airflow/venv/lib/python3.9/site-packages/airflow/example_dags/example_latest_only_with_trigger.py
[2025-05-09 14:43:45,801] {processor.py:651} INFO - DAG(s) dict_keys(['latest_only_with_trigger']) retrieved from /home/pedro/Documentos/airflow/venv/lib/python3.9/site-packages/airflow/example_dags/example_latest_only_with_trigger.py
[2025-05-09 14:43:45,812] {logging_mixin.py:115} INFO - [2025-05-09 14:43:45,812] {dag.py:2379} INFO - Sync 1 DAGs
[2025-05-09 14:43:45,825] {logging_mixin.py:115} INFO - [2025-05-09 14:43:45,825] {dag.py:2927} INFO - Setting next_dagrun for latest_only_with_trigger to 2025-05-09T13:43:45.825009+00:00, run_after=2025-05-09T17:43:45.825009+00:00
[2025-05-09 14:43:45,835] {processor.py:161} INFO - Processing /home/pedro/Documentos/airflow/venv/lib/python3.9/site-packages/airflow/example_dags/example_latest_only_with_trigger.py took 0.054 seconds
[2025-05-09 14:44:18,687] {processor.py:153} INFO - Started process (PID=68302) to work on /home/pedro/Documentos/airflow/venv/lib/python3.9/site-packages/airflow/example_dags/example_latest_only_with_trigger.py
[2025-05-09 14:44:18,699] {processor.py:641} INFO - Processing file /home/pedro/Documentos/airflow/venv/lib/python3.9/site-packages/airflow/example_dags/example_latest_only_with_trigger.py for tasks to queue
[2025-05-09 14:44:18,699] {logging_mixin.py:115} INFO - [2025-05-09 14:44:18,699] {dagbag.py:507} INFO - Filling up the DagBag from /home/pedro/Documentos/airflow/venv/lib/python3.9/site-packages/airflow/example_dags/example_latest_only_with_trigger.py
[2025-05-09 14:44:18,704] {processor.py:651} INFO - DAG(s) dict_keys(['latest_only_with_trigger']) retrieved from /home/pedro/Documentos/airflow/venv/lib/python3.9/site-packages/airflow/example_dags/example_latest_only_with_trigger.py
[2025-05-09 14:44:18,716] {logging_mixin.py:115} INFO - [2025-05-09 14:44:18,716] {dag.py:2379} INFO - Sync 1 DAGs
[2025-05-09 14:44:18,730] {logging_mixin.py:115} INFO - [2025-05-09 14:44:18,730] {dag.py:2927} INFO - Setting next_dagrun for latest_only_with_trigger to 2025-05-09T13:44:18.729811+00:00, run_after=2025-05-09T17:44:18.729811+00:00
[2025-05-09 14:44:18,740] {processor.py:161} INFO - Processing /home/pedro/Documentos/airflow/venv/lib/python3.9/site-packages/airflow/example_dags/example_latest_only_with_trigger.py took 0.055 seconds
[2025-05-09 14:44:51,495] {processor.py:153} INFO - Started process (PID=68505) to work on /home/pedro/Documentos/airflow/venv/lib/python3.9/site-packages/airflow/example_dags/example_latest_only_with_trigger.py
[2025-05-09 14:44:51,508] {processor.py:641} INFO - Processing file /home/pedro/Documentos/airflow/venv/lib/python3.9/site-packages/airflow/example_dags/example_latest_only_with_trigger.py for tasks to queue
[2025-05-09 14:44:51,508] {logging_mixin.py:115} INFO - [2025-05-09 14:44:51,508] {dagbag.py:507} INFO - Filling up the DagBag from /home/pedro/Documentos/airflow/venv/lib/python3.9/site-packages/airflow/example_dags/example_latest_only_with_trigger.py
[2025-05-09 14:44:51,513] {processor.py:651} INFO - DAG(s) dict_keys(['latest_only_with_trigger']) retrieved from /home/pedro/Documentos/airflow/venv/lib/python3.9/site-packages/airflow/example_dags/example_latest_only_with_trigger.py
[2025-05-09 14:44:51,524] {logging_mixin.py:115} INFO - [2025-05-09 14:44:51,524] {dag.py:2379} INFO - Sync 1 DAGs
[2025-05-09 14:44:51,538] {logging_mixin.py:115} INFO - [2025-05-09 14:44:51,538] {dag.py:2927} INFO - Setting next_dagrun for latest_only_with_trigger to 2025-05-09T13:44:51.537948+00:00, run_after=2025-05-09T17:44:51.537948+00:00
[2025-05-09 14:44:51,548] {processor.py:161} INFO - Processing /home/pedro/Documentos/airflow/venv/lib/python3.9/site-packages/airflow/example_dags/example_latest_only_with_trigger.py took 0.055 seconds
[2025-05-09 14:45:27,714] {processor.py:153} INFO - Started process (PID=68754) to work on /home/pedro/Documentos/airflow/venv/lib/python3.9/site-packages/airflow/example_dags/example_latest_only_with_trigger.py
[2025-05-09 14:45:27,726] {processor.py:641} INFO - Processing file /home/pedro/Documentos/airflow/venv/lib/python3.9/site-packages/airflow/example_dags/example_latest_only_with_trigger.py for tasks to queue
[2025-05-09 14:45:27,727] {logging_mixin.py:115} INFO - [2025-05-09 14:45:27,727] {dagbag.py:507} INFO - Filling up the DagBag from /home/pedro/Documentos/airflow/venv/lib/python3.9/site-packages/airflow/example_dags/example_latest_only_with_trigger.py
[2025-05-09 14:45:27,731] {processor.py:651} INFO - DAG(s) dict_keys(['latest_only_with_trigger']) retrieved from /home/pedro/Documentos/airflow/venv/lib/python3.9/site-packages/airflow/example_dags/example_latest_only_with_trigger.py
[2025-05-09 14:45:27,743] {logging_mixin.py:115} INFO - [2025-05-09 14:45:27,743] {dag.py:2379} INFO - Sync 1 DAGs
[2025-05-09 14:45:27,756] {logging_mixin.py:115} INFO - [2025-05-09 14:45:27,756] {dag.py:2927} INFO - Setting next_dagrun for latest_only_with_trigger to 2025-05-09T13:45:27.756210+00:00, run_after=2025-05-09T17:45:27.756210+00:00
[2025-05-09 14:45:27,766] {processor.py:161} INFO - Processing /home/pedro/Documentos/airflow/venv/lib/python3.9/site-packages/airflow/example_dags/example_latest_only_with_trigger.py took 0.054 seconds
[2025-05-09 14:46:02,418] {processor.py:153} INFO - Started process (PID=68956) to work on /home/pedro/Documentos/airflow/venv/lib/python3.9/site-packages/airflow/example_dags/example_latest_only_with_trigger.py
[2025-05-09 14:46:02,431] {processor.py:641} INFO - Processing file /home/pedro/Documentos/airflow/venv/lib/python3.9/site-packages/airflow/example_dags/example_latest_only_with_trigger.py for tasks to queue
[2025-05-09 14:46:02,431] {logging_mixin.py:115} INFO - [2025-05-09 14:46:02,431] {dagbag.py:507} INFO - Filling up the DagBag from /home/pedro/Documentos/airflow/venv/lib/python3.9/site-packages/airflow/example_dags/example_latest_only_with_trigger.py
[2025-05-09 14:46:02,435] {processor.py:651} INFO - DAG(s) dict_keys(['latest_only_with_trigger']) retrieved from /home/pedro/Documentos/airflow/venv/lib/python3.9/site-packages/airflow/example_dags/example_latest_only_with_trigger.py
[2025-05-09 14:46:02,447] {logging_mixin.py:115} INFO - [2025-05-09 14:46:02,447] {dag.py:2379} INFO - Sync 1 DAGs
[2025-05-09 14:46:02,459] {logging_mixin.py:115} INFO - [2025-05-09 14:46:02,459] {dag.py:2927} INFO - Setting next_dagrun for latest_only_with_trigger to 2025-05-09T13:46:02.459567+00:00, run_after=2025-05-09T17:46:02.459567+00:00
[2025-05-09 14:46:02,510] {processor.py:161} INFO - Processing /home/pedro/Documentos/airflow/venv/lib/python3.9/site-packages/airflow/example_dags/example_latest_only_with_trigger.py took 0.094 seconds
[2025-05-09 14:46:38,640] {processor.py:153} INFO - Started process (PID=69170) to work on /home/pedro/Documentos/airflow/venv/lib/python3.9/site-packages/airflow/example_dags/example_latest_only_with_trigger.py
[2025-05-09 14:46:38,653] {processor.py:641} INFO - Processing file /home/pedro/Documentos/airflow/venv/lib/python3.9/site-packages/airflow/example_dags/example_latest_only_with_trigger.py for tasks to queue
[2025-05-09 14:46:38,653] {logging_mixin.py:115} INFO - [2025-05-09 14:46:38,653] {dagbag.py:507} INFO - Filling up the DagBag from /home/pedro/Documentos/airflow/venv/lib/python3.9/site-packages/airflow/example_dags/example_latest_only_with_trigger.py
[2025-05-09 14:46:38,657] {processor.py:651} INFO - DAG(s) dict_keys(['latest_only_with_trigger']) retrieved from /home/pedro/Documentos/airflow/venv/lib/python3.9/site-packages/airflow/example_dags/example_latest_only_with_trigger.py
[2025-05-09 14:46:38,669] {logging_mixin.py:115} INFO - [2025-05-09 14:46:38,669] {dag.py:2379} INFO - Sync 1 DAGs
[2025-05-09 14:46:38,682] {logging_mixin.py:115} INFO - [2025-05-09 14:46:38,682] {dag.py:2927} INFO - Setting next_dagrun for latest_only_with_trigger to 2025-05-09T13:46:38.682348+00:00, run_after=2025-05-09T17:46:38.682348+00:00
[2025-05-09 14:46:38,691] {processor.py:161} INFO - Processing /home/pedro/Documentos/airflow/venv/lib/python3.9/site-packages/airflow/example_dags/example_latest_only_with_trigger.py took 0.053 seconds
[2025-05-09 14:47:12,338] {processor.py:153} INFO - Started process (PID=69769) to work on /home/pedro/Documentos/airflow/venv/lib/python3.9/site-packages/airflow/example_dags/example_latest_only_with_trigger.py
[2025-05-09 14:47:12,350] {processor.py:641} INFO - Processing file /home/pedro/Documentos/airflow/venv/lib/python3.9/site-packages/airflow/example_dags/example_latest_only_with_trigger.py for tasks to queue
[2025-05-09 14:47:12,351] {logging_mixin.py:115} INFO - [2025-05-09 14:47:12,350] {dagbag.py:507} INFO - Filling up the DagBag from /home/pedro/Documentos/airflow/venv/lib/python3.9/site-packages/airflow/example_dags/example_latest_only_with_trigger.py
[2025-05-09 14:47:12,355] {processor.py:651} INFO - DAG(s) dict_keys(['latest_only_with_trigger']) retrieved from /home/pedro/Documentos/airflow/venv/lib/python3.9/site-packages/airflow/example_dags/example_latest_only_with_trigger.py
[2025-05-09 14:47:12,367] {logging_mixin.py:115} INFO - [2025-05-09 14:47:12,367] {dag.py:2379} INFO - Sync 1 DAGs
[2025-05-09 14:47:12,380] {logging_mixin.py:115} INFO - [2025-05-09 14:47:12,380] {dag.py:2927} INFO - Setting next_dagrun for latest_only_with_trigger to 2025-05-09T13:47:12.380445+00:00, run_after=2025-05-09T17:47:12.380445+00:00
[2025-05-09 14:47:12,391] {processor.py:161} INFO - Processing /home/pedro/Documentos/airflow/venv/lib/python3.9/site-packages/airflow/example_dags/example_latest_only_with_trigger.py took 0.055 seconds
[2025-05-09 14:47:47,134] {processor.py:153} INFO - Started process (PID=70037) to work on /home/pedro/Documentos/airflow/venv/lib/python3.9/site-packages/airflow/example_dags/example_latest_only_with_trigger.py
[2025-05-09 14:47:47,146] {processor.py:641} INFO - Processing file /home/pedro/Documentos/airflow/venv/lib/python3.9/site-packages/airflow/example_dags/example_latest_only_with_trigger.py for tasks to queue
[2025-05-09 14:47:47,147] {logging_mixin.py:115} INFO - [2025-05-09 14:47:47,147] {dagbag.py:507} INFO - Filling up the DagBag from /home/pedro/Documentos/airflow/venv/lib/python3.9/site-packages/airflow/example_dags/example_latest_only_with_trigger.py
[2025-05-09 14:47:47,151] {processor.py:651} INFO - DAG(s) dict_keys(['latest_only_with_trigger']) retrieved from /home/pedro/Documentos/airflow/venv/lib/python3.9/site-packages/airflow/example_dags/example_latest_only_with_trigger.py
[2025-05-09 14:47:47,163] {logging_mixin.py:115} INFO - [2025-05-09 14:47:47,163] {dag.py:2379} INFO - Sync 1 DAGs
[2025-05-09 14:47:47,176] {logging_mixin.py:115} INFO - [2025-05-09 14:47:47,176] {dag.py:2927} INFO - Setting next_dagrun for latest_only_with_trigger to 2025-05-09T13:47:47.176375+00:00, run_after=2025-05-09T17:47:47.176375+00:00
[2025-05-09 14:47:47,186] {processor.py:161} INFO - Processing /home/pedro/Documentos/airflow/venv/lib/python3.9/site-packages/airflow/example_dags/example_latest_only_with_trigger.py took 0.054 seconds
[2025-05-09 14:48:20,747] {processor.py:153} INFO - Started process (PID=70254) to work on /home/pedro/Documentos/airflow/venv/lib/python3.9/site-packages/airflow/example_dags/example_latest_only_with_trigger.py
[2025-05-09 14:48:20,760] {processor.py:641} INFO - Processing file /home/pedro/Documentos/airflow/venv/lib/python3.9/site-packages/airflow/example_dags/example_latest_only_with_trigger.py for tasks to queue
[2025-05-09 14:48:20,760] {logging_mixin.py:115} INFO - [2025-05-09 14:48:20,760] {dagbag.py:507} INFO - Filling up the DagBag from /home/pedro/Documentos/airflow/venv/lib/python3.9/site-packages/airflow/example_dags/example_latest_only_with_trigger.py
[2025-05-09 14:48:20,764] {processor.py:651} INFO - DAG(s) dict_keys(['latest_only_with_trigger']) retrieved from /home/pedro/Documentos/airflow/venv/lib/python3.9/site-packages/airflow/example_dags/example_latest_only_with_trigger.py
[2025-05-09 14:48:20,776] {logging_mixin.py:115} INFO - [2025-05-09 14:48:20,775] {dag.py:2379} INFO - Sync 1 DAGs
[2025-05-09 14:48:20,789] {logging_mixin.py:115} INFO - [2025-05-09 14:48:20,789] {dag.py:2927} INFO - Setting next_dagrun for latest_only_with_trigger to 2025-05-09T13:48:20.788946+00:00, run_after=2025-05-09T17:48:20.788946+00:00
[2025-05-09 14:48:20,798] {processor.py:161} INFO - Processing /home/pedro/Documentos/airflow/venv/lib/python3.9/site-packages/airflow/example_dags/example_latest_only_with_trigger.py took 0.053 seconds
[2025-05-09 14:48:54,667] {processor.py:153} INFO - Started process (PID=70572) to work on /home/pedro/Documentos/airflow/venv/lib/python3.9/site-packages/airflow/example_dags/example_latest_only_with_trigger.py
[2025-05-09 14:48:54,680] {processor.py:641} INFO - Processing file /home/pedro/Documentos/airflow/venv/lib/python3.9/site-packages/airflow/example_dags/example_latest_only_with_trigger.py for tasks to queue
[2025-05-09 14:48:54,680] {logging_mixin.py:115} INFO - [2025-05-09 14:48:54,680] {dagbag.py:507} INFO - Filling up the DagBag from /home/pedro/Documentos/airflow/venv/lib/python3.9/site-packages/airflow/example_dags/example_latest_only_with_trigger.py
[2025-05-09 14:48:54,684] {processor.py:651} INFO - DAG(s) dict_keys(['latest_only_with_trigger']) retrieved from /home/pedro/Documentos/airflow/venv/lib/python3.9/site-packages/airflow/example_dags/example_latest_only_with_trigger.py
[2025-05-09 14:48:54,698] {logging_mixin.py:115} INFO - [2025-05-09 14:48:54,698] {dag.py:2379} INFO - Sync 1 DAGs
[2025-05-09 14:48:54,709] {logging_mixin.py:115} INFO - [2025-05-09 14:48:54,709] {dag.py:2927} INFO - Setting next_dagrun for latest_only_with_trigger to 2025-05-09T13:48:54.709409+00:00, run_after=2025-05-09T17:48:54.709409+00:00
[2025-05-09 14:48:54,719] {processor.py:161} INFO - Processing /home/pedro/Documentos/airflow/venv/lib/python3.9/site-packages/airflow/example_dags/example_latest_only_with_trigger.py took 0.054 seconds
[2025-05-09 14:49:26,956] {processor.py:153} INFO - Started process (PID=70771) to work on /home/pedro/Documentos/airflow/venv/lib/python3.9/site-packages/airflow/example_dags/example_latest_only_with_trigger.py
[2025-05-09 14:49:26,969] {processor.py:641} INFO - Processing file /home/pedro/Documentos/airflow/venv/lib/python3.9/site-packages/airflow/example_dags/example_latest_only_with_trigger.py for tasks to queue
[2025-05-09 14:49:26,969] {logging_mixin.py:115} INFO - [2025-05-09 14:49:26,969] {dagbag.py:507} INFO - Filling up the DagBag from /home/pedro/Documentos/airflow/venv/lib/python3.9/site-packages/airflow/example_dags/example_latest_only_with_trigger.py
[2025-05-09 14:49:26,974] {processor.py:651} INFO - DAG(s) dict_keys(['latest_only_with_trigger']) retrieved from /home/pedro/Documentos/airflow/venv/lib/python3.9/site-packages/airflow/example_dags/example_latest_only_with_trigger.py
[2025-05-09 14:49:26,988] {logging_mixin.py:115} INFO - [2025-05-09 14:49:26,988] {dag.py:2379} INFO - Sync 1 DAGs
[2025-05-09 14:49:27,000] {logging_mixin.py:115} INFO - [2025-05-09 14:49:27,000] {dag.py:2927} INFO - Setting next_dagrun for latest_only_with_trigger to 2025-05-09T13:49:27.000210+00:00, run_after=2025-05-09T17:49:27.000210+00:00
[2025-05-09 14:49:27,011] {processor.py:161} INFO - Processing /home/pedro/Documentos/airflow/venv/lib/python3.9/site-packages/airflow/example_dags/example_latest_only_with_trigger.py took 0.056 seconds
[2025-05-09 14:50:01,734] {processor.py:153} INFO - Started process (PID=70995) to work on /home/pedro/Documentos/airflow/venv/lib/python3.9/site-packages/airflow/example_dags/example_latest_only_with_trigger.py
[2025-05-09 14:50:01,746] {processor.py:641} INFO - Processing file /home/pedro/Documentos/airflow/venv/lib/python3.9/site-packages/airflow/example_dags/example_latest_only_with_trigger.py for tasks to queue
[2025-05-09 14:50:01,746] {logging_mixin.py:115} INFO - [2025-05-09 14:50:01,746] {dagbag.py:507} INFO - Filling up the DagBag from /home/pedro/Documentos/airflow/venv/lib/python3.9/site-packages/airflow/example_dags/example_latest_only_with_trigger.py
[2025-05-09 14:50:01,750] {processor.py:651} INFO - DAG(s) dict_keys(['latest_only_with_trigger']) retrieved from /home/pedro/Documentos/airflow/venv/lib/python3.9/site-packages/airflow/example_dags/example_latest_only_with_trigger.py
[2025-05-09 14:50:01,764] {logging_mixin.py:115} INFO - [2025-05-09 14:50:01,764] {dag.py:2379} INFO - Sync 1 DAGs
[2025-05-09 14:50:01,775] {logging_mixin.py:115} INFO - [2025-05-09 14:50:01,775] {dag.py:2927} INFO - Setting next_dagrun for latest_only_with_trigger to 2025-05-09T13:50:01.775243+00:00, run_after=2025-05-09T17:50:01.775243+00:00
[2025-05-09 14:50:01,785] {processor.py:161} INFO - Processing /home/pedro/Documentos/airflow/venv/lib/python3.9/site-packages/airflow/example_dags/example_latest_only_with_trigger.py took 0.053 seconds
[2025-05-09 14:50:34,853] {processor.py:153} INFO - Started process (PID=71268) to work on /home/pedro/Documentos/airflow/venv/lib/python3.9/site-packages/airflow/example_dags/example_latest_only_with_trigger.py
[2025-05-09 14:50:34,866] {processor.py:641} INFO - Processing file /home/pedro/Documentos/airflow/venv/lib/python3.9/site-packages/airflow/example_dags/example_latest_only_with_trigger.py for tasks to queue
[2025-05-09 14:50:34,866] {logging_mixin.py:115} INFO - [2025-05-09 14:50:34,866] {dagbag.py:507} INFO - Filling up the DagBag from /home/pedro/Documentos/airflow/venv/lib/python3.9/site-packages/airflow/example_dags/example_latest_only_with_trigger.py
[2025-05-09 14:50:34,871] {processor.py:651} INFO - DAG(s) dict_keys(['latest_only_with_trigger']) retrieved from /home/pedro/Documentos/airflow/venv/lib/python3.9/site-packages/airflow/example_dags/example_latest_only_with_trigger.py
[2025-05-09 14:50:34,884] {logging_mixin.py:115} INFO - [2025-05-09 14:50:34,884] {dag.py:2379} INFO - Sync 1 DAGs
[2025-05-09 14:50:34,896] {logging_mixin.py:115} INFO - [2025-05-09 14:50:34,896] {dag.py:2927} INFO - Setting next_dagrun for latest_only_with_trigger to 2025-05-09T13:50:34.896238+00:00, run_after=2025-05-09T17:50:34.896238+00:00
[2025-05-09 14:50:34,906] {processor.py:161} INFO - Processing /home/pedro/Documentos/airflow/venv/lib/python3.9/site-packages/airflow/example_dags/example_latest_only_with_trigger.py took 0.054 seconds
[2025-05-09 14:51:13,146] {processor.py:153} INFO - Started process (PID=71497) to work on /home/pedro/Documentos/airflow/venv/lib/python3.9/site-packages/airflow/example_dags/example_latest_only_with_trigger.py
[2025-05-09 14:51:13,159] {processor.py:641} INFO - Processing file /home/pedro/Documentos/airflow/venv/lib/python3.9/site-packages/airflow/example_dags/example_latest_only_with_trigger.py for tasks to queue
[2025-05-09 14:51:13,159] {logging_mixin.py:115} INFO - [2025-05-09 14:51:13,159] {dagbag.py:507} INFO - Filling up the DagBag from /home/pedro/Documentos/airflow/venv/lib/python3.9/site-packages/airflow/example_dags/example_latest_only_with_trigger.py
[2025-05-09 14:51:13,164] {processor.py:651} INFO - DAG(s) dict_keys(['latest_only_with_trigger']) retrieved from /home/pedro/Documentos/airflow/venv/lib/python3.9/site-packages/airflow/example_dags/example_latest_only_with_trigger.py
[2025-05-09 14:51:13,177] {logging_mixin.py:115} INFO - [2025-05-09 14:51:13,177] {dag.py:2379} INFO - Sync 1 DAGs
[2025-05-09 14:51:13,188] {logging_mixin.py:115} INFO - [2025-05-09 14:51:13,188] {dag.py:2927} INFO - Setting next_dagrun for latest_only_with_trigger to 2025-05-09T13:51:13.188570+00:00, run_after=2025-05-09T17:51:13.188570+00:00
[2025-05-09 14:51:13,237] {processor.py:161} INFO - Processing /home/pedro/Documentos/airflow/venv/lib/python3.9/site-packages/airflow/example_dags/example_latest_only_with_trigger.py took 0.094 seconds
[2025-05-09 14:51:47,999] {processor.py:153} INFO - Started process (PID=71851) to work on /home/pedro/Documentos/airflow/venv/lib/python3.9/site-packages/airflow/example_dags/example_latest_only_with_trigger.py
[2025-05-09 14:51:48,011] {processor.py:641} INFO - Processing file /home/pedro/Documentos/airflow/venv/lib/python3.9/site-packages/airflow/example_dags/example_latest_only_with_trigger.py for tasks to queue
[2025-05-09 14:51:48,012] {logging_mixin.py:115} INFO - [2025-05-09 14:51:48,012] {dagbag.py:507} INFO - Filling up the DagBag from /home/pedro/Documentos/airflow/venv/lib/python3.9/site-packages/airflow/example_dags/example_latest_only_with_trigger.py
[2025-05-09 14:51:48,016] {processor.py:651} INFO - DAG(s) dict_keys(['latest_only_with_trigger']) retrieved from /home/pedro/Documentos/airflow/venv/lib/python3.9/site-packages/airflow/example_dags/example_latest_only_with_trigger.py
[2025-05-09 14:51:48,029] {logging_mixin.py:115} INFO - [2025-05-09 14:51:48,029] {dag.py:2379} INFO - Sync 1 DAGs
[2025-05-09 14:51:48,040] {logging_mixin.py:115} INFO - [2025-05-09 14:51:48,040] {dag.py:2927} INFO - Setting next_dagrun for latest_only_with_trigger to 2025-05-09T13:51:48.040578+00:00, run_after=2025-05-09T17:51:48.040578+00:00
[2025-05-09 14:51:48,051] {processor.py:161} INFO - Processing /home/pedro/Documentos/airflow/venv/lib/python3.9/site-packages/airflow/example_dags/example_latest_only_with_trigger.py took 0.054 seconds
[2025-05-09 14:52:21,807] {processor.py:153} INFO - Started process (PID=72370) to work on /home/pedro/Documentos/airflow/venv/lib/python3.9/site-packages/airflow/example_dags/example_latest_only_with_trigger.py
[2025-05-09 14:52:21,819] {processor.py:641} INFO - Processing file /home/pedro/Documentos/airflow/venv/lib/python3.9/site-packages/airflow/example_dags/example_latest_only_with_trigger.py for tasks to queue
[2025-05-09 14:52:21,820] {logging_mixin.py:115} INFO - [2025-05-09 14:52:21,820] {dagbag.py:507} INFO - Filling up the DagBag from /home/pedro/Documentos/airflow/venv/lib/python3.9/site-packages/airflow/example_dags/example_latest_only_with_trigger.py
[2025-05-09 14:52:21,824] {processor.py:651} INFO - DAG(s) dict_keys(['latest_only_with_trigger']) retrieved from /home/pedro/Documentos/airflow/venv/lib/python3.9/site-packages/airflow/example_dags/example_latest_only_with_trigger.py
[2025-05-09 14:52:21,837] {logging_mixin.py:115} INFO - [2025-05-09 14:52:21,837] {dag.py:2379} INFO - Sync 1 DAGs
[2025-05-09 14:52:21,850] {logging_mixin.py:115} INFO - [2025-05-09 14:52:21,850] {dag.py:2927} INFO - Setting next_dagrun for latest_only_with_trigger to 2025-05-09T13:52:21.850136+00:00, run_after=2025-05-09T17:52:21.850136+00:00
[2025-05-09 14:52:21,859] {processor.py:161} INFO - Processing /home/pedro/Documentos/airflow/venv/lib/python3.9/site-packages/airflow/example_dags/example_latest_only_with_trigger.py took 0.055 seconds
[2025-05-09 14:52:55,295] {processor.py:153} INFO - Started process (PID=72575) to work on /home/pedro/Documentos/airflow/venv/lib/python3.9/site-packages/airflow/example_dags/example_latest_only_with_trigger.py
[2025-05-09 14:52:55,308] {processor.py:641} INFO - Processing file /home/pedro/Documentos/airflow/venv/lib/python3.9/site-packages/airflow/example_dags/example_latest_only_with_trigger.py for tasks to queue
[2025-05-09 14:52:55,308] {logging_mixin.py:115} INFO - [2025-05-09 14:52:55,308] {dagbag.py:507} INFO - Filling up the DagBag from /home/pedro/Documentos/airflow/venv/lib/python3.9/site-packages/airflow/example_dags/example_latest_only_with_trigger.py
[2025-05-09 14:52:55,313] {processor.py:651} INFO - DAG(s) dict_keys(['latest_only_with_trigger']) retrieved from /home/pedro/Documentos/airflow/venv/lib/python3.9/site-packages/airflow/example_dags/example_latest_only_with_trigger.py
[2025-05-09 14:52:55,328] {logging_mixin.py:115} INFO - [2025-05-09 14:52:55,327] {dag.py:2379} INFO - Sync 1 DAGs
[2025-05-09 14:52:55,340] {logging_mixin.py:115} INFO - [2025-05-09 14:52:55,340] {dag.py:2927} INFO - Setting next_dagrun for latest_only_with_trigger to 2025-05-09T13:52:55.340045+00:00, run_after=2025-05-09T17:52:55.340045+00:00
[2025-05-09 14:52:55,350] {processor.py:161} INFO - Processing /home/pedro/Documentos/airflow/venv/lib/python3.9/site-packages/airflow/example_dags/example_latest_only_with_trigger.py took 0.057 seconds
[2025-05-09 14:53:28,186] {processor.py:153} INFO - Started process (PID=73141) to work on /home/pedro/Documentos/airflow/venv/lib/python3.9/site-packages/airflow/example_dags/example_latest_only_with_trigger.py
[2025-05-09 14:53:28,198] {processor.py:641} INFO - Processing file /home/pedro/Documentos/airflow/venv/lib/python3.9/site-packages/airflow/example_dags/example_latest_only_with_trigger.py for tasks to queue
[2025-05-09 14:53:28,199] {logging_mixin.py:115} INFO - [2025-05-09 14:53:28,199] {dagbag.py:507} INFO - Filling up the DagBag from /home/pedro/Documentos/airflow/venv/lib/python3.9/site-packages/airflow/example_dags/example_latest_only_with_trigger.py
[2025-05-09 14:53:28,203] {processor.py:651} INFO - DAG(s) dict_keys(['latest_only_with_trigger']) retrieved from /home/pedro/Documentos/airflow/venv/lib/python3.9/site-packages/airflow/example_dags/example_latest_only_with_trigger.py
[2025-05-09 14:53:28,218] {logging_mixin.py:115} INFO - [2025-05-09 14:53:28,218] {dag.py:2379} INFO - Sync 1 DAGs
[2025-05-09 14:53:28,231] {logging_mixin.py:115} INFO - [2025-05-09 14:53:28,231] {dag.py:2927} INFO - Setting next_dagrun for latest_only_with_trigger to 2025-05-09T13:53:28.230818+00:00, run_after=2025-05-09T17:53:28.230818+00:00
[2025-05-09 14:53:28,241] {processor.py:161} INFO - Processing /home/pedro/Documentos/airflow/venv/lib/python3.9/site-packages/airflow/example_dags/example_latest_only_with_trigger.py took 0.057 seconds
[2025-05-09 14:54:00,856] {processor.py:153} INFO - Started process (PID=74106) to work on /home/pedro/Documentos/airflow/venv/lib/python3.9/site-packages/airflow/example_dags/example_latest_only_with_trigger.py
[2025-05-09 14:54:00,868] {processor.py:641} INFO - Processing file /home/pedro/Documentos/airflow/venv/lib/python3.9/site-packages/airflow/example_dags/example_latest_only_with_trigger.py for tasks to queue
[2025-05-09 14:54:00,869] {logging_mixin.py:115} INFO - [2025-05-09 14:54:00,868] {dagbag.py:507} INFO - Filling up the DagBag from /home/pedro/Documentos/airflow/venv/lib/python3.9/site-packages/airflow/example_dags/example_latest_only_with_trigger.py
[2025-05-09 14:54:00,873] {processor.py:651} INFO - DAG(s) dict_keys(['latest_only_with_trigger']) retrieved from /home/pedro/Documentos/airflow/venv/lib/python3.9/site-packages/airflow/example_dags/example_latest_only_with_trigger.py
[2025-05-09 14:54:00,886] {logging_mixin.py:115} INFO - [2025-05-09 14:54:00,886] {dag.py:2379} INFO - Sync 1 DAGs
[2025-05-09 14:54:00,898] {logging_mixin.py:115} INFO - [2025-05-09 14:54:00,898] {dag.py:2927} INFO - Setting next_dagrun for latest_only_with_trigger to 2025-05-09T13:54:00.898521+00:00, run_after=2025-05-09T17:54:00.898521+00:00
[2025-05-09 14:54:00,957] {processor.py:161} INFO - Processing /home/pedro/Documentos/airflow/venv/lib/python3.9/site-packages/airflow/example_dags/example_latest_only_with_trigger.py took 0.104 seconds
[2025-05-09 14:54:33,645] {processor.py:153} INFO - Started process (PID=74389) to work on /home/pedro/Documentos/airflow/venv/lib/python3.9/site-packages/airflow/example_dags/example_latest_only_with_trigger.py
[2025-05-09 14:54:33,658] {processor.py:641} INFO - Processing file /home/pedro/Documentos/airflow/venv/lib/python3.9/site-packages/airflow/example_dags/example_latest_only_with_trigger.py for tasks to queue
[2025-05-09 14:54:33,658] {logging_mixin.py:115} INFO - [2025-05-09 14:54:33,658] {dagbag.py:507} INFO - Filling up the DagBag from /home/pedro/Documentos/airflow/venv/lib/python3.9/site-packages/airflow/example_dags/example_latest_only_with_trigger.py
[2025-05-09 14:54:33,663] {processor.py:651} INFO - DAG(s) dict_keys(['latest_only_with_trigger']) retrieved from /home/pedro/Documentos/airflow/venv/lib/python3.9/site-packages/airflow/example_dags/example_latest_only_with_trigger.py
[2025-05-09 14:54:33,676] {logging_mixin.py:115} INFO - [2025-05-09 14:54:33,676] {dag.py:2379} INFO - Sync 1 DAGs
[2025-05-09 14:54:33,688] {logging_mixin.py:115} INFO - [2025-05-09 14:54:33,688] {dag.py:2927} INFO - Setting next_dagrun for latest_only_with_trigger to 2025-05-09T13:54:33.688154+00:00, run_after=2025-05-09T17:54:33.688154+00:00
[2025-05-09 14:54:33,698] {processor.py:161} INFO - Processing /home/pedro/Documentos/airflow/venv/lib/python3.9/site-packages/airflow/example_dags/example_latest_only_with_trigger.py took 0.054 seconds
[2025-05-09 14:55:07,377] {processor.py:153} INFO - Started process (PID=74581) to work on /home/pedro/Documentos/airflow/venv/lib/python3.9/site-packages/airflow/example_dags/example_latest_only_with_trigger.py
[2025-05-09 14:55:07,389] {processor.py:641} INFO - Processing file /home/pedro/Documentos/airflow/venv/lib/python3.9/site-packages/airflow/example_dags/example_latest_only_with_trigger.py for tasks to queue
[2025-05-09 14:55:07,389] {logging_mixin.py:115} INFO - [2025-05-09 14:55:07,389] {dagbag.py:507} INFO - Filling up the DagBag from /home/pedro/Documentos/airflow/venv/lib/python3.9/site-packages/airflow/example_dags/example_latest_only_with_trigger.py
[2025-05-09 14:55:07,393] {processor.py:651} INFO - DAG(s) dict_keys(['latest_only_with_trigger']) retrieved from /home/pedro/Documentos/airflow/venv/lib/python3.9/site-packages/airflow/example_dags/example_latest_only_with_trigger.py
[2025-05-09 14:55:07,407] {logging_mixin.py:115} INFO - [2025-05-09 14:55:07,407] {dag.py:2379} INFO - Sync 1 DAGs
[2025-05-09 14:55:07,420] {logging_mixin.py:115} INFO - [2025-05-09 14:55:07,420] {dag.py:2927} INFO - Setting next_dagrun for latest_only_with_trigger to 2025-05-09T13:55:07.419908+00:00, run_after=2025-05-09T17:55:07.419908+00:00
[2025-05-09 14:55:07,431] {processor.py:161} INFO - Processing /home/pedro/Documentos/airflow/venv/lib/python3.9/site-packages/airflow/example_dags/example_latest_only_with_trigger.py took 0.056 seconds
