[2025-05-09 14:33:57,201] {processor.py:153} INFO - Started process (PID=61710) to work on /home/pedro/Documentos/airflow/venv/lib/python3.9/site-packages/airflow/example_dags/example_short_circuit_operator.py
[2025-05-09 14:33:57,201] {processor.py:641} INFO - Processing file /home/pedro/Documentos/airflow/venv/lib/python3.9/site-packages/airflow/example_dags/example_short_circuit_operator.py for tasks to queue
[2025-05-09 14:33:57,201] {logging_mixin.py:115} INFO - [2025-05-09 14:33:57,201] {dagbag.py:507} INFO - Filling up the DagBag from /home/pedro/Documentos/airflow/venv/lib/python3.9/site-packages/airflow/example_dags/example_short_circuit_operator.py
[2025-05-09 14:33:57,207] {processor.py:651} INFO - DAG(s) dict_keys(['example_short_circuit_operator']) retrieved from /home/pedro/Documentos/airflow/venv/lib/python3.9/site-packages/airflow/example_dags/example_short_circuit_operator.py
[2025-05-09 14:33:57,252] {logging_mixin.py:115} INFO - [2025-05-09 14:33:57,252] {manager.py:508} INFO - Created Permission View: can delete on DAG:example_short_circuit_operator
[2025-05-09 14:33:57,260] {logging_mixin.py:115} INFO - [2025-05-09 14:33:57,260] {manager.py:508} INFO - Created Permission View: can read on DAG:example_short_circuit_operator
[2025-05-09 14:33:57,266] {logging_mixin.py:115} INFO - [2025-05-09 14:33:57,266] {manager.py:508} INFO - Created Permission View: can edit on DAG:example_short_circuit_operator
[2025-05-09 14:33:57,266] {logging_mixin.py:115} INFO - [2025-05-09 14:33:57,266] {dag.py:2379} INFO - Sync 1 DAGs
[2025-05-09 14:33:57,271] {logging_mixin.py:115} INFO - [2025-05-09 14:33:57,271] {dag.py:2398} INFO - Creating ORM DAG for example_short_circuit_operator
[2025-05-09 14:33:57,277] {logging_mixin.py:115} INFO - [2025-05-09 14:33:57,277] {dag.py:2927} INFO - Setting next_dagrun for example_short_circuit_operator to 2025-05-08T17:33:57.276964+00:00, run_after=2025-05-09T17:33:57.276964+00:00
[2025-05-09 14:33:57,288] {processor.py:161} INFO - Processing /home/pedro/Documentos/airflow/venv/lib/python3.9/site-packages/airflow/example_dags/example_short_circuit_operator.py took 0.090 seconds
[2025-05-09 14:34:33,188] {processor.py:153} INFO - Started process (PID=62218) to work on /home/pedro/Documentos/airflow/venv/lib/python3.9/site-packages/airflow/example_dags/example_short_circuit_operator.py
[2025-05-09 14:34:33,200] {processor.py:641} INFO - Processing file /home/pedro/Documentos/airflow/venv/lib/python3.9/site-packages/airflow/example_dags/example_short_circuit_operator.py for tasks to queue
[2025-05-09 14:34:33,201] {logging_mixin.py:115} INFO - [2025-05-09 14:34:33,201] {dagbag.py:507} INFO - Filling up the DagBag from /home/pedro/Documentos/airflow/venv/lib/python3.9/site-packages/airflow/example_dags/example_short_circuit_operator.py
[2025-05-09 14:34:33,207] {processor.py:651} INFO - DAG(s) dict_keys(['example_short_circuit_operator']) retrieved from /home/pedro/Documentos/airflow/venv/lib/python3.9/site-packages/airflow/example_dags/example_short_circuit_operator.py
[2025-05-09 14:34:33,219] {logging_mixin.py:115} INFO - [2025-05-09 14:34:33,219] {dag.py:2379} INFO - Sync 1 DAGs
[2025-05-09 14:34:33,232] {logging_mixin.py:115} INFO - [2025-05-09 14:34:33,232] {dag.py:2927} INFO - Setting next_dagrun for example_short_circuit_operator to 2025-05-08T17:34:33.231933+00:00, run_after=2025-05-09T17:34:33.231933+00:00
[2025-05-09 14:34:33,242] {processor.py:161} INFO - Processing /home/pedro/Documentos/airflow/venv/lib/python3.9/site-packages/airflow/example_dags/example_short_circuit_operator.py took 0.056 seconds
[2025-05-09 14:35:06,968] {processor.py:153} INFO - Started process (PID=62682) to work on /home/pedro/Documentos/airflow/venv/lib/python3.9/site-packages/airflow/example_dags/example_short_circuit_operator.py
[2025-05-09 14:35:06,980] {processor.py:641} INFO - Processing file /home/pedro/Documentos/airflow/venv/lib/python3.9/site-packages/airflow/example_dags/example_short_circuit_operator.py for tasks to queue
[2025-05-09 14:35:06,981] {logging_mixin.py:115} INFO - [2025-05-09 14:35:06,981] {dagbag.py:507} INFO - Filling up the DagBag from /home/pedro/Documentos/airflow/venv/lib/python3.9/site-packages/airflow/example_dags/example_short_circuit_operator.py
[2025-05-09 14:35:06,986] {processor.py:651} INFO - DAG(s) dict_keys(['example_short_circuit_operator']) retrieved from /home/pedro/Documentos/airflow/venv/lib/python3.9/site-packages/airflow/example_dags/example_short_circuit_operator.py
[2025-05-09 14:35:06,998] {logging_mixin.py:115} INFO - [2025-05-09 14:35:06,998] {dag.py:2379} INFO - Sync 1 DAGs
[2025-05-09 14:35:07,011] {logging_mixin.py:115} INFO - [2025-05-09 14:35:07,011] {dag.py:2927} INFO - Setting next_dagrun for example_short_circuit_operator to 2025-05-08T17:35:07.011517+00:00, run_after=2025-05-09T17:35:07.011517+00:00
[2025-05-09 14:35:07,021] {processor.py:161} INFO - Processing /home/pedro/Documentos/airflow/venv/lib/python3.9/site-packages/airflow/example_dags/example_short_circuit_operator.py took 0.055 seconds
[2025-05-09 14:35:40,093] {processor.py:153} INFO - Started process (PID=63076) to work on /home/pedro/Documentos/airflow/venv/lib/python3.9/site-packages/airflow/example_dags/example_short_circuit_operator.py
[2025-05-09 14:35:40,105] {processor.py:641} INFO - Processing file /home/pedro/Documentos/airflow/venv/lib/python3.9/site-packages/airflow/example_dags/example_short_circuit_operator.py for tasks to queue
[2025-05-09 14:35:40,106] {logging_mixin.py:115} INFO - [2025-05-09 14:35:40,106] {dagbag.py:507} INFO - Filling up the DagBag from /home/pedro/Documentos/airflow/venv/lib/python3.9/site-packages/airflow/example_dags/example_short_circuit_operator.py
[2025-05-09 14:35:40,113] {processor.py:651} INFO - DAG(s) dict_keys(['example_short_circuit_operator']) retrieved from /home/pedro/Documentos/airflow/venv/lib/python3.9/site-packages/airflow/example_dags/example_short_circuit_operator.py
[2025-05-09 14:35:40,126] {logging_mixin.py:115} INFO - [2025-05-09 14:35:40,126] {dag.py:2379} INFO - Sync 1 DAGs
[2025-05-09 14:35:40,145] {logging_mixin.py:115} INFO - [2025-05-09 14:35:40,144] {dag.py:2927} INFO - Setting next_dagrun for example_short_circuit_operator to 2025-05-08T17:35:40.144779+00:00, run_after=2025-05-09T17:35:40.144779+00:00
[2025-05-09 14:35:40,156] {processor.py:161} INFO - Processing /home/pedro/Documentos/airflow/venv/lib/python3.9/site-packages/airflow/example_dags/example_short_circuit_operator.py took 0.065 seconds
[2025-05-09 14:36:13,714] {processor.py:153} INFO - Started process (PID=63296) to work on /home/pedro/Documentos/airflow/venv/lib/python3.9/site-packages/airflow/example_dags/example_short_circuit_operator.py
[2025-05-09 14:36:13,726] {processor.py:641} INFO - Processing file /home/pedro/Documentos/airflow/venv/lib/python3.9/site-packages/airflow/example_dags/example_short_circuit_operator.py for tasks to queue
[2025-05-09 14:36:13,726] {logging_mixin.py:115} INFO - [2025-05-09 14:36:13,726] {dagbag.py:507} INFO - Filling up the DagBag from /home/pedro/Documentos/airflow/venv/lib/python3.9/site-packages/airflow/example_dags/example_short_circuit_operator.py
[2025-05-09 14:36:13,732] {processor.py:651} INFO - DAG(s) dict_keys(['example_short_circuit_operator']) retrieved from /home/pedro/Documentos/airflow/venv/lib/python3.9/site-packages/airflow/example_dags/example_short_circuit_operator.py
[2025-05-09 14:36:13,744] {logging_mixin.py:115} INFO - [2025-05-09 14:36:13,744] {dag.py:2379} INFO - Sync 1 DAGs
[2025-05-09 14:36:13,757] {logging_mixin.py:115} INFO - [2025-05-09 14:36:13,757] {dag.py:2927} INFO - Setting next_dagrun for example_short_circuit_operator to 2025-05-08T17:36:13.757541+00:00, run_after=2025-05-09T17:36:13.757541+00:00
[2025-05-09 14:36:13,768] {processor.py:161} INFO - Processing /home/pedro/Documentos/airflow/venv/lib/python3.9/site-packages/airflow/example_dags/example_short_circuit_operator.py took 0.056 seconds
[2025-05-09 14:36:44,799] {processor.py:153} INFO - Started process (PID=63487) to work on /home/pedro/Documentos/airflow/venv/lib/python3.9/site-packages/airflow/example_dags/example_short_circuit_operator.py
[2025-05-09 14:36:44,799] {processor.py:641} INFO - Processing file /home/pedro/Documentos/airflow/venv/lib/python3.9/site-packages/airflow/example_dags/example_short_circuit_operator.py for tasks to queue
[2025-05-09 14:36:44,800] {logging_mixin.py:115} INFO - [2025-05-09 14:36:44,800] {dagbag.py:507} INFO - Filling up the DagBag from /home/pedro/Documentos/airflow/venv/lib/python3.9/site-packages/airflow/example_dags/example_short_circuit_operator.py
[2025-05-09 14:36:44,806] {processor.py:651} INFO - DAG(s) dict_keys(['example_short_circuit_operator']) retrieved from /home/pedro/Documentos/airflow/venv/lib/python3.9/site-packages/airflow/example_dags/example_short_circuit_operator.py
[2025-05-09 14:36:44,818] {logging_mixin.py:115} INFO - [2025-05-09 14:36:44,818] {dag.py:2379} INFO - Sync 1 DAGs
[2025-05-09 14:36:44,831] {logging_mixin.py:115} INFO - [2025-05-09 14:36:44,831] {dag.py:2927} INFO - Setting next_dagrun for example_short_circuit_operator to 2025-05-08T17:36:44.831667+00:00, run_after=2025-05-09T17:36:44.831667+00:00
[2025-05-09 14:36:44,843] {processor.py:161} INFO - Processing /home/pedro/Documentos/airflow/venv/lib/python3.9/site-packages/airflow/example_dags/example_short_circuit_operator.py took 0.046 seconds
[2025-05-09 14:37:20,619] {processor.py:153} INFO - Started process (PID=63937) to work on /home/pedro/Documentos/airflow/venv/lib/python3.9/site-packages/airflow/example_dags/example_short_circuit_operator.py
[2025-05-09 14:37:20,631] {processor.py:641} INFO - Processing file /home/pedro/Documentos/airflow/venv/lib/python3.9/site-packages/airflow/example_dags/example_short_circuit_operator.py for tasks to queue
[2025-05-09 14:37:20,632] {logging_mixin.py:115} INFO - [2025-05-09 14:37:20,632] {dagbag.py:507} INFO - Filling up the DagBag from /home/pedro/Documentos/airflow/venv/lib/python3.9/site-packages/airflow/example_dags/example_short_circuit_operator.py
[2025-05-09 14:37:20,638] {processor.py:651} INFO - DAG(s) dict_keys(['example_short_circuit_operator']) retrieved from /home/pedro/Documentos/airflow/venv/lib/python3.9/site-packages/airflow/example_dags/example_short_circuit_operator.py
[2025-05-09 14:37:20,651] {logging_mixin.py:115} INFO - [2025-05-09 14:37:20,651] {dag.py:2379} INFO - Sync 1 DAGs
[2025-05-09 14:37:20,664] {logging_mixin.py:115} INFO - [2025-05-09 14:37:20,664] {dag.py:2927} INFO - Setting next_dagrun for example_short_circuit_operator to 2025-05-08T17:37:20.664065+00:00, run_after=2025-05-09T17:37:20.664065+00:00
[2025-05-09 14:37:20,674] {processor.py:161} INFO - Processing /home/pedro/Documentos/airflow/venv/lib/python3.9/site-packages/airflow/example_dags/example_short_circuit_operator.py took 0.057 seconds
[2025-05-09 14:37:54,008] {processor.py:153} INFO - Started process (PID=64442) to work on /home/pedro/Documentos/airflow/venv/lib/python3.9/site-packages/airflow/example_dags/example_short_circuit_operator.py
[2025-05-09 14:37:54,021] {processor.py:641} INFO - Processing file /home/pedro/Documentos/airflow/venv/lib/python3.9/site-packages/airflow/example_dags/example_short_circuit_operator.py for tasks to queue
[2025-05-09 14:37:54,021] {logging_mixin.py:115} INFO - [2025-05-09 14:37:54,021] {dagbag.py:507} INFO - Filling up the DagBag from /home/pedro/Documentos/airflow/venv/lib/python3.9/site-packages/airflow/example_dags/example_short_circuit_operator.py
[2025-05-09 14:37:54,027] {processor.py:651} INFO - DAG(s) dict_keys(['example_short_circuit_operator']) retrieved from /home/pedro/Documentos/airflow/venv/lib/python3.9/site-packages/airflow/example_dags/example_short_circuit_operator.py
[2025-05-09 14:37:54,040] {logging_mixin.py:115} INFO - [2025-05-09 14:37:54,040] {dag.py:2379} INFO - Sync 1 DAGs
[2025-05-09 14:37:54,054] {logging_mixin.py:115} INFO - [2025-05-09 14:37:54,054] {dag.py:2927} INFO - Setting next_dagrun for example_short_circuit_operator to 2025-05-08T17:37:54.054104+00:00, run_after=2025-05-09T17:37:54.054104+00:00
[2025-05-09 14:37:54,065] {processor.py:161} INFO - Processing /home/pedro/Documentos/airflow/venv/lib/python3.9/site-packages/airflow/example_dags/example_short_circuit_operator.py took 0.058 seconds
[2025-05-09 14:38:25,984] {processor.py:153} INFO - Started process (PID=64837) to work on /home/pedro/Documentos/airflow/venv/lib/python3.9/site-packages/airflow/example_dags/example_short_circuit_operator.py
[2025-05-09 14:38:25,996] {processor.py:641} INFO - Processing file /home/pedro/Documentos/airflow/venv/lib/python3.9/site-packages/airflow/example_dags/example_short_circuit_operator.py for tasks to queue
[2025-05-09 14:38:25,997] {logging_mixin.py:115} INFO - [2025-05-09 14:38:25,997] {dagbag.py:507} INFO - Filling up the DagBag from /home/pedro/Documentos/airflow/venv/lib/python3.9/site-packages/airflow/example_dags/example_short_circuit_operator.py
[2025-05-09 14:38:26,003] {processor.py:651} INFO - DAG(s) dict_keys(['example_short_circuit_operator']) retrieved from /home/pedro/Documentos/airflow/venv/lib/python3.9/site-packages/airflow/example_dags/example_short_circuit_operator.py
[2025-05-09 14:38:26,016] {logging_mixin.py:115} INFO - [2025-05-09 14:38:26,016] {dag.py:2379} INFO - Sync 1 DAGs
[2025-05-09 14:38:26,029] {logging_mixin.py:115} INFO - [2025-05-09 14:38:26,029] {dag.py:2927} INFO - Setting next_dagrun for example_short_circuit_operator to 2025-05-08T17:38:26.029020+00:00, run_after=2025-05-09T17:38:26.029020+00:00
[2025-05-09 14:38:26,039] {processor.py:161} INFO - Processing /home/pedro/Documentos/airflow/venv/lib/python3.9/site-packages/airflow/example_dags/example_short_circuit_operator.py took 0.057 seconds
[2025-05-09 14:39:02,151] {processor.py:153} INFO - Started process (PID=65160) to work on /home/pedro/Documentos/airflow/venv/lib/python3.9/site-packages/airflow/example_dags/example_short_circuit_operator.py
[2025-05-09 14:39:02,164] {processor.py:641} INFO - Processing file /home/pedro/Documentos/airflow/venv/lib/python3.9/site-packages/airflow/example_dags/example_short_circuit_operator.py for tasks to queue
[2025-05-09 14:39:02,164] {logging_mixin.py:115} INFO - [2025-05-09 14:39:02,164] {dagbag.py:507} INFO - Filling up the DagBag from /home/pedro/Documentos/airflow/venv/lib/python3.9/site-packages/airflow/example_dags/example_short_circuit_operator.py
[2025-05-09 14:39:02,171] {processor.py:651} INFO - DAG(s) dict_keys(['example_short_circuit_operator']) retrieved from /home/pedro/Documentos/airflow/venv/lib/python3.9/site-packages/airflow/example_dags/example_short_circuit_operator.py
[2025-05-09 14:39:02,185] {logging_mixin.py:115} INFO - [2025-05-09 14:39:02,185] {dag.py:2379} INFO - Sync 1 DAGs
[2025-05-09 14:39:02,196] {logging_mixin.py:115} INFO - [2025-05-09 14:39:02,196] {dag.py:2927} INFO - Setting next_dagrun for example_short_circuit_operator to 2025-05-08T17:39:02.196212+00:00, run_after=2025-05-09T17:39:02.196212+00:00
[2025-05-09 14:39:02,206] {processor.py:161} INFO - Processing /home/pedro/Documentos/airflow/venv/lib/python3.9/site-packages/airflow/example_dags/example_short_circuit_operator.py took 0.057 seconds
[2025-05-09 14:39:34,810] {processor.py:153} INFO - Started process (PID=65528) to work on /home/pedro/Documentos/airflow/venv/lib/python3.9/site-packages/airflow/example_dags/example_short_circuit_operator.py
[2025-05-09 14:39:34,811] {processor.py:641} INFO - Processing file /home/pedro/Documentos/airflow/venv/lib/python3.9/site-packages/airflow/example_dags/example_short_circuit_operator.py for tasks to queue
[2025-05-09 14:39:34,811] {logging_mixin.py:115} INFO - [2025-05-09 14:39:34,811] {dagbag.py:507} INFO - Filling up the DagBag from /home/pedro/Documentos/airflow/venv/lib/python3.9/site-packages/airflow/example_dags/example_short_circuit_operator.py
[2025-05-09 14:39:34,817] {processor.py:651} INFO - DAG(s) dict_keys(['example_short_circuit_operator']) retrieved from /home/pedro/Documentos/airflow/venv/lib/python3.9/site-packages/airflow/example_dags/example_short_circuit_operator.py
[2025-05-09 14:39:34,831] {logging_mixin.py:115} INFO - [2025-05-09 14:39:34,831] {dag.py:2379} INFO - Sync 1 DAGs
[2025-05-09 14:39:34,842] {logging_mixin.py:115} INFO - [2025-05-09 14:39:34,842] {dag.py:2927} INFO - Setting next_dagrun for example_short_circuit_operator to 2025-05-08T17:39:34.842256+00:00, run_after=2025-05-09T17:39:34.842256+00:00
[2025-05-09 14:39:34,852] {processor.py:161} INFO - Processing /home/pedro/Documentos/airflow/venv/lib/python3.9/site-packages/airflow/example_dags/example_short_circuit_operator.py took 0.044 seconds
[2025-05-09 14:40:06,802] {processor.py:153} INFO - Started process (PID=65725) to work on /home/pedro/Documentos/airflow/venv/lib/python3.9/site-packages/airflow/example_dags/example_short_circuit_operator.py
[2025-05-09 14:40:06,814] {processor.py:641} INFO - Processing file /home/pedro/Documentos/airflow/venv/lib/python3.9/site-packages/airflow/example_dags/example_short_circuit_operator.py for tasks to queue
[2025-05-09 14:40:06,815] {logging_mixin.py:115} INFO - [2025-05-09 14:40:06,815] {dagbag.py:507} INFO - Filling up the DagBag from /home/pedro/Documentos/airflow/venv/lib/python3.9/site-packages/airflow/example_dags/example_short_circuit_operator.py
[2025-05-09 14:40:06,821] {processor.py:651} INFO - DAG(s) dict_keys(['example_short_circuit_operator']) retrieved from /home/pedro/Documentos/airflow/venv/lib/python3.9/site-packages/airflow/example_dags/example_short_circuit_operator.py
[2025-05-09 14:40:06,835] {logging_mixin.py:115} INFO - [2025-05-09 14:40:06,835] {dag.py:2379} INFO - Sync 1 DAGs
[2025-05-09 14:40:06,846] {logging_mixin.py:115} INFO - [2025-05-09 14:40:06,846] {dag.py:2927} INFO - Setting next_dagrun for example_short_circuit_operator to 2025-05-08T17:40:06.846185+00:00, run_after=2025-05-09T17:40:06.846185+00:00
[2025-05-09 14:40:06,856] {processor.py:161} INFO - Processing /home/pedro/Documentos/airflow/venv/lib/python3.9/site-packages/airflow/example_dags/example_short_circuit_operator.py took 0.055 seconds
[2025-05-09 14:40:40,601] {processor.py:153} INFO - Started process (PID=65984) to work on /home/pedro/Documentos/airflow/venv/lib/python3.9/site-packages/airflow/example_dags/example_short_circuit_operator.py
[2025-05-09 14:40:40,613] {processor.py:641} INFO - Processing file /home/pedro/Documentos/airflow/venv/lib/python3.9/site-packages/airflow/example_dags/example_short_circuit_operator.py for tasks to queue
[2025-05-09 14:40:40,614] {logging_mixin.py:115} INFO - [2025-05-09 14:40:40,614] {dagbag.py:507} INFO - Filling up the DagBag from /home/pedro/Documentos/airflow/venv/lib/python3.9/site-packages/airflow/example_dags/example_short_circuit_operator.py
[2025-05-09 14:40:40,620] {processor.py:651} INFO - DAG(s) dict_keys(['example_short_circuit_operator']) retrieved from /home/pedro/Documentos/airflow/venv/lib/python3.9/site-packages/airflow/example_dags/example_short_circuit_operator.py
[2025-05-09 14:40:40,635] {logging_mixin.py:115} INFO - [2025-05-09 14:40:40,635] {dag.py:2379} INFO - Sync 1 DAGs
[2025-05-09 14:40:40,646] {logging_mixin.py:115} INFO - [2025-05-09 14:40:40,646] {dag.py:2927} INFO - Setting next_dagrun for example_short_circuit_operator to 2025-05-08T17:40:40.646298+00:00, run_after=2025-05-09T17:40:40.646298+00:00
[2025-05-09 14:40:40,656] {processor.py:161} INFO - Processing /home/pedro/Documentos/airflow/venv/lib/python3.9/site-packages/airflow/example_dags/example_short_circuit_operator.py took 0.057 seconds
[2025-05-09 14:41:14,744] {processor.py:153} INFO - Started process (PID=66568) to work on /home/pedro/Documentos/airflow/venv/lib/python3.9/site-packages/airflow/example_dags/example_short_circuit_operator.py
[2025-05-09 14:41:14,757] {processor.py:641} INFO - Processing file /home/pedro/Documentos/airflow/venv/lib/python3.9/site-packages/airflow/example_dags/example_short_circuit_operator.py for tasks to queue
[2025-05-09 14:41:14,757] {logging_mixin.py:115} INFO - [2025-05-09 14:41:14,757] {dagbag.py:507} INFO - Filling up the DagBag from /home/pedro/Documentos/airflow/venv/lib/python3.9/site-packages/airflow/example_dags/example_short_circuit_operator.py
[2025-05-09 14:41:14,763] {processor.py:651} INFO - DAG(s) dict_keys(['example_short_circuit_operator']) retrieved from /home/pedro/Documentos/airflow/venv/lib/python3.9/site-packages/airflow/example_dags/example_short_circuit_operator.py
[2025-05-09 14:41:14,779] {logging_mixin.py:115} INFO - [2025-05-09 14:41:14,779] {dag.py:2379} INFO - Sync 1 DAGs
[2025-05-09 14:41:14,795] {logging_mixin.py:115} INFO - [2025-05-09 14:41:14,795] {dag.py:2927} INFO - Setting next_dagrun for example_short_circuit_operator to 2025-05-08T17:41:14.795246+00:00, run_after=2025-05-09T17:41:14.795246+00:00
[2025-05-09 14:41:14,841] {processor.py:161} INFO - Processing /home/pedro/Documentos/airflow/venv/lib/python3.9/site-packages/airflow/example_dags/example_short_circuit_operator.py took 0.099 seconds
[2025-05-09 14:41:52,559] {processor.py:153} INFO - Started process (PID=66946) to work on /home/pedro/Documentos/airflow/venv/lib/python3.9/site-packages/airflow/example_dags/example_short_circuit_operator.py
[2025-05-09 14:41:52,571] {processor.py:641} INFO - Processing file /home/pedro/Documentos/airflow/venv/lib/python3.9/site-packages/airflow/example_dags/example_short_circuit_operator.py for tasks to queue
[2025-05-09 14:41:52,572] {logging_mixin.py:115} INFO - [2025-05-09 14:41:52,572] {dagbag.py:507} INFO - Filling up the DagBag from /home/pedro/Documentos/airflow/venv/lib/python3.9/site-packages/airflow/example_dags/example_short_circuit_operator.py
[2025-05-09 14:41:52,578] {processor.py:651} INFO - DAG(s) dict_keys(['example_short_circuit_operator']) retrieved from /home/pedro/Documentos/airflow/venv/lib/python3.9/site-packages/airflow/example_dags/example_short_circuit_operator.py
[2025-05-09 14:41:52,591] {logging_mixin.py:115} INFO - [2025-05-09 14:41:52,591] {dag.py:2379} INFO - Sync 1 DAGs
[2025-05-09 14:41:52,603] {logging_mixin.py:115} INFO - [2025-05-09 14:41:52,603] {dag.py:2927} INFO - Setting next_dagrun for example_short_circuit_operator to 2025-05-08T17:41:52.603057+00:00, run_after=2025-05-09T17:41:52.603057+00:00
[2025-05-09 14:41:52,612] {processor.py:161} INFO - Processing /home/pedro/Documentos/airflow/venv/lib/python3.9/site-packages/airflow/example_dags/example_short_circuit_operator.py took 0.055 seconds
[2025-05-09 14:42:24,495] {processor.py:153} INFO - Started process (PID=67138) to work on /home/pedro/Documentos/airflow/venv/lib/python3.9/site-packages/airflow/example_dags/example_short_circuit_operator.py
[2025-05-09 14:42:24,507] {processor.py:641} INFO - Processing file /home/pedro/Documentos/airflow/venv/lib/python3.9/site-packages/airflow/example_dags/example_short_circuit_operator.py for tasks to queue
[2025-05-09 14:42:24,508] {logging_mixin.py:115} INFO - [2025-05-09 14:42:24,508] {dagbag.py:507} INFO - Filling up the DagBag from /home/pedro/Documentos/airflow/venv/lib/python3.9/site-packages/airflow/example_dags/example_short_circuit_operator.py
[2025-05-09 14:42:24,514] {processor.py:651} INFO - DAG(s) dict_keys(['example_short_circuit_operator']) retrieved from /home/pedro/Documentos/airflow/venv/lib/python3.9/site-packages/airflow/example_dags/example_short_circuit_operator.py
[2025-05-09 14:42:24,529] {logging_mixin.py:115} INFO - [2025-05-09 14:42:24,529] {dag.py:2379} INFO - Sync 1 DAGs
[2025-05-09 14:42:24,540] {logging_mixin.py:115} INFO - [2025-05-09 14:42:24,540] {dag.py:2927} INFO - Setting next_dagrun for example_short_circuit_operator to 2025-05-08T17:42:24.540340+00:00, run_after=2025-05-09T17:42:24.540340+00:00
[2025-05-09 14:42:24,551] {processor.py:161} INFO - Processing /home/pedro/Documentos/airflow/venv/lib/python3.9/site-packages/airflow/example_dags/example_short_circuit_operator.py took 0.058 seconds
[2025-05-09 14:42:58,771] {processor.py:153} INFO - Started process (PID=67339) to work on /home/pedro/Documentos/airflow/venv/lib/python3.9/site-packages/airflow/example_dags/example_short_circuit_operator.py
[2025-05-09 14:42:58,784] {processor.py:641} INFO - Processing file /home/pedro/Documentos/airflow/venv/lib/python3.9/site-packages/airflow/example_dags/example_short_circuit_operator.py for tasks to queue
[2025-05-09 14:42:58,784] {logging_mixin.py:115} INFO - [2025-05-09 14:42:58,784] {dagbag.py:507} INFO - Filling up the DagBag from /home/pedro/Documentos/airflow/venv/lib/python3.9/site-packages/airflow/example_dags/example_short_circuit_operator.py
[2025-05-09 14:42:58,791] {processor.py:651} INFO - DAG(s) dict_keys(['example_short_circuit_operator']) retrieved from /home/pedro/Documentos/airflow/venv/lib/python3.9/site-packages/airflow/example_dags/example_short_circuit_operator.py
[2025-05-09 14:42:58,805] {logging_mixin.py:115} INFO - [2025-05-09 14:42:58,805] {dag.py:2379} INFO - Sync 1 DAGs
[2025-05-09 14:42:58,816] {logging_mixin.py:115} INFO - [2025-05-09 14:42:58,815] {dag.py:2927} INFO - Setting next_dagrun for example_short_circuit_operator to 2025-05-08T17:42:58.815781+00:00, run_after=2025-05-09T17:42:58.815781+00:00
[2025-05-09 14:42:58,826] {processor.py:161} INFO - Processing /home/pedro/Documentos/airflow/venv/lib/python3.9/site-packages/airflow/example_dags/example_short_circuit_operator.py took 0.057 seconds
[2025-05-09 14:43:33,291] {processor.py:153} INFO - Started process (PID=67869) to work on /home/pedro/Documentos/airflow/venv/lib/python3.9/site-packages/airflow/example_dags/example_short_circuit_operator.py
[2025-05-09 14:43:33,291] {processor.py:641} INFO - Processing file /home/pedro/Documentos/airflow/venv/lib/python3.9/site-packages/airflow/example_dags/example_short_circuit_operator.py for tasks to queue
[2025-05-09 14:43:33,292] {logging_mixin.py:115} INFO - [2025-05-09 14:43:33,291] {dagbag.py:507} INFO - Filling up the DagBag from /home/pedro/Documentos/airflow/venv/lib/python3.9/site-packages/airflow/example_dags/example_short_circuit_operator.py
[2025-05-09 14:43:33,297] {processor.py:651} INFO - DAG(s) dict_keys(['example_short_circuit_operator']) retrieved from /home/pedro/Documentos/airflow/venv/lib/python3.9/site-packages/airflow/example_dags/example_short_circuit_operator.py
[2025-05-09 14:43:33,312] {logging_mixin.py:115} INFO - [2025-05-09 14:43:33,312] {dag.py:2379} INFO - Sync 1 DAGs
[2025-05-09 14:43:33,323] {logging_mixin.py:115} INFO - [2025-05-09 14:43:33,323] {dag.py:2927} INFO - Setting next_dagrun for example_short_circuit_operator to 2025-05-08T17:43:33.323660+00:00, run_after=2025-05-09T17:43:33.323660+00:00
[2025-05-09 14:43:33,334] {processor.py:161} INFO - Processing /home/pedro/Documentos/airflow/venv/lib/python3.9/site-packages/airflow/example_dags/example_short_circuit_operator.py took 0.045 seconds
[2025-05-09 14:44:07,264] {processor.py:153} INFO - Started process (PID=68240) to work on /home/pedro/Documentos/airflow/venv/lib/python3.9/site-packages/airflow/example_dags/example_short_circuit_operator.py
[2025-05-09 14:44:07,276] {processor.py:641} INFO - Processing file /home/pedro/Documentos/airflow/venv/lib/python3.9/site-packages/airflow/example_dags/example_short_circuit_operator.py for tasks to queue
[2025-05-09 14:44:07,277] {logging_mixin.py:115} INFO - [2025-05-09 14:44:07,277] {dagbag.py:507} INFO - Filling up the DagBag from /home/pedro/Documentos/airflow/venv/lib/python3.9/site-packages/airflow/example_dags/example_short_circuit_operator.py
[2025-05-09 14:44:07,284] {processor.py:651} INFO - DAG(s) dict_keys(['example_short_circuit_operator']) retrieved from /home/pedro/Documentos/airflow/venv/lib/python3.9/site-packages/airflow/example_dags/example_short_circuit_operator.py
[2025-05-09 14:44:07,299] {logging_mixin.py:115} INFO - [2025-05-09 14:44:07,299] {dag.py:2379} INFO - Sync 1 DAGs
[2025-05-09 14:44:07,310] {logging_mixin.py:115} INFO - [2025-05-09 14:44:07,310] {dag.py:2927} INFO - Setting next_dagrun for example_short_circuit_operator to 2025-05-08T17:44:07.310308+00:00, run_after=2025-05-09T17:44:07.310308+00:00
[2025-05-09 14:44:07,320] {processor.py:161} INFO - Processing /home/pedro/Documentos/airflow/venv/lib/python3.9/site-packages/airflow/example_dags/example_short_circuit_operator.py took 0.058 seconds
[2025-05-09 14:44:41,365] {processor.py:153} INFO - Started process (PID=68441) to work on /home/pedro/Documentos/airflow/venv/lib/python3.9/site-packages/airflow/example_dags/example_short_circuit_operator.py
[2025-05-09 14:44:41,377] {processor.py:641} INFO - Processing file /home/pedro/Documentos/airflow/venv/lib/python3.9/site-packages/airflow/example_dags/example_short_circuit_operator.py for tasks to queue
[2025-05-09 14:44:41,378] {logging_mixin.py:115} INFO - [2025-05-09 14:44:41,377] {dagbag.py:507} INFO - Filling up the DagBag from /home/pedro/Documentos/airflow/venv/lib/python3.9/site-packages/airflow/example_dags/example_short_circuit_operator.py
[2025-05-09 14:44:41,384] {processor.py:651} INFO - DAG(s) dict_keys(['example_short_circuit_operator']) retrieved from /home/pedro/Documentos/airflow/venv/lib/python3.9/site-packages/airflow/example_dags/example_short_circuit_operator.py
[2025-05-09 14:44:41,398] {logging_mixin.py:115} INFO - [2025-05-09 14:44:41,398] {dag.py:2379} INFO - Sync 1 DAGs
[2025-05-09 14:44:41,409] {logging_mixin.py:115} INFO - [2025-05-09 14:44:41,409] {dag.py:2927} INFO - Setting next_dagrun for example_short_circuit_operator to 2025-05-08T17:44:41.409094+00:00, run_after=2025-05-09T17:44:41.409094+00:00
[2025-05-09 14:44:41,418] {processor.py:161} INFO - Processing /home/pedro/Documentos/airflow/venv/lib/python3.9/site-packages/airflow/example_dags/example_short_circuit_operator.py took 0.056 seconds
[2025-05-09 14:45:14,028] {processor.py:153} INFO - Started process (PID=68671) to work on /home/pedro/Documentos/airflow/venv/lib/python3.9/site-packages/airflow/example_dags/example_short_circuit_operator.py
[2025-05-09 14:45:14,040] {processor.py:641} INFO - Processing file /home/pedro/Documentos/airflow/venv/lib/python3.9/site-packages/airflow/example_dags/example_short_circuit_operator.py for tasks to queue
[2025-05-09 14:45:14,041] {logging_mixin.py:115} INFO - [2025-05-09 14:45:14,041] {dagbag.py:507} INFO - Filling up the DagBag from /home/pedro/Documentos/airflow/venv/lib/python3.9/site-packages/airflow/example_dags/example_short_circuit_operator.py
[2025-05-09 14:45:14,047] {processor.py:651} INFO - DAG(s) dict_keys(['example_short_circuit_operator']) retrieved from /home/pedro/Documentos/airflow/venv/lib/python3.9/site-packages/airflow/example_dags/example_short_circuit_operator.py
[2025-05-09 14:45:14,061] {logging_mixin.py:115} INFO - [2025-05-09 14:45:14,061] {dag.py:2379} INFO - Sync 1 DAGs
[2025-05-09 14:45:14,072] {logging_mixin.py:115} INFO - [2025-05-09 14:45:14,072] {dag.py:2927} INFO - Setting next_dagrun for example_short_circuit_operator to 2025-05-08T17:45:14.072609+00:00, run_after=2025-05-09T17:45:14.072609+00:00
[2025-05-09 14:45:14,082] {processor.py:161} INFO - Processing /home/pedro/Documentos/airflow/venv/lib/python3.9/site-packages/airflow/example_dags/example_short_circuit_operator.py took 0.056 seconds
[2025-05-09 14:45:44,880] {processor.py:153} INFO - Started process (PID=68850) to work on /home/pedro/Documentos/airflow/venv/lib/python3.9/site-packages/airflow/example_dags/example_short_circuit_operator.py
[2025-05-09 14:45:44,881] {processor.py:641} INFO - Processing file /home/pedro/Documentos/airflow/venv/lib/python3.9/site-packages/airflow/example_dags/example_short_circuit_operator.py for tasks to queue
[2025-05-09 14:45:44,881] {logging_mixin.py:115} INFO - [2025-05-09 14:45:44,881] {dagbag.py:507} INFO - Filling up the DagBag from /home/pedro/Documentos/airflow/venv/lib/python3.9/site-packages/airflow/example_dags/example_short_circuit_operator.py
[2025-05-09 14:45:44,887] {processor.py:651} INFO - DAG(s) dict_keys(['example_short_circuit_operator']) retrieved from /home/pedro/Documentos/airflow/venv/lib/python3.9/site-packages/airflow/example_dags/example_short_circuit_operator.py
[2025-05-09 14:45:44,901] {logging_mixin.py:115} INFO - [2025-05-09 14:45:44,901] {dag.py:2379} INFO - Sync 1 DAGs
[2025-05-09 14:45:44,912] {logging_mixin.py:115} INFO - [2025-05-09 14:45:44,912] {dag.py:2927} INFO - Setting next_dagrun for example_short_circuit_operator to 2025-05-08T17:45:44.912529+00:00, run_after=2025-05-09T17:45:44.912529+00:00
[2025-05-09 14:45:44,922] {processor.py:161} INFO - Processing /home/pedro/Documentos/airflow/venv/lib/python3.9/site-packages/airflow/example_dags/example_short_circuit_operator.py took 0.044 seconds
[2025-05-09 14:46:19,688] {processor.py:153} INFO - Started process (PID=69055) to work on /home/pedro/Documentos/airflow/venv/lib/python3.9/site-packages/airflow/example_dags/example_short_circuit_operator.py
[2025-05-09 14:46:19,700] {processor.py:641} INFO - Processing file /home/pedro/Documentos/airflow/venv/lib/python3.9/site-packages/airflow/example_dags/example_short_circuit_operator.py for tasks to queue
[2025-05-09 14:46:19,701] {logging_mixin.py:115} INFO - [2025-05-09 14:46:19,701] {dagbag.py:507} INFO - Filling up the DagBag from /home/pedro/Documentos/airflow/venv/lib/python3.9/site-packages/airflow/example_dags/example_short_circuit_operator.py
[2025-05-09 14:46:19,707] {processor.py:651} INFO - DAG(s) dict_keys(['example_short_circuit_operator']) retrieved from /home/pedro/Documentos/airflow/venv/lib/python3.9/site-packages/airflow/example_dags/example_short_circuit_operator.py
[2025-05-09 14:46:19,720] {logging_mixin.py:115} INFO - [2025-05-09 14:46:19,720] {dag.py:2379} INFO - Sync 1 DAGs
[2025-05-09 14:46:19,732] {logging_mixin.py:115} INFO - [2025-05-09 14:46:19,731] {dag.py:2927} INFO - Setting next_dagrun for example_short_circuit_operator to 2025-05-08T17:46:19.731699+00:00, run_after=2025-05-09T17:46:19.731699+00:00
[2025-05-09 14:46:19,741] {processor.py:161} INFO - Processing /home/pedro/Documentos/airflow/venv/lib/python3.9/site-packages/airflow/example_dags/example_short_circuit_operator.py took 0.056 seconds
[2025-05-09 14:46:53,072] {processor.py:153} INFO - Started process (PID=69544) to work on /home/pedro/Documentos/airflow/venv/lib/python3.9/site-packages/airflow/example_dags/example_short_circuit_operator.py
[2025-05-09 14:46:53,073] {processor.py:641} INFO - Processing file /home/pedro/Documentos/airflow/venv/lib/python3.9/site-packages/airflow/example_dags/example_short_circuit_operator.py for tasks to queue
[2025-05-09 14:46:53,073] {logging_mixin.py:115} INFO - [2025-05-09 14:46:53,073] {dagbag.py:507} INFO - Filling up the DagBag from /home/pedro/Documentos/airflow/venv/lib/python3.9/site-packages/airflow/example_dags/example_short_circuit_operator.py
[2025-05-09 14:46:53,079] {processor.py:651} INFO - DAG(s) dict_keys(['example_short_circuit_operator']) retrieved from /home/pedro/Documentos/airflow/venv/lib/python3.9/site-packages/airflow/example_dags/example_short_circuit_operator.py
[2025-05-09 14:46:53,097] {logging_mixin.py:115} INFO - [2025-05-09 14:46:53,097] {dag.py:2379} INFO - Sync 1 DAGs
[2025-05-09 14:46:53,109] {logging_mixin.py:115} INFO - [2025-05-09 14:46:53,109] {dag.py:2927} INFO - Setting next_dagrun for example_short_circuit_operator to 2025-05-08T17:46:53.109545+00:00, run_after=2025-05-09T17:46:53.109545+00:00
[2025-05-09 14:46:53,121] {processor.py:161} INFO - Processing /home/pedro/Documentos/airflow/venv/lib/python3.9/site-packages/airflow/example_dags/example_short_circuit_operator.py took 0.051 seconds
[2025-05-09 14:47:28,834] {processor.py:153} INFO - Started process (PID=69934) to work on /home/pedro/Documentos/airflow/venv/lib/python3.9/site-packages/airflow/example_dags/example_short_circuit_operator.py
[2025-05-09 14:47:28,846] {processor.py:641} INFO - Processing file /home/pedro/Documentos/airflow/venv/lib/python3.9/site-packages/airflow/example_dags/example_short_circuit_operator.py for tasks to queue
[2025-05-09 14:47:28,847] {logging_mixin.py:115} INFO - [2025-05-09 14:47:28,847] {dagbag.py:507} INFO - Filling up the DagBag from /home/pedro/Documentos/airflow/venv/lib/python3.9/site-packages/airflow/example_dags/example_short_circuit_operator.py
[2025-05-09 14:47:28,852] {processor.py:651} INFO - DAG(s) dict_keys(['example_short_circuit_operator']) retrieved from /home/pedro/Documentos/airflow/venv/lib/python3.9/site-packages/airflow/example_dags/example_short_circuit_operator.py
[2025-05-09 14:47:28,867] {logging_mixin.py:115} INFO - [2025-05-09 14:47:28,867] {dag.py:2379} INFO - Sync 1 DAGs
[2025-05-09 14:47:28,879] {logging_mixin.py:115} INFO - [2025-05-09 14:47:28,879] {dag.py:2927} INFO - Setting next_dagrun for example_short_circuit_operator to 2025-05-08T17:47:28.879521+00:00, run_after=2025-05-09T17:47:28.879521+00:00
[2025-05-09 14:47:28,889] {processor.py:161} INFO - Processing /home/pedro/Documentos/airflow/venv/lib/python3.9/site-packages/airflow/example_dags/example_short_circuit_operator.py took 0.058 seconds
[2025-05-09 14:48:04,000] {processor.py:153} INFO - Started process (PID=70157) to work on /home/pedro/Documentos/airflow/venv/lib/python3.9/site-packages/airflow/example_dags/example_short_circuit_operator.py
[2025-05-09 14:48:04,012] {processor.py:641} INFO - Processing file /home/pedro/Documentos/airflow/venv/lib/python3.9/site-packages/airflow/example_dags/example_short_circuit_operator.py for tasks to queue
[2025-05-09 14:48:04,013] {logging_mixin.py:115} INFO - [2025-05-09 14:48:04,013] {dagbag.py:507} INFO - Filling up the DagBag from /home/pedro/Documentos/airflow/venv/lib/python3.9/site-packages/airflow/example_dags/example_short_circuit_operator.py
[2025-05-09 14:48:04,019] {processor.py:651} INFO - DAG(s) dict_keys(['example_short_circuit_operator']) retrieved from /home/pedro/Documentos/airflow/venv/lib/python3.9/site-packages/airflow/example_dags/example_short_circuit_operator.py
[2025-05-09 14:48:04,033] {logging_mixin.py:115} INFO - [2025-05-09 14:48:04,033] {dag.py:2379} INFO - Sync 1 DAGs
[2025-05-09 14:48:04,044] {logging_mixin.py:115} INFO - [2025-05-09 14:48:04,044] {dag.py:2927} INFO - Setting next_dagrun for example_short_circuit_operator to 2025-05-08T17:48:04.044480+00:00, run_after=2025-05-09T17:48:04.044480+00:00
[2025-05-09 14:48:04,054] {processor.py:161} INFO - Processing /home/pedro/Documentos/airflow/venv/lib/python3.9/site-packages/airflow/example_dags/example_short_circuit_operator.py took 0.056 seconds
[2025-05-09 14:48:38,148] {processor.py:153} INFO - Started process (PID=70415) to work on /home/pedro/Documentos/airflow/venv/lib/python3.9/site-packages/airflow/example_dags/example_short_circuit_operator.py
[2025-05-09 14:48:38,160] {processor.py:641} INFO - Processing file /home/pedro/Documentos/airflow/venv/lib/python3.9/site-packages/airflow/example_dags/example_short_circuit_operator.py for tasks to queue
[2025-05-09 14:48:38,161] {logging_mixin.py:115} INFO - [2025-05-09 14:48:38,161] {dagbag.py:507} INFO - Filling up the DagBag from /home/pedro/Documentos/airflow/venv/lib/python3.9/site-packages/airflow/example_dags/example_short_circuit_operator.py
[2025-05-09 14:48:38,167] {processor.py:651} INFO - DAG(s) dict_keys(['example_short_circuit_operator']) retrieved from /home/pedro/Documentos/airflow/venv/lib/python3.9/site-packages/airflow/example_dags/example_short_circuit_operator.py
[2025-05-09 14:48:38,180] {logging_mixin.py:115} INFO - [2025-05-09 14:48:38,180] {dag.py:2379} INFO - Sync 1 DAGs
[2025-05-09 14:48:38,192] {logging_mixin.py:115} INFO - [2025-05-09 14:48:38,191] {dag.py:2927} INFO - Setting next_dagrun for example_short_circuit_operator to 2025-05-08T17:48:38.191738+00:00, run_after=2025-05-09T17:48:38.191738+00:00
[2025-05-09 14:48:38,201] {processor.py:161} INFO - Processing /home/pedro/Documentos/airflow/venv/lib/python3.9/site-packages/airflow/example_dags/example_short_circuit_operator.py took 0.055 seconds
[2025-05-09 14:49:10,393] {processor.py:153} INFO - Started process (PID=70656) to work on /home/pedro/Documentos/airflow/venv/lib/python3.9/site-packages/airflow/example_dags/example_short_circuit_operator.py
[2025-05-09 14:49:10,406] {processor.py:641} INFO - Processing file /home/pedro/Documentos/airflow/venv/lib/python3.9/site-packages/airflow/example_dags/example_short_circuit_operator.py for tasks to queue
[2025-05-09 14:49:10,406] {logging_mixin.py:115} INFO - [2025-05-09 14:49:10,406] {dagbag.py:507} INFO - Filling up the DagBag from /home/pedro/Documentos/airflow/venv/lib/python3.9/site-packages/airflow/example_dags/example_short_circuit_operator.py
[2025-05-09 14:49:10,413] {processor.py:651} INFO - DAG(s) dict_keys(['example_short_circuit_operator']) retrieved from /home/pedro/Documentos/airflow/venv/lib/python3.9/site-packages/airflow/example_dags/example_short_circuit_operator.py
[2025-05-09 14:49:10,426] {logging_mixin.py:115} INFO - [2025-05-09 14:49:10,426] {dag.py:2379} INFO - Sync 1 DAGs
[2025-05-09 14:49:10,438] {logging_mixin.py:115} INFO - [2025-05-09 14:49:10,438] {dag.py:2927} INFO - Setting next_dagrun for example_short_circuit_operator to 2025-05-08T17:49:10.438022+00:00, run_after=2025-05-09T17:49:10.438022+00:00
[2025-05-09 14:49:10,448] {processor.py:161} INFO - Processing /home/pedro/Documentos/airflow/venv/lib/python3.9/site-packages/airflow/example_dags/example_short_circuit_operator.py took 0.057 seconds
[2025-05-09 14:49:43,517] {processor.py:153} INFO - Started process (PID=70875) to work on /home/pedro/Documentos/airflow/venv/lib/python3.9/site-packages/airflow/example_dags/example_short_circuit_operator.py
[2025-05-09 14:49:43,529] {processor.py:641} INFO - Processing file /home/pedro/Documentos/airflow/venv/lib/python3.9/site-packages/airflow/example_dags/example_short_circuit_operator.py for tasks to queue
[2025-05-09 14:49:43,529] {logging_mixin.py:115} INFO - [2025-05-09 14:49:43,529] {dagbag.py:507} INFO - Filling up the DagBag from /home/pedro/Documentos/airflow/venv/lib/python3.9/site-packages/airflow/example_dags/example_short_circuit_operator.py
[2025-05-09 14:49:43,535] {processor.py:651} INFO - DAG(s) dict_keys(['example_short_circuit_operator']) retrieved from /home/pedro/Documentos/airflow/venv/lib/python3.9/site-packages/airflow/example_dags/example_short_circuit_operator.py
[2025-05-09 14:49:43,549] {logging_mixin.py:115} INFO - [2025-05-09 14:49:43,549] {dag.py:2379} INFO - Sync 1 DAGs
[2025-05-09 14:49:43,562] {logging_mixin.py:115} INFO - [2025-05-09 14:49:43,562] {dag.py:2927} INFO - Setting next_dagrun for example_short_circuit_operator to 2025-05-08T17:49:43.562140+00:00, run_after=2025-05-09T17:49:43.562140+00:00
[2025-05-09 14:49:43,572] {processor.py:161} INFO - Processing /home/pedro/Documentos/airflow/venv/lib/python3.9/site-packages/airflow/example_dags/example_short_circuit_operator.py took 0.057 seconds
[2025-05-09 14:50:19,434] {processor.py:153} INFO - Started process (PID=71161) to work on /home/pedro/Documentos/airflow/venv/lib/python3.9/site-packages/airflow/example_dags/example_short_circuit_operator.py
[2025-05-09 14:50:19,446] {processor.py:641} INFO - Processing file /home/pedro/Documentos/airflow/venv/lib/python3.9/site-packages/airflow/example_dags/example_short_circuit_operator.py for tasks to queue
[2025-05-09 14:50:19,447] {logging_mixin.py:115} INFO - [2025-05-09 14:50:19,447] {dagbag.py:507} INFO - Filling up the DagBag from /home/pedro/Documentos/airflow/venv/lib/python3.9/site-packages/airflow/example_dags/example_short_circuit_operator.py
[2025-05-09 14:50:19,453] {processor.py:651} INFO - DAG(s) dict_keys(['example_short_circuit_operator']) retrieved from /home/pedro/Documentos/airflow/venv/lib/python3.9/site-packages/airflow/example_dags/example_short_circuit_operator.py
[2025-05-09 14:50:19,467] {logging_mixin.py:115} INFO - [2025-05-09 14:50:19,467] {dag.py:2379} INFO - Sync 1 DAGs
[2025-05-09 14:50:19,479] {logging_mixin.py:115} INFO - [2025-05-09 14:50:19,479] {dag.py:2927} INFO - Setting next_dagrun for example_short_circuit_operator to 2025-05-08T17:50:19.479203+00:00, run_after=2025-05-09T17:50:19.479203+00:00
[2025-05-09 14:50:19,489] {processor.py:161} INFO - Processing /home/pedro/Documentos/airflow/venv/lib/python3.9/site-packages/airflow/example_dags/example_short_circuit_operator.py took 0.057 seconds
[2025-05-09 14:50:55,380] {processor.py:153} INFO - Started process (PID=71387) to work on /home/pedro/Documentos/airflow/venv/lib/python3.9/site-packages/airflow/example_dags/example_short_circuit_operator.py
[2025-05-09 14:50:55,392] {processor.py:641} INFO - Processing file /home/pedro/Documentos/airflow/venv/lib/python3.9/site-packages/airflow/example_dags/example_short_circuit_operator.py for tasks to queue
[2025-05-09 14:50:55,392] {logging_mixin.py:115} INFO - [2025-05-09 14:50:55,392] {dagbag.py:507} INFO - Filling up the DagBag from /home/pedro/Documentos/airflow/venv/lib/python3.9/site-packages/airflow/example_dags/example_short_circuit_operator.py
[2025-05-09 14:50:55,399] {processor.py:651} INFO - DAG(s) dict_keys(['example_short_circuit_operator']) retrieved from /home/pedro/Documentos/airflow/venv/lib/python3.9/site-packages/airflow/example_dags/example_short_circuit_operator.py
[2025-05-09 14:50:55,413] {logging_mixin.py:115} INFO - [2025-05-09 14:50:55,413] {dag.py:2379} INFO - Sync 1 DAGs
[2025-05-09 14:50:55,425] {logging_mixin.py:115} INFO - [2025-05-09 14:50:55,425] {dag.py:2927} INFO - Setting next_dagrun for example_short_circuit_operator to 2025-05-08T17:50:55.425306+00:00, run_after=2025-05-09T17:50:55.425306+00:00
[2025-05-09 14:50:55,435] {processor.py:161} INFO - Processing /home/pedro/Documentos/airflow/venv/lib/python3.9/site-packages/airflow/example_dags/example_short_circuit_operator.py took 0.058 seconds
[2025-05-09 14:51:28,912] {processor.py:153} INFO - Started process (PID=71601) to work on /home/pedro/Documentos/airflow/venv/lib/python3.9/site-packages/airflow/example_dags/example_short_circuit_operator.py
[2025-05-09 14:51:28,925] {processor.py:641} INFO - Processing file /home/pedro/Documentos/airflow/venv/lib/python3.9/site-packages/airflow/example_dags/example_short_circuit_operator.py for tasks to queue
[2025-05-09 14:51:28,925] {logging_mixin.py:115} INFO - [2025-05-09 14:51:28,925] {dagbag.py:507} INFO - Filling up the DagBag from /home/pedro/Documentos/airflow/venv/lib/python3.9/site-packages/airflow/example_dags/example_short_circuit_operator.py
[2025-05-09 14:51:28,931] {processor.py:651} INFO - DAG(s) dict_keys(['example_short_circuit_operator']) retrieved from /home/pedro/Documentos/airflow/venv/lib/python3.9/site-packages/airflow/example_dags/example_short_circuit_operator.py
[2025-05-09 14:51:28,945] {logging_mixin.py:115} INFO - [2025-05-09 14:51:28,945] {dag.py:2379} INFO - Sync 1 DAGs
[2025-05-09 14:51:28,956] {logging_mixin.py:115} INFO - [2025-05-09 14:51:28,956] {dag.py:2927} INFO - Setting next_dagrun for example_short_circuit_operator to 2025-05-08T17:51:28.956067+00:00, run_after=2025-05-09T17:51:28.956067+00:00
[2025-05-09 14:51:28,965] {processor.py:161} INFO - Processing /home/pedro/Documentos/airflow/venv/lib/python3.9/site-packages/airflow/example_dags/example_short_circuit_operator.py took 0.055 seconds
[2025-05-09 14:52:01,316] {processor.py:153} INFO - Started process (PID=71937) to work on /home/pedro/Documentos/airflow/venv/lib/python3.9/site-packages/airflow/example_dags/example_short_circuit_operator.py
[2025-05-09 14:52:01,328] {processor.py:641} INFO - Processing file /home/pedro/Documentos/airflow/venv/lib/python3.9/site-packages/airflow/example_dags/example_short_circuit_operator.py for tasks to queue
[2025-05-09 14:52:01,329] {logging_mixin.py:115} INFO - [2025-05-09 14:52:01,329] {dagbag.py:507} INFO - Filling up the DagBag from /home/pedro/Documentos/airflow/venv/lib/python3.9/site-packages/airflow/example_dags/example_short_circuit_operator.py
[2025-05-09 14:52:01,335] {processor.py:651} INFO - DAG(s) dict_keys(['example_short_circuit_operator']) retrieved from /home/pedro/Documentos/airflow/venv/lib/python3.9/site-packages/airflow/example_dags/example_short_circuit_operator.py
[2025-05-09 14:52:01,349] {logging_mixin.py:115} INFO - [2025-05-09 14:52:01,349] {dag.py:2379} INFO - Sync 1 DAGs
[2025-05-09 14:52:01,360] {logging_mixin.py:115} INFO - [2025-05-09 14:52:01,360] {dag.py:2927} INFO - Setting next_dagrun for example_short_circuit_operator to 2025-05-08T17:52:01.360119+00:00, run_after=2025-05-09T17:52:01.360119+00:00
[2025-05-09 14:52:01,370] {processor.py:161} INFO - Processing /home/pedro/Documentos/airflow/venv/lib/python3.9/site-packages/airflow/example_dags/example_short_circuit_operator.py took 0.056 seconds
[2025-05-09 14:52:35,486] {processor.py:153} INFO - Started process (PID=72453) to work on /home/pedro/Documentos/airflow/venv/lib/python3.9/site-packages/airflow/example_dags/example_short_circuit_operator.py
[2025-05-09 14:52:35,487] {processor.py:641} INFO - Processing file /home/pedro/Documentos/airflow/venv/lib/python3.9/site-packages/airflow/example_dags/example_short_circuit_operator.py for tasks to queue
[2025-05-09 14:52:35,487] {logging_mixin.py:115} INFO - [2025-05-09 14:52:35,487] {dagbag.py:507} INFO - Filling up the DagBag from /home/pedro/Documentos/airflow/venv/lib/python3.9/site-packages/airflow/example_dags/example_short_circuit_operator.py
[2025-05-09 14:52:35,493] {processor.py:651} INFO - DAG(s) dict_keys(['example_short_circuit_operator']) retrieved from /home/pedro/Documentos/airflow/venv/lib/python3.9/site-packages/airflow/example_dags/example_short_circuit_operator.py
[2025-05-09 14:52:35,507] {logging_mixin.py:115} INFO - [2025-05-09 14:52:35,507] {dag.py:2379} INFO - Sync 1 DAGs
[2025-05-09 14:52:35,519] {logging_mixin.py:115} INFO - [2025-05-09 14:52:35,519] {dag.py:2927} INFO - Setting next_dagrun for example_short_circuit_operator to 2025-05-08T17:52:35.519243+00:00, run_after=2025-05-09T17:52:35.519243+00:00
[2025-05-09 14:52:35,529] {processor.py:161} INFO - Processing /home/pedro/Documentos/airflow/venv/lib/python3.9/site-packages/airflow/example_dags/example_short_circuit_operator.py took 0.045 seconds
[2025-05-09 14:53:08,159] {processor.py:153} INFO - Started process (PID=72737) to work on /home/pedro/Documentos/airflow/venv/lib/python3.9/site-packages/airflow/example_dags/example_short_circuit_operator.py
[2025-05-09 14:53:08,171] {processor.py:641} INFO - Processing file /home/pedro/Documentos/airflow/venv/lib/python3.9/site-packages/airflow/example_dags/example_short_circuit_operator.py for tasks to queue
[2025-05-09 14:53:08,172] {logging_mixin.py:115} INFO - [2025-05-09 14:53:08,172] {dagbag.py:507} INFO - Filling up the DagBag from /home/pedro/Documentos/airflow/venv/lib/python3.9/site-packages/airflow/example_dags/example_short_circuit_operator.py
[2025-05-09 14:53:08,178] {processor.py:651} INFO - DAG(s) dict_keys(['example_short_circuit_operator']) retrieved from /home/pedro/Documentos/airflow/venv/lib/python3.9/site-packages/airflow/example_dags/example_short_circuit_operator.py
[2025-05-09 14:53:08,192] {logging_mixin.py:115} INFO - [2025-05-09 14:53:08,192] {dag.py:2379} INFO - Sync 1 DAGs
[2025-05-09 14:53:08,203] {logging_mixin.py:115} INFO - [2025-05-09 14:53:08,203] {dag.py:2927} INFO - Setting next_dagrun for example_short_circuit_operator to 2025-05-08T17:53:08.203440+00:00, run_after=2025-05-09T17:53:08.203440+00:00
[2025-05-09 14:53:08,213] {processor.py:161} INFO - Processing /home/pedro/Documentos/airflow/venv/lib/python3.9/site-packages/airflow/example_dags/example_short_circuit_operator.py took 0.057 seconds
[2025-05-09 14:53:44,942] {processor.py:153} INFO - Started process (PID=73785) to work on /home/pedro/Documentos/airflow/venv/lib/python3.9/site-packages/airflow/example_dags/example_short_circuit_operator.py
[2025-05-09 14:53:44,943] {processor.py:641} INFO - Processing file /home/pedro/Documentos/airflow/venv/lib/python3.9/site-packages/airflow/example_dags/example_short_circuit_operator.py for tasks to queue
[2025-05-09 14:53:44,943] {logging_mixin.py:115} INFO - [2025-05-09 14:53:44,943] {dagbag.py:507} INFO - Filling up the DagBag from /home/pedro/Documentos/airflow/venv/lib/python3.9/site-packages/airflow/example_dags/example_short_circuit_operator.py
[2025-05-09 14:53:44,952] {processor.py:651} INFO - DAG(s) dict_keys(['example_short_circuit_operator']) retrieved from /home/pedro/Documentos/airflow/venv/lib/python3.9/site-packages/airflow/example_dags/example_short_circuit_operator.py
[2025-05-09 14:53:44,965] {logging_mixin.py:115} INFO - [2025-05-09 14:53:44,965] {dag.py:2379} INFO - Sync 1 DAGs
[2025-05-09 14:53:44,980] {logging_mixin.py:115} INFO - [2025-05-09 14:53:44,979] {dag.py:2927} INFO - Setting next_dagrun for example_short_circuit_operator to 2025-05-08T17:53:44.979299+00:00, run_after=2025-05-09T17:53:44.979299+00:00
[2025-05-09 14:53:44,990] {processor.py:161} INFO - Processing /home/pedro/Documentos/airflow/venv/lib/python3.9/site-packages/airflow/example_dags/example_short_circuit_operator.py took 0.050 seconds
[2025-05-09 14:54:17,097] {processor.py:153} INFO - Started process (PID=74282) to work on /home/pedro/Documentos/airflow/venv/lib/python3.9/site-packages/airflow/example_dags/example_short_circuit_operator.py
[2025-05-09 14:54:17,109] {processor.py:641} INFO - Processing file /home/pedro/Documentos/airflow/venv/lib/python3.9/site-packages/airflow/example_dags/example_short_circuit_operator.py for tasks to queue
[2025-05-09 14:54:17,110] {logging_mixin.py:115} INFO - [2025-05-09 14:54:17,110] {dagbag.py:507} INFO - Filling up the DagBag from /home/pedro/Documentos/airflow/venv/lib/python3.9/site-packages/airflow/example_dags/example_short_circuit_operator.py
[2025-05-09 14:54:17,118] {processor.py:651} INFO - DAG(s) dict_keys(['example_short_circuit_operator']) retrieved from /home/pedro/Documentos/airflow/venv/lib/python3.9/site-packages/airflow/example_dags/example_short_circuit_operator.py
[2025-05-09 14:54:17,130] {logging_mixin.py:115} INFO - [2025-05-09 14:54:17,130] {dag.py:2379} INFO - Sync 1 DAGs
[2025-05-09 14:54:17,141] {logging_mixin.py:115} INFO - [2025-05-09 14:54:17,141] {dag.py:2927} INFO - Setting next_dagrun for example_short_circuit_operator to 2025-05-08T17:54:17.141625+00:00, run_after=2025-05-09T17:54:17.141625+00:00
[2025-05-09 14:54:17,204] {processor.py:161} INFO - Processing /home/pedro/Documentos/airflow/venv/lib/python3.9/site-packages/airflow/example_dags/example_short_circuit_operator.py took 0.110 seconds
[2025-05-09 14:54:49,078] {processor.py:153} INFO - Started process (PID=74473) to work on /home/pedro/Documentos/airflow/venv/lib/python3.9/site-packages/airflow/example_dags/example_short_circuit_operator.py
[2025-05-09 14:54:49,090] {processor.py:641} INFO - Processing file /home/pedro/Documentos/airflow/venv/lib/python3.9/site-packages/airflow/example_dags/example_short_circuit_operator.py for tasks to queue
[2025-05-09 14:54:49,091] {logging_mixin.py:115} INFO - [2025-05-09 14:54:49,091] {dagbag.py:507} INFO - Filling up the DagBag from /home/pedro/Documentos/airflow/venv/lib/python3.9/site-packages/airflow/example_dags/example_short_circuit_operator.py
[2025-05-09 14:54:49,099] {processor.py:651} INFO - DAG(s) dict_keys(['example_short_circuit_operator']) retrieved from /home/pedro/Documentos/airflow/venv/lib/python3.9/site-packages/airflow/example_dags/example_short_circuit_operator.py
[2025-05-09 14:54:49,111] {logging_mixin.py:115} INFO - [2025-05-09 14:54:49,111] {dag.py:2379} INFO - Sync 1 DAGs
[2025-05-09 14:54:49,123] {logging_mixin.py:115} INFO - [2025-05-09 14:54:49,122] {dag.py:2927} INFO - Setting next_dagrun for example_short_circuit_operator to 2025-05-08T17:54:49.122703+00:00, run_after=2025-05-09T17:54:49.122703+00:00
[2025-05-09 14:54:49,133] {processor.py:161} INFO - Processing /home/pedro/Documentos/airflow/venv/lib/python3.9/site-packages/airflow/example_dags/example_short_circuit_operator.py took 0.057 seconds
[2025-05-09 14:55:21,675] {processor.py:153} INFO - Started process (PID=74671) to work on /home/pedro/Documentos/airflow/venv/lib/python3.9/site-packages/airflow/example_dags/example_short_circuit_operator.py
[2025-05-09 14:55:21,676] {processor.py:641} INFO - Processing file /home/pedro/Documentos/airflow/venv/lib/python3.9/site-packages/airflow/example_dags/example_short_circuit_operator.py for tasks to queue
[2025-05-09 14:55:21,676] {logging_mixin.py:115} INFO - [2025-05-09 14:55:21,676] {dagbag.py:507} INFO - Filling up the DagBag from /home/pedro/Documentos/airflow/venv/lib/python3.9/site-packages/airflow/example_dags/example_short_circuit_operator.py
[2025-05-09 14:55:21,684] {processor.py:651} INFO - DAG(s) dict_keys(['example_short_circuit_operator']) retrieved from /home/pedro/Documentos/airflow/venv/lib/python3.9/site-packages/airflow/example_dags/example_short_circuit_operator.py
[2025-05-09 14:55:21,695] {logging_mixin.py:115} INFO - [2025-05-09 14:55:21,695] {dag.py:2379} INFO - Sync 1 DAGs
[2025-05-09 14:55:21,706] {logging_mixin.py:115} INFO - [2025-05-09 14:55:21,706] {dag.py:2927} INFO - Setting next_dagrun for example_short_circuit_operator to 2025-05-08T17:55:21.706553+00:00, run_after=2025-05-09T17:55:21.706553+00:00
[2025-05-09 14:55:21,716] {processor.py:161} INFO - Processing /home/pedro/Documentos/airflow/venv/lib/python3.9/site-packages/airflow/example_dags/example_short_circuit_operator.py took 0.042 seconds
