[2025-05-09 14:34:09,312] {processor.py:153} INFO - Started process (PID=61809) to work on /home/pedro/Documentos/airflow/venv/lib/python3.9/site-packages/airflow/example_dags/example_latest_only.py
[2025-05-09 14:34:09,312] {processor.py:641} INFO - Processing file /home/pedro/Documentos/airflow/venv/lib/python3.9/site-packages/airflow/example_dags/example_latest_only.py for tasks to queue
[2025-05-09 14:34:09,313] {logging_mixin.py:115} INFO - [2025-05-09 14:34:09,313] {dagbag.py:507} INFO - Filling up the DagBag from /home/pedro/Documentos/airflow/venv/lib/python3.9/site-packages/airflow/example_dags/example_latest_only.py
[2025-05-09 14:34:09,316] {processor.py:651} INFO - DAG(s) dict_keys(['latest_only']) retrieved from /home/pedro/Documentos/airflow/venv/lib/python3.9/site-packages/airflow/example_dags/example_latest_only.py
[2025-05-09 14:34:09,360] {logging_mixin.py:115} INFO - [2025-05-09 14:34:09,360] {manager.py:508} INFO - Created Permission View: can delete on DAG:latest_only
[2025-05-09 14:34:09,369] {logging_mixin.py:115} INFO - [2025-05-09 14:34:09,369] {manager.py:508} INFO - Created Permission View: can read on DAG:latest_only
[2025-05-09 14:34:09,376] {logging_mixin.py:115} INFO - [2025-05-09 14:34:09,375] {manager.py:508} INFO - Created Permission View: can edit on DAG:latest_only
[2025-05-09 14:34:09,376] {logging_mixin.py:115} INFO - [2025-05-09 14:34:09,376] {dag.py:2379} INFO - Sync 1 DAGs
[2025-05-09 14:34:09,381] {logging_mixin.py:115} INFO - [2025-05-09 14:34:09,380] {dag.py:2398} INFO - Creating ORM DAG for latest_only
[2025-05-09 14:34:09,386] {logging_mixin.py:115} INFO - [2025-05-09 14:34:09,386] {dag.py:2927} INFO - Setting next_dagrun for latest_only to 2025-05-09T13:34:09.386565+00:00, run_after=2025-05-09T17:34:09.386565+00:00
[2025-05-09 14:34:09,398] {processor.py:161} INFO - Processing /home/pedro/Documentos/airflow/venv/lib/python3.9/site-packages/airflow/example_dags/example_latest_only.py took 0.088 seconds
[2025-05-09 14:34:44,112] {processor.py:153} INFO - Started process (PID=62318) to work on /home/pedro/Documentos/airflow/venv/lib/python3.9/site-packages/airflow/example_dags/example_latest_only.py
[2025-05-09 14:34:44,125] {processor.py:641} INFO - Processing file /home/pedro/Documentos/airflow/venv/lib/python3.9/site-packages/airflow/example_dags/example_latest_only.py for tasks to queue
[2025-05-09 14:34:44,125] {logging_mixin.py:115} INFO - [2025-05-09 14:34:44,125] {dagbag.py:507} INFO - Filling up the DagBag from /home/pedro/Documentos/airflow/venv/lib/python3.9/site-packages/airflow/example_dags/example_latest_only.py
[2025-05-09 14:34:44,129] {processor.py:651} INFO - DAG(s) dict_keys(['latest_only']) retrieved from /home/pedro/Documentos/airflow/venv/lib/python3.9/site-packages/airflow/example_dags/example_latest_only.py
[2025-05-09 14:34:44,141] {logging_mixin.py:115} INFO - [2025-05-09 14:34:44,141] {dag.py:2379} INFO - Sync 1 DAGs
[2025-05-09 14:34:44,155] {logging_mixin.py:115} INFO - [2025-05-09 14:34:44,155] {dag.py:2927} INFO - Setting next_dagrun for latest_only to 2025-05-09T13:34:44.155187+00:00, run_after=2025-05-09T17:34:44.155187+00:00
[2025-05-09 14:34:44,166] {processor.py:161} INFO - Processing /home/pedro/Documentos/airflow/venv/lib/python3.9/site-packages/airflow/example_dags/example_latest_only.py took 0.056 seconds
[2025-05-09 14:35:18,379] {processor.py:153} INFO - Started process (PID=62765) to work on /home/pedro/Documentos/airflow/venv/lib/python3.9/site-packages/airflow/example_dags/example_latest_only.py
[2025-05-09 14:35:18,391] {processor.py:641} INFO - Processing file /home/pedro/Documentos/airflow/venv/lib/python3.9/site-packages/airflow/example_dags/example_latest_only.py for tasks to queue
[2025-05-09 14:35:18,392] {logging_mixin.py:115} INFO - [2025-05-09 14:35:18,392] {dagbag.py:507} INFO - Filling up the DagBag from /home/pedro/Documentos/airflow/venv/lib/python3.9/site-packages/airflow/example_dags/example_latest_only.py
[2025-05-09 14:35:18,395] {processor.py:651} INFO - DAG(s) dict_keys(['latest_only']) retrieved from /home/pedro/Documentos/airflow/venv/lib/python3.9/site-packages/airflow/example_dags/example_latest_only.py
[2025-05-09 14:35:18,407] {logging_mixin.py:115} INFO - [2025-05-09 14:35:18,407] {dag.py:2379} INFO - Sync 1 DAGs
[2025-05-09 14:35:18,419] {logging_mixin.py:115} INFO - [2025-05-09 14:35:18,419] {dag.py:2927} INFO - Setting next_dagrun for latest_only to 2025-05-09T13:35:18.419636+00:00, run_after=2025-05-09T17:35:18.419636+00:00
[2025-05-09 14:35:18,429] {processor.py:161} INFO - Processing /home/pedro/Documentos/airflow/venv/lib/python3.9/site-packages/airflow/example_dags/example_latest_only.py took 0.052 seconds
[2025-05-09 14:35:51,486] {processor.py:153} INFO - Started process (PID=63152) to work on /home/pedro/Documentos/airflow/venv/lib/python3.9/site-packages/airflow/example_dags/example_latest_only.py
[2025-05-09 14:35:51,498] {processor.py:641} INFO - Processing file /home/pedro/Documentos/airflow/venv/lib/python3.9/site-packages/airflow/example_dags/example_latest_only.py for tasks to queue
[2025-05-09 14:35:51,499] {logging_mixin.py:115} INFO - [2025-05-09 14:35:51,499] {dagbag.py:507} INFO - Filling up the DagBag from /home/pedro/Documentos/airflow/venv/lib/python3.9/site-packages/airflow/example_dags/example_latest_only.py
[2025-05-09 14:35:51,502] {processor.py:651} INFO - DAG(s) dict_keys(['latest_only']) retrieved from /home/pedro/Documentos/airflow/venv/lib/python3.9/site-packages/airflow/example_dags/example_latest_only.py
[2025-05-09 14:35:51,514] {logging_mixin.py:115} INFO - [2025-05-09 14:35:51,514] {dag.py:2379} INFO - Sync 1 DAGs
[2025-05-09 14:35:51,527] {logging_mixin.py:115} INFO - [2025-05-09 14:35:51,527] {dag.py:2927} INFO - Setting next_dagrun for latest_only to 2025-05-09T13:35:51.527214+00:00, run_after=2025-05-09T17:35:51.527214+00:00
[2025-05-09 14:35:51,537] {processor.py:161} INFO - Processing /home/pedro/Documentos/airflow/venv/lib/python3.9/site-packages/airflow/example_dags/example_latest_only.py took 0.053 seconds
[2025-05-09 14:36:25,116] {processor.py:153} INFO - Started process (PID=63373) to work on /home/pedro/Documentos/airflow/venv/lib/python3.9/site-packages/airflow/example_dags/example_latest_only.py
[2025-05-09 14:36:25,128] {processor.py:641} INFO - Processing file /home/pedro/Documentos/airflow/venv/lib/python3.9/site-packages/airflow/example_dags/example_latest_only.py for tasks to queue
[2025-05-09 14:36:25,129] {logging_mixin.py:115} INFO - [2025-05-09 14:36:25,129] {dagbag.py:507} INFO - Filling up the DagBag from /home/pedro/Documentos/airflow/venv/lib/python3.9/site-packages/airflow/example_dags/example_latest_only.py
[2025-05-09 14:36:25,133] {processor.py:651} INFO - DAG(s) dict_keys(['latest_only']) retrieved from /home/pedro/Documentos/airflow/venv/lib/python3.9/site-packages/airflow/example_dags/example_latest_only.py
[2025-05-09 14:36:25,144] {logging_mixin.py:115} INFO - [2025-05-09 14:36:25,144] {dag.py:2379} INFO - Sync 1 DAGs
[2025-05-09 14:36:25,158] {logging_mixin.py:115} INFO - [2025-05-09 14:36:25,158] {dag.py:2927} INFO - Setting next_dagrun for latest_only to 2025-05-09T13:36:25.157885+00:00, run_after=2025-05-09T17:36:25.157885+00:00
[2025-05-09 14:36:25,167] {processor.py:161} INFO - Processing /home/pedro/Documentos/airflow/venv/lib/python3.9/site-packages/airflow/example_dags/example_latest_only.py took 0.053 seconds
[2025-05-09 14:36:56,949] {processor.py:153} INFO - Started process (PID=63563) to work on /home/pedro/Documentos/airflow/venv/lib/python3.9/site-packages/airflow/example_dags/example_latest_only.py
[2025-05-09 14:36:56,950] {processor.py:641} INFO - Processing file /home/pedro/Documentos/airflow/venv/lib/python3.9/site-packages/airflow/example_dags/example_latest_only.py for tasks to queue
[2025-05-09 14:36:56,950] {logging_mixin.py:115} INFO - [2025-05-09 14:36:56,950] {dagbag.py:507} INFO - Filling up the DagBag from /home/pedro/Documentos/airflow/venv/lib/python3.9/site-packages/airflow/example_dags/example_latest_only.py
[2025-05-09 14:36:56,954] {processor.py:651} INFO - DAG(s) dict_keys(['latest_only']) retrieved from /home/pedro/Documentos/airflow/venv/lib/python3.9/site-packages/airflow/example_dags/example_latest_only.py
[2025-05-09 14:36:56,965] {logging_mixin.py:115} INFO - [2025-05-09 14:36:56,965] {dag.py:2379} INFO - Sync 1 DAGs
[2025-05-09 14:36:56,979] {logging_mixin.py:115} INFO - [2025-05-09 14:36:56,978] {dag.py:2927} INFO - Setting next_dagrun for latest_only to 2025-05-09T13:36:56.978777+00:00, run_after=2025-05-09T17:36:56.978777+00:00
[2025-05-09 14:36:56,990] {processor.py:161} INFO - Processing /home/pedro/Documentos/airflow/venv/lib/python3.9/site-packages/airflow/example_dags/example_latest_only.py took 0.043 seconds
[2025-05-09 14:37:31,050] {processor.py:153} INFO - Started process (PID=64071) to work on /home/pedro/Documentos/airflow/venv/lib/python3.9/site-packages/airflow/example_dags/example_latest_only.py
[2025-05-09 14:37:31,062] {processor.py:641} INFO - Processing file /home/pedro/Documentos/airflow/venv/lib/python3.9/site-packages/airflow/example_dags/example_latest_only.py for tasks to queue
[2025-05-09 14:37:31,063] {logging_mixin.py:115} INFO - [2025-05-09 14:37:31,063] {dagbag.py:507} INFO - Filling up the DagBag from /home/pedro/Documentos/airflow/venv/lib/python3.9/site-packages/airflow/example_dags/example_latest_only.py
[2025-05-09 14:37:31,066] {processor.py:651} INFO - DAG(s) dict_keys(['latest_only']) retrieved from /home/pedro/Documentos/airflow/venv/lib/python3.9/site-packages/airflow/example_dags/example_latest_only.py
[2025-05-09 14:37:31,078] {logging_mixin.py:115} INFO - [2025-05-09 14:37:31,078] {dag.py:2379} INFO - Sync 1 DAGs
[2025-05-09 14:37:31,091] {logging_mixin.py:115} INFO - [2025-05-09 14:37:31,091] {dag.py:2927} INFO - Setting next_dagrun for latest_only to 2025-05-09T13:37:31.091107+00:00, run_after=2025-05-09T17:37:31.091107+00:00
[2025-05-09 14:37:31,101] {processor.py:161} INFO - Processing /home/pedro/Documentos/airflow/venv/lib/python3.9/site-packages/airflow/example_dags/example_latest_only.py took 0.053 seconds
[2025-05-09 14:38:04,287] {processor.py:153} INFO - Started process (PID=64635) to work on /home/pedro/Documentos/airflow/venv/lib/python3.9/site-packages/airflow/example_dags/example_latest_only.py
[2025-05-09 14:38:04,299] {processor.py:641} INFO - Processing file /home/pedro/Documentos/airflow/venv/lib/python3.9/site-packages/airflow/example_dags/example_latest_only.py for tasks to queue
[2025-05-09 14:38:04,299] {logging_mixin.py:115} INFO - [2025-05-09 14:38:04,299] {dagbag.py:507} INFO - Filling up the DagBag from /home/pedro/Documentos/airflow/venv/lib/python3.9/site-packages/airflow/example_dags/example_latest_only.py
[2025-05-09 14:38:04,303] {processor.py:651} INFO - DAG(s) dict_keys(['latest_only']) retrieved from /home/pedro/Documentos/airflow/venv/lib/python3.9/site-packages/airflow/example_dags/example_latest_only.py
[2025-05-09 14:38:04,315] {logging_mixin.py:115} INFO - [2025-05-09 14:38:04,315] {dag.py:2379} INFO - Sync 1 DAGs
[2025-05-09 14:38:04,328] {logging_mixin.py:115} INFO - [2025-05-09 14:38:04,327] {dag.py:2927} INFO - Setting next_dagrun for latest_only to 2025-05-09T13:38:04.327720+00:00, run_after=2025-05-09T17:38:04.327720+00:00
[2025-05-09 14:38:04,337] {processor.py:161} INFO - Processing /home/pedro/Documentos/airflow/venv/lib/python3.9/site-packages/airflow/example_dags/example_latest_only.py took 0.053 seconds
[2025-05-09 14:38:39,217] {processor.py:153} INFO - Started process (PID=64983) to work on /home/pedro/Documentos/airflow/venv/lib/python3.9/site-packages/airflow/example_dags/example_latest_only.py
[2025-05-09 14:38:39,218] {processor.py:641} INFO - Processing file /home/pedro/Documentos/airflow/venv/lib/python3.9/site-packages/airflow/example_dags/example_latest_only.py for tasks to queue
[2025-05-09 14:38:39,219] {logging_mixin.py:115} INFO - [2025-05-09 14:38:39,219] {dagbag.py:507} INFO - Filling up the DagBag from /home/pedro/Documentos/airflow/venv/lib/python3.9/site-packages/airflow/example_dags/example_latest_only.py
[2025-05-09 14:38:39,222] {processor.py:651} INFO - DAG(s) dict_keys(['latest_only']) retrieved from /home/pedro/Documentos/airflow/venv/lib/python3.9/site-packages/airflow/example_dags/example_latest_only.py
[2025-05-09 14:38:39,233] {logging_mixin.py:115} INFO - [2025-05-09 14:38:39,233] {dag.py:2379} INFO - Sync 1 DAGs
[2025-05-09 14:38:39,246] {logging_mixin.py:115} INFO - [2025-05-09 14:38:39,246] {dag.py:2927} INFO - Setting next_dagrun for latest_only to 2025-05-09T13:38:39.246039+00:00, run_after=2025-05-09T17:38:39.246039+00:00
[2025-05-09 14:38:39,292] {processor.py:161} INFO - Processing /home/pedro/Documentos/airflow/venv/lib/python3.9/site-packages/airflow/example_dags/example_latest_only.py took 0.077 seconds
[2025-05-09 14:39:17,282] {processor.py:153} INFO - Started process (PID=65408) to work on /home/pedro/Documentos/airflow/venv/lib/python3.9/site-packages/airflow/example_dags/example_latest_only.py
[2025-05-09 14:39:17,283] {processor.py:641} INFO - Processing file /home/pedro/Documentos/airflow/venv/lib/python3.9/site-packages/airflow/example_dags/example_latest_only.py for tasks to queue
[2025-05-09 14:39:17,283] {logging_mixin.py:115} INFO - [2025-05-09 14:39:17,283] {dagbag.py:507} INFO - Filling up the DagBag from /home/pedro/Documentos/airflow/venv/lib/python3.9/site-packages/airflow/example_dags/example_latest_only.py
[2025-05-09 14:39:17,287] {processor.py:651} INFO - DAG(s) dict_keys(['latest_only']) retrieved from /home/pedro/Documentos/airflow/venv/lib/python3.9/site-packages/airflow/example_dags/example_latest_only.py
[2025-05-09 14:39:17,298] {logging_mixin.py:115} INFO - [2025-05-09 14:39:17,298] {dag.py:2379} INFO - Sync 1 DAGs
[2025-05-09 14:39:17,311] {logging_mixin.py:115} INFO - [2025-05-09 14:39:17,311] {dag.py:2927} INFO - Setting next_dagrun for latest_only to 2025-05-09T13:39:17.311267+00:00, run_after=2025-05-09T17:39:17.311267+00:00
[2025-05-09 14:39:17,321] {processor.py:161} INFO - Processing /home/pedro/Documentos/airflow/venv/lib/python3.9/site-packages/airflow/example_dags/example_latest_only.py took 0.041 seconds
[2025-05-09 14:39:49,946] {processor.py:153} INFO - Started process (PID=65627) to work on /home/pedro/Documentos/airflow/venv/lib/python3.9/site-packages/airflow/example_dags/example_latest_only.py
[2025-05-09 14:39:49,959] {processor.py:641} INFO - Processing file /home/pedro/Documentos/airflow/venv/lib/python3.9/site-packages/airflow/example_dags/example_latest_only.py for tasks to queue
[2025-05-09 14:39:49,959] {logging_mixin.py:115} INFO - [2025-05-09 14:39:49,959] {dagbag.py:507} INFO - Filling up the DagBag from /home/pedro/Documentos/airflow/venv/lib/python3.9/site-packages/airflow/example_dags/example_latest_only.py
[2025-05-09 14:39:49,963] {processor.py:651} INFO - DAG(s) dict_keys(['latest_only']) retrieved from /home/pedro/Documentos/airflow/venv/lib/python3.9/site-packages/airflow/example_dags/example_latest_only.py
[2025-05-09 14:39:49,974] {logging_mixin.py:115} INFO - [2025-05-09 14:39:49,974] {dag.py:2379} INFO - Sync 1 DAGs
[2025-05-09 14:39:49,988] {logging_mixin.py:115} INFO - [2025-05-09 14:39:49,987] {dag.py:2927} INFO - Setting next_dagrun for latest_only to 2025-05-09T13:39:49.987716+00:00, run_after=2025-05-09T17:39:49.987716+00:00
[2025-05-09 14:39:49,997] {processor.py:161} INFO - Processing /home/pedro/Documentos/airflow/venv/lib/python3.9/site-packages/airflow/example_dags/example_latest_only.py took 0.052 seconds
[2025-05-09 14:40:23,369] {processor.py:153} INFO - Started process (PID=65865) to work on /home/pedro/Documentos/airflow/venv/lib/python3.9/site-packages/airflow/example_dags/example_latest_only.py
[2025-05-09 14:40:23,381] {processor.py:641} INFO - Processing file /home/pedro/Documentos/airflow/venv/lib/python3.9/site-packages/airflow/example_dags/example_latest_only.py for tasks to queue
[2025-05-09 14:40:23,382] {logging_mixin.py:115} INFO - [2025-05-09 14:40:23,381] {dagbag.py:507} INFO - Filling up the DagBag from /home/pedro/Documentos/airflow/venv/lib/python3.9/site-packages/airflow/example_dags/example_latest_only.py
[2025-05-09 14:40:23,386] {processor.py:651} INFO - DAG(s) dict_keys(['latest_only']) retrieved from /home/pedro/Documentos/airflow/venv/lib/python3.9/site-packages/airflow/example_dags/example_latest_only.py
[2025-05-09 14:40:23,398] {logging_mixin.py:115} INFO - [2025-05-09 14:40:23,398] {dag.py:2379} INFO - Sync 1 DAGs
[2025-05-09 14:40:23,411] {logging_mixin.py:115} INFO - [2025-05-09 14:40:23,411] {dag.py:2927} INFO - Setting next_dagrun for latest_only to 2025-05-09T13:40:23.411410+00:00, run_after=2025-05-09T17:40:23.411410+00:00
[2025-05-09 14:40:23,420] {processor.py:161} INFO - Processing /home/pedro/Documentos/airflow/venv/lib/python3.9/site-packages/airflow/example_dags/example_latest_only.py took 0.054 seconds
[2025-05-09 14:40:57,008] {processor.py:153} INFO - Started process (PID=66389) to work on /home/pedro/Documentos/airflow/venv/lib/python3.9/site-packages/airflow/example_dags/example_latest_only.py
[2025-05-09 14:40:57,020] {processor.py:641} INFO - Processing file /home/pedro/Documentos/airflow/venv/lib/python3.9/site-packages/airflow/example_dags/example_latest_only.py for tasks to queue
[2025-05-09 14:40:57,021] {logging_mixin.py:115} INFO - [2025-05-09 14:40:57,021] {dagbag.py:507} INFO - Filling up the DagBag from /home/pedro/Documentos/airflow/venv/lib/python3.9/site-packages/airflow/example_dags/example_latest_only.py
[2025-05-09 14:40:57,025] {processor.py:651} INFO - DAG(s) dict_keys(['latest_only']) retrieved from /home/pedro/Documentos/airflow/venv/lib/python3.9/site-packages/airflow/example_dags/example_latest_only.py
[2025-05-09 14:40:57,036] {logging_mixin.py:115} INFO - [2025-05-09 14:40:57,036] {dag.py:2379} INFO - Sync 1 DAGs
[2025-05-09 14:40:57,050] {logging_mixin.py:115} INFO - [2025-05-09 14:40:57,050] {dag.py:2927} INFO - Setting next_dagrun for latest_only to 2025-05-09T13:40:57.050036+00:00, run_after=2025-05-09T17:40:57.050036+00:00
[2025-05-09 14:40:57,059] {processor.py:161} INFO - Processing /home/pedro/Documentos/airflow/venv/lib/python3.9/site-packages/airflow/example_dags/example_latest_only.py took 0.054 seconds
[2025-05-09 14:41:33,051] {processor.py:153} INFO - Started process (PID=66836) to work on /home/pedro/Documentos/airflow/venv/lib/python3.9/site-packages/airflow/example_dags/example_latest_only.py
[2025-05-09 14:41:33,063] {processor.py:641} INFO - Processing file /home/pedro/Documentos/airflow/venv/lib/python3.9/site-packages/airflow/example_dags/example_latest_only.py for tasks to queue
[2025-05-09 14:41:33,064] {logging_mixin.py:115} INFO - [2025-05-09 14:41:33,064] {dagbag.py:507} INFO - Filling up the DagBag from /home/pedro/Documentos/airflow/venv/lib/python3.9/site-packages/airflow/example_dags/example_latest_only.py
[2025-05-09 14:41:33,068] {processor.py:651} INFO - DAG(s) dict_keys(['latest_only']) retrieved from /home/pedro/Documentos/airflow/venv/lib/python3.9/site-packages/airflow/example_dags/example_latest_only.py
[2025-05-09 14:41:33,079] {logging_mixin.py:115} INFO - [2025-05-09 14:41:33,079] {dag.py:2379} INFO - Sync 1 DAGs
[2025-05-09 14:41:33,092] {logging_mixin.py:115} INFO - [2025-05-09 14:41:33,092] {dag.py:2927} INFO - Setting next_dagrun for latest_only to 2025-05-09T13:41:33.091948+00:00, run_after=2025-05-09T17:41:33.091948+00:00
[2025-05-09 14:41:33,102] {processor.py:161} INFO - Processing /home/pedro/Documentos/airflow/venv/lib/python3.9/site-packages/airflow/example_dags/example_latest_only.py took 0.053 seconds
[2025-05-09 14:42:09,422] {processor.py:153} INFO - Started process (PID=67049) to work on /home/pedro/Documentos/airflow/venv/lib/python3.9/site-packages/airflow/example_dags/example_latest_only.py
[2025-05-09 14:42:09,434] {processor.py:641} INFO - Processing file /home/pedro/Documentos/airflow/venv/lib/python3.9/site-packages/airflow/example_dags/example_latest_only.py for tasks to queue
[2025-05-09 14:42:09,435] {logging_mixin.py:115} INFO - [2025-05-09 14:42:09,435] {dagbag.py:507} INFO - Filling up the DagBag from /home/pedro/Documentos/airflow/venv/lib/python3.9/site-packages/airflow/example_dags/example_latest_only.py
[2025-05-09 14:42:09,439] {processor.py:651} INFO - DAG(s) dict_keys(['latest_only']) retrieved from /home/pedro/Documentos/airflow/venv/lib/python3.9/site-packages/airflow/example_dags/example_latest_only.py
[2025-05-09 14:42:09,451] {logging_mixin.py:115} INFO - [2025-05-09 14:42:09,451] {dag.py:2379} INFO - Sync 1 DAGs
[2025-05-09 14:42:09,464] {logging_mixin.py:115} INFO - [2025-05-09 14:42:09,464] {dag.py:2927} INFO - Setting next_dagrun for latest_only to 2025-05-09T13:42:09.464692+00:00, run_after=2025-05-09T17:42:09.464692+00:00
[2025-05-09 14:42:09,474] {processor.py:161} INFO - Processing /home/pedro/Documentos/airflow/venv/lib/python3.9/site-packages/airflow/example_dags/example_latest_only.py took 0.055 seconds
[2025-05-09 14:42:43,338] {processor.py:153} INFO - Started process (PID=67244) to work on /home/pedro/Documentos/airflow/venv/lib/python3.9/site-packages/airflow/example_dags/example_latest_only.py
[2025-05-09 14:42:43,351] {processor.py:641} INFO - Processing file /home/pedro/Documentos/airflow/venv/lib/python3.9/site-packages/airflow/example_dags/example_latest_only.py for tasks to queue
[2025-05-09 14:42:43,351] {logging_mixin.py:115} INFO - [2025-05-09 14:42:43,351] {dagbag.py:507} INFO - Filling up the DagBag from /home/pedro/Documentos/airflow/venv/lib/python3.9/site-packages/airflow/example_dags/example_latest_only.py
[2025-05-09 14:42:43,355] {processor.py:651} INFO - DAG(s) dict_keys(['latest_only']) retrieved from /home/pedro/Documentos/airflow/venv/lib/python3.9/site-packages/airflow/example_dags/example_latest_only.py
[2025-05-09 14:42:43,367] {logging_mixin.py:115} INFO - [2025-05-09 14:42:43,367] {dag.py:2379} INFO - Sync 1 DAGs
[2025-05-09 14:42:43,380] {logging_mixin.py:115} INFO - [2025-05-09 14:42:43,380] {dag.py:2927} INFO - Setting next_dagrun for latest_only to 2025-05-09T13:42:43.380493+00:00, run_after=2025-05-09T17:42:43.380493+00:00
[2025-05-09 14:42:43,389] {processor.py:161} INFO - Processing /home/pedro/Documentos/airflow/venv/lib/python3.9/site-packages/airflow/example_dags/example_latest_only.py took 0.053 seconds
[2025-05-09 14:43:15,922] {processor.py:153} INFO - Started process (PID=67443) to work on /home/pedro/Documentos/airflow/venv/lib/python3.9/site-packages/airflow/example_dags/example_latest_only.py
[2025-05-09 14:43:15,935] {processor.py:641} INFO - Processing file /home/pedro/Documentos/airflow/venv/lib/python3.9/site-packages/airflow/example_dags/example_latest_only.py for tasks to queue
[2025-05-09 14:43:15,935] {logging_mixin.py:115} INFO - [2025-05-09 14:43:15,935] {dagbag.py:507} INFO - Filling up the DagBag from /home/pedro/Documentos/airflow/venv/lib/python3.9/site-packages/airflow/example_dags/example_latest_only.py
[2025-05-09 14:43:15,939] {processor.py:651} INFO - DAG(s) dict_keys(['latest_only']) retrieved from /home/pedro/Documentos/airflow/venv/lib/python3.9/site-packages/airflow/example_dags/example_latest_only.py
[2025-05-09 14:43:15,951] {logging_mixin.py:115} INFO - [2025-05-09 14:43:15,951] {dag.py:2379} INFO - Sync 1 DAGs
[2025-05-09 14:43:15,965] {logging_mixin.py:115} INFO - [2025-05-09 14:43:15,965] {dag.py:2927} INFO - Setting next_dagrun for latest_only to 2025-05-09T13:43:15.965456+00:00, run_after=2025-05-09T17:43:15.965456+00:00
[2025-05-09 14:43:15,975] {processor.py:161} INFO - Processing /home/pedro/Documentos/airflow/venv/lib/python3.9/site-packages/airflow/example_dags/example_latest_only.py took 0.055 seconds
[2025-05-09 14:43:54,118] {processor.py:153} INFO - Started process (PID=68150) to work on /home/pedro/Documentos/airflow/venv/lib/python3.9/site-packages/airflow/example_dags/example_latest_only.py
[2025-05-09 14:43:54,118] {processor.py:641} INFO - Processing file /home/pedro/Documentos/airflow/venv/lib/python3.9/site-packages/airflow/example_dags/example_latest_only.py for tasks to queue
[2025-05-09 14:43:54,119] {logging_mixin.py:115} INFO - [2025-05-09 14:43:54,119] {dagbag.py:507} INFO - Filling up the DagBag from /home/pedro/Documentos/airflow/venv/lib/python3.9/site-packages/airflow/example_dags/example_latest_only.py
[2025-05-09 14:43:54,122] {processor.py:651} INFO - DAG(s) dict_keys(['latest_only']) retrieved from /home/pedro/Documentos/airflow/venv/lib/python3.9/site-packages/airflow/example_dags/example_latest_only.py
[2025-05-09 14:43:54,134] {logging_mixin.py:115} INFO - [2025-05-09 14:43:54,134] {dag.py:2379} INFO - Sync 1 DAGs
[2025-05-09 14:43:54,147] {logging_mixin.py:115} INFO - [2025-05-09 14:43:54,147] {dag.py:2927} INFO - Setting next_dagrun for latest_only to 2025-05-09T13:43:54.147666+00:00, run_after=2025-05-09T17:43:54.147666+00:00
[2025-05-09 14:43:54,157] {processor.py:161} INFO - Processing /home/pedro/Documentos/airflow/venv/lib/python3.9/site-packages/airflow/example_dags/example_latest_only.py took 0.041 seconds
[2025-05-09 14:44:26,098] {processor.py:153} INFO - Started process (PID=68353) to work on /home/pedro/Documentos/airflow/venv/lib/python3.9/site-packages/airflow/example_dags/example_latest_only.py
[2025-05-09 14:44:26,110] {processor.py:641} INFO - Processing file /home/pedro/Documentos/airflow/venv/lib/python3.9/site-packages/airflow/example_dags/example_latest_only.py for tasks to queue
[2025-05-09 14:44:26,111] {logging_mixin.py:115} INFO - [2025-05-09 14:44:26,111] {dagbag.py:507} INFO - Filling up the DagBag from /home/pedro/Documentos/airflow/venv/lib/python3.9/site-packages/airflow/example_dags/example_latest_only.py
[2025-05-09 14:44:26,115] {processor.py:651} INFO - DAG(s) dict_keys(['latest_only']) retrieved from /home/pedro/Documentos/airflow/venv/lib/python3.9/site-packages/airflow/example_dags/example_latest_only.py
[2025-05-09 14:44:26,126] {logging_mixin.py:115} INFO - [2025-05-09 14:44:26,126] {dag.py:2379} INFO - Sync 1 DAGs
[2025-05-09 14:44:26,139] {logging_mixin.py:115} INFO - [2025-05-09 14:44:26,139] {dag.py:2927} INFO - Setting next_dagrun for latest_only to 2025-05-09T13:44:26.138984+00:00, run_after=2025-05-09T17:44:26.138984+00:00
[2025-05-09 14:44:26,148] {processor.py:161} INFO - Processing /home/pedro/Documentos/airflow/venv/lib/python3.9/site-packages/airflow/example_dags/example_latest_only.py took 0.052 seconds
[2025-05-09 14:45:01,628] {processor.py:153} INFO - Started process (PID=68595) to work on /home/pedro/Documentos/airflow/venv/lib/python3.9/site-packages/airflow/example_dags/example_latest_only.py
[2025-05-09 14:45:01,641] {processor.py:641} INFO - Processing file /home/pedro/Documentos/airflow/venv/lib/python3.9/site-packages/airflow/example_dags/example_latest_only.py for tasks to queue
[2025-05-09 14:45:01,641] {logging_mixin.py:115} INFO - [2025-05-09 14:45:01,641] {dagbag.py:507} INFO - Filling up the DagBag from /home/pedro/Documentos/airflow/venv/lib/python3.9/site-packages/airflow/example_dags/example_latest_only.py
[2025-05-09 14:45:01,645] {processor.py:651} INFO - DAG(s) dict_keys(['latest_only']) retrieved from /home/pedro/Documentos/airflow/venv/lib/python3.9/site-packages/airflow/example_dags/example_latest_only.py
[2025-05-09 14:45:01,657] {logging_mixin.py:115} INFO - [2025-05-09 14:45:01,657] {dag.py:2379} INFO - Sync 1 DAGs
[2025-05-09 14:45:01,671] {logging_mixin.py:115} INFO - [2025-05-09 14:45:01,671] {dag.py:2927} INFO - Setting next_dagrun for latest_only to 2025-05-09T13:45:01.670826+00:00, run_after=2025-05-09T17:45:01.670826+00:00
[2025-05-09 14:45:01,681] {processor.py:161} INFO - Processing /home/pedro/Documentos/airflow/venv/lib/python3.9/site-packages/airflow/example_dags/example_latest_only.py took 0.055 seconds
[2025-05-09 14:45:34,591] {processor.py:153} INFO - Started process (PID=68785) to work on /home/pedro/Documentos/airflow/venv/lib/python3.9/site-packages/airflow/example_dags/example_latest_only.py
[2025-05-09 14:45:34,603] {processor.py:641} INFO - Processing file /home/pedro/Documentos/airflow/venv/lib/python3.9/site-packages/airflow/example_dags/example_latest_only.py for tasks to queue
[2025-05-09 14:45:34,604] {logging_mixin.py:115} INFO - [2025-05-09 14:45:34,604] {dagbag.py:507} INFO - Filling up the DagBag from /home/pedro/Documentos/airflow/venv/lib/python3.9/site-packages/airflow/example_dags/example_latest_only.py
[2025-05-09 14:45:34,607] {processor.py:651} INFO - DAG(s) dict_keys(['latest_only']) retrieved from /home/pedro/Documentos/airflow/venv/lib/python3.9/site-packages/airflow/example_dags/example_latest_only.py
[2025-05-09 14:45:34,619] {logging_mixin.py:115} INFO - [2025-05-09 14:45:34,619] {dag.py:2379} INFO - Sync 1 DAGs
[2025-05-09 14:45:34,633] {logging_mixin.py:115} INFO - [2025-05-09 14:45:34,632] {dag.py:2927} INFO - Setting next_dagrun for latest_only to 2025-05-09T13:45:34.632729+00:00, run_after=2025-05-09T17:45:34.632729+00:00
[2025-05-09 14:45:34,642] {processor.py:161} INFO - Processing /home/pedro/Documentos/airflow/venv/lib/python3.9/site-packages/airflow/example_dags/example_latest_only.py took 0.053 seconds
[2025-05-09 14:46:13,684] {processor.py:153} INFO - Started process (PID=69022) to work on /home/pedro/Documentos/airflow/venv/lib/python3.9/site-packages/airflow/example_dags/example_latest_only.py
[2025-05-09 14:46:13,696] {processor.py:641} INFO - Processing file /home/pedro/Documentos/airflow/venv/lib/python3.9/site-packages/airflow/example_dags/example_latest_only.py for tasks to queue
[2025-05-09 14:46:13,697] {logging_mixin.py:115} INFO - [2025-05-09 14:46:13,697] {dagbag.py:507} INFO - Filling up the DagBag from /home/pedro/Documentos/airflow/venv/lib/python3.9/site-packages/airflow/example_dags/example_latest_only.py
[2025-05-09 14:46:13,701] {processor.py:651} INFO - DAG(s) dict_keys(['latest_only']) retrieved from /home/pedro/Documentos/airflow/venv/lib/python3.9/site-packages/airflow/example_dags/example_latest_only.py
[2025-05-09 14:46:13,712] {logging_mixin.py:115} INFO - [2025-05-09 14:46:13,712] {dag.py:2379} INFO - Sync 1 DAGs
[2025-05-09 14:46:13,725] {logging_mixin.py:115} INFO - [2025-05-09 14:46:13,725] {dag.py:2927} INFO - Setting next_dagrun for latest_only to 2025-05-09T13:46:13.724929+00:00, run_after=2025-05-09T17:46:13.724929+00:00
[2025-05-09 14:46:13,734] {processor.py:161} INFO - Processing /home/pedro/Documentos/airflow/venv/lib/python3.9/site-packages/airflow/example_dags/example_latest_only.py took 0.052 seconds
[2025-05-09 14:46:46,641] {processor.py:153} INFO - Started process (PID=69274) to work on /home/pedro/Documentos/airflow/venv/lib/python3.9/site-packages/airflow/example_dags/example_latest_only.py
[2025-05-09 14:46:46,654] {processor.py:641} INFO - Processing file /home/pedro/Documentos/airflow/venv/lib/python3.9/site-packages/airflow/example_dags/example_latest_only.py for tasks to queue
[2025-05-09 14:46:46,654] {logging_mixin.py:115} INFO - [2025-05-09 14:46:46,654] {dagbag.py:507} INFO - Filling up the DagBag from /home/pedro/Documentos/airflow/venv/lib/python3.9/site-packages/airflow/example_dags/example_latest_only.py
[2025-05-09 14:46:46,658] {processor.py:651} INFO - DAG(s) dict_keys(['latest_only']) retrieved from /home/pedro/Documentos/airflow/venv/lib/python3.9/site-packages/airflow/example_dags/example_latest_only.py
[2025-05-09 14:46:46,673] {logging_mixin.py:115} INFO - [2025-05-09 14:46:46,673] {dag.py:2379} INFO - Sync 1 DAGs
[2025-05-09 14:46:46,688] {logging_mixin.py:115} INFO - [2025-05-09 14:46:46,688] {dag.py:2927} INFO - Setting next_dagrun for latest_only to 2025-05-09T13:46:46.688034+00:00, run_after=2025-05-09T17:46:46.688034+00:00
[2025-05-09 14:46:46,698] {processor.py:161} INFO - Processing /home/pedro/Documentos/airflow/venv/lib/python3.9/site-packages/airflow/example_dags/example_latest_only.py took 0.058 seconds
[2025-05-09 14:47:21,368] {processor.py:153} INFO - Started process (PID=69870) to work on /home/pedro/Documentos/airflow/venv/lib/python3.9/site-packages/airflow/example_dags/example_latest_only.py
[2025-05-09 14:47:21,368] {processor.py:641} INFO - Processing file /home/pedro/Documentos/airflow/venv/lib/python3.9/site-packages/airflow/example_dags/example_latest_only.py for tasks to queue
[2025-05-09 14:47:21,369] {logging_mixin.py:115} INFO - [2025-05-09 14:47:21,369] {dagbag.py:507} INFO - Filling up the DagBag from /home/pedro/Documentos/airflow/venv/lib/python3.9/site-packages/airflow/example_dags/example_latest_only.py
[2025-05-09 14:47:21,373] {processor.py:651} INFO - DAG(s) dict_keys(['latest_only']) retrieved from /home/pedro/Documentos/airflow/venv/lib/python3.9/site-packages/airflow/example_dags/example_latest_only.py
[2025-05-09 14:47:21,387] {logging_mixin.py:115} INFO - [2025-05-09 14:47:21,387] {dag.py:2379} INFO - Sync 1 DAGs
[2025-05-09 14:47:21,403] {logging_mixin.py:115} INFO - [2025-05-09 14:47:21,403] {dag.py:2927} INFO - Setting next_dagrun for latest_only to 2025-05-09T13:47:21.403654+00:00, run_after=2025-05-09T17:47:21.403654+00:00
[2025-05-09 14:47:21,416] {processor.py:161} INFO - Processing /home/pedro/Documentos/airflow/venv/lib/python3.9/site-packages/airflow/example_dags/example_latest_only.py took 0.050 seconds
[2025-05-09 14:47:59,549] {processor.py:153} INFO - Started process (PID=70122) to work on /home/pedro/Documentos/airflow/venv/lib/python3.9/site-packages/airflow/example_dags/example_latest_only.py
[2025-05-09 14:47:59,562] {processor.py:641} INFO - Processing file /home/pedro/Documentos/airflow/venv/lib/python3.9/site-packages/airflow/example_dags/example_latest_only.py for tasks to queue
[2025-05-09 14:47:59,563] {logging_mixin.py:115} INFO - [2025-05-09 14:47:59,562] {dagbag.py:507} INFO - Filling up the DagBag from /home/pedro/Documentos/airflow/venv/lib/python3.9/site-packages/airflow/example_dags/example_latest_only.py
[2025-05-09 14:47:59,566] {processor.py:651} INFO - DAG(s) dict_keys(['latest_only']) retrieved from /home/pedro/Documentos/airflow/venv/lib/python3.9/site-packages/airflow/example_dags/example_latest_only.py
[2025-05-09 14:47:59,578] {logging_mixin.py:115} INFO - [2025-05-09 14:47:59,578] {dag.py:2379} INFO - Sync 1 DAGs
[2025-05-09 14:47:59,592] {logging_mixin.py:115} INFO - [2025-05-09 14:47:59,592] {dag.py:2927} INFO - Setting next_dagrun for latest_only to 2025-05-09T13:47:59.591903+00:00, run_after=2025-05-09T17:47:59.591903+00:00
[2025-05-09 14:47:59,602] {processor.py:161} INFO - Processing /home/pedro/Documentos/airflow/venv/lib/python3.9/site-packages/airflow/example_dags/example_latest_only.py took 0.055 seconds
[2025-05-09 14:48:32,662] {processor.py:153} INFO - Started process (PID=70391) to work on /home/pedro/Documentos/airflow/venv/lib/python3.9/site-packages/airflow/example_dags/example_latest_only.py
[2025-05-09 14:48:32,674] {processor.py:641} INFO - Processing file /home/pedro/Documentos/airflow/venv/lib/python3.9/site-packages/airflow/example_dags/example_latest_only.py for tasks to queue
[2025-05-09 14:48:32,675] {logging_mixin.py:115} INFO - [2025-05-09 14:48:32,675] {dagbag.py:507} INFO - Filling up the DagBag from /home/pedro/Documentos/airflow/venv/lib/python3.9/site-packages/airflow/example_dags/example_latest_only.py
[2025-05-09 14:48:32,679] {processor.py:651} INFO - DAG(s) dict_keys(['latest_only']) retrieved from /home/pedro/Documentos/airflow/venv/lib/python3.9/site-packages/airflow/example_dags/example_latest_only.py
[2025-05-09 14:48:32,690] {logging_mixin.py:115} INFO - [2025-05-09 14:48:32,690] {dag.py:2379} INFO - Sync 1 DAGs
[2025-05-09 14:48:32,703] {logging_mixin.py:115} INFO - [2025-05-09 14:48:32,703] {dag.py:2927} INFO - Setting next_dagrun for latest_only to 2025-05-09T13:48:32.703467+00:00, run_after=2025-05-09T17:48:32.703467+00:00
[2025-05-09 14:48:32,713] {processor.py:161} INFO - Processing /home/pedro/Documentos/airflow/venv/lib/python3.9/site-packages/airflow/example_dags/example_latest_only.py took 0.053 seconds
[2025-05-09 14:49:04,795] {processor.py:153} INFO - Started process (PID=70632) to work on /home/pedro/Documentos/airflow/venv/lib/python3.9/site-packages/airflow/example_dags/example_latest_only.py
[2025-05-09 14:49:04,796] {processor.py:641} INFO - Processing file /home/pedro/Documentos/airflow/venv/lib/python3.9/site-packages/airflow/example_dags/example_latest_only.py for tasks to queue
[2025-05-09 14:49:04,796] {logging_mixin.py:115} INFO - [2025-05-09 14:49:04,796] {dagbag.py:507} INFO - Filling up the DagBag from /home/pedro/Documentos/airflow/venv/lib/python3.9/site-packages/airflow/example_dags/example_latest_only.py
[2025-05-09 14:49:04,799] {processor.py:651} INFO - DAG(s) dict_keys(['latest_only']) retrieved from /home/pedro/Documentos/airflow/venv/lib/python3.9/site-packages/airflow/example_dags/example_latest_only.py
[2025-05-09 14:49:04,813] {logging_mixin.py:115} INFO - [2025-05-09 14:49:04,813] {dag.py:2379} INFO - Sync 1 DAGs
[2025-05-09 14:49:04,825] {logging_mixin.py:115} INFO - [2025-05-09 14:49:04,824] {dag.py:2927} INFO - Setting next_dagrun for latest_only to 2025-05-09T13:49:04.824769+00:00, run_after=2025-05-09T17:49:04.824769+00:00
[2025-05-09 14:49:04,834] {processor.py:161} INFO - Processing /home/pedro/Documentos/airflow/venv/lib/python3.9/site-packages/airflow/example_dags/example_latest_only.py took 0.042 seconds
[2025-05-09 14:49:40,908] {processor.py:153} INFO - Started process (PID=70858) to work on /home/pedro/Documentos/airflow/venv/lib/python3.9/site-packages/airflow/example_dags/example_latest_only.py
[2025-05-09 14:49:40,921] {processor.py:641} INFO - Processing file /home/pedro/Documentos/airflow/venv/lib/python3.9/site-packages/airflow/example_dags/example_latest_only.py for tasks to queue
[2025-05-09 14:49:40,921] {logging_mixin.py:115} INFO - [2025-05-09 14:49:40,921] {dagbag.py:507} INFO - Filling up the DagBag from /home/pedro/Documentos/airflow/venv/lib/python3.9/site-packages/airflow/example_dags/example_latest_only.py
[2025-05-09 14:49:40,925] {processor.py:651} INFO - DAG(s) dict_keys(['latest_only']) retrieved from /home/pedro/Documentos/airflow/venv/lib/python3.9/site-packages/airflow/example_dags/example_latest_only.py
[2025-05-09 14:49:40,939] {logging_mixin.py:115} INFO - [2025-05-09 14:49:40,939] {dag.py:2379} INFO - Sync 1 DAGs
[2025-05-09 14:49:40,953] {logging_mixin.py:115} INFO - [2025-05-09 14:49:40,953] {dag.py:2927} INFO - Setting next_dagrun for latest_only to 2025-05-09T13:49:40.953221+00:00, run_after=2025-05-09T17:49:40.953221+00:00
[2025-05-09 14:49:40,963] {processor.py:161} INFO - Processing /home/pedro/Documentos/airflow/venv/lib/python3.9/site-packages/airflow/example_dags/example_latest_only.py took 0.057 seconds
[2025-05-09 14:50:16,853] {processor.py:153} INFO - Started process (PID=71150) to work on /home/pedro/Documentos/airflow/venv/lib/python3.9/site-packages/airflow/example_dags/example_latest_only.py
[2025-05-09 14:50:16,865] {processor.py:641} INFO - Processing file /home/pedro/Documentos/airflow/venv/lib/python3.9/site-packages/airflow/example_dags/example_latest_only.py for tasks to queue
[2025-05-09 14:50:16,865] {logging_mixin.py:115} INFO - [2025-05-09 14:50:16,865] {dagbag.py:507} INFO - Filling up the DagBag from /home/pedro/Documentos/airflow/venv/lib/python3.9/site-packages/airflow/example_dags/example_latest_only.py
[2025-05-09 14:50:16,870] {processor.py:651} INFO - DAG(s) dict_keys(['latest_only']) retrieved from /home/pedro/Documentos/airflow/venv/lib/python3.9/site-packages/airflow/example_dags/example_latest_only.py
[2025-05-09 14:50:16,884] {logging_mixin.py:115} INFO - [2025-05-09 14:50:16,883] {dag.py:2379} INFO - Sync 1 DAGs
[2025-05-09 14:50:16,896] {logging_mixin.py:115} INFO - [2025-05-09 14:50:16,896] {dag.py:2927} INFO - Setting next_dagrun for latest_only to 2025-05-09T13:50:16.896157+00:00, run_after=2025-05-09T17:50:16.896157+00:00
[2025-05-09 14:50:16,906] {processor.py:161} INFO - Processing /home/pedro/Documentos/airflow/venv/lib/python3.9/site-packages/airflow/example_dags/example_latest_only.py took 0.055 seconds
[2025-05-09 14:50:51,968] {processor.py:153} INFO - Started process (PID=71359) to work on /home/pedro/Documentos/airflow/venv/lib/python3.9/site-packages/airflow/example_dags/example_latest_only.py
[2025-05-09 14:50:51,980] {processor.py:641} INFO - Processing file /home/pedro/Documentos/airflow/venv/lib/python3.9/site-packages/airflow/example_dags/example_latest_only.py for tasks to queue
[2025-05-09 14:50:51,980] {logging_mixin.py:115} INFO - [2025-05-09 14:50:51,980] {dagbag.py:507} INFO - Filling up the DagBag from /home/pedro/Documentos/airflow/venv/lib/python3.9/site-packages/airflow/example_dags/example_latest_only.py
[2025-05-09 14:50:51,984] {processor.py:651} INFO - DAG(s) dict_keys(['latest_only']) retrieved from /home/pedro/Documentos/airflow/venv/lib/python3.9/site-packages/airflow/example_dags/example_latest_only.py
[2025-05-09 14:50:51,996] {logging_mixin.py:115} INFO - [2025-05-09 14:50:51,996] {dag.py:2379} INFO - Sync 1 DAGs
[2025-05-09 14:50:52,008] {logging_mixin.py:115} INFO - [2025-05-09 14:50:52,008] {dag.py:2927} INFO - Setting next_dagrun for latest_only to 2025-05-09T13:50:52.008535+00:00, run_after=2025-05-09T17:50:52.008535+00:00
[2025-05-09 14:50:52,019] {processor.py:161} INFO - Processing /home/pedro/Documentos/airflow/venv/lib/python3.9/site-packages/airflow/example_dags/example_latest_only.py took 0.053 seconds
[2025-05-09 14:51:26,647] {processor.py:153} INFO - Started process (PID=71591) to work on /home/pedro/Documentos/airflow/venv/lib/python3.9/site-packages/airflow/example_dags/example_latest_only.py
[2025-05-09 14:51:26,647] {processor.py:641} INFO - Processing file /home/pedro/Documentos/airflow/venv/lib/python3.9/site-packages/airflow/example_dags/example_latest_only.py for tasks to queue
[2025-05-09 14:51:26,648] {logging_mixin.py:115} INFO - [2025-05-09 14:51:26,648] {dagbag.py:507} INFO - Filling up the DagBag from /home/pedro/Documentos/airflow/venv/lib/python3.9/site-packages/airflow/example_dags/example_latest_only.py
[2025-05-09 14:51:26,651] {processor.py:651} INFO - DAG(s) dict_keys(['latest_only']) retrieved from /home/pedro/Documentos/airflow/venv/lib/python3.9/site-packages/airflow/example_dags/example_latest_only.py
[2025-05-09 14:51:26,664] {logging_mixin.py:115} INFO - [2025-05-09 14:51:26,664] {dag.py:2379} INFO - Sync 1 DAGs
[2025-05-09 14:51:26,678] {logging_mixin.py:115} INFO - [2025-05-09 14:51:26,678] {dag.py:2927} INFO - Setting next_dagrun for latest_only to 2025-05-09T13:51:26.678543+00:00, run_after=2025-05-09T17:51:26.678543+00:00
[2025-05-09 14:51:26,688] {processor.py:161} INFO - Processing /home/pedro/Documentos/airflow/venv/lib/python3.9/site-packages/airflow/example_dags/example_latest_only.py took 0.043 seconds
[2025-05-09 14:52:03,592] {processor.py:153} INFO - Started process (PID=71949) to work on /home/pedro/Documentos/airflow/venv/lib/python3.9/site-packages/airflow/example_dags/example_latest_only.py
[2025-05-09 14:52:03,592] {processor.py:641} INFO - Processing file /home/pedro/Documentos/airflow/venv/lib/python3.9/site-packages/airflow/example_dags/example_latest_only.py for tasks to queue
[2025-05-09 14:52:03,593] {logging_mixin.py:115} INFO - [2025-05-09 14:52:03,593] {dagbag.py:507} INFO - Filling up the DagBag from /home/pedro/Documentos/airflow/venv/lib/python3.9/site-packages/airflow/example_dags/example_latest_only.py
[2025-05-09 14:52:03,597] {processor.py:651} INFO - DAG(s) dict_keys(['latest_only']) retrieved from /home/pedro/Documentos/airflow/venv/lib/python3.9/site-packages/airflow/example_dags/example_latest_only.py
[2025-05-09 14:52:03,610] {logging_mixin.py:115} INFO - [2025-05-09 14:52:03,609] {dag.py:2379} INFO - Sync 1 DAGs
[2025-05-09 14:52:03,622] {logging_mixin.py:115} INFO - [2025-05-09 14:52:03,622] {dag.py:2927} INFO - Setting next_dagrun for latest_only to 2025-05-09T13:52:03.622519+00:00, run_after=2025-05-09T17:52:03.622519+00:00
[2025-05-09 14:52:03,632] {processor.py:161} INFO - Processing /home/pedro/Documentos/airflow/venv/lib/python3.9/site-packages/airflow/example_dags/example_latest_only.py took 0.043 seconds
[2025-05-09 14:52:39,032] {processor.py:153} INFO - Started process (PID=72473) to work on /home/pedro/Documentos/airflow/venv/lib/python3.9/site-packages/airflow/example_dags/example_latest_only.py
[2025-05-09 14:52:39,044] {processor.py:641} INFO - Processing file /home/pedro/Documentos/airflow/venv/lib/python3.9/site-packages/airflow/example_dags/example_latest_only.py for tasks to queue
[2025-05-09 14:52:39,045] {logging_mixin.py:115} INFO - [2025-05-09 14:52:39,045] {dagbag.py:507} INFO - Filling up the DagBag from /home/pedro/Documentos/airflow/venv/lib/python3.9/site-packages/airflow/example_dags/example_latest_only.py
[2025-05-09 14:52:39,048] {processor.py:651} INFO - DAG(s) dict_keys(['latest_only']) retrieved from /home/pedro/Documentos/airflow/venv/lib/python3.9/site-packages/airflow/example_dags/example_latest_only.py
[2025-05-09 14:52:39,062] {logging_mixin.py:115} INFO - [2025-05-09 14:52:39,062] {dag.py:2379} INFO - Sync 1 DAGs
[2025-05-09 14:52:39,074] {logging_mixin.py:115} INFO - [2025-05-09 14:52:39,074] {dag.py:2927} INFO - Setting next_dagrun for latest_only to 2025-05-09T13:52:39.074336+00:00, run_after=2025-05-09T17:52:39.074336+00:00
[2025-05-09 14:52:39,085] {processor.py:161} INFO - Processing /home/pedro/Documentos/airflow/venv/lib/python3.9/site-packages/airflow/example_dags/example_latest_only.py took 0.055 seconds
[2025-05-09 14:53:14,362] {processor.py:153} INFO - Started process (PID=72789) to work on /home/pedro/Documentos/airflow/venv/lib/python3.9/site-packages/airflow/example_dags/example_latest_only.py
[2025-05-09 14:53:14,374] {processor.py:641} INFO - Processing file /home/pedro/Documentos/airflow/venv/lib/python3.9/site-packages/airflow/example_dags/example_latest_only.py for tasks to queue
[2025-05-09 14:53:14,375] {logging_mixin.py:115} INFO - [2025-05-09 14:53:14,375] {dagbag.py:507} INFO - Filling up the DagBag from /home/pedro/Documentos/airflow/venv/lib/python3.9/site-packages/airflow/example_dags/example_latest_only.py
[2025-05-09 14:53:14,380] {processor.py:651} INFO - DAG(s) dict_keys(['latest_only']) retrieved from /home/pedro/Documentos/airflow/venv/lib/python3.9/site-packages/airflow/example_dags/example_latest_only.py
[2025-05-09 14:53:14,393] {logging_mixin.py:115} INFO - [2025-05-09 14:53:14,393] {dag.py:2379} INFO - Sync 1 DAGs
[2025-05-09 14:53:14,406] {logging_mixin.py:115} INFO - [2025-05-09 14:53:14,406] {dag.py:2927} INFO - Setting next_dagrun for latest_only to 2025-05-09T13:53:14.406425+00:00, run_after=2025-05-09T17:53:14.406425+00:00
[2025-05-09 14:53:14,416] {processor.py:161} INFO - Processing /home/pedro/Documentos/airflow/venv/lib/python3.9/site-packages/airflow/example_dags/example_latest_only.py took 0.057 seconds
[2025-05-09 14:53:51,857] {processor.py:153} INFO - Started process (PID=74038) to work on /home/pedro/Documentos/airflow/venv/lib/python3.9/site-packages/airflow/example_dags/example_latest_only.py
[2025-05-09 14:53:51,870] {processor.py:641} INFO - Processing file /home/pedro/Documentos/airflow/venv/lib/python3.9/site-packages/airflow/example_dags/example_latest_only.py for tasks to queue
[2025-05-09 14:53:51,870] {logging_mixin.py:115} INFO - [2025-05-09 14:53:51,870] {dagbag.py:507} INFO - Filling up the DagBag from /home/pedro/Documentos/airflow/venv/lib/python3.9/site-packages/airflow/example_dags/example_latest_only.py
[2025-05-09 14:53:51,874] {processor.py:651} INFO - DAG(s) dict_keys(['latest_only']) retrieved from /home/pedro/Documentos/airflow/venv/lib/python3.9/site-packages/airflow/example_dags/example_latest_only.py
[2025-05-09 14:53:51,888] {logging_mixin.py:115} INFO - [2025-05-09 14:53:51,888] {dag.py:2379} INFO - Sync 1 DAGs
[2025-05-09 14:53:51,900] {logging_mixin.py:115} INFO - [2025-05-09 14:53:51,900] {dag.py:2927} INFO - Setting next_dagrun for latest_only to 2025-05-09T13:53:51.900090+00:00, run_after=2025-05-09T17:53:51.900090+00:00
[2025-05-09 14:53:51,910] {processor.py:161} INFO - Processing /home/pedro/Documentos/airflow/venv/lib/python3.9/site-packages/airflow/example_dags/example_latest_only.py took 0.055 seconds
[2025-05-09 14:54:23,678] {processor.py:153} INFO - Started process (PID=74324) to work on /home/pedro/Documentos/airflow/venv/lib/python3.9/site-packages/airflow/example_dags/example_latest_only.py
[2025-05-09 14:54:23,690] {processor.py:641} INFO - Processing file /home/pedro/Documentos/airflow/venv/lib/python3.9/site-packages/airflow/example_dags/example_latest_only.py for tasks to queue
[2025-05-09 14:54:23,690] {logging_mixin.py:115} INFO - [2025-05-09 14:54:23,690] {dagbag.py:507} INFO - Filling up the DagBag from /home/pedro/Documentos/airflow/venv/lib/python3.9/site-packages/airflow/example_dags/example_latest_only.py
[2025-05-09 14:54:23,694] {processor.py:651} INFO - DAG(s) dict_keys(['latest_only']) retrieved from /home/pedro/Documentos/airflow/venv/lib/python3.9/site-packages/airflow/example_dags/example_latest_only.py
[2025-05-09 14:54:23,707] {logging_mixin.py:115} INFO - [2025-05-09 14:54:23,707] {dag.py:2379} INFO - Sync 1 DAGs
[2025-05-09 14:54:23,718] {logging_mixin.py:115} INFO - [2025-05-09 14:54:23,718] {dag.py:2927} INFO - Setting next_dagrun for latest_only to 2025-05-09T13:54:23.718693+00:00, run_after=2025-05-09T17:54:23.718693+00:00
[2025-05-09 14:54:23,729] {processor.py:161} INFO - Processing /home/pedro/Documentos/airflow/venv/lib/python3.9/site-packages/airflow/example_dags/example_latest_only.py took 0.053 seconds
[2025-05-09 14:54:54,814] {processor.py:153} INFO - Started process (PID=74516) to work on /home/pedro/Documentos/airflow/venv/lib/python3.9/site-packages/airflow/example_dags/example_latest_only.py
[2025-05-09 14:54:54,827] {processor.py:641} INFO - Processing file /home/pedro/Documentos/airflow/venv/lib/python3.9/site-packages/airflow/example_dags/example_latest_only.py for tasks to queue
[2025-05-09 14:54:54,827] {logging_mixin.py:115} INFO - [2025-05-09 14:54:54,827] {dagbag.py:507} INFO - Filling up the DagBag from /home/pedro/Documentos/airflow/venv/lib/python3.9/site-packages/airflow/example_dags/example_latest_only.py
[2025-05-09 14:54:54,832] {processor.py:651} INFO - DAG(s) dict_keys(['latest_only']) retrieved from /home/pedro/Documentos/airflow/venv/lib/python3.9/site-packages/airflow/example_dags/example_latest_only.py
[2025-05-09 14:54:54,845] {logging_mixin.py:115} INFO - [2025-05-09 14:54:54,845] {dag.py:2379} INFO - Sync 1 DAGs
[2025-05-09 14:54:54,857] {logging_mixin.py:115} INFO - [2025-05-09 14:54:54,857] {dag.py:2927} INFO - Setting next_dagrun for latest_only to 2025-05-09T13:54:54.857085+00:00, run_after=2025-05-09T17:54:54.857085+00:00
[2025-05-09 14:54:54,867] {processor.py:161} INFO - Processing /home/pedro/Documentos/airflow/venv/lib/python3.9/site-packages/airflow/example_dags/example_latest_only.py took 0.055 seconds
[2025-05-09 14:55:28,078] {processor.py:153} INFO - Started process (PID=74722) to work on /home/pedro/Documentos/airflow/venv/lib/python3.9/site-packages/airflow/example_dags/example_latest_only.py
[2025-05-09 14:55:28,079] {processor.py:641} INFO - Processing file /home/pedro/Documentos/airflow/venv/lib/python3.9/site-packages/airflow/example_dags/example_latest_only.py for tasks to queue
[2025-05-09 14:55:28,079] {logging_mixin.py:115} INFO - [2025-05-09 14:55:28,079] {dagbag.py:507} INFO - Filling up the DagBag from /home/pedro/Documentos/airflow/venv/lib/python3.9/site-packages/airflow/example_dags/example_latest_only.py
[2025-05-09 14:55:28,083] {processor.py:651} INFO - DAG(s) dict_keys(['latest_only']) retrieved from /home/pedro/Documentos/airflow/venv/lib/python3.9/site-packages/airflow/example_dags/example_latest_only.py
[2025-05-09 14:55:28,096] {logging_mixin.py:115} INFO - [2025-05-09 14:55:28,096] {dag.py:2379} INFO - Sync 1 DAGs
[2025-05-09 14:55:28,108] {logging_mixin.py:115} INFO - [2025-05-09 14:55:28,108] {dag.py:2927} INFO - Setting next_dagrun for latest_only to 2025-05-09T13:55:28.108177+00:00, run_after=2025-05-09T17:55:28.108177+00:00
[2025-05-09 14:55:28,148] {processor.py:161} INFO - Processing /home/pedro/Documentos/airflow/venv/lib/python3.9/site-packages/airflow/example_dags/example_latest_only.py took 0.073 seconds
