[2025-05-09 14:34:10,454] {processor.py:153} INFO - Started process (PID=61842) to work on /home/pedro/Documentos/airflow/venv/lib/python3.9/site-packages/airflow/example_dags/example_branch_operator_decorator.py
[2025-05-09 14:34:10,454] {processor.py:641} INFO - Processing file /home/pedro/Documentos/airflow/venv/lib/python3.9/site-packages/airflow/example_dags/example_branch_operator_decorator.py for tasks to queue
[2025-05-09 14:34:10,454] {logging_mixin.py:115} INFO - [2025-05-09 14:34:10,454] {dagbag.py:507} INFO - Filling up the DagBag from /home/pedro/Documentos/airflow/venv/lib/python3.9/site-packages/airflow/example_dags/example_branch_operator_decorator.py
[2025-05-09 14:34:10,466] {processor.py:651} INFO - DAG(s) dict_keys(['example_branch_python_operator_decorator']) retrieved from /home/pedro/Documentos/airflow/venv/lib/python3.9/site-packages/airflow/example_dags/example_branch_operator_decorator.py
[2025-05-09 14:34:10,512] {logging_mixin.py:115} INFO - [2025-05-09 14:34:10,512] {manager.py:508} INFO - Created Permission View: can delete on DAG:example_branch_python_operator_decorator
[2025-05-09 14:34:10,520] {logging_mixin.py:115} INFO - [2025-05-09 14:34:10,520] {manager.py:508} INFO - Created Permission View: can read on DAG:example_branch_python_operator_decorator
[2025-05-09 14:34:10,526] {logging_mixin.py:115} INFO - [2025-05-09 14:34:10,526] {manager.py:508} INFO - Created Permission View: can edit on DAG:example_branch_python_operator_decorator
[2025-05-09 14:34:10,527] {logging_mixin.py:115} INFO - [2025-05-09 14:34:10,527] {dag.py:2379} INFO - Sync 1 DAGs
[2025-05-09 14:34:10,532] {logging_mixin.py:115} INFO - [2025-05-09 14:34:10,532] {dag.py:2398} INFO - Creating ORM DAG for example_branch_python_operator_decorator
[2025-05-09 14:34:10,538] {logging_mixin.py:115} INFO - [2025-05-09 14:34:10,538] {dag.py:2927} INFO - Setting next_dagrun for example_branch_python_operator_decorator to 2025-05-08T00:00:00+00:00, run_after=2025-05-09T00:00:00+00:00
[2025-05-09 14:34:10,552] {processor.py:161} INFO - Processing /home/pedro/Documentos/airflow/venv/lib/python3.9/site-packages/airflow/example_dags/example_branch_operator_decorator.py took 0.101 seconds
[2025-05-09 14:34:45,210] {processor.py:153} INFO - Started process (PID=62327) to work on /home/pedro/Documentos/airflow/venv/lib/python3.9/site-packages/airflow/example_dags/example_branch_operator_decorator.py
[2025-05-09 14:34:45,210] {processor.py:641} INFO - Processing file /home/pedro/Documentos/airflow/venv/lib/python3.9/site-packages/airflow/example_dags/example_branch_operator_decorator.py for tasks to queue
[2025-05-09 14:34:45,211] {logging_mixin.py:115} INFO - [2025-05-09 14:34:45,211] {dagbag.py:507} INFO - Filling up the DagBag from /home/pedro/Documentos/airflow/venv/lib/python3.9/site-packages/airflow/example_dags/example_branch_operator_decorator.py
[2025-05-09 14:34:45,224] {processor.py:651} INFO - DAG(s) dict_keys(['example_branch_python_operator_decorator']) retrieved from /home/pedro/Documentos/airflow/venv/lib/python3.9/site-packages/airflow/example_dags/example_branch_operator_decorator.py
[2025-05-09 14:34:45,238] {logging_mixin.py:115} INFO - [2025-05-09 14:34:45,238] {dag.py:2379} INFO - Sync 1 DAGs
[2025-05-09 14:34:45,252] {logging_mixin.py:115} INFO - [2025-05-09 14:34:45,252] {dag.py:2927} INFO - Setting next_dagrun for example_branch_python_operator_decorator to 2025-05-08T00:00:00+00:00, run_after=2025-05-09T00:00:00+00:00
[2025-05-09 14:34:45,263] {processor.py:161} INFO - Processing /home/pedro/Documentos/airflow/venv/lib/python3.9/site-packages/airflow/example_dags/example_branch_operator_decorator.py took 0.055 seconds
[2025-05-09 14:35:19,508] {processor.py:153} INFO - Started process (PID=62772) to work on /home/pedro/Documentos/airflow/venv/lib/python3.9/site-packages/airflow/example_dags/example_branch_operator_decorator.py
[2025-05-09 14:35:19,520] {processor.py:641} INFO - Processing file /home/pedro/Documentos/airflow/venv/lib/python3.9/site-packages/airflow/example_dags/example_branch_operator_decorator.py for tasks to queue
[2025-05-09 14:35:19,520] {logging_mixin.py:115} INFO - [2025-05-09 14:35:19,520] {dagbag.py:507} INFO - Filling up the DagBag from /home/pedro/Documentos/airflow/venv/lib/python3.9/site-packages/airflow/example_dags/example_branch_operator_decorator.py
[2025-05-09 14:35:19,532] {processor.py:651} INFO - DAG(s) dict_keys(['example_branch_python_operator_decorator']) retrieved from /home/pedro/Documentos/airflow/venv/lib/python3.9/site-packages/airflow/example_dags/example_branch_operator_decorator.py
[2025-05-09 14:35:19,546] {logging_mixin.py:115} INFO - [2025-05-09 14:35:19,546] {dag.py:2379} INFO - Sync 1 DAGs
[2025-05-09 14:35:19,560] {logging_mixin.py:115} INFO - [2025-05-09 14:35:19,560] {dag.py:2927} INFO - Setting next_dagrun for example_branch_python_operator_decorator to 2025-05-08T00:00:00+00:00, run_after=2025-05-09T00:00:00+00:00
[2025-05-09 14:35:19,571] {processor.py:161} INFO - Processing /home/pedro/Documentos/airflow/venv/lib/python3.9/site-packages/airflow/example_dags/example_branch_operator_decorator.py took 0.065 seconds
[2025-05-09 14:35:52,099] {processor.py:153} INFO - Started process (PID=63165) to work on /home/pedro/Documentos/airflow/venv/lib/python3.9/site-packages/airflow/example_dags/example_branch_operator_decorator.py
[2025-05-09 14:35:52,112] {processor.py:641} INFO - Processing file /home/pedro/Documentos/airflow/venv/lib/python3.9/site-packages/airflow/example_dags/example_branch_operator_decorator.py for tasks to queue
[2025-05-09 14:35:52,112] {logging_mixin.py:115} INFO - [2025-05-09 14:35:52,112] {dagbag.py:507} INFO - Filling up the DagBag from /home/pedro/Documentos/airflow/venv/lib/python3.9/site-packages/airflow/example_dags/example_branch_operator_decorator.py
[2025-05-09 14:35:52,124] {processor.py:651} INFO - DAG(s) dict_keys(['example_branch_python_operator_decorator']) retrieved from /home/pedro/Documentos/airflow/venv/lib/python3.9/site-packages/airflow/example_dags/example_branch_operator_decorator.py
[2025-05-09 14:35:52,139] {logging_mixin.py:115} INFO - [2025-05-09 14:35:52,139] {dag.py:2379} INFO - Sync 1 DAGs
[2025-05-09 14:35:52,151] {logging_mixin.py:115} INFO - [2025-05-09 14:35:52,151] {dag.py:2927} INFO - Setting next_dagrun for example_branch_python_operator_decorator to 2025-05-08T00:00:00+00:00, run_after=2025-05-09T00:00:00+00:00
[2025-05-09 14:35:52,161] {processor.py:161} INFO - Processing /home/pedro/Documentos/airflow/venv/lib/python3.9/site-packages/airflow/example_dags/example_branch_operator_decorator.py took 0.064 seconds
[2025-05-09 14:36:25,424] {processor.py:153} INFO - Started process (PID=63380) to work on /home/pedro/Documentos/airflow/venv/lib/python3.9/site-packages/airflow/example_dags/example_branch_operator_decorator.py
[2025-05-09 14:36:25,437] {processor.py:641} INFO - Processing file /home/pedro/Documentos/airflow/venv/lib/python3.9/site-packages/airflow/example_dags/example_branch_operator_decorator.py for tasks to queue
[2025-05-09 14:36:25,437] {logging_mixin.py:115} INFO - [2025-05-09 14:36:25,437] {dagbag.py:507} INFO - Filling up the DagBag from /home/pedro/Documentos/airflow/venv/lib/python3.9/site-packages/airflow/example_dags/example_branch_operator_decorator.py
[2025-05-09 14:36:25,449] {processor.py:651} INFO - DAG(s) dict_keys(['example_branch_python_operator_decorator']) retrieved from /home/pedro/Documentos/airflow/venv/lib/python3.9/site-packages/airflow/example_dags/example_branch_operator_decorator.py
[2025-05-09 14:36:25,464] {logging_mixin.py:115} INFO - [2025-05-09 14:36:25,464] {dag.py:2379} INFO - Sync 1 DAGs
[2025-05-09 14:36:25,477] {logging_mixin.py:115} INFO - [2025-05-09 14:36:25,477] {dag.py:2927} INFO - Setting next_dagrun for example_branch_python_operator_decorator to 2025-05-08T00:00:00+00:00, run_after=2025-05-09T00:00:00+00:00
[2025-05-09 14:36:25,487] {processor.py:161} INFO - Processing /home/pedro/Documentos/airflow/venv/lib/python3.9/site-packages/airflow/example_dags/example_branch_operator_decorator.py took 0.064 seconds
[2025-05-09 14:36:58,078] {processor.py:153} INFO - Started process (PID=63570) to work on /home/pedro/Documentos/airflow/venv/lib/python3.9/site-packages/airflow/example_dags/example_branch_operator_decorator.py
[2025-05-09 14:36:58,090] {processor.py:641} INFO - Processing file /home/pedro/Documentos/airflow/venv/lib/python3.9/site-packages/airflow/example_dags/example_branch_operator_decorator.py for tasks to queue
[2025-05-09 14:36:58,090] {logging_mixin.py:115} INFO - [2025-05-09 14:36:58,090] {dagbag.py:507} INFO - Filling up the DagBag from /home/pedro/Documentos/airflow/venv/lib/python3.9/site-packages/airflow/example_dags/example_branch_operator_decorator.py
[2025-05-09 14:36:58,103] {processor.py:651} INFO - DAG(s) dict_keys(['example_branch_python_operator_decorator']) retrieved from /home/pedro/Documentos/airflow/venv/lib/python3.9/site-packages/airflow/example_dags/example_branch_operator_decorator.py
[2025-05-09 14:36:58,116] {logging_mixin.py:115} INFO - [2025-05-09 14:36:58,116] {dag.py:2379} INFO - Sync 1 DAGs
[2025-05-09 14:36:58,128] {logging_mixin.py:115} INFO - [2025-05-09 14:36:58,128] {dag.py:2927} INFO - Setting next_dagrun for example_branch_python_operator_decorator to 2025-05-08T00:00:00+00:00, run_after=2025-05-09T00:00:00+00:00
[2025-05-09 14:36:58,138] {processor.py:161} INFO - Processing /home/pedro/Documentos/airflow/venv/lib/python3.9/site-packages/airflow/example_dags/example_branch_operator_decorator.py took 0.062 seconds
[2025-05-09 14:37:32,200] {processor.py:153} INFO - Started process (PID=64080) to work on /home/pedro/Documentos/airflow/venv/lib/python3.9/site-packages/airflow/example_dags/example_branch_operator_decorator.py
[2025-05-09 14:37:32,208] {processor.py:641} INFO - Processing file /home/pedro/Documentos/airflow/venv/lib/python3.9/site-packages/airflow/example_dags/example_branch_operator_decorator.py for tasks to queue
[2025-05-09 14:37:32,209] {logging_mixin.py:115} INFO - [2025-05-09 14:37:32,209] {dagbag.py:507} INFO - Filling up the DagBag from /home/pedro/Documentos/airflow/venv/lib/python3.9/site-packages/airflow/example_dags/example_branch_operator_decorator.py
[2025-05-09 14:37:32,221] {processor.py:651} INFO - DAG(s) dict_keys(['example_branch_python_operator_decorator']) retrieved from /home/pedro/Documentos/airflow/venv/lib/python3.9/site-packages/airflow/example_dags/example_branch_operator_decorator.py
[2025-05-09 14:37:32,234] {logging_mixin.py:115} INFO - [2025-05-09 14:37:32,234] {dag.py:2379} INFO - Sync 1 DAGs
[2025-05-09 14:37:32,246] {logging_mixin.py:115} INFO - [2025-05-09 14:37:32,246] {dag.py:2927} INFO - Setting next_dagrun for example_branch_python_operator_decorator to 2025-05-08T00:00:00+00:00, run_after=2025-05-09T00:00:00+00:00
[2025-05-09 14:37:32,256] {processor.py:161} INFO - Processing /home/pedro/Documentos/airflow/venv/lib/python3.9/site-packages/airflow/example_dags/example_branch_operator_decorator.py took 0.058 seconds
[2025-05-09 14:38:05,420] {processor.py:153} INFO - Started process (PID=64636) to work on /home/pedro/Documentos/airflow/venv/lib/python3.9/site-packages/airflow/example_dags/example_branch_operator_decorator.py
[2025-05-09 14:38:05,433] {processor.py:641} INFO - Processing file /home/pedro/Documentos/airflow/venv/lib/python3.9/site-packages/airflow/example_dags/example_branch_operator_decorator.py for tasks to queue
[2025-05-09 14:38:05,433] {logging_mixin.py:115} INFO - [2025-05-09 14:38:05,433] {dagbag.py:507} INFO - Filling up the DagBag from /home/pedro/Documentos/airflow/venv/lib/python3.9/site-packages/airflow/example_dags/example_branch_operator_decorator.py
[2025-05-09 14:38:05,446] {processor.py:651} INFO - DAG(s) dict_keys(['example_branch_python_operator_decorator']) retrieved from /home/pedro/Documentos/airflow/venv/lib/python3.9/site-packages/airflow/example_dags/example_branch_operator_decorator.py
[2025-05-09 14:38:05,459] {logging_mixin.py:115} INFO - [2025-05-09 14:38:05,459] {dag.py:2379} INFO - Sync 1 DAGs
[2025-05-09 14:38:05,471] {logging_mixin.py:115} INFO - [2025-05-09 14:38:05,471] {dag.py:2927} INFO - Setting next_dagrun for example_branch_python_operator_decorator to 2025-05-08T00:00:00+00:00, run_after=2025-05-09T00:00:00+00:00
[2025-05-09 14:38:05,481] {processor.py:161} INFO - Processing /home/pedro/Documentos/airflow/venv/lib/python3.9/site-packages/airflow/example_dags/example_branch_operator_decorator.py took 0.063 seconds
[2025-05-09 14:38:40,350] {processor.py:153} INFO - Started process (PID=64993) to work on /home/pedro/Documentos/airflow/venv/lib/python3.9/site-packages/airflow/example_dags/example_branch_operator_decorator.py
[2025-05-09 14:38:40,362] {processor.py:641} INFO - Processing file /home/pedro/Documentos/airflow/venv/lib/python3.9/site-packages/airflow/example_dags/example_branch_operator_decorator.py for tasks to queue
[2025-05-09 14:38:40,363] {logging_mixin.py:115} INFO - [2025-05-09 14:38:40,363] {dagbag.py:507} INFO - Filling up the DagBag from /home/pedro/Documentos/airflow/venv/lib/python3.9/site-packages/airflow/example_dags/example_branch_operator_decorator.py
[2025-05-09 14:38:40,376] {processor.py:651} INFO - DAG(s) dict_keys(['example_branch_python_operator_decorator']) retrieved from /home/pedro/Documentos/airflow/venv/lib/python3.9/site-packages/airflow/example_dags/example_branch_operator_decorator.py
[2025-05-09 14:38:40,389] {logging_mixin.py:115} INFO - [2025-05-09 14:38:40,389] {dag.py:2379} INFO - Sync 1 DAGs
[2025-05-09 14:38:40,401] {logging_mixin.py:115} INFO - [2025-05-09 14:38:40,401] {dag.py:2927} INFO - Setting next_dagrun for example_branch_python_operator_decorator to 2025-05-08T00:00:00+00:00, run_after=2025-05-09T00:00:00+00:00
[2025-05-09 14:38:40,440] {processor.py:161} INFO - Processing /home/pedro/Documentos/airflow/venv/lib/python3.9/site-packages/airflow/example_dags/example_branch_operator_decorator.py took 0.093 seconds
[2025-05-09 14:39:18,418] {processor.py:153} INFO - Started process (PID=65438) to work on /home/pedro/Documentos/airflow/venv/lib/python3.9/site-packages/airflow/example_dags/example_branch_operator_decorator.py
[2025-05-09 14:39:18,430] {processor.py:641} INFO - Processing file /home/pedro/Documentos/airflow/venv/lib/python3.9/site-packages/airflow/example_dags/example_branch_operator_decorator.py for tasks to queue
[2025-05-09 14:39:18,431] {logging_mixin.py:115} INFO - [2025-05-09 14:39:18,431] {dagbag.py:507} INFO - Filling up the DagBag from /home/pedro/Documentos/airflow/venv/lib/python3.9/site-packages/airflow/example_dags/example_branch_operator_decorator.py
[2025-05-09 14:39:18,443] {processor.py:651} INFO - DAG(s) dict_keys(['example_branch_python_operator_decorator']) retrieved from /home/pedro/Documentos/airflow/venv/lib/python3.9/site-packages/airflow/example_dags/example_branch_operator_decorator.py
[2025-05-09 14:39:18,456] {logging_mixin.py:115} INFO - [2025-05-09 14:39:18,456] {dag.py:2379} INFO - Sync 1 DAGs
[2025-05-09 14:39:18,469] {logging_mixin.py:115} INFO - [2025-05-09 14:39:18,469] {dag.py:2927} INFO - Setting next_dagrun for example_branch_python_operator_decorator to 2025-05-08T00:00:00+00:00, run_after=2025-05-09T00:00:00+00:00
[2025-05-09 14:39:18,478] {processor.py:161} INFO - Processing /home/pedro/Documentos/airflow/venv/lib/python3.9/site-packages/airflow/example_dags/example_branch_operator_decorator.py took 0.062 seconds
[2025-05-09 14:39:50,227] {processor.py:153} INFO - Started process (PID=65628) to work on /home/pedro/Documentos/airflow/venv/lib/python3.9/site-packages/airflow/example_dags/example_branch_operator_decorator.py
[2025-05-09 14:39:50,227] {processor.py:641} INFO - Processing file /home/pedro/Documentos/airflow/venv/lib/python3.9/site-packages/airflow/example_dags/example_branch_operator_decorator.py for tasks to queue
[2025-05-09 14:39:50,228] {logging_mixin.py:115} INFO - [2025-05-09 14:39:50,228] {dagbag.py:507} INFO - Filling up the DagBag from /home/pedro/Documentos/airflow/venv/lib/python3.9/site-packages/airflow/example_dags/example_branch_operator_decorator.py
[2025-05-09 14:39:50,239] {processor.py:651} INFO - DAG(s) dict_keys(['example_branch_python_operator_decorator']) retrieved from /home/pedro/Documentos/airflow/venv/lib/python3.9/site-packages/airflow/example_dags/example_branch_operator_decorator.py
[2025-05-09 14:39:50,253] {logging_mixin.py:115} INFO - [2025-05-09 14:39:50,253] {dag.py:2379} INFO - Sync 1 DAGs
[2025-05-09 14:39:50,264] {logging_mixin.py:115} INFO - [2025-05-09 14:39:50,264] {dag.py:2927} INFO - Setting next_dagrun for example_branch_python_operator_decorator to 2025-05-08T00:00:00+00:00, run_after=2025-05-09T00:00:00+00:00
[2025-05-09 14:39:50,273] {processor.py:161} INFO - Processing /home/pedro/Documentos/airflow/venv/lib/python3.9/site-packages/airflow/example_dags/example_branch_operator_decorator.py took 0.048 seconds
[2025-05-09 14:40:25,635] {processor.py:153} INFO - Started process (PID=65883) to work on /home/pedro/Documentos/airflow/venv/lib/python3.9/site-packages/airflow/example_dags/example_branch_operator_decorator.py
[2025-05-09 14:40:25,647] {processor.py:641} INFO - Processing file /home/pedro/Documentos/airflow/venv/lib/python3.9/site-packages/airflow/example_dags/example_branch_operator_decorator.py for tasks to queue
[2025-05-09 14:40:25,647] {logging_mixin.py:115} INFO - [2025-05-09 14:40:25,647] {dagbag.py:507} INFO - Filling up the DagBag from /home/pedro/Documentos/airflow/venv/lib/python3.9/site-packages/airflow/example_dags/example_branch_operator_decorator.py
[2025-05-09 14:40:25,661] {processor.py:651} INFO - DAG(s) dict_keys(['example_branch_python_operator_decorator']) retrieved from /home/pedro/Documentos/airflow/venv/lib/python3.9/site-packages/airflow/example_dags/example_branch_operator_decorator.py
[2025-05-09 14:40:25,674] {logging_mixin.py:115} INFO - [2025-05-09 14:40:25,674] {dag.py:2379} INFO - Sync 1 DAGs
[2025-05-09 14:40:25,686] {logging_mixin.py:115} INFO - [2025-05-09 14:40:25,686] {dag.py:2927} INFO - Setting next_dagrun for example_branch_python_operator_decorator to 2025-05-08T00:00:00+00:00, run_after=2025-05-09T00:00:00+00:00
[2025-05-09 14:40:25,695] {processor.py:161} INFO - Processing /home/pedro/Documentos/airflow/venv/lib/python3.9/site-packages/airflow/example_dags/example_branch_operator_decorator.py took 0.063 seconds
[2025-05-09 14:40:58,598] {processor.py:153} INFO - Started process (PID=66400) to work on /home/pedro/Documentos/airflow/venv/lib/python3.9/site-packages/airflow/example_dags/example_branch_operator_decorator.py
[2025-05-09 14:40:58,610] {processor.py:641} INFO - Processing file /home/pedro/Documentos/airflow/venv/lib/python3.9/site-packages/airflow/example_dags/example_branch_operator_decorator.py for tasks to queue
[2025-05-09 14:40:58,610] {logging_mixin.py:115} INFO - [2025-05-09 14:40:58,610] {dagbag.py:507} INFO - Filling up the DagBag from /home/pedro/Documentos/airflow/venv/lib/python3.9/site-packages/airflow/example_dags/example_branch_operator_decorator.py
[2025-05-09 14:40:58,623] {processor.py:651} INFO - DAG(s) dict_keys(['example_branch_python_operator_decorator']) retrieved from /home/pedro/Documentos/airflow/venv/lib/python3.9/site-packages/airflow/example_dags/example_branch_operator_decorator.py
[2025-05-09 14:40:58,637] {logging_mixin.py:115} INFO - [2025-05-09 14:40:58,637] {dag.py:2379} INFO - Sync 1 DAGs
[2025-05-09 14:40:58,649] {logging_mixin.py:115} INFO - [2025-05-09 14:40:58,649] {dag.py:2927} INFO - Setting next_dagrun for example_branch_python_operator_decorator to 2025-05-08T00:00:00+00:00, run_after=2025-05-09T00:00:00+00:00
[2025-05-09 14:40:58,659] {processor.py:161} INFO - Processing /home/pedro/Documentos/airflow/venv/lib/python3.9/site-packages/airflow/example_dags/example_branch_operator_decorator.py took 0.064 seconds
[2025-05-09 14:41:34,200] {processor.py:153} INFO - Started process (PID=66837) to work on /home/pedro/Documentos/airflow/venv/lib/python3.9/site-packages/airflow/example_dags/example_branch_operator_decorator.py
[2025-05-09 14:41:34,212] {processor.py:641} INFO - Processing file /home/pedro/Documentos/airflow/venv/lib/python3.9/site-packages/airflow/example_dags/example_branch_operator_decorator.py for tasks to queue
[2025-05-09 14:41:34,212] {logging_mixin.py:115} INFO - [2025-05-09 14:41:34,212] {dagbag.py:507} INFO - Filling up the DagBag from /home/pedro/Documentos/airflow/venv/lib/python3.9/site-packages/airflow/example_dags/example_branch_operator_decorator.py
[2025-05-09 14:41:34,225] {processor.py:651} INFO - DAG(s) dict_keys(['example_branch_python_operator_decorator']) retrieved from /home/pedro/Documentos/airflow/venv/lib/python3.9/site-packages/airflow/example_dags/example_branch_operator_decorator.py
[2025-05-09 14:41:34,238] {logging_mixin.py:115} INFO - [2025-05-09 14:41:34,238] {dag.py:2379} INFO - Sync 1 DAGs
[2025-05-09 14:41:34,251] {logging_mixin.py:115} INFO - [2025-05-09 14:41:34,250] {dag.py:2927} INFO - Setting next_dagrun for example_branch_python_operator_decorator to 2025-05-08T00:00:00+00:00, run_after=2025-05-09T00:00:00+00:00
[2025-05-09 14:41:34,260] {processor.py:161} INFO - Processing /home/pedro/Documentos/airflow/venv/lib/python3.9/site-packages/airflow/example_dags/example_branch_operator_decorator.py took 0.063 seconds
[2025-05-09 14:42:10,555] {processor.py:153} INFO - Started process (PID=67050) to work on /home/pedro/Documentos/airflow/venv/lib/python3.9/site-packages/airflow/example_dags/example_branch_operator_decorator.py
[2025-05-09 14:42:10,568] {processor.py:641} INFO - Processing file /home/pedro/Documentos/airflow/venv/lib/python3.9/site-packages/airflow/example_dags/example_branch_operator_decorator.py for tasks to queue
[2025-05-09 14:42:10,568] {logging_mixin.py:115} INFO - [2025-05-09 14:42:10,568] {dagbag.py:507} INFO - Filling up the DagBag from /home/pedro/Documentos/airflow/venv/lib/python3.9/site-packages/airflow/example_dags/example_branch_operator_decorator.py
[2025-05-09 14:42:10,581] {processor.py:651} INFO - DAG(s) dict_keys(['example_branch_python_operator_decorator']) retrieved from /home/pedro/Documentos/airflow/venv/lib/python3.9/site-packages/airflow/example_dags/example_branch_operator_decorator.py
[2025-05-09 14:42:10,594] {logging_mixin.py:115} INFO - [2025-05-09 14:42:10,593] {dag.py:2379} INFO - Sync 1 DAGs
[2025-05-09 14:42:10,605] {logging_mixin.py:115} INFO - [2025-05-09 14:42:10,605] {dag.py:2927} INFO - Setting next_dagrun for example_branch_python_operator_decorator to 2025-05-08T00:00:00+00:00, run_after=2025-05-09T00:00:00+00:00
[2025-05-09 14:42:10,615] {processor.py:161} INFO - Processing /home/pedro/Documentos/airflow/venv/lib/python3.9/site-packages/airflow/example_dags/example_branch_operator_decorator.py took 0.062 seconds
[2025-05-09 14:42:44,471] {processor.py:153} INFO - Started process (PID=67254) to work on /home/pedro/Documentos/airflow/venv/lib/python3.9/site-packages/airflow/example_dags/example_branch_operator_decorator.py
[2025-05-09 14:42:44,483] {processor.py:641} INFO - Processing file /home/pedro/Documentos/airflow/venv/lib/python3.9/site-packages/airflow/example_dags/example_branch_operator_decorator.py for tasks to queue
[2025-05-09 14:42:44,484] {logging_mixin.py:115} INFO - [2025-05-09 14:42:44,484] {dagbag.py:507} INFO - Filling up the DagBag from /home/pedro/Documentos/airflow/venv/lib/python3.9/site-packages/airflow/example_dags/example_branch_operator_decorator.py
[2025-05-09 14:42:44,498] {processor.py:651} INFO - DAG(s) dict_keys(['example_branch_python_operator_decorator']) retrieved from /home/pedro/Documentos/airflow/venv/lib/python3.9/site-packages/airflow/example_dags/example_branch_operator_decorator.py
[2025-05-09 14:42:44,512] {logging_mixin.py:115} INFO - [2025-05-09 14:42:44,512] {dag.py:2379} INFO - Sync 1 DAGs
[2025-05-09 14:42:44,524] {logging_mixin.py:115} INFO - [2025-05-09 14:42:44,524] {dag.py:2927} INFO - Setting next_dagrun for example_branch_python_operator_decorator to 2025-05-08T00:00:00+00:00, run_after=2025-05-09T00:00:00+00:00
[2025-05-09 14:42:44,533] {processor.py:161} INFO - Processing /home/pedro/Documentos/airflow/venv/lib/python3.9/site-packages/airflow/example_dags/example_branch_operator_decorator.py took 0.064 seconds
[2025-05-09 14:43:19,294] {processor.py:153} INFO - Started process (PID=67486) to work on /home/pedro/Documentos/airflow/venv/lib/python3.9/site-packages/airflow/example_dags/example_branch_operator_decorator.py
[2025-05-09 14:43:19,307] {processor.py:641} INFO - Processing file /home/pedro/Documentos/airflow/venv/lib/python3.9/site-packages/airflow/example_dags/example_branch_operator_decorator.py for tasks to queue
[2025-05-09 14:43:19,307] {logging_mixin.py:115} INFO - [2025-05-09 14:43:19,307] {dagbag.py:507} INFO - Filling up the DagBag from /home/pedro/Documentos/airflow/venv/lib/python3.9/site-packages/airflow/example_dags/example_branch_operator_decorator.py
[2025-05-09 14:43:19,319] {processor.py:651} INFO - DAG(s) dict_keys(['example_branch_python_operator_decorator']) retrieved from /home/pedro/Documentos/airflow/venv/lib/python3.9/site-packages/airflow/example_dags/example_branch_operator_decorator.py
[2025-05-09 14:43:19,333] {logging_mixin.py:115} INFO - [2025-05-09 14:43:19,333] {dag.py:2379} INFO - Sync 1 DAGs
[2025-05-09 14:43:19,346] {logging_mixin.py:115} INFO - [2025-05-09 14:43:19,346] {dag.py:2927} INFO - Setting next_dagrun for example_branch_python_operator_decorator to 2025-05-08T00:00:00+00:00, run_after=2025-05-09T00:00:00+00:00
[2025-05-09 14:43:19,355] {processor.py:161} INFO - Processing /home/pedro/Documentos/airflow/venv/lib/python3.9/site-packages/airflow/example_dags/example_branch_operator_decorator.py took 0.063 seconds
[2025-05-09 14:43:55,250] {processor.py:153} INFO - Started process (PID=68162) to work on /home/pedro/Documentos/airflow/venv/lib/python3.9/site-packages/airflow/example_dags/example_branch_operator_decorator.py
[2025-05-09 14:43:55,262] {processor.py:641} INFO - Processing file /home/pedro/Documentos/airflow/venv/lib/python3.9/site-packages/airflow/example_dags/example_branch_operator_decorator.py for tasks to queue
[2025-05-09 14:43:55,263] {logging_mixin.py:115} INFO - [2025-05-09 14:43:55,263] {dagbag.py:507} INFO - Filling up the DagBag from /home/pedro/Documentos/airflow/venv/lib/python3.9/site-packages/airflow/example_dags/example_branch_operator_decorator.py
[2025-05-09 14:43:55,278] {processor.py:651} INFO - DAG(s) dict_keys(['example_branch_python_operator_decorator']) retrieved from /home/pedro/Documentos/airflow/venv/lib/python3.9/site-packages/airflow/example_dags/example_branch_operator_decorator.py
[2025-05-09 14:43:55,289] {logging_mixin.py:115} INFO - [2025-05-09 14:43:55,289] {dag.py:2379} INFO - Sync 1 DAGs
[2025-05-09 14:43:55,301] {logging_mixin.py:115} INFO - [2025-05-09 14:43:55,301] {dag.py:2927} INFO - Setting next_dagrun for example_branch_python_operator_decorator to 2025-05-08T00:00:00+00:00, run_after=2025-05-09T00:00:00+00:00
[2025-05-09 14:43:55,310] {processor.py:161} INFO - Processing /home/pedro/Documentos/airflow/venv/lib/python3.9/site-packages/airflow/example_dags/example_branch_operator_decorator.py took 0.062 seconds
[2025-05-09 14:44:27,228] {processor.py:153} INFO - Started process (PID=68360) to work on /home/pedro/Documentos/airflow/venv/lib/python3.9/site-packages/airflow/example_dags/example_branch_operator_decorator.py
[2025-05-09 14:44:27,241] {processor.py:641} INFO - Processing file /home/pedro/Documentos/airflow/venv/lib/python3.9/site-packages/airflow/example_dags/example_branch_operator_decorator.py for tasks to queue
[2025-05-09 14:44:27,241] {logging_mixin.py:115} INFO - [2025-05-09 14:44:27,241] {dagbag.py:507} INFO - Filling up the DagBag from /home/pedro/Documentos/airflow/venv/lib/python3.9/site-packages/airflow/example_dags/example_branch_operator_decorator.py
[2025-05-09 14:44:27,255] {processor.py:651} INFO - DAG(s) dict_keys(['example_branch_python_operator_decorator']) retrieved from /home/pedro/Documentos/airflow/venv/lib/python3.9/site-packages/airflow/example_dags/example_branch_operator_decorator.py
[2025-05-09 14:44:27,266] {logging_mixin.py:115} INFO - [2025-05-09 14:44:27,266] {dag.py:2379} INFO - Sync 1 DAGs
[2025-05-09 14:44:27,278] {logging_mixin.py:115} INFO - [2025-05-09 14:44:27,278] {dag.py:2927} INFO - Setting next_dagrun for example_branch_python_operator_decorator to 2025-05-08T00:00:00+00:00, run_after=2025-05-09T00:00:00+00:00
[2025-05-09 14:44:27,287] {processor.py:161} INFO - Processing /home/pedro/Documentos/airflow/venv/lib/python3.9/site-packages/airflow/example_dags/example_branch_operator_decorator.py took 0.061 seconds
[2025-05-09 14:45:02,764] {processor.py:153} INFO - Started process (PID=68596) to work on /home/pedro/Documentos/airflow/venv/lib/python3.9/site-packages/airflow/example_dags/example_branch_operator_decorator.py
[2025-05-09 14:45:02,764] {processor.py:641} INFO - Processing file /home/pedro/Documentos/airflow/venv/lib/python3.9/site-packages/airflow/example_dags/example_branch_operator_decorator.py for tasks to queue
[2025-05-09 14:45:02,765] {logging_mixin.py:115} INFO - [2025-05-09 14:45:02,765] {dagbag.py:507} INFO - Filling up the DagBag from /home/pedro/Documentos/airflow/venv/lib/python3.9/site-packages/airflow/example_dags/example_branch_operator_decorator.py
[2025-05-09 14:45:02,780] {processor.py:651} INFO - DAG(s) dict_keys(['example_branch_python_operator_decorator']) retrieved from /home/pedro/Documentos/airflow/venv/lib/python3.9/site-packages/airflow/example_dags/example_branch_operator_decorator.py
[2025-05-09 14:45:02,791] {logging_mixin.py:115} INFO - [2025-05-09 14:45:02,790] {dag.py:2379} INFO - Sync 1 DAGs
[2025-05-09 14:45:02,803] {logging_mixin.py:115} INFO - [2025-05-09 14:45:02,803] {dag.py:2927} INFO - Setting next_dagrun for example_branch_python_operator_decorator to 2025-05-08T00:00:00+00:00, run_after=2025-05-09T00:00:00+00:00
[2025-05-09 14:45:02,814] {processor.py:161} INFO - Processing /home/pedro/Documentos/airflow/venv/lib/python3.9/site-packages/airflow/example_dags/example_branch_operator_decorator.py took 0.053 seconds
[2025-05-09 14:45:35,741] {processor.py:153} INFO - Started process (PID=68786) to work on /home/pedro/Documentos/airflow/venv/lib/python3.9/site-packages/airflow/example_dags/example_branch_operator_decorator.py
[2025-05-09 14:45:35,741] {processor.py:641} INFO - Processing file /home/pedro/Documentos/airflow/venv/lib/python3.9/site-packages/airflow/example_dags/example_branch_operator_decorator.py for tasks to queue
[2025-05-09 14:45:35,742] {logging_mixin.py:115} INFO - [2025-05-09 14:45:35,742] {dagbag.py:507} INFO - Filling up the DagBag from /home/pedro/Documentos/airflow/venv/lib/python3.9/site-packages/airflow/example_dags/example_branch_operator_decorator.py
[2025-05-09 14:45:35,756] {processor.py:651} INFO - DAG(s) dict_keys(['example_branch_python_operator_decorator']) retrieved from /home/pedro/Documentos/airflow/venv/lib/python3.9/site-packages/airflow/example_dags/example_branch_operator_decorator.py
[2025-05-09 14:45:35,767] {logging_mixin.py:115} INFO - [2025-05-09 14:45:35,767] {dag.py:2379} INFO - Sync 1 DAGs
[2025-05-09 14:45:35,780] {logging_mixin.py:115} INFO - [2025-05-09 14:45:35,780] {dag.py:2927} INFO - Setting next_dagrun for example_branch_python_operator_decorator to 2025-05-08T00:00:00+00:00, run_after=2025-05-09T00:00:00+00:00
[2025-05-09 14:45:35,791] {processor.py:161} INFO - Processing /home/pedro/Documentos/airflow/venv/lib/python3.9/site-packages/airflow/example_dags/example_branch_operator_decorator.py took 0.052 seconds
[2025-05-09 14:46:14,817] {processor.py:153} INFO - Started process (PID=69031) to work on /home/pedro/Documentos/airflow/venv/lib/python3.9/site-packages/airflow/example_dags/example_branch_operator_decorator.py
[2025-05-09 14:46:14,830] {processor.py:641} INFO - Processing file /home/pedro/Documentos/airflow/venv/lib/python3.9/site-packages/airflow/example_dags/example_branch_operator_decorator.py for tasks to queue
[2025-05-09 14:46:14,830] {logging_mixin.py:115} INFO - [2025-05-09 14:46:14,830] {dagbag.py:507} INFO - Filling up the DagBag from /home/pedro/Documentos/airflow/venv/lib/python3.9/site-packages/airflow/example_dags/example_branch_operator_decorator.py
[2025-05-09 14:46:14,845] {processor.py:651} INFO - DAG(s) dict_keys(['example_branch_python_operator_decorator']) retrieved from /home/pedro/Documentos/airflow/venv/lib/python3.9/site-packages/airflow/example_dags/example_branch_operator_decorator.py
[2025-05-09 14:46:14,856] {logging_mixin.py:115} INFO - [2025-05-09 14:46:14,856] {dag.py:2379} INFO - Sync 1 DAGs
[2025-05-09 14:46:14,869] {logging_mixin.py:115} INFO - [2025-05-09 14:46:14,869] {dag.py:2927} INFO - Setting next_dagrun for example_branch_python_operator_decorator to 2025-05-08T00:00:00+00:00, run_after=2025-05-09T00:00:00+00:00
[2025-05-09 14:46:14,879] {processor.py:161} INFO - Processing /home/pedro/Documentos/airflow/venv/lib/python3.9/site-packages/airflow/example_dags/example_branch_operator_decorator.py took 0.064 seconds
[2025-05-09 14:46:47,785] {processor.py:153} INFO - Started process (PID=69311) to work on /home/pedro/Documentos/airflow/venv/lib/python3.9/site-packages/airflow/example_dags/example_branch_operator_decorator.py
[2025-05-09 14:46:47,798] {processor.py:641} INFO - Processing file /home/pedro/Documentos/airflow/venv/lib/python3.9/site-packages/airflow/example_dags/example_branch_operator_decorator.py for tasks to queue
[2025-05-09 14:46:47,798] {logging_mixin.py:115} INFO - [2025-05-09 14:46:47,798] {dagbag.py:507} INFO - Filling up the DagBag from /home/pedro/Documentos/airflow/venv/lib/python3.9/site-packages/airflow/example_dags/example_branch_operator_decorator.py
[2025-05-09 14:46:47,813] {processor.py:651} INFO - DAG(s) dict_keys(['example_branch_python_operator_decorator']) retrieved from /home/pedro/Documentos/airflow/venv/lib/python3.9/site-packages/airflow/example_dags/example_branch_operator_decorator.py
[2025-05-09 14:46:47,824] {logging_mixin.py:115} INFO - [2025-05-09 14:46:47,824] {dag.py:2379} INFO - Sync 1 DAGs
[2025-05-09 14:46:47,838] {logging_mixin.py:115} INFO - [2025-05-09 14:46:47,838] {dag.py:2927} INFO - Setting next_dagrun for example_branch_python_operator_decorator to 2025-05-08T00:00:00+00:00, run_after=2025-05-09T00:00:00+00:00
[2025-05-09 14:46:47,847] {processor.py:161} INFO - Processing /home/pedro/Documentos/airflow/venv/lib/python3.9/site-packages/airflow/example_dags/example_branch_operator_decorator.py took 0.064 seconds
[2025-05-09 14:47:22,504] {processor.py:153} INFO - Started process (PID=69893) to work on /home/pedro/Documentos/airflow/venv/lib/python3.9/site-packages/airflow/example_dags/example_branch_operator_decorator.py
[2025-05-09 14:47:22,516] {processor.py:641} INFO - Processing file /home/pedro/Documentos/airflow/venv/lib/python3.9/site-packages/airflow/example_dags/example_branch_operator_decorator.py for tasks to queue
[2025-05-09 14:47:22,517] {logging_mixin.py:115} INFO - [2025-05-09 14:47:22,517] {dagbag.py:507} INFO - Filling up the DagBag from /home/pedro/Documentos/airflow/venv/lib/python3.9/site-packages/airflow/example_dags/example_branch_operator_decorator.py
[2025-05-09 14:47:22,531] {processor.py:651} INFO - DAG(s) dict_keys(['example_branch_python_operator_decorator']) retrieved from /home/pedro/Documentos/airflow/venv/lib/python3.9/site-packages/airflow/example_dags/example_branch_operator_decorator.py
[2025-05-09 14:47:22,542] {logging_mixin.py:115} INFO - [2025-05-09 14:47:22,542] {dag.py:2379} INFO - Sync 1 DAGs
[2025-05-09 14:47:22,555] {logging_mixin.py:115} INFO - [2025-05-09 14:47:22,555] {dag.py:2927} INFO - Setting next_dagrun for example_branch_python_operator_decorator to 2025-05-08T00:00:00+00:00, run_after=2025-05-09T00:00:00+00:00
[2025-05-09 14:47:22,565] {processor.py:161} INFO - Processing /home/pedro/Documentos/airflow/venv/lib/python3.9/site-packages/airflow/example_dags/example_branch_operator_decorator.py took 0.063 seconds
[2025-05-09 14:48:00,681] {processor.py:153} INFO - Started process (PID=70132) to work on /home/pedro/Documentos/airflow/venv/lib/python3.9/site-packages/airflow/example_dags/example_branch_operator_decorator.py
[2025-05-09 14:48:00,694] {processor.py:641} INFO - Processing file /home/pedro/Documentos/airflow/venv/lib/python3.9/site-packages/airflow/example_dags/example_branch_operator_decorator.py for tasks to queue
[2025-05-09 14:48:00,694] {logging_mixin.py:115} INFO - [2025-05-09 14:48:00,694] {dagbag.py:507} INFO - Filling up the DagBag from /home/pedro/Documentos/airflow/venv/lib/python3.9/site-packages/airflow/example_dags/example_branch_operator_decorator.py
[2025-05-09 14:48:00,708] {processor.py:651} INFO - DAG(s) dict_keys(['example_branch_python_operator_decorator']) retrieved from /home/pedro/Documentos/airflow/venv/lib/python3.9/site-packages/airflow/example_dags/example_branch_operator_decorator.py
[2025-05-09 14:48:00,720] {logging_mixin.py:115} INFO - [2025-05-09 14:48:00,720] {dag.py:2379} INFO - Sync 1 DAGs
[2025-05-09 14:48:00,732] {logging_mixin.py:115} INFO - [2025-05-09 14:48:00,732] {dag.py:2927} INFO - Setting next_dagrun for example_branch_python_operator_decorator to 2025-05-08T00:00:00+00:00, run_after=2025-05-09T00:00:00+00:00
[2025-05-09 14:48:00,742] {processor.py:161} INFO - Processing /home/pedro/Documentos/airflow/venv/lib/python3.9/site-packages/airflow/example_dags/example_branch_operator_decorator.py took 0.063 seconds
[2025-05-09 14:48:35,878] {processor.py:153} INFO - Started process (PID=70405) to work on /home/pedro/Documentos/airflow/venv/lib/python3.9/site-packages/airflow/example_dags/example_branch_operator_decorator.py
[2025-05-09 14:48:35,890] {processor.py:641} INFO - Processing file /home/pedro/Documentos/airflow/venv/lib/python3.9/site-packages/airflow/example_dags/example_branch_operator_decorator.py for tasks to queue
[2025-05-09 14:48:35,891] {logging_mixin.py:115} INFO - [2025-05-09 14:48:35,891] {dagbag.py:507} INFO - Filling up the DagBag from /home/pedro/Documentos/airflow/venv/lib/python3.9/site-packages/airflow/example_dags/example_branch_operator_decorator.py
[2025-05-09 14:48:35,905] {processor.py:651} INFO - DAG(s) dict_keys(['example_branch_python_operator_decorator']) retrieved from /home/pedro/Documentos/airflow/venv/lib/python3.9/site-packages/airflow/example_dags/example_branch_operator_decorator.py
[2025-05-09 14:48:35,916] {logging_mixin.py:115} INFO - [2025-05-09 14:48:35,916] {dag.py:2379} INFO - Sync 1 DAGs
[2025-05-09 14:48:35,928] {logging_mixin.py:115} INFO - [2025-05-09 14:48:35,928] {dag.py:2927} INFO - Setting next_dagrun for example_branch_python_operator_decorator to 2025-05-08T00:00:00+00:00, run_after=2025-05-09T00:00:00+00:00
[2025-05-09 14:48:35,939] {processor.py:161} INFO - Processing /home/pedro/Documentos/airflow/venv/lib/python3.9/site-packages/airflow/example_dags/example_branch_operator_decorator.py took 0.063 seconds
[2025-05-09 14:49:09,514] {processor.py:153} INFO - Started process (PID=70655) to work on /home/pedro/Documentos/airflow/venv/lib/python3.9/site-packages/airflow/example_dags/example_branch_operator_decorator.py
[2025-05-09 14:49:09,526] {processor.py:641} INFO - Processing file /home/pedro/Documentos/airflow/venv/lib/python3.9/site-packages/airflow/example_dags/example_branch_operator_decorator.py for tasks to queue
[2025-05-09 14:49:09,527] {logging_mixin.py:115} INFO - [2025-05-09 14:49:09,527] {dagbag.py:507} INFO - Filling up the DagBag from /home/pedro/Documentos/airflow/venv/lib/python3.9/site-packages/airflow/example_dags/example_branch_operator_decorator.py
[2025-05-09 14:49:09,541] {processor.py:651} INFO - DAG(s) dict_keys(['example_branch_python_operator_decorator']) retrieved from /home/pedro/Documentos/airflow/venv/lib/python3.9/site-packages/airflow/example_dags/example_branch_operator_decorator.py
[2025-05-09 14:49:09,553] {logging_mixin.py:115} INFO - [2025-05-09 14:49:09,553] {dag.py:2379} INFO - Sync 1 DAGs
[2025-05-09 14:49:09,566] {logging_mixin.py:115} INFO - [2025-05-09 14:49:09,565] {dag.py:2927} INFO - Setting next_dagrun for example_branch_python_operator_decorator to 2025-05-08T00:00:00+00:00, run_after=2025-05-09T00:00:00+00:00
[2025-05-09 14:49:09,575] {processor.py:161} INFO - Processing /home/pedro/Documentos/airflow/venv/lib/python3.9/site-packages/airflow/example_dags/example_branch_operator_decorator.py took 0.063 seconds
[2025-05-09 14:49:44,650] {processor.py:153} INFO - Started process (PID=70876) to work on /home/pedro/Documentos/airflow/venv/lib/python3.9/site-packages/airflow/example_dags/example_branch_operator_decorator.py
[2025-05-09 14:49:44,662] {processor.py:641} INFO - Processing file /home/pedro/Documentos/airflow/venv/lib/python3.9/site-packages/airflow/example_dags/example_branch_operator_decorator.py for tasks to queue
[2025-05-09 14:49:44,663] {logging_mixin.py:115} INFO - [2025-05-09 14:49:44,663] {dagbag.py:507} INFO - Filling up the DagBag from /home/pedro/Documentos/airflow/venv/lib/python3.9/site-packages/airflow/example_dags/example_branch_operator_decorator.py
[2025-05-09 14:49:44,678] {processor.py:651} INFO - DAG(s) dict_keys(['example_branch_python_operator_decorator']) retrieved from /home/pedro/Documentos/airflow/venv/lib/python3.9/site-packages/airflow/example_dags/example_branch_operator_decorator.py
[2025-05-09 14:49:44,691] {logging_mixin.py:115} INFO - [2025-05-09 14:49:44,690] {dag.py:2379} INFO - Sync 1 DAGs
[2025-05-09 14:49:44,702] {logging_mixin.py:115} INFO - [2025-05-09 14:49:44,702] {dag.py:2927} INFO - Setting next_dagrun for example_branch_python_operator_decorator to 2025-05-08T00:00:00+00:00, run_after=2025-05-09T00:00:00+00:00
[2025-05-09 14:49:44,712] {processor.py:161} INFO - Processing /home/pedro/Documentos/airflow/venv/lib/python3.9/site-packages/airflow/example_dags/example_branch_operator_decorator.py took 0.064 seconds
[2025-05-09 14:50:20,567] {processor.py:153} INFO - Started process (PID=71181) to work on /home/pedro/Documentos/airflow/venv/lib/python3.9/site-packages/airflow/example_dags/example_branch_operator_decorator.py
[2025-05-09 14:50:20,579] {processor.py:641} INFO - Processing file /home/pedro/Documentos/airflow/venv/lib/python3.9/site-packages/airflow/example_dags/example_branch_operator_decorator.py for tasks to queue
[2025-05-09 14:50:20,580] {logging_mixin.py:115} INFO - [2025-05-09 14:50:20,580] {dagbag.py:507} INFO - Filling up the DagBag from /home/pedro/Documentos/airflow/venv/lib/python3.9/site-packages/airflow/example_dags/example_branch_operator_decorator.py
[2025-05-09 14:50:20,594] {processor.py:651} INFO - DAG(s) dict_keys(['example_branch_python_operator_decorator']) retrieved from /home/pedro/Documentos/airflow/venv/lib/python3.9/site-packages/airflow/example_dags/example_branch_operator_decorator.py
[2025-05-09 14:50:20,605] {logging_mixin.py:115} INFO - [2025-05-09 14:50:20,605] {dag.py:2379} INFO - Sync 1 DAGs
[2025-05-09 14:50:20,618] {logging_mixin.py:115} INFO - [2025-05-09 14:50:20,618] {dag.py:2927} INFO - Setting next_dagrun for example_branch_python_operator_decorator to 2025-05-08T00:00:00+00:00, run_after=2025-05-09T00:00:00+00:00
[2025-05-09 14:50:20,628] {processor.py:161} INFO - Processing /home/pedro/Documentos/airflow/venv/lib/python3.9/site-packages/airflow/example_dags/example_branch_operator_decorator.py took 0.063 seconds
[2025-05-09 14:50:57,385] {processor.py:153} INFO - Started process (PID=71398) to work on /home/pedro/Documentos/airflow/venv/lib/python3.9/site-packages/airflow/example_dags/example_branch_operator_decorator.py
[2025-05-09 14:50:57,397] {processor.py:641} INFO - Processing file /home/pedro/Documentos/airflow/venv/lib/python3.9/site-packages/airflow/example_dags/example_branch_operator_decorator.py for tasks to queue
[2025-05-09 14:50:57,397] {logging_mixin.py:115} INFO - [2025-05-09 14:50:57,397] {dagbag.py:507} INFO - Filling up the DagBag from /home/pedro/Documentos/airflow/venv/lib/python3.9/site-packages/airflow/example_dags/example_branch_operator_decorator.py
[2025-05-09 14:50:57,411] {processor.py:651} INFO - DAG(s) dict_keys(['example_branch_python_operator_decorator']) retrieved from /home/pedro/Documentos/airflow/venv/lib/python3.9/site-packages/airflow/example_dags/example_branch_operator_decorator.py
[2025-05-09 14:50:57,422] {logging_mixin.py:115} INFO - [2025-05-09 14:50:57,422] {dag.py:2379} INFO - Sync 1 DAGs
[2025-05-09 14:50:57,434] {logging_mixin.py:115} INFO - [2025-05-09 14:50:57,434] {dag.py:2927} INFO - Setting next_dagrun for example_branch_python_operator_decorator to 2025-05-08T00:00:00+00:00, run_after=2025-05-09T00:00:00+00:00
[2025-05-09 14:50:57,443] {processor.py:161} INFO - Processing /home/pedro/Documentos/airflow/venv/lib/python3.9/site-packages/airflow/example_dags/example_branch_operator_decorator.py took 0.060 seconds
[2025-05-09 14:51:30,457] {processor.py:153} INFO - Started process (PID=71605) to work on /home/pedro/Documentos/airflow/venv/lib/python3.9/site-packages/airflow/example_dags/example_branch_operator_decorator.py
[2025-05-09 14:51:30,469] {processor.py:641} INFO - Processing file /home/pedro/Documentos/airflow/venv/lib/python3.9/site-packages/airflow/example_dags/example_branch_operator_decorator.py for tasks to queue
[2025-05-09 14:51:30,469] {logging_mixin.py:115} INFO - [2025-05-09 14:51:30,469] {dagbag.py:507} INFO - Filling up the DagBag from /home/pedro/Documentos/airflow/venv/lib/python3.9/site-packages/airflow/example_dags/example_branch_operator_decorator.py
[2025-05-09 14:51:30,483] {processor.py:651} INFO - DAG(s) dict_keys(['example_branch_python_operator_decorator']) retrieved from /home/pedro/Documentos/airflow/venv/lib/python3.9/site-packages/airflow/example_dags/example_branch_operator_decorator.py
[2025-05-09 14:51:30,495] {logging_mixin.py:115} INFO - [2025-05-09 14:51:30,494] {dag.py:2379} INFO - Sync 1 DAGs
[2025-05-09 14:51:30,506] {logging_mixin.py:115} INFO - [2025-05-09 14:51:30,506] {dag.py:2927} INFO - Setting next_dagrun for example_branch_python_operator_decorator to 2025-05-08T00:00:00+00:00, run_after=2025-05-09T00:00:00+00:00
[2025-05-09 14:51:30,516] {processor.py:161} INFO - Processing /home/pedro/Documentos/airflow/venv/lib/python3.9/site-packages/airflow/example_dags/example_branch_operator_decorator.py took 0.061 seconds
[2025-05-09 14:52:08,766] {processor.py:153} INFO - Started process (PID=71981) to work on /home/pedro/Documentos/airflow/venv/lib/python3.9/site-packages/airflow/example_dags/example_branch_operator_decorator.py
[2025-05-09 14:52:08,779] {processor.py:641} INFO - Processing file /home/pedro/Documentos/airflow/venv/lib/python3.9/site-packages/airflow/example_dags/example_branch_operator_decorator.py for tasks to queue
[2025-05-09 14:52:08,779] {logging_mixin.py:115} INFO - [2025-05-09 14:52:08,779] {dagbag.py:507} INFO - Filling up the DagBag from /home/pedro/Documentos/airflow/venv/lib/python3.9/site-packages/airflow/example_dags/example_branch_operator_decorator.py
[2025-05-09 14:52:08,794] {processor.py:651} INFO - DAG(s) dict_keys(['example_branch_python_operator_decorator']) retrieved from /home/pedro/Documentos/airflow/venv/lib/python3.9/site-packages/airflow/example_dags/example_branch_operator_decorator.py
[2025-05-09 14:52:08,805] {logging_mixin.py:115} INFO - [2025-05-09 14:52:08,805] {dag.py:2379} INFO - Sync 1 DAGs
[2025-05-09 14:52:08,818] {logging_mixin.py:115} INFO - [2025-05-09 14:52:08,818] {dag.py:2927} INFO - Setting next_dagrun for example_branch_python_operator_decorator to 2025-05-08T00:00:00+00:00, run_after=2025-05-09T00:00:00+00:00
[2025-05-09 14:52:08,828] {processor.py:161} INFO - Processing /home/pedro/Documentos/airflow/venv/lib/python3.9/site-packages/airflow/example_dags/example_branch_operator_decorator.py took 0.064 seconds
[2025-05-09 14:52:43,508] {processor.py:153} INFO - Started process (PID=72497) to work on /home/pedro/Documentos/airflow/venv/lib/python3.9/site-packages/airflow/example_dags/example_branch_operator_decorator.py
[2025-05-09 14:52:43,521] {processor.py:641} INFO - Processing file /home/pedro/Documentos/airflow/venv/lib/python3.9/site-packages/airflow/example_dags/example_branch_operator_decorator.py for tasks to queue
[2025-05-09 14:52:43,521] {logging_mixin.py:115} INFO - [2025-05-09 14:52:43,521] {dagbag.py:507} INFO - Filling up the DagBag from /home/pedro/Documentos/airflow/venv/lib/python3.9/site-packages/airflow/example_dags/example_branch_operator_decorator.py
[2025-05-09 14:52:43,536] {processor.py:651} INFO - DAG(s) dict_keys(['example_branch_python_operator_decorator']) retrieved from /home/pedro/Documentos/airflow/venv/lib/python3.9/site-packages/airflow/example_dags/example_branch_operator_decorator.py
[2025-05-09 14:52:43,547] {logging_mixin.py:115} INFO - [2025-05-09 14:52:43,547] {dag.py:2379} INFO - Sync 1 DAGs
[2025-05-09 14:52:43,559] {logging_mixin.py:115} INFO - [2025-05-09 14:52:43,559] {dag.py:2927} INFO - Setting next_dagrun for example_branch_python_operator_decorator to 2025-05-08T00:00:00+00:00, run_after=2025-05-09T00:00:00+00:00
[2025-05-09 14:52:43,569] {processor.py:161} INFO - Processing /home/pedro/Documentos/airflow/venv/lib/python3.9/site-packages/airflow/example_dags/example_branch_operator_decorator.py took 0.063 seconds
[2025-05-09 14:53:17,227] {processor.py:153} INFO - Started process (PID=72802) to work on /home/pedro/Documentos/airflow/venv/lib/python3.9/site-packages/airflow/example_dags/example_branch_operator_decorator.py
[2025-05-09 14:53:17,239] {processor.py:641} INFO - Processing file /home/pedro/Documentos/airflow/venv/lib/python3.9/site-packages/airflow/example_dags/example_branch_operator_decorator.py for tasks to queue
[2025-05-09 14:53:17,240] {logging_mixin.py:115} INFO - [2025-05-09 14:53:17,240] {dagbag.py:507} INFO - Filling up the DagBag from /home/pedro/Documentos/airflow/venv/lib/python3.9/site-packages/airflow/example_dags/example_branch_operator_decorator.py
[2025-05-09 14:53:17,255] {processor.py:651} INFO - DAG(s) dict_keys(['example_branch_python_operator_decorator']) retrieved from /home/pedro/Documentos/airflow/venv/lib/python3.9/site-packages/airflow/example_dags/example_branch_operator_decorator.py
[2025-05-09 14:53:17,266] {logging_mixin.py:115} INFO - [2025-05-09 14:53:17,266] {dag.py:2379} INFO - Sync 1 DAGs
[2025-05-09 14:53:17,279] {logging_mixin.py:115} INFO - [2025-05-09 14:53:17,279] {dag.py:2927} INFO - Setting next_dagrun for example_branch_python_operator_decorator to 2025-05-08T00:00:00+00:00, run_after=2025-05-09T00:00:00+00:00
[2025-05-09 14:53:17,289] {processor.py:161} INFO - Processing /home/pedro/Documentos/airflow/venv/lib/python3.9/site-packages/airflow/example_dags/example_branch_operator_decorator.py took 0.064 seconds
[2025-05-09 14:53:52,996] {processor.py:153} INFO - Started process (PID=74050) to work on /home/pedro/Documentos/airflow/venv/lib/python3.9/site-packages/airflow/example_dags/example_branch_operator_decorator.py
[2025-05-09 14:53:53,008] {processor.py:641} INFO - Processing file /home/pedro/Documentos/airflow/venv/lib/python3.9/site-packages/airflow/example_dags/example_branch_operator_decorator.py for tasks to queue
[2025-05-09 14:53:53,008] {logging_mixin.py:115} INFO - [2025-05-09 14:53:53,008] {dagbag.py:507} INFO - Filling up the DagBag from /home/pedro/Documentos/airflow/venv/lib/python3.9/site-packages/airflow/example_dags/example_branch_operator_decorator.py
[2025-05-09 14:53:53,024] {processor.py:651} INFO - DAG(s) dict_keys(['example_branch_python_operator_decorator']) retrieved from /home/pedro/Documentos/airflow/venv/lib/python3.9/site-packages/airflow/example_dags/example_branch_operator_decorator.py
[2025-05-09 14:53:53,037] {logging_mixin.py:115} INFO - [2025-05-09 14:53:53,037] {dag.py:2379} INFO - Sync 1 DAGs
[2025-05-09 14:53:53,052] {logging_mixin.py:115} INFO - [2025-05-09 14:53:53,052] {dag.py:2927} INFO - Setting next_dagrun for example_branch_python_operator_decorator to 2025-05-08T00:00:00+00:00, run_after=2025-05-09T00:00:00+00:00
[2025-05-09 14:53:53,062] {processor.py:161} INFO - Processing /home/pedro/Documentos/airflow/venv/lib/python3.9/site-packages/airflow/example_dags/example_branch_operator_decorator.py took 0.069 seconds
[2025-05-09 14:54:26,242] {processor.py:153} INFO - Started process (PID=74336) to work on /home/pedro/Documentos/airflow/venv/lib/python3.9/site-packages/airflow/example_dags/example_branch_operator_decorator.py
[2025-05-09 14:54:26,255] {processor.py:641} INFO - Processing file /home/pedro/Documentos/airflow/venv/lib/python3.9/site-packages/airflow/example_dags/example_branch_operator_decorator.py for tasks to queue
[2025-05-09 14:54:26,255] {logging_mixin.py:115} INFO - [2025-05-09 14:54:26,255] {dagbag.py:507} INFO - Filling up the DagBag from /home/pedro/Documentos/airflow/venv/lib/python3.9/site-packages/airflow/example_dags/example_branch_operator_decorator.py
[2025-05-09 14:54:26,270] {processor.py:651} INFO - DAG(s) dict_keys(['example_branch_python_operator_decorator']) retrieved from /home/pedro/Documentos/airflow/venv/lib/python3.9/site-packages/airflow/example_dags/example_branch_operator_decorator.py
[2025-05-09 14:54:26,281] {logging_mixin.py:115} INFO - [2025-05-09 14:54:26,281] {dag.py:2379} INFO - Sync 1 DAGs
[2025-05-09 14:54:26,294] {logging_mixin.py:115} INFO - [2025-05-09 14:54:26,293] {dag.py:2927} INFO - Setting next_dagrun for example_branch_python_operator_decorator to 2025-05-08T00:00:00+00:00, run_after=2025-05-09T00:00:00+00:00
[2025-05-09 14:54:26,304] {processor.py:161} INFO - Processing /home/pedro/Documentos/airflow/venv/lib/python3.9/site-packages/airflow/example_dags/example_branch_operator_decorator.py took 0.064 seconds
[2025-05-09 14:54:59,359] {processor.py:153} INFO - Started process (PID=74533) to work on /home/pedro/Documentos/airflow/venv/lib/python3.9/site-packages/airflow/example_dags/example_branch_operator_decorator.py
[2025-05-09 14:54:59,371] {processor.py:641} INFO - Processing file /home/pedro/Documentos/airflow/venv/lib/python3.9/site-packages/airflow/example_dags/example_branch_operator_decorator.py for tasks to queue
[2025-05-09 14:54:59,372] {logging_mixin.py:115} INFO - [2025-05-09 14:54:59,372] {dagbag.py:507} INFO - Filling up the DagBag from /home/pedro/Documentos/airflow/venv/lib/python3.9/site-packages/airflow/example_dags/example_branch_operator_decorator.py
[2025-05-09 14:54:59,387] {processor.py:651} INFO - DAG(s) dict_keys(['example_branch_python_operator_decorator']) retrieved from /home/pedro/Documentos/airflow/venv/lib/python3.9/site-packages/airflow/example_dags/example_branch_operator_decorator.py
[2025-05-09 14:54:59,398] {logging_mixin.py:115} INFO - [2025-05-09 14:54:59,398] {dag.py:2379} INFO - Sync 1 DAGs
[2025-05-09 14:54:59,411] {logging_mixin.py:115} INFO - [2025-05-09 14:54:59,410] {dag.py:2927} INFO - Setting next_dagrun for example_branch_python_operator_decorator to 2025-05-08T00:00:00+00:00, run_after=2025-05-09T00:00:00+00:00
[2025-05-09 14:54:59,420] {processor.py:161} INFO - Processing /home/pedro/Documentos/airflow/venv/lib/python3.9/site-packages/airflow/example_dags/example_branch_operator_decorator.py took 0.063 seconds
