[2025-05-09 14:34:02,445] {processor.py:153} INFO - Started process (PID=61745) to work on /home/pedro/Documentos/airflow/venv/lib/python3.9/site-packages/airflow/example_dags/example_nested_branch_dag.py
[2025-05-09 14:34:02,446] {processor.py:641} INFO - Processing file /home/pedro/Documentos/airflow/venv/lib/python3.9/site-packages/airflow/example_dags/example_nested_branch_dag.py for tasks to queue
[2025-05-09 14:34:02,446] {logging_mixin.py:115} INFO - [2025-05-09 14:34:02,446] {dagbag.py:507} INFO - Filling up the DagBag from /home/pedro/Documentos/airflow/venv/lib/python3.9/site-packages/airflow/example_dags/example_nested_branch_dag.py
[2025-05-09 14:34:02,452] {processor.py:651} INFO - DAG(s) dict_keys(['example_nested_branch_dag']) retrieved from /home/pedro/Documentos/airflow/venv/lib/python3.9/site-packages/airflow/example_dags/example_nested_branch_dag.py
[2025-05-09 14:34:02,498] {logging_mixin.py:115} INFO - [2025-05-09 14:34:02,498] {manager.py:508} INFO - Created Permission View: can delete on DAG:example_nested_branch_dag
[2025-05-09 14:34:02,506] {logging_mixin.py:115} INFO - [2025-05-09 14:34:02,506] {manager.py:508} INFO - Created Permission View: can read on DAG:example_nested_branch_dag
[2025-05-09 14:34:02,513] {logging_mixin.py:115} INFO - [2025-05-09 14:34:02,513] {manager.py:508} INFO - Created Permission View: can edit on DAG:example_nested_branch_dag
[2025-05-09 14:34:02,513] {logging_mixin.py:115} INFO - [2025-05-09 14:34:02,513] {dag.py:2379} INFO - Sync 1 DAGs
[2025-05-09 14:34:02,518] {logging_mixin.py:115} INFO - [2025-05-09 14:34:02,518] {dag.py:2398} INFO - Creating ORM DAG for example_nested_branch_dag
[2025-05-09 14:34:02,526] {logging_mixin.py:115} INFO - [2025-05-09 14:34:02,526] {dag.py:2927} INFO - Setting next_dagrun for example_nested_branch_dag to 2025-05-08T00:00:00+00:00, run_after=2025-05-09T00:00:00+00:00
[2025-05-09 14:34:02,538] {processor.py:161} INFO - Processing /home/pedro/Documentos/airflow/venv/lib/python3.9/site-packages/airflow/example_dags/example_nested_branch_dag.py took 0.095 seconds
[2025-05-09 14:34:38,323] {processor.py:153} INFO - Started process (PID=62283) to work on /home/pedro/Documentos/airflow/venv/lib/python3.9/site-packages/airflow/example_dags/example_nested_branch_dag.py
[2025-05-09 14:34:38,335] {processor.py:641} INFO - Processing file /home/pedro/Documentos/airflow/venv/lib/python3.9/site-packages/airflow/example_dags/example_nested_branch_dag.py for tasks to queue
[2025-05-09 14:34:38,335] {logging_mixin.py:115} INFO - [2025-05-09 14:34:38,335] {dagbag.py:507} INFO - Filling up the DagBag from /home/pedro/Documentos/airflow/venv/lib/python3.9/site-packages/airflow/example_dags/example_nested_branch_dag.py
[2025-05-09 14:34:38,342] {processor.py:651} INFO - DAG(s) dict_keys(['example_nested_branch_dag']) retrieved from /home/pedro/Documentos/airflow/venv/lib/python3.9/site-packages/airflow/example_dags/example_nested_branch_dag.py
[2025-05-09 14:34:38,353] {logging_mixin.py:115} INFO - [2025-05-09 14:34:38,353] {dag.py:2379} INFO - Sync 1 DAGs
[2025-05-09 14:34:38,367] {logging_mixin.py:115} INFO - [2025-05-09 14:34:38,366] {dag.py:2927} INFO - Setting next_dagrun for example_nested_branch_dag to 2025-05-08T00:00:00+00:00, run_after=2025-05-09T00:00:00+00:00
[2025-05-09 14:34:38,376] {processor.py:161} INFO - Processing /home/pedro/Documentos/airflow/venv/lib/python3.9/site-packages/airflow/example_dags/example_nested_branch_dag.py took 0.055 seconds
[2025-05-09 14:35:12,114] {processor.py:153} INFO - Started process (PID=62731) to work on /home/pedro/Documentos/airflow/venv/lib/python3.9/site-packages/airflow/example_dags/example_nested_branch_dag.py
[2025-05-09 14:35:12,126] {processor.py:641} INFO - Processing file /home/pedro/Documentos/airflow/venv/lib/python3.9/site-packages/airflow/example_dags/example_nested_branch_dag.py for tasks to queue
[2025-05-09 14:35:12,127] {logging_mixin.py:115} INFO - [2025-05-09 14:35:12,127] {dagbag.py:507} INFO - Filling up the DagBag from /home/pedro/Documentos/airflow/venv/lib/python3.9/site-packages/airflow/example_dags/example_nested_branch_dag.py
[2025-05-09 14:35:12,134] {processor.py:651} INFO - DAG(s) dict_keys(['example_nested_branch_dag']) retrieved from /home/pedro/Documentos/airflow/venv/lib/python3.9/site-packages/airflow/example_dags/example_nested_branch_dag.py
[2025-05-09 14:35:12,145] {logging_mixin.py:115} INFO - [2025-05-09 14:35:12,145] {dag.py:2379} INFO - Sync 1 DAGs
[2025-05-09 14:35:12,159] {logging_mixin.py:115} INFO - [2025-05-09 14:35:12,159] {dag.py:2927} INFO - Setting next_dagrun for example_nested_branch_dag to 2025-05-08T00:00:00+00:00, run_after=2025-05-09T00:00:00+00:00
[2025-05-09 14:35:12,168] {processor.py:161} INFO - Processing /home/pedro/Documentos/airflow/venv/lib/python3.9/site-packages/airflow/example_dags/example_nested_branch_dag.py took 0.057 seconds
[2025-05-09 14:35:44,267] {processor.py:153} INFO - Started process (PID=63117) to work on /home/pedro/Documentos/airflow/venv/lib/python3.9/site-packages/airflow/example_dags/example_nested_branch_dag.py
[2025-05-09 14:35:44,268] {processor.py:641} INFO - Processing file /home/pedro/Documentos/airflow/venv/lib/python3.9/site-packages/airflow/example_dags/example_nested_branch_dag.py for tasks to queue
[2025-05-09 14:35:44,268] {logging_mixin.py:115} INFO - [2025-05-09 14:35:44,268] {dagbag.py:507} INFO - Filling up the DagBag from /home/pedro/Documentos/airflow/venv/lib/python3.9/site-packages/airflow/example_dags/example_nested_branch_dag.py
[2025-05-09 14:35:44,276] {processor.py:651} INFO - DAG(s) dict_keys(['example_nested_branch_dag']) retrieved from /home/pedro/Documentos/airflow/venv/lib/python3.9/site-packages/airflow/example_dags/example_nested_branch_dag.py
[2025-05-09 14:35:44,288] {logging_mixin.py:115} INFO - [2025-05-09 14:35:44,288] {dag.py:2379} INFO - Sync 1 DAGs
[2025-05-09 14:35:44,303] {logging_mixin.py:115} INFO - [2025-05-09 14:35:44,303] {dag.py:2927} INFO - Setting next_dagrun for example_nested_branch_dag to 2025-05-08T00:00:00+00:00, run_after=2025-05-09T00:00:00+00:00
[2025-05-09 14:35:44,314] {processor.py:161} INFO - Processing /home/pedro/Documentos/airflow/venv/lib/python3.9/site-packages/airflow/example_dags/example_nested_branch_dag.py took 0.048 seconds
[2025-05-09 14:36:17,713] {processor.py:153} INFO - Started process (PID=63327) to work on /home/pedro/Documentos/airflow/venv/lib/python3.9/site-packages/airflow/example_dags/example_nested_branch_dag.py
[2025-05-09 14:36:17,713] {processor.py:641} INFO - Processing file /home/pedro/Documentos/airflow/venv/lib/python3.9/site-packages/airflow/example_dags/example_nested_branch_dag.py for tasks to queue
[2025-05-09 14:36:17,714] {logging_mixin.py:115} INFO - [2025-05-09 14:36:17,714] {dagbag.py:507} INFO - Filling up the DagBag from /home/pedro/Documentos/airflow/venv/lib/python3.9/site-packages/airflow/example_dags/example_nested_branch_dag.py
[2025-05-09 14:36:17,721] {processor.py:651} INFO - DAG(s) dict_keys(['example_nested_branch_dag']) retrieved from /home/pedro/Documentos/airflow/venv/lib/python3.9/site-packages/airflow/example_dags/example_nested_branch_dag.py
[2025-05-09 14:36:17,735] {logging_mixin.py:115} INFO - [2025-05-09 14:36:17,735] {dag.py:2379} INFO - Sync 1 DAGs
[2025-05-09 14:36:17,752] {logging_mixin.py:115} INFO - [2025-05-09 14:36:17,752] {dag.py:2927} INFO - Setting next_dagrun for example_nested_branch_dag to 2025-05-08T00:00:00+00:00, run_after=2025-05-09T00:00:00+00:00
[2025-05-09 14:36:17,765] {processor.py:161} INFO - Processing /home/pedro/Documentos/airflow/venv/lib/python3.9/site-packages/airflow/example_dags/example_nested_branch_dag.py took 0.055 seconds
[2025-05-09 14:36:49,778] {processor.py:153} INFO - Started process (PID=63516) to work on /home/pedro/Documentos/airflow/venv/lib/python3.9/site-packages/airflow/example_dags/example_nested_branch_dag.py
[2025-05-09 14:36:49,790] {processor.py:641} INFO - Processing file /home/pedro/Documentos/airflow/venv/lib/python3.9/site-packages/airflow/example_dags/example_nested_branch_dag.py for tasks to queue
[2025-05-09 14:36:49,791] {logging_mixin.py:115} INFO - [2025-05-09 14:36:49,791] {dagbag.py:507} INFO - Filling up the DagBag from /home/pedro/Documentos/airflow/venv/lib/python3.9/site-packages/airflow/example_dags/example_nested_branch_dag.py
[2025-05-09 14:36:49,798] {processor.py:651} INFO - DAG(s) dict_keys(['example_nested_branch_dag']) retrieved from /home/pedro/Documentos/airflow/venv/lib/python3.9/site-packages/airflow/example_dags/example_nested_branch_dag.py
[2025-05-09 14:36:49,810] {logging_mixin.py:115} INFO - [2025-05-09 14:36:49,810] {dag.py:2379} INFO - Sync 1 DAGs
[2025-05-09 14:36:49,824] {logging_mixin.py:115} INFO - [2025-05-09 14:36:49,824] {dag.py:2927} INFO - Setting next_dagrun for example_nested_branch_dag to 2025-05-08T00:00:00+00:00, run_after=2025-05-09T00:00:00+00:00
[2025-05-09 14:36:49,863] {processor.py:161} INFO - Processing /home/pedro/Documentos/airflow/venv/lib/python3.9/site-packages/airflow/example_dags/example_nested_branch_dag.py took 0.087 seconds
[2025-05-09 14:37:25,301] {processor.py:153} INFO - Started process (PID=63973) to work on /home/pedro/Documentos/airflow/venv/lib/python3.9/site-packages/airflow/example_dags/example_nested_branch_dag.py
[2025-05-09 14:37:25,313] {processor.py:641} INFO - Processing file /home/pedro/Documentos/airflow/venv/lib/python3.9/site-packages/airflow/example_dags/example_nested_branch_dag.py for tasks to queue
[2025-05-09 14:37:25,314] {logging_mixin.py:115} INFO - [2025-05-09 14:37:25,313] {dagbag.py:507} INFO - Filling up the DagBag from /home/pedro/Documentos/airflow/venv/lib/python3.9/site-packages/airflow/example_dags/example_nested_branch_dag.py
[2025-05-09 14:37:25,320] {processor.py:651} INFO - DAG(s) dict_keys(['example_nested_branch_dag']) retrieved from /home/pedro/Documentos/airflow/venv/lib/python3.9/site-packages/airflow/example_dags/example_nested_branch_dag.py
[2025-05-09 14:37:25,332] {logging_mixin.py:115} INFO - [2025-05-09 14:37:25,332] {dag.py:2379} INFO - Sync 1 DAGs
[2025-05-09 14:37:25,346] {logging_mixin.py:115} INFO - [2025-05-09 14:37:25,346] {dag.py:2927} INFO - Setting next_dagrun for example_nested_branch_dag to 2025-05-08T00:00:00+00:00, run_after=2025-05-09T00:00:00+00:00
[2025-05-09 14:37:25,357] {processor.py:161} INFO - Processing /home/pedro/Documentos/airflow/venv/lib/python3.9/site-packages/airflow/example_dags/example_nested_branch_dag.py took 0.058 seconds
[2025-05-09 14:37:58,015] {processor.py:153} INFO - Started process (PID=64492) to work on /home/pedro/Documentos/airflow/venv/lib/python3.9/site-packages/airflow/example_dags/example_nested_branch_dag.py
[2025-05-09 14:37:58,016] {processor.py:641} INFO - Processing file /home/pedro/Documentos/airflow/venv/lib/python3.9/site-packages/airflow/example_dags/example_nested_branch_dag.py for tasks to queue
[2025-05-09 14:37:58,016] {logging_mixin.py:115} INFO - [2025-05-09 14:37:58,016] {dagbag.py:507} INFO - Filling up the DagBag from /home/pedro/Documentos/airflow/venv/lib/python3.9/site-packages/airflow/example_dags/example_nested_branch_dag.py
[2025-05-09 14:37:58,024] {processor.py:651} INFO - DAG(s) dict_keys(['example_nested_branch_dag']) retrieved from /home/pedro/Documentos/airflow/venv/lib/python3.9/site-packages/airflow/example_dags/example_nested_branch_dag.py
[2025-05-09 14:37:58,037] {logging_mixin.py:115} INFO - [2025-05-09 14:37:58,037] {dag.py:2379} INFO - Sync 1 DAGs
[2025-05-09 14:37:58,057] {logging_mixin.py:115} INFO - [2025-05-09 14:37:58,057] {dag.py:2927} INFO - Setting next_dagrun for example_nested_branch_dag to 2025-05-08T00:00:00+00:00, run_after=2025-05-09T00:00:00+00:00
[2025-05-09 14:37:58,074] {processor.py:161} INFO - Processing /home/pedro/Documentos/airflow/venv/lib/python3.9/site-packages/airflow/example_dags/example_nested_branch_dag.py took 0.060 seconds
[2025-05-09 14:38:30,738] {processor.py:153} INFO - Started process (PID=64901) to work on /home/pedro/Documentos/airflow/venv/lib/python3.9/site-packages/airflow/example_dags/example_nested_branch_dag.py
[2025-05-09 14:38:30,750] {processor.py:641} INFO - Processing file /home/pedro/Documentos/airflow/venv/lib/python3.9/site-packages/airflow/example_dags/example_nested_branch_dag.py for tasks to queue
[2025-05-09 14:38:30,750] {logging_mixin.py:115} INFO - [2025-05-09 14:38:30,750] {dagbag.py:507} INFO - Filling up the DagBag from /home/pedro/Documentos/airflow/venv/lib/python3.9/site-packages/airflow/example_dags/example_nested_branch_dag.py
[2025-05-09 14:38:30,759] {processor.py:651} INFO - DAG(s) dict_keys(['example_nested_branch_dag']) retrieved from /home/pedro/Documentos/airflow/venv/lib/python3.9/site-packages/airflow/example_dags/example_nested_branch_dag.py
[2025-05-09 14:38:30,770] {logging_mixin.py:115} INFO - [2025-05-09 14:38:30,770] {dag.py:2379} INFO - Sync 1 DAGs
[2025-05-09 14:38:30,785] {logging_mixin.py:115} INFO - [2025-05-09 14:38:30,784] {dag.py:2927} INFO - Setting next_dagrun for example_nested_branch_dag to 2025-05-08T00:00:00+00:00, run_after=2025-05-09T00:00:00+00:00
[2025-05-09 14:38:30,797] {processor.py:161} INFO - Processing /home/pedro/Documentos/airflow/venv/lib/python3.9/site-packages/airflow/example_dags/example_nested_branch_dag.py took 0.061 seconds
[2025-05-09 14:39:07,200] {processor.py:153} INFO - Started process (PID=65267) to work on /home/pedro/Documentos/airflow/venv/lib/python3.9/site-packages/airflow/example_dags/example_nested_branch_dag.py
[2025-05-09 14:39:07,201] {processor.py:641} INFO - Processing file /home/pedro/Documentos/airflow/venv/lib/python3.9/site-packages/airflow/example_dags/example_nested_branch_dag.py for tasks to queue
[2025-05-09 14:39:07,202] {logging_mixin.py:115} INFO - [2025-05-09 14:39:07,202] {dagbag.py:507} INFO - Filling up the DagBag from /home/pedro/Documentos/airflow/venv/lib/python3.9/site-packages/airflow/example_dags/example_nested_branch_dag.py
[2025-05-09 14:39:07,210] {processor.py:651} INFO - DAG(s) dict_keys(['example_nested_branch_dag']) retrieved from /home/pedro/Documentos/airflow/venv/lib/python3.9/site-packages/airflow/example_dags/example_nested_branch_dag.py
[2025-05-09 14:39:07,227] {logging_mixin.py:115} INFO - [2025-05-09 14:39:07,226] {dag.py:2379} INFO - Sync 1 DAGs
[2025-05-09 14:39:07,241] {logging_mixin.py:115} INFO - [2025-05-09 14:39:07,241] {dag.py:2927} INFO - Setting next_dagrun for example_nested_branch_dag to 2025-05-08T00:00:00+00:00, run_after=2025-05-09T00:00:00+00:00
[2025-05-09 14:39:07,251] {processor.py:161} INFO - Processing /home/pedro/Documentos/airflow/venv/lib/python3.9/site-packages/airflow/example_dags/example_nested_branch_dag.py took 0.053 seconds
[2025-05-09 14:39:42,223] {processor.py:153} INFO - Started process (PID=65573) to work on /home/pedro/Documentos/airflow/venv/lib/python3.9/site-packages/airflow/example_dags/example_nested_branch_dag.py
[2025-05-09 14:39:42,236] {processor.py:641} INFO - Processing file /home/pedro/Documentos/airflow/venv/lib/python3.9/site-packages/airflow/example_dags/example_nested_branch_dag.py for tasks to queue
[2025-05-09 14:39:42,236] {logging_mixin.py:115} INFO - [2025-05-09 14:39:42,236] {dagbag.py:507} INFO - Filling up the DagBag from /home/pedro/Documentos/airflow/venv/lib/python3.9/site-packages/airflow/example_dags/example_nested_branch_dag.py
[2025-05-09 14:39:42,243] {processor.py:651} INFO - DAG(s) dict_keys(['example_nested_branch_dag']) retrieved from /home/pedro/Documentos/airflow/venv/lib/python3.9/site-packages/airflow/example_dags/example_nested_branch_dag.py
[2025-05-09 14:39:42,256] {logging_mixin.py:115} INFO - [2025-05-09 14:39:42,256] {dag.py:2379} INFO - Sync 1 DAGs
[2025-05-09 14:39:42,268] {logging_mixin.py:115} INFO - [2025-05-09 14:39:42,268] {dag.py:2927} INFO - Setting next_dagrun for example_nested_branch_dag to 2025-05-08T00:00:00+00:00, run_after=2025-05-09T00:00:00+00:00
[2025-05-09 14:39:42,277] {processor.py:161} INFO - Processing /home/pedro/Documentos/airflow/venv/lib/python3.9/site-packages/airflow/example_dags/example_nested_branch_dag.py took 0.056 seconds
[2025-05-09 14:40:15,348] {processor.py:153} INFO - Started process (PID=65803) to work on /home/pedro/Documentos/airflow/venv/lib/python3.9/site-packages/airflow/example_dags/example_nested_branch_dag.py
[2025-05-09 14:40:15,360] {processor.py:641} INFO - Processing file /home/pedro/Documentos/airflow/venv/lib/python3.9/site-packages/airflow/example_dags/example_nested_branch_dag.py for tasks to queue
[2025-05-09 14:40:15,361] {logging_mixin.py:115} INFO - [2025-05-09 14:40:15,360] {dagbag.py:507} INFO - Filling up the DagBag from /home/pedro/Documentos/airflow/venv/lib/python3.9/site-packages/airflow/example_dags/example_nested_branch_dag.py
[2025-05-09 14:40:15,367] {processor.py:651} INFO - DAG(s) dict_keys(['example_nested_branch_dag']) retrieved from /home/pedro/Documentos/airflow/venv/lib/python3.9/site-packages/airflow/example_dags/example_nested_branch_dag.py
[2025-05-09 14:40:15,381] {logging_mixin.py:115} INFO - [2025-05-09 14:40:15,381] {dag.py:2379} INFO - Sync 1 DAGs
[2025-05-09 14:40:15,393] {logging_mixin.py:115} INFO - [2025-05-09 14:40:15,393] {dag.py:2927} INFO - Setting next_dagrun for example_nested_branch_dag to 2025-05-08T00:00:00+00:00, run_after=2025-05-09T00:00:00+00:00
[2025-05-09 14:40:15,402] {processor.py:161} INFO - Processing /home/pedro/Documentos/airflow/venv/lib/python3.9/site-packages/airflow/example_dags/example_nested_branch_dag.py took 0.057 seconds
[2025-05-09 14:40:48,081] {processor.py:153} INFO - Started process (PID=66239) to work on /home/pedro/Documentos/airflow/venv/lib/python3.9/site-packages/airflow/example_dags/example_nested_branch_dag.py
[2025-05-09 14:40:48,093] {processor.py:641} INFO - Processing file /home/pedro/Documentos/airflow/venv/lib/python3.9/site-packages/airflow/example_dags/example_nested_branch_dag.py for tasks to queue
[2025-05-09 14:40:48,093] {logging_mixin.py:115} INFO - [2025-05-09 14:40:48,093] {dagbag.py:507} INFO - Filling up the DagBag from /home/pedro/Documentos/airflow/venv/lib/python3.9/site-packages/airflow/example_dags/example_nested_branch_dag.py
[2025-05-09 14:40:48,101] {processor.py:651} INFO - DAG(s) dict_keys(['example_nested_branch_dag']) retrieved from /home/pedro/Documentos/airflow/venv/lib/python3.9/site-packages/airflow/example_dags/example_nested_branch_dag.py
[2025-05-09 14:40:48,118] {logging_mixin.py:115} INFO - [2025-05-09 14:40:48,118] {dag.py:2379} INFO - Sync 1 DAGs
[2025-05-09 14:40:48,132] {logging_mixin.py:115} INFO - [2025-05-09 14:40:48,132] {dag.py:2927} INFO - Setting next_dagrun for example_nested_branch_dag to 2025-05-08T00:00:00+00:00, run_after=2025-05-09T00:00:00+00:00
[2025-05-09 14:40:48,145] {processor.py:161} INFO - Processing /home/pedro/Documentos/airflow/venv/lib/python3.9/site-packages/airflow/example_dags/example_nested_branch_dag.py took 0.067 seconds
[2025-05-09 14:41:23,906] {processor.py:153} INFO - Started process (PID=66750) to work on /home/pedro/Documentos/airflow/venv/lib/python3.9/site-packages/airflow/example_dags/example_nested_branch_dag.py
[2025-05-09 14:41:23,919] {processor.py:641} INFO - Processing file /home/pedro/Documentos/airflow/venv/lib/python3.9/site-packages/airflow/example_dags/example_nested_branch_dag.py for tasks to queue
[2025-05-09 14:41:23,919] {logging_mixin.py:115} INFO - [2025-05-09 14:41:23,919] {dagbag.py:507} INFO - Filling up the DagBag from /home/pedro/Documentos/airflow/venv/lib/python3.9/site-packages/airflow/example_dags/example_nested_branch_dag.py
[2025-05-09 14:41:23,926] {processor.py:651} INFO - DAG(s) dict_keys(['example_nested_branch_dag']) retrieved from /home/pedro/Documentos/airflow/venv/lib/python3.9/site-packages/airflow/example_dags/example_nested_branch_dag.py
[2025-05-09 14:41:23,939] {logging_mixin.py:115} INFO - [2025-05-09 14:41:23,939] {dag.py:2379} INFO - Sync 1 DAGs
[2025-05-09 14:41:23,951] {logging_mixin.py:115} INFO - [2025-05-09 14:41:23,951] {dag.py:2927} INFO - Setting next_dagrun for example_nested_branch_dag to 2025-05-08T00:00:00+00:00, run_after=2025-05-09T00:00:00+00:00
[2025-05-09 14:41:23,960] {processor.py:161} INFO - Processing /home/pedro/Documentos/airflow/venv/lib/python3.9/site-packages/airflow/example_dags/example_nested_branch_dag.py took 0.056 seconds
[2025-05-09 14:42:00,426] {processor.py:153} INFO - Started process (PID=66985) to work on /home/pedro/Documentos/airflow/venv/lib/python3.9/site-packages/airflow/example_dags/example_nested_branch_dag.py
[2025-05-09 14:42:00,438] {processor.py:641} INFO - Processing file /home/pedro/Documentos/airflow/venv/lib/python3.9/site-packages/airflow/example_dags/example_nested_branch_dag.py for tasks to queue
[2025-05-09 14:42:00,438] {logging_mixin.py:115} INFO - [2025-05-09 14:42:00,438] {dagbag.py:507} INFO - Filling up the DagBag from /home/pedro/Documentos/airflow/venv/lib/python3.9/site-packages/airflow/example_dags/example_nested_branch_dag.py
[2025-05-09 14:42:00,446] {processor.py:651} INFO - DAG(s) dict_keys(['example_nested_branch_dag']) retrieved from /home/pedro/Documentos/airflow/venv/lib/python3.9/site-packages/airflow/example_dags/example_nested_branch_dag.py
[2025-05-09 14:42:00,460] {logging_mixin.py:115} INFO - [2025-05-09 14:42:00,459] {dag.py:2379} INFO - Sync 1 DAGs
[2025-05-09 14:42:00,471] {logging_mixin.py:115} INFO - [2025-05-09 14:42:00,471] {dag.py:2927} INFO - Setting next_dagrun for example_nested_branch_dag to 2025-05-08T00:00:00+00:00, run_after=2025-05-09T00:00:00+00:00
[2025-05-09 14:42:00,481] {processor.py:161} INFO - Processing /home/pedro/Documentos/airflow/venv/lib/python3.9/site-packages/airflow/example_dags/example_nested_branch_dag.py took 0.057 seconds
[2025-05-09 14:42:34,780] {processor.py:153} INFO - Started process (PID=67194) to work on /home/pedro/Documentos/airflow/venv/lib/python3.9/site-packages/airflow/example_dags/example_nested_branch_dag.py
[2025-05-09 14:42:34,792] {processor.py:641} INFO - Processing file /home/pedro/Documentos/airflow/venv/lib/python3.9/site-packages/airflow/example_dags/example_nested_branch_dag.py for tasks to queue
[2025-05-09 14:42:34,792] {logging_mixin.py:115} INFO - [2025-05-09 14:42:34,792] {dagbag.py:507} INFO - Filling up the DagBag from /home/pedro/Documentos/airflow/venv/lib/python3.9/site-packages/airflow/example_dags/example_nested_branch_dag.py
[2025-05-09 14:42:34,799] {processor.py:651} INFO - DAG(s) dict_keys(['example_nested_branch_dag']) retrieved from /home/pedro/Documentos/airflow/venv/lib/python3.9/site-packages/airflow/example_dags/example_nested_branch_dag.py
[2025-05-09 14:42:34,812] {logging_mixin.py:115} INFO - [2025-05-09 14:42:34,812] {dag.py:2379} INFO - Sync 1 DAGs
[2025-05-09 14:42:34,823] {logging_mixin.py:115} INFO - [2025-05-09 14:42:34,823] {dag.py:2927} INFO - Setting next_dagrun for example_nested_branch_dag to 2025-05-08T00:00:00+00:00, run_after=2025-05-09T00:00:00+00:00
[2025-05-09 14:42:34,833] {processor.py:161} INFO - Processing /home/pedro/Documentos/airflow/venv/lib/python3.9/site-packages/airflow/example_dags/example_nested_branch_dag.py took 0.056 seconds
[2025-05-09 14:43:06,787] {processor.py:153} INFO - Started process (PID=67387) to work on /home/pedro/Documentos/airflow/venv/lib/python3.9/site-packages/airflow/example_dags/example_nested_branch_dag.py
[2025-05-09 14:43:06,799] {processor.py:641} INFO - Processing file /home/pedro/Documentos/airflow/venv/lib/python3.9/site-packages/airflow/example_dags/example_nested_branch_dag.py for tasks to queue
[2025-05-09 14:43:06,799] {logging_mixin.py:115} INFO - [2025-05-09 14:43:06,799] {dagbag.py:507} INFO - Filling up the DagBag from /home/pedro/Documentos/airflow/venv/lib/python3.9/site-packages/airflow/example_dags/example_nested_branch_dag.py
[2025-05-09 14:43:06,806] {processor.py:651} INFO - DAG(s) dict_keys(['example_nested_branch_dag']) retrieved from /home/pedro/Documentos/airflow/venv/lib/python3.9/site-packages/airflow/example_dags/example_nested_branch_dag.py
[2025-05-09 14:43:06,820] {logging_mixin.py:115} INFO - [2025-05-09 14:43:06,820] {dag.py:2379} INFO - Sync 1 DAGs
[2025-05-09 14:43:06,832] {logging_mixin.py:115} INFO - [2025-05-09 14:43:06,832] {dag.py:2927} INFO - Setting next_dagrun for example_nested_branch_dag to 2025-05-08T00:00:00+00:00, run_after=2025-05-09T00:00:00+00:00
[2025-05-09 14:43:06,843] {processor.py:161} INFO - Processing /home/pedro/Documentos/airflow/venv/lib/python3.9/site-packages/airflow/example_dags/example_nested_branch_dag.py took 0.058 seconds
[2025-05-09 14:43:41,644] {processor.py:153} INFO - Started process (PID=68022) to work on /home/pedro/Documentos/airflow/venv/lib/python3.9/site-packages/airflow/example_dags/example_nested_branch_dag.py
[2025-05-09 14:43:41,656] {processor.py:641} INFO - Processing file /home/pedro/Documentos/airflow/venv/lib/python3.9/site-packages/airflow/example_dags/example_nested_branch_dag.py for tasks to queue
[2025-05-09 14:43:41,657] {logging_mixin.py:115} INFO - [2025-05-09 14:43:41,657] {dagbag.py:507} INFO - Filling up the DagBag from /home/pedro/Documentos/airflow/venv/lib/python3.9/site-packages/airflow/example_dags/example_nested_branch_dag.py
[2025-05-09 14:43:41,664] {processor.py:651} INFO - DAG(s) dict_keys(['example_nested_branch_dag']) retrieved from /home/pedro/Documentos/airflow/venv/lib/python3.9/site-packages/airflow/example_dags/example_nested_branch_dag.py
[2025-05-09 14:43:41,678] {logging_mixin.py:115} INFO - [2025-05-09 14:43:41,678] {dag.py:2379} INFO - Sync 1 DAGs
[2025-05-09 14:43:41,691] {logging_mixin.py:115} INFO - [2025-05-09 14:43:41,690] {dag.py:2927} INFO - Setting next_dagrun for example_nested_branch_dag to 2025-05-08T00:00:00+00:00, run_after=2025-05-09T00:00:00+00:00
[2025-05-09 14:43:41,701] {processor.py:161} INFO - Processing /home/pedro/Documentos/airflow/venv/lib/python3.9/site-packages/airflow/example_dags/example_nested_branch_dag.py took 0.060 seconds
[2025-05-09 14:44:14,679] {processor.py:153} INFO - Started process (PID=68281) to work on /home/pedro/Documentos/airflow/venv/lib/python3.9/site-packages/airflow/example_dags/example_nested_branch_dag.py
[2025-05-09 14:44:14,691] {processor.py:641} INFO - Processing file /home/pedro/Documentos/airflow/venv/lib/python3.9/site-packages/airflow/example_dags/example_nested_branch_dag.py for tasks to queue
[2025-05-09 14:44:14,691] {logging_mixin.py:115} INFO - [2025-05-09 14:44:14,691] {dagbag.py:507} INFO - Filling up the DagBag from /home/pedro/Documentos/airflow/venv/lib/python3.9/site-packages/airflow/example_dags/example_nested_branch_dag.py
[2025-05-09 14:44:14,698] {processor.py:651} INFO - DAG(s) dict_keys(['example_nested_branch_dag']) retrieved from /home/pedro/Documentos/airflow/venv/lib/python3.9/site-packages/airflow/example_dags/example_nested_branch_dag.py
[2025-05-09 14:44:14,710] {logging_mixin.py:115} INFO - [2025-05-09 14:44:14,710] {dag.py:2379} INFO - Sync 1 DAGs
[2025-05-09 14:44:14,722] {logging_mixin.py:115} INFO - [2025-05-09 14:44:14,722] {dag.py:2927} INFO - Setting next_dagrun for example_nested_branch_dag to 2025-05-08T00:00:00+00:00, run_after=2025-05-09T00:00:00+00:00
[2025-05-09 14:44:14,732] {processor.py:161} INFO - Processing /home/pedro/Documentos/airflow/venv/lib/python3.9/site-packages/airflow/example_dags/example_nested_branch_dag.py took 0.055 seconds
[2025-05-09 14:44:48,953] {processor.py:153} INFO - Started process (PID=68480) to work on /home/pedro/Documentos/airflow/venv/lib/python3.9/site-packages/airflow/example_dags/example_nested_branch_dag.py
[2025-05-09 14:44:48,966] {processor.py:641} INFO - Processing file /home/pedro/Documentos/airflow/venv/lib/python3.9/site-packages/airflow/example_dags/example_nested_branch_dag.py for tasks to queue
[2025-05-09 14:44:48,966] {logging_mixin.py:115} INFO - [2025-05-09 14:44:48,966] {dagbag.py:507} INFO - Filling up the DagBag from /home/pedro/Documentos/airflow/venv/lib/python3.9/site-packages/airflow/example_dags/example_nested_branch_dag.py
[2025-05-09 14:44:48,972] {processor.py:651} INFO - DAG(s) dict_keys(['example_nested_branch_dag']) retrieved from /home/pedro/Documentos/airflow/venv/lib/python3.9/site-packages/airflow/example_dags/example_nested_branch_dag.py
[2025-05-09 14:44:48,986] {logging_mixin.py:115} INFO - [2025-05-09 14:44:48,986] {dag.py:2379} INFO - Sync 1 DAGs
[2025-05-09 14:44:48,999] {logging_mixin.py:115} INFO - [2025-05-09 14:44:48,998] {dag.py:2927} INFO - Setting next_dagrun for example_nested_branch_dag to 2025-05-08T00:00:00+00:00, run_after=2025-05-09T00:00:00+00:00
[2025-05-09 14:44:49,008] {processor.py:161} INFO - Processing /home/pedro/Documentos/airflow/venv/lib/python3.9/site-packages/airflow/example_dags/example_nested_branch_dag.py took 0.057 seconds
[2025-05-09 14:45:21,891] {processor.py:153} INFO - Started process (PID=68717) to work on /home/pedro/Documentos/airflow/venv/lib/python3.9/site-packages/airflow/example_dags/example_nested_branch_dag.py
[2025-05-09 14:45:21,903] {processor.py:641} INFO - Processing file /home/pedro/Documentos/airflow/venv/lib/python3.9/site-packages/airflow/example_dags/example_nested_branch_dag.py for tasks to queue
[2025-05-09 14:45:21,903] {logging_mixin.py:115} INFO - [2025-05-09 14:45:21,903] {dagbag.py:507} INFO - Filling up the DagBag from /home/pedro/Documentos/airflow/venv/lib/python3.9/site-packages/airflow/example_dags/example_nested_branch_dag.py
[2025-05-09 14:45:21,910] {processor.py:651} INFO - DAG(s) dict_keys(['example_nested_branch_dag']) retrieved from /home/pedro/Documentos/airflow/venv/lib/python3.9/site-packages/airflow/example_dags/example_nested_branch_dag.py
[2025-05-09 14:45:21,922] {logging_mixin.py:115} INFO - [2025-05-09 14:45:21,922] {dag.py:2379} INFO - Sync 1 DAGs
[2025-05-09 14:45:21,934] {logging_mixin.py:115} INFO - [2025-05-09 14:45:21,934] {dag.py:2927} INFO - Setting next_dagrun for example_nested_branch_dag to 2025-05-08T00:00:00+00:00, run_after=2025-05-09T00:00:00+00:00
[2025-05-09 14:45:21,943] {processor.py:161} INFO - Processing /home/pedro/Documentos/airflow/venv/lib/python3.9/site-packages/airflow/example_dags/example_nested_branch_dag.py took 0.055 seconds
[2025-05-09 14:45:55,165] {processor.py:153} INFO - Started process (PID=68910) to work on /home/pedro/Documentos/airflow/venv/lib/python3.9/site-packages/airflow/example_dags/example_nested_branch_dag.py
[2025-05-09 14:45:55,177] {processor.py:641} INFO - Processing file /home/pedro/Documentos/airflow/venv/lib/python3.9/site-packages/airflow/example_dags/example_nested_branch_dag.py for tasks to queue
[2025-05-09 14:45:55,177] {logging_mixin.py:115} INFO - [2025-05-09 14:45:55,177] {dagbag.py:507} INFO - Filling up the DagBag from /home/pedro/Documentos/airflow/venv/lib/python3.9/site-packages/airflow/example_dags/example_nested_branch_dag.py
[2025-05-09 14:45:55,184] {processor.py:651} INFO - DAG(s) dict_keys(['example_nested_branch_dag']) retrieved from /home/pedro/Documentos/airflow/venv/lib/python3.9/site-packages/airflow/example_dags/example_nested_branch_dag.py
[2025-05-09 14:45:55,198] {logging_mixin.py:115} INFO - [2025-05-09 14:45:55,198] {dag.py:2379} INFO - Sync 1 DAGs
[2025-05-09 14:45:55,210] {logging_mixin.py:115} INFO - [2025-05-09 14:45:55,209] {dag.py:2927} INFO - Setting next_dagrun for example_nested_branch_dag to 2025-05-08T00:00:00+00:00, run_after=2025-05-09T00:00:00+00:00
[2025-05-09 14:45:55,219] {processor.py:161} INFO - Processing /home/pedro/Documentos/airflow/venv/lib/python3.9/site-packages/airflow/example_dags/example_nested_branch_dag.py took 0.056 seconds
[2025-05-09 14:46:29,486] {processor.py:153} INFO - Started process (PID=69118) to work on /home/pedro/Documentos/airflow/venv/lib/python3.9/site-packages/airflow/example_dags/example_nested_branch_dag.py
[2025-05-09 14:46:29,499] {processor.py:641} INFO - Processing file /home/pedro/Documentos/airflow/venv/lib/python3.9/site-packages/airflow/example_dags/example_nested_branch_dag.py for tasks to queue
[2025-05-09 14:46:29,499] {logging_mixin.py:115} INFO - [2025-05-09 14:46:29,499] {dagbag.py:507} INFO - Filling up the DagBag from /home/pedro/Documentos/airflow/venv/lib/python3.9/site-packages/airflow/example_dags/example_nested_branch_dag.py
[2025-05-09 14:46:29,506] {processor.py:651} INFO - DAG(s) dict_keys(['example_nested_branch_dag']) retrieved from /home/pedro/Documentos/airflow/venv/lib/python3.9/site-packages/airflow/example_dags/example_nested_branch_dag.py
[2025-05-09 14:46:29,520] {logging_mixin.py:115} INFO - [2025-05-09 14:46:29,520] {dag.py:2379} INFO - Sync 1 DAGs
[2025-05-09 14:46:29,532] {logging_mixin.py:115} INFO - [2025-05-09 14:46:29,532] {dag.py:2927} INFO - Setting next_dagrun for example_nested_branch_dag to 2025-05-08T00:00:00+00:00, run_after=2025-05-09T00:00:00+00:00
[2025-05-09 14:46:29,541] {processor.py:161} INFO - Processing /home/pedro/Documentos/airflow/venv/lib/python3.9/site-packages/airflow/example_dags/example_nested_branch_dag.py took 0.057 seconds
[2025-05-09 14:47:03,201] {processor.py:153} INFO - Started process (PID=69719) to work on /home/pedro/Documentos/airflow/venv/lib/python3.9/site-packages/airflow/example_dags/example_nested_branch_dag.py
[2025-05-09 14:47:03,214] {processor.py:641} INFO - Processing file /home/pedro/Documentos/airflow/venv/lib/python3.9/site-packages/airflow/example_dags/example_nested_branch_dag.py for tasks to queue
[2025-05-09 14:47:03,214] {logging_mixin.py:115} INFO - [2025-05-09 14:47:03,214] {dagbag.py:507} INFO - Filling up the DagBag from /home/pedro/Documentos/airflow/venv/lib/python3.9/site-packages/airflow/example_dags/example_nested_branch_dag.py
[2025-05-09 14:47:03,220] {processor.py:651} INFO - DAG(s) dict_keys(['example_nested_branch_dag']) retrieved from /home/pedro/Documentos/airflow/venv/lib/python3.9/site-packages/airflow/example_dags/example_nested_branch_dag.py
[2025-05-09 14:47:03,234] {logging_mixin.py:115} INFO - [2025-05-09 14:47:03,234] {dag.py:2379} INFO - Sync 1 DAGs
[2025-05-09 14:47:03,246] {logging_mixin.py:115} INFO - [2025-05-09 14:47:03,246] {dag.py:2927} INFO - Setting next_dagrun for example_nested_branch_dag to 2025-05-08T00:00:00+00:00, run_after=2025-05-09T00:00:00+00:00
[2025-05-09 14:47:03,256] {processor.py:161} INFO - Processing /home/pedro/Documentos/airflow/venv/lib/python3.9/site-packages/airflow/example_dags/example_nested_branch_dag.py took 0.056 seconds
[2025-05-09 14:47:40,200] {processor.py:153} INFO - Started process (PID=70003) to work on /home/pedro/Documentos/airflow/venv/lib/python3.9/site-packages/airflow/example_dags/example_nested_branch_dag.py
[2025-05-09 14:47:40,213] {processor.py:641} INFO - Processing file /home/pedro/Documentos/airflow/venv/lib/python3.9/site-packages/airflow/example_dags/example_nested_branch_dag.py for tasks to queue
[2025-05-09 14:47:40,213] {logging_mixin.py:115} INFO - [2025-05-09 14:47:40,213] {dagbag.py:507} INFO - Filling up the DagBag from /home/pedro/Documentos/airflow/venv/lib/python3.9/site-packages/airflow/example_dags/example_nested_branch_dag.py
[2025-05-09 14:47:40,220] {processor.py:651} INFO - DAG(s) dict_keys(['example_nested_branch_dag']) retrieved from /home/pedro/Documentos/airflow/venv/lib/python3.9/site-packages/airflow/example_dags/example_nested_branch_dag.py
[2025-05-09 14:47:40,234] {logging_mixin.py:115} INFO - [2025-05-09 14:47:40,233] {dag.py:2379} INFO - Sync 1 DAGs
[2025-05-09 14:47:40,246] {logging_mixin.py:115} INFO - [2025-05-09 14:47:40,246] {dag.py:2927} INFO - Setting next_dagrun for example_nested_branch_dag to 2025-05-08T00:00:00+00:00, run_after=2025-05-09T00:00:00+00:00
[2025-05-09 14:47:40,255] {processor.py:161} INFO - Processing /home/pedro/Documentos/airflow/venv/lib/python3.9/site-packages/airflow/example_dags/example_nested_branch_dag.py took 0.058 seconds
[2025-05-09 14:48:16,399] {processor.py:153} INFO - Started process (PID=70227) to work on /home/pedro/Documentos/airflow/venv/lib/python3.9/site-packages/airflow/example_dags/example_nested_branch_dag.py
[2025-05-09 14:48:16,412] {processor.py:641} INFO - Processing file /home/pedro/Documentos/airflow/venv/lib/python3.9/site-packages/airflow/example_dags/example_nested_branch_dag.py for tasks to queue
[2025-05-09 14:48:16,412] {logging_mixin.py:115} INFO - [2025-05-09 14:48:16,412] {dagbag.py:507} INFO - Filling up the DagBag from /home/pedro/Documentos/airflow/venv/lib/python3.9/site-packages/airflow/example_dags/example_nested_branch_dag.py
[2025-05-09 14:48:16,418] {processor.py:651} INFO - DAG(s) dict_keys(['example_nested_branch_dag']) retrieved from /home/pedro/Documentos/airflow/venv/lib/python3.9/site-packages/airflow/example_dags/example_nested_branch_dag.py
[2025-05-09 14:48:16,432] {logging_mixin.py:115} INFO - [2025-05-09 14:48:16,431] {dag.py:2379} INFO - Sync 1 DAGs
[2025-05-09 14:48:16,444] {logging_mixin.py:115} INFO - [2025-05-09 14:48:16,444] {dag.py:2927} INFO - Setting next_dagrun for example_nested_branch_dag to 2025-05-08T00:00:00+00:00, run_after=2025-05-09T00:00:00+00:00
[2025-05-09 14:48:16,453] {processor.py:161} INFO - Processing /home/pedro/Documentos/airflow/venv/lib/python3.9/site-packages/airflow/example_dags/example_nested_branch_dag.py took 0.056 seconds
[2025-05-09 14:48:49,824] {processor.py:153} INFO - Started process (PID=70532) to work on /home/pedro/Documentos/airflow/venv/lib/python3.9/site-packages/airflow/example_dags/example_nested_branch_dag.py
[2025-05-09 14:48:49,836] {processor.py:641} INFO - Processing file /home/pedro/Documentos/airflow/venv/lib/python3.9/site-packages/airflow/example_dags/example_nested_branch_dag.py for tasks to queue
[2025-05-09 14:48:49,836] {logging_mixin.py:115} INFO - [2025-05-09 14:48:49,836] {dagbag.py:507} INFO - Filling up the DagBag from /home/pedro/Documentos/airflow/venv/lib/python3.9/site-packages/airflow/example_dags/example_nested_branch_dag.py
[2025-05-09 14:48:49,843] {processor.py:651} INFO - DAG(s) dict_keys(['example_nested_branch_dag']) retrieved from /home/pedro/Documentos/airflow/venv/lib/python3.9/site-packages/airflow/example_dags/example_nested_branch_dag.py
[2025-05-09 14:48:49,856] {logging_mixin.py:115} INFO - [2025-05-09 14:48:49,856] {dag.py:2379} INFO - Sync 1 DAGs
[2025-05-09 14:48:49,869] {logging_mixin.py:115} INFO - [2025-05-09 14:48:49,869] {dag.py:2927} INFO - Setting next_dagrun for example_nested_branch_dag to 2025-05-08T00:00:00+00:00, run_after=2025-05-09T00:00:00+00:00
[2025-05-09 14:48:49,879] {processor.py:161} INFO - Processing /home/pedro/Documentos/airflow/venv/lib/python3.9/site-packages/airflow/example_dags/example_nested_branch_dag.py took 0.057 seconds
[2025-05-09 14:49:23,513] {processor.py:153} INFO - Started process (PID=70746) to work on /home/pedro/Documentos/airflow/venv/lib/python3.9/site-packages/airflow/example_dags/example_nested_branch_dag.py
[2025-05-09 14:49:23,525] {processor.py:641} INFO - Processing file /home/pedro/Documentos/airflow/venv/lib/python3.9/site-packages/airflow/example_dags/example_nested_branch_dag.py for tasks to queue
[2025-05-09 14:49:23,526] {logging_mixin.py:115} INFO - [2025-05-09 14:49:23,526] {dagbag.py:507} INFO - Filling up the DagBag from /home/pedro/Documentos/airflow/venv/lib/python3.9/site-packages/airflow/example_dags/example_nested_branch_dag.py
[2025-05-09 14:49:23,533] {processor.py:651} INFO - DAG(s) dict_keys(['example_nested_branch_dag']) retrieved from /home/pedro/Documentos/airflow/venv/lib/python3.9/site-packages/airflow/example_dags/example_nested_branch_dag.py
[2025-05-09 14:49:23,550] {logging_mixin.py:115} INFO - [2025-05-09 14:49:23,550] {dag.py:2379} INFO - Sync 1 DAGs
[2025-05-09 14:49:23,567] {logging_mixin.py:115} INFO - [2025-05-09 14:49:23,567] {dag.py:2927} INFO - Setting next_dagrun for example_nested_branch_dag to 2025-05-08T00:00:00+00:00, run_after=2025-05-09T00:00:00+00:00
[2025-05-09 14:49:23,581] {processor.py:161} INFO - Processing /home/pedro/Documentos/airflow/venv/lib/python3.9/site-packages/airflow/example_dags/example_nested_branch_dag.py took 0.070 seconds
[2025-05-09 14:49:55,457] {processor.py:153} INFO - Started process (PID=70958) to work on /home/pedro/Documentos/airflow/venv/lib/python3.9/site-packages/airflow/example_dags/example_nested_branch_dag.py
[2025-05-09 14:49:55,469] {processor.py:641} INFO - Processing file /home/pedro/Documentos/airflow/venv/lib/python3.9/site-packages/airflow/example_dags/example_nested_branch_dag.py for tasks to queue
[2025-05-09 14:49:55,470] {logging_mixin.py:115} INFO - [2025-05-09 14:49:55,469] {dagbag.py:507} INFO - Filling up the DagBag from /home/pedro/Documentos/airflow/venv/lib/python3.9/site-packages/airflow/example_dags/example_nested_branch_dag.py
[2025-05-09 14:49:55,476] {processor.py:651} INFO - DAG(s) dict_keys(['example_nested_branch_dag']) retrieved from /home/pedro/Documentos/airflow/venv/lib/python3.9/site-packages/airflow/example_dags/example_nested_branch_dag.py
[2025-05-09 14:49:55,488] {logging_mixin.py:115} INFO - [2025-05-09 14:49:55,488] {dag.py:2379} INFO - Sync 1 DAGs
[2025-05-09 14:49:55,500] {logging_mixin.py:115} INFO - [2025-05-09 14:49:55,500] {dag.py:2927} INFO - Setting next_dagrun for example_nested_branch_dag to 2025-05-08T00:00:00+00:00, run_after=2025-05-09T00:00:00+00:00
[2025-05-09 14:49:55,510] {processor.py:161} INFO - Processing /home/pedro/Documentos/airflow/venv/lib/python3.9/site-packages/airflow/example_dags/example_nested_branch_dag.py took 0.055 seconds
[2025-05-09 14:50:27,439] {processor.py:153} INFO - Started process (PID=71216) to work on /home/pedro/Documentos/airflow/venv/lib/python3.9/site-packages/airflow/example_dags/example_nested_branch_dag.py
[2025-05-09 14:50:27,439] {processor.py:641} INFO - Processing file /home/pedro/Documentos/airflow/venv/lib/python3.9/site-packages/airflow/example_dags/example_nested_branch_dag.py for tasks to queue
[2025-05-09 14:50:27,440] {logging_mixin.py:115} INFO - [2025-05-09 14:50:27,440] {dagbag.py:507} INFO - Filling up the DagBag from /home/pedro/Documentos/airflow/venv/lib/python3.9/site-packages/airflow/example_dags/example_nested_branch_dag.py
[2025-05-09 14:50:27,447] {processor.py:651} INFO - DAG(s) dict_keys(['example_nested_branch_dag']) retrieved from /home/pedro/Documentos/airflow/venv/lib/python3.9/site-packages/airflow/example_dags/example_nested_branch_dag.py
[2025-05-09 14:50:27,460] {logging_mixin.py:115} INFO - [2025-05-09 14:50:27,459] {dag.py:2379} INFO - Sync 1 DAGs
[2025-05-09 14:50:27,472] {logging_mixin.py:115} INFO - [2025-05-09 14:50:27,472] {dag.py:2927} INFO - Setting next_dagrun for example_nested_branch_dag to 2025-05-08T00:00:00+00:00, run_after=2025-05-09T00:00:00+00:00
[2025-05-09 14:50:27,481] {processor.py:161} INFO - Processing /home/pedro/Documentos/airflow/venv/lib/python3.9/site-packages/airflow/example_dags/example_nested_branch_dag.py took 0.045 seconds
[2025-05-09 14:51:02,961] {processor.py:153} INFO - Started process (PID=71434) to work on /home/pedro/Documentos/airflow/venv/lib/python3.9/site-packages/airflow/example_dags/example_nested_branch_dag.py
[2025-05-09 14:51:02,975] {processor.py:641} INFO - Processing file /home/pedro/Documentos/airflow/venv/lib/python3.9/site-packages/airflow/example_dags/example_nested_branch_dag.py for tasks to queue
[2025-05-09 14:51:02,975] {logging_mixin.py:115} INFO - [2025-05-09 14:51:02,975] {dagbag.py:507} INFO - Filling up the DagBag from /home/pedro/Documentos/airflow/venv/lib/python3.9/site-packages/airflow/example_dags/example_nested_branch_dag.py
[2025-05-09 14:51:02,982] {processor.py:651} INFO - DAG(s) dict_keys(['example_nested_branch_dag']) retrieved from /home/pedro/Documentos/airflow/venv/lib/python3.9/site-packages/airflow/example_dags/example_nested_branch_dag.py
[2025-05-09 14:51:02,996] {logging_mixin.py:115} INFO - [2025-05-09 14:51:02,996] {dag.py:2379} INFO - Sync 1 DAGs
[2025-05-09 14:51:03,008] {logging_mixin.py:115} INFO - [2025-05-09 14:51:03,008] {dag.py:2927} INFO - Setting next_dagrun for example_nested_branch_dag to 2025-05-08T00:00:00+00:00, run_after=2025-05-09T00:00:00+00:00
[2025-05-09 14:51:03,052] {processor.py:161} INFO - Processing /home/pedro/Documentos/airflow/venv/lib/python3.9/site-packages/airflow/example_dags/example_nested_branch_dag.py took 0.093 seconds
[2025-05-09 14:51:35,598] {processor.py:153} INFO - Started process (PID=71723) to work on /home/pedro/Documentos/airflow/venv/lib/python3.9/site-packages/airflow/example_dags/example_nested_branch_dag.py
[2025-05-09 14:51:35,611] {processor.py:641} INFO - Processing file /home/pedro/Documentos/airflow/venv/lib/python3.9/site-packages/airflow/example_dags/example_nested_branch_dag.py for tasks to queue
[2025-05-09 14:51:35,611] {logging_mixin.py:115} INFO - [2025-05-09 14:51:35,611] {dagbag.py:507} INFO - Filling up the DagBag from /home/pedro/Documentos/airflow/venv/lib/python3.9/site-packages/airflow/example_dags/example_nested_branch_dag.py
[2025-05-09 14:51:35,618] {processor.py:651} INFO - DAG(s) dict_keys(['example_nested_branch_dag']) retrieved from /home/pedro/Documentos/airflow/venv/lib/python3.9/site-packages/airflow/example_dags/example_nested_branch_dag.py
[2025-05-09 14:51:35,632] {logging_mixin.py:115} INFO - [2025-05-09 14:51:35,632] {dag.py:2379} INFO - Sync 1 DAGs
[2025-05-09 14:51:35,645] {logging_mixin.py:115} INFO - [2025-05-09 14:51:35,644] {dag.py:2927} INFO - Setting next_dagrun for example_nested_branch_dag to 2025-05-08T00:00:00+00:00, run_after=2025-05-09T00:00:00+00:00
[2025-05-09 14:51:35,656] {processor.py:161} INFO - Processing /home/pedro/Documentos/airflow/venv/lib/python3.9/site-packages/airflow/example_dags/example_nested_branch_dag.py took 0.060 seconds
[2025-05-09 14:52:10,452] {processor.py:153} INFO - Started process (PID=72069) to work on /home/pedro/Documentos/airflow/venv/lib/python3.9/site-packages/airflow/example_dags/example_nested_branch_dag.py
[2025-05-09 14:52:10,465] {processor.py:641} INFO - Processing file /home/pedro/Documentos/airflow/venv/lib/python3.9/site-packages/airflow/example_dags/example_nested_branch_dag.py for tasks to queue
[2025-05-09 14:52:10,465] {logging_mixin.py:115} INFO - [2025-05-09 14:52:10,465] {dagbag.py:507} INFO - Filling up the DagBag from /home/pedro/Documentos/airflow/venv/lib/python3.9/site-packages/airflow/example_dags/example_nested_branch_dag.py
[2025-05-09 14:52:10,473] {processor.py:651} INFO - DAG(s) dict_keys(['example_nested_branch_dag']) retrieved from /home/pedro/Documentos/airflow/venv/lib/python3.9/site-packages/airflow/example_dags/example_nested_branch_dag.py
[2025-05-09 14:52:10,488] {logging_mixin.py:115} INFO - [2025-05-09 14:52:10,488] {dag.py:2379} INFO - Sync 1 DAGs
[2025-05-09 14:52:10,501] {logging_mixin.py:115} INFO - [2025-05-09 14:52:10,501] {dag.py:2927} INFO - Setting next_dagrun for example_nested_branch_dag to 2025-05-08T00:00:00+00:00, run_after=2025-05-09T00:00:00+00:00
[2025-05-09 14:52:10,511] {processor.py:161} INFO - Processing /home/pedro/Documentos/airflow/venv/lib/python3.9/site-packages/airflow/example_dags/example_nested_branch_dag.py took 0.061 seconds
[2025-05-09 14:52:44,640] {processor.py:153} INFO - Started process (PID=72507) to work on /home/pedro/Documentos/airflow/venv/lib/python3.9/site-packages/airflow/example_dags/example_nested_branch_dag.py
[2025-05-09 14:52:44,652] {processor.py:641} INFO - Processing file /home/pedro/Documentos/airflow/venv/lib/python3.9/site-packages/airflow/example_dags/example_nested_branch_dag.py for tasks to queue
[2025-05-09 14:52:44,652] {logging_mixin.py:115} INFO - [2025-05-09 14:52:44,652] {dagbag.py:507} INFO - Filling up the DagBag from /home/pedro/Documentos/airflow/venv/lib/python3.9/site-packages/airflow/example_dags/example_nested_branch_dag.py
[2025-05-09 14:52:44,659] {processor.py:651} INFO - DAG(s) dict_keys(['example_nested_branch_dag']) retrieved from /home/pedro/Documentos/airflow/venv/lib/python3.9/site-packages/airflow/example_dags/example_nested_branch_dag.py
[2025-05-09 14:52:44,672] {logging_mixin.py:115} INFO - [2025-05-09 14:52:44,672] {dag.py:2379} INFO - Sync 1 DAGs
[2025-05-09 14:52:44,686] {logging_mixin.py:115} INFO - [2025-05-09 14:52:44,686] {dag.py:2927} INFO - Setting next_dagrun for example_nested_branch_dag to 2025-05-08T00:00:00+00:00, run_after=2025-05-09T00:00:00+00:00
[2025-05-09 14:52:44,696] {processor.py:161} INFO - Processing /home/pedro/Documentos/airflow/venv/lib/python3.9/site-packages/airflow/example_dags/example_nested_branch_dag.py took 0.058 seconds
[2025-05-09 14:53:16,625] {processor.py:153} INFO - Started process (PID=72801) to work on /home/pedro/Documentos/airflow/venv/lib/python3.9/site-packages/airflow/example_dags/example_nested_branch_dag.py
[2025-05-09 14:53:16,637] {processor.py:641} INFO - Processing file /home/pedro/Documentos/airflow/venv/lib/python3.9/site-packages/airflow/example_dags/example_nested_branch_dag.py for tasks to queue
[2025-05-09 14:53:16,638] {logging_mixin.py:115} INFO - [2025-05-09 14:53:16,638] {dagbag.py:507} INFO - Filling up the DagBag from /home/pedro/Documentos/airflow/venv/lib/python3.9/site-packages/airflow/example_dags/example_nested_branch_dag.py
[2025-05-09 14:53:16,645] {processor.py:651} INFO - DAG(s) dict_keys(['example_nested_branch_dag']) retrieved from /home/pedro/Documentos/airflow/venv/lib/python3.9/site-packages/airflow/example_dags/example_nested_branch_dag.py
[2025-05-09 14:53:16,659] {logging_mixin.py:115} INFO - [2025-05-09 14:53:16,659] {dag.py:2379} INFO - Sync 1 DAGs
[2025-05-09 14:53:16,673] {logging_mixin.py:115} INFO - [2025-05-09 14:53:16,673] {dag.py:2927} INFO - Setting next_dagrun for example_nested_branch_dag to 2025-05-08T00:00:00+00:00, run_after=2025-05-09T00:00:00+00:00
[2025-05-09 14:53:16,683] {processor.py:161} INFO - Processing /home/pedro/Documentos/airflow/venv/lib/python3.9/site-packages/airflow/example_dags/example_nested_branch_dag.py took 0.060 seconds
[2025-05-09 14:53:50,725] {processor.py:153} INFO - Started process (PID=74034) to work on /home/pedro/Documentos/airflow/venv/lib/python3.9/site-packages/airflow/example_dags/example_nested_branch_dag.py
[2025-05-09 14:53:50,737] {processor.py:641} INFO - Processing file /home/pedro/Documentos/airflow/venv/lib/python3.9/site-packages/airflow/example_dags/example_nested_branch_dag.py for tasks to queue
[2025-05-09 14:53:50,738] {logging_mixin.py:115} INFO - [2025-05-09 14:53:50,738] {dagbag.py:507} INFO - Filling up the DagBag from /home/pedro/Documentos/airflow/venv/lib/python3.9/site-packages/airflow/example_dags/example_nested_branch_dag.py
[2025-05-09 14:53:50,747] {processor.py:651} INFO - DAG(s) dict_keys(['example_nested_branch_dag']) retrieved from /home/pedro/Documentos/airflow/venv/lib/python3.9/site-packages/airflow/example_dags/example_nested_branch_dag.py
[2025-05-09 14:53:50,758] {logging_mixin.py:115} INFO - [2025-05-09 14:53:50,758] {dag.py:2379} INFO - Sync 1 DAGs
[2025-05-09 14:53:50,771] {logging_mixin.py:115} INFO - [2025-05-09 14:53:50,771] {dag.py:2927} INFO - Setting next_dagrun for example_nested_branch_dag to 2025-05-08T00:00:00+00:00, run_after=2025-05-09T00:00:00+00:00
[2025-05-09 14:53:50,781] {processor.py:161} INFO - Processing /home/pedro/Documentos/airflow/venv/lib/python3.9/site-packages/airflow/example_dags/example_nested_branch_dag.py took 0.058 seconds
[2025-05-09 14:54:23,366] {processor.py:153} INFO - Started process (PID=74323) to work on /home/pedro/Documentos/airflow/venv/lib/python3.9/site-packages/airflow/example_dags/example_nested_branch_dag.py
[2025-05-09 14:54:23,378] {processor.py:641} INFO - Processing file /home/pedro/Documentos/airflow/venv/lib/python3.9/site-packages/airflow/example_dags/example_nested_branch_dag.py for tasks to queue
[2025-05-09 14:54:23,379] {logging_mixin.py:115} INFO - [2025-05-09 14:54:23,379] {dagbag.py:507} INFO - Filling up the DagBag from /home/pedro/Documentos/airflow/venv/lib/python3.9/site-packages/airflow/example_dags/example_nested_branch_dag.py
[2025-05-09 14:54:23,388] {processor.py:651} INFO - DAG(s) dict_keys(['example_nested_branch_dag']) retrieved from /home/pedro/Documentos/airflow/venv/lib/python3.9/site-packages/airflow/example_dags/example_nested_branch_dag.py
[2025-05-09 14:54:23,399] {logging_mixin.py:115} INFO - [2025-05-09 14:54:23,399] {dag.py:2379} INFO - Sync 1 DAGs
[2025-05-09 14:54:23,412] {logging_mixin.py:115} INFO - [2025-05-09 14:54:23,412] {dag.py:2927} INFO - Setting next_dagrun for example_nested_branch_dag to 2025-05-08T00:00:00+00:00, run_after=2025-05-09T00:00:00+00:00
[2025-05-09 14:54:23,421] {processor.py:161} INFO - Processing /home/pedro/Documentos/airflow/venv/lib/python3.9/site-packages/airflow/example_dags/example_nested_branch_dag.py took 0.057 seconds
[2025-05-09 14:54:53,927] {processor.py:153} INFO - Started process (PID=74515) to work on /home/pedro/Documentos/airflow/venv/lib/python3.9/site-packages/airflow/example_dags/example_nested_branch_dag.py
[2025-05-09 14:54:53,939] {processor.py:641} INFO - Processing file /home/pedro/Documentos/airflow/venv/lib/python3.9/site-packages/airflow/example_dags/example_nested_branch_dag.py for tasks to queue
[2025-05-09 14:54:53,940] {logging_mixin.py:115} INFO - [2025-05-09 14:54:53,940] {dagbag.py:507} INFO - Filling up the DagBag from /home/pedro/Documentos/airflow/venv/lib/python3.9/site-packages/airflow/example_dags/example_nested_branch_dag.py
[2025-05-09 14:54:53,948] {processor.py:651} INFO - DAG(s) dict_keys(['example_nested_branch_dag']) retrieved from /home/pedro/Documentos/airflow/venv/lib/python3.9/site-packages/airflow/example_dags/example_nested_branch_dag.py
[2025-05-09 14:54:53,959] {logging_mixin.py:115} INFO - [2025-05-09 14:54:53,959] {dag.py:2379} INFO - Sync 1 DAGs
[2025-05-09 14:54:53,971] {logging_mixin.py:115} INFO - [2025-05-09 14:54:53,971] {dag.py:2927} INFO - Setting next_dagrun for example_nested_branch_dag to 2025-05-08T00:00:00+00:00, run_after=2025-05-09T00:00:00+00:00
[2025-05-09 14:54:53,981] {processor.py:161} INFO - Processing /home/pedro/Documentos/airflow/venv/lib/python3.9/site-packages/airflow/example_dags/example_nested_branch_dag.py took 0.056 seconds
[2025-05-09 14:55:25,670] {processor.py:153} INFO - Started process (PID=74700) to work on /home/pedro/Documentos/airflow/venv/lib/python3.9/site-packages/airflow/example_dags/example_nested_branch_dag.py
[2025-05-09 14:55:25,682] {processor.py:641} INFO - Processing file /home/pedro/Documentos/airflow/venv/lib/python3.9/site-packages/airflow/example_dags/example_nested_branch_dag.py for tasks to queue
[2025-05-09 14:55:25,683] {logging_mixin.py:115} INFO - [2025-05-09 14:55:25,683] {dagbag.py:507} INFO - Filling up the DagBag from /home/pedro/Documentos/airflow/venv/lib/python3.9/site-packages/airflow/example_dags/example_nested_branch_dag.py
[2025-05-09 14:55:25,692] {processor.py:651} INFO - DAG(s) dict_keys(['example_nested_branch_dag']) retrieved from /home/pedro/Documentos/airflow/venv/lib/python3.9/site-packages/airflow/example_dags/example_nested_branch_dag.py
[2025-05-09 14:55:25,703] {logging_mixin.py:115} INFO - [2025-05-09 14:55:25,703] {dag.py:2379} INFO - Sync 1 DAGs
[2025-05-09 14:55:25,715] {logging_mixin.py:115} INFO - [2025-05-09 14:55:25,715] {dag.py:2927} INFO - Setting next_dagrun for example_nested_branch_dag to 2025-05-08T00:00:00+00:00, run_after=2025-05-09T00:00:00+00:00
[2025-05-09 14:55:25,770] {processor.py:161} INFO - Processing /home/pedro/Documentos/airflow/venv/lib/python3.9/site-packages/airflow/example_dags/example_nested_branch_dag.py took 0.103 seconds
