[2025-05-09 14:34:13,716] {processor.py:153} INFO - Started process (PID=61947) to work on /home/pedro/Documentos/airflow/venv/lib/python3.9/site-packages/airflow/example_dags/example_branch_datetime_operator.py
[2025-05-09 14:34:13,716] {processor.py:641} INFO - Processing file /home/pedro/Documentos/airflow/venv/lib/python3.9/site-packages/airflow/example_dags/example_branch_datetime_operator.py for tasks to queue
[2025-05-09 14:34:13,717] {logging_mixin.py:115} INFO - [2025-05-09 14:34:13,717] {dagbag.py:507} INFO - Filling up the DagBag from /home/pedro/Documentos/airflow/venv/lib/python3.9/site-packages/airflow/example_dags/example_branch_datetime_operator.py
[2025-05-09 14:34:13,722] {processor.py:651} INFO - DAG(s) dict_keys(['example_branch_datetime_operator_2']) retrieved from /home/pedro/Documentos/airflow/venv/lib/python3.9/site-packages/airflow/example_dags/example_branch_datetime_operator.py
[2025-05-09 14:34:13,767] {logging_mixin.py:115} INFO - [2025-05-09 14:34:13,766] {manager.py:508} INFO - Created Permission View: can delete on DAG:example_branch_datetime_operator_2
[2025-05-09 14:34:13,774] {logging_mixin.py:115} INFO - [2025-05-09 14:34:13,774] {manager.py:508} INFO - Created Permission View: can read on DAG:example_branch_datetime_operator_2
[2025-05-09 14:34:13,781] {logging_mixin.py:115} INFO - [2025-05-09 14:34:13,781] {manager.py:508} INFO - Created Permission View: can edit on DAG:example_branch_datetime_operator_2
[2025-05-09 14:34:13,781] {logging_mixin.py:115} INFO - [2025-05-09 14:34:13,781] {dag.py:2379} INFO - Sync 1 DAGs
[2025-05-09 14:34:13,786] {logging_mixin.py:115} INFO - [2025-05-09 14:34:13,786] {dag.py:2398} INFO - Creating ORM DAG for example_branch_datetime_operator_2
[2025-05-09 14:34:13,792] {logging_mixin.py:115} INFO - [2025-05-09 14:34:13,792] {dag.py:2927} INFO - Setting next_dagrun for example_branch_datetime_operator_2 to 2025-05-08T00:00:00+00:00, run_after=2025-05-09T00:00:00+00:00
[2025-05-09 14:34:13,805] {processor.py:161} INFO - Processing /home/pedro/Documentos/airflow/venv/lib/python3.9/site-packages/airflow/example_dags/example_branch_datetime_operator.py took 0.091 seconds
[2025-05-09 14:34:50,352] {processor.py:153} INFO - Started process (PID=62409) to work on /home/pedro/Documentos/airflow/venv/lib/python3.9/site-packages/airflow/example_dags/example_branch_datetime_operator.py
[2025-05-09 14:34:50,364] {processor.py:641} INFO - Processing file /home/pedro/Documentos/airflow/venv/lib/python3.9/site-packages/airflow/example_dags/example_branch_datetime_operator.py for tasks to queue
[2025-05-09 14:34:50,365] {logging_mixin.py:115} INFO - [2025-05-09 14:34:50,365] {dagbag.py:507} INFO - Filling up the DagBag from /home/pedro/Documentos/airflow/venv/lib/python3.9/site-packages/airflow/example_dags/example_branch_datetime_operator.py
[2025-05-09 14:34:50,371] {processor.py:651} INFO - DAG(s) dict_keys(['example_branch_datetime_operator_2']) retrieved from /home/pedro/Documentos/airflow/venv/lib/python3.9/site-packages/airflow/example_dags/example_branch_datetime_operator.py
[2025-05-09 14:34:50,382] {logging_mixin.py:115} INFO - [2025-05-09 14:34:50,382] {dag.py:2379} INFO - Sync 1 DAGs
[2025-05-09 14:34:50,398] {logging_mixin.py:115} INFO - [2025-05-09 14:34:50,398] {dag.py:2927} INFO - Setting next_dagrun for example_branch_datetime_operator_2 to 2025-05-08T00:00:00+00:00, run_after=2025-05-09T00:00:00+00:00
[2025-05-09 14:34:50,409] {processor.py:161} INFO - Processing /home/pedro/Documentos/airflow/venv/lib/python3.9/site-packages/airflow/example_dags/example_branch_datetime_operator.py took 0.059 seconds
[2025-05-09 14:35:23,525] {processor.py:153} INFO - Started process (PID=62805) to work on /home/pedro/Documentos/airflow/venv/lib/python3.9/site-packages/airflow/example_dags/example_branch_datetime_operator.py
[2025-05-09 14:35:23,538] {processor.py:641} INFO - Processing file /home/pedro/Documentos/airflow/venv/lib/python3.9/site-packages/airflow/example_dags/example_branch_datetime_operator.py for tasks to queue
[2025-05-09 14:35:23,539] {logging_mixin.py:115} INFO - [2025-05-09 14:35:23,538] {dagbag.py:507} INFO - Filling up the DagBag from /home/pedro/Documentos/airflow/venv/lib/python3.9/site-packages/airflow/example_dags/example_branch_datetime_operator.py
[2025-05-09 14:35:23,547] {processor.py:651} INFO - DAG(s) dict_keys(['example_branch_datetime_operator_2']) retrieved from /home/pedro/Documentos/airflow/venv/lib/python3.9/site-packages/airflow/example_dags/example_branch_datetime_operator.py
[2025-05-09 14:35:23,564] {logging_mixin.py:115} INFO - [2025-05-09 14:35:23,563] {dag.py:2379} INFO - Sync 1 DAGs
[2025-05-09 14:35:23,581] {logging_mixin.py:115} INFO - [2025-05-09 14:35:23,581] {dag.py:2927} INFO - Setting next_dagrun for example_branch_datetime_operator_2 to 2025-05-08T00:00:00+00:00, run_after=2025-05-09T00:00:00+00:00
[2025-05-09 14:35:23,591] {processor.py:161} INFO - Processing /home/pedro/Documentos/airflow/venv/lib/python3.9/site-packages/airflow/example_dags/example_branch_datetime_operator.py took 0.068 seconds
[2025-05-09 14:35:56,165] {processor.py:153} INFO - Started process (PID=63198) to work on /home/pedro/Documentos/airflow/venv/lib/python3.9/site-packages/airflow/example_dags/example_branch_datetime_operator.py
[2025-05-09 14:35:56,177] {processor.py:641} INFO - Processing file /home/pedro/Documentos/airflow/venv/lib/python3.9/site-packages/airflow/example_dags/example_branch_datetime_operator.py for tasks to queue
[2025-05-09 14:35:56,177] {logging_mixin.py:115} INFO - [2025-05-09 14:35:56,177] {dagbag.py:507} INFO - Filling up the DagBag from /home/pedro/Documentos/airflow/venv/lib/python3.9/site-packages/airflow/example_dags/example_branch_datetime_operator.py
[2025-05-09 14:35:56,182] {processor.py:651} INFO - DAG(s) dict_keys(['example_branch_datetime_operator_2']) retrieved from /home/pedro/Documentos/airflow/venv/lib/python3.9/site-packages/airflow/example_dags/example_branch_datetime_operator.py
[2025-05-09 14:35:56,194] {logging_mixin.py:115} INFO - [2025-05-09 14:35:56,194] {dag.py:2379} INFO - Sync 1 DAGs
[2025-05-09 14:35:56,208] {logging_mixin.py:115} INFO - [2025-05-09 14:35:56,208] {dag.py:2927} INFO - Setting next_dagrun for example_branch_datetime_operator_2 to 2025-05-08T00:00:00+00:00, run_after=2025-05-09T00:00:00+00:00
[2025-05-09 14:35:56,218] {processor.py:161} INFO - Processing /home/pedro/Documentos/airflow/venv/lib/python3.9/site-packages/airflow/example_dags/example_branch_datetime_operator.py took 0.055 seconds
[2025-05-09 14:36:29,124] {processor.py:153} INFO - Started process (PID=63402) to work on /home/pedro/Documentos/airflow/venv/lib/python3.9/site-packages/airflow/example_dags/example_branch_datetime_operator.py
[2025-05-09 14:36:29,136] {processor.py:641} INFO - Processing file /home/pedro/Documentos/airflow/venv/lib/python3.9/site-packages/airflow/example_dags/example_branch_datetime_operator.py for tasks to queue
[2025-05-09 14:36:29,137] {logging_mixin.py:115} INFO - [2025-05-09 14:36:29,137] {dagbag.py:507} INFO - Filling up the DagBag from /home/pedro/Documentos/airflow/venv/lib/python3.9/site-packages/airflow/example_dags/example_branch_datetime_operator.py
[2025-05-09 14:36:29,143] {processor.py:651} INFO - DAG(s) dict_keys(['example_branch_datetime_operator_2']) retrieved from /home/pedro/Documentos/airflow/venv/lib/python3.9/site-packages/airflow/example_dags/example_branch_datetime_operator.py
[2025-05-09 14:36:29,154] {logging_mixin.py:115} INFO - [2025-05-09 14:36:29,154] {dag.py:2379} INFO - Sync 1 DAGs
[2025-05-09 14:36:29,168] {logging_mixin.py:115} INFO - [2025-05-09 14:36:29,168] {dag.py:2927} INFO - Setting next_dagrun for example_branch_datetime_operator_2 to 2025-05-08T00:00:00+00:00, run_after=2025-05-09T00:00:00+00:00
[2025-05-09 14:36:29,178] {processor.py:161} INFO - Processing /home/pedro/Documentos/airflow/venv/lib/python3.9/site-packages/airflow/example_dags/example_branch_datetime_operator.py took 0.056 seconds
[2025-05-09 14:37:04,211] {processor.py:153} INFO - Started process (PID=63803) to work on /home/pedro/Documentos/airflow/venv/lib/python3.9/site-packages/airflow/example_dags/example_branch_datetime_operator.py
[2025-05-09 14:37:04,328] {processor.py:641} INFO - Processing file /home/pedro/Documentos/airflow/venv/lib/python3.9/site-packages/airflow/example_dags/example_branch_datetime_operator.py for tasks to queue
[2025-05-09 14:37:04,329] {logging_mixin.py:115} INFO - [2025-05-09 14:37:04,329] {dagbag.py:507} INFO - Filling up the DagBag from /home/pedro/Documentos/airflow/venv/lib/python3.9/site-packages/airflow/example_dags/example_branch_datetime_operator.py
[2025-05-09 14:37:04,335] {processor.py:651} INFO - DAG(s) dict_keys(['example_branch_datetime_operator_2']) retrieved from /home/pedro/Documentos/airflow/venv/lib/python3.9/site-packages/airflow/example_dags/example_branch_datetime_operator.py
[2025-05-09 14:37:04,347] {logging_mixin.py:115} INFO - [2025-05-09 14:37:04,347] {dag.py:2379} INFO - Sync 1 DAGs
[2025-05-09 14:37:04,362] {logging_mixin.py:115} INFO - [2025-05-09 14:37:04,362] {dag.py:2927} INFO - Setting next_dagrun for example_branch_datetime_operator_2 to 2025-05-08T00:00:00+00:00, run_after=2025-05-09T00:00:00+00:00
[2025-05-09 14:37:04,985] {processor.py:161} INFO - Processing /home/pedro/Documentos/airflow/venv/lib/python3.9/site-packages/airflow/example_dags/example_branch_datetime_operator.py took 0.776 seconds
[2025-05-09 14:37:39,713] {processor.py:153} INFO - Started process (PID=64223) to work on /home/pedro/Documentos/airflow/venv/lib/python3.9/site-packages/airflow/example_dags/example_branch_datetime_operator.py
[2025-05-09 14:37:39,725] {processor.py:641} INFO - Processing file /home/pedro/Documentos/airflow/venv/lib/python3.9/site-packages/airflow/example_dags/example_branch_datetime_operator.py for tasks to queue
[2025-05-09 14:37:39,726] {logging_mixin.py:115} INFO - [2025-05-09 14:37:39,726] {dagbag.py:507} INFO - Filling up the DagBag from /home/pedro/Documentos/airflow/venv/lib/python3.9/site-packages/airflow/example_dags/example_branch_datetime_operator.py
[2025-05-09 14:37:39,732] {processor.py:651} INFO - DAG(s) dict_keys(['example_branch_datetime_operator_2']) retrieved from /home/pedro/Documentos/airflow/venv/lib/python3.9/site-packages/airflow/example_dags/example_branch_datetime_operator.py
[2025-05-09 14:37:39,743] {logging_mixin.py:115} INFO - [2025-05-09 14:37:39,743] {dag.py:2379} INFO - Sync 1 DAGs
[2025-05-09 14:37:39,757] {logging_mixin.py:115} INFO - [2025-05-09 14:37:39,757] {dag.py:2927} INFO - Setting next_dagrun for example_branch_datetime_operator_2 to 2025-05-08T00:00:00+00:00, run_after=2025-05-09T00:00:00+00:00
[2025-05-09 14:37:39,767] {processor.py:161} INFO - Processing /home/pedro/Documentos/airflow/venv/lib/python3.9/site-packages/airflow/example_dags/example_branch_datetime_operator.py took 0.056 seconds
[2025-05-09 14:38:10,560] {processor.py:153} INFO - Started process (PID=64670) to work on /home/pedro/Documentos/airflow/venv/lib/python3.9/site-packages/airflow/example_dags/example_branch_datetime_operator.py
[2025-05-09 14:38:10,573] {processor.py:641} INFO - Processing file /home/pedro/Documentos/airflow/venv/lib/python3.9/site-packages/airflow/example_dags/example_branch_datetime_operator.py for tasks to queue
[2025-05-09 14:38:10,573] {logging_mixin.py:115} INFO - [2025-05-09 14:38:10,573] {dagbag.py:507} INFO - Filling up the DagBag from /home/pedro/Documentos/airflow/venv/lib/python3.9/site-packages/airflow/example_dags/example_branch_datetime_operator.py
[2025-05-09 14:38:10,578] {processor.py:651} INFO - DAG(s) dict_keys(['example_branch_datetime_operator_2']) retrieved from /home/pedro/Documentos/airflow/venv/lib/python3.9/site-packages/airflow/example_dags/example_branch_datetime_operator.py
[2025-05-09 14:38:10,590] {logging_mixin.py:115} INFO - [2025-05-09 14:38:10,590] {dag.py:2379} INFO - Sync 1 DAGs
[2025-05-09 14:38:10,605] {logging_mixin.py:115} INFO - [2025-05-09 14:38:10,605] {dag.py:2927} INFO - Setting next_dagrun for example_branch_datetime_operator_2 to 2025-05-08T00:00:00+00:00, run_after=2025-05-09T00:00:00+00:00
[2025-05-09 14:38:10,615] {processor.py:161} INFO - Processing /home/pedro/Documentos/airflow/venv/lib/python3.9/site-packages/airflow/example_dags/example_branch_datetime_operator.py took 0.057 seconds
[2025-05-09 14:38:47,015] {processor.py:153} INFO - Started process (PID=65077) to work on /home/pedro/Documentos/airflow/venv/lib/python3.9/site-packages/airflow/example_dags/example_branch_datetime_operator.py
[2025-05-09 14:38:47,029] {processor.py:641} INFO - Processing file /home/pedro/Documentos/airflow/venv/lib/python3.9/site-packages/airflow/example_dags/example_branch_datetime_operator.py for tasks to queue
[2025-05-09 14:38:47,029] {logging_mixin.py:115} INFO - [2025-05-09 14:38:47,029] {dagbag.py:507} INFO - Filling up the DagBag from /home/pedro/Documentos/airflow/venv/lib/python3.9/site-packages/airflow/example_dags/example_branch_datetime_operator.py
[2025-05-09 14:38:47,035] {processor.py:651} INFO - DAG(s) dict_keys(['example_branch_datetime_operator_2']) retrieved from /home/pedro/Documentos/airflow/venv/lib/python3.9/site-packages/airflow/example_dags/example_branch_datetime_operator.py
[2025-05-09 14:38:47,047] {logging_mixin.py:115} INFO - [2025-05-09 14:38:47,047] {dag.py:2379} INFO - Sync 1 DAGs
[2025-05-09 14:38:47,060] {logging_mixin.py:115} INFO - [2025-05-09 14:38:47,060] {dag.py:2927} INFO - Setting next_dagrun for example_branch_datetime_operator_2 to 2025-05-08T00:00:00+00:00, run_after=2025-05-09T00:00:00+00:00
[2025-05-09 14:38:47,070] {processor.py:161} INFO - Processing /home/pedro/Documentos/airflow/venv/lib/python3.9/site-packages/airflow/example_dags/example_branch_datetime_operator.py took 0.056 seconds
[2025-05-09 14:39:25,671] {processor.py:153} INFO - Started process (PID=65476) to work on /home/pedro/Documentos/airflow/venv/lib/python3.9/site-packages/airflow/example_dags/example_branch_datetime_operator.py
[2025-05-09 14:39:25,684] {processor.py:641} INFO - Processing file /home/pedro/Documentos/airflow/venv/lib/python3.9/site-packages/airflow/example_dags/example_branch_datetime_operator.py for tasks to queue
[2025-05-09 14:39:25,684] {logging_mixin.py:115} INFO - [2025-05-09 14:39:25,684] {dagbag.py:507} INFO - Filling up the DagBag from /home/pedro/Documentos/airflow/venv/lib/python3.9/site-packages/airflow/example_dags/example_branch_datetime_operator.py
[2025-05-09 14:39:25,690] {processor.py:651} INFO - DAG(s) dict_keys(['example_branch_datetime_operator_2']) retrieved from /home/pedro/Documentos/airflow/venv/lib/python3.9/site-packages/airflow/example_dags/example_branch_datetime_operator.py
[2025-05-09 14:39:25,702] {logging_mixin.py:115} INFO - [2025-05-09 14:39:25,702] {dag.py:2379} INFO - Sync 1 DAGs
[2025-05-09 14:39:25,716] {logging_mixin.py:115} INFO - [2025-05-09 14:39:25,716] {dag.py:2927} INFO - Setting next_dagrun for example_branch_datetime_operator_2 to 2025-05-08T00:00:00+00:00, run_after=2025-05-09T00:00:00+00:00
[2025-05-09 14:39:25,725] {processor.py:161} INFO - Processing /home/pedro/Documentos/airflow/venv/lib/python3.9/site-packages/airflow/example_dags/example_branch_datetime_operator.py took 0.056 seconds
[2025-05-09 14:39:57,808] {processor.py:153} INFO - Started process (PID=65675) to work on /home/pedro/Documentos/airflow/venv/lib/python3.9/site-packages/airflow/example_dags/example_branch_datetime_operator.py
[2025-05-09 14:39:57,809] {processor.py:641} INFO - Processing file /home/pedro/Documentos/airflow/venv/lib/python3.9/site-packages/airflow/example_dags/example_branch_datetime_operator.py for tasks to queue
[2025-05-09 14:39:57,809] {logging_mixin.py:115} INFO - [2025-05-09 14:39:57,809] {dagbag.py:507} INFO - Filling up the DagBag from /home/pedro/Documentos/airflow/venv/lib/python3.9/site-packages/airflow/example_dags/example_branch_datetime_operator.py
[2025-05-09 14:39:57,815] {processor.py:651} INFO - DAG(s) dict_keys(['example_branch_datetime_operator_2']) retrieved from /home/pedro/Documentos/airflow/venv/lib/python3.9/site-packages/airflow/example_dags/example_branch_datetime_operator.py
[2025-05-09 14:39:57,826] {logging_mixin.py:115} INFO - [2025-05-09 14:39:57,826] {dag.py:2379} INFO - Sync 1 DAGs
[2025-05-09 14:39:57,841] {logging_mixin.py:115} INFO - [2025-05-09 14:39:57,841] {dag.py:2927} INFO - Setting next_dagrun for example_branch_datetime_operator_2 to 2025-05-08T00:00:00+00:00, run_after=2025-05-09T00:00:00+00:00
[2025-05-09 14:39:57,851] {processor.py:161} INFO - Processing /home/pedro/Documentos/airflow/venv/lib/python3.9/site-packages/airflow/example_dags/example_branch_datetime_operator.py took 0.045 seconds
[2025-05-09 14:40:31,815] {processor.py:153} INFO - Started process (PID=65924) to work on /home/pedro/Documentos/airflow/venv/lib/python3.9/site-packages/airflow/example_dags/example_branch_datetime_operator.py
[2025-05-09 14:40:31,827] {processor.py:641} INFO - Processing file /home/pedro/Documentos/airflow/venv/lib/python3.9/site-packages/airflow/example_dags/example_branch_datetime_operator.py for tasks to queue
[2025-05-09 14:40:31,828] {logging_mixin.py:115} INFO - [2025-05-09 14:40:31,828] {dagbag.py:507} INFO - Filling up the DagBag from /home/pedro/Documentos/airflow/venv/lib/python3.9/site-packages/airflow/example_dags/example_branch_datetime_operator.py
[2025-05-09 14:40:31,834] {processor.py:651} INFO - DAG(s) dict_keys(['example_branch_datetime_operator_2']) retrieved from /home/pedro/Documentos/airflow/venv/lib/python3.9/site-packages/airflow/example_dags/example_branch_datetime_operator.py
[2025-05-09 14:40:31,845] {logging_mixin.py:115} INFO - [2025-05-09 14:40:31,845] {dag.py:2379} INFO - Sync 1 DAGs
[2025-05-09 14:40:31,859] {logging_mixin.py:115} INFO - [2025-05-09 14:40:31,859] {dag.py:2927} INFO - Setting next_dagrun for example_branch_datetime_operator_2 to 2025-05-08T00:00:00+00:00, run_after=2025-05-09T00:00:00+00:00
[2025-05-09 14:40:31,868] {processor.py:161} INFO - Processing /home/pedro/Documentos/airflow/venv/lib/python3.9/site-packages/airflow/example_dags/example_branch_datetime_operator.py took 0.056 seconds
[2025-05-09 14:41:05,563] {processor.py:153} INFO - Started process (PID=66442) to work on /home/pedro/Documentos/airflow/venv/lib/python3.9/site-packages/airflow/example_dags/example_branch_datetime_operator.py
[2025-05-09 14:41:05,575] {processor.py:641} INFO - Processing file /home/pedro/Documentos/airflow/venv/lib/python3.9/site-packages/airflow/example_dags/example_branch_datetime_operator.py for tasks to queue
[2025-05-09 14:41:05,575] {logging_mixin.py:115} INFO - [2025-05-09 14:41:05,575] {dagbag.py:507} INFO - Filling up the DagBag from /home/pedro/Documentos/airflow/venv/lib/python3.9/site-packages/airflow/example_dags/example_branch_datetime_operator.py
[2025-05-09 14:41:05,581] {processor.py:651} INFO - DAG(s) dict_keys(['example_branch_datetime_operator_2']) retrieved from /home/pedro/Documentos/airflow/venv/lib/python3.9/site-packages/airflow/example_dags/example_branch_datetime_operator.py
[2025-05-09 14:41:05,593] {logging_mixin.py:115} INFO - [2025-05-09 14:41:05,593] {dag.py:2379} INFO - Sync 1 DAGs
[2025-05-09 14:41:05,607] {logging_mixin.py:115} INFO - [2025-05-09 14:41:05,607] {dag.py:2927} INFO - Setting next_dagrun for example_branch_datetime_operator_2 to 2025-05-08T00:00:00+00:00, run_after=2025-05-09T00:00:00+00:00
[2025-05-09 14:41:05,618] {processor.py:161} INFO - Processing /home/pedro/Documentos/airflow/venv/lib/python3.9/site-packages/airflow/example_dags/example_branch_datetime_operator.py took 0.057 seconds
[2025-05-09 14:41:43,341] {processor.py:153} INFO - Started process (PID=66893) to work on /home/pedro/Documentos/airflow/venv/lib/python3.9/site-packages/airflow/example_dags/example_branch_datetime_operator.py
[2025-05-09 14:41:43,353] {processor.py:641} INFO - Processing file /home/pedro/Documentos/airflow/venv/lib/python3.9/site-packages/airflow/example_dags/example_branch_datetime_operator.py for tasks to queue
[2025-05-09 14:41:43,354] {logging_mixin.py:115} INFO - [2025-05-09 14:41:43,354] {dagbag.py:507} INFO - Filling up the DagBag from /home/pedro/Documentos/airflow/venv/lib/python3.9/site-packages/airflow/example_dags/example_branch_datetime_operator.py
[2025-05-09 14:41:43,359] {processor.py:651} INFO - DAG(s) dict_keys(['example_branch_datetime_operator_2']) retrieved from /home/pedro/Documentos/airflow/venv/lib/python3.9/site-packages/airflow/example_dags/example_branch_datetime_operator.py
[2025-05-09 14:41:43,371] {logging_mixin.py:115} INFO - [2025-05-09 14:41:43,371] {dag.py:2379} INFO - Sync 1 DAGs
[2025-05-09 14:41:43,385] {logging_mixin.py:115} INFO - [2025-05-09 14:41:43,385] {dag.py:2927} INFO - Setting next_dagrun for example_branch_datetime_operator_2 to 2025-05-08T00:00:00+00:00, run_after=2025-05-09T00:00:00+00:00
[2025-05-09 14:41:43,395] {processor.py:161} INFO - Processing /home/pedro/Documentos/airflow/venv/lib/python3.9/site-packages/airflow/example_dags/example_branch_datetime_operator.py took 0.056 seconds
[2025-05-09 14:42:17,617] {processor.py:153} INFO - Started process (PID=67099) to work on /home/pedro/Documentos/airflow/venv/lib/python3.9/site-packages/airflow/example_dags/example_branch_datetime_operator.py
[2025-05-09 14:42:17,618] {processor.py:641} INFO - Processing file /home/pedro/Documentos/airflow/venv/lib/python3.9/site-packages/airflow/example_dags/example_branch_datetime_operator.py for tasks to queue
[2025-05-09 14:42:17,618] {logging_mixin.py:115} INFO - [2025-05-09 14:42:17,618] {dagbag.py:507} INFO - Filling up the DagBag from /home/pedro/Documentos/airflow/venv/lib/python3.9/site-packages/airflow/example_dags/example_branch_datetime_operator.py
[2025-05-09 14:42:17,624] {processor.py:651} INFO - DAG(s) dict_keys(['example_branch_datetime_operator_2']) retrieved from /home/pedro/Documentos/airflow/venv/lib/python3.9/site-packages/airflow/example_dags/example_branch_datetime_operator.py
[2025-05-09 14:42:17,635] {logging_mixin.py:115} INFO - [2025-05-09 14:42:17,635] {dag.py:2379} INFO - Sync 1 DAGs
[2025-05-09 14:42:17,649] {logging_mixin.py:115} INFO - [2025-05-09 14:42:17,649] {dag.py:2927} INFO - Setting next_dagrun for example_branch_datetime_operator_2 to 2025-05-08T00:00:00+00:00, run_after=2025-05-09T00:00:00+00:00
[2025-05-09 14:42:17,658] {processor.py:161} INFO - Processing /home/pedro/Documentos/airflow/venv/lib/python3.9/site-packages/airflow/example_dags/example_branch_datetime_operator.py took 0.043 seconds
[2025-05-09 14:42:51,358] {processor.py:153} INFO - Started process (PID=67290) to work on /home/pedro/Documentos/airflow/venv/lib/python3.9/site-packages/airflow/example_dags/example_branch_datetime_operator.py
[2025-05-09 14:42:51,370] {processor.py:641} INFO - Processing file /home/pedro/Documentos/airflow/venv/lib/python3.9/site-packages/airflow/example_dags/example_branch_datetime_operator.py for tasks to queue
[2025-05-09 14:42:51,370] {logging_mixin.py:115} INFO - [2025-05-09 14:42:51,370] {dagbag.py:507} INFO - Filling up the DagBag from /home/pedro/Documentos/airflow/venv/lib/python3.9/site-packages/airflow/example_dags/example_branch_datetime_operator.py
[2025-05-09 14:42:51,376] {processor.py:651} INFO - DAG(s) dict_keys(['example_branch_datetime_operator_2']) retrieved from /home/pedro/Documentos/airflow/venv/lib/python3.9/site-packages/airflow/example_dags/example_branch_datetime_operator.py
[2025-05-09 14:42:51,387] {logging_mixin.py:115} INFO - [2025-05-09 14:42:51,387] {dag.py:2379} INFO - Sync 1 DAGs
[2025-05-09 14:42:51,401] {logging_mixin.py:115} INFO - [2025-05-09 14:42:51,401] {dag.py:2927} INFO - Setting next_dagrun for example_branch_datetime_operator_2 to 2025-05-08T00:00:00+00:00, run_after=2025-05-09T00:00:00+00:00
[2025-05-09 14:42:51,411] {processor.py:161} INFO - Processing /home/pedro/Documentos/airflow/venv/lib/python3.9/site-packages/airflow/example_dags/example_branch_datetime_operator.py took 0.055 seconds
[2025-05-09 14:43:27,354] {processor.py:153} INFO - Started process (PID=67756) to work on /home/pedro/Documentos/airflow/venv/lib/python3.9/site-packages/airflow/example_dags/example_branch_datetime_operator.py
[2025-05-09 14:43:27,366] {processor.py:641} INFO - Processing file /home/pedro/Documentos/airflow/venv/lib/python3.9/site-packages/airflow/example_dags/example_branch_datetime_operator.py for tasks to queue
[2025-05-09 14:43:27,367] {logging_mixin.py:115} INFO - [2025-05-09 14:43:27,367] {dagbag.py:507} INFO - Filling up the DagBag from /home/pedro/Documentos/airflow/venv/lib/python3.9/site-packages/airflow/example_dags/example_branch_datetime_operator.py
[2025-05-09 14:43:27,372] {processor.py:651} INFO - DAG(s) dict_keys(['example_branch_datetime_operator_2']) retrieved from /home/pedro/Documentos/airflow/venv/lib/python3.9/site-packages/airflow/example_dags/example_branch_datetime_operator.py
[2025-05-09 14:43:27,385] {logging_mixin.py:115} INFO - [2025-05-09 14:43:27,385] {dag.py:2379} INFO - Sync 1 DAGs
[2025-05-09 14:43:27,401] {logging_mixin.py:115} INFO - [2025-05-09 14:43:27,401] {dag.py:2927} INFO - Setting next_dagrun for example_branch_datetime_operator_2 to 2025-05-08T00:00:00+00:00, run_after=2025-05-09T00:00:00+00:00
[2025-05-09 14:43:27,412] {processor.py:161} INFO - Processing /home/pedro/Documentos/airflow/venv/lib/python3.9/site-packages/airflow/example_dags/example_branch_datetime_operator.py took 0.060 seconds
[2025-05-09 14:44:05,830] {processor.py:153} INFO - Started process (PID=68228) to work on /home/pedro/Documentos/airflow/venv/lib/python3.9/site-packages/airflow/example_dags/example_branch_datetime_operator.py
[2025-05-09 14:44:05,842] {processor.py:641} INFO - Processing file /home/pedro/Documentos/airflow/venv/lib/python3.9/site-packages/airflow/example_dags/example_branch_datetime_operator.py for tasks to queue
[2025-05-09 14:44:05,842] {logging_mixin.py:115} INFO - [2025-05-09 14:44:05,842] {dagbag.py:507} INFO - Filling up the DagBag from /home/pedro/Documentos/airflow/venv/lib/python3.9/site-packages/airflow/example_dags/example_branch_datetime_operator.py
[2025-05-09 14:44:05,848] {processor.py:651} INFO - DAG(s) dict_keys(['example_branch_datetime_operator_2']) retrieved from /home/pedro/Documentos/airflow/venv/lib/python3.9/site-packages/airflow/example_dags/example_branch_datetime_operator.py
[2025-05-09 14:44:05,862] {logging_mixin.py:115} INFO - [2025-05-09 14:44:05,862] {dag.py:2379} INFO - Sync 1 DAGs
[2025-05-09 14:44:05,874] {logging_mixin.py:115} INFO - [2025-05-09 14:44:05,874] {dag.py:2927} INFO - Setting next_dagrun for example_branch_datetime_operator_2 to 2025-05-08T00:00:00+00:00, run_after=2025-05-09T00:00:00+00:00
[2025-05-09 14:44:05,884] {processor.py:161} INFO - Processing /home/pedro/Documentos/airflow/venv/lib/python3.9/site-packages/airflow/example_dags/example_branch_datetime_operator.py took 0.057 seconds
[2025-05-09 14:44:39,269] {processor.py:153} INFO - Started process (PID=68429) to work on /home/pedro/Documentos/airflow/venv/lib/python3.9/site-packages/airflow/example_dags/example_branch_datetime_operator.py
[2025-05-09 14:44:39,281] {processor.py:641} INFO - Processing file /home/pedro/Documentos/airflow/venv/lib/python3.9/site-packages/airflow/example_dags/example_branch_datetime_operator.py for tasks to queue
[2025-05-09 14:44:39,281] {logging_mixin.py:115} INFO - [2025-05-09 14:44:39,281] {dagbag.py:507} INFO - Filling up the DagBag from /home/pedro/Documentos/airflow/venv/lib/python3.9/site-packages/airflow/example_dags/example_branch_datetime_operator.py
[2025-05-09 14:44:39,287] {processor.py:651} INFO - DAG(s) dict_keys(['example_branch_datetime_operator_2']) retrieved from /home/pedro/Documentos/airflow/venv/lib/python3.9/site-packages/airflow/example_dags/example_branch_datetime_operator.py
[2025-05-09 14:44:39,300] {logging_mixin.py:115} INFO - [2025-05-09 14:44:39,300] {dag.py:2379} INFO - Sync 1 DAGs
[2025-05-09 14:44:39,312] {logging_mixin.py:115} INFO - [2025-05-09 14:44:39,312] {dag.py:2927} INFO - Setting next_dagrun for example_branch_datetime_operator_2 to 2025-05-08T00:00:00+00:00, run_after=2025-05-09T00:00:00+00:00
[2025-05-09 14:44:39,322] {processor.py:161} INFO - Processing /home/pedro/Documentos/airflow/venv/lib/python3.9/site-packages/airflow/example_dags/example_branch_datetime_operator.py took 0.055 seconds
[2025-05-09 14:45:16,303] {processor.py:153} INFO - Started process (PID=68684) to work on /home/pedro/Documentos/airflow/venv/lib/python3.9/site-packages/airflow/example_dags/example_branch_datetime_operator.py
[2025-05-09 14:45:16,315] {processor.py:641} INFO - Processing file /home/pedro/Documentos/airflow/venv/lib/python3.9/site-packages/airflow/example_dags/example_branch_datetime_operator.py for tasks to queue
[2025-05-09 14:45:16,315] {logging_mixin.py:115} INFO - [2025-05-09 14:45:16,315] {dagbag.py:507} INFO - Filling up the DagBag from /home/pedro/Documentos/airflow/venv/lib/python3.9/site-packages/airflow/example_dags/example_branch_datetime_operator.py
[2025-05-09 14:45:16,320] {processor.py:651} INFO - DAG(s) dict_keys(['example_branch_datetime_operator_2']) retrieved from /home/pedro/Documentos/airflow/venv/lib/python3.9/site-packages/airflow/example_dags/example_branch_datetime_operator.py
[2025-05-09 14:45:16,333] {logging_mixin.py:115} INFO - [2025-05-09 14:45:16,333] {dag.py:2379} INFO - Sync 1 DAGs
[2025-05-09 14:45:16,345] {logging_mixin.py:115} INFO - [2025-05-09 14:45:16,345] {dag.py:2927} INFO - Setting next_dagrun for example_branch_datetime_operator_2 to 2025-05-08T00:00:00+00:00, run_after=2025-05-09T00:00:00+00:00
[2025-05-09 14:45:16,354] {processor.py:161} INFO - Processing /home/pedro/Documentos/airflow/venv/lib/python3.9/site-packages/airflow/example_dags/example_branch_datetime_operator.py took 0.054 seconds
[2025-05-09 14:45:50,019] {processor.py:153} INFO - Started process (PID=68885) to work on /home/pedro/Documentos/airflow/venv/lib/python3.9/site-packages/airflow/example_dags/example_branch_datetime_operator.py
[2025-05-09 14:45:50,031] {processor.py:641} INFO - Processing file /home/pedro/Documentos/airflow/venv/lib/python3.9/site-packages/airflow/example_dags/example_branch_datetime_operator.py for tasks to queue
[2025-05-09 14:45:50,031] {logging_mixin.py:115} INFO - [2025-05-09 14:45:50,031] {dagbag.py:507} INFO - Filling up the DagBag from /home/pedro/Documentos/airflow/venv/lib/python3.9/site-packages/airflow/example_dags/example_branch_datetime_operator.py
[2025-05-09 14:45:50,036] {processor.py:651} INFO - DAG(s) dict_keys(['example_branch_datetime_operator_2']) retrieved from /home/pedro/Documentos/airflow/venv/lib/python3.9/site-packages/airflow/example_dags/example_branch_datetime_operator.py
[2025-05-09 14:45:50,049] {logging_mixin.py:115} INFO - [2025-05-09 14:45:50,049] {dag.py:2379} INFO - Sync 1 DAGs
[2025-05-09 14:45:50,061] {logging_mixin.py:115} INFO - [2025-05-09 14:45:50,061] {dag.py:2927} INFO - Setting next_dagrun for example_branch_datetime_operator_2 to 2025-05-08T00:00:00+00:00, run_after=2025-05-09T00:00:00+00:00
[2025-05-09 14:45:50,070] {processor.py:161} INFO - Processing /home/pedro/Documentos/airflow/venv/lib/python3.9/site-packages/airflow/example_dags/example_branch_datetime_operator.py took 0.054 seconds
[2025-05-09 14:46:24,945] {processor.py:153} INFO - Started process (PID=69094) to work on /home/pedro/Documentos/airflow/venv/lib/python3.9/site-packages/airflow/example_dags/example_branch_datetime_operator.py
[2025-05-09 14:46:24,957] {processor.py:641} INFO - Processing file /home/pedro/Documentos/airflow/venv/lib/python3.9/site-packages/airflow/example_dags/example_branch_datetime_operator.py for tasks to queue
[2025-05-09 14:46:24,958] {logging_mixin.py:115} INFO - [2025-05-09 14:46:24,958] {dagbag.py:507} INFO - Filling up the DagBag from /home/pedro/Documentos/airflow/venv/lib/python3.9/site-packages/airflow/example_dags/example_branch_datetime_operator.py
[2025-05-09 14:46:24,964] {processor.py:651} INFO - DAG(s) dict_keys(['example_branch_datetime_operator_2']) retrieved from /home/pedro/Documentos/airflow/venv/lib/python3.9/site-packages/airflow/example_dags/example_branch_datetime_operator.py
[2025-05-09 14:46:24,977] {logging_mixin.py:115} INFO - [2025-05-09 14:46:24,977] {dag.py:2379} INFO - Sync 1 DAGs
[2025-05-09 14:46:24,989] {logging_mixin.py:115} INFO - [2025-05-09 14:46:24,989] {dag.py:2927} INFO - Setting next_dagrun for example_branch_datetime_operator_2 to 2025-05-08T00:00:00+00:00, run_after=2025-05-09T00:00:00+00:00
[2025-05-09 14:46:24,998] {processor.py:161} INFO - Processing /home/pedro/Documentos/airflow/venv/lib/python3.9/site-packages/airflow/example_dags/example_branch_datetime_operator.py took 0.055 seconds
[2025-05-09 14:46:58,057] {processor.py:153} INFO - Started process (PID=69599) to work on /home/pedro/Documentos/airflow/venv/lib/python3.9/site-packages/airflow/example_dags/example_branch_datetime_operator.py
[2025-05-09 14:46:58,058] {processor.py:641} INFO - Processing file /home/pedro/Documentos/airflow/venv/lib/python3.9/site-packages/airflow/example_dags/example_branch_datetime_operator.py for tasks to queue
[2025-05-09 14:46:58,058] {logging_mixin.py:115} INFO - [2025-05-09 14:46:58,058] {dagbag.py:507} INFO - Filling up the DagBag from /home/pedro/Documentos/airflow/venv/lib/python3.9/site-packages/airflow/example_dags/example_branch_datetime_operator.py
[2025-05-09 14:46:58,064] {processor.py:651} INFO - DAG(s) dict_keys(['example_branch_datetime_operator_2']) retrieved from /home/pedro/Documentos/airflow/venv/lib/python3.9/site-packages/airflow/example_dags/example_branch_datetime_operator.py
[2025-05-09 14:46:58,077] {logging_mixin.py:115} INFO - [2025-05-09 14:46:58,077] {dag.py:2379} INFO - Sync 1 DAGs
[2025-05-09 14:46:58,090] {logging_mixin.py:115} INFO - [2025-05-09 14:46:58,090] {dag.py:2927} INFO - Setting next_dagrun for example_branch_datetime_operator_2 to 2025-05-08T00:00:00+00:00, run_after=2025-05-09T00:00:00+00:00
[2025-05-09 14:46:58,101] {processor.py:161} INFO - Processing /home/pedro/Documentos/airflow/venv/lib/python3.9/site-packages/airflow/example_dags/example_branch_datetime_operator.py took 0.045 seconds
[2025-05-09 14:47:34,737] {processor.py:153} INFO - Started process (PID=69965) to work on /home/pedro/Documentos/airflow/venv/lib/python3.9/site-packages/airflow/example_dags/example_branch_datetime_operator.py
[2025-05-09 14:47:34,750] {processor.py:641} INFO - Processing file /home/pedro/Documentos/airflow/venv/lib/python3.9/site-packages/airflow/example_dags/example_branch_datetime_operator.py for tasks to queue
[2025-05-09 14:47:34,750] {logging_mixin.py:115} INFO - [2025-05-09 14:47:34,750] {dagbag.py:507} INFO - Filling up the DagBag from /home/pedro/Documentos/airflow/venv/lib/python3.9/site-packages/airflow/example_dags/example_branch_datetime_operator.py
[2025-05-09 14:47:34,755] {processor.py:651} INFO - DAG(s) dict_keys(['example_branch_datetime_operator_2']) retrieved from /home/pedro/Documentos/airflow/venv/lib/python3.9/site-packages/airflow/example_dags/example_branch_datetime_operator.py
[2025-05-09 14:47:34,768] {logging_mixin.py:115} INFO - [2025-05-09 14:47:34,768] {dag.py:2379} INFO - Sync 1 DAGs
[2025-05-09 14:47:34,781] {logging_mixin.py:115} INFO - [2025-05-09 14:47:34,781] {dag.py:2927} INFO - Setting next_dagrun for example_branch_datetime_operator_2 to 2025-05-08T00:00:00+00:00, run_after=2025-05-09T00:00:00+00:00
[2025-05-09 14:47:34,831] {processor.py:161} INFO - Processing /home/pedro/Documentos/airflow/venv/lib/python3.9/site-packages/airflow/example_dags/example_branch_datetime_operator.py took 0.096 seconds
[2025-05-09 14:48:12,102] {processor.py:153} INFO - Started process (PID=70205) to work on /home/pedro/Documentos/airflow/venv/lib/python3.9/site-packages/airflow/example_dags/example_branch_datetime_operator.py
[2025-05-09 14:48:12,115] {processor.py:641} INFO - Processing file /home/pedro/Documentos/airflow/venv/lib/python3.9/site-packages/airflow/example_dags/example_branch_datetime_operator.py for tasks to queue
[2025-05-09 14:48:12,115] {logging_mixin.py:115} INFO - [2025-05-09 14:48:12,115] {dagbag.py:507} INFO - Filling up the DagBag from /home/pedro/Documentos/airflow/venv/lib/python3.9/site-packages/airflow/example_dags/example_branch_datetime_operator.py
[2025-05-09 14:48:12,121] {processor.py:651} INFO - DAG(s) dict_keys(['example_branch_datetime_operator_2']) retrieved from /home/pedro/Documentos/airflow/venv/lib/python3.9/site-packages/airflow/example_dags/example_branch_datetime_operator.py
[2025-05-09 14:48:12,135] {logging_mixin.py:115} INFO - [2025-05-09 14:48:12,135] {dag.py:2379} INFO - Sync 1 DAGs
[2025-05-09 14:48:12,147] {logging_mixin.py:115} INFO - [2025-05-09 14:48:12,147] {dag.py:2927} INFO - Setting next_dagrun for example_branch_datetime_operator_2 to 2025-05-08T00:00:00+00:00, run_after=2025-05-09T00:00:00+00:00
[2025-05-09 14:48:12,157] {processor.py:161} INFO - Processing /home/pedro/Documentos/airflow/venv/lib/python3.9/site-packages/airflow/example_dags/example_branch_datetime_operator.py took 0.057 seconds
[2025-05-09 14:48:44,684] {processor.py:153} INFO - Started process (PID=70462) to work on /home/pedro/Documentos/airflow/venv/lib/python3.9/site-packages/airflow/example_dags/example_branch_datetime_operator.py
[2025-05-09 14:48:44,685] {processor.py:641} INFO - Processing file /home/pedro/Documentos/airflow/venv/lib/python3.9/site-packages/airflow/example_dags/example_branch_datetime_operator.py for tasks to queue
[2025-05-09 14:48:44,685] {logging_mixin.py:115} INFO - [2025-05-09 14:48:44,685] {dagbag.py:507} INFO - Filling up the DagBag from /home/pedro/Documentos/airflow/venv/lib/python3.9/site-packages/airflow/example_dags/example_branch_datetime_operator.py
[2025-05-09 14:48:44,690] {processor.py:651} INFO - DAG(s) dict_keys(['example_branch_datetime_operator_2']) retrieved from /home/pedro/Documentos/airflow/venv/lib/python3.9/site-packages/airflow/example_dags/example_branch_datetime_operator.py
[2025-05-09 14:48:44,703] {logging_mixin.py:115} INFO - [2025-05-09 14:48:44,703] {dag.py:2379} INFO - Sync 1 DAGs
[2025-05-09 14:48:44,715] {logging_mixin.py:115} INFO - [2025-05-09 14:48:44,715] {dag.py:2927} INFO - Setting next_dagrun for example_branch_datetime_operator_2 to 2025-05-08T00:00:00+00:00, run_after=2025-05-09T00:00:00+00:00
[2025-05-09 14:48:44,725] {processor.py:161} INFO - Processing /home/pedro/Documentos/airflow/venv/lib/python3.9/site-packages/airflow/example_dags/example_branch_datetime_operator.py took 0.043 seconds
[2025-05-09 14:49:20,674] {processor.py:153} INFO - Started process (PID=70717) to work on /home/pedro/Documentos/airflow/venv/lib/python3.9/site-packages/airflow/example_dags/example_branch_datetime_operator.py
[2025-05-09 14:49:20,687] {processor.py:641} INFO - Processing file /home/pedro/Documentos/airflow/venv/lib/python3.9/site-packages/airflow/example_dags/example_branch_datetime_operator.py for tasks to queue
[2025-05-09 14:49:20,687] {logging_mixin.py:115} INFO - [2025-05-09 14:49:20,687] {dagbag.py:507} INFO - Filling up the DagBag from /home/pedro/Documentos/airflow/venv/lib/python3.9/site-packages/airflow/example_dags/example_branch_datetime_operator.py
[2025-05-09 14:49:20,692] {processor.py:651} INFO - DAG(s) dict_keys(['example_branch_datetime_operator_2']) retrieved from /home/pedro/Documentos/airflow/venv/lib/python3.9/site-packages/airflow/example_dags/example_branch_datetime_operator.py
[2025-05-09 14:49:20,705] {logging_mixin.py:115} INFO - [2025-05-09 14:49:20,705] {dag.py:2379} INFO - Sync 1 DAGs
[2025-05-09 14:49:20,720] {logging_mixin.py:115} INFO - [2025-05-09 14:49:20,720] {dag.py:2927} INFO - Setting next_dagrun for example_branch_datetime_operator_2 to 2025-05-08T00:00:00+00:00, run_after=2025-05-09T00:00:00+00:00
[2025-05-09 14:49:20,731] {processor.py:161} INFO - Processing /home/pedro/Documentos/airflow/venv/lib/python3.9/site-packages/airflow/example_dags/example_branch_datetime_operator.py took 0.059 seconds
[2025-05-09 14:49:57,736] {processor.py:153} INFO - Started process (PID=70969) to work on /home/pedro/Documentos/airflow/venv/lib/python3.9/site-packages/airflow/example_dags/example_branch_datetime_operator.py
[2025-05-09 14:49:57,749] {processor.py:641} INFO - Processing file /home/pedro/Documentos/airflow/venv/lib/python3.9/site-packages/airflow/example_dags/example_branch_datetime_operator.py for tasks to queue
[2025-05-09 14:49:57,749] {logging_mixin.py:115} INFO - [2025-05-09 14:49:57,749] {dagbag.py:507} INFO - Filling up the DagBag from /home/pedro/Documentos/airflow/venv/lib/python3.9/site-packages/airflow/example_dags/example_branch_datetime_operator.py
[2025-05-09 14:49:57,755] {processor.py:651} INFO - DAG(s) dict_keys(['example_branch_datetime_operator_2']) retrieved from /home/pedro/Documentos/airflow/venv/lib/python3.9/site-packages/airflow/example_dags/example_branch_datetime_operator.py
[2025-05-09 14:49:57,767] {logging_mixin.py:115} INFO - [2025-05-09 14:49:57,767] {dag.py:2379} INFO - Sync 1 DAGs
[2025-05-09 14:49:57,780] {logging_mixin.py:115} INFO - [2025-05-09 14:49:57,780] {dag.py:2927} INFO - Setting next_dagrun for example_branch_datetime_operator_2 to 2025-05-08T00:00:00+00:00, run_after=2025-05-09T00:00:00+00:00
[2025-05-09 14:49:57,790] {processor.py:161} INFO - Processing /home/pedro/Documentos/airflow/venv/lib/python3.9/site-packages/airflow/example_dags/example_branch_datetime_operator.py took 0.055 seconds
[2025-05-09 14:50:31,978] {processor.py:153} INFO - Started process (PID=71253) to work on /home/pedro/Documentos/airflow/venv/lib/python3.9/site-packages/airflow/example_dags/example_branch_datetime_operator.py
[2025-05-09 14:50:31,991] {processor.py:641} INFO - Processing file /home/pedro/Documentos/airflow/venv/lib/python3.9/site-packages/airflow/example_dags/example_branch_datetime_operator.py for tasks to queue
[2025-05-09 14:50:31,991] {logging_mixin.py:115} INFO - [2025-05-09 14:50:31,991] {dagbag.py:507} INFO - Filling up the DagBag from /home/pedro/Documentos/airflow/venv/lib/python3.9/site-packages/airflow/example_dags/example_branch_datetime_operator.py
[2025-05-09 14:50:31,997] {processor.py:651} INFO - DAG(s) dict_keys(['example_branch_datetime_operator_2']) retrieved from /home/pedro/Documentos/airflow/venv/lib/python3.9/site-packages/airflow/example_dags/example_branch_datetime_operator.py
[2025-05-09 14:50:32,010] {logging_mixin.py:115} INFO - [2025-05-09 14:50:32,010] {dag.py:2379} INFO - Sync 1 DAGs
[2025-05-09 14:50:32,023] {logging_mixin.py:115} INFO - [2025-05-09 14:50:32,023] {dag.py:2927} INFO - Setting next_dagrun for example_branch_datetime_operator_2 to 2025-05-08T00:00:00+00:00, run_after=2025-05-09T00:00:00+00:00
[2025-05-09 14:50:32,033] {processor.py:161} INFO - Processing /home/pedro/Documentos/airflow/venv/lib/python3.9/site-packages/airflow/example_dags/example_branch_datetime_operator.py took 0.057 seconds
[2025-05-09 14:51:08,599] {processor.py:153} INFO - Started process (PID=71474) to work on /home/pedro/Documentos/airflow/venv/lib/python3.9/site-packages/airflow/example_dags/example_branch_datetime_operator.py
[2025-05-09 14:51:08,611] {processor.py:641} INFO - Processing file /home/pedro/Documentos/airflow/venv/lib/python3.9/site-packages/airflow/example_dags/example_branch_datetime_operator.py for tasks to queue
[2025-05-09 14:51:08,612] {logging_mixin.py:115} INFO - [2025-05-09 14:51:08,612] {dagbag.py:507} INFO - Filling up the DagBag from /home/pedro/Documentos/airflow/venv/lib/python3.9/site-packages/airflow/example_dags/example_branch_datetime_operator.py
[2025-05-09 14:51:08,617] {processor.py:651} INFO - DAG(s) dict_keys(['example_branch_datetime_operator_2']) retrieved from /home/pedro/Documentos/airflow/venv/lib/python3.9/site-packages/airflow/example_dags/example_branch_datetime_operator.py
[2025-05-09 14:51:08,630] {logging_mixin.py:115} INFO - [2025-05-09 14:51:08,630] {dag.py:2379} INFO - Sync 1 DAGs
[2025-05-09 14:51:08,642] {logging_mixin.py:115} INFO - [2025-05-09 14:51:08,642] {dag.py:2927} INFO - Setting next_dagrun for example_branch_datetime_operator_2 to 2025-05-08T00:00:00+00:00, run_after=2025-05-09T00:00:00+00:00
[2025-05-09 14:51:08,652] {processor.py:161} INFO - Processing /home/pedro/Documentos/airflow/venv/lib/python3.9/site-packages/airflow/example_dags/example_branch_datetime_operator.py took 0.055 seconds
[2025-05-09 14:51:44,738] {processor.py:153} INFO - Started process (PID=71819) to work on /home/pedro/Documentos/airflow/venv/lib/python3.9/site-packages/airflow/example_dags/example_branch_datetime_operator.py
[2025-05-09 14:51:44,750] {processor.py:641} INFO - Processing file /home/pedro/Documentos/airflow/venv/lib/python3.9/site-packages/airflow/example_dags/example_branch_datetime_operator.py for tasks to queue
[2025-05-09 14:51:44,751] {logging_mixin.py:115} INFO - [2025-05-09 14:51:44,751] {dagbag.py:507} INFO - Filling up the DagBag from /home/pedro/Documentos/airflow/venv/lib/python3.9/site-packages/airflow/example_dags/example_branch_datetime_operator.py
[2025-05-09 14:51:44,756] {processor.py:651} INFO - DAG(s) dict_keys(['example_branch_datetime_operator_2']) retrieved from /home/pedro/Documentos/airflow/venv/lib/python3.9/site-packages/airflow/example_dags/example_branch_datetime_operator.py
[2025-05-09 14:51:44,770] {logging_mixin.py:115} INFO - [2025-05-09 14:51:44,770] {dag.py:2379} INFO - Sync 1 DAGs
[2025-05-09 14:51:44,783] {logging_mixin.py:115} INFO - [2025-05-09 14:51:44,783] {dag.py:2927} INFO - Setting next_dagrun for example_branch_datetime_operator_2 to 2025-05-08T00:00:00+00:00, run_after=2025-05-09T00:00:00+00:00
[2025-05-09 14:51:44,794] {processor.py:161} INFO - Processing /home/pedro/Documentos/airflow/venv/lib/python3.9/site-packages/airflow/example_dags/example_branch_datetime_operator.py took 0.058 seconds
[2025-05-09 14:52:18,398] {processor.py:153} INFO - Started process (PID=72341) to work on /home/pedro/Documentos/airflow/venv/lib/python3.9/site-packages/airflow/example_dags/example_branch_datetime_operator.py
[2025-05-09 14:52:18,410] {processor.py:641} INFO - Processing file /home/pedro/Documentos/airflow/venv/lib/python3.9/site-packages/airflow/example_dags/example_branch_datetime_operator.py for tasks to queue
[2025-05-09 14:52:18,411] {logging_mixin.py:115} INFO - [2025-05-09 14:52:18,411] {dagbag.py:507} INFO - Filling up the DagBag from /home/pedro/Documentos/airflow/venv/lib/python3.9/site-packages/airflow/example_dags/example_branch_datetime_operator.py
[2025-05-09 14:52:18,417] {processor.py:651} INFO - DAG(s) dict_keys(['example_branch_datetime_operator_2']) retrieved from /home/pedro/Documentos/airflow/venv/lib/python3.9/site-packages/airflow/example_dags/example_branch_datetime_operator.py
[2025-05-09 14:52:18,430] {logging_mixin.py:115} INFO - [2025-05-09 14:52:18,430] {dag.py:2379} INFO - Sync 1 DAGs
[2025-05-09 14:52:18,443] {logging_mixin.py:115} INFO - [2025-05-09 14:52:18,443] {dag.py:2927} INFO - Setting next_dagrun for example_branch_datetime_operator_2 to 2025-05-08T00:00:00+00:00, run_after=2025-05-09T00:00:00+00:00
[2025-05-09 14:52:18,453] {processor.py:161} INFO - Processing /home/pedro/Documentos/airflow/venv/lib/python3.9/site-packages/airflow/example_dags/example_branch_datetime_operator.py took 0.058 seconds
[2025-05-09 14:52:53,027] {processor.py:153} INFO - Started process (PID=72560) to work on /home/pedro/Documentos/airflow/venv/lib/python3.9/site-packages/airflow/example_dags/example_branch_datetime_operator.py
[2025-05-09 14:52:53,040] {processor.py:641} INFO - Processing file /home/pedro/Documentos/airflow/venv/lib/python3.9/site-packages/airflow/example_dags/example_branch_datetime_operator.py for tasks to queue
[2025-05-09 14:52:53,040] {logging_mixin.py:115} INFO - [2025-05-09 14:52:53,040] {dagbag.py:507} INFO - Filling up the DagBag from /home/pedro/Documentos/airflow/venv/lib/python3.9/site-packages/airflow/example_dags/example_branch_datetime_operator.py
[2025-05-09 14:52:53,046] {processor.py:651} INFO - DAG(s) dict_keys(['example_branch_datetime_operator_2']) retrieved from /home/pedro/Documentos/airflow/venv/lib/python3.9/site-packages/airflow/example_dags/example_branch_datetime_operator.py
[2025-05-09 14:52:53,058] {logging_mixin.py:115} INFO - [2025-05-09 14:52:53,058] {dag.py:2379} INFO - Sync 1 DAGs
[2025-05-09 14:52:53,071] {logging_mixin.py:115} INFO - [2025-05-09 14:52:53,070] {dag.py:2927} INFO - Setting next_dagrun for example_branch_datetime_operator_2 to 2025-05-08T00:00:00+00:00, run_after=2025-05-09T00:00:00+00:00
[2025-05-09 14:52:53,081] {processor.py:161} INFO - Processing /home/pedro/Documentos/airflow/venv/lib/python3.9/site-packages/airflow/example_dags/example_branch_datetime_operator.py took 0.055 seconds
[2025-05-09 14:53:29,322] {processor.py:153} INFO - Started process (PID=73291) to work on /home/pedro/Documentos/airflow/venv/lib/python3.9/site-packages/airflow/example_dags/example_branch_datetime_operator.py
[2025-05-09 14:53:29,335] {processor.py:641} INFO - Processing file /home/pedro/Documentos/airflow/venv/lib/python3.9/site-packages/airflow/example_dags/example_branch_datetime_operator.py for tasks to queue
[2025-05-09 14:53:29,335] {logging_mixin.py:115} INFO - [2025-05-09 14:53:29,335] {dagbag.py:507} INFO - Filling up the DagBag from /home/pedro/Documentos/airflow/venv/lib/python3.9/site-packages/airflow/example_dags/example_branch_datetime_operator.py
[2025-05-09 14:53:29,341] {processor.py:651} INFO - DAG(s) dict_keys(['example_branch_datetime_operator_2']) retrieved from /home/pedro/Documentos/airflow/venv/lib/python3.9/site-packages/airflow/example_dags/example_branch_datetime_operator.py
[2025-05-09 14:53:29,354] {logging_mixin.py:115} INFO - [2025-05-09 14:53:29,354] {dag.py:2379} INFO - Sync 1 DAGs
[2025-05-09 14:53:29,367] {logging_mixin.py:115} INFO - [2025-05-09 14:53:29,367] {dag.py:2927} INFO - Setting next_dagrun for example_branch_datetime_operator_2 to 2025-05-08T00:00:00+00:00, run_after=2025-05-09T00:00:00+00:00
[2025-05-09 14:53:29,378] {processor.py:161} INFO - Processing /home/pedro/Documentos/airflow/venv/lib/python3.9/site-packages/airflow/example_dags/example_branch_datetime_operator.py took 0.058 seconds
[2025-05-09 14:54:02,088] {processor.py:153} INFO - Started process (PID=74108) to work on /home/pedro/Documentos/airflow/venv/lib/python3.9/site-packages/airflow/example_dags/example_branch_datetime_operator.py
[2025-05-09 14:54:02,101] {processor.py:641} INFO - Processing file /home/pedro/Documentos/airflow/venv/lib/python3.9/site-packages/airflow/example_dags/example_branch_datetime_operator.py for tasks to queue
[2025-05-09 14:54:02,101] {logging_mixin.py:115} INFO - [2025-05-09 14:54:02,101] {dagbag.py:507} INFO - Filling up the DagBag from /home/pedro/Documentos/airflow/venv/lib/python3.9/site-packages/airflow/example_dags/example_branch_datetime_operator.py
[2025-05-09 14:54:02,107] {processor.py:651} INFO - DAG(s) dict_keys(['example_branch_datetime_operator_2']) retrieved from /home/pedro/Documentos/airflow/venv/lib/python3.9/site-packages/airflow/example_dags/example_branch_datetime_operator.py
[2025-05-09 14:54:02,122] {logging_mixin.py:115} INFO - [2025-05-09 14:54:02,122] {dag.py:2379} INFO - Sync 1 DAGs
[2025-05-09 14:54:02,135] {logging_mixin.py:115} INFO - [2025-05-09 14:54:02,135] {dag.py:2927} INFO - Setting next_dagrun for example_branch_datetime_operator_2 to 2025-05-08T00:00:00+00:00, run_after=2025-05-09T00:00:00+00:00
[2025-05-09 14:54:02,186] {processor.py:161} INFO - Processing /home/pedro/Documentos/airflow/venv/lib/python3.9/site-packages/airflow/example_dags/example_branch_datetime_operator.py took 0.100 seconds
[2025-05-09 14:54:34,248] {processor.py:153} INFO - Started process (PID=74390) to work on /home/pedro/Documentos/airflow/venv/lib/python3.9/site-packages/airflow/example_dags/example_branch_datetime_operator.py
[2025-05-09 14:54:34,260] {processor.py:641} INFO - Processing file /home/pedro/Documentos/airflow/venv/lib/python3.9/site-packages/airflow/example_dags/example_branch_datetime_operator.py for tasks to queue
[2025-05-09 14:54:34,261] {logging_mixin.py:115} INFO - [2025-05-09 14:54:34,261] {dagbag.py:507} INFO - Filling up the DagBag from /home/pedro/Documentos/airflow/venv/lib/python3.9/site-packages/airflow/example_dags/example_branch_datetime_operator.py
[2025-05-09 14:54:34,267] {processor.py:651} INFO - DAG(s) dict_keys(['example_branch_datetime_operator_2']) retrieved from /home/pedro/Documentos/airflow/venv/lib/python3.9/site-packages/airflow/example_dags/example_branch_datetime_operator.py
[2025-05-09 14:54:34,280] {logging_mixin.py:115} INFO - [2025-05-09 14:54:34,280] {dag.py:2379} INFO - Sync 1 DAGs
[2025-05-09 14:54:34,293] {logging_mixin.py:115} INFO - [2025-05-09 14:54:34,293] {dag.py:2927} INFO - Setting next_dagrun for example_branch_datetime_operator_2 to 2025-05-08T00:00:00+00:00, run_after=2025-05-09T00:00:00+00:00
[2025-05-09 14:54:34,303] {processor.py:161} INFO - Processing /home/pedro/Documentos/airflow/venv/lib/python3.9/site-packages/airflow/example_dags/example_branch_datetime_operator.py took 0.057 seconds
[2025-05-09 14:55:08,510] {processor.py:153} INFO - Started process (PID=74590) to work on /home/pedro/Documentos/airflow/venv/lib/python3.9/site-packages/airflow/example_dags/example_branch_datetime_operator.py
[2025-05-09 14:55:08,522] {processor.py:641} INFO - Processing file /home/pedro/Documentos/airflow/venv/lib/python3.9/site-packages/airflow/example_dags/example_branch_datetime_operator.py for tasks to queue
[2025-05-09 14:55:08,523] {logging_mixin.py:115} INFO - [2025-05-09 14:55:08,523] {dagbag.py:507} INFO - Filling up the DagBag from /home/pedro/Documentos/airflow/venv/lib/python3.9/site-packages/airflow/example_dags/example_branch_datetime_operator.py
[2025-05-09 14:55:08,529] {processor.py:651} INFO - DAG(s) dict_keys(['example_branch_datetime_operator_2']) retrieved from /home/pedro/Documentos/airflow/venv/lib/python3.9/site-packages/airflow/example_dags/example_branch_datetime_operator.py
[2025-05-09 14:55:08,542] {logging_mixin.py:115} INFO - [2025-05-09 14:55:08,541] {dag.py:2379} INFO - Sync 1 DAGs
[2025-05-09 14:55:08,554] {logging_mixin.py:115} INFO - [2025-05-09 14:55:08,554] {dag.py:2927} INFO - Setting next_dagrun for example_branch_datetime_operator_2 to 2025-05-08T00:00:00+00:00, run_after=2025-05-09T00:00:00+00:00
[2025-05-09 14:55:08,564] {processor.py:161} INFO - Processing /home/pedro/Documentos/airflow/venv/lib/python3.9/site-packages/airflow/example_dags/example_branch_datetime_operator.py took 0.056 seconds
