[2025-05-09 14:33:58,332] {processor.py:153} INFO - Started process (PID=61720) to work on /home/pedro/Documentos/airflow/venv/lib/python3.9/site-packages/airflow/example_dags/example_subdag_operator.py
[2025-05-09 14:33:58,332] {processor.py:641} INFO - Processing file /home/pedro/Documentos/airflow/venv/lib/python3.9/site-packages/airflow/example_dags/example_subdag_operator.py for tasks to queue
[2025-05-09 14:33:58,333] {logging_mixin.py:115} INFO - [2025-05-09 14:33:58,333] {dagbag.py:507} INFO - Filling up the DagBag from /home/pedro/Documentos/airflow/venv/lib/python3.9/site-packages/airflow/example_dags/example_subdag_operator.py
[2025-05-09 14:33:58,348] {processor.py:651} INFO - DAG(s) dict_keys(['example_subdag_operator.section-1', 'example_subdag_operator.section-2', 'example_subdag_operator']) retrieved from /home/pedro/Documentos/airflow/venv/lib/python3.9/site-packages/airflow/example_dags/example_subdag_operator.py
[2025-05-09 14:33:58,392] {logging_mixin.py:115} INFO - [2025-05-09 14:33:58,392] {manager.py:508} INFO - Created Permission View: can delete on DAG:example_subdag_operator
[2025-05-09 14:33:58,399] {logging_mixin.py:115} INFO - [2025-05-09 14:33:58,399] {manager.py:508} INFO - Created Permission View: can read on DAG:example_subdag_operator
[2025-05-09 14:33:58,406] {logging_mixin.py:115} INFO - [2025-05-09 14:33:58,405] {manager.py:508} INFO - Created Permission View: can edit on DAG:example_subdag_operator
[2025-05-09 14:33:58,406] {logging_mixin.py:115} INFO - [2025-05-09 14:33:58,406] {dag.py:2379} INFO - Sync 3 DAGs
[2025-05-09 14:33:58,411] {logging_mixin.py:115} INFO - [2025-05-09 14:33:58,410] {dag.py:2398} INFO - Creating ORM DAG for example_subdag_operator.section-1
[2025-05-09 14:33:58,411] {logging_mixin.py:115} INFO - [2025-05-09 14:33:58,411] {dag.py:2398} INFO - Creating ORM DAG for example_subdag_operator
[2025-05-09 14:33:58,411] {logging_mixin.py:115} INFO - [2025-05-09 14:33:58,411] {dag.py:2398} INFO - Creating ORM DAG for example_subdag_operator.section-2
[2025-05-09 14:33:58,416] {logging_mixin.py:115} INFO - [2025-05-09 14:33:58,416] {dag.py:2927} INFO - Setting next_dagrun for example_subdag_operator to 2022-01-01T00:00:00+00:00, run_after=2022-01-01T00:00:00+00:00
[2025-05-09 14:33:58,417] {logging_mixin.py:115} INFO - [2025-05-09 14:33:58,417] {dag.py:2927} INFO - Setting next_dagrun for example_subdag_operator.section-1 to None, run_after=None
[2025-05-09 14:33:58,417] {logging_mixin.py:115} INFO - [2025-05-09 14:33:58,417] {dag.py:2927} INFO - Setting next_dagrun for example_subdag_operator.section-2 to None, run_after=None
[2025-05-09 14:33:58,421] {logging_mixin.py:115} INFO - [2025-05-09 14:33:58,421] {dag.py:2379} INFO - Sync 2 DAGs
[2025-05-09 14:33:58,423] {logging_mixin.py:115} INFO - [2025-05-09 14:33:58,423] {dag.py:2927} INFO - Setting next_dagrun for example_subdag_operator.section-1 to None, run_after=None
[2025-05-09 14:33:58,423] {logging_mixin.py:115} INFO - [2025-05-09 14:33:58,423] {dag.py:2927} INFO - Setting next_dagrun for example_subdag_operator.section-2 to None, run_after=None
[2025-05-09 14:33:58,432] {processor.py:161} INFO - Processing /home/pedro/Documentos/airflow/venv/lib/python3.9/site-packages/airflow/example_dags/example_subdag_operator.py took 0.103 seconds
[2025-05-09 14:34:33,982] {processor.py:153} INFO - Started process (PID=62219) to work on /home/pedro/Documentos/airflow/venv/lib/python3.9/site-packages/airflow/example_dags/example_subdag_operator.py
[2025-05-09 14:34:33,995] {processor.py:641} INFO - Processing file /home/pedro/Documentos/airflow/venv/lib/python3.9/site-packages/airflow/example_dags/example_subdag_operator.py for tasks to queue
[2025-05-09 14:34:33,995] {logging_mixin.py:115} INFO - [2025-05-09 14:34:33,995] {dagbag.py:507} INFO - Filling up the DagBag from /home/pedro/Documentos/airflow/venv/lib/python3.9/site-packages/airflow/example_dags/example_subdag_operator.py
[2025-05-09 14:34:34,010] {processor.py:651} INFO - DAG(s) dict_keys(['example_subdag_operator.section-1', 'example_subdag_operator.section-2', 'example_subdag_operator']) retrieved from /home/pedro/Documentos/airflow/venv/lib/python3.9/site-packages/airflow/example_dags/example_subdag_operator.py
[2025-05-09 14:34:34,023] {logging_mixin.py:115} INFO - [2025-05-09 14:34:34,023] {dag.py:2379} INFO - Sync 3 DAGs
[2025-05-09 14:34:34,034] {logging_mixin.py:115} INFO - [2025-05-09 14:34:34,034] {dag.py:2927} INFO - Setting next_dagrun for example_subdag_operator to 2022-01-01T00:00:00+00:00, run_after=2022-01-01T00:00:00+00:00
[2025-05-09 14:34:34,034] {logging_mixin.py:115} INFO - [2025-05-09 14:34:34,034] {dag.py:2927} INFO - Setting next_dagrun for example_subdag_operator.section-1 to None, run_after=None
[2025-05-09 14:34:34,034] {logging_mixin.py:115} INFO - [2025-05-09 14:34:34,034] {dag.py:2927} INFO - Setting next_dagrun for example_subdag_operator.section-2 to None, run_after=None
[2025-05-09 14:34:34,038] {logging_mixin.py:115} INFO - [2025-05-09 14:34:34,038] {dag.py:2379} INFO - Sync 2 DAGs
[2025-05-09 14:34:34,040] {logging_mixin.py:115} INFO - [2025-05-09 14:34:34,040] {dag.py:2927} INFO - Setting next_dagrun for example_subdag_operator.section-1 to None, run_after=None
[2025-05-09 14:34:34,040] {logging_mixin.py:115} INFO - [2025-05-09 14:34:34,040] {dag.py:2927} INFO - Setting next_dagrun for example_subdag_operator.section-2 to None, run_after=None
[2025-05-09 14:34:34,047] {processor.py:161} INFO - Processing /home/pedro/Documentos/airflow/venv/lib/python3.9/site-packages/airflow/example_dags/example_subdag_operator.py took 0.067 seconds
[2025-05-09 14:35:08,094] {processor.py:153} INFO - Started process (PID=62694) to work on /home/pedro/Documentos/airflow/venv/lib/python3.9/site-packages/airflow/example_dags/example_subdag_operator.py
[2025-05-09 14:35:08,106] {processor.py:641} INFO - Processing file /home/pedro/Documentos/airflow/venv/lib/python3.9/site-packages/airflow/example_dags/example_subdag_operator.py for tasks to queue
[2025-05-09 14:35:08,107] {logging_mixin.py:115} INFO - [2025-05-09 14:35:08,107] {dagbag.py:507} INFO - Filling up the DagBag from /home/pedro/Documentos/airflow/venv/lib/python3.9/site-packages/airflow/example_dags/example_subdag_operator.py
[2025-05-09 14:35:08,122] {processor.py:651} INFO - DAG(s) dict_keys(['example_subdag_operator.section-1', 'example_subdag_operator.section-2', 'example_subdag_operator']) retrieved from /home/pedro/Documentos/airflow/venv/lib/python3.9/site-packages/airflow/example_dags/example_subdag_operator.py
[2025-05-09 14:35:08,134] {logging_mixin.py:115} INFO - [2025-05-09 14:35:08,134] {dag.py:2379} INFO - Sync 3 DAGs
[2025-05-09 14:35:08,146] {logging_mixin.py:115} INFO - [2025-05-09 14:35:08,146] {dag.py:2927} INFO - Setting next_dagrun for example_subdag_operator to 2022-01-01T00:00:00+00:00, run_after=2022-01-01T00:00:00+00:00
[2025-05-09 14:35:08,146] {logging_mixin.py:115} INFO - [2025-05-09 14:35:08,146] {dag.py:2927} INFO - Setting next_dagrun for example_subdag_operator.section-1 to None, run_after=None
[2025-05-09 14:35:08,146] {logging_mixin.py:115} INFO - [2025-05-09 14:35:08,146] {dag.py:2927} INFO - Setting next_dagrun for example_subdag_operator.section-2 to None, run_after=None
[2025-05-09 14:35:08,150] {logging_mixin.py:115} INFO - [2025-05-09 14:35:08,150] {dag.py:2379} INFO - Sync 2 DAGs
[2025-05-09 14:35:08,152] {logging_mixin.py:115} INFO - [2025-05-09 14:35:08,152] {dag.py:2927} INFO - Setting next_dagrun for example_subdag_operator.section-1 to None, run_after=None
[2025-05-09 14:35:08,152] {logging_mixin.py:115} INFO - [2025-05-09 14:35:08,152] {dag.py:2927} INFO - Setting next_dagrun for example_subdag_operator.section-2 to None, run_after=None
[2025-05-09 14:35:08,160] {processor.py:161} INFO - Processing /home/pedro/Documentos/airflow/venv/lib/python3.9/site-packages/airflow/example_dags/example_subdag_operator.py took 0.068 seconds
[2025-05-09 14:35:41,228] {processor.py:153} INFO - Started process (PID=63078) to work on /home/pedro/Documentos/airflow/venv/lib/python3.9/site-packages/airflow/example_dags/example_subdag_operator.py
[2025-05-09 14:35:41,240] {processor.py:641} INFO - Processing file /home/pedro/Documentos/airflow/venv/lib/python3.9/site-packages/airflow/example_dags/example_subdag_operator.py for tasks to queue
[2025-05-09 14:35:41,241] {logging_mixin.py:115} INFO - [2025-05-09 14:35:41,241] {dagbag.py:507} INFO - Filling up the DagBag from /home/pedro/Documentos/airflow/venv/lib/python3.9/site-packages/airflow/example_dags/example_subdag_operator.py
[2025-05-09 14:35:41,255] {processor.py:651} INFO - DAG(s) dict_keys(['example_subdag_operator.section-1', 'example_subdag_operator.section-2', 'example_subdag_operator']) retrieved from /home/pedro/Documentos/airflow/venv/lib/python3.9/site-packages/airflow/example_dags/example_subdag_operator.py
[2025-05-09 14:35:41,269] {logging_mixin.py:115} INFO - [2025-05-09 14:35:41,269] {dag.py:2379} INFO - Sync 3 DAGs
[2025-05-09 14:35:41,281] {logging_mixin.py:115} INFO - [2025-05-09 14:35:41,280] {dag.py:2927} INFO - Setting next_dagrun for example_subdag_operator to 2022-01-01T00:00:00+00:00, run_after=2022-01-01T00:00:00+00:00
[2025-05-09 14:35:41,281] {logging_mixin.py:115} INFO - [2025-05-09 14:35:41,281] {dag.py:2927} INFO - Setting next_dagrun for example_subdag_operator.section-1 to None, run_after=None
[2025-05-09 14:35:41,281] {logging_mixin.py:115} INFO - [2025-05-09 14:35:41,281] {dag.py:2927} INFO - Setting next_dagrun for example_subdag_operator.section-2 to None, run_after=None
[2025-05-09 14:35:41,284] {logging_mixin.py:115} INFO - [2025-05-09 14:35:41,284] {dag.py:2379} INFO - Sync 2 DAGs
[2025-05-09 14:35:41,287] {logging_mixin.py:115} INFO - [2025-05-09 14:35:41,287] {dag.py:2927} INFO - Setting next_dagrun for example_subdag_operator.section-1 to None, run_after=None
[2025-05-09 14:35:41,287] {logging_mixin.py:115} INFO - [2025-05-09 14:35:41,287] {dag.py:2927} INFO - Setting next_dagrun for example_subdag_operator.section-2 to None, run_after=None
[2025-05-09 14:35:41,295] {processor.py:161} INFO - Processing /home/pedro/Documentos/airflow/venv/lib/python3.9/site-packages/airflow/example_dags/example_subdag_operator.py took 0.069 seconds
[2025-05-09 14:36:14,531] {processor.py:153} INFO - Started process (PID=63307) to work on /home/pedro/Documentos/airflow/venv/lib/python3.9/site-packages/airflow/example_dags/example_subdag_operator.py
[2025-05-09 14:36:14,532] {processor.py:641} INFO - Processing file /home/pedro/Documentos/airflow/venv/lib/python3.9/site-packages/airflow/example_dags/example_subdag_operator.py for tasks to queue
[2025-05-09 14:36:14,532] {logging_mixin.py:115} INFO - [2025-05-09 14:36:14,532] {dagbag.py:507} INFO - Filling up the DagBag from /home/pedro/Documentos/airflow/venv/lib/python3.9/site-packages/airflow/example_dags/example_subdag_operator.py
[2025-05-09 14:36:14,547] {processor.py:651} INFO - DAG(s) dict_keys(['example_subdag_operator.section-1', 'example_subdag_operator.section-2', 'example_subdag_operator']) retrieved from /home/pedro/Documentos/airflow/venv/lib/python3.9/site-packages/airflow/example_dags/example_subdag_operator.py
[2025-05-09 14:36:14,560] {logging_mixin.py:115} INFO - [2025-05-09 14:36:14,560] {dag.py:2379} INFO - Sync 3 DAGs
[2025-05-09 14:36:14,571] {logging_mixin.py:115} INFO - [2025-05-09 14:36:14,571] {dag.py:2927} INFO - Setting next_dagrun for example_subdag_operator to 2022-01-01T00:00:00+00:00, run_after=2022-01-01T00:00:00+00:00
[2025-05-09 14:36:14,571] {logging_mixin.py:115} INFO - [2025-05-09 14:36:14,571] {dag.py:2927} INFO - Setting next_dagrun for example_subdag_operator.section-1 to None, run_after=None
[2025-05-09 14:36:14,571] {logging_mixin.py:115} INFO - [2025-05-09 14:36:14,571] {dag.py:2927} INFO - Setting next_dagrun for example_subdag_operator.section-2 to None, run_after=None
[2025-05-09 14:36:14,575] {logging_mixin.py:115} INFO - [2025-05-09 14:36:14,575] {dag.py:2379} INFO - Sync 2 DAGs
[2025-05-09 14:36:14,577] {logging_mixin.py:115} INFO - [2025-05-09 14:36:14,577] {dag.py:2927} INFO - Setting next_dagrun for example_subdag_operator.section-1 to None, run_after=None
[2025-05-09 14:36:14,577] {logging_mixin.py:115} INFO - [2025-05-09 14:36:14,577] {dag.py:2927} INFO - Setting next_dagrun for example_subdag_operator.section-2 to None, run_after=None
[2025-05-09 14:36:14,585] {processor.py:161} INFO - Processing /home/pedro/Documentos/airflow/venv/lib/python3.9/site-packages/airflow/example_dags/example_subdag_operator.py took 0.056 seconds
[2025-05-09 14:36:45,685] {processor.py:153} INFO - Started process (PID=63488) to work on /home/pedro/Documentos/airflow/venv/lib/python3.9/site-packages/airflow/example_dags/example_subdag_operator.py
[2025-05-09 14:36:45,697] {processor.py:641} INFO - Processing file /home/pedro/Documentos/airflow/venv/lib/python3.9/site-packages/airflow/example_dags/example_subdag_operator.py for tasks to queue
[2025-05-09 14:36:45,698] {logging_mixin.py:115} INFO - [2025-05-09 14:36:45,698] {dagbag.py:507} INFO - Filling up the DagBag from /home/pedro/Documentos/airflow/venv/lib/python3.9/site-packages/airflow/example_dags/example_subdag_operator.py
[2025-05-09 14:36:45,712] {processor.py:651} INFO - DAG(s) dict_keys(['example_subdag_operator.section-1', 'example_subdag_operator.section-2', 'example_subdag_operator']) retrieved from /home/pedro/Documentos/airflow/venv/lib/python3.9/site-packages/airflow/example_dags/example_subdag_operator.py
[2025-05-09 14:36:45,726] {logging_mixin.py:115} INFO - [2025-05-09 14:36:45,726] {dag.py:2379} INFO - Sync 3 DAGs
[2025-05-09 14:36:45,737] {logging_mixin.py:115} INFO - [2025-05-09 14:36:45,736] {dag.py:2927} INFO - Setting next_dagrun for example_subdag_operator to 2022-01-01T00:00:00+00:00, run_after=2022-01-01T00:00:00+00:00
[2025-05-09 14:36:45,737] {logging_mixin.py:115} INFO - [2025-05-09 14:36:45,737] {dag.py:2927} INFO - Setting next_dagrun for example_subdag_operator.section-1 to None, run_after=None
[2025-05-09 14:36:45,737] {logging_mixin.py:115} INFO - [2025-05-09 14:36:45,737] {dag.py:2927} INFO - Setting next_dagrun for example_subdag_operator.section-2 to None, run_after=None
[2025-05-09 14:36:45,740] {logging_mixin.py:115} INFO - [2025-05-09 14:36:45,740] {dag.py:2379} INFO - Sync 2 DAGs
[2025-05-09 14:36:45,743] {logging_mixin.py:115} INFO - [2025-05-09 14:36:45,743] {dag.py:2927} INFO - Setting next_dagrun for example_subdag_operator.section-1 to None, run_after=None
[2025-05-09 14:36:45,743] {logging_mixin.py:115} INFO - [2025-05-09 14:36:45,743] {dag.py:2927} INFO - Setting next_dagrun for example_subdag_operator.section-2 to None, run_after=None
[2025-05-09 14:36:45,750] {processor.py:161} INFO - Processing /home/pedro/Documentos/airflow/venv/lib/python3.9/site-packages/airflow/example_dags/example_subdag_operator.py took 0.067 seconds
[2025-05-09 14:37:20,761] {processor.py:153} INFO - Started process (PID=63938) to work on /home/pedro/Documentos/airflow/venv/lib/python3.9/site-packages/airflow/example_dags/example_subdag_operator.py
[2025-05-09 14:37:20,761] {processor.py:641} INFO - Processing file /home/pedro/Documentos/airflow/venv/lib/python3.9/site-packages/airflow/example_dags/example_subdag_operator.py for tasks to queue
[2025-05-09 14:37:20,762] {logging_mixin.py:115} INFO - [2025-05-09 14:37:20,761] {dagbag.py:507} INFO - Filling up the DagBag from /home/pedro/Documentos/airflow/venv/lib/python3.9/site-packages/airflow/example_dags/example_subdag_operator.py
[2025-05-09 14:37:20,777] {processor.py:651} INFO - DAG(s) dict_keys(['example_subdag_operator.section-1', 'example_subdag_operator.section-2', 'example_subdag_operator']) retrieved from /home/pedro/Documentos/airflow/venv/lib/python3.9/site-packages/airflow/example_dags/example_subdag_operator.py
[2025-05-09 14:37:20,790] {logging_mixin.py:115} INFO - [2025-05-09 14:37:20,790] {dag.py:2379} INFO - Sync 3 DAGs
[2025-05-09 14:37:20,801] {logging_mixin.py:115} INFO - [2025-05-09 14:37:20,801] {dag.py:2927} INFO - Setting next_dagrun for example_subdag_operator to 2022-01-01T00:00:00+00:00, run_after=2022-01-01T00:00:00+00:00
[2025-05-09 14:37:20,802] {logging_mixin.py:115} INFO - [2025-05-09 14:37:20,802] {dag.py:2927} INFO - Setting next_dagrun for example_subdag_operator.section-1 to None, run_after=None
[2025-05-09 14:37:20,802] {logging_mixin.py:115} INFO - [2025-05-09 14:37:20,802] {dag.py:2927} INFO - Setting next_dagrun for example_subdag_operator.section-2 to None, run_after=None
[2025-05-09 14:37:20,805] {logging_mixin.py:115} INFO - [2025-05-09 14:37:20,805] {dag.py:2379} INFO - Sync 2 DAGs
[2025-05-09 14:37:20,809] {logging_mixin.py:115} INFO - [2025-05-09 14:37:20,809] {dag.py:2927} INFO - Setting next_dagrun for example_subdag_operator.section-1 to None, run_after=None
[2025-05-09 14:37:20,809] {logging_mixin.py:115} INFO - [2025-05-09 14:37:20,809] {dag.py:2927} INFO - Setting next_dagrun for example_subdag_operator.section-2 to None, run_after=None
[2025-05-09 14:37:20,818] {processor.py:161} INFO - Processing /home/pedro/Documentos/airflow/venv/lib/python3.9/site-packages/airflow/example_dags/example_subdag_operator.py took 0.059 seconds
[2025-05-09 14:37:55,142] {processor.py:153} INFO - Started process (PID=64473) to work on /home/pedro/Documentos/airflow/venv/lib/python3.9/site-packages/airflow/example_dags/example_subdag_operator.py
[2025-05-09 14:37:55,154] {processor.py:641} INFO - Processing file /home/pedro/Documentos/airflow/venv/lib/python3.9/site-packages/airflow/example_dags/example_subdag_operator.py for tasks to queue
[2025-05-09 14:37:55,155] {logging_mixin.py:115} INFO - [2025-05-09 14:37:55,155] {dagbag.py:507} INFO - Filling up the DagBag from /home/pedro/Documentos/airflow/venv/lib/python3.9/site-packages/airflow/example_dags/example_subdag_operator.py
[2025-05-09 14:37:55,169] {processor.py:651} INFO - DAG(s) dict_keys(['example_subdag_operator.section-1', 'example_subdag_operator.section-2', 'example_subdag_operator']) retrieved from /home/pedro/Documentos/airflow/venv/lib/python3.9/site-packages/airflow/example_dags/example_subdag_operator.py
[2025-05-09 14:37:55,182] {logging_mixin.py:115} INFO - [2025-05-09 14:37:55,182] {dag.py:2379} INFO - Sync 3 DAGs
[2025-05-09 14:37:55,194] {logging_mixin.py:115} INFO - [2025-05-09 14:37:55,193] {dag.py:2927} INFO - Setting next_dagrun for example_subdag_operator to 2022-01-01T00:00:00+00:00, run_after=2022-01-01T00:00:00+00:00
[2025-05-09 14:37:55,194] {logging_mixin.py:115} INFO - [2025-05-09 14:37:55,194] {dag.py:2927} INFO - Setting next_dagrun for example_subdag_operator.section-1 to None, run_after=None
[2025-05-09 14:37:55,194] {logging_mixin.py:115} INFO - [2025-05-09 14:37:55,194] {dag.py:2927} INFO - Setting next_dagrun for example_subdag_operator.section-2 to None, run_after=None
[2025-05-09 14:37:55,197] {logging_mixin.py:115} INFO - [2025-05-09 14:37:55,197] {dag.py:2379} INFO - Sync 2 DAGs
[2025-05-09 14:37:55,200] {logging_mixin.py:115} INFO - [2025-05-09 14:37:55,200] {dag.py:2927} INFO - Setting next_dagrun for example_subdag_operator.section-1 to None, run_after=None
[2025-05-09 14:37:55,200] {logging_mixin.py:115} INFO - [2025-05-09 14:37:55,200] {dag.py:2927} INFO - Setting next_dagrun for example_subdag_operator.section-2 to None, run_after=None
[2025-05-09 14:37:55,207] {processor.py:161} INFO - Processing /home/pedro/Documentos/airflow/venv/lib/python3.9/site-packages/airflow/example_dags/example_subdag_operator.py took 0.067 seconds
[2025-05-09 14:38:26,872] {processor.py:153} INFO - Started process (PID=64863) to work on /home/pedro/Documentos/airflow/venv/lib/python3.9/site-packages/airflow/example_dags/example_subdag_operator.py
[2025-05-09 14:38:26,872] {processor.py:641} INFO - Processing file /home/pedro/Documentos/airflow/venv/lib/python3.9/site-packages/airflow/example_dags/example_subdag_operator.py for tasks to queue
[2025-05-09 14:38:26,873] {logging_mixin.py:115} INFO - [2025-05-09 14:38:26,873] {dagbag.py:507} INFO - Filling up the DagBag from /home/pedro/Documentos/airflow/venv/lib/python3.9/site-packages/airflow/example_dags/example_subdag_operator.py
[2025-05-09 14:38:26,887] {processor.py:651} INFO - DAG(s) dict_keys(['example_subdag_operator.section-1', 'example_subdag_operator.section-2', 'example_subdag_operator']) retrieved from /home/pedro/Documentos/airflow/venv/lib/python3.9/site-packages/airflow/example_dags/example_subdag_operator.py
[2025-05-09 14:38:26,900] {logging_mixin.py:115} INFO - [2025-05-09 14:38:26,900] {dag.py:2379} INFO - Sync 3 DAGs
[2025-05-09 14:38:26,911] {logging_mixin.py:115} INFO - [2025-05-09 14:38:26,911] {dag.py:2927} INFO - Setting next_dagrun for example_subdag_operator to 2022-01-01T00:00:00+00:00, run_after=2022-01-01T00:00:00+00:00
[2025-05-09 14:38:26,911] {logging_mixin.py:115} INFO - [2025-05-09 14:38:26,911] {dag.py:2927} INFO - Setting next_dagrun for example_subdag_operator.section-1 to None, run_after=None
[2025-05-09 14:38:26,911] {logging_mixin.py:115} INFO - [2025-05-09 14:38:26,911] {dag.py:2927} INFO - Setting next_dagrun for example_subdag_operator.section-2 to None, run_after=None
[2025-05-09 14:38:26,915] {logging_mixin.py:115} INFO - [2025-05-09 14:38:26,915] {dag.py:2379} INFO - Sync 2 DAGs
[2025-05-09 14:38:26,917] {logging_mixin.py:115} INFO - [2025-05-09 14:38:26,917] {dag.py:2927} INFO - Setting next_dagrun for example_subdag_operator.section-1 to None, run_after=None
[2025-05-09 14:38:26,918] {logging_mixin.py:115} INFO - [2025-05-09 14:38:26,918] {dag.py:2927} INFO - Setting next_dagrun for example_subdag_operator.section-2 to None, run_after=None
[2025-05-09 14:38:26,925] {processor.py:161} INFO - Processing /home/pedro/Documentos/airflow/venv/lib/python3.9/site-packages/airflow/example_dags/example_subdag_operator.py took 0.055 seconds
[2025-05-09 14:39:03,284] {processor.py:153} INFO - Started process (PID=65170) to work on /home/pedro/Documentos/airflow/venv/lib/python3.9/site-packages/airflow/example_dags/example_subdag_operator.py
[2025-05-09 14:39:03,296] {processor.py:641} INFO - Processing file /home/pedro/Documentos/airflow/venv/lib/python3.9/site-packages/airflow/example_dags/example_subdag_operator.py for tasks to queue
[2025-05-09 14:39:03,297] {logging_mixin.py:115} INFO - [2025-05-09 14:39:03,296] {dagbag.py:507} INFO - Filling up the DagBag from /home/pedro/Documentos/airflow/venv/lib/python3.9/site-packages/airflow/example_dags/example_subdag_operator.py
[2025-05-09 14:39:03,310] {processor.py:651} INFO - DAG(s) dict_keys(['example_subdag_operator.section-1', 'example_subdag_operator.section-2', 'example_subdag_operator']) retrieved from /home/pedro/Documentos/airflow/venv/lib/python3.9/site-packages/airflow/example_dags/example_subdag_operator.py
[2025-05-09 14:39:03,323] {logging_mixin.py:115} INFO - [2025-05-09 14:39:03,323] {dag.py:2379} INFO - Sync 3 DAGs
[2025-05-09 14:39:03,334] {logging_mixin.py:115} INFO - [2025-05-09 14:39:03,334] {dag.py:2927} INFO - Setting next_dagrun for example_subdag_operator to 2022-01-01T00:00:00+00:00, run_after=2022-01-01T00:00:00+00:00
[2025-05-09 14:39:03,334] {logging_mixin.py:115} INFO - [2025-05-09 14:39:03,334] {dag.py:2927} INFO - Setting next_dagrun for example_subdag_operator.section-1 to None, run_after=None
[2025-05-09 14:39:03,334] {logging_mixin.py:115} INFO - [2025-05-09 14:39:03,334] {dag.py:2927} INFO - Setting next_dagrun for example_subdag_operator.section-2 to None, run_after=None
[2025-05-09 14:39:03,337] {logging_mixin.py:115} INFO - [2025-05-09 14:39:03,337] {dag.py:2379} INFO - Sync 2 DAGs
[2025-05-09 14:39:03,340] {logging_mixin.py:115} INFO - [2025-05-09 14:39:03,340] {dag.py:2927} INFO - Setting next_dagrun for example_subdag_operator.section-1 to None, run_after=None
[2025-05-09 14:39:03,340] {logging_mixin.py:115} INFO - [2025-05-09 14:39:03,340] {dag.py:2927} INFO - Setting next_dagrun for example_subdag_operator.section-2 to None, run_after=None
[2025-05-09 14:39:03,347] {processor.py:161} INFO - Processing /home/pedro/Documentos/airflow/venv/lib/python3.9/site-packages/airflow/example_dags/example_subdag_operator.py took 0.066 seconds
[2025-05-09 14:39:35,953] {processor.py:153} INFO - Started process (PID=65535) to work on /home/pedro/Documentos/airflow/venv/lib/python3.9/site-packages/airflow/example_dags/example_subdag_operator.py
[2025-05-09 14:39:35,965] {processor.py:641} INFO - Processing file /home/pedro/Documentos/airflow/venv/lib/python3.9/site-packages/airflow/example_dags/example_subdag_operator.py for tasks to queue
[2025-05-09 14:39:35,966] {logging_mixin.py:115} INFO - [2025-05-09 14:39:35,965] {dagbag.py:507} INFO - Filling up the DagBag from /home/pedro/Documentos/airflow/venv/lib/python3.9/site-packages/airflow/example_dags/example_subdag_operator.py
[2025-05-09 14:39:35,980] {processor.py:651} INFO - DAG(s) dict_keys(['example_subdag_operator.section-1', 'example_subdag_operator.section-2', 'example_subdag_operator']) retrieved from /home/pedro/Documentos/airflow/venv/lib/python3.9/site-packages/airflow/example_dags/example_subdag_operator.py
[2025-05-09 14:39:35,993] {logging_mixin.py:115} INFO - [2025-05-09 14:39:35,993] {dag.py:2379} INFO - Sync 3 DAGs
[2025-05-09 14:39:36,003] {logging_mixin.py:115} INFO - [2025-05-09 14:39:36,003] {dag.py:2927} INFO - Setting next_dagrun for example_subdag_operator to 2022-01-01T00:00:00+00:00, run_after=2022-01-01T00:00:00+00:00
[2025-05-09 14:39:36,004] {logging_mixin.py:115} INFO - [2025-05-09 14:39:36,004] {dag.py:2927} INFO - Setting next_dagrun for example_subdag_operator.section-1 to None, run_after=None
[2025-05-09 14:39:36,004] {logging_mixin.py:115} INFO - [2025-05-09 14:39:36,004] {dag.py:2927} INFO - Setting next_dagrun for example_subdag_operator.section-2 to None, run_after=None
[2025-05-09 14:39:36,007] {logging_mixin.py:115} INFO - [2025-05-09 14:39:36,007] {dag.py:2379} INFO - Sync 2 DAGs
[2025-05-09 14:39:36,009] {logging_mixin.py:115} INFO - [2025-05-09 14:39:36,009] {dag.py:2927} INFO - Setting next_dagrun for example_subdag_operator.section-1 to None, run_after=None
[2025-05-09 14:39:36,009] {logging_mixin.py:115} INFO - [2025-05-09 14:39:36,009] {dag.py:2927} INFO - Setting next_dagrun for example_subdag_operator.section-2 to None, run_after=None
[2025-05-09 14:39:36,016] {processor.py:161} INFO - Processing /home/pedro/Documentos/airflow/venv/lib/python3.9/site-packages/airflow/example_dags/example_subdag_operator.py took 0.066 seconds
[2025-05-09 14:40:07,937] {processor.py:153} INFO - Started process (PID=65734) to work on /home/pedro/Documentos/airflow/venv/lib/python3.9/site-packages/airflow/example_dags/example_subdag_operator.py
[2025-05-09 14:40:07,949] {processor.py:641} INFO - Processing file /home/pedro/Documentos/airflow/venv/lib/python3.9/site-packages/airflow/example_dags/example_subdag_operator.py for tasks to queue
[2025-05-09 14:40:07,950] {logging_mixin.py:115} INFO - [2025-05-09 14:40:07,950] {dagbag.py:507} INFO - Filling up the DagBag from /home/pedro/Documentos/airflow/venv/lib/python3.9/site-packages/airflow/example_dags/example_subdag_operator.py
[2025-05-09 14:40:07,965] {processor.py:651} INFO - DAG(s) dict_keys(['example_subdag_operator.section-1', 'example_subdag_operator.section-2', 'example_subdag_operator']) retrieved from /home/pedro/Documentos/airflow/venv/lib/python3.9/site-packages/airflow/example_dags/example_subdag_operator.py
[2025-05-09 14:40:07,978] {logging_mixin.py:115} INFO - [2025-05-09 14:40:07,978] {dag.py:2379} INFO - Sync 3 DAGs
[2025-05-09 14:40:07,990] {logging_mixin.py:115} INFO - [2025-05-09 14:40:07,990] {dag.py:2927} INFO - Setting next_dagrun for example_subdag_operator to 2022-01-01T00:00:00+00:00, run_after=2022-01-01T00:00:00+00:00
[2025-05-09 14:40:07,990] {logging_mixin.py:115} INFO - [2025-05-09 14:40:07,990] {dag.py:2927} INFO - Setting next_dagrun for example_subdag_operator.section-1 to None, run_after=None
[2025-05-09 14:40:07,990] {logging_mixin.py:115} INFO - [2025-05-09 14:40:07,990] {dag.py:2927} INFO - Setting next_dagrun for example_subdag_operator.section-2 to None, run_after=None
[2025-05-09 14:40:07,993] {logging_mixin.py:115} INFO - [2025-05-09 14:40:07,993] {dag.py:2379} INFO - Sync 2 DAGs
[2025-05-09 14:40:07,996] {logging_mixin.py:115} INFO - [2025-05-09 14:40:07,995] {dag.py:2927} INFO - Setting next_dagrun for example_subdag_operator.section-1 to None, run_after=None
[2025-05-09 14:40:07,996] {logging_mixin.py:115} INFO - [2025-05-09 14:40:07,996] {dag.py:2927} INFO - Setting next_dagrun for example_subdag_operator.section-2 to None, run_after=None
[2025-05-09 14:40:08,003] {processor.py:161} INFO - Processing /home/pedro/Documentos/airflow/venv/lib/python3.9/site-packages/airflow/example_dags/example_subdag_operator.py took 0.068 seconds
[2025-05-09 14:40:42,804] {processor.py:153} INFO - Started process (PID=65994) to work on /home/pedro/Documentos/airflow/venv/lib/python3.9/site-packages/airflow/example_dags/example_subdag_operator.py
[2025-05-09 14:40:42,817] {processor.py:641} INFO - Processing file /home/pedro/Documentos/airflow/venv/lib/python3.9/site-packages/airflow/example_dags/example_subdag_operator.py for tasks to queue
[2025-05-09 14:40:42,817] {logging_mixin.py:115} INFO - [2025-05-09 14:40:42,817] {dagbag.py:507} INFO - Filling up the DagBag from /home/pedro/Documentos/airflow/venv/lib/python3.9/site-packages/airflow/example_dags/example_subdag_operator.py
[2025-05-09 14:40:42,832] {processor.py:651} INFO - DAG(s) dict_keys(['example_subdag_operator.section-1', 'example_subdag_operator.section-2', 'example_subdag_operator']) retrieved from /home/pedro/Documentos/airflow/venv/lib/python3.9/site-packages/airflow/example_dags/example_subdag_operator.py
[2025-05-09 14:40:42,845] {logging_mixin.py:115} INFO - [2025-05-09 14:40:42,845] {dag.py:2379} INFO - Sync 3 DAGs
[2025-05-09 14:40:42,857] {logging_mixin.py:115} INFO - [2025-05-09 14:40:42,857] {dag.py:2927} INFO - Setting next_dagrun for example_subdag_operator to 2022-01-01T00:00:00+00:00, run_after=2022-01-01T00:00:00+00:00
[2025-05-09 14:40:42,857] {logging_mixin.py:115} INFO - [2025-05-09 14:40:42,857] {dag.py:2927} INFO - Setting next_dagrun for example_subdag_operator.section-1 to None, run_after=None
[2025-05-09 14:40:42,857] {logging_mixin.py:115} INFO - [2025-05-09 14:40:42,857] {dag.py:2927} INFO - Setting next_dagrun for example_subdag_operator.section-2 to None, run_after=None
[2025-05-09 14:40:42,861] {logging_mixin.py:115} INFO - [2025-05-09 14:40:42,861] {dag.py:2379} INFO - Sync 2 DAGs
[2025-05-09 14:40:42,863] {logging_mixin.py:115} INFO - [2025-05-09 14:40:42,863] {dag.py:2927} INFO - Setting next_dagrun for example_subdag_operator.section-1 to None, run_after=None
[2025-05-09 14:40:42,863] {logging_mixin.py:115} INFO - [2025-05-09 14:40:42,863] {dag.py:2927} INFO - Setting next_dagrun for example_subdag_operator.section-2 to None, run_after=None
[2025-05-09 14:40:42,871] {processor.py:161} INFO - Processing /home/pedro/Documentos/airflow/venv/lib/python3.9/site-packages/airflow/example_dags/example_subdag_operator.py took 0.068 seconds
[2025-05-09 14:41:17,111] {processor.py:153} INFO - Started process (PID=66613) to work on /home/pedro/Documentos/airflow/venv/lib/python3.9/site-packages/airflow/example_dags/example_subdag_operator.py
[2025-05-09 14:41:17,112] {processor.py:641} INFO - Processing file /home/pedro/Documentos/airflow/venv/lib/python3.9/site-packages/airflow/example_dags/example_subdag_operator.py for tasks to queue
[2025-05-09 14:41:17,113] {logging_mixin.py:115} INFO - [2025-05-09 14:41:17,113] {dagbag.py:507} INFO - Filling up the DagBag from /home/pedro/Documentos/airflow/venv/lib/python3.9/site-packages/airflow/example_dags/example_subdag_operator.py
[2025-05-09 14:41:17,130] {processor.py:651} INFO - DAG(s) dict_keys(['example_subdag_operator.section-1', 'example_subdag_operator.section-2', 'example_subdag_operator']) retrieved from /home/pedro/Documentos/airflow/venv/lib/python3.9/site-packages/airflow/example_dags/example_subdag_operator.py
[2025-05-09 14:41:17,144] {logging_mixin.py:115} INFO - [2025-05-09 14:41:17,144] {dag.py:2379} INFO - Sync 3 DAGs
[2025-05-09 14:41:17,156] {logging_mixin.py:115} INFO - [2025-05-09 14:41:17,156] {dag.py:2927} INFO - Setting next_dagrun for example_subdag_operator to 2022-01-01T00:00:00+00:00, run_after=2022-01-01T00:00:00+00:00
[2025-05-09 14:41:17,156] {logging_mixin.py:115} INFO - [2025-05-09 14:41:17,156] {dag.py:2927} INFO - Setting next_dagrun for example_subdag_operator.section-1 to None, run_after=None
[2025-05-09 14:41:17,156] {logging_mixin.py:115} INFO - [2025-05-09 14:41:17,156] {dag.py:2927} INFO - Setting next_dagrun for example_subdag_operator.section-2 to None, run_after=None
[2025-05-09 14:41:17,160] {logging_mixin.py:115} INFO - [2025-05-09 14:41:17,160] {dag.py:2379} INFO - Sync 2 DAGs
[2025-05-09 14:41:17,162] {logging_mixin.py:115} INFO - [2025-05-09 14:41:17,162] {dag.py:2927} INFO - Setting next_dagrun for example_subdag_operator.section-1 to None, run_after=None
[2025-05-09 14:41:17,162] {logging_mixin.py:115} INFO - [2025-05-09 14:41:17,162] {dag.py:2927} INFO - Setting next_dagrun for example_subdag_operator.section-2 to None, run_after=None
[2025-05-09 14:41:17,171] {processor.py:161} INFO - Processing /home/pedro/Documentos/airflow/venv/lib/python3.9/site-packages/airflow/example_dags/example_subdag_operator.py took 0.061 seconds
[2025-05-09 14:41:53,641] {processor.py:153} INFO - Started process (PID=66955) to work on /home/pedro/Documentos/airflow/venv/lib/python3.9/site-packages/airflow/example_dags/example_subdag_operator.py
[2025-05-09 14:41:53,653] {processor.py:641} INFO - Processing file /home/pedro/Documentos/airflow/venv/lib/python3.9/site-packages/airflow/example_dags/example_subdag_operator.py for tasks to queue
[2025-05-09 14:41:53,654] {logging_mixin.py:115} INFO - [2025-05-09 14:41:53,653] {dagbag.py:507} INFO - Filling up the DagBag from /home/pedro/Documentos/airflow/venv/lib/python3.9/site-packages/airflow/example_dags/example_subdag_operator.py
[2025-05-09 14:41:53,669] {processor.py:651} INFO - DAG(s) dict_keys(['example_subdag_operator.section-1', 'example_subdag_operator.section-2', 'example_subdag_operator']) retrieved from /home/pedro/Documentos/airflow/venv/lib/python3.9/site-packages/airflow/example_dags/example_subdag_operator.py
[2025-05-09 14:41:53,682] {logging_mixin.py:115} INFO - [2025-05-09 14:41:53,682] {dag.py:2379} INFO - Sync 3 DAGs
[2025-05-09 14:41:53,693] {logging_mixin.py:115} INFO - [2025-05-09 14:41:53,693] {dag.py:2927} INFO - Setting next_dagrun for example_subdag_operator to 2022-01-01T00:00:00+00:00, run_after=2022-01-01T00:00:00+00:00
[2025-05-09 14:41:53,693] {logging_mixin.py:115} INFO - [2025-05-09 14:41:53,693] {dag.py:2927} INFO - Setting next_dagrun for example_subdag_operator.section-1 to None, run_after=None
[2025-05-09 14:41:53,693] {logging_mixin.py:115} INFO - [2025-05-09 14:41:53,693] {dag.py:2927} INFO - Setting next_dagrun for example_subdag_operator.section-2 to None, run_after=None
[2025-05-09 14:41:53,696] {logging_mixin.py:115} INFO - [2025-05-09 14:41:53,696] {dag.py:2379} INFO - Sync 2 DAGs
[2025-05-09 14:41:53,699] {logging_mixin.py:115} INFO - [2025-05-09 14:41:53,698] {dag.py:2927} INFO - Setting next_dagrun for example_subdag_operator.section-1 to None, run_after=None
[2025-05-09 14:41:53,699] {logging_mixin.py:115} INFO - [2025-05-09 14:41:53,699] {dag.py:2927} INFO - Setting next_dagrun for example_subdag_operator.section-2 to None, run_after=None
[2025-05-09 14:41:53,707] {processor.py:161} INFO - Processing /home/pedro/Documentos/airflow/venv/lib/python3.9/site-packages/airflow/example_dags/example_subdag_operator.py took 0.068 seconds
[2025-05-09 14:42:26,772] {processor.py:153} INFO - Started process (PID=67148) to work on /home/pedro/Documentos/airflow/venv/lib/python3.9/site-packages/airflow/example_dags/example_subdag_operator.py
[2025-05-09 14:42:26,784] {processor.py:641} INFO - Processing file /home/pedro/Documentos/airflow/venv/lib/python3.9/site-packages/airflow/example_dags/example_subdag_operator.py for tasks to queue
[2025-05-09 14:42:26,785] {logging_mixin.py:115} INFO - [2025-05-09 14:42:26,785] {dagbag.py:507} INFO - Filling up the DagBag from /home/pedro/Documentos/airflow/venv/lib/python3.9/site-packages/airflow/example_dags/example_subdag_operator.py
[2025-05-09 14:42:26,800] {processor.py:651} INFO - DAG(s) dict_keys(['example_subdag_operator.section-1', 'example_subdag_operator.section-2', 'example_subdag_operator']) retrieved from /home/pedro/Documentos/airflow/venv/lib/python3.9/site-packages/airflow/example_dags/example_subdag_operator.py
[2025-05-09 14:42:26,813] {logging_mixin.py:115} INFO - [2025-05-09 14:42:26,813] {dag.py:2379} INFO - Sync 3 DAGs
[2025-05-09 14:42:26,824] {logging_mixin.py:115} INFO - [2025-05-09 14:42:26,824] {dag.py:2927} INFO - Setting next_dagrun for example_subdag_operator to 2022-01-01T00:00:00+00:00, run_after=2022-01-01T00:00:00+00:00
[2025-05-09 14:42:26,824] {logging_mixin.py:115} INFO - [2025-05-09 14:42:26,824] {dag.py:2927} INFO - Setting next_dagrun for example_subdag_operator.section-1 to None, run_after=None
[2025-05-09 14:42:26,825] {logging_mixin.py:115} INFO - [2025-05-09 14:42:26,824] {dag.py:2927} INFO - Setting next_dagrun for example_subdag_operator.section-2 to None, run_after=None
[2025-05-09 14:42:26,828] {logging_mixin.py:115} INFO - [2025-05-09 14:42:26,828] {dag.py:2379} INFO - Sync 2 DAGs
[2025-05-09 14:42:26,830] {logging_mixin.py:115} INFO - [2025-05-09 14:42:26,830] {dag.py:2927} INFO - Setting next_dagrun for example_subdag_operator.section-1 to None, run_after=None
[2025-05-09 14:42:26,830] {logging_mixin.py:115} INFO - [2025-05-09 14:42:26,830] {dag.py:2927} INFO - Setting next_dagrun for example_subdag_operator.section-2 to None, run_after=None
[2025-05-09 14:42:26,838] {processor.py:161} INFO - Processing /home/pedro/Documentos/airflow/venv/lib/python3.9/site-packages/airflow/example_dags/example_subdag_operator.py took 0.068 seconds
[2025-05-09 14:43:00,502] {processor.py:153} INFO - Started process (PID=67349) to work on /home/pedro/Documentos/airflow/venv/lib/python3.9/site-packages/airflow/example_dags/example_subdag_operator.py
[2025-05-09 14:43:00,514] {processor.py:641} INFO - Processing file /home/pedro/Documentos/airflow/venv/lib/python3.9/site-packages/airflow/example_dags/example_subdag_operator.py for tasks to queue
[2025-05-09 14:43:00,515] {logging_mixin.py:115} INFO - [2025-05-09 14:43:00,515] {dagbag.py:507} INFO - Filling up the DagBag from /home/pedro/Documentos/airflow/venv/lib/python3.9/site-packages/airflow/example_dags/example_subdag_operator.py
[2025-05-09 14:43:00,529] {processor.py:651} INFO - DAG(s) dict_keys(['example_subdag_operator.section-1', 'example_subdag_operator.section-2', 'example_subdag_operator']) retrieved from /home/pedro/Documentos/airflow/venv/lib/python3.9/site-packages/airflow/example_dags/example_subdag_operator.py
[2025-05-09 14:43:00,542] {logging_mixin.py:115} INFO - [2025-05-09 14:43:00,541] {dag.py:2379} INFO - Sync 3 DAGs
[2025-05-09 14:43:00,552] {logging_mixin.py:115} INFO - [2025-05-09 14:43:00,552] {dag.py:2927} INFO - Setting next_dagrun for example_subdag_operator to 2022-01-01T00:00:00+00:00, run_after=2022-01-01T00:00:00+00:00
[2025-05-09 14:43:00,553] {logging_mixin.py:115} INFO - [2025-05-09 14:43:00,553] {dag.py:2927} INFO - Setting next_dagrun for example_subdag_operator.section-1 to None, run_after=None
[2025-05-09 14:43:00,553] {logging_mixin.py:115} INFO - [2025-05-09 14:43:00,553] {dag.py:2927} INFO - Setting next_dagrun for example_subdag_operator.section-2 to None, run_after=None
[2025-05-09 14:43:00,556] {logging_mixin.py:115} INFO - [2025-05-09 14:43:00,556] {dag.py:2379} INFO - Sync 2 DAGs
[2025-05-09 14:43:00,558] {logging_mixin.py:115} INFO - [2025-05-09 14:43:00,558] {dag.py:2927} INFO - Setting next_dagrun for example_subdag_operator.section-1 to None, run_after=None
[2025-05-09 14:43:00,558] {logging_mixin.py:115} INFO - [2025-05-09 14:43:00,558] {dag.py:2927} INFO - Setting next_dagrun for example_subdag_operator.section-2 to None, run_after=None
[2025-05-09 14:43:00,566] {processor.py:161} INFO - Processing /home/pedro/Documentos/airflow/venv/lib/python3.9/site-packages/airflow/example_dags/example_subdag_operator.py took 0.066 seconds
[2025-05-09 14:43:34,433] {processor.py:153} INFO - Started process (PID=67978) to work on /home/pedro/Documentos/airflow/venv/lib/python3.9/site-packages/airflow/example_dags/example_subdag_operator.py
[2025-05-09 14:43:34,434] {processor.py:641} INFO - Processing file /home/pedro/Documentos/airflow/venv/lib/python3.9/site-packages/airflow/example_dags/example_subdag_operator.py for tasks to queue
[2025-05-09 14:43:34,435] {logging_mixin.py:115} INFO - [2025-05-09 14:43:34,434] {dagbag.py:507} INFO - Filling up the DagBag from /home/pedro/Documentos/airflow/venv/lib/python3.9/site-packages/airflow/example_dags/example_subdag_operator.py
[2025-05-09 14:43:34,453] {processor.py:651} INFO - DAG(s) dict_keys(['example_subdag_operator.section-1', 'example_subdag_operator.section-2', 'example_subdag_operator']) retrieved from /home/pedro/Documentos/airflow/venv/lib/python3.9/site-packages/airflow/example_dags/example_subdag_operator.py
[2025-05-09 14:43:34,468] {logging_mixin.py:115} INFO - [2025-05-09 14:43:34,468] {dag.py:2379} INFO - Sync 3 DAGs
[2025-05-09 14:43:34,483] {logging_mixin.py:115} INFO - [2025-05-09 14:43:34,483] {dag.py:2927} INFO - Setting next_dagrun for example_subdag_operator to 2022-01-01T00:00:00+00:00, run_after=2022-01-01T00:00:00+00:00
[2025-05-09 14:43:34,483] {logging_mixin.py:115} INFO - [2025-05-09 14:43:34,483] {dag.py:2927} INFO - Setting next_dagrun for example_subdag_operator.section-1 to None, run_after=None
[2025-05-09 14:43:34,483] {logging_mixin.py:115} INFO - [2025-05-09 14:43:34,483] {dag.py:2927} INFO - Setting next_dagrun for example_subdag_operator.section-2 to None, run_after=None
[2025-05-09 14:43:34,488] {logging_mixin.py:115} INFO - [2025-05-09 14:43:34,488] {dag.py:2379} INFO - Sync 2 DAGs
[2025-05-09 14:43:34,492] {logging_mixin.py:115} INFO - [2025-05-09 14:43:34,492] {dag.py:2927} INFO - Setting next_dagrun for example_subdag_operator.section-1 to None, run_after=None
[2025-05-09 14:43:34,492] {logging_mixin.py:115} INFO - [2025-05-09 14:43:34,492] {dag.py:2927} INFO - Setting next_dagrun for example_subdag_operator.section-2 to None, run_after=None
[2025-05-09 14:43:34,504] {processor.py:161} INFO - Processing /home/pedro/Documentos/airflow/venv/lib/python3.9/site-packages/airflow/example_dags/example_subdag_operator.py took 0.073 seconds
[2025-05-09 14:44:08,407] {processor.py:153} INFO - Started process (PID=68241) to work on /home/pedro/Documentos/airflow/venv/lib/python3.9/site-packages/airflow/example_dags/example_subdag_operator.py
[2025-05-09 14:44:08,419] {processor.py:641} INFO - Processing file /home/pedro/Documentos/airflow/venv/lib/python3.9/site-packages/airflow/example_dags/example_subdag_operator.py for tasks to queue
[2025-05-09 14:44:08,420] {logging_mixin.py:115} INFO - [2025-05-09 14:44:08,420] {dagbag.py:507} INFO - Filling up the DagBag from /home/pedro/Documentos/airflow/venv/lib/python3.9/site-packages/airflow/example_dags/example_subdag_operator.py
[2025-05-09 14:44:08,435] {processor.py:651} INFO - DAG(s) dict_keys(['example_subdag_operator.section-1', 'example_subdag_operator.section-2', 'example_subdag_operator']) retrieved from /home/pedro/Documentos/airflow/venv/lib/python3.9/site-packages/airflow/example_dags/example_subdag_operator.py
[2025-05-09 14:44:08,448] {logging_mixin.py:115} INFO - [2025-05-09 14:44:08,448] {dag.py:2379} INFO - Sync 3 DAGs
[2025-05-09 14:44:08,459] {logging_mixin.py:115} INFO - [2025-05-09 14:44:08,459] {dag.py:2927} INFO - Setting next_dagrun for example_subdag_operator to 2022-01-01T00:00:00+00:00, run_after=2022-01-01T00:00:00+00:00
[2025-05-09 14:44:08,459] {logging_mixin.py:115} INFO - [2025-05-09 14:44:08,459] {dag.py:2927} INFO - Setting next_dagrun for example_subdag_operator.section-1 to None, run_after=None
[2025-05-09 14:44:08,459] {logging_mixin.py:115} INFO - [2025-05-09 14:44:08,459] {dag.py:2927} INFO - Setting next_dagrun for example_subdag_operator.section-2 to None, run_after=None
[2025-05-09 14:44:08,463] {logging_mixin.py:115} INFO - [2025-05-09 14:44:08,463] {dag.py:2379} INFO - Sync 2 DAGs
[2025-05-09 14:44:08,465] {logging_mixin.py:115} INFO - [2025-05-09 14:44:08,465] {dag.py:2927} INFO - Setting next_dagrun for example_subdag_operator.section-1 to None, run_after=None
[2025-05-09 14:44:08,465] {logging_mixin.py:115} INFO - [2025-05-09 14:44:08,465] {dag.py:2927} INFO - Setting next_dagrun for example_subdag_operator.section-2 to None, run_after=None
[2025-05-09 14:44:08,472] {processor.py:161} INFO - Processing /home/pedro/Documentos/airflow/venv/lib/python3.9/site-packages/airflow/example_dags/example_subdag_operator.py took 0.068 seconds
[2025-05-09 14:44:42,500] {processor.py:153} INFO - Started process (PID=68447) to work on /home/pedro/Documentos/airflow/venv/lib/python3.9/site-packages/airflow/example_dags/example_subdag_operator.py
[2025-05-09 14:44:42,512] {processor.py:641} INFO - Processing file /home/pedro/Documentos/airflow/venv/lib/python3.9/site-packages/airflow/example_dags/example_subdag_operator.py for tasks to queue
[2025-05-09 14:44:42,513] {logging_mixin.py:115} INFO - [2025-05-09 14:44:42,513] {dagbag.py:507} INFO - Filling up the DagBag from /home/pedro/Documentos/airflow/venv/lib/python3.9/site-packages/airflow/example_dags/example_subdag_operator.py
[2025-05-09 14:44:42,527] {processor.py:651} INFO - DAG(s) dict_keys(['example_subdag_operator.section-1', 'example_subdag_operator.section-2', 'example_subdag_operator']) retrieved from /home/pedro/Documentos/airflow/venv/lib/python3.9/site-packages/airflow/example_dags/example_subdag_operator.py
[2025-05-09 14:44:42,540] {logging_mixin.py:115} INFO - [2025-05-09 14:44:42,540] {dag.py:2379} INFO - Sync 3 DAGs
[2025-05-09 14:44:42,551] {logging_mixin.py:115} INFO - [2025-05-09 14:44:42,551] {dag.py:2927} INFO - Setting next_dagrun for example_subdag_operator to 2022-01-01T00:00:00+00:00, run_after=2022-01-01T00:00:00+00:00
[2025-05-09 14:44:42,551] {logging_mixin.py:115} INFO - [2025-05-09 14:44:42,551] {dag.py:2927} INFO - Setting next_dagrun for example_subdag_operator.section-1 to None, run_after=None
[2025-05-09 14:44:42,551] {logging_mixin.py:115} INFO - [2025-05-09 14:44:42,551] {dag.py:2927} INFO - Setting next_dagrun for example_subdag_operator.section-2 to None, run_after=None
[2025-05-09 14:44:42,554] {logging_mixin.py:115} INFO - [2025-05-09 14:44:42,554] {dag.py:2379} INFO - Sync 2 DAGs
[2025-05-09 14:44:42,557] {logging_mixin.py:115} INFO - [2025-05-09 14:44:42,557] {dag.py:2927} INFO - Setting next_dagrun for example_subdag_operator.section-1 to None, run_after=None
[2025-05-09 14:44:42,557] {logging_mixin.py:115} INFO - [2025-05-09 14:44:42,557] {dag.py:2927} INFO - Setting next_dagrun for example_subdag_operator.section-2 to None, run_after=None
[2025-05-09 14:44:42,564] {processor.py:161} INFO - Processing /home/pedro/Documentos/airflow/venv/lib/python3.9/site-packages/airflow/example_dags/example_subdag_operator.py took 0.067 seconds
[2025-05-09 14:45:15,169] {processor.py:153} INFO - Started process (PID=68677) to work on /home/pedro/Documentos/airflow/venv/lib/python3.9/site-packages/airflow/example_dags/example_subdag_operator.py
[2025-05-09 14:45:15,182] {processor.py:641} INFO - Processing file /home/pedro/Documentos/airflow/venv/lib/python3.9/site-packages/airflow/example_dags/example_subdag_operator.py for tasks to queue
[2025-05-09 14:45:15,182] {logging_mixin.py:115} INFO - [2025-05-09 14:45:15,182] {dagbag.py:507} INFO - Filling up the DagBag from /home/pedro/Documentos/airflow/venv/lib/python3.9/site-packages/airflow/example_dags/example_subdag_operator.py
[2025-05-09 14:45:15,196] {processor.py:651} INFO - DAG(s) dict_keys(['example_subdag_operator.section-1', 'example_subdag_operator.section-2', 'example_subdag_operator']) retrieved from /home/pedro/Documentos/airflow/venv/lib/python3.9/site-packages/airflow/example_dags/example_subdag_operator.py
[2025-05-09 14:45:15,209] {logging_mixin.py:115} INFO - [2025-05-09 14:45:15,209] {dag.py:2379} INFO - Sync 3 DAGs
[2025-05-09 14:45:15,220] {logging_mixin.py:115} INFO - [2025-05-09 14:45:15,220] {dag.py:2927} INFO - Setting next_dagrun for example_subdag_operator to 2022-01-01T00:00:00+00:00, run_after=2022-01-01T00:00:00+00:00
[2025-05-09 14:45:15,220] {logging_mixin.py:115} INFO - [2025-05-09 14:45:15,220] {dag.py:2927} INFO - Setting next_dagrun for example_subdag_operator.section-1 to None, run_after=None
[2025-05-09 14:45:15,220] {logging_mixin.py:115} INFO - [2025-05-09 14:45:15,220] {dag.py:2927} INFO - Setting next_dagrun for example_subdag_operator.section-2 to None, run_after=None
[2025-05-09 14:45:15,223] {logging_mixin.py:115} INFO - [2025-05-09 14:45:15,223] {dag.py:2379} INFO - Sync 2 DAGs
[2025-05-09 14:45:15,226] {logging_mixin.py:115} INFO - [2025-05-09 14:45:15,226] {dag.py:2927} INFO - Setting next_dagrun for example_subdag_operator.section-1 to None, run_after=None
[2025-05-09 14:45:15,226] {logging_mixin.py:115} INFO - [2025-05-09 14:45:15,226] {dag.py:2927} INFO - Setting next_dagrun for example_subdag_operator.section-2 to None, run_after=None
[2025-05-09 14:45:15,233] {processor.py:161} INFO - Processing /home/pedro/Documentos/airflow/venv/lib/python3.9/site-packages/airflow/example_dags/example_subdag_operator.py took 0.065 seconds
[2025-05-09 14:45:49,423] {processor.py:153} INFO - Started process (PID=68876) to work on /home/pedro/Documentos/airflow/venv/lib/python3.9/site-packages/airflow/example_dags/example_subdag_operator.py
[2025-05-09 14:45:49,435] {processor.py:641} INFO - Processing file /home/pedro/Documentos/airflow/venv/lib/python3.9/site-packages/airflow/example_dags/example_subdag_operator.py for tasks to queue
[2025-05-09 14:45:49,435] {logging_mixin.py:115} INFO - [2025-05-09 14:45:49,435] {dagbag.py:507} INFO - Filling up the DagBag from /home/pedro/Documentos/airflow/venv/lib/python3.9/site-packages/airflow/example_dags/example_subdag_operator.py
[2025-05-09 14:45:49,448] {processor.py:651} INFO - DAG(s) dict_keys(['example_subdag_operator.section-1', 'example_subdag_operator.section-2', 'example_subdag_operator']) retrieved from /home/pedro/Documentos/airflow/venv/lib/python3.9/site-packages/airflow/example_dags/example_subdag_operator.py
[2025-05-09 14:45:49,461] {logging_mixin.py:115} INFO - [2025-05-09 14:45:49,461] {dag.py:2379} INFO - Sync 3 DAGs
[2025-05-09 14:45:49,472] {logging_mixin.py:115} INFO - [2025-05-09 14:45:49,472] {dag.py:2927} INFO - Setting next_dagrun for example_subdag_operator to 2022-01-01T00:00:00+00:00, run_after=2022-01-01T00:00:00+00:00
[2025-05-09 14:45:49,472] {logging_mixin.py:115} INFO - [2025-05-09 14:45:49,472] {dag.py:2927} INFO - Setting next_dagrun for example_subdag_operator.section-1 to None, run_after=None
[2025-05-09 14:45:49,472] {logging_mixin.py:115} INFO - [2025-05-09 14:45:49,472] {dag.py:2927} INFO - Setting next_dagrun for example_subdag_operator.section-2 to None, run_after=None
[2025-05-09 14:45:49,475] {logging_mixin.py:115} INFO - [2025-05-09 14:45:49,475] {dag.py:2379} INFO - Sync 2 DAGs
[2025-05-09 14:45:49,478] {logging_mixin.py:115} INFO - [2025-05-09 14:45:49,478] {dag.py:2927} INFO - Setting next_dagrun for example_subdag_operator.section-1 to None, run_after=None
[2025-05-09 14:45:49,478] {logging_mixin.py:115} INFO - [2025-05-09 14:45:49,478] {dag.py:2927} INFO - Setting next_dagrun for example_subdag_operator.section-2 to None, run_after=None
[2025-05-09 14:45:49,485] {processor.py:161} INFO - Processing /home/pedro/Documentos/airflow/venv/lib/python3.9/site-packages/airflow/example_dags/example_subdag_operator.py took 0.064 seconds
[2025-05-09 14:46:22,184] {processor.py:153} INFO - Started process (PID=69073) to work on /home/pedro/Documentos/airflow/venv/lib/python3.9/site-packages/airflow/example_dags/example_subdag_operator.py
[2025-05-09 14:46:22,197] {processor.py:641} INFO - Processing file /home/pedro/Documentos/airflow/venv/lib/python3.9/site-packages/airflow/example_dags/example_subdag_operator.py for tasks to queue
[2025-05-09 14:46:22,197] {logging_mixin.py:115} INFO - [2025-05-09 14:46:22,197] {dagbag.py:507} INFO - Filling up the DagBag from /home/pedro/Documentos/airflow/venv/lib/python3.9/site-packages/airflow/example_dags/example_subdag_operator.py
[2025-05-09 14:46:22,212] {processor.py:651} INFO - DAG(s) dict_keys(['example_subdag_operator.section-1', 'example_subdag_operator.section-2', 'example_subdag_operator']) retrieved from /home/pedro/Documentos/airflow/venv/lib/python3.9/site-packages/airflow/example_dags/example_subdag_operator.py
[2025-05-09 14:46:22,225] {logging_mixin.py:115} INFO - [2025-05-09 14:46:22,225] {dag.py:2379} INFO - Sync 3 DAGs
[2025-05-09 14:46:22,236] {logging_mixin.py:115} INFO - [2025-05-09 14:46:22,236] {dag.py:2927} INFO - Setting next_dagrun for example_subdag_operator to 2022-01-01T00:00:00+00:00, run_after=2022-01-01T00:00:00+00:00
[2025-05-09 14:46:22,236] {logging_mixin.py:115} INFO - [2025-05-09 14:46:22,236] {dag.py:2927} INFO - Setting next_dagrun for example_subdag_operator.section-1 to None, run_after=None
[2025-05-09 14:46:22,236] {logging_mixin.py:115} INFO - [2025-05-09 14:46:22,236] {dag.py:2927} INFO - Setting next_dagrun for example_subdag_operator.section-2 to None, run_after=None
[2025-05-09 14:46:22,239] {logging_mixin.py:115} INFO - [2025-05-09 14:46:22,239] {dag.py:2379} INFO - Sync 2 DAGs
[2025-05-09 14:46:22,242] {logging_mixin.py:115} INFO - [2025-05-09 14:46:22,242] {dag.py:2927} INFO - Setting next_dagrun for example_subdag_operator.section-1 to None, run_after=None
[2025-05-09 14:46:22,242] {logging_mixin.py:115} INFO - [2025-05-09 14:46:22,242] {dag.py:2927} INFO - Setting next_dagrun for example_subdag_operator.section-2 to None, run_after=None
[2025-05-09 14:46:22,249] {processor.py:161} INFO - Processing /home/pedro/Documentos/airflow/venv/lib/python3.9/site-packages/airflow/example_dags/example_subdag_operator.py took 0.067 seconds
[2025-05-09 14:46:55,339] {processor.py:153} INFO - Started process (PID=69584) to work on /home/pedro/Documentos/airflow/venv/lib/python3.9/site-packages/airflow/example_dags/example_subdag_operator.py
[2025-05-09 14:46:55,351] {processor.py:641} INFO - Processing file /home/pedro/Documentos/airflow/venv/lib/python3.9/site-packages/airflow/example_dags/example_subdag_operator.py for tasks to queue
[2025-05-09 14:46:55,352] {logging_mixin.py:115} INFO - [2025-05-09 14:46:55,352] {dagbag.py:507} INFO - Filling up the DagBag from /home/pedro/Documentos/airflow/venv/lib/python3.9/site-packages/airflow/example_dags/example_subdag_operator.py
[2025-05-09 14:46:55,367] {processor.py:651} INFO - DAG(s) dict_keys(['example_subdag_operator.section-1', 'example_subdag_operator.section-2', 'example_subdag_operator']) retrieved from /home/pedro/Documentos/airflow/venv/lib/python3.9/site-packages/airflow/example_dags/example_subdag_operator.py
[2025-05-09 14:46:55,381] {logging_mixin.py:115} INFO - [2025-05-09 14:46:55,381] {dag.py:2379} INFO - Sync 3 DAGs
[2025-05-09 14:46:55,393] {logging_mixin.py:115} INFO - [2025-05-09 14:46:55,393] {dag.py:2927} INFO - Setting next_dagrun for example_subdag_operator to 2022-01-01T00:00:00+00:00, run_after=2022-01-01T00:00:00+00:00
[2025-05-09 14:46:55,393] {logging_mixin.py:115} INFO - [2025-05-09 14:46:55,393] {dag.py:2927} INFO - Setting next_dagrun for example_subdag_operator.section-1 to None, run_after=None
[2025-05-09 14:46:55,393] {logging_mixin.py:115} INFO - [2025-05-09 14:46:55,393] {dag.py:2927} INFO - Setting next_dagrun for example_subdag_operator.section-2 to None, run_after=None
[2025-05-09 14:46:55,397] {logging_mixin.py:115} INFO - [2025-05-09 14:46:55,397] {dag.py:2379} INFO - Sync 2 DAGs
[2025-05-09 14:46:55,400] {logging_mixin.py:115} INFO - [2025-05-09 14:46:55,400] {dag.py:2927} INFO - Setting next_dagrun for example_subdag_operator.section-1 to None, run_after=None
[2025-05-09 14:46:55,400] {logging_mixin.py:115} INFO - [2025-05-09 14:46:55,400] {dag.py:2927} INFO - Setting next_dagrun for example_subdag_operator.section-2 to None, run_after=None
[2025-05-09 14:46:55,408] {processor.py:161} INFO - Processing /home/pedro/Documentos/airflow/venv/lib/python3.9/site-packages/airflow/example_dags/example_subdag_operator.py took 0.071 seconds
[2025-05-09 14:47:29,967] {processor.py:153} INFO - Started process (PID=69941) to work on /home/pedro/Documentos/airflow/venv/lib/python3.9/site-packages/airflow/example_dags/example_subdag_operator.py
[2025-05-09 14:47:29,979] {processor.py:641} INFO - Processing file /home/pedro/Documentos/airflow/venv/lib/python3.9/site-packages/airflow/example_dags/example_subdag_operator.py for tasks to queue
[2025-05-09 14:47:29,980] {logging_mixin.py:115} INFO - [2025-05-09 14:47:29,980] {dagbag.py:507} INFO - Filling up the DagBag from /home/pedro/Documentos/airflow/venv/lib/python3.9/site-packages/airflow/example_dags/example_subdag_operator.py
[2025-05-09 14:47:29,995] {processor.py:651} INFO - DAG(s) dict_keys(['example_subdag_operator.section-1', 'example_subdag_operator.section-2', 'example_subdag_operator']) retrieved from /home/pedro/Documentos/airflow/venv/lib/python3.9/site-packages/airflow/example_dags/example_subdag_operator.py
[2025-05-09 14:47:30,008] {logging_mixin.py:115} INFO - [2025-05-09 14:47:30,008] {dag.py:2379} INFO - Sync 3 DAGs
[2025-05-09 14:47:30,020] {logging_mixin.py:115} INFO - [2025-05-09 14:47:30,020] {dag.py:2927} INFO - Setting next_dagrun for example_subdag_operator to 2022-01-01T00:00:00+00:00, run_after=2022-01-01T00:00:00+00:00
[2025-05-09 14:47:30,020] {logging_mixin.py:115} INFO - [2025-05-09 14:47:30,020] {dag.py:2927} INFO - Setting next_dagrun for example_subdag_operator.section-1 to None, run_after=None
[2025-05-09 14:47:30,020] {logging_mixin.py:115} INFO - [2025-05-09 14:47:30,020] {dag.py:2927} INFO - Setting next_dagrun for example_subdag_operator.section-2 to None, run_after=None
[2025-05-09 14:47:30,024] {logging_mixin.py:115} INFO - [2025-05-09 14:47:30,024] {dag.py:2379} INFO - Sync 2 DAGs
[2025-05-09 14:47:30,026] {logging_mixin.py:115} INFO - [2025-05-09 14:47:30,026] {dag.py:2927} INFO - Setting next_dagrun for example_subdag_operator.section-1 to None, run_after=None
[2025-05-09 14:47:30,026] {logging_mixin.py:115} INFO - [2025-05-09 14:47:30,026] {dag.py:2927} INFO - Setting next_dagrun for example_subdag_operator.section-2 to None, run_after=None
[2025-05-09 14:47:30,034] {processor.py:161} INFO - Processing /home/pedro/Documentos/airflow/venv/lib/python3.9/site-packages/airflow/example_dags/example_subdag_operator.py took 0.070 seconds
[2025-05-09 14:48:05,136] {processor.py:153} INFO - Started process (PID=70158) to work on /home/pedro/Documentos/airflow/venv/lib/python3.9/site-packages/airflow/example_dags/example_subdag_operator.py
[2025-05-09 14:48:05,148] {processor.py:641} INFO - Processing file /home/pedro/Documentos/airflow/venv/lib/python3.9/site-packages/airflow/example_dags/example_subdag_operator.py for tasks to queue
[2025-05-09 14:48:05,149] {logging_mixin.py:115} INFO - [2025-05-09 14:48:05,149] {dagbag.py:507} INFO - Filling up the DagBag from /home/pedro/Documentos/airflow/venv/lib/python3.9/site-packages/airflow/example_dags/example_subdag_operator.py
[2025-05-09 14:48:05,163] {processor.py:651} INFO - DAG(s) dict_keys(['example_subdag_operator.section-1', 'example_subdag_operator.section-2', 'example_subdag_operator']) retrieved from /home/pedro/Documentos/airflow/venv/lib/python3.9/site-packages/airflow/example_dags/example_subdag_operator.py
[2025-05-09 14:48:05,177] {logging_mixin.py:115} INFO - [2025-05-09 14:48:05,177] {dag.py:2379} INFO - Sync 3 DAGs
[2025-05-09 14:48:05,188] {logging_mixin.py:115} INFO - [2025-05-09 14:48:05,188] {dag.py:2927} INFO - Setting next_dagrun for example_subdag_operator to 2022-01-01T00:00:00+00:00, run_after=2022-01-01T00:00:00+00:00
[2025-05-09 14:48:05,189] {logging_mixin.py:115} INFO - [2025-05-09 14:48:05,189] {dag.py:2927} INFO - Setting next_dagrun for example_subdag_operator.section-1 to None, run_after=None
[2025-05-09 14:48:05,189] {logging_mixin.py:115} INFO - [2025-05-09 14:48:05,189] {dag.py:2927} INFO - Setting next_dagrun for example_subdag_operator.section-2 to None, run_after=None
[2025-05-09 14:48:05,192] {logging_mixin.py:115} INFO - [2025-05-09 14:48:05,192] {dag.py:2379} INFO - Sync 2 DAGs
[2025-05-09 14:48:05,195] {logging_mixin.py:115} INFO - [2025-05-09 14:48:05,195] {dag.py:2927} INFO - Setting next_dagrun for example_subdag_operator.section-1 to None, run_after=None
[2025-05-09 14:48:05,195] {logging_mixin.py:115} INFO - [2025-05-09 14:48:05,195] {dag.py:2927} INFO - Setting next_dagrun for example_subdag_operator.section-2 to None, run_after=None
[2025-05-09 14:48:05,204] {processor.py:161} INFO - Processing /home/pedro/Documentos/airflow/venv/lib/python3.9/site-packages/airflow/example_dags/example_subdag_operator.py took 0.070 seconds
[2025-05-09 14:48:39,281] {processor.py:153} INFO - Started process (PID=70424) to work on /home/pedro/Documentos/airflow/venv/lib/python3.9/site-packages/airflow/example_dags/example_subdag_operator.py
[2025-05-09 14:48:39,294] {processor.py:641} INFO - Processing file /home/pedro/Documentos/airflow/venv/lib/python3.9/site-packages/airflow/example_dags/example_subdag_operator.py for tasks to queue
[2025-05-09 14:48:39,294] {logging_mixin.py:115} INFO - [2025-05-09 14:48:39,294] {dagbag.py:507} INFO - Filling up the DagBag from /home/pedro/Documentos/airflow/venv/lib/python3.9/site-packages/airflow/example_dags/example_subdag_operator.py
[2025-05-09 14:48:39,310] {processor.py:651} INFO - DAG(s) dict_keys(['example_subdag_operator.section-1', 'example_subdag_operator.section-2', 'example_subdag_operator']) retrieved from /home/pedro/Documentos/airflow/venv/lib/python3.9/site-packages/airflow/example_dags/example_subdag_operator.py
[2025-05-09 14:48:39,324] {logging_mixin.py:115} INFO - [2025-05-09 14:48:39,324] {dag.py:2379} INFO - Sync 3 DAGs
[2025-05-09 14:48:39,337] {logging_mixin.py:115} INFO - [2025-05-09 14:48:39,337] {dag.py:2927} INFO - Setting next_dagrun for example_subdag_operator to 2022-01-01T00:00:00+00:00, run_after=2022-01-01T00:00:00+00:00
[2025-05-09 14:48:39,337] {logging_mixin.py:115} INFO - [2025-05-09 14:48:39,337] {dag.py:2927} INFO - Setting next_dagrun for example_subdag_operator.section-1 to None, run_after=None
[2025-05-09 14:48:39,337] {logging_mixin.py:115} INFO - [2025-05-09 14:48:39,337] {dag.py:2927} INFO - Setting next_dagrun for example_subdag_operator.section-2 to None, run_after=None
[2025-05-09 14:48:39,340] {logging_mixin.py:115} INFO - [2025-05-09 14:48:39,340] {dag.py:2379} INFO - Sync 2 DAGs
[2025-05-09 14:48:39,344] {logging_mixin.py:115} INFO - [2025-05-09 14:48:39,344] {dag.py:2927} INFO - Setting next_dagrun for example_subdag_operator.section-1 to None, run_after=None
[2025-05-09 14:48:39,344] {logging_mixin.py:115} INFO - [2025-05-09 14:48:39,344] {dag.py:2927} INFO - Setting next_dagrun for example_subdag_operator.section-2 to None, run_after=None
[2025-05-09 14:48:39,352] {processor.py:161} INFO - Processing /home/pedro/Documentos/airflow/venv/lib/python3.9/site-packages/airflow/example_dags/example_subdag_operator.py took 0.073 seconds
[2025-05-09 14:49:11,537] {processor.py:153} INFO - Started process (PID=70663) to work on /home/pedro/Documentos/airflow/venv/lib/python3.9/site-packages/airflow/example_dags/example_subdag_operator.py
[2025-05-09 14:49:11,549] {processor.py:641} INFO - Processing file /home/pedro/Documentos/airflow/venv/lib/python3.9/site-packages/airflow/example_dags/example_subdag_operator.py for tasks to queue
[2025-05-09 14:49:11,550] {logging_mixin.py:115} INFO - [2025-05-09 14:49:11,550] {dagbag.py:507} INFO - Filling up the DagBag from /home/pedro/Documentos/airflow/venv/lib/python3.9/site-packages/airflow/example_dags/example_subdag_operator.py
[2025-05-09 14:49:11,568] {processor.py:651} INFO - DAG(s) dict_keys(['example_subdag_operator.section-1', 'example_subdag_operator.section-2', 'example_subdag_operator']) retrieved from /home/pedro/Documentos/airflow/venv/lib/python3.9/site-packages/airflow/example_dags/example_subdag_operator.py
[2025-05-09 14:49:11,581] {logging_mixin.py:115} INFO - [2025-05-09 14:49:11,581] {dag.py:2379} INFO - Sync 3 DAGs
[2025-05-09 14:49:11,593] {logging_mixin.py:115} INFO - [2025-05-09 14:49:11,593] {dag.py:2927} INFO - Setting next_dagrun for example_subdag_operator to 2022-01-01T00:00:00+00:00, run_after=2022-01-01T00:00:00+00:00
[2025-05-09 14:49:11,593] {logging_mixin.py:115} INFO - [2025-05-09 14:49:11,593] {dag.py:2927} INFO - Setting next_dagrun for example_subdag_operator.section-1 to None, run_after=None
[2025-05-09 14:49:11,593] {logging_mixin.py:115} INFO - [2025-05-09 14:49:11,593] {dag.py:2927} INFO - Setting next_dagrun for example_subdag_operator.section-2 to None, run_after=None
[2025-05-09 14:49:11,596] {logging_mixin.py:115} INFO - [2025-05-09 14:49:11,596] {dag.py:2379} INFO - Sync 2 DAGs
[2025-05-09 14:49:11,600] {logging_mixin.py:115} INFO - [2025-05-09 14:49:11,600] {dag.py:2927} INFO - Setting next_dagrun for example_subdag_operator.section-1 to None, run_after=None
[2025-05-09 14:49:11,600] {logging_mixin.py:115} INFO - [2025-05-09 14:49:11,600] {dag.py:2927} INFO - Setting next_dagrun for example_subdag_operator.section-2 to None, run_after=None
[2025-05-09 14:49:11,607] {processor.py:161} INFO - Processing /home/pedro/Documentos/airflow/venv/lib/python3.9/site-packages/airflow/example_dags/example_subdag_operator.py took 0.072 seconds
[2025-05-09 14:49:47,529] {processor.py:153} INFO - Started process (PID=70904) to work on /home/pedro/Documentos/airflow/venv/lib/python3.9/site-packages/airflow/example_dags/example_subdag_operator.py
[2025-05-09 14:49:47,542] {processor.py:641} INFO - Processing file /home/pedro/Documentos/airflow/venv/lib/python3.9/site-packages/airflow/example_dags/example_subdag_operator.py for tasks to queue
[2025-05-09 14:49:47,542] {logging_mixin.py:115} INFO - [2025-05-09 14:49:47,542] {dagbag.py:507} INFO - Filling up the DagBag from /home/pedro/Documentos/airflow/venv/lib/python3.9/site-packages/airflow/example_dags/example_subdag_operator.py
[2025-05-09 14:49:47,559] {processor.py:651} INFO - DAG(s) dict_keys(['example_subdag_operator.section-1', 'example_subdag_operator.section-2', 'example_subdag_operator']) retrieved from /home/pedro/Documentos/airflow/venv/lib/python3.9/site-packages/airflow/example_dags/example_subdag_operator.py
[2025-05-09 14:49:47,574] {logging_mixin.py:115} INFO - [2025-05-09 14:49:47,574] {dag.py:2379} INFO - Sync 3 DAGs
[2025-05-09 14:49:47,587] {logging_mixin.py:115} INFO - [2025-05-09 14:49:47,587] {dag.py:2927} INFO - Setting next_dagrun for example_subdag_operator to 2022-01-01T00:00:00+00:00, run_after=2022-01-01T00:00:00+00:00
[2025-05-09 14:49:47,587] {logging_mixin.py:115} INFO - [2025-05-09 14:49:47,587] {dag.py:2927} INFO - Setting next_dagrun for example_subdag_operator.section-1 to None, run_after=None
[2025-05-09 14:49:47,587] {logging_mixin.py:115} INFO - [2025-05-09 14:49:47,587] {dag.py:2927} INFO - Setting next_dagrun for example_subdag_operator.section-2 to None, run_after=None
[2025-05-09 14:49:47,591] {logging_mixin.py:115} INFO - [2025-05-09 14:49:47,591] {dag.py:2379} INFO - Sync 2 DAGs
[2025-05-09 14:49:47,594] {logging_mixin.py:115} INFO - [2025-05-09 14:49:47,594] {dag.py:2927} INFO - Setting next_dagrun for example_subdag_operator.section-1 to None, run_after=None
[2025-05-09 14:49:47,595] {logging_mixin.py:115} INFO - [2025-05-09 14:49:47,595] {dag.py:2927} INFO - Setting next_dagrun for example_subdag_operator.section-2 to None, run_after=None
[2025-05-09 14:49:47,603] {processor.py:161} INFO - Processing /home/pedro/Documentos/airflow/venv/lib/python3.9/site-packages/airflow/example_dags/example_subdag_operator.py took 0.077 seconds
[2025-05-09 14:50:22,300] {processor.py:153} INFO - Started process (PID=71192) to work on /home/pedro/Documentos/airflow/venv/lib/python3.9/site-packages/airflow/example_dags/example_subdag_operator.py
[2025-05-09 14:50:22,312] {processor.py:641} INFO - Processing file /home/pedro/Documentos/airflow/venv/lib/python3.9/site-packages/airflow/example_dags/example_subdag_operator.py for tasks to queue
[2025-05-09 14:50:22,312] {logging_mixin.py:115} INFO - [2025-05-09 14:50:22,312] {dagbag.py:507} INFO - Filling up the DagBag from /home/pedro/Documentos/airflow/venv/lib/python3.9/site-packages/airflow/example_dags/example_subdag_operator.py
[2025-05-09 14:50:22,330] {processor.py:651} INFO - DAG(s) dict_keys(['example_subdag_operator.section-1', 'example_subdag_operator.section-2', 'example_subdag_operator']) retrieved from /home/pedro/Documentos/airflow/venv/lib/python3.9/site-packages/airflow/example_dags/example_subdag_operator.py
[2025-05-09 14:50:22,345] {logging_mixin.py:115} INFO - [2025-05-09 14:50:22,345] {dag.py:2379} INFO - Sync 3 DAGs
[2025-05-09 14:50:22,359] {logging_mixin.py:115} INFO - [2025-05-09 14:50:22,359] {dag.py:2927} INFO - Setting next_dagrun for example_subdag_operator to 2022-01-01T00:00:00+00:00, run_after=2022-01-01T00:00:00+00:00
[2025-05-09 14:50:22,360] {logging_mixin.py:115} INFO - [2025-05-09 14:50:22,360] {dag.py:2927} INFO - Setting next_dagrun for example_subdag_operator.section-1 to None, run_after=None
[2025-05-09 14:50:22,360] {logging_mixin.py:115} INFO - [2025-05-09 14:50:22,360] {dag.py:2927} INFO - Setting next_dagrun for example_subdag_operator.section-2 to None, run_after=None
[2025-05-09 14:50:22,365] {logging_mixin.py:115} INFO - [2025-05-09 14:50:22,365] {dag.py:2379} INFO - Sync 2 DAGs
[2025-05-09 14:50:22,369] {logging_mixin.py:115} INFO - [2025-05-09 14:50:22,368] {dag.py:2927} INFO - Setting next_dagrun for example_subdag_operator.section-1 to None, run_after=None
[2025-05-09 14:50:22,369] {logging_mixin.py:115} INFO - [2025-05-09 14:50:22,369] {dag.py:2927} INFO - Setting next_dagrun for example_subdag_operator.section-2 to None, run_after=None
[2025-05-09 14:50:22,377] {processor.py:161} INFO - Processing /home/pedro/Documentos/airflow/venv/lib/python3.9/site-packages/airflow/example_dags/example_subdag_operator.py took 0.079 seconds
[2025-05-09 14:50:56,252] {processor.py:153} INFO - Started process (PID=71396) to work on /home/pedro/Documentos/airflow/venv/lib/python3.9/site-packages/airflow/example_dags/example_subdag_operator.py
[2025-05-09 14:50:56,264] {processor.py:641} INFO - Processing file /home/pedro/Documentos/airflow/venv/lib/python3.9/site-packages/airflow/example_dags/example_subdag_operator.py for tasks to queue
[2025-05-09 14:50:56,264] {logging_mixin.py:115} INFO - [2025-05-09 14:50:56,264] {dagbag.py:507} INFO - Filling up the DagBag from /home/pedro/Documentos/airflow/venv/lib/python3.9/site-packages/airflow/example_dags/example_subdag_operator.py
[2025-05-09 14:50:56,279] {processor.py:651} INFO - DAG(s) dict_keys(['example_subdag_operator.section-1', 'example_subdag_operator.section-2', 'example_subdag_operator']) retrieved from /home/pedro/Documentos/airflow/venv/lib/python3.9/site-packages/airflow/example_dags/example_subdag_operator.py
[2025-05-09 14:50:56,292] {logging_mixin.py:115} INFO - [2025-05-09 14:50:56,292] {dag.py:2379} INFO - Sync 3 DAGs
[2025-05-09 14:50:56,303] {logging_mixin.py:115} INFO - [2025-05-09 14:50:56,303] {dag.py:2927} INFO - Setting next_dagrun for example_subdag_operator to 2022-01-01T00:00:00+00:00, run_after=2022-01-01T00:00:00+00:00
[2025-05-09 14:50:56,303] {logging_mixin.py:115} INFO - [2025-05-09 14:50:56,303] {dag.py:2927} INFO - Setting next_dagrun for example_subdag_operator.section-1 to None, run_after=None
[2025-05-09 14:50:56,303] {logging_mixin.py:115} INFO - [2025-05-09 14:50:56,303] {dag.py:2927} INFO - Setting next_dagrun for example_subdag_operator.section-2 to None, run_after=None
[2025-05-09 14:50:56,306] {logging_mixin.py:115} INFO - [2025-05-09 14:50:56,306] {dag.py:2379} INFO - Sync 2 DAGs
[2025-05-09 14:50:56,309] {logging_mixin.py:115} INFO - [2025-05-09 14:50:56,309] {dag.py:2927} INFO - Setting next_dagrun for example_subdag_operator.section-1 to None, run_after=None
[2025-05-09 14:50:56,309] {logging_mixin.py:115} INFO - [2025-05-09 14:50:56,309] {dag.py:2927} INFO - Setting next_dagrun for example_subdag_operator.section-2 to None, run_after=None
[2025-05-09 14:50:56,316] {processor.py:161} INFO - Processing /home/pedro/Documentos/airflow/venv/lib/python3.9/site-packages/airflow/example_dags/example_subdag_operator.py took 0.066 seconds
[2025-05-09 14:51:29,311] {processor.py:153} INFO - Started process (PID=71604) to work on /home/pedro/Documentos/airflow/venv/lib/python3.9/site-packages/airflow/example_dags/example_subdag_operator.py
[2025-05-09 14:51:29,323] {processor.py:641} INFO - Processing file /home/pedro/Documentos/airflow/venv/lib/python3.9/site-packages/airflow/example_dags/example_subdag_operator.py for tasks to queue
[2025-05-09 14:51:29,323] {logging_mixin.py:115} INFO - [2025-05-09 14:51:29,323] {dagbag.py:507} INFO - Filling up the DagBag from /home/pedro/Documentos/airflow/venv/lib/python3.9/site-packages/airflow/example_dags/example_subdag_operator.py
[2025-05-09 14:51:29,338] {processor.py:651} INFO - DAG(s) dict_keys(['example_subdag_operator.section-1', 'example_subdag_operator.section-2', 'example_subdag_operator']) retrieved from /home/pedro/Documentos/airflow/venv/lib/python3.9/site-packages/airflow/example_dags/example_subdag_operator.py
[2025-05-09 14:51:29,351] {logging_mixin.py:115} INFO - [2025-05-09 14:51:29,351] {dag.py:2379} INFO - Sync 3 DAGs
[2025-05-09 14:51:29,363] {logging_mixin.py:115} INFO - [2025-05-09 14:51:29,363] {dag.py:2927} INFO - Setting next_dagrun for example_subdag_operator to 2022-01-01T00:00:00+00:00, run_after=2022-01-01T00:00:00+00:00
[2025-05-09 14:51:29,363] {logging_mixin.py:115} INFO - [2025-05-09 14:51:29,363] {dag.py:2927} INFO - Setting next_dagrun for example_subdag_operator.section-1 to None, run_after=None
[2025-05-09 14:51:29,363] {logging_mixin.py:115} INFO - [2025-05-09 14:51:29,363] {dag.py:2927} INFO - Setting next_dagrun for example_subdag_operator.section-2 to None, run_after=None
[2025-05-09 14:51:29,366] {logging_mixin.py:115} INFO - [2025-05-09 14:51:29,366] {dag.py:2379} INFO - Sync 2 DAGs
[2025-05-09 14:51:29,369] {logging_mixin.py:115} INFO - [2025-05-09 14:51:29,369] {dag.py:2927} INFO - Setting next_dagrun for example_subdag_operator.section-1 to None, run_after=None
[2025-05-09 14:51:29,369] {logging_mixin.py:115} INFO - [2025-05-09 14:51:29,369] {dag.py:2927} INFO - Setting next_dagrun for example_subdag_operator.section-2 to None, run_after=None
[2025-05-09 14:51:29,376] {processor.py:161} INFO - Processing /home/pedro/Documentos/airflow/venv/lib/python3.9/site-packages/airflow/example_dags/example_subdag_operator.py took 0.067 seconds
[2025-05-09 14:52:05,314] {processor.py:153} INFO - Started process (PID=71962) to work on /home/pedro/Documentos/airflow/venv/lib/python3.9/site-packages/airflow/example_dags/example_subdag_operator.py
[2025-05-09 14:52:05,315] {processor.py:641} INFO - Processing file /home/pedro/Documentos/airflow/venv/lib/python3.9/site-packages/airflow/example_dags/example_subdag_operator.py for tasks to queue
[2025-05-09 14:52:05,315] {logging_mixin.py:115} INFO - [2025-05-09 14:52:05,315] {dagbag.py:507} INFO - Filling up the DagBag from /home/pedro/Documentos/airflow/venv/lib/python3.9/site-packages/airflow/example_dags/example_subdag_operator.py
[2025-05-09 14:52:05,330] {processor.py:651} INFO - DAG(s) dict_keys(['example_subdag_operator.section-1', 'example_subdag_operator.section-2', 'example_subdag_operator']) retrieved from /home/pedro/Documentos/airflow/venv/lib/python3.9/site-packages/airflow/example_dags/example_subdag_operator.py
[2025-05-09 14:52:05,344] {logging_mixin.py:115} INFO - [2025-05-09 14:52:05,344] {dag.py:2379} INFO - Sync 3 DAGs
[2025-05-09 14:52:05,355] {logging_mixin.py:115} INFO - [2025-05-09 14:52:05,355] {dag.py:2927} INFO - Setting next_dagrun for example_subdag_operator to 2022-01-01T00:00:00+00:00, run_after=2022-01-01T00:00:00+00:00
[2025-05-09 14:52:05,356] {logging_mixin.py:115} INFO - [2025-05-09 14:52:05,356] {dag.py:2927} INFO - Setting next_dagrun for example_subdag_operator.section-1 to None, run_after=None
[2025-05-09 14:52:05,356] {logging_mixin.py:115} INFO - [2025-05-09 14:52:05,356] {dag.py:2927} INFO - Setting next_dagrun for example_subdag_operator.section-2 to None, run_after=None
[2025-05-09 14:52:05,359] {logging_mixin.py:115} INFO - [2025-05-09 14:52:05,359] {dag.py:2379} INFO - Sync 2 DAGs
[2025-05-09 14:52:05,362] {logging_mixin.py:115} INFO - [2025-05-09 14:52:05,362] {dag.py:2927} INFO - Setting next_dagrun for example_subdag_operator.section-1 to None, run_after=None
[2025-05-09 14:52:05,362] {logging_mixin.py:115} INFO - [2025-05-09 14:52:05,362] {dag.py:2927} INFO - Setting next_dagrun for example_subdag_operator.section-2 to None, run_after=None
[2025-05-09 14:52:05,369] {processor.py:161} INFO - Processing /home/pedro/Documentos/airflow/venv/lib/python3.9/site-packages/airflow/example_dags/example_subdag_operator.py took 0.057 seconds
[2025-05-09 14:52:37,523] {processor.py:153} INFO - Started process (PID=72463) to work on /home/pedro/Documentos/airflow/venv/lib/python3.9/site-packages/airflow/example_dags/example_subdag_operator.py
[2025-05-09 14:52:37,523] {processor.py:641} INFO - Processing file /home/pedro/Documentos/airflow/venv/lib/python3.9/site-packages/airflow/example_dags/example_subdag_operator.py for tasks to queue
[2025-05-09 14:52:37,524] {logging_mixin.py:115} INFO - [2025-05-09 14:52:37,524] {dagbag.py:507} INFO - Filling up the DagBag from /home/pedro/Documentos/airflow/venv/lib/python3.9/site-packages/airflow/example_dags/example_subdag_operator.py
[2025-05-09 14:52:37,538] {processor.py:651} INFO - DAG(s) dict_keys(['example_subdag_operator.section-1', 'example_subdag_operator.section-2', 'example_subdag_operator']) retrieved from /home/pedro/Documentos/airflow/venv/lib/python3.9/site-packages/airflow/example_dags/example_subdag_operator.py
[2025-05-09 14:52:37,551] {logging_mixin.py:115} INFO - [2025-05-09 14:52:37,551] {dag.py:2379} INFO - Sync 3 DAGs
[2025-05-09 14:52:37,562] {logging_mixin.py:115} INFO - [2025-05-09 14:52:37,562] {dag.py:2927} INFO - Setting next_dagrun for example_subdag_operator to 2022-01-01T00:00:00+00:00, run_after=2022-01-01T00:00:00+00:00
[2025-05-09 14:52:37,562] {logging_mixin.py:115} INFO - [2025-05-09 14:52:37,562] {dag.py:2927} INFO - Setting next_dagrun for example_subdag_operator.section-1 to None, run_after=None
[2025-05-09 14:52:37,562] {logging_mixin.py:115} INFO - [2025-05-09 14:52:37,562] {dag.py:2927} INFO - Setting next_dagrun for example_subdag_operator.section-2 to None, run_after=None
[2025-05-09 14:52:37,565] {logging_mixin.py:115} INFO - [2025-05-09 14:52:37,565] {dag.py:2379} INFO - Sync 2 DAGs
[2025-05-09 14:52:37,568] {logging_mixin.py:115} INFO - [2025-05-09 14:52:37,568] {dag.py:2927} INFO - Setting next_dagrun for example_subdag_operator.section-1 to None, run_after=None
[2025-05-09 14:52:37,568] {logging_mixin.py:115} INFO - [2025-05-09 14:52:37,568] {dag.py:2927} INFO - Setting next_dagrun for example_subdag_operator.section-2 to None, run_after=None
[2025-05-09 14:52:37,575] {processor.py:161} INFO - Processing /home/pedro/Documentos/airflow/venv/lib/python3.9/site-packages/airflow/example_dags/example_subdag_operator.py took 0.054 seconds
[2025-05-09 14:53:09,293] {processor.py:153} INFO - Started process (PID=72738) to work on /home/pedro/Documentos/airflow/venv/lib/python3.9/site-packages/airflow/example_dags/example_subdag_operator.py
[2025-05-09 14:53:09,305] {processor.py:641} INFO - Processing file /home/pedro/Documentos/airflow/venv/lib/python3.9/site-packages/airflow/example_dags/example_subdag_operator.py for tasks to queue
[2025-05-09 14:53:09,306] {logging_mixin.py:115} INFO - [2025-05-09 14:53:09,306] {dagbag.py:507} INFO - Filling up the DagBag from /home/pedro/Documentos/airflow/venv/lib/python3.9/site-packages/airflow/example_dags/example_subdag_operator.py
[2025-05-09 14:53:09,322] {processor.py:651} INFO - DAG(s) dict_keys(['example_subdag_operator.section-1', 'example_subdag_operator.section-2', 'example_subdag_operator']) retrieved from /home/pedro/Documentos/airflow/venv/lib/python3.9/site-packages/airflow/example_dags/example_subdag_operator.py
[2025-05-09 14:53:09,334] {logging_mixin.py:115} INFO - [2025-05-09 14:53:09,334] {dag.py:2379} INFO - Sync 3 DAGs
[2025-05-09 14:53:09,346] {logging_mixin.py:115} INFO - [2025-05-09 14:53:09,346] {dag.py:2927} INFO - Setting next_dagrun for example_subdag_operator to 2022-01-01T00:00:00+00:00, run_after=2022-01-01T00:00:00+00:00
[2025-05-09 14:53:09,346] {logging_mixin.py:115} INFO - [2025-05-09 14:53:09,346] {dag.py:2927} INFO - Setting next_dagrun for example_subdag_operator.section-1 to None, run_after=None
[2025-05-09 14:53:09,346] {logging_mixin.py:115} INFO - [2025-05-09 14:53:09,346] {dag.py:2927} INFO - Setting next_dagrun for example_subdag_operator.section-2 to None, run_after=None
[2025-05-09 14:53:09,350] {logging_mixin.py:115} INFO - [2025-05-09 14:53:09,350] {dag.py:2379} INFO - Sync 2 DAGs
[2025-05-09 14:53:09,353] {logging_mixin.py:115} INFO - [2025-05-09 14:53:09,353] {dag.py:2927} INFO - Setting next_dagrun for example_subdag_operator.section-1 to None, run_after=None
[2025-05-09 14:53:09,353] {logging_mixin.py:115} INFO - [2025-05-09 14:53:09,353] {dag.py:2927} INFO - Setting next_dagrun for example_subdag_operator.section-2 to None, run_after=None
[2025-05-09 14:53:09,360] {processor.py:161} INFO - Processing /home/pedro/Documentos/airflow/venv/lib/python3.9/site-packages/airflow/example_dags/example_subdag_operator.py took 0.069 seconds
[2025-05-09 14:53:46,075] {processor.py:153} INFO - Started process (PID=73921) to work on /home/pedro/Documentos/airflow/venv/lib/python3.9/site-packages/airflow/example_dags/example_subdag_operator.py
[2025-05-09 14:53:46,075] {processor.py:641} INFO - Processing file /home/pedro/Documentos/airflow/venv/lib/python3.9/site-packages/airflow/example_dags/example_subdag_operator.py for tasks to queue
[2025-05-09 14:53:46,076] {logging_mixin.py:115} INFO - [2025-05-09 14:53:46,075] {dagbag.py:507} INFO - Filling up the DagBag from /home/pedro/Documentos/airflow/venv/lib/python3.9/site-packages/airflow/example_dags/example_subdag_operator.py
[2025-05-09 14:53:46,094] {processor.py:651} INFO - DAG(s) dict_keys(['example_subdag_operator.section-1', 'example_subdag_operator.section-2', 'example_subdag_operator']) retrieved from /home/pedro/Documentos/airflow/venv/lib/python3.9/site-packages/airflow/example_dags/example_subdag_operator.py
[2025-05-09 14:53:46,107] {logging_mixin.py:115} INFO - [2025-05-09 14:53:46,107] {dag.py:2379} INFO - Sync 3 DAGs
[2025-05-09 14:53:46,119] {logging_mixin.py:115} INFO - [2025-05-09 14:53:46,119] {dag.py:2927} INFO - Setting next_dagrun for example_subdag_operator to 2022-01-01T00:00:00+00:00, run_after=2022-01-01T00:00:00+00:00
[2025-05-09 14:53:46,119] {logging_mixin.py:115} INFO - [2025-05-09 14:53:46,119] {dag.py:2927} INFO - Setting next_dagrun for example_subdag_operator.section-1 to None, run_after=None
[2025-05-09 14:53:46,119] {logging_mixin.py:115} INFO - [2025-05-09 14:53:46,119] {dag.py:2927} INFO - Setting next_dagrun for example_subdag_operator.section-2 to None, run_after=None
[2025-05-09 14:53:46,122] {logging_mixin.py:115} INFO - [2025-05-09 14:53:46,122] {dag.py:2379} INFO - Sync 2 DAGs
[2025-05-09 14:53:46,125] {logging_mixin.py:115} INFO - [2025-05-09 14:53:46,125] {dag.py:2927} INFO - Setting next_dagrun for example_subdag_operator.section-1 to None, run_after=None
[2025-05-09 14:53:46,125] {logging_mixin.py:115} INFO - [2025-05-09 14:53:46,125] {dag.py:2927} INFO - Setting next_dagrun for example_subdag_operator.section-2 to None, run_after=None
[2025-05-09 14:53:46,135] {processor.py:161} INFO - Processing /home/pedro/Documentos/airflow/venv/lib/python3.9/site-packages/airflow/example_dags/example_subdag_operator.py took 0.063 seconds
[2025-05-09 14:54:18,331] {processor.py:153} INFO - Started process (PID=74288) to work on /home/pedro/Documentos/airflow/venv/lib/python3.9/site-packages/airflow/example_dags/example_subdag_operator.py
[2025-05-09 14:54:18,344] {processor.py:641} INFO - Processing file /home/pedro/Documentos/airflow/venv/lib/python3.9/site-packages/airflow/example_dags/example_subdag_operator.py for tasks to queue
[2025-05-09 14:54:18,345] {logging_mixin.py:115} INFO - [2025-05-09 14:54:18,344] {dagbag.py:507} INFO - Filling up the DagBag from /home/pedro/Documentos/airflow/venv/lib/python3.9/site-packages/airflow/example_dags/example_subdag_operator.py
[2025-05-09 14:54:18,362] {processor.py:651} INFO - DAG(s) dict_keys(['example_subdag_operator.section-1', 'example_subdag_operator.section-2', 'example_subdag_operator']) retrieved from /home/pedro/Documentos/airflow/venv/lib/python3.9/site-packages/airflow/example_dags/example_subdag_operator.py
[2025-05-09 14:54:18,373] {logging_mixin.py:115} INFO - [2025-05-09 14:54:18,373] {dag.py:2379} INFO - Sync 3 DAGs
[2025-05-09 14:54:18,385] {logging_mixin.py:115} INFO - [2025-05-09 14:54:18,385] {dag.py:2927} INFO - Setting next_dagrun for example_subdag_operator to 2022-01-01T00:00:00+00:00, run_after=2022-01-01T00:00:00+00:00
[2025-05-09 14:54:18,385] {logging_mixin.py:115} INFO - [2025-05-09 14:54:18,385] {dag.py:2927} INFO - Setting next_dagrun for example_subdag_operator.section-1 to None, run_after=None
[2025-05-09 14:54:18,385] {logging_mixin.py:115} INFO - [2025-05-09 14:54:18,385] {dag.py:2927} INFO - Setting next_dagrun for example_subdag_operator.section-2 to None, run_after=None
[2025-05-09 14:54:18,389] {logging_mixin.py:115} INFO - [2025-05-09 14:54:18,389] {dag.py:2379} INFO - Sync 2 DAGs
[2025-05-09 14:54:18,392] {logging_mixin.py:115} INFO - [2025-05-09 14:54:18,392] {dag.py:2927} INFO - Setting next_dagrun for example_subdag_operator.section-1 to None, run_after=None
[2025-05-09 14:54:18,392] {logging_mixin.py:115} INFO - [2025-05-09 14:54:18,392] {dag.py:2927} INFO - Setting next_dagrun for example_subdag_operator.section-2 to None, run_after=None
[2025-05-09 14:54:18,440] {processor.py:161} INFO - Processing /home/pedro/Documentos/airflow/venv/lib/python3.9/site-packages/airflow/example_dags/example_subdag_operator.py took 0.112 seconds
[2025-05-09 14:54:49,224] {processor.py:153} INFO - Started process (PID=74475) to work on /home/pedro/Documentos/airflow/venv/lib/python3.9/site-packages/airflow/example_dags/example_subdag_operator.py
[2025-05-09 14:54:49,225] {processor.py:641} INFO - Processing file /home/pedro/Documentos/airflow/venv/lib/python3.9/site-packages/airflow/example_dags/example_subdag_operator.py for tasks to queue
[2025-05-09 14:54:49,225] {logging_mixin.py:115} INFO - [2025-05-09 14:54:49,225] {dagbag.py:507} INFO - Filling up the DagBag from /home/pedro/Documentos/airflow/venv/lib/python3.9/site-packages/airflow/example_dags/example_subdag_operator.py
[2025-05-09 14:54:49,247] {processor.py:651} INFO - DAG(s) dict_keys(['example_subdag_operator.section-1', 'example_subdag_operator.section-2', 'example_subdag_operator']) retrieved from /home/pedro/Documentos/airflow/venv/lib/python3.9/site-packages/airflow/example_dags/example_subdag_operator.py
[2025-05-09 14:54:49,259] {logging_mixin.py:115} INFO - [2025-05-09 14:54:49,259] {dag.py:2379} INFO - Sync 3 DAGs
[2025-05-09 14:54:49,273] {logging_mixin.py:115} INFO - [2025-05-09 14:54:49,273] {dag.py:2927} INFO - Setting next_dagrun for example_subdag_operator to 2022-01-01T00:00:00+00:00, run_after=2022-01-01T00:00:00+00:00
[2025-05-09 14:54:49,273] {logging_mixin.py:115} INFO - [2025-05-09 14:54:49,273] {dag.py:2927} INFO - Setting next_dagrun for example_subdag_operator.section-1 to None, run_after=None
[2025-05-09 14:54:49,273] {logging_mixin.py:115} INFO - [2025-05-09 14:54:49,273] {dag.py:2927} INFO - Setting next_dagrun for example_subdag_operator.section-2 to None, run_after=None
[2025-05-09 14:54:49,277] {logging_mixin.py:115} INFO - [2025-05-09 14:54:49,277] {dag.py:2379} INFO - Sync 2 DAGs
[2025-05-09 14:54:49,281] {logging_mixin.py:115} INFO - [2025-05-09 14:54:49,281] {dag.py:2927} INFO - Setting next_dagrun for example_subdag_operator.section-1 to None, run_after=None
[2025-05-09 14:54:49,282] {logging_mixin.py:115} INFO - [2025-05-09 14:54:49,282] {dag.py:2927} INFO - Setting next_dagrun for example_subdag_operator.section-2 to None, run_after=None
[2025-05-09 14:54:49,292] {processor.py:161} INFO - Processing /home/pedro/Documentos/airflow/venv/lib/python3.9/site-packages/airflow/example_dags/example_subdag_operator.py took 0.070 seconds
[2025-05-09 14:55:22,810] {processor.py:153} INFO - Started process (PID=74682) to work on /home/pedro/Documentos/airflow/venv/lib/python3.9/site-packages/airflow/example_dags/example_subdag_operator.py
[2025-05-09 14:55:22,822] {processor.py:641} INFO - Processing file /home/pedro/Documentos/airflow/venv/lib/python3.9/site-packages/airflow/example_dags/example_subdag_operator.py for tasks to queue
[2025-05-09 14:55:22,823] {logging_mixin.py:115} INFO - [2025-05-09 14:55:22,823] {dagbag.py:507} INFO - Filling up the DagBag from /home/pedro/Documentos/airflow/venv/lib/python3.9/site-packages/airflow/example_dags/example_subdag_operator.py
[2025-05-09 14:55:22,841] {processor.py:651} INFO - DAG(s) dict_keys(['example_subdag_operator.section-1', 'example_subdag_operator.section-2', 'example_subdag_operator']) retrieved from /home/pedro/Documentos/airflow/venv/lib/python3.9/site-packages/airflow/example_dags/example_subdag_operator.py
[2025-05-09 14:55:22,853] {logging_mixin.py:115} INFO - [2025-05-09 14:55:22,853] {dag.py:2379} INFO - Sync 3 DAGs
[2025-05-09 14:55:22,864] {logging_mixin.py:115} INFO - [2025-05-09 14:55:22,864] {dag.py:2927} INFO - Setting next_dagrun for example_subdag_operator to 2022-01-01T00:00:00+00:00, run_after=2022-01-01T00:00:00+00:00
[2025-05-09 14:55:22,864] {logging_mixin.py:115} INFO - [2025-05-09 14:55:22,864] {dag.py:2927} INFO - Setting next_dagrun for example_subdag_operator.section-1 to None, run_after=None
[2025-05-09 14:55:22,865] {logging_mixin.py:115} INFO - [2025-05-09 14:55:22,865] {dag.py:2927} INFO - Setting next_dagrun for example_subdag_operator.section-2 to None, run_after=None
[2025-05-09 14:55:22,868] {logging_mixin.py:115} INFO - [2025-05-09 14:55:22,868] {dag.py:2379} INFO - Sync 2 DAGs
[2025-05-09 14:55:22,870] {logging_mixin.py:115} INFO - [2025-05-09 14:55:22,870] {dag.py:2927} INFO - Setting next_dagrun for example_subdag_operator.section-1 to None, run_after=None
[2025-05-09 14:55:22,870] {logging_mixin.py:115} INFO - [2025-05-09 14:55:22,870] {dag.py:2927} INFO - Setting next_dagrun for example_subdag_operator.section-2 to None, run_after=None
[2025-05-09 14:55:22,878] {processor.py:161} INFO - Processing /home/pedro/Documentos/airflow/venv/lib/python3.9/site-packages/airflow/example_dags/example_subdag_operator.py took 0.070 seconds
