[2025-05-09 14:33:52,994] {processor.py:153} INFO - Started process (PID=61677) to work on /home/pedro/Documentos/airflow/venv/lib/python3.9/site-packages/airflow/example_dags/tutorial_taskflow_api_etl.py
[2025-05-09 14:33:52,995] {processor.py:641} INFO - Processing file /home/pedro/Documentos/airflow/venv/lib/python3.9/site-packages/airflow/example_dags/tutorial_taskflow_api_etl.py for tasks to queue
[2025-05-09 14:33:52,995] {logging_mixin.py:115} INFO - [2025-05-09 14:33:52,995] {dagbag.py:507} INFO - Filling up the DagBag from /home/pedro/Documentos/airflow/venv/lib/python3.9/site-packages/airflow/example_dags/tutorial_taskflow_api_etl.py
[2025-05-09 14:33:53,005] {processor.py:651} INFO - DAG(s) dict_keys(['tutorial_taskflow_api_etl']) retrieved from /home/pedro/Documentos/airflow/venv/lib/python3.9/site-packages/airflow/example_dags/tutorial_taskflow_api_etl.py
[2025-05-09 14:33:53,048] {logging_mixin.py:115} INFO - [2025-05-09 14:33:53,047] {manager.py:508} INFO - Created Permission View: can delete on DAG:tutorial_taskflow_api_etl
[2025-05-09 14:33:53,056] {logging_mixin.py:115} INFO - [2025-05-09 14:33:53,056] {manager.py:508} INFO - Created Permission View: can read on DAG:tutorial_taskflow_api_etl
[2025-05-09 14:33:53,063] {logging_mixin.py:115} INFO - [2025-05-09 14:33:53,062] {manager.py:508} INFO - Created Permission View: can edit on DAG:tutorial_taskflow_api_etl
[2025-05-09 14:33:53,063] {logging_mixin.py:115} INFO - [2025-05-09 14:33:53,063] {dag.py:2379} INFO - Sync 1 DAGs
[2025-05-09 14:33:53,068] {logging_mixin.py:115} INFO - [2025-05-09 14:33:53,068] {dag.py:2398} INFO - Creating ORM DAG for tutorial_taskflow_api_etl
[2025-05-09 14:33:53,073] {logging_mixin.py:115} INFO - [2025-05-09 14:33:53,073] {dag.py:2927} INFO - Setting next_dagrun for tutorial_taskflow_api_etl to None, run_after=None
[2025-05-09 14:33:53,086] {processor.py:161} INFO - Processing /home/pedro/Documentos/airflow/venv/lib/python3.9/site-packages/airflow/example_dags/tutorial_taskflow_api_etl.py took 0.094 seconds
[2025-05-09 14:34:28,053] {processor.py:153} INFO - Started process (PID=62129) to work on /home/pedro/Documentos/airflow/venv/lib/python3.9/site-packages/airflow/example_dags/tutorial_taskflow_api_etl.py
[2025-05-09 14:34:28,054] {processor.py:641} INFO - Processing file /home/pedro/Documentos/airflow/venv/lib/python3.9/site-packages/airflow/example_dags/tutorial_taskflow_api_etl.py for tasks to queue
[2025-05-09 14:34:28,054] {logging_mixin.py:115} INFO - [2025-05-09 14:34:28,054] {dagbag.py:507} INFO - Filling up the DagBag from /home/pedro/Documentos/airflow/venv/lib/python3.9/site-packages/airflow/example_dags/tutorial_taskflow_api_etl.py
[2025-05-09 14:34:28,067] {processor.py:651} INFO - DAG(s) dict_keys(['tutorial_taskflow_api_etl']) retrieved from /home/pedro/Documentos/airflow/venv/lib/python3.9/site-packages/airflow/example_dags/tutorial_taskflow_api_etl.py
[2025-05-09 14:34:28,100] {logging_mixin.py:115} INFO - [2025-05-09 14:34:28,100] {dag.py:2379} INFO - Sync 1 DAGs
[2025-05-09 14:34:28,111] {logging_mixin.py:115} INFO - [2025-05-09 14:34:28,111] {dag.py:2927} INFO - Setting next_dagrun for tutorial_taskflow_api_etl to None, run_after=None
[2025-05-09 14:34:28,123] {processor.py:161} INFO - Processing /home/pedro/Documentos/airflow/venv/lib/python3.9/site-packages/airflow/example_dags/tutorial_taskflow_api_etl.py took 0.072 seconds
[2025-05-09 14:35:02,918] {processor.py:153} INFO - Started process (PID=62541) to work on /home/pedro/Documentos/airflow/venv/lib/python3.9/site-packages/airflow/example_dags/tutorial_taskflow_api_etl.py
[2025-05-09 14:35:02,930] {processor.py:641} INFO - Processing file /home/pedro/Documentos/airflow/venv/lib/python3.9/site-packages/airflow/example_dags/tutorial_taskflow_api_etl.py for tasks to queue
[2025-05-09 14:35:02,931] {logging_mixin.py:115} INFO - [2025-05-09 14:35:02,930] {dagbag.py:507} INFO - Filling up the DagBag from /home/pedro/Documentos/airflow/venv/lib/python3.9/site-packages/airflow/example_dags/tutorial_taskflow_api_etl.py
[2025-05-09 14:35:02,942] {processor.py:651} INFO - DAG(s) dict_keys(['tutorial_taskflow_api_etl']) retrieved from /home/pedro/Documentos/airflow/venv/lib/python3.9/site-packages/airflow/example_dags/tutorial_taskflow_api_etl.py
[2025-05-09 14:35:02,954] {logging_mixin.py:115} INFO - [2025-05-09 14:35:02,954] {dag.py:2379} INFO - Sync 1 DAGs
[2025-05-09 14:35:02,964] {logging_mixin.py:115} INFO - [2025-05-09 14:35:02,964] {dag.py:2927} INFO - Setting next_dagrun for tutorial_taskflow_api_etl to None, run_after=None
[2025-05-09 14:35:03,025] {processor.py:161} INFO - Processing /home/pedro/Documentos/airflow/venv/lib/python3.9/site-packages/airflow/example_dags/tutorial_taskflow_api_etl.py took 0.109 seconds
[2025-05-09 14:35:34,766] {processor.py:153} INFO - Started process (PID=62877) to work on /home/pedro/Documentos/airflow/venv/lib/python3.9/site-packages/airflow/example_dags/tutorial_taskflow_api_etl.py
[2025-05-09 14:35:34,779] {processor.py:641} INFO - Processing file /home/pedro/Documentos/airflow/venv/lib/python3.9/site-packages/airflow/example_dags/tutorial_taskflow_api_etl.py for tasks to queue
[2025-05-09 14:35:34,779] {logging_mixin.py:115} INFO - [2025-05-09 14:35:34,779] {dagbag.py:507} INFO - Filling up the DagBag from /home/pedro/Documentos/airflow/venv/lib/python3.9/site-packages/airflow/example_dags/tutorial_taskflow_api_etl.py
[2025-05-09 14:35:34,792] {processor.py:651} INFO - DAG(s) dict_keys(['tutorial_taskflow_api_etl']) retrieved from /home/pedro/Documentos/airflow/venv/lib/python3.9/site-packages/airflow/example_dags/tutorial_taskflow_api_etl.py
[2025-05-09 14:35:34,804] {logging_mixin.py:115} INFO - [2025-05-09 14:35:34,804] {dag.py:2379} INFO - Sync 1 DAGs
[2025-05-09 14:35:34,816] {logging_mixin.py:115} INFO - [2025-05-09 14:35:34,815] {dag.py:2927} INFO - Setting next_dagrun for tutorial_taskflow_api_etl to None, run_after=None
[2025-05-09 14:35:34,826] {processor.py:161} INFO - Processing /home/pedro/Documentos/airflow/venv/lib/python3.9/site-packages/airflow/example_dags/tutorial_taskflow_api_etl.py took 0.062 seconds
[2025-05-09 14:36:08,570] {processor.py:153} INFO - Started process (PID=63274) to work on /home/pedro/Documentos/airflow/venv/lib/python3.9/site-packages/airflow/example_dags/tutorial_taskflow_api_etl.py
[2025-05-09 14:36:08,582] {processor.py:641} INFO - Processing file /home/pedro/Documentos/airflow/venv/lib/python3.9/site-packages/airflow/example_dags/tutorial_taskflow_api_etl.py for tasks to queue
[2025-05-09 14:36:08,583] {logging_mixin.py:115} INFO - [2025-05-09 14:36:08,583] {dagbag.py:507} INFO - Filling up the DagBag from /home/pedro/Documentos/airflow/venv/lib/python3.9/site-packages/airflow/example_dags/tutorial_taskflow_api_etl.py
[2025-05-09 14:36:08,596] {processor.py:651} INFO - DAG(s) dict_keys(['tutorial_taskflow_api_etl']) retrieved from /home/pedro/Documentos/airflow/venv/lib/python3.9/site-packages/airflow/example_dags/tutorial_taskflow_api_etl.py
[2025-05-09 14:36:08,624] {logging_mixin.py:115} INFO - [2025-05-09 14:36:08,624] {dag.py:2379} INFO - Sync 1 DAGs
[2025-05-09 14:36:08,634] {logging_mixin.py:115} INFO - [2025-05-09 14:36:08,634] {dag.py:2927} INFO - Setting next_dagrun for tutorial_taskflow_api_etl to None, run_after=None
[2025-05-09 14:36:08,644] {processor.py:161} INFO - Processing /home/pedro/Documentos/airflow/venv/lib/python3.9/site-packages/airflow/example_dags/tutorial_taskflow_api_etl.py took 0.076 seconds
[2025-05-09 14:36:40,473] {processor.py:153} INFO - Started process (PID=63462) to work on /home/pedro/Documentos/airflow/venv/lib/python3.9/site-packages/airflow/example_dags/tutorial_taskflow_api_etl.py
[2025-05-09 14:36:40,485] {processor.py:641} INFO - Processing file /home/pedro/Documentos/airflow/venv/lib/python3.9/site-packages/airflow/example_dags/tutorial_taskflow_api_etl.py for tasks to queue
[2025-05-09 14:36:40,486] {logging_mixin.py:115} INFO - [2025-05-09 14:36:40,486] {dagbag.py:507} INFO - Filling up the DagBag from /home/pedro/Documentos/airflow/venv/lib/python3.9/site-packages/airflow/example_dags/tutorial_taskflow_api_etl.py
[2025-05-09 14:36:40,498] {processor.py:651} INFO - DAG(s) dict_keys(['tutorial_taskflow_api_etl']) retrieved from /home/pedro/Documentos/airflow/venv/lib/python3.9/site-packages/airflow/example_dags/tutorial_taskflow_api_etl.py
[2025-05-09 14:36:40,528] {logging_mixin.py:115} INFO - [2025-05-09 14:36:40,528] {dag.py:2379} INFO - Sync 1 DAGs
[2025-05-09 14:36:40,538] {logging_mixin.py:115} INFO - [2025-05-09 14:36:40,538] {dag.py:2927} INFO - Setting next_dagrun for tutorial_taskflow_api_etl to None, run_after=None
[2025-05-09 14:36:40,549] {processor.py:161} INFO - Processing /home/pedro/Documentos/airflow/venv/lib/python3.9/site-packages/airflow/example_dags/tutorial_taskflow_api_etl.py took 0.078 seconds
[2025-05-09 14:37:15,063] {processor.py:153} INFO - Started process (PID=63879) to work on /home/pedro/Documentos/airflow/venv/lib/python3.9/site-packages/airflow/example_dags/tutorial_taskflow_api_etl.py
[2025-05-09 14:37:15,076] {processor.py:641} INFO - Processing file /home/pedro/Documentos/airflow/venv/lib/python3.9/site-packages/airflow/example_dags/tutorial_taskflow_api_etl.py for tasks to queue
[2025-05-09 14:37:15,076] {logging_mixin.py:115} INFO - [2025-05-09 14:37:15,076] {dagbag.py:507} INFO - Filling up the DagBag from /home/pedro/Documentos/airflow/venv/lib/python3.9/site-packages/airflow/example_dags/tutorial_taskflow_api_etl.py
[2025-05-09 14:37:15,088] {processor.py:651} INFO - DAG(s) dict_keys(['tutorial_taskflow_api_etl']) retrieved from /home/pedro/Documentos/airflow/venv/lib/python3.9/site-packages/airflow/example_dags/tutorial_taskflow_api_etl.py
[2025-05-09 14:37:15,116] {logging_mixin.py:115} INFO - [2025-05-09 14:37:15,116] {dag.py:2379} INFO - Sync 1 DAGs
[2025-05-09 14:37:15,125] {logging_mixin.py:115} INFO - [2025-05-09 14:37:15,125] {dag.py:2927} INFO - Setting next_dagrun for tutorial_taskflow_api_etl to None, run_after=None
[2025-05-09 14:37:15,136] {processor.py:161} INFO - Processing /home/pedro/Documentos/airflow/venv/lib/python3.9/site-packages/airflow/example_dags/tutorial_taskflow_api_etl.py took 0.075 seconds
[2025-05-09 14:37:46,589] {processor.py:153} INFO - Started process (PID=64319) to work on /home/pedro/Documentos/airflow/venv/lib/python3.9/site-packages/airflow/example_dags/tutorial_taskflow_api_etl.py
[2025-05-09 14:37:46,590] {processor.py:641} INFO - Processing file /home/pedro/Documentos/airflow/venv/lib/python3.9/site-packages/airflow/example_dags/tutorial_taskflow_api_etl.py for tasks to queue
[2025-05-09 14:37:46,590] {logging_mixin.py:115} INFO - [2025-05-09 14:37:46,590] {dagbag.py:507} INFO - Filling up the DagBag from /home/pedro/Documentos/airflow/venv/lib/python3.9/site-packages/airflow/example_dags/tutorial_taskflow_api_etl.py
[2025-05-09 14:37:46,602] {processor.py:651} INFO - DAG(s) dict_keys(['tutorial_taskflow_api_etl']) retrieved from /home/pedro/Documentos/airflow/venv/lib/python3.9/site-packages/airflow/example_dags/tutorial_taskflow_api_etl.py
[2025-05-09 14:37:46,632] {logging_mixin.py:115} INFO - [2025-05-09 14:37:46,632] {dag.py:2379} INFO - Sync 1 DAGs
[2025-05-09 14:37:46,642] {logging_mixin.py:115} INFO - [2025-05-09 14:37:46,642] {dag.py:2927} INFO - Setting next_dagrun for tutorial_taskflow_api_etl to None, run_after=None
[2025-05-09 14:37:46,658] {processor.py:161} INFO - Processing /home/pedro/Documentos/airflow/venv/lib/python3.9/site-packages/airflow/example_dags/tutorial_taskflow_api_etl.py took 0.071 seconds
[2025-05-09 14:38:18,581] {processor.py:153} INFO - Started process (PID=64715) to work on /home/pedro/Documentos/airflow/venv/lib/python3.9/site-packages/airflow/example_dags/tutorial_taskflow_api_etl.py
[2025-05-09 14:38:18,593] {processor.py:641} INFO - Processing file /home/pedro/Documentos/airflow/venv/lib/python3.9/site-packages/airflow/example_dags/tutorial_taskflow_api_etl.py for tasks to queue
[2025-05-09 14:38:18,594] {logging_mixin.py:115} INFO - [2025-05-09 14:38:18,594] {dagbag.py:507} INFO - Filling up the DagBag from /home/pedro/Documentos/airflow/venv/lib/python3.9/site-packages/airflow/example_dags/tutorial_taskflow_api_etl.py
[2025-05-09 14:38:18,605] {processor.py:651} INFO - DAG(s) dict_keys(['tutorial_taskflow_api_etl']) retrieved from /home/pedro/Documentos/airflow/venv/lib/python3.9/site-packages/airflow/example_dags/tutorial_taskflow_api_etl.py
[2025-05-09 14:38:18,618] {logging_mixin.py:115} INFO - [2025-05-09 14:38:18,618] {dag.py:2379} INFO - Sync 1 DAGs
[2025-05-09 14:38:18,629] {logging_mixin.py:115} INFO - [2025-05-09 14:38:18,629] {dag.py:2927} INFO - Setting next_dagrun for tutorial_taskflow_api_etl to None, run_after=None
[2025-05-09 14:38:18,639] {processor.py:161} INFO - Processing /home/pedro/Documentos/airflow/venv/lib/python3.9/site-packages/airflow/example_dags/tutorial_taskflow_api_etl.py took 0.060 seconds
[2025-05-09 14:38:54,797] {processor.py:153} INFO - Started process (PID=65118) to work on /home/pedro/Documentos/airflow/venv/lib/python3.9/site-packages/airflow/example_dags/tutorial_taskflow_api_etl.py
[2025-05-09 14:38:54,809] {processor.py:641} INFO - Processing file /home/pedro/Documentos/airflow/venv/lib/python3.9/site-packages/airflow/example_dags/tutorial_taskflow_api_etl.py for tasks to queue
[2025-05-09 14:38:54,810] {logging_mixin.py:115} INFO - [2025-05-09 14:38:54,810] {dagbag.py:507} INFO - Filling up the DagBag from /home/pedro/Documentos/airflow/venv/lib/python3.9/site-packages/airflow/example_dags/tutorial_taskflow_api_etl.py
[2025-05-09 14:38:54,821] {processor.py:651} INFO - DAG(s) dict_keys(['tutorial_taskflow_api_etl']) retrieved from /home/pedro/Documentos/airflow/venv/lib/python3.9/site-packages/airflow/example_dags/tutorial_taskflow_api_etl.py
[2025-05-09 14:38:54,849] {logging_mixin.py:115} INFO - [2025-05-09 14:38:54,849] {dag.py:2379} INFO - Sync 1 DAGs
[2025-05-09 14:38:54,859] {logging_mixin.py:115} INFO - [2025-05-09 14:38:54,858] {dag.py:2927} INFO - Setting next_dagrun for tutorial_taskflow_api_etl to None, run_after=None
[2025-05-09 14:38:54,868] {processor.py:161} INFO - Processing /home/pedro/Documentos/airflow/venv/lib/python3.9/site-packages/airflow/example_dags/tutorial_taskflow_api_etl.py took 0.073 seconds
[2025-05-09 14:39:30,815] {processor.py:153} INFO - Started process (PID=65511) to work on /home/pedro/Documentos/airflow/venv/lib/python3.9/site-packages/airflow/example_dags/tutorial_taskflow_api_etl.py
[2025-05-09 14:39:30,827] {processor.py:641} INFO - Processing file /home/pedro/Documentos/airflow/venv/lib/python3.9/site-packages/airflow/example_dags/tutorial_taskflow_api_etl.py for tasks to queue
[2025-05-09 14:39:30,827] {logging_mixin.py:115} INFO - [2025-05-09 14:39:30,827] {dagbag.py:507} INFO - Filling up the DagBag from /home/pedro/Documentos/airflow/venv/lib/python3.9/site-packages/airflow/example_dags/tutorial_taskflow_api_etl.py
[2025-05-09 14:39:30,838] {processor.py:651} INFO - DAG(s) dict_keys(['tutorial_taskflow_api_etl']) retrieved from /home/pedro/Documentos/airflow/venv/lib/python3.9/site-packages/airflow/example_dags/tutorial_taskflow_api_etl.py
[2025-05-09 14:39:30,851] {logging_mixin.py:115} INFO - [2025-05-09 14:39:30,851] {dag.py:2379} INFO - Sync 1 DAGs
[2025-05-09 14:39:30,862] {logging_mixin.py:115} INFO - [2025-05-09 14:39:30,862] {dag.py:2927} INFO - Setting next_dagrun for tutorial_taskflow_api_etl to None, run_after=None
[2025-05-09 14:39:30,872] {processor.py:161} INFO - Processing /home/pedro/Documentos/airflow/venv/lib/python3.9/site-packages/airflow/example_dags/tutorial_taskflow_api_etl.py took 0.059 seconds
[2025-05-09 14:40:01,547] {processor.py:153} INFO - Started process (PID=65703) to work on /home/pedro/Documentos/airflow/venv/lib/python3.9/site-packages/airflow/example_dags/tutorial_taskflow_api_etl.py
[2025-05-09 14:40:01,559] {processor.py:641} INFO - Processing file /home/pedro/Documentos/airflow/venv/lib/python3.9/site-packages/airflow/example_dags/tutorial_taskflow_api_etl.py for tasks to queue
[2025-05-09 14:40:01,560] {logging_mixin.py:115} INFO - [2025-05-09 14:40:01,560] {dagbag.py:507} INFO - Filling up the DagBag from /home/pedro/Documentos/airflow/venv/lib/python3.9/site-packages/airflow/example_dags/tutorial_taskflow_api_etl.py
[2025-05-09 14:40:01,571] {processor.py:651} INFO - DAG(s) dict_keys(['tutorial_taskflow_api_etl']) retrieved from /home/pedro/Documentos/airflow/venv/lib/python3.9/site-packages/airflow/example_dags/tutorial_taskflow_api_etl.py
[2025-05-09 14:40:01,583] {logging_mixin.py:115} INFO - [2025-05-09 14:40:01,583] {dag.py:2379} INFO - Sync 1 DAGs
[2025-05-09 14:40:01,594] {logging_mixin.py:115} INFO - [2025-05-09 14:40:01,594] {dag.py:2927} INFO - Setting next_dagrun for tutorial_taskflow_api_etl to None, run_after=None
[2025-05-09 14:40:01,603] {processor.py:161} INFO - Processing /home/pedro/Documentos/airflow/venv/lib/python3.9/site-packages/airflow/example_dags/tutorial_taskflow_api_etl.py took 0.058 seconds
[2025-05-09 14:40:35,209] {processor.py:153} INFO - Started process (PID=65935) to work on /home/pedro/Documentos/airflow/venv/lib/python3.9/site-packages/airflow/example_dags/tutorial_taskflow_api_etl.py
[2025-05-09 14:40:35,221] {processor.py:641} INFO - Processing file /home/pedro/Documentos/airflow/venv/lib/python3.9/site-packages/airflow/example_dags/tutorial_taskflow_api_etl.py for tasks to queue
[2025-05-09 14:40:35,221] {logging_mixin.py:115} INFO - [2025-05-09 14:40:35,221] {dagbag.py:507} INFO - Filling up the DagBag from /home/pedro/Documentos/airflow/venv/lib/python3.9/site-packages/airflow/example_dags/tutorial_taskflow_api_etl.py
[2025-05-09 14:40:35,233] {processor.py:651} INFO - DAG(s) dict_keys(['tutorial_taskflow_api_etl']) retrieved from /home/pedro/Documentos/airflow/venv/lib/python3.9/site-packages/airflow/example_dags/tutorial_taskflow_api_etl.py
[2025-05-09 14:40:35,245] {logging_mixin.py:115} INFO - [2025-05-09 14:40:35,245] {dag.py:2379} INFO - Sync 1 DAGs
[2025-05-09 14:40:35,256] {logging_mixin.py:115} INFO - [2025-05-09 14:40:35,256] {dag.py:2927} INFO - Setting next_dagrun for tutorial_taskflow_api_etl to None, run_after=None
[2025-05-09 14:40:35,266] {processor.py:161} INFO - Processing /home/pedro/Documentos/airflow/venv/lib/python3.9/site-packages/airflow/example_dags/tutorial_taskflow_api_etl.py took 0.059 seconds
[2025-05-09 14:41:08,444] {processor.py:153} INFO - Started process (PID=66459) to work on /home/pedro/Documentos/airflow/venv/lib/python3.9/site-packages/airflow/example_dags/tutorial_taskflow_api_etl.py
[2025-05-09 14:41:08,456] {processor.py:641} INFO - Processing file /home/pedro/Documentos/airflow/venv/lib/python3.9/site-packages/airflow/example_dags/tutorial_taskflow_api_etl.py for tasks to queue
[2025-05-09 14:41:08,457] {logging_mixin.py:115} INFO - [2025-05-09 14:41:08,457] {dagbag.py:507} INFO - Filling up the DagBag from /home/pedro/Documentos/airflow/venv/lib/python3.9/site-packages/airflow/example_dags/tutorial_taskflow_api_etl.py
[2025-05-09 14:41:08,467] {processor.py:651} INFO - DAG(s) dict_keys(['tutorial_taskflow_api_etl']) retrieved from /home/pedro/Documentos/airflow/venv/lib/python3.9/site-packages/airflow/example_dags/tutorial_taskflow_api_etl.py
[2025-05-09 14:41:08,495] {logging_mixin.py:115} INFO - [2025-05-09 14:41:08,495] {dag.py:2379} INFO - Sync 1 DAGs
[2025-05-09 14:41:08,505] {logging_mixin.py:115} INFO - [2025-05-09 14:41:08,505] {dag.py:2927} INFO - Setting next_dagrun for tutorial_taskflow_api_etl to None, run_after=None
[2025-05-09 14:41:08,514] {processor.py:161} INFO - Processing /home/pedro/Documentos/airflow/venv/lib/python3.9/site-packages/airflow/example_dags/tutorial_taskflow_api_etl.py took 0.072 seconds
[2025-05-09 14:41:44,491] {processor.py:153} INFO - Started process (PID=66894) to work on /home/pedro/Documentos/airflow/venv/lib/python3.9/site-packages/airflow/example_dags/tutorial_taskflow_api_etl.py
[2025-05-09 14:41:44,503] {processor.py:641} INFO - Processing file /home/pedro/Documentos/airflow/venv/lib/python3.9/site-packages/airflow/example_dags/tutorial_taskflow_api_etl.py for tasks to queue
[2025-05-09 14:41:44,504] {logging_mixin.py:115} INFO - [2025-05-09 14:41:44,504] {dagbag.py:507} INFO - Filling up the DagBag from /home/pedro/Documentos/airflow/venv/lib/python3.9/site-packages/airflow/example_dags/tutorial_taskflow_api_etl.py
[2025-05-09 14:41:44,515] {processor.py:651} INFO - DAG(s) dict_keys(['tutorial_taskflow_api_etl']) retrieved from /home/pedro/Documentos/airflow/venv/lib/python3.9/site-packages/airflow/example_dags/tutorial_taskflow_api_etl.py
[2025-05-09 14:41:44,548] {logging_mixin.py:115} INFO - [2025-05-09 14:41:44,548] {dag.py:2379} INFO - Sync 1 DAGs
[2025-05-09 14:41:44,560] {logging_mixin.py:115} INFO - [2025-05-09 14:41:44,560] {dag.py:2927} INFO - Setting next_dagrun for tutorial_taskflow_api_etl to None, run_after=None
[2025-05-09 14:41:44,572] {processor.py:161} INFO - Processing /home/pedro/Documentos/airflow/venv/lib/python3.9/site-packages/airflow/example_dags/tutorial_taskflow_api_etl.py took 0.083 seconds
[2025-05-09 14:42:18,754] {processor.py:153} INFO - Started process (PID=67102) to work on /home/pedro/Documentos/airflow/venv/lib/python3.9/site-packages/airflow/example_dags/tutorial_taskflow_api_etl.py
[2025-05-09 14:42:18,766] {processor.py:641} INFO - Processing file /home/pedro/Documentos/airflow/venv/lib/python3.9/site-packages/airflow/example_dags/tutorial_taskflow_api_etl.py for tasks to queue
[2025-05-09 14:42:18,767] {logging_mixin.py:115} INFO - [2025-05-09 14:42:18,767] {dagbag.py:507} INFO - Filling up the DagBag from /home/pedro/Documentos/airflow/venv/lib/python3.9/site-packages/airflow/example_dags/tutorial_taskflow_api_etl.py
[2025-05-09 14:42:18,778] {processor.py:651} INFO - DAG(s) dict_keys(['tutorial_taskflow_api_etl']) retrieved from /home/pedro/Documentos/airflow/venv/lib/python3.9/site-packages/airflow/example_dags/tutorial_taskflow_api_etl.py
[2025-05-09 14:42:18,790] {logging_mixin.py:115} INFO - [2025-05-09 14:42:18,790] {dag.py:2379} INFO - Sync 1 DAGs
[2025-05-09 14:42:18,801] {logging_mixin.py:115} INFO - [2025-05-09 14:42:18,801] {dag.py:2927} INFO - Setting next_dagrun for tutorial_taskflow_api_etl to None, run_after=None
[2025-05-09 14:42:18,812] {processor.py:161} INFO - Processing /home/pedro/Documentos/airflow/venv/lib/python3.9/site-packages/airflow/example_dags/tutorial_taskflow_api_etl.py took 0.060 seconds
[2025-05-09 14:42:49,910] {processor.py:153} INFO - Started process (PID=67288) to work on /home/pedro/Documentos/airflow/venv/lib/python3.9/site-packages/airflow/example_dags/tutorial_taskflow_api_etl.py
[2025-05-09 14:42:49,922] {processor.py:641} INFO - Processing file /home/pedro/Documentos/airflow/venv/lib/python3.9/site-packages/airflow/example_dags/tutorial_taskflow_api_etl.py for tasks to queue
[2025-05-09 14:42:49,923] {logging_mixin.py:115} INFO - [2025-05-09 14:42:49,923] {dagbag.py:507} INFO - Filling up the DagBag from /home/pedro/Documentos/airflow/venv/lib/python3.9/site-packages/airflow/example_dags/tutorial_taskflow_api_etl.py
[2025-05-09 14:42:49,935] {processor.py:651} INFO - DAG(s) dict_keys(['tutorial_taskflow_api_etl']) retrieved from /home/pedro/Documentos/airflow/venv/lib/python3.9/site-packages/airflow/example_dags/tutorial_taskflow_api_etl.py
[2025-05-09 14:42:49,947] {logging_mixin.py:115} INFO - [2025-05-09 14:42:49,947] {dag.py:2379} INFO - Sync 1 DAGs
[2025-05-09 14:42:49,958] {logging_mixin.py:115} INFO - [2025-05-09 14:42:49,958] {dag.py:2927} INFO - Setting next_dagrun for tutorial_taskflow_api_etl to None, run_after=None
[2025-05-09 14:42:49,967] {processor.py:161} INFO - Processing /home/pedro/Documentos/airflow/venv/lib/python3.9/site-packages/airflow/example_dags/tutorial_taskflow_api_etl.py took 0.059 seconds
[2025-05-09 14:43:21,070] {processor.py:153} INFO - Started process (PID=67503) to work on /home/pedro/Documentos/airflow/venv/lib/python3.9/site-packages/airflow/example_dags/tutorial_taskflow_api_etl.py
[2025-05-09 14:43:21,082] {processor.py:641} INFO - Processing file /home/pedro/Documentos/airflow/venv/lib/python3.9/site-packages/airflow/example_dags/tutorial_taskflow_api_etl.py for tasks to queue
[2025-05-09 14:43:21,083] {logging_mixin.py:115} INFO - [2025-05-09 14:43:21,083] {dagbag.py:507} INFO - Filling up the DagBag from /home/pedro/Documentos/airflow/venv/lib/python3.9/site-packages/airflow/example_dags/tutorial_taskflow_api_etl.py
[2025-05-09 14:43:21,094] {processor.py:651} INFO - DAG(s) dict_keys(['tutorial_taskflow_api_etl']) retrieved from /home/pedro/Documentos/airflow/venv/lib/python3.9/site-packages/airflow/example_dags/tutorial_taskflow_api_etl.py
[2025-05-09 14:43:21,106] {logging_mixin.py:115} INFO - [2025-05-09 14:43:21,106] {dag.py:2379} INFO - Sync 1 DAGs
[2025-05-09 14:43:21,118] {logging_mixin.py:115} INFO - [2025-05-09 14:43:21,118] {dag.py:2927} INFO - Setting next_dagrun for tutorial_taskflow_api_etl to None, run_after=None
[2025-05-09 14:43:21,127] {processor.py:161} INFO - Processing /home/pedro/Documentos/airflow/venv/lib/python3.9/site-packages/airflow/example_dags/tutorial_taskflow_api_etl.py took 0.060 seconds
[2025-05-09 14:43:56,987] {processor.py:153} INFO - Started process (PID=68173) to work on /home/pedro/Documentos/airflow/venv/lib/python3.9/site-packages/airflow/example_dags/tutorial_taskflow_api_etl.py
[2025-05-09 14:43:56,999] {processor.py:641} INFO - Processing file /home/pedro/Documentos/airflow/venv/lib/python3.9/site-packages/airflow/example_dags/tutorial_taskflow_api_etl.py for tasks to queue
[2025-05-09 14:43:57,000] {logging_mixin.py:115} INFO - [2025-05-09 14:43:56,999] {dagbag.py:507} INFO - Filling up the DagBag from /home/pedro/Documentos/airflow/venv/lib/python3.9/site-packages/airflow/example_dags/tutorial_taskflow_api_etl.py
[2025-05-09 14:43:57,013] {processor.py:651} INFO - DAG(s) dict_keys(['tutorial_taskflow_api_etl']) retrieved from /home/pedro/Documentos/airflow/venv/lib/python3.9/site-packages/airflow/example_dags/tutorial_taskflow_api_etl.py
[2025-05-09 14:43:57,039] {logging_mixin.py:115} INFO - [2025-05-09 14:43:57,038] {dag.py:2379} INFO - Sync 1 DAGs
[2025-05-09 14:43:57,048] {logging_mixin.py:115} INFO - [2025-05-09 14:43:57,048] {dag.py:2927} INFO - Setting next_dagrun for tutorial_taskflow_api_etl to None, run_after=None
[2025-05-09 14:43:57,058] {processor.py:161} INFO - Processing /home/pedro/Documentos/airflow/venv/lib/python3.9/site-packages/airflow/example_dags/tutorial_taskflow_api_etl.py took 0.074 seconds
[2025-05-09 14:44:28,981] {processor.py:153} INFO - Started process (PID=68374) to work on /home/pedro/Documentos/airflow/venv/lib/python3.9/site-packages/airflow/example_dags/tutorial_taskflow_api_etl.py
[2025-05-09 14:44:28,993] {processor.py:641} INFO - Processing file /home/pedro/Documentos/airflow/venv/lib/python3.9/site-packages/airflow/example_dags/tutorial_taskflow_api_etl.py for tasks to queue
[2025-05-09 14:44:28,994] {logging_mixin.py:115} INFO - [2025-05-09 14:44:28,993] {dagbag.py:507} INFO - Filling up the DagBag from /home/pedro/Documentos/airflow/venv/lib/python3.9/site-packages/airflow/example_dags/tutorial_taskflow_api_etl.py
[2025-05-09 14:44:29,007] {processor.py:651} INFO - DAG(s) dict_keys(['tutorial_taskflow_api_etl']) retrieved from /home/pedro/Documentos/airflow/venv/lib/python3.9/site-packages/airflow/example_dags/tutorial_taskflow_api_etl.py
[2025-05-09 14:44:29,033] {logging_mixin.py:115} INFO - [2025-05-09 14:44:29,033] {dag.py:2379} INFO - Sync 1 DAGs
[2025-05-09 14:44:29,043] {logging_mixin.py:115} INFO - [2025-05-09 14:44:29,043] {dag.py:2927} INFO - Setting next_dagrun for tutorial_taskflow_api_etl to None, run_after=None
[2025-05-09 14:44:29,053] {processor.py:161} INFO - Processing /home/pedro/Documentos/airflow/venv/lib/python3.9/site-packages/airflow/example_dags/tutorial_taskflow_api_etl.py took 0.074 seconds
[2025-05-09 14:45:04,087] {processor.py:153} INFO - Started process (PID=68613) to work on /home/pedro/Documentos/airflow/venv/lib/python3.9/site-packages/airflow/example_dags/tutorial_taskflow_api_etl.py
[2025-05-09 14:45:04,087] {processor.py:641} INFO - Processing file /home/pedro/Documentos/airflow/venv/lib/python3.9/site-packages/airflow/example_dags/tutorial_taskflow_api_etl.py for tasks to queue
[2025-05-09 14:45:04,087] {logging_mixin.py:115} INFO - [2025-05-09 14:45:04,087] {dagbag.py:507} INFO - Filling up the DagBag from /home/pedro/Documentos/airflow/venv/lib/python3.9/site-packages/airflow/example_dags/tutorial_taskflow_api_etl.py
[2025-05-09 14:45:04,100] {processor.py:651} INFO - DAG(s) dict_keys(['tutorial_taskflow_api_etl']) retrieved from /home/pedro/Documentos/airflow/venv/lib/python3.9/site-packages/airflow/example_dags/tutorial_taskflow_api_etl.py
[2025-05-09 14:45:04,110] {logging_mixin.py:115} INFO - [2025-05-09 14:45:04,110] {dag.py:2379} INFO - Sync 1 DAGs
[2025-05-09 14:45:04,121] {logging_mixin.py:115} INFO - [2025-05-09 14:45:04,121] {dag.py:2927} INFO - Setting next_dagrun for tutorial_taskflow_api_etl to None, run_after=None
[2025-05-09 14:45:04,131] {processor.py:161} INFO - Processing /home/pedro/Documentos/airflow/venv/lib/python3.9/site-packages/airflow/example_dags/tutorial_taskflow_api_etl.py took 0.046 seconds
[2025-05-09 14:45:38,007] {processor.py:153} INFO - Started process (PID=68811) to work on /home/pedro/Documentos/airflow/venv/lib/python3.9/site-packages/airflow/example_dags/tutorial_taskflow_api_etl.py
[2025-05-09 14:45:38,019] {processor.py:641} INFO - Processing file /home/pedro/Documentos/airflow/venv/lib/python3.9/site-packages/airflow/example_dags/tutorial_taskflow_api_etl.py for tasks to queue
[2025-05-09 14:45:38,020] {logging_mixin.py:115} INFO - [2025-05-09 14:45:38,019] {dagbag.py:507} INFO - Filling up the DagBag from /home/pedro/Documentos/airflow/venv/lib/python3.9/site-packages/airflow/example_dags/tutorial_taskflow_api_etl.py
[2025-05-09 14:45:38,032] {processor.py:651} INFO - DAG(s) dict_keys(['tutorial_taskflow_api_etl']) retrieved from /home/pedro/Documentos/airflow/venv/lib/python3.9/site-packages/airflow/example_dags/tutorial_taskflow_api_etl.py
[2025-05-09 14:45:38,042] {logging_mixin.py:115} INFO - [2025-05-09 14:45:38,042] {dag.py:2379} INFO - Sync 1 DAGs
[2025-05-09 14:45:38,053] {logging_mixin.py:115} INFO - [2025-05-09 14:45:38,053] {dag.py:2927} INFO - Setting next_dagrun for tutorial_taskflow_api_etl to None, run_after=None
[2025-05-09 14:45:38,063] {processor.py:161} INFO - Processing /home/pedro/Documentos/airflow/venv/lib/python3.9/site-packages/airflow/example_dags/tutorial_taskflow_api_etl.py took 0.058 seconds
[2025-05-09 14:46:10,754] {processor.py:153} INFO - Started process (PID=69008) to work on /home/pedro/Documentos/airflow/venv/lib/python3.9/site-packages/airflow/example_dags/tutorial_taskflow_api_etl.py
[2025-05-09 14:46:10,766] {processor.py:641} INFO - Processing file /home/pedro/Documentos/airflow/venv/lib/python3.9/site-packages/airflow/example_dags/tutorial_taskflow_api_etl.py for tasks to queue
[2025-05-09 14:46:10,767] {logging_mixin.py:115} INFO - [2025-05-09 14:46:10,767] {dagbag.py:507} INFO - Filling up the DagBag from /home/pedro/Documentos/airflow/venv/lib/python3.9/site-packages/airflow/example_dags/tutorial_taskflow_api_etl.py
[2025-05-09 14:46:10,780] {processor.py:651} INFO - DAG(s) dict_keys(['tutorial_taskflow_api_etl']) retrieved from /home/pedro/Documentos/airflow/venv/lib/python3.9/site-packages/airflow/example_dags/tutorial_taskflow_api_etl.py
[2025-05-09 14:46:10,790] {logging_mixin.py:115} INFO - [2025-05-09 14:46:10,790] {dag.py:2379} INFO - Sync 1 DAGs
[2025-05-09 14:46:10,801] {logging_mixin.py:115} INFO - [2025-05-09 14:46:10,801] {dag.py:2927} INFO - Setting next_dagrun for tutorial_taskflow_api_etl to None, run_after=None
[2025-05-09 14:46:10,810] {processor.py:161} INFO - Processing /home/pedro/Documentos/airflow/venv/lib/python3.9/site-packages/airflow/example_dags/tutorial_taskflow_api_etl.py took 0.059 seconds
[2025-05-09 14:46:41,504] {processor.py:153} INFO - Started process (PID=69192) to work on /home/pedro/Documentos/airflow/venv/lib/python3.9/site-packages/airflow/example_dags/tutorial_taskflow_api_etl.py
[2025-05-09 14:46:41,516] {processor.py:641} INFO - Processing file /home/pedro/Documentos/airflow/venv/lib/python3.9/site-packages/airflow/example_dags/tutorial_taskflow_api_etl.py for tasks to queue
[2025-05-09 14:46:41,516] {logging_mixin.py:115} INFO - [2025-05-09 14:46:41,516] {dagbag.py:507} INFO - Filling up the DagBag from /home/pedro/Documentos/airflow/venv/lib/python3.9/site-packages/airflow/example_dags/tutorial_taskflow_api_etl.py
[2025-05-09 14:46:41,530] {processor.py:651} INFO - DAG(s) dict_keys(['tutorial_taskflow_api_etl']) retrieved from /home/pedro/Documentos/airflow/venv/lib/python3.9/site-packages/airflow/example_dags/tutorial_taskflow_api_etl.py
[2025-05-09 14:46:41,541] {logging_mixin.py:115} INFO - [2025-05-09 14:46:41,540] {dag.py:2379} INFO - Sync 1 DAGs
[2025-05-09 14:46:41,551] {logging_mixin.py:115} INFO - [2025-05-09 14:46:41,551] {dag.py:2927} INFO - Setting next_dagrun for tutorial_taskflow_api_etl to None, run_after=None
[2025-05-09 14:46:41,561] {processor.py:161} INFO - Processing /home/pedro/Documentos/airflow/venv/lib/python3.9/site-packages/airflow/example_dags/tutorial_taskflow_api_etl.py took 0.059 seconds
[2025-05-09 14:47:14,469] {processor.py:153} INFO - Started process (PID=69789) to work on /home/pedro/Documentos/airflow/venv/lib/python3.9/site-packages/airflow/example_dags/tutorial_taskflow_api_etl.py
[2025-05-09 14:47:14,470] {processor.py:641} INFO - Processing file /home/pedro/Documentos/airflow/venv/lib/python3.9/site-packages/airflow/example_dags/tutorial_taskflow_api_etl.py for tasks to queue
[2025-05-09 14:47:14,470] {logging_mixin.py:115} INFO - [2025-05-09 14:47:14,470] {dagbag.py:507} INFO - Filling up the DagBag from /home/pedro/Documentos/airflow/venv/lib/python3.9/site-packages/airflow/example_dags/tutorial_taskflow_api_etl.py
[2025-05-09 14:47:14,483] {processor.py:651} INFO - DAG(s) dict_keys(['tutorial_taskflow_api_etl']) retrieved from /home/pedro/Documentos/airflow/venv/lib/python3.9/site-packages/airflow/example_dags/tutorial_taskflow_api_etl.py
[2025-05-09 14:47:14,493] {logging_mixin.py:115} INFO - [2025-05-09 14:47:14,493] {dag.py:2379} INFO - Sync 1 DAGs
[2025-05-09 14:47:14,504] {logging_mixin.py:115} INFO - [2025-05-09 14:47:14,504] {dag.py:2927} INFO - Setting next_dagrun for tutorial_taskflow_api_etl to None, run_after=None
[2025-05-09 14:47:14,514] {processor.py:161} INFO - Processing /home/pedro/Documentos/airflow/venv/lib/python3.9/site-packages/airflow/example_dags/tutorial_taskflow_api_etl.py took 0.047 seconds
[2025-05-09 14:47:50,482] {processor.py:153} INFO - Started process (PID=70064) to work on /home/pedro/Documentos/airflow/venv/lib/python3.9/site-packages/airflow/example_dags/tutorial_taskflow_api_etl.py
[2025-05-09 14:47:50,495] {processor.py:641} INFO - Processing file /home/pedro/Documentos/airflow/venv/lib/python3.9/site-packages/airflow/example_dags/tutorial_taskflow_api_etl.py for tasks to queue
[2025-05-09 14:47:50,495] {logging_mixin.py:115} INFO - [2025-05-09 14:47:50,495] {dagbag.py:507} INFO - Filling up the DagBag from /home/pedro/Documentos/airflow/venv/lib/python3.9/site-packages/airflow/example_dags/tutorial_taskflow_api_etl.py
[2025-05-09 14:47:50,508] {processor.py:651} INFO - DAG(s) dict_keys(['tutorial_taskflow_api_etl']) retrieved from /home/pedro/Documentos/airflow/venv/lib/python3.9/site-packages/airflow/example_dags/tutorial_taskflow_api_etl.py
[2025-05-09 14:47:50,517] {logging_mixin.py:115} INFO - [2025-05-09 14:47:50,517] {dag.py:2379} INFO - Sync 1 DAGs
[2025-05-09 14:47:50,528] {logging_mixin.py:115} INFO - [2025-05-09 14:47:50,528] {dag.py:2927} INFO - Setting next_dagrun for tutorial_taskflow_api_etl to None, run_after=None
[2025-05-09 14:47:50,537] {processor.py:161} INFO - Processing /home/pedro/Documentos/airflow/venv/lib/python3.9/site-packages/airflow/example_dags/tutorial_taskflow_api_etl.py took 0.057 seconds
[2025-05-09 14:48:24,119] {processor.py:153} INFO - Started process (PID=70267) to work on /home/pedro/Documentos/airflow/venv/lib/python3.9/site-packages/airflow/example_dags/tutorial_taskflow_api_etl.py
[2025-05-09 14:48:24,119] {processor.py:641} INFO - Processing file /home/pedro/Documentos/airflow/venv/lib/python3.9/site-packages/airflow/example_dags/tutorial_taskflow_api_etl.py for tasks to queue
[2025-05-09 14:48:24,120] {logging_mixin.py:115} INFO - [2025-05-09 14:48:24,119] {dagbag.py:507} INFO - Filling up the DagBag from /home/pedro/Documentos/airflow/venv/lib/python3.9/site-packages/airflow/example_dags/tutorial_taskflow_api_etl.py
[2025-05-09 14:48:24,133] {processor.py:651} INFO - DAG(s) dict_keys(['tutorial_taskflow_api_etl']) retrieved from /home/pedro/Documentos/airflow/venv/lib/python3.9/site-packages/airflow/example_dags/tutorial_taskflow_api_etl.py
[2025-05-09 14:48:24,143] {logging_mixin.py:115} INFO - [2025-05-09 14:48:24,143] {dag.py:2379} INFO - Sync 1 DAGs
[2025-05-09 14:48:24,154] {logging_mixin.py:115} INFO - [2025-05-09 14:48:24,154] {dag.py:2927} INFO - Setting next_dagrun for tutorial_taskflow_api_etl to None, run_after=None
[2025-05-09 14:48:24,163] {processor.py:161} INFO - Processing /home/pedro/Documentos/airflow/venv/lib/python3.9/site-packages/airflow/example_dags/tutorial_taskflow_api_etl.py took 0.047 seconds
[2025-05-09 14:48:56,108] {processor.py:153} INFO - Started process (PID=70575) to work on /home/pedro/Documentos/airflow/venv/lib/python3.9/site-packages/airflow/example_dags/tutorial_taskflow_api_etl.py
[2025-05-09 14:48:56,112] {processor.py:641} INFO - Processing file /home/pedro/Documentos/airflow/venv/lib/python3.9/site-packages/airflow/example_dags/tutorial_taskflow_api_etl.py for tasks to queue
[2025-05-09 14:48:56,113] {logging_mixin.py:115} INFO - [2025-05-09 14:48:56,113] {dagbag.py:507} INFO - Filling up the DagBag from /home/pedro/Documentos/airflow/venv/lib/python3.9/site-packages/airflow/example_dags/tutorial_taskflow_api_etl.py
[2025-05-09 14:48:56,126] {processor.py:651} INFO - DAG(s) dict_keys(['tutorial_taskflow_api_etl']) retrieved from /home/pedro/Documentos/airflow/venv/lib/python3.9/site-packages/airflow/example_dags/tutorial_taskflow_api_etl.py
[2025-05-09 14:48:56,153] {logging_mixin.py:115} INFO - [2025-05-09 14:48:56,153] {dag.py:2379} INFO - Sync 1 DAGs
[2025-05-09 14:48:56,163] {logging_mixin.py:115} INFO - [2025-05-09 14:48:56,163] {dag.py:2927} INFO - Setting next_dagrun for tutorial_taskflow_api_etl to None, run_after=None
[2025-05-09 14:48:56,173] {processor.py:161} INFO - Processing /home/pedro/Documentos/airflow/venv/lib/python3.9/site-packages/airflow/example_dags/tutorial_taskflow_api_etl.py took 0.067 seconds
[2025-05-09 14:49:29,224] {processor.py:153} INFO - Started process (PID=70793) to work on /home/pedro/Documentos/airflow/venv/lib/python3.9/site-packages/airflow/example_dags/tutorial_taskflow_api_etl.py
[2025-05-09 14:49:29,236] {processor.py:641} INFO - Processing file /home/pedro/Documentos/airflow/venv/lib/python3.9/site-packages/airflow/example_dags/tutorial_taskflow_api_etl.py for tasks to queue
[2025-05-09 14:49:29,237] {logging_mixin.py:115} INFO - [2025-05-09 14:49:29,237] {dagbag.py:507} INFO - Filling up the DagBag from /home/pedro/Documentos/airflow/venv/lib/python3.9/site-packages/airflow/example_dags/tutorial_taskflow_api_etl.py
[2025-05-09 14:49:29,251] {processor.py:651} INFO - DAG(s) dict_keys(['tutorial_taskflow_api_etl']) retrieved from /home/pedro/Documentos/airflow/venv/lib/python3.9/site-packages/airflow/example_dags/tutorial_taskflow_api_etl.py
[2025-05-09 14:49:29,262] {logging_mixin.py:115} INFO - [2025-05-09 14:49:29,262] {dag.py:2379} INFO - Sync 1 DAGs
[2025-05-09 14:49:29,273] {logging_mixin.py:115} INFO - [2025-05-09 14:49:29,273] {dag.py:2927} INFO - Setting next_dagrun for tutorial_taskflow_api_etl to None, run_after=None
[2025-05-09 14:49:29,283] {processor.py:161} INFO - Processing /home/pedro/Documentos/airflow/venv/lib/python3.9/site-packages/airflow/example_dags/tutorial_taskflow_api_etl.py took 0.061 seconds
[2025-05-09 14:50:05,140] {processor.py:153} INFO - Started process (PID=71005) to work on /home/pedro/Documentos/airflow/venv/lib/python3.9/site-packages/airflow/example_dags/tutorial_taskflow_api_etl.py
[2025-05-09 14:50:05,141] {processor.py:641} INFO - Processing file /home/pedro/Documentos/airflow/venv/lib/python3.9/site-packages/airflow/example_dags/tutorial_taskflow_api_etl.py for tasks to queue
[2025-05-09 14:50:05,141] {logging_mixin.py:115} INFO - [2025-05-09 14:50:05,141] {dagbag.py:507} INFO - Filling up the DagBag from /home/pedro/Documentos/airflow/venv/lib/python3.9/site-packages/airflow/example_dags/tutorial_taskflow_api_etl.py
[2025-05-09 14:50:05,155] {processor.py:651} INFO - DAG(s) dict_keys(['tutorial_taskflow_api_etl']) retrieved from /home/pedro/Documentos/airflow/venv/lib/python3.9/site-packages/airflow/example_dags/tutorial_taskflow_api_etl.py
[2025-05-09 14:50:05,165] {logging_mixin.py:115} INFO - [2025-05-09 14:50:05,165] {dag.py:2379} INFO - Sync 1 DAGs
[2025-05-09 14:50:05,176] {logging_mixin.py:115} INFO - [2025-05-09 14:50:05,176] {dag.py:2927} INFO - Setting next_dagrun for tutorial_taskflow_api_etl to None, run_after=None
[2025-05-09 14:50:05,186] {processor.py:161} INFO - Processing /home/pedro/Documentos/airflow/venv/lib/python3.9/site-packages/airflow/example_dags/tutorial_taskflow_api_etl.py took 0.048 seconds
[2025-05-09 14:50:36,832] {processor.py:153} INFO - Started process (PID=71276) to work on /home/pedro/Documentos/airflow/venv/lib/python3.9/site-packages/airflow/example_dags/tutorial_taskflow_api_etl.py
[2025-05-09 14:50:36,845] {processor.py:641} INFO - Processing file /home/pedro/Documentos/airflow/venv/lib/python3.9/site-packages/airflow/example_dags/tutorial_taskflow_api_etl.py for tasks to queue
[2025-05-09 14:50:36,845] {logging_mixin.py:115} INFO - [2025-05-09 14:50:36,845] {dagbag.py:507} INFO - Filling up the DagBag from /home/pedro/Documentos/airflow/venv/lib/python3.9/site-packages/airflow/example_dags/tutorial_taskflow_api_etl.py
[2025-05-09 14:50:36,859] {processor.py:651} INFO - DAG(s) dict_keys(['tutorial_taskflow_api_etl']) retrieved from /home/pedro/Documentos/airflow/venv/lib/python3.9/site-packages/airflow/example_dags/tutorial_taskflow_api_etl.py
[2025-05-09 14:50:36,869] {logging_mixin.py:115} INFO - [2025-05-09 14:50:36,869] {dag.py:2379} INFO - Sync 1 DAGs
[2025-05-09 14:50:36,880] {logging_mixin.py:115} INFO - [2025-05-09 14:50:36,880] {dag.py:2927} INFO - Setting next_dagrun for tutorial_taskflow_api_etl to None, run_after=None
[2025-05-09 14:50:36,898] {processor.py:161} INFO - Processing /home/pedro/Documentos/airflow/venv/lib/python3.9/site-packages/airflow/example_dags/tutorial_taskflow_api_etl.py took 0.068 seconds
[2025-05-09 14:51:10,881] {processor.py:153} INFO - Started process (PID=71486) to work on /home/pedro/Documentos/airflow/venv/lib/python3.9/site-packages/airflow/example_dags/tutorial_taskflow_api_etl.py
[2025-05-09 14:51:10,893] {processor.py:641} INFO - Processing file /home/pedro/Documentos/airflow/venv/lib/python3.9/site-packages/airflow/example_dags/tutorial_taskflow_api_etl.py for tasks to queue
[2025-05-09 14:51:10,894] {logging_mixin.py:115} INFO - [2025-05-09 14:51:10,893] {dagbag.py:507} INFO - Filling up the DagBag from /home/pedro/Documentos/airflow/venv/lib/python3.9/site-packages/airflow/example_dags/tutorial_taskflow_api_etl.py
[2025-05-09 14:51:10,907] {processor.py:651} INFO - DAG(s) dict_keys(['tutorial_taskflow_api_etl']) retrieved from /home/pedro/Documentos/airflow/venv/lib/python3.9/site-packages/airflow/example_dags/tutorial_taskflow_api_etl.py
[2025-05-09 14:51:10,917] {logging_mixin.py:115} INFO - [2025-05-09 14:51:10,917] {dag.py:2379} INFO - Sync 1 DAGs
[2025-05-09 14:51:10,929] {logging_mixin.py:115} INFO - [2025-05-09 14:51:10,929] {dag.py:2927} INFO - Setting next_dagrun for tutorial_taskflow_api_etl to None, run_after=None
[2025-05-09 14:51:10,939] {processor.py:161} INFO - Processing /home/pedro/Documentos/airflow/venv/lib/python3.9/site-packages/airflow/example_dags/tutorial_taskflow_api_etl.py took 0.060 seconds
[2025-05-09 14:51:43,008] {processor.py:153} INFO - Started process (PID=71812) to work on /home/pedro/Documentos/airflow/venv/lib/python3.9/site-packages/airflow/example_dags/tutorial_taskflow_api_etl.py
[2025-05-09 14:51:43,020] {processor.py:641} INFO - Processing file /home/pedro/Documentos/airflow/venv/lib/python3.9/site-packages/airflow/example_dags/tutorial_taskflow_api_etl.py for tasks to queue
[2025-05-09 14:51:43,021] {logging_mixin.py:115} INFO - [2025-05-09 14:51:43,021] {dagbag.py:507} INFO - Filling up the DagBag from /home/pedro/Documentos/airflow/venv/lib/python3.9/site-packages/airflow/example_dags/tutorial_taskflow_api_etl.py
[2025-05-09 14:51:43,035] {processor.py:651} INFO - DAG(s) dict_keys(['tutorial_taskflow_api_etl']) retrieved from /home/pedro/Documentos/airflow/venv/lib/python3.9/site-packages/airflow/example_dags/tutorial_taskflow_api_etl.py
[2025-05-09 14:51:43,046] {logging_mixin.py:115} INFO - [2025-05-09 14:51:43,046] {dag.py:2379} INFO - Sync 1 DAGs
[2025-05-09 14:51:43,057] {logging_mixin.py:115} INFO - [2025-05-09 14:51:43,057] {dag.py:2927} INFO - Setting next_dagrun for tutorial_taskflow_api_etl to None, run_after=None
[2025-05-09 14:51:43,067] {processor.py:161} INFO - Processing /home/pedro/Documentos/airflow/venv/lib/python3.9/site-packages/airflow/example_dags/tutorial_taskflow_api_etl.py took 0.061 seconds
[2025-05-09 14:52:15,592] {processor.py:153} INFO - Started process (PID=72327) to work on /home/pedro/Documentos/airflow/venv/lib/python3.9/site-packages/airflow/example_dags/tutorial_taskflow_api_etl.py
[2025-05-09 14:52:15,604] {processor.py:641} INFO - Processing file /home/pedro/Documentos/airflow/venv/lib/python3.9/site-packages/airflow/example_dags/tutorial_taskflow_api_etl.py for tasks to queue
[2025-05-09 14:52:15,605] {logging_mixin.py:115} INFO - [2025-05-09 14:52:15,605] {dagbag.py:507} INFO - Filling up the DagBag from /home/pedro/Documentos/airflow/venv/lib/python3.9/site-packages/airflow/example_dags/tutorial_taskflow_api_etl.py
[2025-05-09 14:52:15,619] {processor.py:651} INFO - DAG(s) dict_keys(['tutorial_taskflow_api_etl']) retrieved from /home/pedro/Documentos/airflow/venv/lib/python3.9/site-packages/airflow/example_dags/tutorial_taskflow_api_etl.py
[2025-05-09 14:52:15,631] {logging_mixin.py:115} INFO - [2025-05-09 14:52:15,631] {dag.py:2379} INFO - Sync 1 DAGs
[2025-05-09 14:52:15,642] {logging_mixin.py:115} INFO - [2025-05-09 14:52:15,642] {dag.py:2927} INFO - Setting next_dagrun for tutorial_taskflow_api_etl to None, run_after=None
[2025-05-09 14:52:15,654] {processor.py:161} INFO - Processing /home/pedro/Documentos/airflow/venv/lib/python3.9/site-packages/airflow/example_dags/tutorial_taskflow_api_etl.py took 0.064 seconds
[2025-05-09 14:52:48,786] {processor.py:153} INFO - Started process (PID=72530) to work on /home/pedro/Documentos/airflow/venv/lib/python3.9/site-packages/airflow/example_dags/tutorial_taskflow_api_etl.py
[2025-05-09 14:52:48,798] {processor.py:641} INFO - Processing file /home/pedro/Documentos/airflow/venv/lib/python3.9/site-packages/airflow/example_dags/tutorial_taskflow_api_etl.py for tasks to queue
[2025-05-09 14:52:48,799] {logging_mixin.py:115} INFO - [2025-05-09 14:52:48,799] {dagbag.py:507} INFO - Filling up the DagBag from /home/pedro/Documentos/airflow/venv/lib/python3.9/site-packages/airflow/example_dags/tutorial_taskflow_api_etl.py
[2025-05-09 14:52:48,812] {processor.py:651} INFO - DAG(s) dict_keys(['tutorial_taskflow_api_etl']) retrieved from /home/pedro/Documentos/airflow/venv/lib/python3.9/site-packages/airflow/example_dags/tutorial_taskflow_api_etl.py
[2025-05-09 14:52:48,822] {logging_mixin.py:115} INFO - [2025-05-09 14:52:48,822] {dag.py:2379} INFO - Sync 1 DAGs
[2025-05-09 14:52:48,833] {logging_mixin.py:115} INFO - [2025-05-09 14:52:48,833] {dag.py:2927} INFO - Setting next_dagrun for tutorial_taskflow_api_etl to None, run_after=None
[2025-05-09 14:52:48,843] {processor.py:161} INFO - Processing /home/pedro/Documentos/airflow/venv/lib/python3.9/site-packages/airflow/example_dags/tutorial_taskflow_api_etl.py took 0.059 seconds
[2025-05-09 14:53:23,292] {processor.py:153} INFO - Started process (PID=72875) to work on /home/pedro/Documentos/airflow/venv/lib/python3.9/site-packages/airflow/example_dags/tutorial_taskflow_api_etl.py
[2025-05-09 14:53:23,293] {processor.py:641} INFO - Processing file /home/pedro/Documentos/airflow/venv/lib/python3.9/site-packages/airflow/example_dags/tutorial_taskflow_api_etl.py for tasks to queue
[2025-05-09 14:53:23,293] {logging_mixin.py:115} INFO - [2025-05-09 14:53:23,293] {dagbag.py:507} INFO - Filling up the DagBag from /home/pedro/Documentos/airflow/venv/lib/python3.9/site-packages/airflow/example_dags/tutorial_taskflow_api_etl.py
[2025-05-09 14:53:23,308] {processor.py:651} INFO - DAG(s) dict_keys(['tutorial_taskflow_api_etl']) retrieved from /home/pedro/Documentos/airflow/venv/lib/python3.9/site-packages/airflow/example_dags/tutorial_taskflow_api_etl.py
[2025-05-09 14:53:23,339] {logging_mixin.py:115} INFO - [2025-05-09 14:53:23,339] {dag.py:2379} INFO - Sync 1 DAGs
[2025-05-09 14:53:23,350] {logging_mixin.py:115} INFO - [2025-05-09 14:53:23,350] {dag.py:2927} INFO - Setting next_dagrun for tutorial_taskflow_api_etl to None, run_after=None
[2025-05-09 14:53:23,362] {processor.py:161} INFO - Processing /home/pedro/Documentos/airflow/venv/lib/python3.9/site-packages/airflow/example_dags/tutorial_taskflow_api_etl.py took 0.072 seconds
[2025-05-09 14:53:57,992] {processor.py:153} INFO - Started process (PID=74080) to work on /home/pedro/Documentos/airflow/venv/lib/python3.9/site-packages/airflow/example_dags/tutorial_taskflow_api_etl.py
[2025-05-09 14:53:58,004] {processor.py:641} INFO - Processing file /home/pedro/Documentos/airflow/venv/lib/python3.9/site-packages/airflow/example_dags/tutorial_taskflow_api_etl.py for tasks to queue
[2025-05-09 14:53:58,004] {logging_mixin.py:115} INFO - [2025-05-09 14:53:58,004] {dagbag.py:507} INFO - Filling up the DagBag from /home/pedro/Documentos/airflow/venv/lib/python3.9/site-packages/airflow/example_dags/tutorial_taskflow_api_etl.py
[2025-05-09 14:53:58,017] {processor.py:651} INFO - DAG(s) dict_keys(['tutorial_taskflow_api_etl']) retrieved from /home/pedro/Documentos/airflow/venv/lib/python3.9/site-packages/airflow/example_dags/tutorial_taskflow_api_etl.py
[2025-05-09 14:53:58,044] {logging_mixin.py:115} INFO - [2025-05-09 14:53:58,044] {dag.py:2379} INFO - Sync 1 DAGs
[2025-05-09 14:53:58,054] {logging_mixin.py:115} INFO - [2025-05-09 14:53:58,054] {dag.py:2927} INFO - Setting next_dagrun for tutorial_taskflow_api_etl to None, run_after=None
[2025-05-09 14:53:58,064] {processor.py:161} INFO - Processing /home/pedro/Documentos/airflow/venv/lib/python3.9/site-packages/airflow/example_dags/tutorial_taskflow_api_etl.py took 0.074 seconds
[2025-05-09 14:54:29,106] {processor.py:153} INFO - Started process (PID=74357) to work on /home/pedro/Documentos/airflow/venv/lib/python3.9/site-packages/airflow/example_dags/tutorial_taskflow_api_etl.py
[2025-05-09 14:54:29,106] {processor.py:641} INFO - Processing file /home/pedro/Documentos/airflow/venv/lib/python3.9/site-packages/airflow/example_dags/tutorial_taskflow_api_etl.py for tasks to queue
[2025-05-09 14:54:29,107] {logging_mixin.py:115} INFO - [2025-05-09 14:54:29,107] {dagbag.py:507} INFO - Filling up the DagBag from /home/pedro/Documentos/airflow/venv/lib/python3.9/site-packages/airflow/example_dags/tutorial_taskflow_api_etl.py
[2025-05-09 14:54:29,121] {processor.py:651} INFO - DAG(s) dict_keys(['tutorial_taskflow_api_etl']) retrieved from /home/pedro/Documentos/airflow/venv/lib/python3.9/site-packages/airflow/example_dags/tutorial_taskflow_api_etl.py
[2025-05-09 14:54:29,150] {logging_mixin.py:115} INFO - [2025-05-09 14:54:29,150] {dag.py:2379} INFO - Sync 1 DAGs
[2025-05-09 14:54:29,161] {logging_mixin.py:115} INFO - [2025-05-09 14:54:29,160] {dag.py:2927} INFO - Setting next_dagrun for tutorial_taskflow_api_etl to None, run_after=None
[2025-05-09 14:54:29,172] {processor.py:161} INFO - Processing /home/pedro/Documentos/airflow/venv/lib/python3.9/site-packages/airflow/example_dags/tutorial_taskflow_api_etl.py took 0.069 seconds
[2025-05-09 14:54:59,962] {processor.py:153} INFO - Started process (PID=74543) to work on /home/pedro/Documentos/airflow/venv/lib/python3.9/site-packages/airflow/example_dags/tutorial_taskflow_api_etl.py
[2025-05-09 14:54:59,974] {processor.py:641} INFO - Processing file /home/pedro/Documentos/airflow/venv/lib/python3.9/site-packages/airflow/example_dags/tutorial_taskflow_api_etl.py for tasks to queue
[2025-05-09 14:54:59,975] {logging_mixin.py:115} INFO - [2025-05-09 14:54:59,975] {dagbag.py:507} INFO - Filling up the DagBag from /home/pedro/Documentos/airflow/venv/lib/python3.9/site-packages/airflow/example_dags/tutorial_taskflow_api_etl.py
[2025-05-09 14:54:59,988] {processor.py:651} INFO - DAG(s) dict_keys(['tutorial_taskflow_api_etl']) retrieved from /home/pedro/Documentos/airflow/venv/lib/python3.9/site-packages/airflow/example_dags/tutorial_taskflow_api_etl.py
[2025-05-09 14:54:59,999] {logging_mixin.py:115} INFO - [2025-05-09 14:54:59,999] {dag.py:2379} INFO - Sync 1 DAGs
[2025-05-09 14:55:00,010] {logging_mixin.py:115} INFO - [2025-05-09 14:55:00,010] {dag.py:2927} INFO - Setting next_dagrun for tutorial_taskflow_api_etl to None, run_after=None
[2025-05-09 14:55:00,020] {processor.py:161} INFO - Processing /home/pedro/Documentos/airflow/venv/lib/python3.9/site-packages/airflow/example_dags/tutorial_taskflow_api_etl.py took 0.060 seconds
