[2025-05-09 14:33:48,121] {processor.py:153} INFO - Started process (PID=61391) to work on /home/pedro/Documentos/airflow/venv/lib/python3.9/site-packages/airflow/example_dags/tutorial.py
[2025-05-09 14:33:48,122] {processor.py:641} INFO - Processing file /home/pedro/Documentos/airflow/venv/lib/python3.9/site-packages/airflow/example_dags/tutorial.py for tasks to queue
[2025-05-09 14:33:48,122] {logging_mixin.py:115} INFO - [2025-05-09 14:33:48,122] {dagbag.py:507} INFO - Filling up the DagBag from /home/pedro/Documentos/airflow/venv/lib/python3.9/site-packages/airflow/example_dags/tutorial.py
[2025-05-09 14:33:48,126] {processor.py:651} INFO - DAG(s) dict_keys(['tutorial']) retrieved from /home/pedro/Documentos/airflow/venv/lib/python3.9/site-packages/airflow/example_dags/tutorial.py
[2025-05-09 14:33:48,173] {logging_mixin.py:115} INFO - [2025-05-09 14:33:48,172] {manager.py:508} INFO - Created Permission View: can delete on DAG:tutorial
[2025-05-09 14:33:48,180] {logging_mixin.py:115} INFO - [2025-05-09 14:33:48,180] {manager.py:508} INFO - Created Permission View: can read on DAG:tutorial
[2025-05-09 14:33:48,188] {logging_mixin.py:115} INFO - [2025-05-09 14:33:48,187] {manager.py:508} INFO - Created Permission View: can edit on DAG:tutorial
[2025-05-09 14:33:48,188] {logging_mixin.py:115} INFO - [2025-05-09 14:33:48,188] {dag.py:2379} INFO - Sync 1 DAGs
[2025-05-09 14:33:48,193] {logging_mixin.py:115} INFO - [2025-05-09 14:33:48,193] {dag.py:2398} INFO - Creating ORM DAG for tutorial
[2025-05-09 14:33:48,199] {logging_mixin.py:115} INFO - [2025-05-09 14:33:48,199] {dag.py:2927} INFO - Setting next_dagrun for tutorial to 2025-05-08T17:33:48.198781+00:00, run_after=2025-05-09T17:33:48.198781+00:00
[2025-05-09 14:33:48,212] {processor.py:161} INFO - Processing /home/pedro/Documentos/airflow/venv/lib/python3.9/site-packages/airflow/example_dags/tutorial.py took 0.092 seconds
[2025-05-09 14:34:22,898] {processor.py:153} INFO - Started process (PID=62076) to work on /home/pedro/Documentos/airflow/venv/lib/python3.9/site-packages/airflow/example_dags/tutorial.py
[2025-05-09 14:34:22,910] {processor.py:641} INFO - Processing file /home/pedro/Documentos/airflow/venv/lib/python3.9/site-packages/airflow/example_dags/tutorial.py for tasks to queue
[2025-05-09 14:34:22,911] {logging_mixin.py:115} INFO - [2025-05-09 14:34:22,911] {dagbag.py:507} INFO - Filling up the DagBag from /home/pedro/Documentos/airflow/venv/lib/python3.9/site-packages/airflow/example_dags/tutorial.py
[2025-05-09 14:34:22,915] {processor.py:651} INFO - DAG(s) dict_keys(['tutorial']) retrieved from /home/pedro/Documentos/airflow/venv/lib/python3.9/site-packages/airflow/example_dags/tutorial.py
[2025-05-09 14:34:22,926] {logging_mixin.py:115} INFO - [2025-05-09 14:34:22,926] {dag.py:2379} INFO - Sync 1 DAGs
[2025-05-09 14:34:22,940] {logging_mixin.py:115} INFO - [2025-05-09 14:34:22,940] {dag.py:2927} INFO - Setting next_dagrun for tutorial to 2025-05-08T17:34:22.939808+00:00, run_after=2025-05-09T17:34:22.939808+00:00
[2025-05-09 14:34:22,949] {processor.py:161} INFO - Processing /home/pedro/Documentos/airflow/venv/lib/python3.9/site-packages/airflow/example_dags/tutorial.py took 0.053 seconds
[2025-05-09 14:34:57,649] {processor.py:153} INFO - Started process (PID=62506) to work on /home/pedro/Documentos/airflow/venv/lib/python3.9/site-packages/airflow/example_dags/tutorial.py
[2025-05-09 14:34:57,662] {processor.py:641} INFO - Processing file /home/pedro/Documentos/airflow/venv/lib/python3.9/site-packages/airflow/example_dags/tutorial.py for tasks to queue
[2025-05-09 14:34:57,662] {logging_mixin.py:115} INFO - [2025-05-09 14:34:57,662] {dagbag.py:507} INFO - Filling up the DagBag from /home/pedro/Documentos/airflow/venv/lib/python3.9/site-packages/airflow/example_dags/tutorial.py
[2025-05-09 14:34:57,666] {processor.py:651} INFO - DAG(s) dict_keys(['tutorial']) retrieved from /home/pedro/Documentos/airflow/venv/lib/python3.9/site-packages/airflow/example_dags/tutorial.py
[2025-05-09 14:34:57,678] {logging_mixin.py:115} INFO - [2025-05-09 14:34:57,678] {dag.py:2379} INFO - Sync 1 DAGs
[2025-05-09 14:34:57,691] {logging_mixin.py:115} INFO - [2025-05-09 14:34:57,691] {dag.py:2927} INFO - Setting next_dagrun for tutorial to 2025-05-08T17:34:57.691679+00:00, run_after=2025-05-09T17:34:57.691679+00:00
[2025-05-09 14:34:57,751] {processor.py:161} INFO - Processing /home/pedro/Documentos/airflow/venv/lib/python3.9/site-packages/airflow/example_dags/tutorial.py took 0.104 seconds
[2025-05-09 14:35:30,268] {processor.py:153} INFO - Started process (PID=62849) to work on /home/pedro/Documentos/airflow/venv/lib/python3.9/site-packages/airflow/example_dags/tutorial.py
[2025-05-09 14:35:30,280] {processor.py:641} INFO - Processing file /home/pedro/Documentos/airflow/venv/lib/python3.9/site-packages/airflow/example_dags/tutorial.py for tasks to queue
[2025-05-09 14:35:30,280] {logging_mixin.py:115} INFO - [2025-05-09 14:35:30,280] {dagbag.py:507} INFO - Filling up the DagBag from /home/pedro/Documentos/airflow/venv/lib/python3.9/site-packages/airflow/example_dags/tutorial.py
[2025-05-09 14:35:30,285] {processor.py:651} INFO - DAG(s) dict_keys(['tutorial']) retrieved from /home/pedro/Documentos/airflow/venv/lib/python3.9/site-packages/airflow/example_dags/tutorial.py
[2025-05-09 14:35:30,296] {logging_mixin.py:115} INFO - [2025-05-09 14:35:30,296] {dag.py:2379} INFO - Sync 1 DAGs
[2025-05-09 14:35:30,311] {logging_mixin.py:115} INFO - [2025-05-09 14:35:30,311] {dag.py:2927} INFO - Setting next_dagrun for tutorial to 2025-05-08T17:35:30.311086+00:00, run_after=2025-05-09T17:35:30.311086+00:00
[2025-05-09 14:35:30,322] {processor.py:161} INFO - Processing /home/pedro/Documentos/airflow/venv/lib/python3.9/site-packages/airflow/example_dags/tutorial.py took 0.056 seconds
[2025-05-09 14:36:02,375] {processor.py:153} INFO - Started process (PID=63233) to work on /home/pedro/Documentos/airflow/venv/lib/python3.9/site-packages/airflow/example_dags/tutorial.py
[2025-05-09 14:36:02,387] {processor.py:641} INFO - Processing file /home/pedro/Documentos/airflow/venv/lib/python3.9/site-packages/airflow/example_dags/tutorial.py for tasks to queue
[2025-05-09 14:36:02,388] {logging_mixin.py:115} INFO - [2025-05-09 14:36:02,388] {dagbag.py:507} INFO - Filling up the DagBag from /home/pedro/Documentos/airflow/venv/lib/python3.9/site-packages/airflow/example_dags/tutorial.py
[2025-05-09 14:36:02,392] {processor.py:651} INFO - DAG(s) dict_keys(['tutorial']) retrieved from /home/pedro/Documentos/airflow/venv/lib/python3.9/site-packages/airflow/example_dags/tutorial.py
[2025-05-09 14:36:02,404] {logging_mixin.py:115} INFO - [2025-05-09 14:36:02,404] {dag.py:2379} INFO - Sync 1 DAGs
[2025-05-09 14:36:02,418] {logging_mixin.py:115} INFO - [2025-05-09 14:36:02,418] {dag.py:2927} INFO - Setting next_dagrun for tutorial to 2025-05-08T17:36:02.418085+00:00, run_after=2025-05-09T17:36:02.418085+00:00
[2025-05-09 14:36:02,428] {processor.py:161} INFO - Processing /home/pedro/Documentos/airflow/venv/lib/python3.9/site-packages/airflow/example_dags/tutorial.py took 0.055 seconds
[2025-05-09 14:36:34,203] {processor.py:153} INFO - Started process (PID=63424) to work on /home/pedro/Documentos/airflow/venv/lib/python3.9/site-packages/airflow/example_dags/tutorial.py
[2025-05-09 14:36:34,216] {processor.py:641} INFO - Processing file /home/pedro/Documentos/airflow/venv/lib/python3.9/site-packages/airflow/example_dags/tutorial.py for tasks to queue
[2025-05-09 14:36:34,216] {logging_mixin.py:115} INFO - [2025-05-09 14:36:34,216] {dagbag.py:507} INFO - Filling up the DagBag from /home/pedro/Documentos/airflow/venv/lib/python3.9/site-packages/airflow/example_dags/tutorial.py
[2025-05-09 14:36:34,220] {processor.py:651} INFO - DAG(s) dict_keys(['tutorial']) retrieved from /home/pedro/Documentos/airflow/venv/lib/python3.9/site-packages/airflow/example_dags/tutorial.py
[2025-05-09 14:36:34,232] {logging_mixin.py:115} INFO - [2025-05-09 14:36:34,232] {dag.py:2379} INFO - Sync 1 DAGs
[2025-05-09 14:36:34,248] {logging_mixin.py:115} INFO - [2025-05-09 14:36:34,248] {dag.py:2927} INFO - Setting next_dagrun for tutorial to 2025-05-08T17:36:34.248365+00:00, run_after=2025-05-09T17:36:34.248365+00:00
[2025-05-09 14:36:34,259] {processor.py:161} INFO - Processing /home/pedro/Documentos/airflow/venv/lib/python3.9/site-packages/airflow/example_dags/tutorial.py took 0.058 seconds
[2025-05-09 14:37:08,210] {processor.py:153} INFO - Started process (PID=63831) to work on /home/pedro/Documentos/airflow/venv/lib/python3.9/site-packages/airflow/example_dags/tutorial.py
[2025-05-09 14:37:08,222] {processor.py:641} INFO - Processing file /home/pedro/Documentos/airflow/venv/lib/python3.9/site-packages/airflow/example_dags/tutorial.py for tasks to queue
[2025-05-09 14:37:08,223] {logging_mixin.py:115} INFO - [2025-05-09 14:37:08,223] {dagbag.py:507} INFO - Filling up the DagBag from /home/pedro/Documentos/airflow/venv/lib/python3.9/site-packages/airflow/example_dags/tutorial.py
[2025-05-09 14:37:08,227] {processor.py:651} INFO - DAG(s) dict_keys(['tutorial']) retrieved from /home/pedro/Documentos/airflow/venv/lib/python3.9/site-packages/airflow/example_dags/tutorial.py
[2025-05-09 14:37:08,239] {logging_mixin.py:115} INFO - [2025-05-09 14:37:08,239] {dag.py:2379} INFO - Sync 1 DAGs
[2025-05-09 14:37:08,253] {logging_mixin.py:115} INFO - [2025-05-09 14:37:08,252] {dag.py:2927} INFO - Setting next_dagrun for tutorial to 2025-05-08T17:37:08.252754+00:00, run_after=2025-05-09T17:37:08.252754+00:00
[2025-05-09 14:37:08,264] {processor.py:161} INFO - Processing /home/pedro/Documentos/airflow/venv/lib/python3.9/site-packages/airflow/example_dags/tutorial.py took 0.056 seconds
[2025-05-09 14:37:42,596] {processor.py:153} INFO - Started process (PID=64241) to work on /home/pedro/Documentos/airflow/venv/lib/python3.9/site-packages/airflow/example_dags/tutorial.py
[2025-05-09 14:37:42,608] {processor.py:641} INFO - Processing file /home/pedro/Documentos/airflow/venv/lib/python3.9/site-packages/airflow/example_dags/tutorial.py for tasks to queue
[2025-05-09 14:37:42,608] {logging_mixin.py:115} INFO - [2025-05-09 14:37:42,608] {dagbag.py:507} INFO - Filling up the DagBag from /home/pedro/Documentos/airflow/venv/lib/python3.9/site-packages/airflow/example_dags/tutorial.py
[2025-05-09 14:37:42,612] {processor.py:651} INFO - DAG(s) dict_keys(['tutorial']) retrieved from /home/pedro/Documentos/airflow/venv/lib/python3.9/site-packages/airflow/example_dags/tutorial.py
[2025-05-09 14:37:42,624] {logging_mixin.py:115} INFO - [2025-05-09 14:37:42,624] {dag.py:2379} INFO - Sync 1 DAGs
[2025-05-09 14:37:42,638] {logging_mixin.py:115} INFO - [2025-05-09 14:37:42,637] {dag.py:2927} INFO - Setting next_dagrun for tutorial to 2025-05-08T17:37:42.637735+00:00, run_after=2025-05-09T17:37:42.637735+00:00
[2025-05-09 14:37:42,648] {processor.py:161} INFO - Processing /home/pedro/Documentos/airflow/venv/lib/python3.9/site-packages/airflow/example_dags/tutorial.py took 0.054 seconds
[2025-05-09 14:38:13,435] {processor.py:153} INFO - Started process (PID=64681) to work on /home/pedro/Documentos/airflow/venv/lib/python3.9/site-packages/airflow/example_dags/tutorial.py
[2025-05-09 14:38:13,447] {processor.py:641} INFO - Processing file /home/pedro/Documentos/airflow/venv/lib/python3.9/site-packages/airflow/example_dags/tutorial.py for tasks to queue
[2025-05-09 14:38:13,447] {logging_mixin.py:115} INFO - [2025-05-09 14:38:13,447] {dagbag.py:507} INFO - Filling up the DagBag from /home/pedro/Documentos/airflow/venv/lib/python3.9/site-packages/airflow/example_dags/tutorial.py
[2025-05-09 14:38:13,452] {processor.py:651} INFO - DAG(s) dict_keys(['tutorial']) retrieved from /home/pedro/Documentos/airflow/venv/lib/python3.9/site-packages/airflow/example_dags/tutorial.py
[2025-05-09 14:38:13,464] {logging_mixin.py:115} INFO - [2025-05-09 14:38:13,464] {dag.py:2379} INFO - Sync 1 DAGs
[2025-05-09 14:38:13,477] {logging_mixin.py:115} INFO - [2025-05-09 14:38:13,477] {dag.py:2927} INFO - Setting next_dagrun for tutorial to 2025-05-08T17:38:13.477356+00:00, run_after=2025-05-09T17:38:13.477356+00:00
[2025-05-09 14:38:13,488] {processor.py:161} INFO - Processing /home/pedro/Documentos/airflow/venv/lib/python3.9/site-packages/airflow/example_dags/tutorial.py took 0.056 seconds
[2025-05-09 14:38:49,640] {processor.py:153} INFO - Started process (PID=65088) to work on /home/pedro/Documentos/airflow/venv/lib/python3.9/site-packages/airflow/example_dags/tutorial.py
[2025-05-09 14:38:49,653] {processor.py:641} INFO - Processing file /home/pedro/Documentos/airflow/venv/lib/python3.9/site-packages/airflow/example_dags/tutorial.py for tasks to queue
[2025-05-09 14:38:49,653] {logging_mixin.py:115} INFO - [2025-05-09 14:38:49,653] {dagbag.py:507} INFO - Filling up the DagBag from /home/pedro/Documentos/airflow/venv/lib/python3.9/site-packages/airflow/example_dags/tutorial.py
[2025-05-09 14:38:49,658] {processor.py:651} INFO - DAG(s) dict_keys(['tutorial']) retrieved from /home/pedro/Documentos/airflow/venv/lib/python3.9/site-packages/airflow/example_dags/tutorial.py
[2025-05-09 14:38:49,669] {logging_mixin.py:115} INFO - [2025-05-09 14:38:49,669] {dag.py:2379} INFO - Sync 1 DAGs
[2025-05-09 14:38:49,682] {logging_mixin.py:115} INFO - [2025-05-09 14:38:49,682] {dag.py:2927} INFO - Setting next_dagrun for tutorial to 2025-05-08T17:38:49.682376+00:00, run_after=2025-05-09T17:38:49.682376+00:00
[2025-05-09 14:38:49,692] {processor.py:161} INFO - Processing /home/pedro/Documentos/airflow/venv/lib/python3.9/site-packages/airflow/example_dags/tutorial.py took 0.054 seconds
[2025-05-09 14:39:22,789] {processor.py:153} INFO - Started process (PID=65464) to work on /home/pedro/Documentos/airflow/venv/lib/python3.9/site-packages/airflow/example_dags/tutorial.py
[2025-05-09 14:39:22,802] {processor.py:641} INFO - Processing file /home/pedro/Documentos/airflow/venv/lib/python3.9/site-packages/airflow/example_dags/tutorial.py for tasks to queue
[2025-05-09 14:39:22,802] {logging_mixin.py:115} INFO - [2025-05-09 14:39:22,802] {dagbag.py:507} INFO - Filling up the DagBag from /home/pedro/Documentos/airflow/venv/lib/python3.9/site-packages/airflow/example_dags/tutorial.py
[2025-05-09 14:39:22,806] {processor.py:651} INFO - DAG(s) dict_keys(['tutorial']) retrieved from /home/pedro/Documentos/airflow/venv/lib/python3.9/site-packages/airflow/example_dags/tutorial.py
[2025-05-09 14:39:22,817] {logging_mixin.py:115} INFO - [2025-05-09 14:39:22,817] {dag.py:2379} INFO - Sync 1 DAGs
[2025-05-09 14:39:22,831] {logging_mixin.py:115} INFO - [2025-05-09 14:39:22,830] {dag.py:2927} INFO - Setting next_dagrun for tutorial to 2025-05-08T17:39:22.830711+00:00, run_after=2025-05-09T17:39:22.830711+00:00
[2025-05-09 14:39:22,840] {processor.py:161} INFO - Processing /home/pedro/Documentos/airflow/venv/lib/python3.9/site-packages/airflow/example_dags/tutorial.py took 0.053 seconds
[2025-05-09 14:39:54,768] {processor.py:153} INFO - Started process (PID=65653) to work on /home/pedro/Documentos/airflow/venv/lib/python3.9/site-packages/airflow/example_dags/tutorial.py
[2025-05-09 14:39:54,781] {processor.py:641} INFO - Processing file /home/pedro/Documentos/airflow/venv/lib/python3.9/site-packages/airflow/example_dags/tutorial.py for tasks to queue
[2025-05-09 14:39:54,781] {logging_mixin.py:115} INFO - [2025-05-09 14:39:54,781] {dagbag.py:507} INFO - Filling up the DagBag from /home/pedro/Documentos/airflow/venv/lib/python3.9/site-packages/airflow/example_dags/tutorial.py
[2025-05-09 14:39:54,786] {processor.py:651} INFO - DAG(s) dict_keys(['tutorial']) retrieved from /home/pedro/Documentos/airflow/venv/lib/python3.9/site-packages/airflow/example_dags/tutorial.py
[2025-05-09 14:39:54,797] {logging_mixin.py:115} INFO - [2025-05-09 14:39:54,797] {dag.py:2379} INFO - Sync 1 DAGs
[2025-05-09 14:39:54,810] {logging_mixin.py:115} INFO - [2025-05-09 14:39:54,810] {dag.py:2927} INFO - Setting next_dagrun for tutorial to 2025-05-08T17:39:54.810216+00:00, run_after=2025-05-09T17:39:54.810216+00:00
[2025-05-09 14:39:54,819] {processor.py:161} INFO - Processing /home/pedro/Documentos/airflow/venv/lib/python3.9/site-packages/airflow/example_dags/tutorial.py took 0.053 seconds
[2025-05-09 14:40:28,201] {processor.py:153} INFO - Started process (PID=65896) to work on /home/pedro/Documentos/airflow/venv/lib/python3.9/site-packages/airflow/example_dags/tutorial.py
[2025-05-09 14:40:28,213] {processor.py:641} INFO - Processing file /home/pedro/Documentos/airflow/venv/lib/python3.9/site-packages/airflow/example_dags/tutorial.py for tasks to queue
[2025-05-09 14:40:28,214] {logging_mixin.py:115} INFO - [2025-05-09 14:40:28,214] {dagbag.py:507} INFO - Filling up the DagBag from /home/pedro/Documentos/airflow/venv/lib/python3.9/site-packages/airflow/example_dags/tutorial.py
[2025-05-09 14:40:28,218] {processor.py:651} INFO - DAG(s) dict_keys(['tutorial']) retrieved from /home/pedro/Documentos/airflow/venv/lib/python3.9/site-packages/airflow/example_dags/tutorial.py
[2025-05-09 14:40:28,230] {logging_mixin.py:115} INFO - [2025-05-09 14:40:28,230] {dag.py:2379} INFO - Sync 1 DAGs
[2025-05-09 14:40:28,244] {logging_mixin.py:115} INFO - [2025-05-09 14:40:28,244] {dag.py:2927} INFO - Setting next_dagrun for tutorial to 2025-05-08T17:40:28.244353+00:00, run_after=2025-05-09T17:40:28.244353+00:00
[2025-05-09 14:40:28,254] {processor.py:161} INFO - Processing /home/pedro/Documentos/airflow/venv/lib/python3.9/site-packages/airflow/example_dags/tutorial.py took 0.055 seconds
[2025-05-09 14:41:01,998] {processor.py:153} INFO - Started process (PID=66413) to work on /home/pedro/Documentos/airflow/venv/lib/python3.9/site-packages/airflow/example_dags/tutorial.py
[2025-05-09 14:41:02,010] {processor.py:641} INFO - Processing file /home/pedro/Documentos/airflow/venv/lib/python3.9/site-packages/airflow/example_dags/tutorial.py for tasks to queue
[2025-05-09 14:41:02,011] {logging_mixin.py:115} INFO - [2025-05-09 14:41:02,010] {dagbag.py:507} INFO - Filling up the DagBag from /home/pedro/Documentos/airflow/venv/lib/python3.9/site-packages/airflow/example_dags/tutorial.py
[2025-05-09 14:41:02,015] {processor.py:651} INFO - DAG(s) dict_keys(['tutorial']) retrieved from /home/pedro/Documentos/airflow/venv/lib/python3.9/site-packages/airflow/example_dags/tutorial.py
[2025-05-09 14:41:02,027] {logging_mixin.py:115} INFO - [2025-05-09 14:41:02,026] {dag.py:2379} INFO - Sync 1 DAGs
[2025-05-09 14:41:02,040] {logging_mixin.py:115} INFO - [2025-05-09 14:41:02,040] {dag.py:2927} INFO - Setting next_dagrun for tutorial to 2025-05-08T17:41:02.039950+00:00, run_after=2025-05-09T17:41:02.039950+00:00
[2025-05-09 14:41:02,050] {processor.py:161} INFO - Processing /home/pedro/Documentos/airflow/venv/lib/python3.9/site-packages/airflow/example_dags/tutorial.py took 0.054 seconds
[2025-05-09 14:41:37,598] {processor.py:153} INFO - Started process (PID=66854) to work on /home/pedro/Documentos/airflow/venv/lib/python3.9/site-packages/airflow/example_dags/tutorial.py
[2025-05-09 14:41:37,610] {processor.py:641} INFO - Processing file /home/pedro/Documentos/airflow/venv/lib/python3.9/site-packages/airflow/example_dags/tutorial.py for tasks to queue
[2025-05-09 14:41:37,611] {logging_mixin.py:115} INFO - [2025-05-09 14:41:37,611] {dagbag.py:507} INFO - Filling up the DagBag from /home/pedro/Documentos/airflow/venv/lib/python3.9/site-packages/airflow/example_dags/tutorial.py
[2025-05-09 14:41:37,616] {processor.py:651} INFO - DAG(s) dict_keys(['tutorial']) retrieved from /home/pedro/Documentos/airflow/venv/lib/python3.9/site-packages/airflow/example_dags/tutorial.py
[2025-05-09 14:41:37,627] {logging_mixin.py:115} INFO - [2025-05-09 14:41:37,627] {dag.py:2379} INFO - Sync 1 DAGs
[2025-05-09 14:41:37,641] {logging_mixin.py:115} INFO - [2025-05-09 14:41:37,641] {dag.py:2927} INFO - Setting next_dagrun for tutorial to 2025-05-08T17:41:37.640908+00:00, run_after=2025-05-09T17:41:37.640908+00:00
[2025-05-09 14:41:37,651] {processor.py:161} INFO - Processing /home/pedro/Documentos/airflow/venv/lib/python3.9/site-packages/airflow/example_dags/tutorial.py took 0.055 seconds
[2025-05-09 14:42:08,469] {processor.py:153} INFO - Started process (PID=67036) to work on /home/pedro/Documentos/airflow/venv/lib/python3.9/site-packages/airflow/example_dags/tutorial.py
[2025-05-09 14:42:08,482] {processor.py:641} INFO - Processing file /home/pedro/Documentos/airflow/venv/lib/python3.9/site-packages/airflow/example_dags/tutorial.py for tasks to queue
[2025-05-09 14:42:08,483] {logging_mixin.py:115} INFO - [2025-05-09 14:42:08,483] {dagbag.py:507} INFO - Filling up the DagBag from /home/pedro/Documentos/airflow/venv/lib/python3.9/site-packages/airflow/example_dags/tutorial.py
[2025-05-09 14:42:08,487] {processor.py:651} INFO - DAG(s) dict_keys(['tutorial']) retrieved from /home/pedro/Documentos/airflow/venv/lib/python3.9/site-packages/airflow/example_dags/tutorial.py
[2025-05-09 14:42:08,498] {logging_mixin.py:115} INFO - [2025-05-09 14:42:08,498] {dag.py:2379} INFO - Sync 1 DAGs
[2025-05-09 14:42:08,511] {logging_mixin.py:115} INFO - [2025-05-09 14:42:08,511] {dag.py:2927} INFO - Setting next_dagrun for tutorial to 2025-05-08T17:42:08.510852+00:00, run_after=2025-05-09T17:42:08.510852+00:00
[2025-05-09 14:42:08,520] {processor.py:161} INFO - Processing /home/pedro/Documentos/airflow/venv/lib/python3.9/site-packages/airflow/example_dags/tutorial.py took 0.053 seconds
[2025-05-09 14:42:41,073] {processor.py:153} INFO - Started process (PID=67228) to work on /home/pedro/Documentos/airflow/venv/lib/python3.9/site-packages/airflow/example_dags/tutorial.py
[2025-05-09 14:42:41,086] {processor.py:641} INFO - Processing file /home/pedro/Documentos/airflow/venv/lib/python3.9/site-packages/airflow/example_dags/tutorial.py for tasks to queue
[2025-05-09 14:42:41,086] {logging_mixin.py:115} INFO - [2025-05-09 14:42:41,086] {dagbag.py:507} INFO - Filling up the DagBag from /home/pedro/Documentos/airflow/venv/lib/python3.9/site-packages/airflow/example_dags/tutorial.py
[2025-05-09 14:42:41,091] {processor.py:651} INFO - DAG(s) dict_keys(['tutorial']) retrieved from /home/pedro/Documentos/airflow/venv/lib/python3.9/site-packages/airflow/example_dags/tutorial.py
[2025-05-09 14:42:41,103] {logging_mixin.py:115} INFO - [2025-05-09 14:42:41,102] {dag.py:2379} INFO - Sync 1 DAGs
[2025-05-09 14:42:41,115] {logging_mixin.py:115} INFO - [2025-05-09 14:42:41,115] {dag.py:2927} INFO - Setting next_dagrun for tutorial to 2025-05-08T17:42:41.115589+00:00, run_after=2025-05-09T17:42:41.115589+00:00
[2025-05-09 14:42:41,125] {processor.py:161} INFO - Processing /home/pedro/Documentos/airflow/venv/lib/python3.9/site-packages/airflow/example_dags/tutorial.py took 0.054 seconds
[2025-05-09 14:43:14,191] {processor.py:153} INFO - Started process (PID=67427) to work on /home/pedro/Documentos/airflow/venv/lib/python3.9/site-packages/airflow/example_dags/tutorial.py
[2025-05-09 14:43:14,204] {processor.py:641} INFO - Processing file /home/pedro/Documentos/airflow/venv/lib/python3.9/site-packages/airflow/example_dags/tutorial.py for tasks to queue
[2025-05-09 14:43:14,204] {logging_mixin.py:115} INFO - [2025-05-09 14:43:14,204] {dagbag.py:507} INFO - Filling up the DagBag from /home/pedro/Documentos/airflow/venv/lib/python3.9/site-packages/airflow/example_dags/tutorial.py
[2025-05-09 14:43:14,208] {processor.py:651} INFO - DAG(s) dict_keys(['tutorial']) retrieved from /home/pedro/Documentos/airflow/venv/lib/python3.9/site-packages/airflow/example_dags/tutorial.py
[2025-05-09 14:43:14,220] {logging_mixin.py:115} INFO - [2025-05-09 14:43:14,220] {dag.py:2379} INFO - Sync 1 DAGs
[2025-05-09 14:43:14,233] {logging_mixin.py:115} INFO - [2025-05-09 14:43:14,233] {dag.py:2927} INFO - Setting next_dagrun for tutorial to 2025-05-08T17:43:14.233212+00:00, run_after=2025-05-09T17:43:14.233212+00:00
[2025-05-09 14:43:14,243] {processor.py:161} INFO - Processing /home/pedro/Documentos/airflow/venv/lib/python3.9/site-packages/airflow/example_dags/tutorial.py took 0.054 seconds
[2025-05-09 14:43:49,568] {processor.py:153} INFO - Started process (PID=68113) to work on /home/pedro/Documentos/airflow/venv/lib/python3.9/site-packages/airflow/example_dags/tutorial.py
[2025-05-09 14:43:49,580] {processor.py:641} INFO - Processing file /home/pedro/Documentos/airflow/venv/lib/python3.9/site-packages/airflow/example_dags/tutorial.py for tasks to queue
[2025-05-09 14:43:49,581] {logging_mixin.py:115} INFO - [2025-05-09 14:43:49,580] {dagbag.py:507} INFO - Filling up the DagBag from /home/pedro/Documentos/airflow/venv/lib/python3.9/site-packages/airflow/example_dags/tutorial.py
[2025-05-09 14:43:49,584] {processor.py:651} INFO - DAG(s) dict_keys(['tutorial']) retrieved from /home/pedro/Documentos/airflow/venv/lib/python3.9/site-packages/airflow/example_dags/tutorial.py
[2025-05-09 14:43:49,596] {logging_mixin.py:115} INFO - [2025-05-09 14:43:49,596] {dag.py:2379} INFO - Sync 1 DAGs
[2025-05-09 14:43:49,610] {logging_mixin.py:115} INFO - [2025-05-09 14:43:49,609] {dag.py:2927} INFO - Setting next_dagrun for tutorial to 2025-05-08T17:43:49.609772+00:00, run_after=2025-05-09T17:43:49.609772+00:00
[2025-05-09 14:43:49,621] {processor.py:161} INFO - Processing /home/pedro/Documentos/airflow/venv/lib/python3.9/site-packages/airflow/example_dags/tutorial.py took 0.055 seconds
[2025-05-09 14:44:20,953] {processor.py:153} INFO - Started process (PID=68329) to work on /home/pedro/Documentos/airflow/venv/lib/python3.9/site-packages/airflow/example_dags/tutorial.py
[2025-05-09 14:44:20,965] {processor.py:641} INFO - Processing file /home/pedro/Documentos/airflow/venv/lib/python3.9/site-packages/airflow/example_dags/tutorial.py for tasks to queue
[2025-05-09 14:44:20,965] {logging_mixin.py:115} INFO - [2025-05-09 14:44:20,965] {dagbag.py:507} INFO - Filling up the DagBag from /home/pedro/Documentos/airflow/venv/lib/python3.9/site-packages/airflow/example_dags/tutorial.py
[2025-05-09 14:44:20,969] {processor.py:651} INFO - DAG(s) dict_keys(['tutorial']) retrieved from /home/pedro/Documentos/airflow/venv/lib/python3.9/site-packages/airflow/example_dags/tutorial.py
[2025-05-09 14:44:20,981] {logging_mixin.py:115} INFO - [2025-05-09 14:44:20,981] {dag.py:2379} INFO - Sync 1 DAGs
[2025-05-09 14:44:20,994] {logging_mixin.py:115} INFO - [2025-05-09 14:44:20,993] {dag.py:2927} INFO - Setting next_dagrun for tutorial to 2025-05-08T17:44:20.993788+00:00, run_after=2025-05-09T17:44:20.993788+00:00
[2025-05-09 14:44:21,003] {processor.py:161} INFO - Processing /home/pedro/Documentos/airflow/venv/lib/python3.9/site-packages/airflow/example_dags/tutorial.py took 0.053 seconds
[2025-05-09 14:44:53,564] {processor.py:153} INFO - Started process (PID=68541) to work on /home/pedro/Documentos/airflow/venv/lib/python3.9/site-packages/airflow/example_dags/tutorial.py
[2025-05-09 14:44:53,564] {processor.py:641} INFO - Processing file /home/pedro/Documentos/airflow/venv/lib/python3.9/site-packages/airflow/example_dags/tutorial.py for tasks to queue
[2025-05-09 14:44:53,565] {logging_mixin.py:115} INFO - [2025-05-09 14:44:53,564] {dagbag.py:507} INFO - Filling up the DagBag from /home/pedro/Documentos/airflow/venv/lib/python3.9/site-packages/airflow/example_dags/tutorial.py
[2025-05-09 14:44:53,569] {processor.py:651} INFO - DAG(s) dict_keys(['tutorial']) retrieved from /home/pedro/Documentos/airflow/venv/lib/python3.9/site-packages/airflow/example_dags/tutorial.py
[2025-05-09 14:44:53,580] {logging_mixin.py:115} INFO - [2025-05-09 14:44:53,580] {dag.py:2379} INFO - Sync 1 DAGs
[2025-05-09 14:44:53,593] {logging_mixin.py:115} INFO - [2025-05-09 14:44:53,593] {dag.py:2927} INFO - Setting next_dagrun for tutorial to 2025-05-08T17:44:53.593294+00:00, run_after=2025-05-09T17:44:53.593294+00:00
[2025-05-09 14:44:53,603] {processor.py:161} INFO - Processing /home/pedro/Documentos/airflow/venv/lib/python3.9/site-packages/airflow/example_dags/tutorial.py took 0.042 seconds
[2025-05-09 14:45:25,450] {processor.py:153} INFO - Started process (PID=68729) to work on /home/pedro/Documentos/airflow/venv/lib/python3.9/site-packages/airflow/example_dags/tutorial.py
[2025-05-09 14:45:25,462] {processor.py:641} INFO - Processing file /home/pedro/Documentos/airflow/venv/lib/python3.9/site-packages/airflow/example_dags/tutorial.py for tasks to queue
[2025-05-09 14:45:25,463] {logging_mixin.py:115} INFO - [2025-05-09 14:45:25,463] {dagbag.py:507} INFO - Filling up the DagBag from /home/pedro/Documentos/airflow/venv/lib/python3.9/site-packages/airflow/example_dags/tutorial.py
[2025-05-09 14:45:25,467] {processor.py:651} INFO - DAG(s) dict_keys(['tutorial']) retrieved from /home/pedro/Documentos/airflow/venv/lib/python3.9/site-packages/airflow/example_dags/tutorial.py
[2025-05-09 14:45:25,479] {logging_mixin.py:115} INFO - [2025-05-09 14:45:25,479] {dag.py:2379} INFO - Sync 1 DAGs
[2025-05-09 14:45:25,492] {logging_mixin.py:115} INFO - [2025-05-09 14:45:25,492] {dag.py:2927} INFO - Setting next_dagrun for tutorial to 2025-05-08T17:45:25.492341+00:00, run_after=2025-05-09T17:45:25.492341+00:00
[2025-05-09 14:45:25,502] {processor.py:161} INFO - Processing /home/pedro/Documentos/airflow/venv/lib/python3.9/site-packages/airflow/example_dags/tutorial.py took 0.054 seconds
[2025-05-09 14:45:59,915] {processor.py:153} INFO - Started process (PID=68937) to work on /home/pedro/Documentos/airflow/venv/lib/python3.9/site-packages/airflow/example_dags/tutorial.py
[2025-05-09 14:45:59,929] {processor.py:641} INFO - Processing file /home/pedro/Documentos/airflow/venv/lib/python3.9/site-packages/airflow/example_dags/tutorial.py for tasks to queue
[2025-05-09 14:45:59,930] {logging_mixin.py:115} INFO - [2025-05-09 14:45:59,930] {dagbag.py:507} INFO - Filling up the DagBag from /home/pedro/Documentos/airflow/venv/lib/python3.9/site-packages/airflow/example_dags/tutorial.py
[2025-05-09 14:45:59,934] {processor.py:651} INFO - DAG(s) dict_keys(['tutorial']) retrieved from /home/pedro/Documentos/airflow/venv/lib/python3.9/site-packages/airflow/example_dags/tutorial.py
[2025-05-09 14:45:59,945] {logging_mixin.py:115} INFO - [2025-05-09 14:45:59,945] {dag.py:2379} INFO - Sync 1 DAGs
[2025-05-09 14:45:59,959] {logging_mixin.py:115} INFO - [2025-05-09 14:45:59,959] {dag.py:2927} INFO - Setting next_dagrun for tutorial to 2025-05-08T17:45:59.958796+00:00, run_after=2025-05-09T17:45:59.958796+00:00
[2025-05-09 14:46:00,011] {processor.py:161} INFO - Processing /home/pedro/Documentos/airflow/venv/lib/python3.9/site-packages/airflow/example_dags/tutorial.py took 0.098 seconds
[2025-05-09 14:46:31,219] {processor.py:153} INFO - Started process (PID=69129) to work on /home/pedro/Documentos/airflow/venv/lib/python3.9/site-packages/airflow/example_dags/tutorial.py
[2025-05-09 14:46:31,231] {processor.py:641} INFO - Processing file /home/pedro/Documentos/airflow/venv/lib/python3.9/site-packages/airflow/example_dags/tutorial.py for tasks to queue
[2025-05-09 14:46:31,231] {logging_mixin.py:115} INFO - [2025-05-09 14:46:31,231] {dagbag.py:507} INFO - Filling up the DagBag from /home/pedro/Documentos/airflow/venv/lib/python3.9/site-packages/airflow/example_dags/tutorial.py
[2025-05-09 14:46:31,235] {processor.py:651} INFO - DAG(s) dict_keys(['tutorial']) retrieved from /home/pedro/Documentos/airflow/venv/lib/python3.9/site-packages/airflow/example_dags/tutorial.py
[2025-05-09 14:46:31,246] {logging_mixin.py:115} INFO - [2025-05-09 14:46:31,246] {dag.py:2379} INFO - Sync 1 DAGs
[2025-05-09 14:46:31,259] {logging_mixin.py:115} INFO - [2025-05-09 14:46:31,259] {dag.py:2927} INFO - Setting next_dagrun for tutorial to 2025-05-08T17:46:31.259557+00:00, run_after=2025-05-09T17:46:31.259557+00:00
[2025-05-09 14:46:31,269] {processor.py:161} INFO - Processing /home/pedro/Documentos/airflow/venv/lib/python3.9/site-packages/airflow/example_dags/tutorial.py took 0.053 seconds
[2025-05-09 14:47:02,057] {processor.py:153} INFO - Started process (PID=69688) to work on /home/pedro/Documentos/airflow/venv/lib/python3.9/site-packages/airflow/example_dags/tutorial.py
[2025-05-09 14:47:02,058] {processor.py:641} INFO - Processing file /home/pedro/Documentos/airflow/venv/lib/python3.9/site-packages/airflow/example_dags/tutorial.py for tasks to queue
[2025-05-09 14:47:02,058] {logging_mixin.py:115} INFO - [2025-05-09 14:47:02,058] {dagbag.py:507} INFO - Filling up the DagBag from /home/pedro/Documentos/airflow/venv/lib/python3.9/site-packages/airflow/example_dags/tutorial.py
[2025-05-09 14:47:02,062] {processor.py:651} INFO - DAG(s) dict_keys(['tutorial']) retrieved from /home/pedro/Documentos/airflow/venv/lib/python3.9/site-packages/airflow/example_dags/tutorial.py
[2025-05-09 14:47:02,075] {logging_mixin.py:115} INFO - [2025-05-09 14:47:02,075] {dag.py:2379} INFO - Sync 1 DAGs
[2025-05-09 14:47:02,090] {logging_mixin.py:115} INFO - [2025-05-09 14:47:02,090] {dag.py:2927} INFO - Setting next_dagrun for tutorial to 2025-05-08T17:47:02.090218+00:00, run_after=2025-05-09T17:47:02.090218+00:00
[2025-05-09 14:47:02,103] {processor.py:161} INFO - Processing /home/pedro/Documentos/airflow/venv/lib/python3.9/site-packages/airflow/example_dags/tutorial.py took 0.048 seconds
[2025-05-09 14:47:35,366] {processor.py:153} INFO - Started process (PID=69966) to work on /home/pedro/Documentos/airflow/venv/lib/python3.9/site-packages/airflow/example_dags/tutorial.py
[2025-05-09 14:47:35,379] {processor.py:641} INFO - Processing file /home/pedro/Documentos/airflow/venv/lib/python3.9/site-packages/airflow/example_dags/tutorial.py for tasks to queue
[2025-05-09 14:47:35,379] {logging_mixin.py:115} INFO - [2025-05-09 14:47:35,379] {dagbag.py:507} INFO - Filling up the DagBag from /home/pedro/Documentos/airflow/venv/lib/python3.9/site-packages/airflow/example_dags/tutorial.py
[2025-05-09 14:47:35,383] {processor.py:651} INFO - DAG(s) dict_keys(['tutorial']) retrieved from /home/pedro/Documentos/airflow/venv/lib/python3.9/site-packages/airflow/example_dags/tutorial.py
[2025-05-09 14:47:35,395] {logging_mixin.py:115} INFO - [2025-05-09 14:47:35,395] {dag.py:2379} INFO - Sync 1 DAGs
[2025-05-09 14:47:35,409] {logging_mixin.py:115} INFO - [2025-05-09 14:47:35,409] {dag.py:2927} INFO - Setting next_dagrun for tutorial to 2025-05-08T17:47:35.408799+00:00, run_after=2025-05-09T17:47:35.408799+00:00
[2025-05-09 14:47:35,458] {processor.py:161} INFO - Processing /home/pedro/Documentos/airflow/venv/lib/python3.9/site-packages/airflow/example_dags/tutorial.py took 0.094 seconds
[2025-05-09 14:48:06,751] {processor.py:153} INFO - Started process (PID=70169) to work on /home/pedro/Documentos/airflow/venv/lib/python3.9/site-packages/airflow/example_dags/tutorial.py
[2025-05-09 14:48:06,763] {processor.py:641} INFO - Processing file /home/pedro/Documentos/airflow/venv/lib/python3.9/site-packages/airflow/example_dags/tutorial.py for tasks to queue
[2025-05-09 14:48:06,764] {logging_mixin.py:115} INFO - [2025-05-09 14:48:06,764] {dagbag.py:507} INFO - Filling up the DagBag from /home/pedro/Documentos/airflow/venv/lib/python3.9/site-packages/airflow/example_dags/tutorial.py
[2025-05-09 14:48:06,768] {processor.py:651} INFO - DAG(s) dict_keys(['tutorial']) retrieved from /home/pedro/Documentos/airflow/venv/lib/python3.9/site-packages/airflow/example_dags/tutorial.py
[2025-05-09 14:48:06,779] {logging_mixin.py:115} INFO - [2025-05-09 14:48:06,779] {dag.py:2379} INFO - Sync 1 DAGs
[2025-05-09 14:48:06,793] {logging_mixin.py:115} INFO - [2025-05-09 14:48:06,793] {dag.py:2927} INFO - Setting next_dagrun for tutorial to 2025-05-08T17:48:06.792815+00:00, run_after=2025-05-09T17:48:06.792815+00:00
[2025-05-09 14:48:06,803] {processor.py:161} INFO - Processing /home/pedro/Documentos/airflow/venv/lib/python3.9/site-packages/airflow/example_dags/tutorial.py took 0.054 seconds
[2025-05-09 14:48:37,014] {processor.py:153} INFO - Started process (PID=70414) to work on /home/pedro/Documentos/airflow/venv/lib/python3.9/site-packages/airflow/example_dags/tutorial.py
[2025-05-09 14:48:37,026] {processor.py:641} INFO - Processing file /home/pedro/Documentos/airflow/venv/lib/python3.9/site-packages/airflow/example_dags/tutorial.py for tasks to queue
[2025-05-09 14:48:37,027] {logging_mixin.py:115} INFO - [2025-05-09 14:48:37,027] {dagbag.py:507} INFO - Filling up the DagBag from /home/pedro/Documentos/airflow/venv/lib/python3.9/site-packages/airflow/example_dags/tutorial.py
[2025-05-09 14:48:37,033] {processor.py:651} INFO - DAG(s) dict_keys(['tutorial']) retrieved from /home/pedro/Documentos/airflow/venv/lib/python3.9/site-packages/airflow/example_dags/tutorial.py
[2025-05-09 14:48:37,045] {logging_mixin.py:115} INFO - [2025-05-09 14:48:37,045] {dag.py:2379} INFO - Sync 1 DAGs
[2025-05-09 14:48:37,058] {logging_mixin.py:115} INFO - [2025-05-09 14:48:37,058] {dag.py:2927} INFO - Setting next_dagrun for tutorial to 2025-05-08T17:48:37.058353+00:00, run_after=2025-05-09T17:48:37.058353+00:00
[2025-05-09 14:48:37,069] {processor.py:161} INFO - Processing /home/pedro/Documentos/airflow/venv/lib/python3.9/site-packages/airflow/example_dags/tutorial.py took 0.056 seconds
[2025-05-09 14:49:07,248] {processor.py:153} INFO - Started process (PID=70642) to work on /home/pedro/Documentos/airflow/venv/lib/python3.9/site-packages/airflow/example_dags/tutorial.py
[2025-05-09 14:49:07,260] {processor.py:641} INFO - Processing file /home/pedro/Documentos/airflow/venv/lib/python3.9/site-packages/airflow/example_dags/tutorial.py for tasks to queue
[2025-05-09 14:49:07,260] {logging_mixin.py:115} INFO - [2025-05-09 14:49:07,260] {dagbag.py:507} INFO - Filling up the DagBag from /home/pedro/Documentos/airflow/venv/lib/python3.9/site-packages/airflow/example_dags/tutorial.py
[2025-05-09 14:49:07,264] {processor.py:651} INFO - DAG(s) dict_keys(['tutorial']) retrieved from /home/pedro/Documentos/airflow/venv/lib/python3.9/site-packages/airflow/example_dags/tutorial.py
[2025-05-09 14:49:07,278] {logging_mixin.py:115} INFO - [2025-05-09 14:49:07,278] {dag.py:2379} INFO - Sync 1 DAGs
[2025-05-09 14:49:07,289] {logging_mixin.py:115} INFO - [2025-05-09 14:49:07,288] {dag.py:2927} INFO - Setting next_dagrun for tutorial to 2025-05-08T17:49:07.288790+00:00, run_after=2025-05-09T17:49:07.288790+00:00
[2025-05-09 14:49:07,299] {processor.py:161} INFO - Processing /home/pedro/Documentos/airflow/venv/lib/python3.9/site-packages/airflow/example_dags/tutorial.py took 0.053 seconds
[2025-05-09 14:49:41,236] {processor.py:153} INFO - Started process (PID=70865) to work on /home/pedro/Documentos/airflow/venv/lib/python3.9/site-packages/airflow/example_dags/tutorial.py
[2025-05-09 14:49:41,248] {processor.py:641} INFO - Processing file /home/pedro/Documentos/airflow/venv/lib/python3.9/site-packages/airflow/example_dags/tutorial.py for tasks to queue
[2025-05-09 14:49:41,249] {logging_mixin.py:115} INFO - [2025-05-09 14:49:41,249] {dagbag.py:507} INFO - Filling up the DagBag from /home/pedro/Documentos/airflow/venv/lib/python3.9/site-packages/airflow/example_dags/tutorial.py
[2025-05-09 14:49:41,253] {processor.py:651} INFO - DAG(s) dict_keys(['tutorial']) retrieved from /home/pedro/Documentos/airflow/venv/lib/python3.9/site-packages/airflow/example_dags/tutorial.py
[2025-05-09 14:49:41,266] {logging_mixin.py:115} INFO - [2025-05-09 14:49:41,266] {dag.py:2379} INFO - Sync 1 DAGs
[2025-05-09 14:49:41,278] {logging_mixin.py:115} INFO - [2025-05-09 14:49:41,278] {dag.py:2927} INFO - Setting next_dagrun for tutorial to 2025-05-08T17:49:41.277981+00:00, run_after=2025-05-09T17:49:41.277981+00:00
[2025-05-09 14:49:41,288] {processor.py:161} INFO - Processing /home/pedro/Documentos/airflow/venv/lib/python3.9/site-packages/airflow/example_dags/tutorial.py took 0.054 seconds
[2025-05-09 14:50:13,162] {processor.py:153} INFO - Started process (PID=71115) to work on /home/pedro/Documentos/airflow/venv/lib/python3.9/site-packages/airflow/example_dags/tutorial.py
[2025-05-09 14:50:13,163] {processor.py:641} INFO - Processing file /home/pedro/Documentos/airflow/venv/lib/python3.9/site-packages/airflow/example_dags/tutorial.py for tasks to queue
[2025-05-09 14:50:13,163] {logging_mixin.py:115} INFO - [2025-05-09 14:50:13,163] {dagbag.py:507} INFO - Filling up the DagBag from /home/pedro/Documentos/airflow/venv/lib/python3.9/site-packages/airflow/example_dags/tutorial.py
[2025-05-09 14:50:13,167] {processor.py:651} INFO - DAG(s) dict_keys(['tutorial']) retrieved from /home/pedro/Documentos/airflow/venv/lib/python3.9/site-packages/airflow/example_dags/tutorial.py
[2025-05-09 14:50:13,181] {logging_mixin.py:115} INFO - [2025-05-09 14:50:13,181] {dag.py:2379} INFO - Sync 1 DAGs
[2025-05-09 14:50:13,193] {logging_mixin.py:115} INFO - [2025-05-09 14:50:13,192] {dag.py:2927} INFO - Setting next_dagrun for tutorial to 2025-05-08T17:50:13.192753+00:00, run_after=2025-05-09T17:50:13.192753+00:00
[2025-05-09 14:50:13,202] {processor.py:161} INFO - Processing /home/pedro/Documentos/airflow/venv/lib/python3.9/site-packages/airflow/example_dags/tutorial.py took 0.042 seconds
[2025-05-09 14:50:44,008] {processor.py:153} INFO - Started process (PID=71317) to work on /home/pedro/Documentos/airflow/venv/lib/python3.9/site-packages/airflow/example_dags/tutorial.py
[2025-05-09 14:50:44,020] {processor.py:641} INFO - Processing file /home/pedro/Documentos/airflow/venv/lib/python3.9/site-packages/airflow/example_dags/tutorial.py for tasks to queue
[2025-05-09 14:50:44,020] {logging_mixin.py:115} INFO - [2025-05-09 14:50:44,020] {dagbag.py:507} INFO - Filling up the DagBag from /home/pedro/Documentos/airflow/venv/lib/python3.9/site-packages/airflow/example_dags/tutorial.py
[2025-05-09 14:50:44,024] {processor.py:651} INFO - DAG(s) dict_keys(['tutorial']) retrieved from /home/pedro/Documentos/airflow/venv/lib/python3.9/site-packages/airflow/example_dags/tutorial.py
[2025-05-09 14:50:44,039] {logging_mixin.py:115} INFO - [2025-05-09 14:50:44,038] {dag.py:2379} INFO - Sync 1 DAGs
[2025-05-09 14:50:44,050] {logging_mixin.py:115} INFO - [2025-05-09 14:50:44,050] {dag.py:2927} INFO - Setting next_dagrun for tutorial to 2025-05-08T17:50:44.050454+00:00, run_after=2025-05-09T17:50:44.050454+00:00
[2025-05-09 14:50:44,060] {processor.py:161} INFO - Processing /home/pedro/Documentos/airflow/venv/lib/python3.9/site-packages/airflow/example_dags/tutorial.py took 0.055 seconds
[2025-05-09 14:51:16,513] {processor.py:153} INFO - Started process (PID=71527) to work on /home/pedro/Documentos/airflow/venv/lib/python3.9/site-packages/airflow/example_dags/tutorial.py
[2025-05-09 14:51:16,526] {processor.py:641} INFO - Processing file /home/pedro/Documentos/airflow/venv/lib/python3.9/site-packages/airflow/example_dags/tutorial.py for tasks to queue
[2025-05-09 14:51:16,526] {logging_mixin.py:115} INFO - [2025-05-09 14:51:16,526] {dagbag.py:507} INFO - Filling up the DagBag from /home/pedro/Documentos/airflow/venv/lib/python3.9/site-packages/airflow/example_dags/tutorial.py
[2025-05-09 14:51:16,530] {processor.py:651} INFO - DAG(s) dict_keys(['tutorial']) retrieved from /home/pedro/Documentos/airflow/venv/lib/python3.9/site-packages/airflow/example_dags/tutorial.py
[2025-05-09 14:51:16,544] {logging_mixin.py:115} INFO - [2025-05-09 14:51:16,544] {dag.py:2379} INFO - Sync 1 DAGs
[2025-05-09 14:51:16,555] {logging_mixin.py:115} INFO - [2025-05-09 14:51:16,555] {dag.py:2927} INFO - Setting next_dagrun for tutorial to 2025-05-08T17:51:16.555308+00:00, run_after=2025-05-09T17:51:16.555308+00:00
[2025-05-09 14:51:16,565] {processor.py:161} INFO - Processing /home/pedro/Documentos/airflow/venv/lib/python3.9/site-packages/airflow/example_dags/tutorial.py took 0.053 seconds
[2025-05-09 14:51:51,031] {processor.py:153} INFO - Started process (PID=71871) to work on /home/pedro/Documentos/airflow/venv/lib/python3.9/site-packages/airflow/example_dags/tutorial.py
[2025-05-09 14:51:51,044] {processor.py:641} INFO - Processing file /home/pedro/Documentos/airflow/venv/lib/python3.9/site-packages/airflow/example_dags/tutorial.py for tasks to queue
[2025-05-09 14:51:51,044] {logging_mixin.py:115} INFO - [2025-05-09 14:51:51,044] {dagbag.py:507} INFO - Filling up the DagBag from /home/pedro/Documentos/airflow/venv/lib/python3.9/site-packages/airflow/example_dags/tutorial.py
[2025-05-09 14:51:51,048] {processor.py:651} INFO - DAG(s) dict_keys(['tutorial']) retrieved from /home/pedro/Documentos/airflow/venv/lib/python3.9/site-packages/airflow/example_dags/tutorial.py
[2025-05-09 14:51:51,062] {logging_mixin.py:115} INFO - [2025-05-09 14:51:51,062] {dag.py:2379} INFO - Sync 1 DAGs
[2025-05-09 14:51:51,074] {logging_mixin.py:115} INFO - [2025-05-09 14:51:51,074] {dag.py:2927} INFO - Setting next_dagrun for tutorial to 2025-05-08T17:51:51.074086+00:00, run_after=2025-05-09T17:51:51.074086+00:00
[2025-05-09 14:51:51,084] {processor.py:161} INFO - Processing /home/pedro/Documentos/airflow/venv/lib/python3.9/site-packages/airflow/example_dags/tutorial.py took 0.054 seconds
[2025-05-09 14:52:25,032] {processor.py:153} INFO - Started process (PID=72385) to work on /home/pedro/Documentos/airflow/venv/lib/python3.9/site-packages/airflow/example_dags/tutorial.py
[2025-05-09 14:52:25,045] {processor.py:641} INFO - Processing file /home/pedro/Documentos/airflow/venv/lib/python3.9/site-packages/airflow/example_dags/tutorial.py for tasks to queue
[2025-05-09 14:52:25,045] {logging_mixin.py:115} INFO - [2025-05-09 14:52:25,045] {dagbag.py:507} INFO - Filling up the DagBag from /home/pedro/Documentos/airflow/venv/lib/python3.9/site-packages/airflow/example_dags/tutorial.py
[2025-05-09 14:52:25,049] {processor.py:651} INFO - DAG(s) dict_keys(['tutorial']) retrieved from /home/pedro/Documentos/airflow/venv/lib/python3.9/site-packages/airflow/example_dags/tutorial.py
[2025-05-09 14:52:25,064] {logging_mixin.py:115} INFO - [2025-05-09 14:52:25,064] {dag.py:2379} INFO - Sync 1 DAGs
[2025-05-09 14:52:25,075] {logging_mixin.py:115} INFO - [2025-05-09 14:52:25,075] {dag.py:2927} INFO - Setting next_dagrun for tutorial to 2025-05-08T17:52:25.075311+00:00, run_after=2025-05-09T17:52:25.075311+00:00
[2025-05-09 14:52:25,085] {processor.py:161} INFO - Processing /home/pedro/Documentos/airflow/venv/lib/python3.9/site-packages/airflow/example_dags/tutorial.py took 0.055 seconds
[2025-05-09 14:52:56,657] {processor.py:153} INFO - Started process (PID=72639) to work on /home/pedro/Documentos/airflow/venv/lib/python3.9/site-packages/airflow/example_dags/tutorial.py
[2025-05-09 14:52:56,669] {processor.py:641} INFO - Processing file /home/pedro/Documentos/airflow/venv/lib/python3.9/site-packages/airflow/example_dags/tutorial.py for tasks to queue
[2025-05-09 14:52:56,670] {logging_mixin.py:115} INFO - [2025-05-09 14:52:56,670] {dagbag.py:507} INFO - Filling up the DagBag from /home/pedro/Documentos/airflow/venv/lib/python3.9/site-packages/airflow/example_dags/tutorial.py
[2025-05-09 14:52:56,674] {processor.py:651} INFO - DAG(s) dict_keys(['tutorial']) retrieved from /home/pedro/Documentos/airflow/venv/lib/python3.9/site-packages/airflow/example_dags/tutorial.py
[2025-05-09 14:52:56,687] {logging_mixin.py:115} INFO - [2025-05-09 14:52:56,687] {dag.py:2379} INFO - Sync 1 DAGs
[2025-05-09 14:52:56,699] {logging_mixin.py:115} INFO - [2025-05-09 14:52:56,698] {dag.py:2927} INFO - Setting next_dagrun for tutorial to 2025-05-08T17:52:56.698719+00:00, run_after=2025-05-09T17:52:56.698719+00:00
[2025-05-09 14:52:56,709] {processor.py:161} INFO - Processing /home/pedro/Documentos/airflow/venv/lib/python3.9/site-packages/airflow/example_dags/tutorial.py took 0.054 seconds
[2025-05-09 14:53:31,591] {processor.py:153} INFO - Started process (PID=73420) to work on /home/pedro/Documentos/airflow/venv/lib/python3.9/site-packages/airflow/example_dags/tutorial.py
[2025-05-09 14:53:31,603] {processor.py:641} INFO - Processing file /home/pedro/Documentos/airflow/venv/lib/python3.9/site-packages/airflow/example_dags/tutorial.py for tasks to queue
[2025-05-09 14:53:31,604] {logging_mixin.py:115} INFO - [2025-05-09 14:53:31,604] {dagbag.py:507} INFO - Filling up the DagBag from /home/pedro/Documentos/airflow/venv/lib/python3.9/site-packages/airflow/example_dags/tutorial.py
[2025-05-09 14:53:31,608] {processor.py:651} INFO - DAG(s) dict_keys(['tutorial']) retrieved from /home/pedro/Documentos/airflow/venv/lib/python3.9/site-packages/airflow/example_dags/tutorial.py
[2025-05-09 14:53:31,622] {logging_mixin.py:115} INFO - [2025-05-09 14:53:31,622] {dag.py:2379} INFO - Sync 1 DAGs
[2025-05-09 14:53:31,636] {logging_mixin.py:115} INFO - [2025-05-09 14:53:31,636] {dag.py:2927} INFO - Setting next_dagrun for tutorial to 2025-05-08T17:53:31.636112+00:00, run_after=2025-05-09T17:53:31.636112+00:00
[2025-05-09 14:53:31,647] {processor.py:161} INFO - Processing /home/pedro/Documentos/airflow/venv/lib/python3.9/site-packages/airflow/example_dags/tutorial.py took 0.058 seconds
[2025-05-09 14:54:03,324] {processor.py:153} INFO - Started process (PID=74119) to work on /home/pedro/Documentos/airflow/venv/lib/python3.9/site-packages/airflow/example_dags/tutorial.py
[2025-05-09 14:54:03,337] {processor.py:641} INFO - Processing file /home/pedro/Documentos/airflow/venv/lib/python3.9/site-packages/airflow/example_dags/tutorial.py for tasks to queue
[2025-05-09 14:54:03,337] {logging_mixin.py:115} INFO - [2025-05-09 14:54:03,337] {dagbag.py:507} INFO - Filling up the DagBag from /home/pedro/Documentos/airflow/venv/lib/python3.9/site-packages/airflow/example_dags/tutorial.py
[2025-05-09 14:54:03,341] {processor.py:651} INFO - DAG(s) dict_keys(['tutorial']) retrieved from /home/pedro/Documentos/airflow/venv/lib/python3.9/site-packages/airflow/example_dags/tutorial.py
[2025-05-09 14:54:03,354] {logging_mixin.py:115} INFO - [2025-05-09 14:54:03,354] {dag.py:2379} INFO - Sync 1 DAGs
[2025-05-09 14:54:03,366] {logging_mixin.py:115} INFO - [2025-05-09 14:54:03,366] {dag.py:2927} INFO - Setting next_dagrun for tutorial to 2025-05-08T17:54:03.366637+00:00, run_after=2025-05-09T17:54:03.366637+00:00
[2025-05-09 14:54:03,417] {processor.py:161} INFO - Processing /home/pedro/Documentos/airflow/venv/lib/python3.9/site-packages/airflow/example_dags/tutorial.py took 0.095 seconds
[2025-05-09 14:54:35,391] {processor.py:153} INFO - Started process (PID=74400) to work on /home/pedro/Documentos/airflow/venv/lib/python3.9/site-packages/airflow/example_dags/tutorial.py
[2025-05-09 14:54:35,403] {processor.py:641} INFO - Processing file /home/pedro/Documentos/airflow/venv/lib/python3.9/site-packages/airflow/example_dags/tutorial.py for tasks to queue
[2025-05-09 14:54:35,403] {logging_mixin.py:115} INFO - [2025-05-09 14:54:35,403] {dagbag.py:507} INFO - Filling up the DagBag from /home/pedro/Documentos/airflow/venv/lib/python3.9/site-packages/airflow/example_dags/tutorial.py
[2025-05-09 14:54:35,407] {processor.py:651} INFO - DAG(s) dict_keys(['tutorial']) retrieved from /home/pedro/Documentos/airflow/venv/lib/python3.9/site-packages/airflow/example_dags/tutorial.py
[2025-05-09 14:54:35,420] {logging_mixin.py:115} INFO - [2025-05-09 14:54:35,420] {dag.py:2379} INFO - Sync 1 DAGs
[2025-05-09 14:54:35,431] {logging_mixin.py:115} INFO - [2025-05-09 14:54:35,431] {dag.py:2927} INFO - Setting next_dagrun for tutorial to 2025-05-08T17:54:35.431684+00:00, run_after=2025-05-09T17:54:35.431684+00:00
[2025-05-09 14:54:35,441] {processor.py:161} INFO - Processing /home/pedro/Documentos/airflow/venv/lib/python3.9/site-packages/airflow/example_dags/tutorial.py took 0.053 seconds
[2025-05-09 14:55:06,246] {processor.py:153} INFO - Started process (PID=74579) to work on /home/pedro/Documentos/airflow/venv/lib/python3.9/site-packages/airflow/example_dags/tutorial.py
[2025-05-09 14:55:06,258] {processor.py:641} INFO - Processing file /home/pedro/Documentos/airflow/venv/lib/python3.9/site-packages/airflow/example_dags/tutorial.py for tasks to queue
[2025-05-09 14:55:06,258] {logging_mixin.py:115} INFO - [2025-05-09 14:55:06,258] {dagbag.py:507} INFO - Filling up the DagBag from /home/pedro/Documentos/airflow/venv/lib/python3.9/site-packages/airflow/example_dags/tutorial.py
[2025-05-09 14:55:06,263] {processor.py:651} INFO - DAG(s) dict_keys(['tutorial']) retrieved from /home/pedro/Documentos/airflow/venv/lib/python3.9/site-packages/airflow/example_dags/tutorial.py
[2025-05-09 14:55:06,275] {logging_mixin.py:115} INFO - [2025-05-09 14:55:06,275] {dag.py:2379} INFO - Sync 1 DAGs
[2025-05-09 14:55:06,287] {logging_mixin.py:115} INFO - [2025-05-09 14:55:06,287] {dag.py:2927} INFO - Setting next_dagrun for tutorial to 2025-05-08T17:55:06.287476+00:00, run_after=2025-05-09T17:55:06.287476+00:00
[2025-05-09 14:55:06,298] {processor.py:161} INFO - Processing /home/pedro/Documentos/airflow/venv/lib/python3.9/site-packages/airflow/example_dags/tutorial.py took 0.055 seconds
