[2025-05-09 14:33:51,862] {processor.py:153} INFO - Started process (PID=61666) to work on /home/pedro/Documentos/airflow/venv/lib/python3.9/site-packages/airflow/example_dags/tutorial_etl_dag.py
[2025-05-09 14:33:51,862] {processor.py:641} INFO - Processing file /home/pedro/Documentos/airflow/venv/lib/python3.9/site-packages/airflow/example_dags/tutorial_etl_dag.py for tasks to queue
[2025-05-09 14:33:51,863] {logging_mixin.py:115} INFO - [2025-05-09 14:33:51,863] {dagbag.py:507} INFO - Filling up the DagBag from /home/pedro/Documentos/airflow/venv/lib/python3.9/site-packages/airflow/example_dags/tutorial_etl_dag.py
[2025-05-09 14:33:51,868] {processor.py:651} INFO - DAG(s) dict_keys(['tutorial_etl_dag']) retrieved from /home/pedro/Documentos/airflow/venv/lib/python3.9/site-packages/airflow/example_dags/tutorial_etl_dag.py
[2025-05-09 14:33:51,913] {logging_mixin.py:115} INFO - [2025-05-09 14:33:51,913] {manager.py:508} INFO - Created Permission View: can delete on DAG:tutorial_etl_dag
[2025-05-09 14:33:51,921] {logging_mixin.py:115} INFO - [2025-05-09 14:33:51,920] {manager.py:508} INFO - Created Permission View: can read on DAG:tutorial_etl_dag
[2025-05-09 14:33:51,927] {logging_mixin.py:115} INFO - [2025-05-09 14:33:51,927] {manager.py:508} INFO - Created Permission View: can edit on DAG:tutorial_etl_dag
[2025-05-09 14:33:51,927] {logging_mixin.py:115} INFO - [2025-05-09 14:33:51,927] {dag.py:2379} INFO - Sync 1 DAGs
[2025-05-09 14:33:51,932] {logging_mixin.py:115} INFO - [2025-05-09 14:33:51,932] {dag.py:2398} INFO - Creating ORM DAG for tutorial_etl_dag
[2025-05-09 14:33:51,938] {logging_mixin.py:115} INFO - [2025-05-09 14:33:51,938] {dag.py:2927} INFO - Setting next_dagrun for tutorial_etl_dag to None, run_after=None
[2025-05-09 14:33:51,950] {processor.py:161} INFO - Processing /home/pedro/Documentos/airflow/venv/lib/python3.9/site-packages/airflow/example_dags/tutorial_etl_dag.py took 0.090 seconds
[2025-05-09 14:34:26,919] {processor.py:153} INFO - Started process (PID=62109) to work on /home/pedro/Documentos/airflow/venv/lib/python3.9/site-packages/airflow/example_dags/tutorial_etl_dag.py
[2025-05-09 14:34:26,931] {processor.py:641} INFO - Processing file /home/pedro/Documentos/airflow/venv/lib/python3.9/site-packages/airflow/example_dags/tutorial_etl_dag.py for tasks to queue
[2025-05-09 14:34:26,932] {logging_mixin.py:115} INFO - [2025-05-09 14:34:26,932] {dagbag.py:507} INFO - Filling up the DagBag from /home/pedro/Documentos/airflow/venv/lib/python3.9/site-packages/airflow/example_dags/tutorial_etl_dag.py
[2025-05-09 14:34:26,937] {processor.py:651} INFO - DAG(s) dict_keys(['tutorial_etl_dag']) retrieved from /home/pedro/Documentos/airflow/venv/lib/python3.9/site-packages/airflow/example_dags/tutorial_etl_dag.py
[2025-05-09 14:34:26,957] {logging_mixin.py:115} INFO - [2025-05-09 14:34:26,957] {dag.py:2379} INFO - Sync 1 DAGs
[2025-05-09 14:34:26,976] {logging_mixin.py:115} INFO - [2025-05-09 14:34:26,976] {dag.py:2927} INFO - Setting next_dagrun for tutorial_etl_dag to None, run_after=None
[2025-05-09 14:34:26,989] {processor.py:161} INFO - Processing /home/pedro/Documentos/airflow/venv/lib/python3.9/site-packages/airflow/example_dags/tutorial_etl_dag.py took 0.072 seconds
[2025-05-09 14:35:01,791] {processor.py:153} INFO - Started process (PID=62539) to work on /home/pedro/Documentos/airflow/venv/lib/python3.9/site-packages/airflow/example_dags/tutorial_etl_dag.py
[2025-05-09 14:35:01,803] {processor.py:641} INFO - Processing file /home/pedro/Documentos/airflow/venv/lib/python3.9/site-packages/airflow/example_dags/tutorial_etl_dag.py for tasks to queue
[2025-05-09 14:35:01,804] {logging_mixin.py:115} INFO - [2025-05-09 14:35:01,803] {dagbag.py:507} INFO - Filling up the DagBag from /home/pedro/Documentos/airflow/venv/lib/python3.9/site-packages/airflow/example_dags/tutorial_etl_dag.py
[2025-05-09 14:35:01,809] {processor.py:651} INFO - DAG(s) dict_keys(['tutorial_etl_dag']) retrieved from /home/pedro/Documentos/airflow/venv/lib/python3.9/site-packages/airflow/example_dags/tutorial_etl_dag.py
[2025-05-09 14:35:01,820] {logging_mixin.py:115} INFO - [2025-05-09 14:35:01,820] {dag.py:2379} INFO - Sync 1 DAGs
[2025-05-09 14:35:01,835] {logging_mixin.py:115} INFO - [2025-05-09 14:35:01,835] {dag.py:2927} INFO - Setting next_dagrun for tutorial_etl_dag to None, run_after=None
[2025-05-09 14:35:01,865] {processor.py:161} INFO - Processing /home/pedro/Documentos/airflow/venv/lib/python3.9/site-packages/airflow/example_dags/tutorial_etl_dag.py took 0.077 seconds
[2025-05-09 14:35:33,818] {processor.py:153} INFO - Started process (PID=62876) to work on /home/pedro/Documentos/airflow/venv/lib/python3.9/site-packages/airflow/example_dags/tutorial_etl_dag.py
[2025-05-09 14:35:33,830] {processor.py:641} INFO - Processing file /home/pedro/Documentos/airflow/venv/lib/python3.9/site-packages/airflow/example_dags/tutorial_etl_dag.py for tasks to queue
[2025-05-09 14:35:33,830] {logging_mixin.py:115} INFO - [2025-05-09 14:35:33,830] {dagbag.py:507} INFO - Filling up the DagBag from /home/pedro/Documentos/airflow/venv/lib/python3.9/site-packages/airflow/example_dags/tutorial_etl_dag.py
[2025-05-09 14:35:33,835] {processor.py:651} INFO - DAG(s) dict_keys(['tutorial_etl_dag']) retrieved from /home/pedro/Documentos/airflow/venv/lib/python3.9/site-packages/airflow/example_dags/tutorial_etl_dag.py
[2025-05-09 14:35:33,847] {logging_mixin.py:115} INFO - [2025-05-09 14:35:33,847] {dag.py:2379} INFO - Sync 1 DAGs
[2025-05-09 14:35:33,861] {logging_mixin.py:115} INFO - [2025-05-09 14:35:33,861] {dag.py:2927} INFO - Setting next_dagrun for tutorial_etl_dag to None, run_after=None
[2025-05-09 14:35:33,872] {processor.py:161} INFO - Processing /home/pedro/Documentos/airflow/venv/lib/python3.9/site-packages/airflow/example_dags/tutorial_etl_dag.py took 0.056 seconds
[2025-05-09 14:36:07,424] {processor.py:153} INFO - Started process (PID=63264) to work on /home/pedro/Documentos/airflow/venv/lib/python3.9/site-packages/airflow/example_dags/tutorial_etl_dag.py
[2025-05-09 14:36:07,436] {processor.py:641} INFO - Processing file /home/pedro/Documentos/airflow/venv/lib/python3.9/site-packages/airflow/example_dags/tutorial_etl_dag.py for tasks to queue
[2025-05-09 14:36:07,437] {logging_mixin.py:115} INFO - [2025-05-09 14:36:07,437] {dagbag.py:507} INFO - Filling up the DagBag from /home/pedro/Documentos/airflow/venv/lib/python3.9/site-packages/airflow/example_dags/tutorial_etl_dag.py
[2025-05-09 14:36:07,442] {processor.py:651} INFO - DAG(s) dict_keys(['tutorial_etl_dag']) retrieved from /home/pedro/Documentos/airflow/venv/lib/python3.9/site-packages/airflow/example_dags/tutorial_etl_dag.py
[2025-05-09 14:36:07,454] {logging_mixin.py:115} INFO - [2025-05-09 14:36:07,453] {dag.py:2379} INFO - Sync 1 DAGs
[2025-05-09 14:36:07,467] {logging_mixin.py:115} INFO - [2025-05-09 14:36:07,466] {dag.py:2927} INFO - Setting next_dagrun for tutorial_etl_dag to None, run_after=None
[2025-05-09 14:36:07,476] {processor.py:161} INFO - Processing /home/pedro/Documentos/airflow/venv/lib/python3.9/site-packages/airflow/example_dags/tutorial_etl_dag.py took 0.055 seconds
[2025-05-09 14:36:39,342] {processor.py:153} INFO - Started process (PID=63461) to work on /home/pedro/Documentos/airflow/venv/lib/python3.9/site-packages/airflow/example_dags/tutorial_etl_dag.py
[2025-05-09 14:36:39,355] {processor.py:641} INFO - Processing file /home/pedro/Documentos/airflow/venv/lib/python3.9/site-packages/airflow/example_dags/tutorial_etl_dag.py for tasks to queue
[2025-05-09 14:36:39,355] {logging_mixin.py:115} INFO - [2025-05-09 14:36:39,355] {dagbag.py:507} INFO - Filling up the DagBag from /home/pedro/Documentos/airflow/venv/lib/python3.9/site-packages/airflow/example_dags/tutorial_etl_dag.py
[2025-05-09 14:36:39,361] {processor.py:651} INFO - DAG(s) dict_keys(['tutorial_etl_dag']) retrieved from /home/pedro/Documentos/airflow/venv/lib/python3.9/site-packages/airflow/example_dags/tutorial_etl_dag.py
[2025-05-09 14:36:39,373] {logging_mixin.py:115} INFO - [2025-05-09 14:36:39,373] {dag.py:2379} INFO - Sync 1 DAGs
[2025-05-09 14:36:39,386] {logging_mixin.py:115} INFO - [2025-05-09 14:36:39,386] {dag.py:2927} INFO - Setting next_dagrun for tutorial_etl_dag to None, run_after=None
[2025-05-09 14:36:39,396] {processor.py:161} INFO - Processing /home/pedro/Documentos/airflow/venv/lib/python3.9/site-packages/airflow/example_dags/tutorial_etl_dag.py took 0.055 seconds
[2025-05-09 14:37:14,687] {processor.py:153} INFO - Started process (PID=63868) to work on /home/pedro/Documentos/airflow/venv/lib/python3.9/site-packages/airflow/example_dags/tutorial_etl_dag.py
[2025-05-09 14:37:14,699] {processor.py:641} INFO - Processing file /home/pedro/Documentos/airflow/venv/lib/python3.9/site-packages/airflow/example_dags/tutorial_etl_dag.py for tasks to queue
[2025-05-09 14:37:14,700] {logging_mixin.py:115} INFO - [2025-05-09 14:37:14,700] {dagbag.py:507} INFO - Filling up the DagBag from /home/pedro/Documentos/airflow/venv/lib/python3.9/site-packages/airflow/example_dags/tutorial_etl_dag.py
[2025-05-09 14:37:14,705] {processor.py:651} INFO - DAG(s) dict_keys(['tutorial_etl_dag']) retrieved from /home/pedro/Documentos/airflow/venv/lib/python3.9/site-packages/airflow/example_dags/tutorial_etl_dag.py
[2025-05-09 14:37:14,716] {logging_mixin.py:115} INFO - [2025-05-09 14:37:14,716] {dag.py:2379} INFO - Sync 1 DAGs
[2025-05-09 14:37:14,729] {logging_mixin.py:115} INFO - [2025-05-09 14:37:14,729] {dag.py:2927} INFO - Setting next_dagrun for tutorial_etl_dag to None, run_after=None
[2025-05-09 14:37:14,740] {processor.py:161} INFO - Processing /home/pedro/Documentos/airflow/venv/lib/python3.9/site-packages/airflow/example_dags/tutorial_etl_dag.py took 0.055 seconds
[2025-05-09 14:37:46,448] {processor.py:153} INFO - Started process (PID=64317) to work on /home/pedro/Documentos/airflow/venv/lib/python3.9/site-packages/airflow/example_dags/tutorial_etl_dag.py
[2025-05-09 14:37:46,460] {processor.py:641} INFO - Processing file /home/pedro/Documentos/airflow/venv/lib/python3.9/site-packages/airflow/example_dags/tutorial_etl_dag.py for tasks to queue
[2025-05-09 14:37:46,461] {logging_mixin.py:115} INFO - [2025-05-09 14:37:46,461] {dagbag.py:507} INFO - Filling up the DagBag from /home/pedro/Documentos/airflow/venv/lib/python3.9/site-packages/airflow/example_dags/tutorial_etl_dag.py
[2025-05-09 14:37:46,466] {processor.py:651} INFO - DAG(s) dict_keys(['tutorial_etl_dag']) retrieved from /home/pedro/Documentos/airflow/venv/lib/python3.9/site-packages/airflow/example_dags/tutorial_etl_dag.py
[2025-05-09 14:37:46,478] {logging_mixin.py:115} INFO - [2025-05-09 14:37:46,478] {dag.py:2379} INFO - Sync 1 DAGs
[2025-05-09 14:37:46,492] {logging_mixin.py:115} INFO - [2025-05-09 14:37:46,492] {dag.py:2927} INFO - Setting next_dagrun for tutorial_etl_dag to None, run_after=None
[2025-05-09 14:37:46,502] {processor.py:161} INFO - Processing /home/pedro/Documentos/airflow/venv/lib/python3.9/site-packages/airflow/example_dags/tutorial_etl_dag.py took 0.056 seconds
[2025-05-09 14:38:17,432] {processor.py:153} INFO - Started process (PID=64706) to work on /home/pedro/Documentos/airflow/venv/lib/python3.9/site-packages/airflow/example_dags/tutorial_etl_dag.py
[2025-05-09 14:38:17,445] {processor.py:641} INFO - Processing file /home/pedro/Documentos/airflow/venv/lib/python3.9/site-packages/airflow/example_dags/tutorial_etl_dag.py for tasks to queue
[2025-05-09 14:38:17,445] {logging_mixin.py:115} INFO - [2025-05-09 14:38:17,445] {dagbag.py:507} INFO - Filling up the DagBag from /home/pedro/Documentos/airflow/venv/lib/python3.9/site-packages/airflow/example_dags/tutorial_etl_dag.py
[2025-05-09 14:38:17,450] {processor.py:651} INFO - DAG(s) dict_keys(['tutorial_etl_dag']) retrieved from /home/pedro/Documentos/airflow/venv/lib/python3.9/site-packages/airflow/example_dags/tutorial_etl_dag.py
[2025-05-09 14:38:17,461] {logging_mixin.py:115} INFO - [2025-05-09 14:38:17,461] {dag.py:2379} INFO - Sync 1 DAGs
[2025-05-09 14:38:17,475] {logging_mixin.py:115} INFO - [2025-05-09 14:38:17,474] {dag.py:2927} INFO - Setting next_dagrun for tutorial_etl_dag to None, run_after=None
[2025-05-09 14:38:17,485] {processor.py:161} INFO - Processing /home/pedro/Documentos/airflow/venv/lib/python3.9/site-packages/airflow/example_dags/tutorial_etl_dag.py took 0.055 seconds
[2025-05-09 14:38:53,638] {processor.py:153} INFO - Started process (PID=65108) to work on /home/pedro/Documentos/airflow/venv/lib/python3.9/site-packages/airflow/example_dags/tutorial_etl_dag.py
[2025-05-09 14:38:53,650] {processor.py:641} INFO - Processing file /home/pedro/Documentos/airflow/venv/lib/python3.9/site-packages/airflow/example_dags/tutorial_etl_dag.py for tasks to queue
[2025-05-09 14:38:53,650] {logging_mixin.py:115} INFO - [2025-05-09 14:38:53,650] {dagbag.py:507} INFO - Filling up the DagBag from /home/pedro/Documentos/airflow/venv/lib/python3.9/site-packages/airflow/example_dags/tutorial_etl_dag.py
[2025-05-09 14:38:53,656] {processor.py:651} INFO - DAG(s) dict_keys(['tutorial_etl_dag']) retrieved from /home/pedro/Documentos/airflow/venv/lib/python3.9/site-packages/airflow/example_dags/tutorial_etl_dag.py
[2025-05-09 14:38:53,666] {logging_mixin.py:115} INFO - [2025-05-09 14:38:53,666] {dag.py:2379} INFO - Sync 1 DAGs
[2025-05-09 14:38:53,679] {logging_mixin.py:115} INFO - [2025-05-09 14:38:53,679] {dag.py:2927} INFO - Setting next_dagrun for tutorial_etl_dag to None, run_after=None
[2025-05-09 14:38:53,688] {processor.py:161} INFO - Processing /home/pedro/Documentos/airflow/venv/lib/python3.9/site-packages/airflow/example_dags/tutorial_etl_dag.py took 0.053 seconds
[2025-05-09 14:39:29,666] {processor.py:153} INFO - Started process (PID=65503) to work on /home/pedro/Documentos/airflow/venv/lib/python3.9/site-packages/airflow/example_dags/tutorial_etl_dag.py
[2025-05-09 14:39:29,679] {processor.py:641} INFO - Processing file /home/pedro/Documentos/airflow/venv/lib/python3.9/site-packages/airflow/example_dags/tutorial_etl_dag.py for tasks to queue
[2025-05-09 14:39:29,679] {logging_mixin.py:115} INFO - [2025-05-09 14:39:29,679] {dagbag.py:507} INFO - Filling up the DagBag from /home/pedro/Documentos/airflow/venv/lib/python3.9/site-packages/airflow/example_dags/tutorial_etl_dag.py
[2025-05-09 14:39:29,685] {processor.py:651} INFO - DAG(s) dict_keys(['tutorial_etl_dag']) retrieved from /home/pedro/Documentos/airflow/venv/lib/python3.9/site-packages/airflow/example_dags/tutorial_etl_dag.py
[2025-05-09 14:39:29,696] {logging_mixin.py:115} INFO - [2025-05-09 14:39:29,696] {dag.py:2379} INFO - Sync 1 DAGs
[2025-05-09 14:39:29,709] {logging_mixin.py:115} INFO - [2025-05-09 14:39:29,709] {dag.py:2927} INFO - Setting next_dagrun for tutorial_etl_dag to None, run_after=None
[2025-05-09 14:39:29,718] {processor.py:161} INFO - Processing /home/pedro/Documentos/airflow/venv/lib/python3.9/site-packages/airflow/example_dags/tutorial_etl_dag.py took 0.054 seconds
[2025-05-09 14:40:00,505] {processor.py:153} INFO - Started process (PID=65693) to work on /home/pedro/Documentos/airflow/venv/lib/python3.9/site-packages/airflow/example_dags/tutorial_etl_dag.py
[2025-05-09 14:40:00,517] {processor.py:641} INFO - Processing file /home/pedro/Documentos/airflow/venv/lib/python3.9/site-packages/airflow/example_dags/tutorial_etl_dag.py for tasks to queue
[2025-05-09 14:40:00,518] {logging_mixin.py:115} INFO - [2025-05-09 14:40:00,518] {dagbag.py:507} INFO - Filling up the DagBag from /home/pedro/Documentos/airflow/venv/lib/python3.9/site-packages/airflow/example_dags/tutorial_etl_dag.py
[2025-05-09 14:40:00,523] {processor.py:651} INFO - DAG(s) dict_keys(['tutorial_etl_dag']) retrieved from /home/pedro/Documentos/airflow/venv/lib/python3.9/site-packages/airflow/example_dags/tutorial_etl_dag.py
[2025-05-09 14:40:00,534] {logging_mixin.py:115} INFO - [2025-05-09 14:40:00,534] {dag.py:2379} INFO - Sync 1 DAGs
[2025-05-09 14:40:00,547] {logging_mixin.py:115} INFO - [2025-05-09 14:40:00,547] {dag.py:2927} INFO - Setting next_dagrun for tutorial_etl_dag to None, run_after=None
[2025-05-09 14:40:00,557] {processor.py:161} INFO - Processing /home/pedro/Documentos/airflow/venv/lib/python3.9/site-packages/airflow/example_dags/tutorial_etl_dag.py took 0.055 seconds
[2025-05-09 14:40:34,077] {processor.py:153} INFO - Started process (PID=65934) to work on /home/pedro/Documentos/airflow/venv/lib/python3.9/site-packages/airflow/example_dags/tutorial_etl_dag.py
[2025-05-09 14:40:34,089] {processor.py:641} INFO - Processing file /home/pedro/Documentos/airflow/venv/lib/python3.9/site-packages/airflow/example_dags/tutorial_etl_dag.py for tasks to queue
[2025-05-09 14:40:34,090] {logging_mixin.py:115} INFO - [2025-05-09 14:40:34,090] {dagbag.py:507} INFO - Filling up the DagBag from /home/pedro/Documentos/airflow/venv/lib/python3.9/site-packages/airflow/example_dags/tutorial_etl_dag.py
[2025-05-09 14:40:34,095] {processor.py:651} INFO - DAG(s) dict_keys(['tutorial_etl_dag']) retrieved from /home/pedro/Documentos/airflow/venv/lib/python3.9/site-packages/airflow/example_dags/tutorial_etl_dag.py
[2025-05-09 14:40:34,107] {logging_mixin.py:115} INFO - [2025-05-09 14:40:34,107] {dag.py:2379} INFO - Sync 1 DAGs
[2025-05-09 14:40:34,120] {logging_mixin.py:115} INFO - [2025-05-09 14:40:34,120] {dag.py:2927} INFO - Setting next_dagrun for tutorial_etl_dag to None, run_after=None
[2025-05-09 14:40:34,129] {processor.py:161} INFO - Processing /home/pedro/Documentos/airflow/venv/lib/python3.9/site-packages/airflow/example_dags/tutorial_etl_dag.py took 0.055 seconds
[2025-05-09 14:41:07,294] {processor.py:153} INFO - Started process (PID=66450) to work on /home/pedro/Documentos/airflow/venv/lib/python3.9/site-packages/airflow/example_dags/tutorial_etl_dag.py
[2025-05-09 14:41:07,306] {processor.py:641} INFO - Processing file /home/pedro/Documentos/airflow/venv/lib/python3.9/site-packages/airflow/example_dags/tutorial_etl_dag.py for tasks to queue
[2025-05-09 14:41:07,307] {logging_mixin.py:115} INFO - [2025-05-09 14:41:07,307] {dagbag.py:507} INFO - Filling up the DagBag from /home/pedro/Documentos/airflow/venv/lib/python3.9/site-packages/airflow/example_dags/tutorial_etl_dag.py
[2025-05-09 14:41:07,312] {processor.py:651} INFO - DAG(s) dict_keys(['tutorial_etl_dag']) retrieved from /home/pedro/Documentos/airflow/venv/lib/python3.9/site-packages/airflow/example_dags/tutorial_etl_dag.py
[2025-05-09 14:41:07,323] {logging_mixin.py:115} INFO - [2025-05-09 14:41:07,323] {dag.py:2379} INFO - Sync 1 DAGs
[2025-05-09 14:41:07,336] {logging_mixin.py:115} INFO - [2025-05-09 14:41:07,336] {dag.py:2927} INFO - Setting next_dagrun for tutorial_etl_dag to None, run_after=None
[2025-05-09 14:41:07,346] {processor.py:161} INFO - Processing /home/pedro/Documentos/airflow/venv/lib/python3.9/site-packages/airflow/example_dags/tutorial_etl_dag.py took 0.054 seconds
[2025-05-09 14:41:41,292] {processor.py:153} INFO - Started process (PID=66881) to work on /home/pedro/Documentos/airflow/venv/lib/python3.9/site-packages/airflow/example_dags/tutorial_etl_dag.py
[2025-05-09 14:41:41,304] {processor.py:641} INFO - Processing file /home/pedro/Documentos/airflow/venv/lib/python3.9/site-packages/airflow/example_dags/tutorial_etl_dag.py for tasks to queue
[2025-05-09 14:41:41,304] {logging_mixin.py:115} INFO - [2025-05-09 14:41:41,304] {dagbag.py:507} INFO - Filling up the DagBag from /home/pedro/Documentos/airflow/venv/lib/python3.9/site-packages/airflow/example_dags/tutorial_etl_dag.py
[2025-05-09 14:41:41,309] {processor.py:651} INFO - DAG(s) dict_keys(['tutorial_etl_dag']) retrieved from /home/pedro/Documentos/airflow/venv/lib/python3.9/site-packages/airflow/example_dags/tutorial_etl_dag.py
[2025-05-09 14:41:41,321] {logging_mixin.py:115} INFO - [2025-05-09 14:41:41,321] {dag.py:2379} INFO - Sync 1 DAGs
[2025-05-09 14:41:41,334] {logging_mixin.py:115} INFO - [2025-05-09 14:41:41,334] {dag.py:2927} INFO - Setting next_dagrun for tutorial_etl_dag to None, run_after=None
[2025-05-09 14:41:41,344] {processor.py:161} INFO - Processing /home/pedro/Documentos/airflow/venv/lib/python3.9/site-packages/airflow/example_dags/tutorial_etl_dag.py took 0.054 seconds
[2025-05-09 14:42:15,352] {processor.py:153} INFO - Started process (PID=67088) to work on /home/pedro/Documentos/airflow/venv/lib/python3.9/site-packages/airflow/example_dags/tutorial_etl_dag.py
[2025-05-09 14:42:15,364] {processor.py:641} INFO - Processing file /home/pedro/Documentos/airflow/venv/lib/python3.9/site-packages/airflow/example_dags/tutorial_etl_dag.py for tasks to queue
[2025-05-09 14:42:15,365] {logging_mixin.py:115} INFO - [2025-05-09 14:42:15,365] {dagbag.py:507} INFO - Filling up the DagBag from /home/pedro/Documentos/airflow/venv/lib/python3.9/site-packages/airflow/example_dags/tutorial_etl_dag.py
[2025-05-09 14:42:15,370] {processor.py:651} INFO - DAG(s) dict_keys(['tutorial_etl_dag']) retrieved from /home/pedro/Documentos/airflow/venv/lib/python3.9/site-packages/airflow/example_dags/tutorial_etl_dag.py
[2025-05-09 14:42:15,382] {logging_mixin.py:115} INFO - [2025-05-09 14:42:15,382] {dag.py:2379} INFO - Sync 1 DAGs
[2025-05-09 14:42:15,394] {logging_mixin.py:115} INFO - [2025-05-09 14:42:15,394] {dag.py:2927} INFO - Setting next_dagrun for tutorial_etl_dag to None, run_after=None
[2025-05-09 14:42:15,404] {processor.py:161} INFO - Processing /home/pedro/Documentos/airflow/venv/lib/python3.9/site-packages/airflow/example_dags/tutorial_etl_dag.py took 0.055 seconds
[2025-05-09 14:42:49,027] {processor.py:153} INFO - Started process (PID=67279) to work on /home/pedro/Documentos/airflow/venv/lib/python3.9/site-packages/airflow/example_dags/tutorial_etl_dag.py
[2025-05-09 14:42:49,039] {processor.py:641} INFO - Processing file /home/pedro/Documentos/airflow/venv/lib/python3.9/site-packages/airflow/example_dags/tutorial_etl_dag.py for tasks to queue
[2025-05-09 14:42:49,039] {logging_mixin.py:115} INFO - [2025-05-09 14:42:49,039] {dagbag.py:507} INFO - Filling up the DagBag from /home/pedro/Documentos/airflow/venv/lib/python3.9/site-packages/airflow/example_dags/tutorial_etl_dag.py
[2025-05-09 14:42:49,045] {processor.py:651} INFO - DAG(s) dict_keys(['tutorial_etl_dag']) retrieved from /home/pedro/Documentos/airflow/venv/lib/python3.9/site-packages/airflow/example_dags/tutorial_etl_dag.py
[2025-05-09 14:42:49,055] {logging_mixin.py:115} INFO - [2025-05-09 14:42:49,055] {dag.py:2379} INFO - Sync 1 DAGs
[2025-05-09 14:42:49,068] {logging_mixin.py:115} INFO - [2025-05-09 14:42:49,068] {dag.py:2927} INFO - Setting next_dagrun for tutorial_etl_dag to None, run_after=None
[2025-05-09 14:42:49,077] {processor.py:161} INFO - Processing /home/pedro/Documentos/airflow/venv/lib/python3.9/site-packages/airflow/example_dags/tutorial_etl_dag.py took 0.052 seconds
[2025-05-09 14:43:20,310] {processor.py:153} INFO - Started process (PID=67495) to work on /home/pedro/Documentos/airflow/venv/lib/python3.9/site-packages/airflow/example_dags/tutorial_etl_dag.py
[2025-05-09 14:43:20,311] {processor.py:641} INFO - Processing file /home/pedro/Documentos/airflow/venv/lib/python3.9/site-packages/airflow/example_dags/tutorial_etl_dag.py for tasks to queue
[2025-05-09 14:43:20,311] {logging_mixin.py:115} INFO - [2025-05-09 14:43:20,311] {dagbag.py:507} INFO - Filling up the DagBag from /home/pedro/Documentos/airflow/venv/lib/python3.9/site-packages/airflow/example_dags/tutorial_etl_dag.py
[2025-05-09 14:43:20,316] {processor.py:651} INFO - DAG(s) dict_keys(['tutorial_etl_dag']) retrieved from /home/pedro/Documentos/airflow/venv/lib/python3.9/site-packages/airflow/example_dags/tutorial_etl_dag.py
[2025-05-09 14:43:20,327] {logging_mixin.py:115} INFO - [2025-05-09 14:43:20,327] {dag.py:2379} INFO - Sync 1 DAGs
[2025-05-09 14:43:20,340] {logging_mixin.py:115} INFO - [2025-05-09 14:43:20,340] {dag.py:2927} INFO - Setting next_dagrun for tutorial_etl_dag to None, run_after=None
[2025-05-09 14:43:20,350] {processor.py:161} INFO - Processing /home/pedro/Documentos/airflow/venv/lib/python3.9/site-packages/airflow/example_dags/tutorial_etl_dag.py took 0.042 seconds
[2025-05-09 14:43:56,383] {processor.py:153} INFO - Started process (PID=68163) to work on /home/pedro/Documentos/airflow/venv/lib/python3.9/site-packages/airflow/example_dags/tutorial_etl_dag.py
[2025-05-09 14:43:56,395] {processor.py:641} INFO - Processing file /home/pedro/Documentos/airflow/venv/lib/python3.9/site-packages/airflow/example_dags/tutorial_etl_dag.py for tasks to queue
[2025-05-09 14:43:56,396] {logging_mixin.py:115} INFO - [2025-05-09 14:43:56,396] {dagbag.py:507} INFO - Filling up the DagBag from /home/pedro/Documentos/airflow/venv/lib/python3.9/site-packages/airflow/example_dags/tutorial_etl_dag.py
[2025-05-09 14:43:56,401] {processor.py:651} INFO - DAG(s) dict_keys(['tutorial_etl_dag']) retrieved from /home/pedro/Documentos/airflow/venv/lib/python3.9/site-packages/airflow/example_dags/tutorial_etl_dag.py
[2025-05-09 14:43:56,414] {logging_mixin.py:115} INFO - [2025-05-09 14:43:56,414] {dag.py:2379} INFO - Sync 1 DAGs
[2025-05-09 14:43:56,425] {logging_mixin.py:115} INFO - [2025-05-09 14:43:56,425] {dag.py:2927} INFO - Setting next_dagrun for tutorial_etl_dag to None, run_after=None
[2025-05-09 14:43:56,435] {processor.py:161} INFO - Processing /home/pedro/Documentos/airflow/venv/lib/python3.9/site-packages/airflow/example_dags/tutorial_etl_dag.py took 0.054 seconds
[2025-05-09 14:44:27,828] {processor.py:153} INFO - Started process (PID=68365) to work on /home/pedro/Documentos/airflow/venv/lib/python3.9/site-packages/airflow/example_dags/tutorial_etl_dag.py
[2025-05-09 14:44:27,841] {processor.py:641} INFO - Processing file /home/pedro/Documentos/airflow/venv/lib/python3.9/site-packages/airflow/example_dags/tutorial_etl_dag.py for tasks to queue
[2025-05-09 14:44:27,841] {logging_mixin.py:115} INFO - [2025-05-09 14:44:27,841] {dagbag.py:507} INFO - Filling up the DagBag from /home/pedro/Documentos/airflow/venv/lib/python3.9/site-packages/airflow/example_dags/tutorial_etl_dag.py
[2025-05-09 14:44:27,846] {processor.py:651} INFO - DAG(s) dict_keys(['tutorial_etl_dag']) retrieved from /home/pedro/Documentos/airflow/venv/lib/python3.9/site-packages/airflow/example_dags/tutorial_etl_dag.py
[2025-05-09 14:44:27,860] {logging_mixin.py:115} INFO - [2025-05-09 14:44:27,859] {dag.py:2379} INFO - Sync 1 DAGs
[2025-05-09 14:44:27,870] {logging_mixin.py:115} INFO - [2025-05-09 14:44:27,870] {dag.py:2927} INFO - Setting next_dagrun for tutorial_etl_dag to None, run_after=None
[2025-05-09 14:44:27,880] {processor.py:161} INFO - Processing /home/pedro/Documentos/airflow/venv/lib/python3.9/site-packages/airflow/example_dags/tutorial_etl_dag.py took 0.054 seconds
[2025-05-09 14:45:00,983] {processor.py:153} INFO - Started process (PID=68588) to work on /home/pedro/Documentos/airflow/venv/lib/python3.9/site-packages/airflow/example_dags/tutorial_etl_dag.py
[2025-05-09 14:45:00,995] {processor.py:641} INFO - Processing file /home/pedro/Documentos/airflow/venv/lib/python3.9/site-packages/airflow/example_dags/tutorial_etl_dag.py for tasks to queue
[2025-05-09 14:45:00,996] {logging_mixin.py:115} INFO - [2025-05-09 14:45:00,996] {dagbag.py:507} INFO - Filling up the DagBag from /home/pedro/Documentos/airflow/venv/lib/python3.9/site-packages/airflow/example_dags/tutorial_etl_dag.py
[2025-05-09 14:45:01,001] {processor.py:651} INFO - DAG(s) dict_keys(['tutorial_etl_dag']) retrieved from /home/pedro/Documentos/airflow/venv/lib/python3.9/site-packages/airflow/example_dags/tutorial_etl_dag.py
[2025-05-09 14:45:01,014] {logging_mixin.py:115} INFO - [2025-05-09 14:45:01,014] {dag.py:2379} INFO - Sync 1 DAGs
[2025-05-09 14:45:01,025] {logging_mixin.py:115} INFO - [2025-05-09 14:45:01,025] {dag.py:2927} INFO - Setting next_dagrun for tutorial_etl_dag to None, run_after=None
[2025-05-09 14:45:01,034] {processor.py:161} INFO - Processing /home/pedro/Documentos/airflow/venv/lib/python3.9/site-packages/airflow/example_dags/tutorial_etl_dag.py took 0.053 seconds
[2025-05-09 14:45:34,287] {processor.py:153} INFO - Started process (PID=68784) to work on /home/pedro/Documentos/airflow/venv/lib/python3.9/site-packages/airflow/example_dags/tutorial_etl_dag.py
[2025-05-09 14:45:34,299] {processor.py:641} INFO - Processing file /home/pedro/Documentos/airflow/venv/lib/python3.9/site-packages/airflow/example_dags/tutorial_etl_dag.py for tasks to queue
[2025-05-09 14:45:34,299] {logging_mixin.py:115} INFO - [2025-05-09 14:45:34,299] {dagbag.py:507} INFO - Filling up the DagBag from /home/pedro/Documentos/airflow/venv/lib/python3.9/site-packages/airflow/example_dags/tutorial_etl_dag.py
[2025-05-09 14:45:34,304] {processor.py:651} INFO - DAG(s) dict_keys(['tutorial_etl_dag']) retrieved from /home/pedro/Documentos/airflow/venv/lib/python3.9/site-packages/airflow/example_dags/tutorial_etl_dag.py
[2025-05-09 14:45:34,318] {logging_mixin.py:115} INFO - [2025-05-09 14:45:34,318] {dag.py:2379} INFO - Sync 1 DAGs
[2025-05-09 14:45:34,329] {logging_mixin.py:115} INFO - [2025-05-09 14:45:34,329] {dag.py:2927} INFO - Setting next_dagrun for tutorial_etl_dag to None, run_after=None
[2025-05-09 14:45:34,339] {processor.py:161} INFO - Processing /home/pedro/Documentos/airflow/venv/lib/python3.9/site-packages/airflow/example_dags/tutorial_etl_dag.py took 0.054 seconds
[2025-05-09 14:46:05,606] {processor.py:153} INFO - Started process (PID=68969) to work on /home/pedro/Documentos/airflow/venv/lib/python3.9/site-packages/airflow/example_dags/tutorial_etl_dag.py
[2025-05-09 14:46:05,618] {processor.py:641} INFO - Processing file /home/pedro/Documentos/airflow/venv/lib/python3.9/site-packages/airflow/example_dags/tutorial_etl_dag.py for tasks to queue
[2025-05-09 14:46:05,619] {logging_mixin.py:115} INFO - [2025-05-09 14:46:05,619] {dagbag.py:507} INFO - Filling up the DagBag from /home/pedro/Documentos/airflow/venv/lib/python3.9/site-packages/airflow/example_dags/tutorial_etl_dag.py
[2025-05-09 14:46:05,624] {processor.py:651} INFO - DAG(s) dict_keys(['tutorial_etl_dag']) retrieved from /home/pedro/Documentos/airflow/venv/lib/python3.9/site-packages/airflow/example_dags/tutorial_etl_dag.py
[2025-05-09 14:46:05,637] {logging_mixin.py:115} INFO - [2025-05-09 14:46:05,636] {dag.py:2379} INFO - Sync 1 DAGs
[2025-05-09 14:46:05,648] {logging_mixin.py:115} INFO - [2025-05-09 14:46:05,648] {dag.py:2927} INFO - Setting next_dagrun for tutorial_etl_dag to None, run_after=None
[2025-05-09 14:46:05,657] {processor.py:161} INFO - Processing /home/pedro/Documentos/airflow/venv/lib/python3.9/site-packages/airflow/example_dags/tutorial_etl_dag.py took 0.053 seconds
[2025-05-09 14:46:37,507] {processor.py:153} INFO - Started process (PID=69168) to work on /home/pedro/Documentos/airflow/venv/lib/python3.9/site-packages/airflow/example_dags/tutorial_etl_dag.py
[2025-05-09 14:46:37,519] {processor.py:641} INFO - Processing file /home/pedro/Documentos/airflow/venv/lib/python3.9/site-packages/airflow/example_dags/tutorial_etl_dag.py for tasks to queue
[2025-05-09 14:46:37,520] {logging_mixin.py:115} INFO - [2025-05-09 14:46:37,520] {dagbag.py:507} INFO - Filling up the DagBag from /home/pedro/Documentos/airflow/venv/lib/python3.9/site-packages/airflow/example_dags/tutorial_etl_dag.py
[2025-05-09 14:46:37,524] {processor.py:651} INFO - DAG(s) dict_keys(['tutorial_etl_dag']) retrieved from /home/pedro/Documentos/airflow/venv/lib/python3.9/site-packages/airflow/example_dags/tutorial_etl_dag.py
[2025-05-09 14:46:37,537] {logging_mixin.py:115} INFO - [2025-05-09 14:46:37,537] {dag.py:2379} INFO - Sync 1 DAGs
[2025-05-09 14:46:37,548] {logging_mixin.py:115} INFO - [2025-05-09 14:46:37,548] {dag.py:2927} INFO - Setting next_dagrun for tutorial_etl_dag to None, run_after=None
[2025-05-09 14:46:37,557] {processor.py:161} INFO - Processing /home/pedro/Documentos/airflow/venv/lib/python3.9/site-packages/airflow/example_dags/tutorial_etl_dag.py took 0.052 seconds
[2025-05-09 14:47:11,741] {processor.py:153} INFO - Started process (PID=69768) to work on /home/pedro/Documentos/airflow/venv/lib/python3.9/site-packages/airflow/example_dags/tutorial_etl_dag.py
[2025-05-09 14:47:11,754] {processor.py:641} INFO - Processing file /home/pedro/Documentos/airflow/venv/lib/python3.9/site-packages/airflow/example_dags/tutorial_etl_dag.py for tasks to queue
[2025-05-09 14:47:11,754] {logging_mixin.py:115} INFO - [2025-05-09 14:47:11,754] {dagbag.py:507} INFO - Filling up the DagBag from /home/pedro/Documentos/airflow/venv/lib/python3.9/site-packages/airflow/example_dags/tutorial_etl_dag.py
[2025-05-09 14:47:11,759] {processor.py:651} INFO - DAG(s) dict_keys(['tutorial_etl_dag']) retrieved from /home/pedro/Documentos/airflow/venv/lib/python3.9/site-packages/airflow/example_dags/tutorial_etl_dag.py
[2025-05-09 14:47:11,772] {logging_mixin.py:115} INFO - [2025-05-09 14:47:11,772] {dag.py:2379} INFO - Sync 1 DAGs
[2025-05-09 14:47:11,784] {logging_mixin.py:115} INFO - [2025-05-09 14:47:11,784] {dag.py:2927} INFO - Setting next_dagrun for tutorial_etl_dag to None, run_after=None
[2025-05-09 14:47:11,794] {processor.py:161} INFO - Processing /home/pedro/Documentos/airflow/venv/lib/python3.9/site-packages/airflow/example_dags/tutorial_etl_dag.py took 0.055 seconds
[2025-05-09 14:47:43,736] {processor.py:153} INFO - Started process (PID=70024) to work on /home/pedro/Documentos/airflow/venv/lib/python3.9/site-packages/airflow/example_dags/tutorial_etl_dag.py
[2025-05-09 14:47:43,748] {processor.py:641} INFO - Processing file /home/pedro/Documentos/airflow/venv/lib/python3.9/site-packages/airflow/example_dags/tutorial_etl_dag.py for tasks to queue
[2025-05-09 14:47:43,749] {logging_mixin.py:115} INFO - [2025-05-09 14:47:43,749] {dagbag.py:507} INFO - Filling up the DagBag from /home/pedro/Documentos/airflow/venv/lib/python3.9/site-packages/airflow/example_dags/tutorial_etl_dag.py
[2025-05-09 14:47:43,753] {processor.py:651} INFO - DAG(s) dict_keys(['tutorial_etl_dag']) retrieved from /home/pedro/Documentos/airflow/venv/lib/python3.9/site-packages/airflow/example_dags/tutorial_etl_dag.py
[2025-05-09 14:47:43,766] {logging_mixin.py:115} INFO - [2025-05-09 14:47:43,766] {dag.py:2379} INFO - Sync 1 DAGs
[2025-05-09 14:47:43,777] {logging_mixin.py:115} INFO - [2025-05-09 14:47:43,777] {dag.py:2927} INFO - Setting next_dagrun for tutorial_etl_dag to None, run_after=None
[2025-05-09 14:47:43,787] {processor.py:161} INFO - Processing /home/pedro/Documentos/airflow/venv/lib/python3.9/site-packages/airflow/example_dags/tutorial_etl_dag.py took 0.053 seconds
[2025-05-09 14:48:18,666] {processor.py:153} INFO - Started process (PID=70238) to work on /home/pedro/Documentos/airflow/venv/lib/python3.9/site-packages/airflow/example_dags/tutorial_etl_dag.py
[2025-05-09 14:48:18,678] {processor.py:641} INFO - Processing file /home/pedro/Documentos/airflow/venv/lib/python3.9/site-packages/airflow/example_dags/tutorial_etl_dag.py for tasks to queue
[2025-05-09 14:48:18,678] {logging_mixin.py:115} INFO - [2025-05-09 14:48:18,678] {dagbag.py:507} INFO - Filling up the DagBag from /home/pedro/Documentos/airflow/venv/lib/python3.9/site-packages/airflow/example_dags/tutorial_etl_dag.py
[2025-05-09 14:48:18,684] {processor.py:651} INFO - DAG(s) dict_keys(['tutorial_etl_dag']) retrieved from /home/pedro/Documentos/airflow/venv/lib/python3.9/site-packages/airflow/example_dags/tutorial_etl_dag.py
[2025-05-09 14:48:18,697] {logging_mixin.py:115} INFO - [2025-05-09 14:48:18,697] {dag.py:2379} INFO - Sync 1 DAGs
[2025-05-09 14:48:18,709] {logging_mixin.py:115} INFO - [2025-05-09 14:48:18,709] {dag.py:2927} INFO - Setting next_dagrun for tutorial_etl_dag to None, run_after=None
[2025-05-09 14:48:18,719] {processor.py:161} INFO - Processing /home/pedro/Documentos/airflow/venv/lib/python3.9/site-packages/airflow/example_dags/tutorial_etl_dag.py took 0.056 seconds
[2025-05-09 14:48:49,222] {processor.py:153} INFO - Started process (PID=70531) to work on /home/pedro/Documentos/airflow/venv/lib/python3.9/site-packages/airflow/example_dags/tutorial_etl_dag.py
[2025-05-09 14:48:49,234] {processor.py:641} INFO - Processing file /home/pedro/Documentos/airflow/venv/lib/python3.9/site-packages/airflow/example_dags/tutorial_etl_dag.py for tasks to queue
[2025-05-09 14:48:49,235] {logging_mixin.py:115} INFO - [2025-05-09 14:48:49,234] {dagbag.py:507} INFO - Filling up the DagBag from /home/pedro/Documentos/airflow/venv/lib/python3.9/site-packages/airflow/example_dags/tutorial_etl_dag.py
[2025-05-09 14:48:49,240] {processor.py:651} INFO - DAG(s) dict_keys(['tutorial_etl_dag']) retrieved from /home/pedro/Documentos/airflow/venv/lib/python3.9/site-packages/airflow/example_dags/tutorial_etl_dag.py
[2025-05-09 14:48:49,252] {logging_mixin.py:115} INFO - [2025-05-09 14:48:49,252] {dag.py:2379} INFO - Sync 1 DAGs
[2025-05-09 14:48:49,263] {logging_mixin.py:115} INFO - [2025-05-09 14:48:49,263] {dag.py:2927} INFO - Setting next_dagrun for tutorial_etl_dag to None, run_after=None
[2025-05-09 14:48:49,272] {processor.py:161} INFO - Processing /home/pedro/Documentos/airflow/venv/lib/python3.9/site-packages/airflow/example_dags/tutorial_etl_dag.py took 0.052 seconds
[2025-05-09 14:49:21,244] {processor.py:153} INFO - Started process (PID=70724) to work on /home/pedro/Documentos/airflow/venv/lib/python3.9/site-packages/airflow/example_dags/tutorial_etl_dag.py
[2025-05-09 14:49:21,256] {processor.py:641} INFO - Processing file /home/pedro/Documentos/airflow/venv/lib/python3.9/site-packages/airflow/example_dags/tutorial_etl_dag.py for tasks to queue
[2025-05-09 14:49:21,257] {logging_mixin.py:115} INFO - [2025-05-09 14:49:21,257] {dagbag.py:507} INFO - Filling up the DagBag from /home/pedro/Documentos/airflow/venv/lib/python3.9/site-packages/airflow/example_dags/tutorial_etl_dag.py
[2025-05-09 14:49:21,262] {processor.py:651} INFO - DAG(s) dict_keys(['tutorial_etl_dag']) retrieved from /home/pedro/Documentos/airflow/venv/lib/python3.9/site-packages/airflow/example_dags/tutorial_etl_dag.py
[2025-05-09 14:49:21,274] {logging_mixin.py:115} INFO - [2025-05-09 14:49:21,274] {dag.py:2379} INFO - Sync 1 DAGs
[2025-05-09 14:49:21,286] {logging_mixin.py:115} INFO - [2025-05-09 14:49:21,286] {dag.py:2927} INFO - Setting next_dagrun for tutorial_etl_dag to None, run_after=None
[2025-05-09 14:49:21,295] {processor.py:161} INFO - Processing /home/pedro/Documentos/airflow/venv/lib/python3.9/site-packages/airflow/example_dags/tutorial_etl_dag.py took 0.053 seconds
[2025-05-09 14:49:53,791] {processor.py:153} INFO - Started process (PID=70945) to work on /home/pedro/Documentos/airflow/venv/lib/python3.9/site-packages/airflow/example_dags/tutorial_etl_dag.py
[2025-05-09 14:49:53,804] {processor.py:641} INFO - Processing file /home/pedro/Documentos/airflow/venv/lib/python3.9/site-packages/airflow/example_dags/tutorial_etl_dag.py for tasks to queue
[2025-05-09 14:49:53,804] {logging_mixin.py:115} INFO - [2025-05-09 14:49:53,804] {dagbag.py:507} INFO - Filling up the DagBag from /home/pedro/Documentos/airflow/venv/lib/python3.9/site-packages/airflow/example_dags/tutorial_etl_dag.py
[2025-05-09 14:49:53,809] {processor.py:651} INFO - DAG(s) dict_keys(['tutorial_etl_dag']) retrieved from /home/pedro/Documentos/airflow/venv/lib/python3.9/site-packages/airflow/example_dags/tutorial_etl_dag.py
[2025-05-09 14:49:53,824] {logging_mixin.py:115} INFO - [2025-05-09 14:49:53,824] {dag.py:2379} INFO - Sync 1 DAGs
[2025-05-09 14:49:53,835] {logging_mixin.py:115} INFO - [2025-05-09 14:49:53,835] {dag.py:2927} INFO - Setting next_dagrun for tutorial_etl_dag to None, run_after=None
[2025-05-09 14:49:53,844] {processor.py:161} INFO - Processing /home/pedro/Documentos/airflow/venv/lib/python3.9/site-packages/airflow/example_dags/tutorial_etl_dag.py took 0.055 seconds
[2025-05-09 14:50:25,849] {processor.py:153} INFO - Started process (PID=71213) to work on /home/pedro/Documentos/airflow/venv/lib/python3.9/site-packages/airflow/example_dags/tutorial_etl_dag.py
[2025-05-09 14:50:25,849] {processor.py:641} INFO - Processing file /home/pedro/Documentos/airflow/venv/lib/python3.9/site-packages/airflow/example_dags/tutorial_etl_dag.py for tasks to queue
[2025-05-09 14:50:25,850] {logging_mixin.py:115} INFO - [2025-05-09 14:50:25,849] {dagbag.py:507} INFO - Filling up the DagBag from /home/pedro/Documentos/airflow/venv/lib/python3.9/site-packages/airflow/example_dags/tutorial_etl_dag.py
[2025-05-09 14:50:25,855] {processor.py:651} INFO - DAG(s) dict_keys(['tutorial_etl_dag']) retrieved from /home/pedro/Documentos/airflow/venv/lib/python3.9/site-packages/airflow/example_dags/tutorial_etl_dag.py
[2025-05-09 14:50:25,868] {logging_mixin.py:115} INFO - [2025-05-09 14:50:25,867] {dag.py:2379} INFO - Sync 1 DAGs
[2025-05-09 14:50:25,880] {logging_mixin.py:115} INFO - [2025-05-09 14:50:25,880] {dag.py:2927} INFO - Setting next_dagrun for tutorial_etl_dag to None, run_after=None
[2025-05-09 14:50:25,889] {processor.py:161} INFO - Processing /home/pedro/Documentos/airflow/venv/lib/python3.9/site-packages/airflow/example_dags/tutorial_etl_dag.py took 0.042 seconds
[2025-05-09 14:50:58,247] {processor.py:153} INFO - Started process (PID=71407) to work on /home/pedro/Documentos/airflow/venv/lib/python3.9/site-packages/airflow/example_dags/tutorial_etl_dag.py
[2025-05-09 14:50:58,259] {processor.py:641} INFO - Processing file /home/pedro/Documentos/airflow/venv/lib/python3.9/site-packages/airflow/example_dags/tutorial_etl_dag.py for tasks to queue
[2025-05-09 14:50:58,259] {logging_mixin.py:115} INFO - [2025-05-09 14:50:58,259] {dagbag.py:507} INFO - Filling up the DagBag from /home/pedro/Documentos/airflow/venv/lib/python3.9/site-packages/airflow/example_dags/tutorial_etl_dag.py
[2025-05-09 14:50:58,264] {processor.py:651} INFO - DAG(s) dict_keys(['tutorial_etl_dag']) retrieved from /home/pedro/Documentos/airflow/venv/lib/python3.9/site-packages/airflow/example_dags/tutorial_etl_dag.py
[2025-05-09 14:50:58,277] {logging_mixin.py:115} INFO - [2025-05-09 14:50:58,277] {dag.py:2379} INFO - Sync 1 DAGs
[2025-05-09 14:50:58,289] {logging_mixin.py:115} INFO - [2025-05-09 14:50:58,289] {dag.py:2927} INFO - Setting next_dagrun for tutorial_etl_dag to None, run_after=None
[2025-05-09 14:50:58,338] {processor.py:161} INFO - Processing /home/pedro/Documentos/airflow/venv/lib/python3.9/site-packages/airflow/example_dags/tutorial_etl_dag.py took 0.094 seconds
[2025-05-09 14:51:31,589] {processor.py:153} INFO - Started process (PID=71615) to work on /home/pedro/Documentos/airflow/venv/lib/python3.9/site-packages/airflow/example_dags/tutorial_etl_dag.py
[2025-05-09 14:51:31,589] {processor.py:641} INFO - Processing file /home/pedro/Documentos/airflow/venv/lib/python3.9/site-packages/airflow/example_dags/tutorial_etl_dag.py for tasks to queue
[2025-05-09 14:51:31,590] {logging_mixin.py:115} INFO - [2025-05-09 14:51:31,590] {dagbag.py:507} INFO - Filling up the DagBag from /home/pedro/Documentos/airflow/venv/lib/python3.9/site-packages/airflow/example_dags/tutorial_etl_dag.py
[2025-05-09 14:51:31,594] {processor.py:651} INFO - DAG(s) dict_keys(['tutorial_etl_dag']) retrieved from /home/pedro/Documentos/airflow/venv/lib/python3.9/site-packages/airflow/example_dags/tutorial_etl_dag.py
[2025-05-09 14:51:31,609] {logging_mixin.py:115} INFO - [2025-05-09 14:51:31,609] {dag.py:2379} INFO - Sync 1 DAGs
[2025-05-09 14:51:31,621] {logging_mixin.py:115} INFO - [2025-05-09 14:51:31,621] {dag.py:2927} INFO - Setting next_dagrun for tutorial_etl_dag to None, run_after=None
[2025-05-09 14:51:31,631] {processor.py:161} INFO - Processing /home/pedro/Documentos/airflow/venv/lib/python3.9/site-packages/airflow/example_dags/tutorial_etl_dag.py took 0.044 seconds
[2025-05-09 14:52:04,729] {processor.py:153} INFO - Started process (PID=71950) to work on /home/pedro/Documentos/airflow/venv/lib/python3.9/site-packages/airflow/example_dags/tutorial_etl_dag.py
[2025-05-09 14:52:04,731] {processor.py:641} INFO - Processing file /home/pedro/Documentos/airflow/venv/lib/python3.9/site-packages/airflow/example_dags/tutorial_etl_dag.py for tasks to queue
[2025-05-09 14:52:04,731] {logging_mixin.py:115} INFO - [2025-05-09 14:52:04,731] {dagbag.py:507} INFO - Filling up the DagBag from /home/pedro/Documentos/airflow/venv/lib/python3.9/site-packages/airflow/example_dags/tutorial_etl_dag.py
[2025-05-09 14:52:04,736] {processor.py:651} INFO - DAG(s) dict_keys(['tutorial_etl_dag']) retrieved from /home/pedro/Documentos/airflow/venv/lib/python3.9/site-packages/airflow/example_dags/tutorial_etl_dag.py
[2025-05-09 14:52:04,749] {logging_mixin.py:115} INFO - [2025-05-09 14:52:04,749] {dag.py:2379} INFO - Sync 1 DAGs
[2025-05-09 14:52:04,761] {logging_mixin.py:115} INFO - [2025-05-09 14:52:04,760] {dag.py:2927} INFO - Setting next_dagrun for tutorial_etl_dag to None, run_after=None
[2025-05-09 14:52:04,770] {processor.py:161} INFO - Processing /home/pedro/Documentos/airflow/venv/lib/python3.9/site-packages/airflow/example_dags/tutorial_etl_dag.py took 0.044 seconds
[2025-05-09 14:52:37,233] {processor.py:153} INFO - Started process (PID=72462) to work on /home/pedro/Documentos/airflow/venv/lib/python3.9/site-packages/airflow/example_dags/tutorial_etl_dag.py
[2025-05-09 14:52:37,246] {processor.py:641} INFO - Processing file /home/pedro/Documentos/airflow/venv/lib/python3.9/site-packages/airflow/example_dags/tutorial_etl_dag.py for tasks to queue
[2025-05-09 14:52:37,246] {logging_mixin.py:115} INFO - [2025-05-09 14:52:37,246] {dagbag.py:507} INFO - Filling up the DagBag from /home/pedro/Documentos/airflow/venv/lib/python3.9/site-packages/airflow/example_dags/tutorial_etl_dag.py
[2025-05-09 14:52:37,251] {processor.py:651} INFO - DAG(s) dict_keys(['tutorial_etl_dag']) retrieved from /home/pedro/Documentos/airflow/venv/lib/python3.9/site-packages/airflow/example_dags/tutorial_etl_dag.py
[2025-05-09 14:52:37,264] {logging_mixin.py:115} INFO - [2025-05-09 14:52:37,264] {dag.py:2379} INFO - Sync 1 DAGs
[2025-05-09 14:52:37,275] {logging_mixin.py:115} INFO - [2025-05-09 14:52:37,275] {dag.py:2927} INFO - Setting next_dagrun for tutorial_etl_dag to None, run_after=None
[2025-05-09 14:52:37,284] {processor.py:161} INFO - Processing /home/pedro/Documentos/airflow/venv/lib/python3.9/site-packages/airflow/example_dags/tutorial_etl_dag.py took 0.053 seconds
[2025-05-09 14:53:07,921] {processor.py:153} INFO - Started process (PID=72726) to work on /home/pedro/Documentos/airflow/venv/lib/python3.9/site-packages/airflow/example_dags/tutorial_etl_dag.py
[2025-05-09 14:53:07,933] {processor.py:641} INFO - Processing file /home/pedro/Documentos/airflow/venv/lib/python3.9/site-packages/airflow/example_dags/tutorial_etl_dag.py for tasks to queue
[2025-05-09 14:53:07,934] {logging_mixin.py:115} INFO - [2025-05-09 14:53:07,934] {dagbag.py:507} INFO - Filling up the DagBag from /home/pedro/Documentos/airflow/venv/lib/python3.9/site-packages/airflow/example_dags/tutorial_etl_dag.py
[2025-05-09 14:53:07,940] {processor.py:651} INFO - DAG(s) dict_keys(['tutorial_etl_dag']) retrieved from /home/pedro/Documentos/airflow/venv/lib/python3.9/site-packages/airflow/example_dags/tutorial_etl_dag.py
[2025-05-09 14:53:07,953] {logging_mixin.py:115} INFO - [2025-05-09 14:53:07,953] {dag.py:2379} INFO - Sync 1 DAGs
[2025-05-09 14:53:07,967] {logging_mixin.py:115} INFO - [2025-05-09 14:53:07,967] {dag.py:2927} INFO - Setting next_dagrun for tutorial_etl_dag to None, run_after=None
[2025-05-09 14:53:07,976] {processor.py:161} INFO - Processing /home/pedro/Documentos/airflow/venv/lib/python3.9/site-packages/airflow/example_dags/tutorial_etl_dag.py took 0.057 seconds
[2025-05-09 14:53:43,769] {processor.py:153} INFO - Started process (PID=73771) to work on /home/pedro/Documentos/airflow/venv/lib/python3.9/site-packages/airflow/example_dags/tutorial_etl_dag.py
[2025-05-09 14:53:43,782] {processor.py:641} INFO - Processing file /home/pedro/Documentos/airflow/venv/lib/python3.9/site-packages/airflow/example_dags/tutorial_etl_dag.py for tasks to queue
[2025-05-09 14:53:43,782] {logging_mixin.py:115} INFO - [2025-05-09 14:53:43,782] {dagbag.py:507} INFO - Filling up the DagBag from /home/pedro/Documentos/airflow/venv/lib/python3.9/site-packages/airflow/example_dags/tutorial_etl_dag.py
[2025-05-09 14:53:43,787] {processor.py:651} INFO - DAG(s) dict_keys(['tutorial_etl_dag']) retrieved from /home/pedro/Documentos/airflow/venv/lib/python3.9/site-packages/airflow/example_dags/tutorial_etl_dag.py
[2025-05-09 14:53:43,802] {logging_mixin.py:115} INFO - [2025-05-09 14:53:43,802] {dag.py:2379} INFO - Sync 1 DAGs
[2025-05-09 14:53:43,815] {logging_mixin.py:115} INFO - [2025-05-09 14:53:43,815] {dag.py:2927} INFO - Setting next_dagrun for tutorial_etl_dag to None, run_after=None
[2025-05-09 14:53:43,826] {processor.py:161} INFO - Processing /home/pedro/Documentos/airflow/venv/lib/python3.9/site-packages/airflow/example_dags/tutorial_etl_dag.py took 0.058 seconds
[2025-05-09 14:54:15,959] {processor.py:153} INFO - Started process (PID=74268) to work on /home/pedro/Documentos/airflow/venv/lib/python3.9/site-packages/airflow/example_dags/tutorial_etl_dag.py
[2025-05-09 14:54:15,972] {processor.py:641} INFO - Processing file /home/pedro/Documentos/airflow/venv/lib/python3.9/site-packages/airflow/example_dags/tutorial_etl_dag.py for tasks to queue
[2025-05-09 14:54:15,973] {logging_mixin.py:115} INFO - [2025-05-09 14:54:15,973] {dagbag.py:507} INFO - Filling up the DagBag from /home/pedro/Documentos/airflow/venv/lib/python3.9/site-packages/airflow/example_dags/tutorial_etl_dag.py
[2025-05-09 14:54:15,978] {processor.py:651} INFO - DAG(s) dict_keys(['tutorial_etl_dag']) retrieved from /home/pedro/Documentos/airflow/venv/lib/python3.9/site-packages/airflow/example_dags/tutorial_etl_dag.py
[2025-05-09 14:54:15,991] {logging_mixin.py:115} INFO - [2025-05-09 14:54:15,991] {dag.py:2379} INFO - Sync 1 DAGs
[2025-05-09 14:54:16,003] {logging_mixin.py:115} INFO - [2025-05-09 14:54:16,002] {dag.py:2927} INFO - Setting next_dagrun for tutorial_etl_dag to None, run_after=None
[2025-05-09 14:54:16,054] {processor.py:161} INFO - Processing /home/pedro/Documentos/airflow/venv/lib/python3.9/site-packages/airflow/example_dags/tutorial_etl_dag.py took 0.097 seconds
[2025-05-09 14:54:47,945] {processor.py:153} INFO - Started process (PID=74471) to work on /home/pedro/Documentos/airflow/venv/lib/python3.9/site-packages/airflow/example_dags/tutorial_etl_dag.py
[2025-05-09 14:54:47,957] {processor.py:641} INFO - Processing file /home/pedro/Documentos/airflow/venv/lib/python3.9/site-packages/airflow/example_dags/tutorial_etl_dag.py for tasks to queue
[2025-05-09 14:54:47,957] {logging_mixin.py:115} INFO - [2025-05-09 14:54:47,957] {dagbag.py:507} INFO - Filling up the DagBag from /home/pedro/Documentos/airflow/venv/lib/python3.9/site-packages/airflow/example_dags/tutorial_etl_dag.py
[2025-05-09 14:54:47,962] {processor.py:651} INFO - DAG(s) dict_keys(['tutorial_etl_dag']) retrieved from /home/pedro/Documentos/airflow/venv/lib/python3.9/site-packages/airflow/example_dags/tutorial_etl_dag.py
[2025-05-09 14:54:47,975] {logging_mixin.py:115} INFO - [2025-05-09 14:54:47,975] {dag.py:2379} INFO - Sync 1 DAGs
[2025-05-09 14:54:47,987] {logging_mixin.py:115} INFO - [2025-05-09 14:54:47,986] {dag.py:2927} INFO - Setting next_dagrun for tutorial_etl_dag to None, run_after=None
[2025-05-09 14:54:47,996] {processor.py:161} INFO - Processing /home/pedro/Documentos/airflow/venv/lib/python3.9/site-packages/airflow/example_dags/tutorial_etl_dag.py took 0.054 seconds
[2025-05-09 14:55:19,624] {processor.py:153} INFO - Started process (PID=74660) to work on /home/pedro/Documentos/airflow/venv/lib/python3.9/site-packages/airflow/example_dags/tutorial_etl_dag.py
[2025-05-09 14:55:19,625] {processor.py:641} INFO - Processing file /home/pedro/Documentos/airflow/venv/lib/python3.9/site-packages/airflow/example_dags/tutorial_etl_dag.py for tasks to queue
[2025-05-09 14:55:19,625] {logging_mixin.py:115} INFO - [2025-05-09 14:55:19,625] {dagbag.py:507} INFO - Filling up the DagBag from /home/pedro/Documentos/airflow/venv/lib/python3.9/site-packages/airflow/example_dags/tutorial_etl_dag.py
[2025-05-09 14:55:19,630] {processor.py:651} INFO - DAG(s) dict_keys(['tutorial_etl_dag']) retrieved from /home/pedro/Documentos/airflow/venv/lib/python3.9/site-packages/airflow/example_dags/tutorial_etl_dag.py
[2025-05-09 14:55:19,642] {logging_mixin.py:115} INFO - [2025-05-09 14:55:19,642] {dag.py:2379} INFO - Sync 1 DAGs
[2025-05-09 14:55:19,653] {logging_mixin.py:115} INFO - [2025-05-09 14:55:19,653] {dag.py:2927} INFO - Setting next_dagrun for tutorial_etl_dag to None, run_after=None
[2025-05-09 14:55:19,663] {processor.py:161} INFO - Processing /home/pedro/Documentos/airflow/venv/lib/python3.9/site-packages/airflow/example_dags/tutorial_etl_dag.py took 0.040 seconds
